[4.417s] Invoking command in '/home/user/ros2_ws/src/universal_robot_ros2/moveit2/moveit_configs_utils': PYTHONPATH=/home/user/ros2_ws/build/moveit_configs_utils/prefix_override:/home/user/ros2_ws/install/moveit_configs_utils/lib/python3.10/site-packages:${PYTHONPATH} _=/usr/bin/env /usr/bin/python3 setup.py egg_info --egg-base ../../../../build/moveit_configs_utils build --build-base /home/user/ros2_ws/build/moveit_configs_utils/build install --record /home/user/ros2_ws/build/moveit_configs_utils/install.log --single-version-externally-managed
[5.815s] running egg_info
[5.815s] writing ../../../../build/moveit_configs_utils/moveit_configs_utils.egg-info/PKG-INFO
[5.815s] writing dependency_links to ../../../../build/moveit_configs_utils/moveit_configs_utils.egg-info/dependency_links.txt
[5.816s] writing entry points to ../../../../build/moveit_configs_utils/moveit_configs_utils.egg-info/entry_points.txt
[5.816s] writing requirements to ../../../../build/moveit_configs_utils/moveit_configs_utils.egg-info/requires.txt
[5.816s] writing top-level names to ../../../../build/moveit_configs_utils/moveit_configs_utils.egg-info/top_level.txt
[5.816s] reading manifest file '../../../../build/moveit_configs_utils/moveit_configs_utils.egg-info/SOURCES.txt'
[5.816s] writing manifest file '../../../../build/moveit_configs_utils/moveit_configs_utils.egg-info/SOURCES.txt'
[5.817s] running build
[5.817s] running build_py
[5.817s] running install
[5.817s] running install_lib
[5.817s] running install_data
[5.818s] running install_egg_info
[5.818s] removing '/home/user/ros2_ws/install/moveit_configs_utils/lib/python3.10/site-packages/moveit_configs_utils-2.5.3-py3.10.egg-info' (and everything under it)
[5.818s] Copying ../../../../build/moveit_configs_utils/moveit_configs_utils.egg-info to /home/user/ros2_ws/install/moveit_configs_utils/lib/python3.10/site-packages/moveit_configs_utils-2.5.3-py3.10.egg-info
[5.818s] running install_scripts
[5.819s] writing list of installed files to '/home/user/ros2_ws/build/moveit_configs_utils/install.log'
[5.819s] /usr/lib/python3/dist-packages/setuptools/command/install.py:34: SetuptoolsDeprecationWarning: setup.py install is deprecated. Use build and pip and other standards-based tools.
[5.819s]   warnings.warn(
[5.863s] Invoked command in '/home/user/ros2_ws/src/universal_robot_ros2/moveit2/moveit_configs_utils' returned '0': PYTHONPATH=/home/user/ros2_ws/build/moveit_configs_utils/prefix_override:/home/user/ros2_ws/install/moveit_configs_utils/lib/python3.10/site-packages:${PYTHONPATH} _=/usr/bin/env /usr/bin/python3 setup.py egg_info --egg-base ../../../../build/moveit_configs_utils build --build-base /home/user/ros2_ws/build/moveit_configs_utils/build install --record /home/user/ros2_ws/build/moveit_configs_utils/install.log --single-version-externally-managed
