[0.849s] Invoking command in '/home/user/ros2_ws/build/ur_description': CMAKE_PREFIX_PATH=${CMAKE_PREFIX_PATH}:/home/simulations/ros2_sims_ws/install/rclrs_tests:/home/simulations/ros2_sims_ws/install/examples_rclrs_minimal_client_service:/home/simulations/ros2_sims_ws/install/sensor_msgs_py:/home/simulations/ros2_sims_ws/install/examples_rclrs_minimal_pub_sub:/home/simulations/ros2_sims_ws/install/examples_rclrs_message_demo:/home/simulations/ros2_sims_ws/install/rclrs:/home/simulations/ros2_sims_ws/install/rosidl_runtime_rs:/home/user/ros2_ws/install/ros2test:/home/user/ros2_ws/install/robotiq_85_driver:/home/user/ros2_ws/install/moveit_simple_controller_manager:/home/user/ros2_ws/install/moveit_configs_utils:/opt/ros/humble _=/usr/bin/env /usr/bin/cmake --build /home/user/ros2_ws/build/ur_description -- -j8 -l8
[0.975s] Invoked command in '/home/user/ros2_ws/build/ur_description' returned '0': CMAKE_PREFIX_PATH=${CMAKE_PREFIX_PATH}:/home/simulations/ros2_sims_ws/install/rclrs_tests:/home/simulations/ros2_sims_ws/install/examples_rclrs_minimal_client_service:/home/simulations/ros2_sims_ws/install/sensor_msgs_py:/home/simulations/ros2_sims_ws/install/examples_rclrs_minimal_pub_sub:/home/simulations/ros2_sims_ws/install/examples_rclrs_message_demo:/home/simulations/ros2_sims_ws/install/rclrs:/home/simulations/ros2_sims_ws/install/rosidl_runtime_rs:/home/user/ros2_ws/install/ros2test:/home/user/ros2_ws/install/robotiq_85_driver:/home/user/ros2_ws/install/moveit_simple_controller_manager:/home/user/ros2_ws/install/moveit_configs_utils:/opt/ros/humble _=/usr/bin/env /usr/bin/cmake --build /home/user/ros2_ws/build/ur_description -- -j8 -l8
[1.230s] Invoking command in '/home/user/ros2_ws/build/ur_description': CMAKE_PREFIX_PATH=${CMAKE_PREFIX_PATH}:/home/simulations/ros2_sims_ws/install/rclrs_tests:/home/simulations/ros2_sims_ws/install/examples_rclrs_minimal_client_service:/home/simulations/ros2_sims_ws/install/sensor_msgs_py:/home/simulations/ros2_sims_ws/install/examples_rclrs_minimal_pub_sub:/home/simulations/ros2_sims_ws/install/examples_rclrs_message_demo:/home/simulations/ros2_sims_ws/install/rclrs:/home/simulations/ros2_sims_ws/install/rosidl_runtime_rs:/home/user/ros2_ws/install/ros2test:/home/user/ros2_ws/install/robotiq_85_driver:/home/user/ros2_ws/install/moveit_simple_controller_manager:/home/user/ros2_ws/install/moveit_configs_utils:/opt/ros/humble _=/usr/bin/env /usr/bin/cmake --install /home/user/ros2_ws/build/ur_description
[1.259s] -- Install configuration: ""
[1.260s] -- Up-to-date: /home/user/ros2_ws/install/ur_description/share/ur_description/config
[1.261s] -- Up-to-date: /home/user/ros2_ws/install/ur_description/share/ur_description/config/ur16e
[1.262s] -- Up-to-date: /home/user/ros2_ws/install/ur_description/share/ur_description/config/ur16e/visual_parameters.yaml
[1.262s] -- Up-to-date: /home/user/ros2_ws/install/ur_description/share/ur_description/config/ur16e/default_kinematics.yaml
[1.263s] -- Up-to-date: /home/user/ros2_ws/install/ur_description/share/ur_description/config/ur16e/joint_limits.yaml
[1.264s] -- Up-to-date: /home/user/ros2_ws/install/ur_description/share/ur_description/config/ur16e/physical_parameters.yaml
[1.265s] -- Up-to-date: /home/user/ros2_ws/install/ur_description/share/ur_description/config/ur10e
[1.265s] -- Up-to-date: /home/user/ros2_ws/install/ur_description/share/ur_description/config/ur10e/visual_parameters.yaml
[1.266s] -- Up-to-date: /home/user/ros2_ws/install/ur_description/share/ur_description/config/ur10e/default_kinematics.yaml
[1.266s] -- Up-to-date: /home/user/ros2_ws/install/ur_description/share/ur_description/config/ur10e/joint_limits.yaml
[1.267s] -- Up-to-date: /home/user/ros2_ws/install/ur_description/share/ur_description/config/ur10e/physical_parameters.yaml
[1.268s] -- Up-to-date: /home/user/ros2_ws/install/ur_description/share/ur_description/config/ur3
[1.269s] -- Up-to-date: /home/user/ros2_ws/install/ur_description/share/ur_description/config/ur3/visual_parameters.yaml
[1.269s] -- Up-to-date: /home/user/ros2_ws/install/ur_description/share/ur_description/config/ur3/default_kinematics.yaml
[1.270s] -- Up-to-date: /home/user/ros2_ws/install/ur_description/share/ur_description/config/ur3/joint_limits.yaml
[1.270s] -- Up-to-date: /home/user/ros2_ws/install/ur_description/share/ur_description/config/ur3/physical_parameters.yaml
[1.270s] -- Up-to-date: /home/user/ros2_ws/install/ur_description/share/ur_description/config/ur5
[1.271s] -- Up-to-date: /home/user/ros2_ws/install/ur_description/share/ur_description/config/ur5/visual_parameters.yaml
[1.271s] -- Up-to-date: /home/user/ros2_ws/install/ur_description/share/ur_description/config/ur5/default_kinematics.yaml
[1.271s] -- Up-to-date: /home/user/ros2_ws/install/ur_description/share/ur_description/config/ur5/joint_limits.yaml
[1.271s] -- Up-to-date: /home/user/ros2_ws/install/ur_description/share/ur_description/config/ur5/physical_parameters.yaml
[1.272s] -- Up-to-date: /home/user/ros2_ws/install/ur_description/share/ur_description/config/ur10
[1.279s] -- Up-to-date: /home/user/ros2_ws/install/ur_description/share/ur_description/config/ur10/visual_parameters.yaml
[1.279s] -- Up-to-date: /home/user/ros2_ws/install/ur_description/share/ur_description/config/ur10/default_kinematics.yaml
[1.280s] -- Up-to-date: /home/user/ros2_ws/install/ur_description/share/ur_description/config/ur10/joint_limits.yaml
[1.280s] -- Up-to-date: /home/user/ros2_ws/install/ur_description/share/ur_description/config/ur10/physical_parameters.yaml
[1.281s] -- Up-to-date: /home/user/ros2_ws/install/ur_description/share/ur_description/config/ur5e
[1.282s] -- Up-to-date: /home/user/ros2_ws/install/ur_description/share/ur_description/config/ur5e/visual_parameters.yaml
[1.283s] -- Up-to-date: /home/user/ros2_ws/install/ur_description/share/ur_description/config/ur5e/default_kinematics.yaml
[1.283s] -- Up-to-date: /home/user/ros2_ws/install/ur_description/share/ur_description/config/ur5e/joint_limits.yaml
[1.283s] -- Up-to-date: /home/user/ros2_ws/install/ur_description/share/ur_description/config/ur5e/physical_parameters.yaml
[1.283s] -- Up-to-date: /home/user/ros2_ws/install/ur_description/share/ur_description/config/initial_positions.yaml
[1.285s] -- Up-to-date: /home/user/ros2_ws/install/ur_description/share/ur_description/config/ur3e
[1.285s] -- Up-to-date: /home/user/ros2_ws/install/ur_description/share/ur_description/config/ur3e/visual_parameters.yaml
[1.285s] -- Up-to-date: /home/user/ros2_ws/install/ur_description/share/ur_description/config/ur3e/default_kinematics.yaml
[1.286s] -- Up-to-date: /home/user/ros2_ws/install/ur_description/share/ur_description/config/ur3e/joint_limits.yaml
[1.286s] -- Up-to-date: /home/user/ros2_ws/install/ur_description/share/ur_description/config/ur3e/physical_parameters.yaml
[1.287s] -- Up-to-date: /home/user/ros2_ws/install/ur_description/share/ur_description/launch
[1.292s] -- Up-to-date: /home/user/ros2_ws/install/ur_description/share/ur_description/launch/view_ur.launch.py
[1.292s] -- Up-to-date: /home/user/ros2_ws/install/ur_description/share/ur_description/meshes
[1.292s] -- Up-to-date: /home/user/ros2_ws/install/ur_description/share/ur_description/meshes/ur16e
[1.293s] -- Up-to-date: /home/user/ros2_ws/install/ur_description/share/ur_description/meshes/ur16e/collision
[1.293s] -- Up-to-date: /home/user/ros2_ws/install/ur_description/share/ur_description/meshes/ur16e/collision/upperarm.stl
[1.293s] -- Up-to-date: /home/user/ros2_ws/install/ur_description/share/ur_description/meshes/ur16e/collision/forearm.stl
[1.293s] -- Up-to-date: /home/user/ros2_ws/install/ur_description/share/ur_description/meshes/ur16e/visual
[1.294s] -- Up-to-date: /home/user/ros2_ws/install/ur_description/share/ur_description/meshes/ur16e/visual/upperarm.dae
[1.294s] -- Up-to-date: /home/user/ros2_ws/install/ur_description/share/ur_description/meshes/ur16e/visual/forearm.dae
[1.294s] -- Up-to-date: /home/user/ros2_ws/install/ur_description/share/ur_description/meshes/ur10e
[1.294s] -- Up-to-date: /home/user/ros2_ws/install/ur_description/share/ur_description/meshes/ur10e/collision
[1.295s] -- Up-to-date: /home/user/ros2_ws/install/ur_description/share/ur_description/meshes/ur10e/collision/upperarm.stl
[1.295s] -- Up-to-date: /home/user/ros2_ws/install/ur_description/share/ur_description/meshes/ur10e/collision/wrist1.stl
[1.295s] -- Up-to-date: /home/user/ros2_ws/install/ur_description/share/ur_description/meshes/ur10e/collision/wrist3.stl
[1.295s] -- Up-to-date: /home/user/ros2_ws/install/ur_description/share/ur_description/meshes/ur10e/collision/base.stl
[1.296s] -- Up-to-date: /home/user/ros2_ws/install/ur_description/share/ur_description/meshes/ur10e/collision/shoulder.stl
[1.296s] -- Up-to-date: /home/user/ros2_ws/install/ur_description/share/ur_description/meshes/ur10e/collision/forearm.stl
[1.296s] -- Up-to-date: /home/user/ros2_ws/install/ur_description/share/ur_description/meshes/ur10e/collision/wrist2.stl
[1.296s] -- Up-to-date: /home/user/ros2_ws/install/ur_description/share/ur_description/meshes/ur10e/visual
[1.297s] -- Up-to-date: /home/user/ros2_ws/install/ur_description/share/ur_description/meshes/ur10e/visual/base.dae
[1.297s] -- Up-to-date: /home/user/ros2_ws/install/ur_description/share/ur_description/meshes/ur10e/visual/wrist3.dae
[1.299s] -- Up-to-date: /home/user/ros2_ws/install/ur_description/share/ur_description/meshes/ur10e/visual/upperarm.dae
[1.299s] -- Up-to-date: /home/user/ros2_ws/install/ur_description/share/ur_description/meshes/ur10e/visual/wrist2.dae
[1.299s] -- Up-to-date: /home/user/ros2_ws/install/ur_description/share/ur_description/meshes/ur10e/visual/forearm.dae
[1.299s] -- Up-to-date: /home/user/ros2_ws/install/ur_description/share/ur_description/meshes/ur10e/visual/wrist1.dae
[1.300s] -- Up-to-date: /home/user/ros2_ws/install/ur_description/share/ur_description/meshes/ur10e/visual/shoulder.dae
[1.300s] -- Up-to-date: /home/user/ros2_ws/install/ur_description/share/ur_description/meshes/ur3
[1.300s] -- Up-to-date: /home/user/ros2_ws/install/ur_description/share/ur_description/meshes/ur3/collision
[1.307s] -- Up-to-date: /home/user/ros2_ws/install/ur_description/share/ur_description/meshes/ur3/collision/upperarm.stl
[1.307s] -- Up-to-date: /home/user/ros2_ws/install/ur_description/share/ur_description/meshes/ur3/collision/wrist1.stl
[1.307s] -- Up-to-date: /home/user/ros2_ws/install/ur_description/share/ur_description/meshes/ur3/collision/wrist3.stl
[1.307s] -- Up-to-date: /home/user/ros2_ws/install/ur_description/share/ur_description/meshes/ur3/collision/base.stl
[1.308s] -- Up-to-date: /home/user/ros2_ws/install/ur_description/share/ur_description/meshes/ur3/collision/shoulder.stl
[1.308s] -- Up-to-date: /home/user/ros2_ws/install/ur_description/share/ur_description/meshes/ur3/collision/forearm.stl
[1.308s] -- Up-to-date: /home/user/ros2_ws/install/ur_description/share/ur_description/meshes/ur3/collision/wrist2.stl
[1.309s] -- Up-to-date: /home/user/ros2_ws/install/ur_description/share/ur_description/meshes/ur3/visual
[1.309s] -- Up-to-date: /home/user/ros2_ws/install/ur_description/share/ur_description/meshes/ur3/visual/base.dae
[1.309s] -- Up-to-date: /home/user/ros2_ws/install/ur_description/share/ur_description/meshes/ur3/visual/wrist3.dae
[1.309s] -- Up-to-date: /home/user/ros2_ws/install/ur_description/share/ur_description/meshes/ur3/visual/upperarm.dae
[1.310s] -- Up-to-date: /home/user/ros2_ws/install/ur_description/share/ur_description/meshes/ur3/visual/wrist2.dae
[1.310s] -- Up-to-date: /home/user/ros2_ws/install/ur_description/share/ur_description/meshes/ur3/visual/forearm.dae
[1.311s] -- Up-to-date: /home/user/ros2_ws/install/ur_description/share/ur_description/meshes/ur3/visual/wrist1.dae
[1.312s] -- Up-to-date: /home/user/ros2_ws/install/ur_description/share/ur_description/meshes/ur3/visual/shoulder.dae
[1.312s] -- Up-to-date: /home/user/ros2_ws/install/ur_description/share/ur_description/meshes/ur5
[1.312s] -- Up-to-date: /home/user/ros2_ws/install/ur_description/share/ur_description/meshes/ur5/collision
[1.312s] -- Up-to-date: /home/user/ros2_ws/install/ur_description/share/ur_description/meshes/ur5/collision/upperarm.stl
[1.313s] -- Up-to-date: /home/user/ros2_ws/install/ur_description/share/ur_description/meshes/ur5/collision/wrist1.stl
[1.313s] -- Up-to-date: /home/user/ros2_ws/install/ur_description/share/ur_description/meshes/ur5/collision/wrist3.stl
[1.313s] -- Up-to-date: /home/user/ros2_ws/install/ur_description/share/ur_description/meshes/ur5/collision/base.stl
[1.314s] -- Up-to-date: /home/user/ros2_ws/install/ur_description/share/ur_description/meshes/ur5/collision/shoulder.stl
[1.314s] -- Up-to-date: /home/user/ros2_ws/install/ur_description/share/ur_description/meshes/ur5/collision/forearm.stl
[1.314s] -- Up-to-date: /home/user/ros2_ws/install/ur_description/share/ur_description/meshes/ur5/collision/wrist2.stl
[1.315s] -- Up-to-date: /home/user/ros2_ws/install/ur_description/share/ur_description/meshes/ur5/visual
[1.315s] -- Up-to-date: /home/user/ros2_ws/install/ur_description/share/ur_description/meshes/ur5/visual/base.dae
[1.316s] -- Up-to-date: /home/user/ros2_ws/install/ur_description/share/ur_description/meshes/ur5/visual/wrist3.dae
[1.316s] -- Up-to-date: /home/user/ros2_ws/install/ur_description/share/ur_description/meshes/ur5/visual/upperarm.dae
[1.316s] -- Up-to-date: /home/user/ros2_ws/install/ur_description/share/ur_description/meshes/ur5/visual/wrist2.dae
[1.319s] -- Up-to-date: /home/user/ros2_ws/install/ur_description/share/ur_description/meshes/ur5/visual/forearm.dae
[1.319s] -- Up-to-date: /home/user/ros2_ws/install/ur_description/share/ur_description/meshes/ur5/visual/wrist1.dae
[1.320s] -- Up-to-date: /home/user/ros2_ws/install/ur_description/share/ur_description/meshes/ur5/visual/shoulder.dae
[1.320s] -- Up-to-date: /home/user/ros2_ws/install/ur_description/share/ur_description/meshes/ur10
[1.320s] -- Up-to-date: /home/user/ros2_ws/install/ur_description/share/ur_description/meshes/ur10/collision
[1.328s] -- Up-to-date: /home/user/ros2_ws/install/ur_description/share/ur_description/meshes/ur10/collision/upperarm.stl
[1.329s] -- Up-to-date: /home/user/ros2_ws/install/ur_description/share/ur_description/meshes/ur10/collision/wrist1.stl
[1.329s] -- Up-to-date: /home/user/ros2_ws/install/ur_description/share/ur_description/meshes/ur10/collision/wrist3.stl
[1.329s] -- Up-to-date: /home/user/ros2_ws/install/ur_description/share/ur_description/meshes/ur10/collision/base.stl
[1.330s] -- Up-to-date: /home/user/ros2_ws/install/ur_description/share/ur_description/meshes/ur10/collision/shoulder.stl
[1.330s] -- Up-to-date: /home/user/ros2_ws/install/ur_description/share/ur_description/meshes/ur10/collision/forearm.stl
[1.330s] -- Up-to-date: /home/user/ros2_ws/install/ur_description/share/ur_description/meshes/ur10/collision/wrist2.stl
[1.330s] -- Up-to-date: /home/user/ros2_ws/install/ur_description/share/ur_description/meshes/ur10/visual
[1.331s] -- Up-to-date: /home/user/ros2_ws/install/ur_description/share/ur_description/meshes/ur10/visual/base.dae
[1.331s] -- Up-to-date: /home/user/ros2_ws/install/ur_description/share/ur_description/meshes/ur10/visual/wrist3.dae
[1.332s] -- Up-to-date: /home/user/ros2_ws/install/ur_description/share/ur_description/meshes/ur10/visual/upperarm.dae
[1.332s] -- Up-to-date: /home/user/ros2_ws/install/ur_description/share/ur_description/meshes/ur10/visual/wrist2.dae
[1.332s] -- Up-to-date: /home/user/ros2_ws/install/ur_description/share/ur_description/meshes/ur10/visual/forearm.dae
[1.332s] -- Up-to-date: /home/user/ros2_ws/install/ur_description/share/ur_description/meshes/ur10/visual/wrist1.dae
[1.333s] -- Up-to-date: /home/user/ros2_ws/install/ur_description/share/ur_description/meshes/ur10/visual/shoulder.dae
[1.333s] -- Up-to-date: /home/user/ros2_ws/install/ur_description/share/ur_description/meshes/ur5e
[1.333s] -- Up-to-date: /home/user/ros2_ws/install/ur_description/share/ur_description/meshes/ur5e/collision
[1.334s] -- Up-to-date: /home/user/ros2_ws/install/ur_description/share/ur_description/meshes/ur5e/collision/upperarm.stl
[1.334s] -- Up-to-date: /home/user/ros2_ws/install/ur_description/share/ur_description/meshes/ur5e/collision/wrist1.stl
[1.334s] -- Up-to-date: /home/user/ros2_ws/install/ur_description/share/ur_description/meshes/ur5e/collision/wrist3.stl
[1.334s] -- Up-to-date: /home/user/ros2_ws/install/ur_description/share/ur_description/meshes/ur5e/collision/base.stl
[1.335s] -- Up-to-date: /home/user/ros2_ws/install/ur_description/share/ur_description/meshes/ur5e/collision/shoulder.stl
[1.335s] -- Up-to-date: /home/user/ros2_ws/install/ur_description/share/ur_description/meshes/ur5e/collision/forearm.stl
[1.335s] -- Up-to-date: /home/user/ros2_ws/install/ur_description/share/ur_description/meshes/ur5e/collision/wrist2.stl
[1.336s] -- Up-to-date: /home/user/ros2_ws/install/ur_description/share/ur_description/meshes/ur5e/visual
[1.336s] -- Up-to-date: /home/user/ros2_ws/install/ur_description/share/ur_description/meshes/ur5e/visual/base.dae
[1.336s] -- Up-to-date: /home/user/ros2_ws/install/ur_description/share/ur_description/meshes/ur5e/visual/wrist3.dae
[1.337s] -- Up-to-date: /home/user/ros2_ws/install/ur_description/share/ur_description/meshes/ur5e/visual/upperarm.dae
[1.337s] -- Up-to-date: /home/user/ros2_ws/install/ur_description/share/ur_description/meshes/ur5e/visual/wrist2.dae
[1.337s] -- Up-to-date: /home/user/ros2_ws/install/ur_description/share/ur_description/meshes/ur5e/visual/forearm.dae
[1.337s] -- Up-to-date: /home/user/ros2_ws/install/ur_description/share/ur_description/meshes/ur5e/visual/wrist1.dae
[1.338s] -- Up-to-date: /home/user/ros2_ws/install/ur_description/share/ur_description/meshes/ur5e/visual/shoulder.dae
[1.338s] -- Up-to-date: /home/user/ros2_ws/install/ur_description/share/ur_description/meshes/ur3e
[1.339s] -- Up-to-date: /home/user/ros2_ws/install/ur_description/share/ur_description/meshes/ur3e/collision
[1.339s] -- Up-to-date: /home/user/ros2_ws/install/ur_description/share/ur_description/meshes/ur3e/collision/upperarm.stl
[1.339s] -- Up-to-date: /home/user/ros2_ws/install/ur_description/share/ur_description/meshes/ur3e/collision/wrist1.stl
[1.340s] -- Up-to-date: /home/user/ros2_ws/install/ur_description/share/ur_description/meshes/ur3e/collision/wrist3.stl
[1.340s] -- Up-to-date: /home/user/ros2_ws/install/ur_description/share/ur_description/meshes/ur3e/collision/base.stl
[1.340s] -- Up-to-date: /home/user/ros2_ws/install/ur_description/share/ur_description/meshes/ur3e/collision/shoulder.stl
[1.340s] -- Up-to-date: /home/user/ros2_ws/install/ur_description/share/ur_description/meshes/ur3e/collision/forearm.stl
[1.341s] -- Up-to-date: /home/user/ros2_ws/install/ur_description/share/ur_description/meshes/ur3e/collision/wrist2.stl
[1.341s] -- Up-to-date: /home/user/ros2_ws/install/ur_description/share/ur_description/meshes/ur3e/visual
[1.341s] -- Up-to-date: /home/user/ros2_ws/install/ur_description/share/ur_description/meshes/ur3e/visual/base.dae
[1.342s] -- Up-to-date: /home/user/ros2_ws/install/ur_description/share/ur_description/meshes/ur3e/visual/wrist3.dae
[1.342s] -- Up-to-date: /home/user/ros2_ws/install/ur_description/share/ur_description/meshes/ur3e/visual/upperarm.dae
[1.343s] -- Up-to-date: /home/user/ros2_ws/install/ur_description/share/ur_description/meshes/ur3e/visual/wrist2.dae
[1.343s] -- Up-to-date: /home/user/ros2_ws/install/ur_description/share/ur_description/meshes/ur3e/visual/forearm.dae
[1.344s] -- Up-to-date: /home/user/ros2_ws/install/ur_description/share/ur_description/meshes/ur3e/visual/wrist1.dae
[1.344s] -- Up-to-date: /home/user/ros2_ws/install/ur_description/share/ur_description/meshes/ur3e/visual/shoulder.dae
[1.344s] -- Up-to-date: /home/user/ros2_ws/install/ur_description/share/ur_description/rviz
[1.345s] -- Up-to-date: /home/user/ros2_ws/install/ur_description/share/ur_description/rviz/view_robot.rviz
[1.345s] -- Up-to-date: /home/user/ros2_ws/install/ur_description/share/ur_description/urdf
[1.345s] -- Up-to-date: /home/user/ros2_ws/install/ur_description/share/ur_description/urdf/inc
[1.345s] -- Up-to-date: /home/user/ros2_ws/install/ur_description/share/ur_description/urdf/inc/ur_transmissions.xacro
[1.346s] -- Up-to-date: /home/user/ros2_ws/install/ur_description/share/ur_description/urdf/inc/ur_common.xacro
[1.346s] -- Up-to-date: /home/user/ros2_ws/install/ur_description/share/ur_description/urdf/ur_macro.xacro
[1.346s] -- Up-to-date: /home/user/ros2_ws/install/ur_description/share/ur_description/urdf/ur_moveit.urdf.xacro
[1.347s] -- Up-to-date: /home/user/ros2_ws/install/ur_description/share/ur_description/urdf/ur.ros2_control.xacro
[1.347s] -- Up-to-date: /home/user/ros2_ws/install/ur_description/share/ur_description/urdf/ur.urdf.xacro
[1.347s] -- Up-to-date: /home/user/ros2_ws/install/ur_description/share/ur_description/test
[1.348s] -- Up-to-date: /home/user/ros2_ws/install/ur_description/share/ur_description/test/test_ur_urdf_xacro.py
[1.348s] -- Up-to-date: /home/user/ros2_ws/install/ur_description/share/ur_description/test/test_view_ur_launch.py
[1.348s] -- Up-to-date: /home/user/ros2_ws/install/ur_description/share/ament_index/resource_index/package_run_dependencies/ur_description
[1.348s] -- Up-to-date: /home/user/ros2_ws/install/ur_description/share/ament_index/resource_index/parent_prefix_path/ur_description
[1.349s] -- Up-to-date: /home/user/ros2_ws/install/ur_description/share/ur_description/environment/ament_prefix_path.sh
[1.353s] -- Up-to-date: /home/user/ros2_ws/install/ur_description/share/ur_description/environment/ament_prefix_path.dsv
[1.354s] -- Up-to-date: /home/user/ros2_ws/install/ur_description/share/ur_description/environment/path.sh
[1.354s] -- Up-to-date: /home/user/ros2_ws/install/ur_description/share/ur_description/environment/path.dsv
[1.354s] -- Up-to-date: /home/user/ros2_ws/install/ur_description/share/ur_description/local_setup.bash
[1.354s] -- Up-to-date: /home/user/ros2_ws/install/ur_description/share/ur_description/local_setup.sh
[1.355s] -- Up-to-date: /home/user/ros2_ws/install/ur_description/share/ur_description/local_setup.zsh
[1.355s] -- Up-to-date: /home/user/ros2_ws/install/ur_description/share/ur_description/local_setup.dsv
[1.355s] -- Installing: /home/user/ros2_ws/install/ur_description/share/ur_description/package.dsv
[1.356s] -- Up-to-date: /home/user/ros2_ws/install/ur_description/share/ament_index/resource_index/packages/ur_description
[1.356s] -- Up-to-date: /home/user/ros2_ws/install/ur_description/share/ur_description/cmake/ur_descriptionConfig.cmake
[1.356s] -- Up-to-date: /home/user/ros2_ws/install/ur_description/share/ur_description/cmake/ur_descriptionConfig-version.cmake
[1.357s] -- Up-to-date: /home/user/ros2_ws/install/ur_description/share/ur_description/package.xml
[1.357s] Invoked command in '/home/user/ros2_ws/build/ur_description' returned '0': CMAKE_PREFIX_PATH=${CMAKE_PREFIX_PATH}:/home/simulations/ros2_sims_ws/install/rclrs_tests:/home/simulations/ros2_sims_ws/install/examples_rclrs_minimal_client_service:/home/simulations/ros2_sims_ws/install/sensor_msgs_py:/home/simulations/ros2_sims_ws/install/examples_rclrs_minimal_pub_sub:/home/simulations/ros2_sims_ws/install/examples_rclrs_message_demo:/home/simulations/ros2_sims_ws/install/rclrs:/home/simulations/ros2_sims_ws/install/rosidl_runtime_rs:/home/user/ros2_ws/install/ros2test:/home/user/ros2_ws/install/robotiq_85_driver:/home/user/ros2_ws/install/moveit_simple_controller_manager:/home/user/ros2_ws/install/moveit_configs_utils:/opt/ros/humble _=/usr/bin/env /usr/bin/cmake --install /home/user/ros2_ws/build/ur_description
