[0.080s] Invoking command in '/home/user/ros2_ws/build/tf2_msgs': CMAKE_PREFIX_PATH=${CMAKE_PREFIX_PATH}:/home/user/ros2_ws/install/examples_tf2_py:/home/user/ros2_ws/install/ros2_control_test_nodes:/home/user/ros2_ws/install/project_topics_pkg:/home/user/ros2_ws/install/project_services_and_actions:/home/user/ros2_ws/install/path_planner_server:/home/user/ros2_ws/install/localization_server:/home/user/ros2_ws/install/map_server:/home/user/ros2_ws/install/cartographer_slam:/opt/ros/foxy _=/usr/bin/env /usr/bin/cmake /home/user/ros2_ws/src/perception_ros2/geometry2/tf2_msgs -DCMAKE_INSTALL_PREFIX=/home/user/ros2_ws/install/tf2_msgs
[0.466s] -- The C compiler identification is GNU 9.3.0
[0.613s] -- The CXX compiler identification is GNU 9.3.0
[0.622s] -- Check for working C compiler: /usr/bin/cc
[0.826s] -- Check for working C compiler: /usr/bin/cc -- works
[0.826s] -- Detecting C compiler ABI info
[1.025s] -- Detecting C compiler ABI info - done
[1.043s] -- Detecting C compile features
[1.043s] -- Detecting C compile features - done
[1.051s] -- Check for working CXX compiler: /usr/bin/c++
[1.254s] -- Check for working CXX compiler: /usr/bin/c++ -- works
[1.256s] -- Detecting CXX compiler ABI info
[1.451s] -- Detecting CXX compiler ABI info - done
[1.476s] -- Detecting CXX compile features
[1.477s] -- Detecting CXX compile features - done
[1.485s] -- Found ament_cmake: 0.9.9 (/opt/ros/foxy/share/ament_cmake/cmake)
[1.562s] -- Found PythonInterp: /usr/bin/python3 (found suitable version "3.8.10", minimum required is "3") 
[1.562s] -- Using PYTHON_EXECUTABLE: /usr/bin/python3
[2.200s] -- Found rosidl_default_generators: 1.0.1 (/opt/ros/foxy/share/rosidl_default_generators/cmake)
[2.228s] -- Using all available rosidl_typesupport_c: rosidl_typesupport_fastrtps_c;rosidl_typesupport_introspection_c
[2.251s] -- Found rosidl_adapter: 1.2.1 (/opt/ros/foxy/share/rosidl_adapter/cmake)
[2.612s] -- Found OpenSSL: /usr/lib/x86_64-linux-gnu/libcrypto.so (found version "1.1.1f")  
[2.699s] -- Found FastRTPS: /opt/ros/foxy/include  
[2.933s] -- Using all available rosidl_typesupport_cpp: rosidl_typesupport_fastrtps_cpp;rosidl_typesupport_introspection_cpp
[3.022s] -- Found builtin_interfaces: 1.0.0 (/opt/ros/foxy/share/builtin_interfaces/cmake)
[3.059s] -- Found action_msgs: 1.0.0 (/opt/ros/foxy/share/action_msgs/cmake)
[3.233s] -- Found std_msgs: 2.0.4 (/opt/ros/foxy/share/std_msgs/cmake)
[3.281s] -- Found geometry_msgs: 2.0.4 (/opt/ros/foxy/share/geometry_msgs/cmake)
[3.425s] -- Found PythonInterp: /usr/bin/python3 (found version "3.8.10") 
[3.959s] -- Found ament_cmake_cppcheck: 0.9.6 (/opt/ros/foxy/share/ament_cmake_cppcheck/cmake)
[3.966s] -- Found ament_cmake_cpplint: 0.9.6 (/opt/ros/foxy/share/ament_cmake_cpplint/cmake)
[3.973s] -- Found ament_cmake_uncrustify: 0.9.6 (/opt/ros/foxy/share/ament_cmake_uncrustify/cmake)
[3.984s] -- Found ament_cmake_ros: 0.9.2 (/opt/ros/foxy/share/ament_cmake_ros/cmake)
[5.403s] -- Using all available rosidl_typesupport_c: rosidl_typesupport_fastrtps_c;rosidl_typesupport_introspection_c
[6.104s] -- Using all available rosidl_typesupport_cpp: rosidl_typesupport_fastrtps_cpp;rosidl_typesupport_introspection_cpp
[6.212s] -- Found PythonInterp: /usr/bin/python3 (found suitable version "3.8.10", minimum required is "3.5") 
[6.223s] -- Found python_cmake_module: 0.8.1 (/opt/ros/foxy/share/python_cmake_module/cmake)
[6.349s] -- Found PythonLibs: /usr/lib/x86_64-linux-gnu/libpython3.8.so (found suitable version "3.8.10", minimum required is "3.5") 
[6.349s] -- Using PYTHON_EXECUTABLE: /usr/bin/python3
[6.350s] -- Using PYTHON_INCLUDE_DIRS: /usr/include/python3.8
[6.350s] -- Using PYTHON_LIBRARIES: /usr/lib/x86_64-linux-gnu/libpython3.8.so
[6.434s] -- Found PythonExtra: .so  
[6.801s] -- Found ament_cmake_flake8: 0.9.6 (/opt/ros/foxy/share/ament_cmake_flake8/cmake)
[6.815s] -- Found ament_cmake_pep257: 0.9.6 (/opt/ros/foxy/share/ament_cmake_pep257/cmake)
[6.854s] -- Configuring done
[7.067s] -- Generating done
[7.081s] -- Build files have been written to: /home/user/ros2_ws/build/tf2_msgs
[7.100s] Invoked command in '/home/user/ros2_ws/build/tf2_msgs' returned '0': CMAKE_PREFIX_PATH=${CMAKE_PREFIX_PATH}:/home/user/ros2_ws/install/examples_tf2_py:/home/user/ros2_ws/install/ros2_control_test_nodes:/home/user/ros2_ws/install/project_topics_pkg:/home/user/ros2_ws/install/project_services_and_actions:/home/user/ros2_ws/install/path_planner_server:/home/user/ros2_ws/install/localization_server:/home/user/ros2_ws/install/map_server:/home/user/ros2_ws/install/cartographer_slam:/opt/ros/foxy _=/usr/bin/env /usr/bin/cmake /home/user/ros2_ws/src/perception_ros2/geometry2/tf2_msgs -DCMAKE_INSTALL_PREFIX=/home/user/ros2_ws/install/tf2_msgs
[7.101s] Invoking command in '/home/user/ros2_ws/build/tf2_msgs': CMAKE_PREFIX_PATH=${CMAKE_PREFIX_PATH}:/home/user/ros2_ws/install/examples_tf2_py:/home/user/ros2_ws/install/ros2_control_test_nodes:/home/user/ros2_ws/install/project_topics_pkg:/home/user/ros2_ws/install/project_services_and_actions:/home/user/ros2_ws/install/path_planner_server:/home/user/ros2_ws/install/localization_server:/home/user/ros2_ws/install/map_server:/home/user/ros2_ws/install/cartographer_slam:/opt/ros/foxy _=/usr/bin/env /usr/bin/cmake --build /home/user/ros2_ws/build/tf2_msgs -- -j8 -l8
[7.260s] [35m[1mScanning dependencies of target tf2_msgs__cpp[0m
[7.291s] [  1%] [34m[1mGenerating C code for ROS interfaces[0m
[7.335s] [  3%] [34m[1mGenerating C++ code for ROS interfaces[0m
[8.749s] [  3%] Built target tf2_msgs__cpp
[8.827s] [  5%] [34m[1mGenerating C++ type support for eProsima Fast-RTPS[0m
[8.828s] [  7%] [34m[1mGenerating C++ introspection for ROS interfaces[0m
[8.828s] [  9%] [34m[1mGenerating C++ type support dispatch for ROS interfaces[0m
[8.933s] [35m[1mScanning dependencies of target tf2_msgs__rosidl_generator_c[0m
[9.004s] [ 10%] [32mBuilding C object CMakeFiles/tf2_msgs__rosidl_generator_c.dir/rosidl_generator_c/tf2_msgs/msg/detail/tf2_error__functions.c.o[0m
[9.027s] [ 12%] [32mBuilding C object CMakeFiles/tf2_msgs__rosidl_generator_c.dir/rosidl_generator_c/tf2_msgs/msg/detail/tf_message__functions.c.o[0m
[9.034s] [ 14%] [32mBuilding C object CMakeFiles/tf2_msgs__rosidl_generator_c.dir/rosidl_generator_c/tf2_msgs/srv/detail/frame_graph__functions.c.o[0m
[9.053s] [ 16%] [32mBuilding C object CMakeFiles/tf2_msgs__rosidl_generator_c.dir/rosidl_generator_c/tf2_msgs/action/detail/lookup_transform__functions.c.o[0m
[9.364s] [ 18%] [32m[1mLinking C shared library libtf2_msgs__rosidl_generator_c.so[0m
[9.579s] [ 18%] Built target tf2_msgs__rosidl_generator_c
[9.660s] [ 20%] [34m[1mGenerating C type support dispatch for ROS interfaces[0m
[9.668s] [ 21%] [34m[1mGenerating C introspection for ROS interfaces[0m
[10.379s] [35m[1mScanning dependencies of target tf2_msgs__rosidl_typesupport_cpp[0m
[10.492s] [ 23%] [32mBuilding CXX object CMakeFiles/tf2_msgs__rosidl_typesupport_cpp.dir/rosidl_typesupport_cpp/tf2_msgs/msg/tf2_error__type_support.cpp.o[0m
[10.534s] [ 25%] [32mBuilding CXX object CMakeFiles/tf2_msgs__rosidl_typesupport_cpp.dir/rosidl_typesupport_cpp/tf2_msgs/msg/tf_message__type_support.cpp.o[0m
[10.553s] [ 27%] [32mBuilding CXX object CMakeFiles/tf2_msgs__rosidl_typesupport_cpp.dir/rosidl_typesupport_cpp/tf2_msgs/srv/frame_graph__type_support.cpp.o[0m
[10.619s] [ 29%] [32mBuilding CXX object CMakeFiles/tf2_msgs__rosidl_typesupport_cpp.dir/rosidl_typesupport_cpp/tf2_msgs/action/lookup_transform__type_support.cpp.o[0m
[10.811s] [35m[1mScanning dependencies of target tf2_msgs__rosidl_typesupport_introspection_cpp[0m
[10.916s] [ 30%] [32mBuilding CXX object CMakeFiles/tf2_msgs__rosidl_typesupport_introspection_cpp.dir/rosidl_typesupport_introspection_cpp/tf2_msgs/msg/detail/tf2_error__type_support.cpp.o[0m
[11.533s] [35m[1mScanning dependencies of target tf2_msgs__rosidl_typesupport_c[0m
[11.638s] [ 32%] [32mBuilding CXX object CMakeFiles/tf2_msgs__rosidl_typesupport_c.dir/rosidl_typesupport_c/tf2_msgs/msg/tf2_error__type_support.cpp.o[0m
[11.657s] [35m[1mScanning dependencies of target tf2_msgs__rosidl_typesupport_fastrtps_cpp[0m
[11.706s] [ 34%] [32mBuilding CXX object CMakeFiles/tf2_msgs__rosidl_typesupport_c.dir/rosidl_typesupport_c/tf2_msgs/msg/tf_message__type_support.cpp.o[0m
[11.778s] [ 36%] [32mBuilding CXX object CMakeFiles/tf2_msgs__rosidl_typesupport_fastrtps_cpp.dir/rosidl_typesupport_fastrtps_cpp/tf2_msgs/msg/detail/dds_fastrtps/tf2_error__type_support.cpp.o[0m
[11.807s] [ 38%] [32mBuilding CXX object CMakeFiles/tf2_msgs__rosidl_typesupport_c.dir/rosidl_typesupport_c/tf2_msgs/srv/frame_graph__type_support.cpp.o[0m
[11.817s] [ 40%] [32mBuilding CXX object CMakeFiles/tf2_msgs__rosidl_typesupport_c.dir/rosidl_typesupport_c/tf2_msgs/action/lookup_transform__type_support.cpp.o[0m
[11.843s] [ 41%] [32mBuilding CXX object CMakeFiles/tf2_msgs__rosidl_typesupport_fastrtps_cpp.dir/rosidl_typesupport_fastrtps_cpp/tf2_msgs/msg/detail/dds_fastrtps/tf_message__type_support.cpp.o[0m
[11.930s] [ 43%] [32mBuilding CXX object CMakeFiles/tf2_msgs__rosidl_typesupport_fastrtps_cpp.dir/rosidl_typesupport_fastrtps_cpp/tf2_msgs/srv/detail/dds_fastrtps/frame_graph__type_support.cpp.o[0m
[11.945s] [ 45%] [32m[1mLinking CXX shared library libtf2_msgs__rosidl_typesupport_cpp.so[0m
[11.960s] [ 47%] [32mBuilding CXX object CMakeFiles/tf2_msgs__rosidl_typesupport_introspection_cpp.dir/rosidl_typesupport_introspection_cpp/tf2_msgs/msg/detail/tf_message__type_support.cpp.o[0m
[12.040s] [35m[1mScanning dependencies of target tf2_msgs__rosidl_typesupport_introspection_c[0m
[12.051s] [ 49%] [32mBuilding CXX object CMakeFiles/tf2_msgs__rosidl_typesupport_introspection_cpp.dir/rosidl_typesupport_introspection_cpp/tf2_msgs/srv/detail/frame_graph__type_support.cpp.o[0m
[12.059s] [ 50%] [32m[1mLinking CXX shared library libtf2_msgs__rosidl_typesupport_c.so[0m
[12.167s] [ 52%] [32mBuilding C object CMakeFiles/tf2_msgs__rosidl_typesupport_introspection_c.dir/rosidl_typesupport_introspection_c/tf2_msgs/msg/detail/tf2_error__type_support.c.o[0m
[12.208s] [ 52%] Built target tf2_msgs__rosidl_typesupport_cpp
[12.238s] [ 54%] [32mBuilding CXX object CMakeFiles/tf2_msgs__rosidl_typesupport_introspection_cpp.dir/rosidl_typesupport_introspection_cpp/tf2_msgs/action/detail/lookup_transform__type_support.cpp.o[0m
[12.299s] [ 54%] Built target tf2_msgs__rosidl_typesupport_c
[12.352s] [ 56%] [32mBuilding C object CMakeFiles/tf2_msgs__rosidl_typesupport_introspection_c.dir/rosidl_typesupport_introspection_c/tf2_msgs/msg/detail/tf_message__type_support.c.o[0m
[12.389s] [ 58%] [32mBuilding C object CMakeFiles/tf2_msgs__rosidl_typesupport_introspection_c.dir/rosidl_typesupport_introspection_c/tf2_msgs/srv/detail/frame_graph__type_support.c.o[0m
[12.562s] [ 60%] [32mBuilding C object CMakeFiles/tf2_msgs__rosidl_typesupport_introspection_c.dir/rosidl_typesupport_introspection_c/tf2_msgs/action/detail/lookup_transform__type_support.c.o[0m
[12.597s] [ 61%] [32mBuilding CXX object CMakeFiles/tf2_msgs__rosidl_typesupport_fastrtps_cpp.dir/rosidl_typesupport_fastrtps_cpp/tf2_msgs/action/detail/dds_fastrtps/lookup_transform__type_support.cpp.o[0m
[12.819s] [ 63%] [32m[1mLinking C shared library libtf2_msgs__rosidl_typesupport_introspection_c.so[0m
[13.065s] [ 63%] Built target tf2_msgs__rosidl_typesupport_introspection_c
[13.604s] [ 65%] [32m[1mLinking CXX shared library libtf2_msgs__rosidl_typesupport_introspection_cpp.so[0m
[13.866s] [ 65%] Built target tf2_msgs__rosidl_typesupport_introspection_cpp
[14.185s] [ 67%] [32m[1mLinking CXX shared library libtf2_msgs__rosidl_typesupport_fastrtps_cpp.so[0m
[14.650s] [ 67%] Built target tf2_msgs__rosidl_typesupport_fastrtps_cpp
[14.689s] [ 69%] [34m[1mGenerating C type support for eProsima Fast-RTPS[0m
[17.323s] [35m[1mScanning dependencies of target tf2_msgs__rosidl_typesupport_fastrtps_c[0m
[17.420s] [ 70%] [32mBuilding CXX object CMakeFiles/tf2_msgs__rosidl_typesupport_fastrtps_c.dir/rosidl_typesupport_fastrtps_c/tf2_msgs/msg/detail/tf_message__type_support_c.cpp.o[0m
[17.439s] [ 72%] [32mBuilding CXX object CMakeFiles/tf2_msgs__rosidl_typesupport_fastrtps_c.dir/rosidl_typesupport_fastrtps_c/tf2_msgs/srv/detail/frame_graph__type_support_c.cpp.o[0m
[17.443s] [ 74%] [32mBuilding CXX object CMakeFiles/tf2_msgs__rosidl_typesupport_fastrtps_c.dir/rosidl_typesupport_fastrtps_c/tf2_msgs/msg/detail/tf2_error__type_support_c.cpp.o[0m
[17.445s] [ 76%] [32mBuilding CXX object CMakeFiles/tf2_msgs__rosidl_typesupport_fastrtps_c.dir/rosidl_typesupport_fastrtps_c/tf2_msgs/action/detail/lookup_transform__type_support_c.cpp.o[0m
[19.051s] [ 78%] [32m[1mLinking CXX shared library libtf2_msgs__rosidl_typesupport_fastrtps_c.so[0m
[19.476s] [ 78%] Built target tf2_msgs__rosidl_typesupport_fastrtps_c
[19.539s] [35m[1mScanning dependencies of target tf2_msgs[0m
[19.613s] [ 78%] Built target tf2_msgs
[19.662s] [35m[1mScanning dependencies of target tf2_msgs__py[0m
[19.737s] [ 80%] [34m[1mGenerating Python code for ROS interfaces[0m
[24.198s] [ 80%] Built target tf2_msgs__py
[24.228s] [35m[1mScanning dependencies of target tf2_msgs__python[0m
[24.428s] [ 81%] [32mBuilding C object CMakeFiles/tf2_msgs__python.dir/rosidl_generator_py/tf2_msgs/msg/_tf2_error_s.c.o[0m
[24.681s] [ 83%] [32mBuilding C object CMakeFiles/tf2_msgs__python.dir/rosidl_generator_py/tf2_msgs/action/_lookup_transform_s.c.o[0m
[24.980s] [ 85%] [32mBuilding C object CMakeFiles/tf2_msgs__python.dir/rosidl_generator_py/tf2_msgs/srv/_frame_graph_s.c.o[0m
[25.354s] [ 87%] [32mBuilding C object CMakeFiles/tf2_msgs__python.dir/rosidl_generator_py/tf2_msgs/msg/_tf_message_s.c.o[0m
[25.641s] [ 89%] [32m[1mLinking C shared library rosidl_generator_py/tf2_msgs/libtf2_msgs__python.so[0m
[25.849s] [ 89%] Built target tf2_msgs__python
[25.901s] [35m[1mScanning dependencies of target tf2_msgs__rosidl_typesupport_introspection_c__pyext[0m
[26.003s] [ 90%] [32mBuilding C object CMakeFiles/tf2_msgs__rosidl_typesupport_introspection_c__pyext.dir/rosidl_generator_py/tf2_msgs/_tf2_msgs_s.ep.rosidl_typesupport_introspection_c.c.o[0m
[26.348s] [ 92%] [32m[1mLinking C shared library rosidl_generator_py/tf2_msgs/tf2_msgs_s__rosidl_typesupport_introspection_c.cpython-38-x86_64-linux-gnu.so[0m
[26.516s] [ 92%] Built target tf2_msgs__rosidl_typesupport_introspection_c__pyext
[26.554s] [35m[1mScanning dependencies of target tf2_msgs__rosidl_typesupport_c__pyext[0m
[26.632s] [ 94%] [32mBuilding C object CMakeFiles/tf2_msgs__rosidl_typesupport_c__pyext.dir/rosidl_generator_py/tf2_msgs/_tf2_msgs_s.ep.rosidl_typesupport_c.c.o[0m
[27.029s] [ 96%] [32m[1mLinking C shared library rosidl_generator_py/tf2_msgs/tf2_msgs_s__rosidl_typesupport_c.cpython-38-x86_64-linux-gnu.so[0m
[27.210s] [ 96%] Built target tf2_msgs__rosidl_typesupport_c__pyext
[27.263s] [35m[1mScanning dependencies of target tf2_msgs__rosidl_typesupport_fastrtps_c__pyext[0m
[27.363s] [ 98%] [32mBuilding C object CMakeFiles/tf2_msgs__rosidl_typesupport_fastrtps_c__pyext.dir/rosidl_generator_py/tf2_msgs/_tf2_msgs_s.ep.rosidl_typesupport_fastrtps_c.c.o[0m
[27.754s] [100%] [32m[1mLinking CXX shared library rosidl_generator_py/tf2_msgs/tf2_msgs_s__rosidl_typesupport_fastrtps_c.cpython-38-x86_64-linux-gnu.so[0m
[28.018s] [100%] Built target tf2_msgs__rosidl_typesupport_fastrtps_c__pyext
[28.044s] Invoked command in '/home/user/ros2_ws/build/tf2_msgs' returned '0': CMAKE_PREFIX_PATH=${CMAKE_PREFIX_PATH}:/home/user/ros2_ws/install/examples_tf2_py:/home/user/ros2_ws/install/ros2_control_test_nodes:/home/user/ros2_ws/install/project_topics_pkg:/home/user/ros2_ws/install/project_services_and_actions:/home/user/ros2_ws/install/path_planner_server:/home/user/ros2_ws/install/localization_server:/home/user/ros2_ws/install/map_server:/home/user/ros2_ws/install/cartographer_slam:/opt/ros/foxy _=/usr/bin/env /usr/bin/cmake --build /home/user/ros2_ws/build/tf2_msgs -- -j8 -l8
[29.085s] Invoking command in '/home/user/ros2_ws/build/tf2_msgs': CMAKE_PREFIX_PATH=${CMAKE_PREFIX_PATH}:/home/user/ros2_ws/install/examples_tf2_py:/home/user/ros2_ws/install/ros2_control_test_nodes:/home/user/ros2_ws/install/project_topics_pkg:/home/user/ros2_ws/install/project_services_and_actions:/home/user/ros2_ws/install/path_planner_server:/home/user/ros2_ws/install/localization_server:/home/user/ros2_ws/install/map_server:/home/user/ros2_ws/install/cartographer_slam:/opt/ros/foxy _=/usr/bin/env /usr/bin/cmake --install /home/user/ros2_ws/build/tf2_msgs
[29.138s] -- Install configuration: ""
[29.138s] -- Installing: /home/user/ros2_ws/install/tf2_msgs/share/ament_index/resource_index/rosidl_interfaces/tf2_msgs
[29.145s] -- Installing: /home/user/ros2_ws/install/tf2_msgs/include/tf2_msgs
[29.145s] -- Installing: /home/user/ros2_ws/install/tf2_msgs/include/tf2_msgs/srv
[29.145s] -- Installing: /home/user/ros2_ws/install/tf2_msgs/include/tf2_msgs/srv/detail
[29.145s] -- Installing: /home/user/ros2_ws/install/tf2_msgs/include/tf2_msgs/srv/detail/frame_graph__type_support.h
[29.146s] -- Installing: /home/user/ros2_ws/install/tf2_msgs/include/tf2_msgs/srv/detail/frame_graph__functions.c
[29.146s] -- Installing: /home/user/ros2_ws/install/tf2_msgs/include/tf2_msgs/srv/detail/frame_graph__struct.h
[29.147s] -- Installing: /home/user/ros2_ws/install/tf2_msgs/include/tf2_msgs/srv/detail/frame_graph__functions.h
[29.147s] -- Installing: /home/user/ros2_ws/install/tf2_msgs/include/tf2_msgs/srv/frame_graph.h
[29.147s] -- Installing: /home/user/ros2_ws/install/tf2_msgs/include/tf2_msgs/msg
[29.147s] -- Installing: /home/user/ros2_ws/install/tf2_msgs/include/tf2_msgs/msg/detail
[29.147s] -- Installing: /home/user/ros2_ws/install/tf2_msgs/include/tf2_msgs/msg/detail/tf2_error__type_support.h
[29.147s] -- Installing: /home/user/ros2_ws/install/tf2_msgs/include/tf2_msgs/msg/detail/tf_message__functions.h
[29.148s] -- Installing: /home/user/ros2_ws/install/tf2_msgs/include/tf2_msgs/msg/detail/tf_message__type_support.h
[29.148s] -- Installing: /home/user/ros2_ws/install/tf2_msgs/include/tf2_msgs/msg/detail/tf2_error__functions.c
[29.148s] -- Installing: /home/user/ros2_ws/install/tf2_msgs/include/tf2_msgs/msg/detail/tf2_error__struct.h
[29.149s] -- Installing: /home/user/ros2_ws/install/tf2_msgs/include/tf2_msgs/msg/detail/tf_message__struct.h
[29.149s] -- Installing: /home/user/ros2_ws/install/tf2_msgs/include/tf2_msgs/msg/detail/tf2_error__functions.h
[29.149s] -- Installing: /home/user/ros2_ws/install/tf2_msgs/include/tf2_msgs/msg/detail/tf_message__functions.c
[29.149s] -- Installing: /home/user/ros2_ws/install/tf2_msgs/include/tf2_msgs/msg/rosidl_generator_c__visibility_control.h
[29.150s] -- Installing: /home/user/ros2_ws/install/tf2_msgs/include/tf2_msgs/msg/tf_message.h
[29.150s] -- Installing: /home/user/ros2_ws/install/tf2_msgs/include/tf2_msgs/msg/tf2_error.h
[29.151s] -- Installing: /home/user/ros2_ws/install/tf2_msgs/include/tf2_msgs/action
[29.151s] -- Installing: /home/user/ros2_ws/install/tf2_msgs/include/tf2_msgs/action/detail
[29.152s] -- Installing: /home/user/ros2_ws/install/tf2_msgs/include/tf2_msgs/action/detail/lookup_transform__functions.h
[29.152s] -- Installing: /home/user/ros2_ws/install/tf2_msgs/include/tf2_msgs/action/detail/lookup_transform__functions.c
[29.152s] -- Installing: /home/user/ros2_ws/install/tf2_msgs/include/tf2_msgs/action/detail/lookup_transform__type_support.h
[29.153s] -- Installing: /home/user/ros2_ws/install/tf2_msgs/include/tf2_msgs/action/detail/lookup_transform__struct.h
[29.153s] -- Installing: /home/user/ros2_ws/install/tf2_msgs/include/tf2_msgs/action/lookup_transform.h
[29.153s] -- Installing: /home/user/ros2_ws/install/tf2_msgs/share/tf2_msgs/environment/library_path.sh
[29.154s] -- Installing: /home/user/ros2_ws/install/tf2_msgs/share/tf2_msgs/environment/library_path.dsv
[29.154s] -- Installing: /home/user/ros2_ws/install/tf2_msgs/lib/libtf2_msgs__rosidl_generator_c.so
[29.154s] -- Set runtime path of "/home/user/ros2_ws/install/tf2_msgs/lib/libtf2_msgs__rosidl_generator_c.so" to ""
[29.154s] -- Up-to-date: /home/user/ros2_ws/install/tf2_msgs/include/tf2_msgs
[29.154s] -- Up-to-date: /home/user/ros2_ws/install/tf2_msgs/include/tf2_msgs/srv
[29.155s] -- Up-to-date: /home/user/ros2_ws/install/tf2_msgs/include/tf2_msgs/srv/detail
[29.155s] -- Installing: /home/user/ros2_ws/install/tf2_msgs/include/tf2_msgs/srv/detail/frame_graph__rosidl_typesupport_fastrtps_c.h
[29.155s] -- Up-to-date: /home/user/ros2_ws/install/tf2_msgs/include/tf2_msgs/msg
[29.155s] -- Up-to-date: /home/user/ros2_ws/install/tf2_msgs/include/tf2_msgs/msg/detail
[29.155s] -- Installing: /home/user/ros2_ws/install/tf2_msgs/include/tf2_msgs/msg/detail/tf_message__rosidl_typesupport_fastrtps_c.h
[29.163s] -- Installing: /home/user/ros2_ws/install/tf2_msgs/include/tf2_msgs/msg/detail/tf2_error__rosidl_typesupport_fastrtps_c.h
[29.163s] -- Installing: /home/user/ros2_ws/install/tf2_msgs/include/tf2_msgs/msg/rosidl_typesupport_fastrtps_c__visibility_control.h
[29.164s] -- Up-to-date: /home/user/ros2_ws/install/tf2_msgs/include/tf2_msgs/action
[29.165s] -- Up-to-date: /home/user/ros2_ws/install/tf2_msgs/include/tf2_msgs/action/detail
[29.166s] -- Installing: /home/user/ros2_ws/install/tf2_msgs/include/tf2_msgs/action/detail/lookup_transform__rosidl_typesupport_fastrtps_c.h
[29.166s] -- Installing: /home/user/ros2_ws/install/tf2_msgs/lib/libtf2_msgs__rosidl_typesupport_fastrtps_c.so
[29.166s] -- Set runtime path of "/home/user/ros2_ws/install/tf2_msgs/lib/libtf2_msgs__rosidl_typesupport_fastrtps_c.so" to ""
[29.166s] -- Up-to-date: /home/user/ros2_ws/install/tf2_msgs/include/tf2_msgs
[29.167s] -- Up-to-date: /home/user/ros2_ws/install/tf2_msgs/include/tf2_msgs/srv
[29.167s] -- Up-to-date: /home/user/ros2_ws/install/tf2_msgs/include/tf2_msgs/srv/detail
[29.167s] -- Installing: /home/user/ros2_ws/install/tf2_msgs/include/tf2_msgs/srv/detail/dds_fastrtps
[29.167s] -- Installing: /home/user/ros2_ws/install/tf2_msgs/include/tf2_msgs/srv/detail/frame_graph__rosidl_typesupport_fastrtps_cpp.hpp
[29.167s] -- Up-to-date: /home/user/ros2_ws/install/tf2_msgs/include/tf2_msgs/msg
[29.168s] -- Up-to-date: /home/user/ros2_ws/install/tf2_msgs/include/tf2_msgs/msg/detail
[29.168s] -- Installing: /home/user/ros2_ws/install/tf2_msgs/include/tf2_msgs/msg/detail/tf_message__rosidl_typesupport_fastrtps_cpp.hpp
[29.168s] -- Installing: /home/user/ros2_ws/install/tf2_msgs/include/tf2_msgs/msg/detail/dds_fastrtps
[29.168s] -- Installing: /home/user/ros2_ws/install/tf2_msgs/include/tf2_msgs/msg/detail/tf2_error__rosidl_typesupport_fastrtps_cpp.hpp
[29.168s] -- Installing: /home/user/ros2_ws/install/tf2_msgs/include/tf2_msgs/msg/rosidl_typesupport_fastrtps_cpp__visibility_control.h
[29.169s] -- Up-to-date: /home/user/ros2_ws/install/tf2_msgs/include/tf2_msgs/action
[29.169s] -- Up-to-date: /home/user/ros2_ws/install/tf2_msgs/include/tf2_msgs/action/detail
[29.169s] -- Installing: /home/user/ros2_ws/install/tf2_msgs/include/tf2_msgs/action/detail/lookup_transform__rosidl_typesupport_fastrtps_cpp.hpp
[29.169s] -- Installing: /home/user/ros2_ws/install/tf2_msgs/include/tf2_msgs/action/detail/dds_fastrtps
[29.169s] -- Installing: /home/user/ros2_ws/install/tf2_msgs/lib/libtf2_msgs__rosidl_typesupport_fastrtps_cpp.so
[29.169s] -- Set runtime path of "/home/user/ros2_ws/install/tf2_msgs/lib/libtf2_msgs__rosidl_typesupport_fastrtps_cpp.so" to ""
[29.169s] -- Up-to-date: /home/user/ros2_ws/install/tf2_msgs/include/tf2_msgs
[29.169s] -- Up-to-date: /home/user/ros2_ws/install/tf2_msgs/include/tf2_msgs/srv
[29.169s] -- Up-to-date: /home/user/ros2_ws/install/tf2_msgs/include/tf2_msgs/srv/detail
[29.169s] -- Installing: /home/user/ros2_ws/install/tf2_msgs/include/tf2_msgs/srv/detail/frame_graph__type_support.c
[29.171s] -- Installing: /home/user/ros2_ws/install/tf2_msgs/include/tf2_msgs/srv/detail/frame_graph__rosidl_typesupport_introspection_c.h
[29.171s] -- Up-to-date: /home/user/ros2_ws/install/tf2_msgs/include/tf2_msgs/msg
[29.172s] -- Up-to-date: /home/user/ros2_ws/install/tf2_msgs/include/tf2_msgs/msg/detail
[29.172s] -- Installing: /home/user/ros2_ws/install/tf2_msgs/include/tf2_msgs/msg/detail/tf_message__type_support.c
[29.172s] -- Installing: /home/user/ros2_ws/install/tf2_msgs/include/tf2_msgs/msg/detail/tf_message__rosidl_typesupport_introspection_c.h
[29.173s] -- Installing: /home/user/ros2_ws/install/tf2_msgs/include/tf2_msgs/msg/detail/tf2_error__rosidl_typesupport_introspection_c.h
[29.173s] -- Installing: /home/user/ros2_ws/install/tf2_msgs/include/tf2_msgs/msg/detail/tf2_error__type_support.c
[29.173s] -- Installing: /home/user/ros2_ws/install/tf2_msgs/include/tf2_msgs/msg/rosidl_typesupport_introspection_c__visibility_control.h
[29.173s] -- Up-to-date: /home/user/ros2_ws/install/tf2_msgs/include/tf2_msgs/action
[29.174s] -- Up-to-date: /home/user/ros2_ws/install/tf2_msgs/include/tf2_msgs/action/detail
[29.175s] -- Installing: /home/user/ros2_ws/install/tf2_msgs/include/tf2_msgs/action/detail/lookup_transform__type_support.c
[29.177s] -- Installing: /home/user/ros2_ws/install/tf2_msgs/include/tf2_msgs/action/detail/lookup_transform__rosidl_typesupport_introspection_c.h
[29.179s] -- Installing: /home/user/ros2_ws/install/tf2_msgs/lib/libtf2_msgs__rosidl_typesupport_introspection_c.so
[29.181s] -- Set runtime path of "/home/user/ros2_ws/install/tf2_msgs/lib/libtf2_msgs__rosidl_typesupport_introspection_c.so" to ""
[29.181s] -- Installing: /home/user/ros2_ws/install/tf2_msgs/lib/libtf2_msgs__rosidl_typesupport_c.so
[29.184s] -- Set runtime path of "/home/user/ros2_ws/install/tf2_msgs/lib/libtf2_msgs__rosidl_typesupport_c.so" to ""
[29.184s] -- Up-to-date: /home/user/ros2_ws/install/tf2_msgs/include/tf2_msgs
[29.185s] -- Up-to-date: /home/user/ros2_ws/install/tf2_msgs/include/tf2_msgs/srv
[29.185s] -- Up-to-date: /home/user/ros2_ws/install/tf2_msgs/include/tf2_msgs/srv/detail
[29.185s] -- Installing: /home/user/ros2_ws/install/tf2_msgs/include/tf2_msgs/srv/detail/frame_graph__traits.hpp
[29.186s] -- Installing: /home/user/ros2_ws/install/tf2_msgs/include/tf2_msgs/srv/detail/frame_graph__struct.hpp
[29.187s] -- Installing: /home/user/ros2_ws/install/tf2_msgs/include/tf2_msgs/srv/detail/frame_graph__builder.hpp
[29.187s] -- Installing: /home/user/ros2_ws/install/tf2_msgs/include/tf2_msgs/srv/frame_graph.hpp
[29.188s] -- Up-to-date: /home/user/ros2_ws/install/tf2_msgs/include/tf2_msgs/msg
[29.188s] -- Up-to-date: /home/user/ros2_ws/install/tf2_msgs/include/tf2_msgs/msg/detail
[29.188s] -- Installing: /home/user/ros2_ws/install/tf2_msgs/include/tf2_msgs/msg/detail/tf2_error__struct.hpp
[29.189s] -- Installing: /home/user/ros2_ws/install/tf2_msgs/include/tf2_msgs/msg/detail/tf_message__struct.hpp
[29.189s] -- Installing: /home/user/ros2_ws/install/tf2_msgs/include/tf2_msgs/msg/detail/tf_message__traits.hpp
[29.190s] -- Installing: /home/user/ros2_ws/install/tf2_msgs/include/tf2_msgs/msg/detail/tf2_error__builder.hpp
[29.190s] -- Installing: /home/user/ros2_ws/install/tf2_msgs/include/tf2_msgs/msg/detail/tf_message__builder.hpp
[29.192s] -- Installing: /home/user/ros2_ws/install/tf2_msgs/include/tf2_msgs/msg/detail/tf2_error__traits.hpp
[29.192s] -- Installing: /home/user/ros2_ws/install/tf2_msgs/include/tf2_msgs/msg/tf2_error.hpp
[29.192s] -- Installing: /home/user/ros2_ws/install/tf2_msgs/include/tf2_msgs/msg/tf_message.hpp
[29.194s] -- Up-to-date: /home/user/ros2_ws/install/tf2_msgs/include/tf2_msgs/action
[29.195s] -- Up-to-date: /home/user/ros2_ws/install/tf2_msgs/include/tf2_msgs/action/detail
[29.195s] -- Installing: /home/user/ros2_ws/install/tf2_msgs/include/tf2_msgs/action/detail/lookup_transform__struct.hpp
[29.195s] -- Installing: /home/user/ros2_ws/install/tf2_msgs/include/tf2_msgs/action/detail/lookup_transform__traits.hpp
[29.196s] -- Installing: /home/user/ros2_ws/install/tf2_msgs/include/tf2_msgs/action/detail/lookup_transform__builder.hpp
[29.196s] -- Installing: /home/user/ros2_ws/install/tf2_msgs/include/tf2_msgs/action/lookup_transform.hpp
[29.196s] -- Up-to-date: /home/user/ros2_ws/install/tf2_msgs/include/tf2_msgs
[29.197s] -- Up-to-date: /home/user/ros2_ws/install/tf2_msgs/include/tf2_msgs/srv
[29.197s] -- Up-to-date: /home/user/ros2_ws/install/tf2_msgs/include/tf2_msgs/srv/detail
[29.197s] -- Installing: /home/user/ros2_ws/install/tf2_msgs/include/tf2_msgs/srv/detail/frame_graph__type_support.cpp
[29.197s] -- Installing: /home/user/ros2_ws/install/tf2_msgs/include/tf2_msgs/srv/detail/frame_graph__rosidl_typesupport_introspection_cpp.hpp
[29.198s] -- Up-to-date: /home/user/ros2_ws/install/tf2_msgs/include/tf2_msgs/msg
[29.198s] -- Up-to-date: /home/user/ros2_ws/install/tf2_msgs/include/tf2_msgs/msg/detail
[29.206s] -- Installing: /home/user/ros2_ws/install/tf2_msgs/include/tf2_msgs/msg/detail/tf2_error__rosidl_typesupport_introspection_cpp.hpp
[29.206s] -- Installing: /home/user/ros2_ws/install/tf2_msgs/include/tf2_msgs/msg/detail/tf_message__type_support.cpp
[29.207s] -- Installing: /home/user/ros2_ws/install/tf2_msgs/include/tf2_msgs/msg/detail/tf_message__rosidl_typesupport_introspection_cpp.hpp
[29.207s] -- Installing: /home/user/ros2_ws/install/tf2_msgs/include/tf2_msgs/msg/detail/tf2_error__type_support.cpp
[29.207s] -- Up-to-date: /home/user/ros2_ws/install/tf2_msgs/include/tf2_msgs/action
[29.207s] -- Up-to-date: /home/user/ros2_ws/install/tf2_msgs/include/tf2_msgs/action/detail
[29.207s] -- Installing: /home/user/ros2_ws/install/tf2_msgs/include/tf2_msgs/action/detail/lookup_transform__rosidl_typesupport_introspection_cpp.hpp
[29.208s] -- Installing: /home/user/ros2_ws/install/tf2_msgs/include/tf2_msgs/action/detail/lookup_transform__type_support.cpp
[29.208s] -- Installing: /home/user/ros2_ws/install/tf2_msgs/lib/libtf2_msgs__rosidl_typesupport_introspection_cpp.so
[29.208s] -- Set runtime path of "/home/user/ros2_ws/install/tf2_msgs/lib/libtf2_msgs__rosidl_typesupport_introspection_cpp.so" to ""
[29.208s] -- Installing: /home/user/ros2_ws/install/tf2_msgs/lib/libtf2_msgs__rosidl_typesupport_cpp.so
[29.208s] -- Set runtime path of "/home/user/ros2_ws/install/tf2_msgs/lib/libtf2_msgs__rosidl_typesupport_cpp.so" to ""
[29.209s] -- Installing: /home/user/ros2_ws/install/tf2_msgs/share/tf2_msgs/environment/pythonpath.sh
[29.209s] -- Installing: /home/user/ros2_ws/install/tf2_msgs/share/tf2_msgs/environment/pythonpath.dsv
[29.209s] -- Installing: /home/user/ros2_ws/install/tf2_msgs/lib/python3.8/site-packages/tf2_msgs/__init__.py
[29.309s] Compiling '/home/user/ros2_ws/install/tf2_msgs/lib/python3.8/site-packages/tf2_msgs/__init__.py'...
[29.317s] -- Installing: /home/user/ros2_ws/install/tf2_msgs/lib/python3.8/site-packages/tf2_msgs/msg
[29.317s] -- Installing: /home/user/ros2_ws/install/tf2_msgs/lib/python3.8/site-packages/tf2_msgs/msg/_tf2_error.py
[29.332s] -- Installing: /home/user/ros2_ws/install/tf2_msgs/lib/python3.8/site-packages/tf2_msgs/msg/__init__.py
[29.332s] -- Installing: /home/user/ros2_ws/install/tf2_msgs/lib/python3.8/site-packages/tf2_msgs/msg/_tf_message_s.c
[29.332s] -- Installing: /home/user/ros2_ws/install/tf2_msgs/lib/python3.8/site-packages/tf2_msgs/msg/_tf_message.py
[29.332s] -- Installing: /home/user/ros2_ws/install/tf2_msgs/lib/python3.8/site-packages/tf2_msgs/msg/_tf2_error_s.c
[29.333s] -- Installing: /home/user/ros2_ws/install/tf2_msgs/lib/python3.8/site-packages/tf2_msgs/srv
[29.333s] -- Installing: /home/user/ros2_ws/install/tf2_msgs/lib/python3.8/site-packages/tf2_msgs/srv/_frame_graph_s.c
[29.333s] -- Installing: /home/user/ros2_ws/install/tf2_msgs/lib/python3.8/site-packages/tf2_msgs/srv/__init__.py
[29.334s] -- Installing: /home/user/ros2_ws/install/tf2_msgs/lib/python3.8/site-packages/tf2_msgs/srv/_frame_graph.py
[29.334s] -- Installing: /home/user/ros2_ws/install/tf2_msgs/lib/python3.8/site-packages/tf2_msgs/action
[29.334s] -- Installing: /home/user/ros2_ws/install/tf2_msgs/lib/python3.8/site-packages/tf2_msgs/action/_lookup_transform.py
[29.345s] -- Installing: /home/user/ros2_ws/install/tf2_msgs/lib/python3.8/site-packages/tf2_msgs/action/__init__.py
[29.346s] -- Installing: /home/user/ros2_ws/install/tf2_msgs/lib/python3.8/site-packages/tf2_msgs/action/_lookup_transform_s.c
[29.347s] -- Installing: /home/user/ros2_ws/install/tf2_msgs/lib/python3.8/site-packages/tf2_msgs/tf2_msgs_s__rosidl_typesupport_fastrtps_c.cpython-38-x86_64-linux-gnu.so
[29.350s] -- Set runtime path of "/home/user/ros2_ws/install/tf2_msgs/lib/python3.8/site-packages/tf2_msgs/tf2_msgs_s__rosidl_typesupport_fastrtps_c.cpython-38-x86_64-linux-gnu.so" to ""
[29.350s] -- Installing: /home/user/ros2_ws/install/tf2_msgs/lib/python3.8/site-packages/tf2_msgs/tf2_msgs_s__rosidl_typesupport_introspection_c.cpython-38-x86_64-linux-gnu.so
[29.352s] -- Set runtime path of "/home/user/ros2_ws/install/tf2_msgs/lib/python3.8/site-packages/tf2_msgs/tf2_msgs_s__rosidl_typesupport_introspection_c.cpython-38-x86_64-linux-gnu.so" to ""
[29.353s] -- Installing: /home/user/ros2_ws/install/tf2_msgs/lib/python3.8/site-packages/tf2_msgs/tf2_msgs_s__rosidl_typesupport_c.cpython-38-x86_64-linux-gnu.so
[29.358s] -- Set runtime path of "/home/user/ros2_ws/install/tf2_msgs/lib/python3.8/site-packages/tf2_msgs/tf2_msgs_s__rosidl_typesupport_c.cpython-38-x86_64-linux-gnu.so" to ""
[29.358s] -- Installing: /home/user/ros2_ws/install/tf2_msgs/lib/libtf2_msgs__python.so
[29.365s] -- Set runtime path of "/home/user/ros2_ws/install/tf2_msgs/lib/libtf2_msgs__python.so" to ""
[29.365s] -- Installing: /home/user/ros2_ws/install/tf2_msgs/share/tf2_msgs/msg/TF2Error.idl
[29.366s] -- Installing: /home/user/ros2_ws/install/tf2_msgs/share/tf2_msgs/msg/TFMessage.idl
[29.367s] -- Installing: /home/user/ros2_ws/install/tf2_msgs/share/tf2_msgs/srv/FrameGraph.idl
[29.367s] -- Installing: /home/user/ros2_ws/install/tf2_msgs/share/tf2_msgs/action/LookupTransform.idl
[29.368s] -- Installing: /home/user/ros2_ws/install/tf2_msgs/share/tf2_msgs/msg/TF2Error.msg
[29.368s] -- Installing: /home/user/ros2_ws/install/tf2_msgs/share/tf2_msgs/msg/TFMessage.msg
[29.368s] -- Installing: /home/user/ros2_ws/install/tf2_msgs/share/tf2_msgs/srv/FrameGraph.srv
[29.369s] -- Installing: /home/user/ros2_ws/install/tf2_msgs/share/tf2_msgs/srv/FrameGraph_Request.msg
[29.371s] -- Installing: /home/user/ros2_ws/install/tf2_msgs/share/tf2_msgs/srv/FrameGraph_Response.msg
[29.371s] -- Installing: /home/user/ros2_ws/install/tf2_msgs/share/tf2_msgs/action/LookupTransform.action
[29.372s] -- Installing: /home/user/ros2_ws/install/tf2_msgs/share/tf2_msgs/tfmessage_bridge_mapping_rule.yaml
[29.373s] -- Installing: /home/user/ros2_ws/install/tf2_msgs/share/ament_index/resource_index/package_run_dependencies/tf2_msgs
[29.374s] -- Installing: /home/user/ros2_ws/install/tf2_msgs/share/ament_index/resource_index/parent_prefix_path/tf2_msgs
[29.375s] -- Installing: /home/user/ros2_ws/install/tf2_msgs/share/tf2_msgs/environment/ament_prefix_path.sh
[29.376s] -- Installing: /home/user/ros2_ws/install/tf2_msgs/share/tf2_msgs/environment/ament_prefix_path.dsv
[29.376s] -- Installing: /home/user/ros2_ws/install/tf2_msgs/share/tf2_msgs/environment/path.sh
[29.377s] -- Installing: /home/user/ros2_ws/install/tf2_msgs/share/tf2_msgs/environment/path.dsv
[29.377s] -- Installing: /home/user/ros2_ws/install/tf2_msgs/share/tf2_msgs/local_setup.bash
[29.378s] -- Installing: /home/user/ros2_ws/install/tf2_msgs/share/tf2_msgs/local_setup.sh
[29.382s] -- Installing: /home/user/ros2_ws/install/tf2_msgs/share/tf2_msgs/local_setup.zsh
[29.382s] -- Installing: /home/user/ros2_ws/install/tf2_msgs/share/tf2_msgs/local_setup.dsv
[29.382s] -- Installing: /home/user/ros2_ws/install/tf2_msgs/share/tf2_msgs/package.dsv
[29.383s] -- Installing: /home/user/ros2_ws/install/tf2_msgs/share/ament_index/resource_index/packages/tf2_msgs
[29.384s] -- Installing: /home/user/ros2_ws/install/tf2_msgs/share/tf2_msgs/cmake/tf2_msgs__rosidl_generator_cExport.cmake
[29.384s] -- Installing: /home/user/ros2_ws/install/tf2_msgs/share/tf2_msgs/cmake/tf2_msgs__rosidl_generator_cExport-noconfig.cmake
[29.385s] -- Installing: /home/user/ros2_ws/install/tf2_msgs/share/tf2_msgs/cmake/tf2_msgs__rosidl_typesupport_introspection_cExport.cmake
[29.386s] -- Installing: /home/user/ros2_ws/install/tf2_msgs/share/tf2_msgs/cmake/tf2_msgs__rosidl_typesupport_introspection_cExport-noconfig.cmake
[29.386s] -- Installing: /home/user/ros2_ws/install/tf2_msgs/share/tf2_msgs/cmake/tf2_msgs__rosidl_typesupport_cExport.cmake
[29.388s] -- Installing: /home/user/ros2_ws/install/tf2_msgs/share/tf2_msgs/cmake/tf2_msgs__rosidl_typesupport_cExport-noconfig.cmake
[29.389s] -- Installing: /home/user/ros2_ws/install/tf2_msgs/share/tf2_msgs/cmake/tf2_msgs__rosidl_generator_cppExport.cmake
[29.390s] -- Installing: /home/user/ros2_ws/install/tf2_msgs/share/tf2_msgs/cmake/tf2_msgs__rosidl_typesupport_introspection_cppExport.cmake
[29.390s] -- Installing: /home/user/ros2_ws/install/tf2_msgs/share/tf2_msgs/cmake/tf2_msgs__rosidl_typesupport_introspection_cppExport-noconfig.cmake
[29.391s] -- Installing: /home/user/ros2_ws/install/tf2_msgs/share/tf2_msgs/cmake/tf2_msgs__rosidl_typesupport_cppExport.cmake
[29.391s] -- Installing: /home/user/ros2_ws/install/tf2_msgs/share/tf2_msgs/cmake/tf2_msgs__rosidl_typesupport_cppExport-noconfig.cmake
[29.391s] -- Installing: /home/user/ros2_ws/install/tf2_msgs/share/tf2_msgs/cmake/rosidl_cmake-extras.cmake
[29.392s] -- Installing: /home/user/ros2_ws/install/tf2_msgs/share/tf2_msgs/cmake/ament_cmake_export_dependencies-extras.cmake
[29.392s] -- Installing: /home/user/ros2_ws/install/tf2_msgs/share/tf2_msgs/cmake/ament_cmake_export_libraries-extras.cmake
[29.392s] -- Installing: /home/user/ros2_ws/install/tf2_msgs/share/tf2_msgs/cmake/ament_cmake_export_targets-extras.cmake
[29.392s] -- Installing: /home/user/ros2_ws/install/tf2_msgs/share/tf2_msgs/cmake/ament_cmake_export_include_directories-extras.cmake
[29.394s] -- Installing: /home/user/ros2_ws/install/tf2_msgs/share/tf2_msgs/cmake/rosidl_cmake_export_typesupport_libraries-extras.cmake
[29.394s] -- Installing: /home/user/ros2_ws/install/tf2_msgs/share/tf2_msgs/cmake/rosidl_cmake_export_typesupport_targets-extras.cmake
[29.394s] -- Installing: /home/user/ros2_ws/install/tf2_msgs/share/tf2_msgs/cmake/tf2_msgsConfig.cmake
[29.394s] -- Installing: /home/user/ros2_ws/install/tf2_msgs/share/tf2_msgs/cmake/tf2_msgsConfig-version.cmake
[29.394s] -- Installing: /home/user/ros2_ws/install/tf2_msgs/share/tf2_msgs/package.xml
[29.406s] Invoked command in '/home/user/ros2_ws/build/tf2_msgs' returned '0': CMAKE_PREFIX_PATH=${CMAKE_PREFIX_PATH}:/home/user/ros2_ws/install/examples_tf2_py:/home/user/ros2_ws/install/ros2_control_test_nodes:/home/user/ros2_ws/install/project_topics_pkg:/home/user/ros2_ws/install/project_services_and_actions:/home/user/ros2_ws/install/path_planner_server:/home/user/ros2_ws/install/localization_server:/home/user/ros2_ws/install/map_server:/home/user/ros2_ws/install/cartographer_slam:/opt/ros/foxy _=/usr/bin/env /usr/bin/cmake --install /home/user/ros2_ws/build/tf2_msgs
