[1.435s] Invoking command in '/home/user/ros2_ws/build/gazebo_version_helpers': _=/usr/bin/env /usr/bin/cmake /home/user/ros2_ws/src/gazebo-pkgs/gazebo_version_helpers -DCATKIN_INSTALL_INTO_PREFIX_ROOT=0 -DCMAKE_INSTALL_PREFIX=/home/user/ros2_ws/install/gazebo_version_helpers
[1.485s] [0mCMake Deprecation Warning at CMakeLists.txt:1 (cmake_minimum_required):
[1.485s]   Compatibility with CMake < 2.8.12 will be removed from a future version of
[1.485s]   CMake.
[1.486s] 
[1.486s]   Update the VERSION argument <min> value or use a ...<max> suffix to tell
[1.486s]   CMake that the project does not need compatibility with older versions.
[1.486s] 
[1.487s] [0m
[1.716s] -- The C compiler identification is GNU 11.3.0
[2.136s] -- The CXX compiler identification is GNU 11.3.0
[2.163s] -- Detecting C compiler ABI info
[2.792s] -- Detecting C compiler ABI info - done
[2.801s] -- Check for working C compiler: /usr/bin/cc - skipped
[2.802s] -- Detecting C compile features
[2.803s] -- Detecting C compile features - done
[2.810s] -- Detecting CXX compiler ABI info
[3.210s] -- Detecting CXX compiler ABI info - done
[3.225s] -- Check for working CXX compiler: /usr/bin/c++ - skipped
[3.226s] -- Detecting CXX compile features
[3.227s] -- Detecting CXX compile features - done
[3.276s] [31mCMake Error at CMakeLists.txt:10 (find_package):
[3.277s]   By not providing "Findcatkin.cmake" in CMAKE_MODULE_PATH this project has
[3.277s]   asked CMake to find a package configuration file provided by "catkin", but
[3.277s]   CMake did not find one.
[3.277s] 
[3.278s]   Could not find a package configuration file provided by "catkin" with any
[3.278s]   of the following names:
[3.278s] 
[3.278s]     catkinConfig.cmake
[3.278s]     catkin-config.cmake
[3.279s] 
[3.279s]   Add the installation prefix of "catkin" to CMAKE_PREFIX_PATH or set
[3.279s]   "catkin_DIR" to a directory containing one of the above files.  If "catkin"
[3.279s]   provides a separate development package or SDK, be sure it has been
[3.280s]   installed.
[3.280s] 
[3.280s] [0m
[3.280s] -- Configuring incomplete, errors occurred!
[3.281s] See also "/home/user/ros2_ws/build/gazebo_version_helpers/CMakeFiles/CMakeOutput.log".
[3.288s] Invoked command in '/home/user/ros2_ws/build/gazebo_version_helpers' returned '1': _=/usr/bin/env /usr/bin/cmake /home/user/ros2_ws/src/gazebo-pkgs/gazebo_version_helpers -DCATKIN_INSTALL_INTO_PREFIX_ROOT=0 -DCMAKE_INSTALL_PREFIX=/home/user/ros2_ws/install/gazebo_version_helpers
