[0.129s] Invoking command in '/home/user/ros2_ws/build/moveit_core': CMAKE_PREFIX_PATH=/home/user/ros2_ws/install/moveit_common:/home/user/ros2_ws/install/gazebo_grasp_plugin_ros:/home/user/ros2_ws/install/ros2test:/home/user/ros2_ws/install/moveit_configs_utils:/home/simulations/ros2_sims_ws/install/rclrs_tests:/home/simulations/ros2_sims_ws/install/examples_rclrs_minimal_client_service:/home/simulations/ros2_sims_ws/install/sensor_msgs_py:/home/simulations/ros2_sims_ws/install/examples_rclrs_minimal_pub_sub:/home/simulations/ros2_sims_ws/install/examples_rclrs_message_demo:/home/simulations/ros2_sims_ws/install/rclrs:/home/simulations/ros2_sims_ws/install/rosidl_runtime_rs:/home/user/ros2_ws/install/robotiq_85_driver:/opt/ros/humble:/home/user/ros2_ws/install/gazebo_grasp_plugin:/home/user/ros2_ws/install/gazebo_version_helpers:/home/user/ros2_ws/install/ur3e_moveit_config:/home/user/ros2_ws/install/test_moveit_config:/home/user/ros2_ws/install/test2_moveit_config:/home/user/ros2_ws/install/my_moveit_config:/home/user/ros2_ws/install/my_moveit2_config:/home/user/ros2_ws/install/simple_grasping:/home/user/ros2_ws/install/ros_testing:/home/user/ros2_ws/install/robotnik_sensors_gazebo:/home/user/ros2_ws/install/robotnik_sensors:/home/user/ros2_ws/install/pilz_industrial_motion_planner_testutils:/home/user/ros2_ws/install/moveit_runtime:/home/user/ros2_ws/install/moveit:/home/user/ros2_ws/install/moveit_planners:/home/user/ros2_ws/install/pilz_industrial_motion_planner:/home/user/ros2_ws/install/moveit_ros_control_interface:/home/user/ros2_ws/install/moveit_plugins:/home/user/ros2_ws/install/moveit_simple_controller_manager:/home/user/ros2_ws/install/moveit_setup_assistant:/home/user/ros2_ws/install/moveit_setup_srdf_plugins:/home/user/ros2_ws/install/moveit_setup_core_plugins:/home/user/ros2_ws/install/moveit_setup_controllers:/home/user/ros2_ws/install/moveit_setup_app_plugins:/home/user/ros2_ws/install/moveit_setup_framework:/home/user/ros2_ws/install/moveit_servo:/home/user/ros2_ws/install/moveit_ros:/home/user/ros2_ws/install/moveit_ros_visualization:/home/user/ros2_ws/install/moveit_hybrid_planning:/home/user/ros2_ws/install/moveit2_scripts:/home/user/ros2_ws/install/moveit_ros_planning_interface:/home/user/ros2_ws/install/moveit_ros_benchmarks:/home/user/ros2_ws/install/moveit_ros_warehouse:/home/user/ros2_ws/install/moveit_ros_robot_interaction:/home/user/ros2_ws/install/moveit_ros_perception:/home/user/ros2_ws/install/moveit_resources_prbt_pg70_support:/home/user/ros2_ws/install/moveit_resources_prbt_moveit_config:/home/user/ros2_ws/install/moveit_ros_move_group:/home/user/ros2_ws/install/moveit_planners_ompl:/home/user/ros2_ws/install/moveit_ros_planning:/home/user/ros2_ws/install/moveit_ros_occupancy_map_monitor:/home/user/ros2_ws/install/moveit_resources_prbt_support:/home/user/ros2_ws/install/moveit_resources_prbt_ikfast_manipulator_plugin:/home/user/ros2_ws/install/moveit_planners_chomp:/home/user/ros2_ws/install/moveit_kinematics:/home/user/ros2_ws/install/moveit_chomp_optimizer_adapter:/home/user/ros2_ws/install/chomp_motion_planner:/home/user/ros2_ws/install/moveit_core:/home/simulations/ros2_sims_ws/install/common_interfaces:/home/simulations/ros2_sims_ws/install/visualization_msgs:/home/simulations/ros2_sims_ws/install/test_msgs:/home/simulations/ros2_sims_ws/install/example_interfaces:/home/simulations/ros2_sims_ws/install/action_msgs:/home/simulations/ros2_sims_ws/install/unique_identifier_msgs:/home/simulations/ros2_sims_ws/install/trajectory_msgs:/home/simulations/ros2_sims_ws/install/test_interface_files:/home/simulations/ros2_sims_ws/install/stereo_msgs:/home/simulations/ros2_sims_ws/install/std_srvs:/home/simulations/ros2_sims_ws/install/shape_msgs:/home/simulations/ros2_sims_ws/install/sensor_msgs:/home/simulations/ros2_sims_ws/install/nav_msgs:/home/simulations/ros2_sims_ws/install/diagnostic_msgs:/home/simulations/ros2_sims_ws/install/geometry_msgs:/home/simulations/ros2_sims_ws/install/actionlib_msgs:/home/simulations/ros2_sims_ws/install/std_msgs:/home/simulations/ros2_sims_ws/install/statistics_msgs:/home/simulations/ros2_sims_ws/install/rosgraph_msgs:/home/simulations/ros2_sims_ws/install/rclrs_example_msgs:/home/simulations/ros2_sims_ws/install/composition_interfaces:/home/simulations/ros2_sims_ws/install/rcl_interfaces:/home/simulations/ros2_sims_ws/install/lifecycle_msgs:/home/simulations/ros2_sims_ws/install/builtin_interfaces:/home/simulations/ros2_sims_ws/install/rosidl_default_runtime:/home/simulations/ros2_sims_ws/install/rosidl_default_generators:/home/simulations/ros2_sims_ws/install/rosidl_generator_rs:/home/user/ros2_ws/install/ur_simulation_gazebo:/home/user/ros2_ws/install/ur_description:/home/user/ros2_ws/install/the_construct_office_gazebo:/home/user/ros2_ws/install/robotiq_85_gripper:/home/user/ros2_ws/install/robotiq_85_msgs:/home/user/ros2_ws/install/robotiq_85_description:/home/user/ros2_ws/install/rg2_gripper_description:/home/user/ros2_ws/install/gazebo_ros2_control_demos:/home/user/ros2_ws/install/gazebo_ros2_control _=/usr/bin/env /usr/bin/cmake --build /home/user/ros2_ws/build/moveit_core -- -j8 -l8
[0.349s] [  1%] Built target moveit_transforms
[0.439s] [  3%] Built target gmock
[0.529s] [  4%] Built target gmock_main
[0.635s] [  5%] Built target moveit_smoothing_base
[0.709s] [  6%] Built target moveit_butterworth_parameters
[0.801s] [  8%] Built target moveit_version
[0.890s] [  9%] Built target gtest_main
[0.979s] [ 10%] Built target gtest
[1.094s] [ 12%] Built target moveit_utils
[1.183s] [ 13%] Built target test_transforms
[1.277s] [ 15%] Built target moveit_distance_field
[1.422s] [ 16%] Built target moveit_kinematics_base
[1.497s] [ 17%] Built target test_distance_field
[1.592s] [ 18%] Built target test_voxel_grid
[1.675s] [ 19%] Built target moveit_exceptions
[1.783s] [ 26%] Built target moveit_robot_model
[1.883s] [ 29%] Built target moveit_robot_state
[1.974s] [ 30%] Built target moveit_butterworth_filter
[2.062s] [ 31%] Built target moveit_kinematics_metrics
[2.140s] [ 32%] Built target test_butterworth_filter
[2.217s] [ 34%] Built target moveit_dynamics_solver
[2.291s] [ 35%] Built target moveit_robot_trajectory
[2.391s] [ 41%] Built target moveit_collision_detection
[2.485s] [ 43%] Built target moveit_planning_interface
[2.568s] [ 48%] Built target moveit_collision_detection_bullet
[2.633s] [ 49%] Built target test_all_valid
[2.691s] [ 51%] Built target test_world_diff
[2.751s] [ 52%] Built target test_world
[2.829s] [ 54%] Built target moveit_collision_detection_fcl
[2.906s] [ 58%] Built target moveit_trajectory_processing
[2.976s] [ 60%] Built target moveit_kinematic_constraints
[3.044s] [ 61%] Built target moveit_test_utils
[3.121s] [ 62%] Built target moveit_planning_scene
[3.187s] [ 63%] Built target test_aabb
[3.250s] [ 64%] Built target test_cartesian_interpolator
[3.317s] [ 65%] Built target test_robot_trajectory
[3.385s] [ 66%] Built target test_time_parameterization
[3.446s] [ 68%] Built target test_time_optimal_trajectory_generation
[3.506s] [ 69%] Built target test_ruckig_traj_smoothing
[3.570s] [ 70%] Built target collision_detector_bullet_plugin
[3.634s] [ 71%] Built target test_bullet_collision_detection
[3.697s] [ 72%] Built target test_bullet_collision_detection_panda
[3.764s] [ 74%] Built target test_bullet_continuous_collision_checking
[3.828s] [ 75%] Built target collision_detector_fcl_plugin
[3.895s] [ 77%] Built target test_fcl_collision_env
[3.960s] [ 78%] Built target test_fcl_collision_detection
[4.025s] [ 79%] Built target test_fcl_collision_detection_panda
[4.097s] [ 82%] Built target moveit_collision_distance_field
[4.165s] [ 85%] Built target moveit_constraint_samplers
[4.225s] [ 86%] Built target moveit_planning_request_adapter
[4.288s] [ 87%] Built target test_planning_scene
[4.347s] [ 88%] Built target test_collision_objects
[4.405s] [ 89%] Built target test_multi_threaded
[4.466s] [ 90%] Built target test_collision_distance_field
[4.532s] [ 93%] Built target test_constraint_samplers
[4.589s] [ 94%] Built target test_robot_state_complex
[4.644s] [ 95%] Built target test_robot_state_benchmark
[4.702s] [ 97%] Built target test_robot_state
[4.760s] [ 98%] Built target test_robot_model
[4.826s] [ 99%] Built target test_orientation_constraints
[4.894s] [100%] Built target test_constraints
[4.915s] Invoked command in '/home/user/ros2_ws/build/moveit_core' returned '0': CMAKE_PREFIX_PATH=/home/user/ros2_ws/install/moveit_common:/home/user/ros2_ws/install/gazebo_grasp_plugin_ros:/home/user/ros2_ws/install/ros2test:/home/user/ros2_ws/install/moveit_configs_utils:/home/simulations/ros2_sims_ws/install/rclrs_tests:/home/simulations/ros2_sims_ws/install/examples_rclrs_minimal_client_service:/home/simulations/ros2_sims_ws/install/sensor_msgs_py:/home/simulations/ros2_sims_ws/install/examples_rclrs_minimal_pub_sub:/home/simulations/ros2_sims_ws/install/examples_rclrs_message_demo:/home/simulations/ros2_sims_ws/install/rclrs:/home/simulations/ros2_sims_ws/install/rosidl_runtime_rs:/home/user/ros2_ws/install/robotiq_85_driver:/opt/ros/humble:/home/user/ros2_ws/install/gazebo_grasp_plugin:/home/user/ros2_ws/install/gazebo_version_helpers:/home/user/ros2_ws/install/ur3e_moveit_config:/home/user/ros2_ws/install/test_moveit_config:/home/user/ros2_ws/install/test2_moveit_config:/home/user/ros2_ws/install/my_moveit_config:/home/user/ros2_ws/install/my_moveit2_config:/home/user/ros2_ws/install/simple_grasping:/home/user/ros2_ws/install/ros_testing:/home/user/ros2_ws/install/robotnik_sensors_gazebo:/home/user/ros2_ws/install/robotnik_sensors:/home/user/ros2_ws/install/pilz_industrial_motion_planner_testutils:/home/user/ros2_ws/install/moveit_runtime:/home/user/ros2_ws/install/moveit:/home/user/ros2_ws/install/moveit_planners:/home/user/ros2_ws/install/pilz_industrial_motion_planner:/home/user/ros2_ws/install/moveit_ros_control_interface:/home/user/ros2_ws/install/moveit_plugins:/home/user/ros2_ws/install/moveit_simple_controller_manager:/home/user/ros2_ws/install/moveit_setup_assistant:/home/user/ros2_ws/install/moveit_setup_srdf_plugins:/home/user/ros2_ws/install/moveit_setup_core_plugins:/home/user/ros2_ws/install/moveit_setup_controllers:/home/user/ros2_ws/install/moveit_setup_app_plugins:/home/user/ros2_ws/install/moveit_setup_framework:/home/user/ros2_ws/install/moveit_servo:/home/user/ros2_ws/install/moveit_ros:/home/user/ros2_ws/install/moveit_ros_visualization:/home/user/ros2_ws/install/moveit_hybrid_planning:/home/user/ros2_ws/install/moveit2_scripts:/home/user/ros2_ws/install/moveit_ros_planning_interface:/home/user/ros2_ws/install/moveit_ros_benchmarks:/home/user/ros2_ws/install/moveit_ros_warehouse:/home/user/ros2_ws/install/moveit_ros_robot_interaction:/home/user/ros2_ws/install/moveit_ros_perception:/home/user/ros2_ws/install/moveit_resources_prbt_pg70_support:/home/user/ros2_ws/install/moveit_resources_prbt_moveit_config:/home/user/ros2_ws/install/moveit_ros_move_group:/home/user/ros2_ws/install/moveit_planners_ompl:/home/user/ros2_ws/install/moveit_ros_planning:/home/user/ros2_ws/install/moveit_ros_occupancy_map_monitor:/home/user/ros2_ws/install/moveit_resources_prbt_support:/home/user/ros2_ws/install/moveit_resources_prbt_ikfast_manipulator_plugin:/home/user/ros2_ws/install/moveit_planners_chomp:/home/user/ros2_ws/install/moveit_kinematics:/home/user/ros2_ws/install/moveit_chomp_optimizer_adapter:/home/user/ros2_ws/install/chomp_motion_planner:/home/user/ros2_ws/install/moveit_core:/home/simulations/ros2_sims_ws/install/common_interfaces:/home/simulations/ros2_sims_ws/install/visualization_msgs:/home/simulations/ros2_sims_ws/install/test_msgs:/home/simulations/ros2_sims_ws/install/example_interfaces:/home/simulations/ros2_sims_ws/install/action_msgs:/home/simulations/ros2_sims_ws/install/unique_identifier_msgs:/home/simulations/ros2_sims_ws/install/trajectory_msgs:/home/simulations/ros2_sims_ws/install/test_interface_files:/home/simulations/ros2_sims_ws/install/stereo_msgs:/home/simulations/ros2_sims_ws/install/std_srvs:/home/simulations/ros2_sims_ws/install/shape_msgs:/home/simulations/ros2_sims_ws/install/sensor_msgs:/home/simulations/ros2_sims_ws/install/nav_msgs:/home/simulations/ros2_sims_ws/install/diagnostic_msgs:/home/simulations/ros2_sims_ws/install/geometry_msgs:/home/simulations/ros2_sims_ws/install/actionlib_msgs:/home/simulations/ros2_sims_ws/install/std_msgs:/home/simulations/ros2_sims_ws/install/statistics_msgs:/home/simulations/ros2_sims_ws/install/rosgraph_msgs:/home/simulations/ros2_sims_ws/install/rclrs_example_msgs:/home/simulations/ros2_sims_ws/install/composition_interfaces:/home/simulations/ros2_sims_ws/install/rcl_interfaces:/home/simulations/ros2_sims_ws/install/lifecycle_msgs:/home/simulations/ros2_sims_ws/install/builtin_interfaces:/home/simulations/ros2_sims_ws/install/rosidl_default_runtime:/home/simulations/ros2_sims_ws/install/rosidl_default_generators:/home/simulations/ros2_sims_ws/install/rosidl_generator_rs:/home/user/ros2_ws/install/ur_simulation_gazebo:/home/user/ros2_ws/install/ur_description:/home/user/ros2_ws/install/the_construct_office_gazebo:/home/user/ros2_ws/install/robotiq_85_gripper:/home/user/ros2_ws/install/robotiq_85_msgs:/home/user/ros2_ws/install/robotiq_85_description:/home/user/ros2_ws/install/rg2_gripper_description:/home/user/ros2_ws/install/gazebo_ros2_control_demos:/home/user/ros2_ws/install/gazebo_ros2_control _=/usr/bin/env /usr/bin/cmake --build /home/user/ros2_ws/build/moveit_core -- -j8 -l8
[5.226s] Invoking command in '/home/user/ros2_ws/build/moveit_core': CMAKE_PREFIX_PATH=/home/user/ros2_ws/install/moveit_common:/home/user/ros2_ws/install/gazebo_grasp_plugin_ros:/home/user/ros2_ws/install/ros2test:/home/user/ros2_ws/install/moveit_configs_utils:/home/simulations/ros2_sims_ws/install/rclrs_tests:/home/simulations/ros2_sims_ws/install/examples_rclrs_minimal_client_service:/home/simulations/ros2_sims_ws/install/sensor_msgs_py:/home/simulations/ros2_sims_ws/install/examples_rclrs_minimal_pub_sub:/home/simulations/ros2_sims_ws/install/examples_rclrs_message_demo:/home/simulations/ros2_sims_ws/install/rclrs:/home/simulations/ros2_sims_ws/install/rosidl_runtime_rs:/home/user/ros2_ws/install/robotiq_85_driver:/opt/ros/humble:/home/user/ros2_ws/install/gazebo_grasp_plugin:/home/user/ros2_ws/install/gazebo_version_helpers:/home/user/ros2_ws/install/ur3e_moveit_config:/home/user/ros2_ws/install/test_moveit_config:/home/user/ros2_ws/install/test2_moveit_config:/home/user/ros2_ws/install/my_moveit_config:/home/user/ros2_ws/install/my_moveit2_config:/home/user/ros2_ws/install/simple_grasping:/home/user/ros2_ws/install/ros_testing:/home/user/ros2_ws/install/robotnik_sensors_gazebo:/home/user/ros2_ws/install/robotnik_sensors:/home/user/ros2_ws/install/pilz_industrial_motion_planner_testutils:/home/user/ros2_ws/install/moveit_runtime:/home/user/ros2_ws/install/moveit:/home/user/ros2_ws/install/moveit_planners:/home/user/ros2_ws/install/pilz_industrial_motion_planner:/home/user/ros2_ws/install/moveit_ros_control_interface:/home/user/ros2_ws/install/moveit_plugins:/home/user/ros2_ws/install/moveit_simple_controller_manager:/home/user/ros2_ws/install/moveit_setup_assistant:/home/user/ros2_ws/install/moveit_setup_srdf_plugins:/home/user/ros2_ws/install/moveit_setup_core_plugins:/home/user/ros2_ws/install/moveit_setup_controllers:/home/user/ros2_ws/install/moveit_setup_app_plugins:/home/user/ros2_ws/install/moveit_setup_framework:/home/user/ros2_ws/install/moveit_servo:/home/user/ros2_ws/install/moveit_ros:/home/user/ros2_ws/install/moveit_ros_visualization:/home/user/ros2_ws/install/moveit_hybrid_planning:/home/user/ros2_ws/install/moveit2_scripts:/home/user/ros2_ws/install/moveit_ros_planning_interface:/home/user/ros2_ws/install/moveit_ros_benchmarks:/home/user/ros2_ws/install/moveit_ros_warehouse:/home/user/ros2_ws/install/moveit_ros_robot_interaction:/home/user/ros2_ws/install/moveit_ros_perception:/home/user/ros2_ws/install/moveit_resources_prbt_pg70_support:/home/user/ros2_ws/install/moveit_resources_prbt_moveit_config:/home/user/ros2_ws/install/moveit_ros_move_group:/home/user/ros2_ws/install/moveit_planners_ompl:/home/user/ros2_ws/install/moveit_ros_planning:/home/user/ros2_ws/install/moveit_ros_occupancy_map_monitor:/home/user/ros2_ws/install/moveit_resources_prbt_support:/home/user/ros2_ws/install/moveit_resources_prbt_ikfast_manipulator_plugin:/home/user/ros2_ws/install/moveit_planners_chomp:/home/user/ros2_ws/install/moveit_kinematics:/home/user/ros2_ws/install/moveit_chomp_optimizer_adapter:/home/user/ros2_ws/install/chomp_motion_planner:/home/user/ros2_ws/install/moveit_core:/home/simulations/ros2_sims_ws/install/common_interfaces:/home/simulations/ros2_sims_ws/install/visualization_msgs:/home/simulations/ros2_sims_ws/install/test_msgs:/home/simulations/ros2_sims_ws/install/example_interfaces:/home/simulations/ros2_sims_ws/install/action_msgs:/home/simulations/ros2_sims_ws/install/unique_identifier_msgs:/home/simulations/ros2_sims_ws/install/trajectory_msgs:/home/simulations/ros2_sims_ws/install/test_interface_files:/home/simulations/ros2_sims_ws/install/stereo_msgs:/home/simulations/ros2_sims_ws/install/std_srvs:/home/simulations/ros2_sims_ws/install/shape_msgs:/home/simulations/ros2_sims_ws/install/sensor_msgs:/home/simulations/ros2_sims_ws/install/nav_msgs:/home/simulations/ros2_sims_ws/install/diagnostic_msgs:/home/simulations/ros2_sims_ws/install/geometry_msgs:/home/simulations/ros2_sims_ws/install/actionlib_msgs:/home/simulations/ros2_sims_ws/install/std_msgs:/home/simulations/ros2_sims_ws/install/statistics_msgs:/home/simulations/ros2_sims_ws/install/rosgraph_msgs:/home/simulations/ros2_sims_ws/install/rclrs_example_msgs:/home/simulations/ros2_sims_ws/install/composition_interfaces:/home/simulations/ros2_sims_ws/install/rcl_interfaces:/home/simulations/ros2_sims_ws/install/lifecycle_msgs:/home/simulations/ros2_sims_ws/install/builtin_interfaces:/home/simulations/ros2_sims_ws/install/rosidl_default_runtime:/home/simulations/ros2_sims_ws/install/rosidl_default_generators:/home/simulations/ros2_sims_ws/install/rosidl_generator_rs:/home/user/ros2_ws/install/ur_simulation_gazebo:/home/user/ros2_ws/install/ur_description:/home/user/ros2_ws/install/the_construct_office_gazebo:/home/user/ros2_ws/install/robotiq_85_gripper:/home/user/ros2_ws/install/robotiq_85_msgs:/home/user/ros2_ws/install/robotiq_85_description:/home/user/ros2_ws/install/rg2_gripper_description:/home/user/ros2_ws/install/gazebo_ros2_control_demos:/home/user/ros2_ws/install/gazebo_ros2_control _=/usr/bin/env /usr/bin/cmake --install /home/user/ros2_ws/build/moveit_core
[5.243s] -- Install configuration: "Release"
[5.243s] -- Up-to-date: /home/user/ros2_ws/install/moveit_core/include/moveit/version.h
[5.243s] -- Up-to-date: /home/user/ros2_ws/install/moveit_core/include
[5.243s] -- Up-to-date: /home/user/ros2_ws/install/moveit_core/include/moveit
[5.244s] -- Up-to-date: /home/user/ros2_ws/install/moveit_core/include/moveit/collision_distance_field
[5.244s] -- Up-to-date: /home/user/ros2_ws/install/moveit_core/include/moveit/collision_distance_field/collision_detector_allocator_hybrid.h
[5.244s] -- Up-to-date: /home/user/ros2_ws/install/moveit_core/include/moveit/collision_distance_field/collision_common_distance_field.h
[5.244s] -- Up-to-date: /home/user/ros2_ws/install/moveit_core/include/moveit/collision_distance_field/collision_env_distance_field.h
[5.245s] -- Up-to-date: /home/user/ros2_ws/install/moveit_core/include/moveit/collision_distance_field/collision_detector_allocator_distance_field.h
[5.245s] -- Up-to-date: /home/user/ros2_ws/install/moveit_core/include/moveit/collision_distance_field/collision_distance_field_types.h
[5.245s] -- Up-to-date: /home/user/ros2_ws/install/moveit_core/include/moveit/collision_distance_field/collision_env_hybrid.h
[5.245s] -- Up-to-date: /home/user/ros2_ws/install/moveit_core/include/moveit_collision_distance_field_export.h
[5.245s] -- Up-to-date: /home/user/ros2_ws/install/moveit_core/include
[5.246s] -- Up-to-date: /home/user/ros2_ws/install/moveit_core/include/moveit
[5.246s] -- Up-to-date: /home/user/ros2_ws/install/moveit_core/include/moveit/constraint_samplers
[5.246s] -- Up-to-date: /home/user/ros2_ws/install/moveit_core/include/moveit/constraint_samplers/constraint_sampler_allocator.h
[5.246s] -- Up-to-date: /home/user/ros2_ws/install/moveit_core/include/moveit/constraint_samplers/default_constraint_samplers.h
[5.246s] -- Up-to-date: /home/user/ros2_ws/install/moveit_core/include/moveit/constraint_samplers/constraint_sampler.h
[5.247s] -- Up-to-date: /home/user/ros2_ws/install/moveit_core/include/moveit/constraint_samplers/constraint_sampler_tools.h
[5.247s] -- Up-to-date: /home/user/ros2_ws/install/moveit_core/include/moveit/constraint_samplers/union_constraint_sampler.h
[5.247s] -- Up-to-date: /home/user/ros2_ws/install/moveit_core/include/moveit/constraint_samplers/constraint_sampler_manager.h
[5.247s] -- Up-to-date: /home/user/ros2_ws/install/moveit_core/include
[5.247s] -- Up-to-date: /home/user/ros2_ws/install/moveit_core/include/moveit
[5.248s] -- Up-to-date: /home/user/ros2_ws/install/moveit_core/include/moveit/controller_manager
[5.248s] -- Up-to-date: /home/user/ros2_ws/install/moveit_core/include/moveit/controller_manager/controller_manager.h
[5.248s] -- Up-to-date: /home/user/ros2_ws/install/moveit_core/include
[5.248s] -- Up-to-date: /home/user/ros2_ws/install/moveit_core/include/moveit
[5.248s] -- Up-to-date: /home/user/ros2_ws/install/moveit_core/include/moveit/distance_field
[5.249s] -- Up-to-date: /home/user/ros2_ws/install/moveit_core/include/moveit/distance_field/voxel_grid.h
[5.249s] -- Up-to-date: /home/user/ros2_ws/install/moveit_core/include/moveit/distance_field/distance_field.h
[5.249s] -- Up-to-date: /home/user/ros2_ws/install/moveit_core/include/moveit/distance_field/propagation_distance_field.h
[5.249s] -- Up-to-date: /home/user/ros2_ws/install/moveit_core/include/moveit/distance_field/find_internal_points.h
[5.249s] -- Up-to-date: /home/user/ros2_ws/install/moveit_core/include
[5.250s] -- Up-to-date: /home/user/ros2_ws/install/moveit_core/include/moveit
[5.250s] -- Up-to-date: /home/user/ros2_ws/install/moveit_core/include/moveit/dynamics_solver
[5.250s] -- Up-to-date: /home/user/ros2_ws/install/moveit_core/include/moveit/dynamics_solver/dynamics_solver.h
[5.251s] -- Up-to-date: /home/user/ros2_ws/install/moveit_core/include
[5.251s] -- Up-to-date: /home/user/ros2_ws/install/moveit_core/include/moveit
[5.251s] -- Up-to-date: /home/user/ros2_ws/install/moveit_core/include/moveit/exceptions
[5.251s] -- Up-to-date: /home/user/ros2_ws/install/moveit_core/include/moveit/exceptions/exceptions.h
[5.251s] -- Up-to-date: /home/user/ros2_ws/install/moveit_core/include
[5.252s] -- Up-to-date: /home/user/ros2_ws/install/moveit_core/include/moveit
[5.252s] -- Up-to-date: /home/user/ros2_ws/install/moveit_core/include/moveit/kinematics_base
[5.252s] -- Up-to-date: /home/user/ros2_ws/install/moveit_core/include/moveit/kinematics_base/kinematics_base.h
[5.252s] -- Up-to-date: /home/user/ros2_ws/install/moveit_core/include/moveit_kinematics_base_export.h
[5.252s] -- Up-to-date: /home/user/ros2_ws/install/moveit_core/include
[5.253s] -- Up-to-date: /home/user/ros2_ws/install/moveit_core/include/moveit
[5.253s] -- Up-to-date: /home/user/ros2_ws/install/moveit_core/include/moveit/kinematic_constraints
[5.253s] -- Up-to-date: /home/user/ros2_ws/install/moveit_core/include/moveit/kinematic_constraints/utils.h
[5.253s] -- Up-to-date: /home/user/ros2_ws/install/moveit_core/include/moveit/kinematic_constraints/kinematic_constraint.h
[5.253s] -- Up-to-date: /home/user/ros2_ws/install/moveit_core/include
[5.254s] -- Up-to-date: /home/user/ros2_ws/install/moveit_core/include/moveit
[5.254s] -- Up-to-date: /home/user/ros2_ws/install/moveit_core/include/moveit/kinematics_metrics
[5.254s] -- Up-to-date: /home/user/ros2_ws/install/moveit_core/include/moveit/kinematics_metrics/kinematics_metrics.h
[5.254s] -- Up-to-date: /home/user/ros2_ws/install/moveit_core/include
[5.254s] -- Up-to-date: /home/user/ros2_ws/install/moveit_core/include/moveit
[5.255s] -- Up-to-date: /home/user/ros2_ws/install/moveit_core/include/moveit/macros
[5.255s] -- Up-to-date: /home/user/ros2_ws/install/moveit_core/include/moveit/macros/class_forward.h
[5.255s] -- Up-to-date: /home/user/ros2_ws/install/moveit_core/include/moveit/macros/console_colors.h
[5.255s] -- Up-to-date: /home/user/ros2_ws/install/moveit_core/include/moveit/macros/declare_ptr.h
[5.255s] -- Up-to-date: /home/user/ros2_ws/install/moveit_core/include/moveit/macros/deprecation.h
[5.256s] -- Up-to-date: /home/user/ros2_ws/install/moveit_core/include/moveit_butterworth_parameters
[5.256s] -- Up-to-date: /home/user/ros2_ws/install/moveit_core/include/moveit_butterworth_parameters/moveit_butterworth_parameters.hpp
[5.256s] -- Up-to-date: /home/user/ros2_ws/install/moveit_core/include
[5.257s] -- Up-to-date: /home/user/ros2_ws/install/moveit_core/include/moveit
[5.257s] -- Up-to-date: /home/user/ros2_ws/install/moveit_core/include/moveit/online_signal_smoothing
[5.257s] -- Up-to-date: /home/user/ros2_ws/install/moveit_core/include/moveit/online_signal_smoothing/butterworth_filter.h
[5.257s] -- Up-to-date: /home/user/ros2_ws/install/moveit_core/include/moveit/online_signal_smoothing/smoothing_base_class.h
[5.257s] -- Up-to-date: /home/user/ros2_ws/install/moveit_core/include/moveit_smoothing_base_export.h
[5.258s] -- Up-to-date: /home/user/ros2_ws/install/moveit_core/include/moveit_butterworth_filter_export.h
[5.258s] -- Up-to-date: /home/user/ros2_ws/install/moveit_core/include
[5.258s] -- Up-to-date: /home/user/ros2_ws/install/moveit_core/include/moveit
[5.258s] -- Up-to-date: /home/user/ros2_ws/install/moveit_core/include/moveit/planning_interface
[5.258s] -- Up-to-date: /home/user/ros2_ws/install/moveit_core/include/moveit/planning_interface/planning_request.h
[5.259s] -- Up-to-date: /home/user/ros2_ws/install/moveit_core/include/moveit/planning_interface/planning_interface.h
[5.259s] -- Up-to-date: /home/user/ros2_ws/install/moveit_core/include/moveit/planning_interface/planning_response.h
[5.259s] -- Up-to-date: /home/user/ros2_ws/install/moveit_core/include
[5.259s] -- Up-to-date: /home/user/ros2_ws/install/moveit_core/include/moveit
[5.259s] -- Up-to-date: /home/user/ros2_ws/install/moveit_core/include/moveit/planning_request_adapter
[5.259s] -- Up-to-date: /home/user/ros2_ws/install/moveit_core/include/moveit/planning_request_adapter/planning_request_adapter.h
[5.260s] -- Up-to-date: /home/user/ros2_ws/install/moveit_core/include
[5.260s] -- Up-to-date: /home/user/ros2_ws/install/moveit_core/include/moveit
[5.260s] -- Up-to-date: /home/user/ros2_ws/install/moveit_core/include/moveit/planning_scene
[5.260s] -- Up-to-date: /home/user/ros2_ws/install/moveit_core/include/moveit/planning_scene/planning_scene.h
[5.261s] -- Up-to-date: /home/user/ros2_ws/install/moveit_core/include/moveit_planning_scene_export.h
[5.261s] -- Up-to-date: /home/user/ros2_ws/install/moveit_core/include
[5.261s] -- Up-to-date: /home/user/ros2_ws/install/moveit_core/include/moveit
[5.261s] -- Up-to-date: /home/user/ros2_ws/install/moveit_core/include/moveit/robot_model
[5.261s] -- Up-to-date: /home/user/ros2_ws/install/moveit_core/include/moveit/robot_model/fixed_joint_model.h
[5.262s] -- Up-to-date: /home/user/ros2_ws/install/moveit_core/include/moveit/robot_model/link_model.h
[5.262s] -- Up-to-date: /home/user/ros2_ws/install/moveit_core/include/moveit/robot_model/joint_model.h
[5.262s] -- Up-to-date: /home/user/ros2_ws/install/moveit_core/include/moveit/robot_model/floating_joint_model.h
[5.262s] -- Up-to-date: /home/user/ros2_ws/install/moveit_core/include/moveit/robot_model/planar_joint_model.h
[5.262s] -- Up-to-date: /home/user/ros2_ws/install/moveit_core/include/moveit/robot_model/prismatic_joint_model.h
[5.262s] -- Up-to-date: /home/user/ros2_ws/install/moveit_core/include/moveit/robot_model/robot_model.h
[5.263s] -- Up-to-date: /home/user/ros2_ws/install/moveit_core/include/moveit/robot_model/joint_model_group.h
[5.263s] -- Up-to-date: /home/user/ros2_ws/install/moveit_core/include/moveit/robot_model/revolute_joint_model.h
[5.263s] -- Up-to-date: /home/user/ros2_ws/install/moveit_core/include/moveit/robot_model/aabb.h
[5.263s] -- Up-to-date: /home/user/ros2_ws/install/moveit_core/include
[5.263s] -- Up-to-date: /home/user/ros2_ws/install/moveit_core/include/moveit
[5.264s] -- Up-to-date: /home/user/ros2_ws/install/moveit_core/include/moveit/robot_state
[5.264s] -- Up-to-date: /home/user/ros2_ws/install/moveit_core/include/moveit/robot_state/attached_body.h
[5.264s] -- Up-to-date: /home/user/ros2_ws/install/moveit_core/include/moveit/robot_state/conversions.h
[5.264s] -- Up-to-date: /home/user/ros2_ws/install/moveit_core/include/moveit/robot_state/robot_state.h
[5.264s] -- Up-to-date: /home/user/ros2_ws/install/moveit_core/include/moveit/robot_state/cartesian_interpolator.h
[5.265s] -- Up-to-date: /home/user/ros2_ws/install/moveit_core/include
[5.265s] -- Up-to-date: /home/user/ros2_ws/install/moveit_core/include/moveit
[5.265s] -- Up-to-date: /home/user/ros2_ws/install/moveit_core/include/moveit/robot_trajectory
[5.265s] -- Up-to-date: /home/user/ros2_ws/install/moveit_core/include/moveit/robot_trajectory/robot_trajectory.h
[5.265s] -- Up-to-date: /home/user/ros2_ws/install/moveit_core/include
[5.266s] -- Up-to-date: /home/user/ros2_ws/install/moveit_core/include/moveit
[5.266s] -- Up-to-date: /home/user/ros2_ws/install/moveit_core/include/moveit/sensor_manager
[5.266s] -- Up-to-date: /home/user/ros2_ws/install/moveit_core/include/moveit/sensor_manager/sensor_manager.h
[5.266s] -- Up-to-date: /home/user/ros2_ws/install/moveit_core/include
[5.266s] -- Up-to-date: /home/user/ros2_ws/install/moveit_core/include/moveit
[5.267s] -- Up-to-date: /home/user/ros2_ws/install/moveit_core/include/moveit/trajectory_processing
[5.267s] -- Up-to-date: /home/user/ros2_ws/install/moveit_core/include/moveit/trajectory_processing/ruckig_traj_smoothing.h
[5.267s] -- Up-to-date: /home/user/ros2_ws/install/moveit_core/include/moveit/trajectory_processing/iterative_spline_parameterization.h
[5.268s] -- Up-to-date: /home/user/ros2_ws/install/moveit_core/include/moveit/trajectory_processing/iterative_time_parameterization.h
[5.268s] -- Up-to-date: /home/user/ros2_ws/install/moveit_core/include/moveit/trajectory_processing/time_optimal_trajectory_generation.h
[5.268s] -- Up-to-date: /home/user/ros2_ws/install/moveit_core/include/moveit/trajectory_processing/time_parameterization.h
[5.268s] -- Up-to-date: /home/user/ros2_ws/install/moveit_core/include/moveit/trajectory_processing/trajectory_tools.h
[5.268s] -- Up-to-date: /home/user/ros2_ws/install/moveit_core/include
[5.268s] -- Up-to-date: /home/user/ros2_ws/install/moveit_core/include/moveit
[5.269s] -- Up-to-date: /home/user/ros2_ws/install/moveit_core/include/moveit/transforms
[5.269s] -- Up-to-date: /home/user/ros2_ws/install/moveit_core/include/moveit/transforms/transforms.h
[5.269s] -- Up-to-date: /home/user/ros2_ws/install/moveit_core/include
[5.269s] -- Up-to-date: /home/user/ros2_ws/install/moveit_core/include/moveit
[5.270s] -- Up-to-date: /home/user/ros2_ws/install/moveit_core/include/moveit/utils
[5.270s] -- Up-to-date: /home/user/ros2_ws/install/moveit_core/include/moveit/utils/robot_model_test_utils.h
[5.270s] -- Up-to-date: /home/user/ros2_ws/install/moveit_core/include/moveit/utils/lexical_casts.h
[5.270s] -- Up-to-date: /home/user/ros2_ws/install/moveit_core/include/moveit/utils/rclcpp_utils.h
[5.270s] -- Up-to-date: /home/user/ros2_ws/install/moveit_core/include/moveit/utils/message_checks.h
[5.270s] -- Up-to-date: /home/user/ros2_ws/install/moveit_core/include/moveit/utils/moveit_error_code.h
[5.270s] -- Up-to-date: /home/user/ros2_ws/install/moveit_core/bin/moveit_version
[5.270s] -- Up-to-date: /home/user/ros2_ws/install/moveit_core/include
[5.270s] -- Up-to-date: /home/user/ros2_ws/install/moveit_core/include/moveit
[5.271s] -- Up-to-date: /home/user/ros2_ws/install/moveit_core/include/moveit/collision_detection
[5.271s] -- Up-to-date: /home/user/ros2_ws/install/moveit_core/include/moveit/collision_detection/collision_common.h
[5.271s] -- Up-to-date: /home/user/ros2_ws/install/moveit_core/include/moveit/collision_detection/collision_env.h
[5.271s] -- Up-to-date: /home/user/ros2_ws/install/moveit_core/include/moveit/collision_detection/allvalid
[5.271s] -- Up-to-date: /home/user/ros2_ws/install/moveit_core/include/moveit/collision_detection/allvalid/collision_env_allvalid.h
[5.271s] -- Up-to-date: /home/user/ros2_ws/install/moveit_core/include/moveit/collision_detection/allvalid/collision_detector_allocator_allvalid.h
[5.271s] -- Up-to-date: /home/user/ros2_ws/install/moveit_core/include/moveit/collision_detection/collision_matrix.h
[5.271s] -- Up-to-date: /home/user/ros2_ws/install/moveit_core/include/moveit/collision_detection/collision_plugin_cache.h
[5.272s] -- Up-to-date: /home/user/ros2_ws/install/moveit_core/include/moveit/collision_detection/collision_detector_allocator.h
[5.272s] -- Up-to-date: /home/user/ros2_ws/install/moveit_core/include/moveit/collision_detection/collision_tools.h
[5.272s] -- Up-to-date: /home/user/ros2_ws/install/moveit_core/include/moveit/collision_detection/world.h
[5.272s] -- Up-to-date: /home/user/ros2_ws/install/moveit_core/include/moveit/collision_detection/collision_plugin.h
[5.272s] -- Up-to-date: /home/user/ros2_ws/install/moveit_core/include/moveit/collision_detection/collision_octomap_filter.h
[5.272s] -- Up-to-date: /home/user/ros2_ws/install/moveit_core/include/moveit/collision_detection/test_collision_common_pr2.h
[5.272s] -- Up-to-date: /home/user/ros2_ws/install/moveit_core/include/moveit/collision_detection/world_diff.h
[5.272s] -- Up-to-date: /home/user/ros2_ws/install/moveit_core/include/moveit/collision_detection/test_collision_common_panda.h
[5.272s] -- Up-to-date: /home/user/ros2_ws/install/moveit_core/include/moveit/collision_detection/occupancy_map.h
[5.273s] -- Up-to-date: /home/user/ros2_ws/install/moveit_core/include/moveit_collision_detection_export.h
[5.273s] -- Up-to-date: /home/user/ros2_ws/install/moveit_core/include/moveit_core
[5.273s] -- Up-to-date: /home/user/ros2_ws/install/moveit_core/include/moveit_core/moveit
[5.273s] -- Up-to-date: /home/user/ros2_ws/install/moveit_core/include/moveit_core/moveit/collision_detection_bullet
[5.273s] -- Up-to-date: /home/user/ros2_ws/install/moveit_core/include/moveit_core/moveit/collision_detection_bullet/collision_env_bullet.h
[5.273s] -- Up-to-date: /home/user/ros2_ws/install/moveit_core/include/moveit_core/moveit/collision_detection_bullet/bullet_integration
[5.273s] -- Up-to-date: /home/user/ros2_ws/install/moveit_core/include/moveit_core/moveit/collision_detection_bullet/bullet_integration/bullet_discrete_bvh_manager.h
[5.273s] -- Up-to-date: /home/user/ros2_ws/install/moveit_core/include/moveit_core/moveit/collision_detection_bullet/bullet_integration/bullet_utils.h
[5.274s] -- Up-to-date: /home/user/ros2_ws/install/moveit_core/include/moveit_core/moveit/collision_detection_bullet/bullet_integration/contact_checker_common.h
[5.274s] -- Up-to-date: /home/user/ros2_ws/install/moveit_core/include/moveit_core/moveit/collision_detection_bullet/bullet_integration/basic_types.h
[5.274s] -- Up-to-date: /home/user/ros2_ws/install/moveit_core/include/moveit_core/moveit/collision_detection_bullet/bullet_integration/bullet_cast_bvh_manager.h
[5.274s] -- Up-to-date: /home/user/ros2_ws/install/moveit_core/include/moveit_core/moveit/collision_detection_bullet/bullet_integration/bullet_bvh_manager.h
[5.274s] -- Up-to-date: /home/user/ros2_ws/install/moveit_core/include/moveit_core/moveit/collision_detection_bullet/bullet_integration/ros_bullet_utils.h
[5.274s] -- Up-to-date: /home/user/ros2_ws/install/moveit_core/include/moveit_core/moveit/collision_detection_bullet/collision_detector_allocator_bullet.h
[5.274s] -- Up-to-date: /home/user/ros2_ws/install/moveit_core/include/moveit_core/moveit/collision_detection_bullet/collision_detector_bullet_plugin_loader.h
[5.274s] -- Up-to-date: /home/user/ros2_ws/install/moveit_core/include/moveit_core/moveit_collision_detection_bullet_export.h
[5.275s] -- Up-to-date: /home/user/ros2_ws/install/moveit_core/include
[5.275s] -- Up-to-date: /home/user/ros2_ws/install/moveit_core/include/moveit
[5.275s] -- Up-to-date: /home/user/ros2_ws/install/moveit_core/include/moveit/collision_detection_fcl
[5.275s] -- Up-to-date: /home/user/ros2_ws/install/moveit_core/include/moveit/collision_detection_fcl/collision_common.h
[5.275s] -- Up-to-date: /home/user/ros2_ws/install/moveit_core/include/moveit/collision_detection_fcl/collision_detector_fcl_plugin_loader.h
[5.275s] -- Up-to-date: /home/user/ros2_ws/install/moveit_core/include/moveit/collision_detection_fcl/collision_detector_allocator_fcl.h
[5.275s] -- Up-to-date: /home/user/ros2_ws/install/moveit_core/include/moveit/collision_detection_fcl/fcl_compat.h
[5.275s] -- Up-to-date: /home/user/ros2_ws/install/moveit_core/include/moveit/collision_detection_fcl/collision_env_fcl.h
[5.276s] -- Up-to-date: /home/user/ros2_ws/install/moveit_core/include/moveit_collision_detection_fcl_export.h
[5.276s] -- Up-to-date: /home/user/ros2_ws/install/moveit_core/lib/libcollision_detector_bullet_plugin.so.2.5.4
[5.276s] -- Up-to-date: /home/user/ros2_ws/install/moveit_core/lib/libcollision_detector_bullet_plugin.so
[5.276s] -- Up-to-date: /home/user/ros2_ws/install/moveit_core/lib/libmoveit_butterworth_filter.so.2.5.4
[5.276s] -- Up-to-date: /home/user/ros2_ws/install/moveit_core/lib/libmoveit_butterworth_filter.so
[5.276s] -- Up-to-date: /home/user/ros2_ws/install/moveit_core/lib/libmoveit_collision_distance_field.so.2.5.4
[5.276s] -- Up-to-date: /home/user/ros2_ws/install/moveit_core/lib/libmoveit_collision_distance_field.so
[5.277s] -- Up-to-date: /home/user/ros2_ws/install/moveit_core/lib/libmoveit_collision_detection.so.2.5.4
[5.277s] -- Up-to-date: /home/user/ros2_ws/install/moveit_core/lib/libmoveit_collision_detection.so
[5.277s] -- Up-to-date: /home/user/ros2_ws/install/moveit_core/lib/libmoveit_collision_detection_fcl.so.2.5.4
[5.277s] -- Up-to-date: /home/user/ros2_ws/install/moveit_core/lib/libmoveit_collision_detection_fcl.so
[5.277s] -- Up-to-date: /home/user/ros2_ws/install/moveit_core/lib/libmoveit_collision_detection_bullet.so.2.5.4
[5.277s] -- Up-to-date: /home/user/ros2_ws/install/moveit_core/lib/libmoveit_collision_detection_bullet.so
[5.277s] -- Up-to-date: /home/user/ros2_ws/install/moveit_core/lib/libmoveit_dynamics_solver.so.2.5.4
[5.277s] -- Up-to-date: /home/user/ros2_ws/install/moveit_core/lib/libmoveit_dynamics_solver.so
[5.277s] -- Up-to-date: /home/user/ros2_ws/install/moveit_core/lib/libmoveit_constraint_samplers.so.2.5.4
[5.277s] -- Up-to-date: /home/user/ros2_ws/install/moveit_core/lib/libmoveit_constraint_samplers.so
[5.277s] -- Up-to-date: /home/user/ros2_ws/install/moveit_core/lib/libmoveit_distance_field.so.2.5.4
[5.277s] -- Up-to-date: /home/user/ros2_ws/install/moveit_core/lib/libmoveit_distance_field.so
[5.278s] -- Up-to-date: /home/user/ros2_ws/install/moveit_core/lib/libmoveit_exceptions.so.2.5.4
[5.278s] -- Up-to-date: /home/user/ros2_ws/install/moveit_core/lib/libmoveit_exceptions.so
[5.278s] -- Up-to-date: /home/user/ros2_ws/install/moveit_core/lib/libmoveit_kinematics_base.so
[5.278s] -- Up-to-date: /home/user/ros2_ws/install/moveit_core/lib/libmoveit_kinematic_constraints.so.2.5.4
[5.278s] -- Up-to-date: /home/user/ros2_ws/install/moveit_core/lib/libmoveit_kinematic_constraints.so
[5.278s] -- Up-to-date: /home/user/ros2_ws/install/moveit_core/lib/libmoveit_kinematics_metrics.so.2.5.4
[5.278s] -- Up-to-date: /home/user/ros2_ws/install/moveit_core/lib/libmoveit_kinematics_metrics.so
[5.279s] -- Up-to-date: /home/user/ros2_ws/install/moveit_core/lib/libmoveit_planning_interface.so.2.5.4
[5.279s] -- Up-to-date: /home/user/ros2_ws/install/moveit_core/lib/libmoveit_planning_interface.so
[5.279s] -- Up-to-date: /home/user/ros2_ws/install/moveit_core/lib/libmoveit_planning_scene.so.2.5.4
[5.279s] -- Up-to-date: /home/user/ros2_ws/install/moveit_core/lib/libmoveit_planning_scene.so
[5.279s] -- Up-to-date: /home/user/ros2_ws/install/moveit_core/lib/libmoveit_planning_request_adapter.so.2.5.4
[5.279s] -- Up-to-date: /home/user/ros2_ws/install/moveit_core/lib/libmoveit_planning_request_adapter.so
[5.280s] -- Up-to-date: /home/user/ros2_ws/install/moveit_core/lib/libmoveit_robot_model.so.2.5.4
[5.280s] -- Up-to-date: /home/user/ros2_ws/install/moveit_core/lib/libmoveit_robot_model.so
[5.280s] -- Up-to-date: /home/user/ros2_ws/install/moveit_core/lib/libmoveit_robot_state.so.2.5.4
[5.280s] -- Up-to-date: /home/user/ros2_ws/install/moveit_core/lib/libmoveit_robot_state.so
[5.280s] -- Up-to-date: /home/user/ros2_ws/install/moveit_core/lib/libmoveit_robot_trajectory.so.2.5.4
[5.280s] -- Up-to-date: /home/user/ros2_ws/install/moveit_core/lib/libmoveit_robot_trajectory.so
[5.281s] -- Up-to-date: /home/user/ros2_ws/install/moveit_core/lib/libmoveit_smoothing_base.so.2.5.4
[5.281s] -- Up-to-date: /home/user/ros2_ws/install/moveit_core/lib/libmoveit_smoothing_base.so
[5.281s] -- Up-to-date: /home/user/ros2_ws/install/moveit_core/lib/libmoveit_test_utils.so.2.5.4
[5.281s] -- Up-to-date: /home/user/ros2_ws/install/moveit_core/lib/libmoveit_test_utils.so
[5.281s] -- Up-to-date: /home/user/ros2_ws/install/moveit_core/lib/libmoveit_trajectory_processing.so.2.5.4
[5.281s] -- Up-to-date: /home/user/ros2_ws/install/moveit_core/lib/libmoveit_trajectory_processing.so
[5.282s] -- Up-to-date: /home/user/ros2_ws/install/moveit_core/lib/libmoveit_transforms.so.2.5.4
[5.282s] -- Up-to-date: /home/user/ros2_ws/install/moveit_core/lib/libmoveit_transforms.so
[5.282s] -- Up-to-date: /home/user/ros2_ws/install/moveit_core/lib/libmoveit_utils.so.2.5.4
[5.282s] -- Up-to-date: /home/user/ros2_ws/install/moveit_core/lib/libmoveit_utils.so
[5.282s] -- Up-to-date: /home/user/ros2_ws/install/moveit_core/share/moveit_core/environment/library_path.sh
[5.282s] -- Up-to-date: /home/user/ros2_ws/install/moveit_core/share/moveit_core/environment/library_path.dsv
[5.283s] -- Up-to-date: /home/user/ros2_ws/install/moveit_core/share/moveit_core/collision_detector_fcl_description.xml
[5.283s] -- Up-to-date: /home/user/ros2_ws/install/moveit_core/share/moveit_core/collision_detector_bullet_description.xml
[5.283s] -- Up-to-date: /home/user/ros2_ws/install/moveit_core/share/moveit_core/filter_plugin_butterworth.xml
[5.283s] -- Up-to-date: /home/user/ros2_ws/install/moveit_core/share/ament_index/resource_index/package_run_dependencies/moveit_core
[5.284s] -- Up-to-date: /home/user/ros2_ws/install/moveit_core/share/ament_index/resource_index/parent_prefix_path/moveit_core
[5.284s] -- Up-to-date: /home/user/ros2_ws/install/moveit_core/share/moveit_core/environment/ament_prefix_path.sh
[5.284s] -- Up-to-date: /home/user/ros2_ws/install/moveit_core/share/moveit_core/environment/ament_prefix_path.dsv
[5.285s] -- Up-to-date: /home/user/ros2_ws/install/moveit_core/share/moveit_core/environment/path.sh
[5.285s] -- Up-to-date: /home/user/ros2_ws/install/moveit_core/share/moveit_core/environment/path.dsv
[5.285s] -- Up-to-date: /home/user/ros2_ws/install/moveit_core/share/moveit_core/local_setup.bash
[5.285s] -- Up-to-date: /home/user/ros2_ws/install/moveit_core/share/moveit_core/local_setup.sh
[5.285s] -- Up-to-date: /home/user/ros2_ws/install/moveit_core/share/moveit_core/local_setup.zsh
[5.285s] -- Up-to-date: /home/user/ros2_ws/install/moveit_core/share/moveit_core/local_setup.dsv
[5.285s] -- Installing: /home/user/ros2_ws/install/moveit_core/share/moveit_core/package.dsv
[5.289s] -- Up-to-date: /home/user/ros2_ws/install/moveit_core/share/ament_index/resource_index/packages/moveit_core
[5.289s] -- Up-to-date: /home/user/ros2_ws/install/moveit_core/share/ament_index/resource_index/moveit_core__pluginlib__plugin/moveit_core
[5.289s] -- Up-to-date: /home/user/ros2_ws/install/moveit_core/share/moveit_core/cmake/export_moveit_coreExport.cmake
[5.289s] -- Up-to-date: /home/user/ros2_ws/install/moveit_core/share/moveit_core/cmake/export_moveit_coreExport-release.cmake
[5.289s] -- Up-to-date: /home/user/ros2_ws/install/moveit_core/share/moveit_core/cmake/ConfigExtras.cmake
[5.289s] -- Up-to-date: /home/user/ros2_ws/install/moveit_core/share/moveit_core/cmake/ament_cmake_export_targets-extras.cmake
[5.289s] -- Up-to-date: /home/user/ros2_ws/install/moveit_core/share/moveit_core/cmake/ament_cmake_export_dependencies-extras.cmake
[5.289s] -- Up-to-date: /home/user/ros2_ws/install/moveit_core/share/moveit_core/cmake/moveit_coreConfig.cmake
[5.289s] -- Up-to-date: /home/user/ros2_ws/install/moveit_core/share/moveit_core/cmake/moveit_coreConfig-version.cmake
[5.290s] -- Up-to-date: /home/user/ros2_ws/install/moveit_core/share/moveit_core/package.xml
[5.290s] Invoked command in '/home/user/ros2_ws/build/moveit_core' returned '0': CMAKE_PREFIX_PATH=/home/user/ros2_ws/install/moveit_common:/home/user/ros2_ws/install/gazebo_grasp_plugin_ros:/home/user/ros2_ws/install/ros2test:/home/user/ros2_ws/install/moveit_configs_utils:/home/simulations/ros2_sims_ws/install/rclrs_tests:/home/simulations/ros2_sims_ws/install/examples_rclrs_minimal_client_service:/home/simulations/ros2_sims_ws/install/sensor_msgs_py:/home/simulations/ros2_sims_ws/install/examples_rclrs_minimal_pub_sub:/home/simulations/ros2_sims_ws/install/examples_rclrs_message_demo:/home/simulations/ros2_sims_ws/install/rclrs:/home/simulations/ros2_sims_ws/install/rosidl_runtime_rs:/home/user/ros2_ws/install/robotiq_85_driver:/opt/ros/humble:/home/user/ros2_ws/install/gazebo_grasp_plugin:/home/user/ros2_ws/install/gazebo_version_helpers:/home/user/ros2_ws/install/ur3e_moveit_config:/home/user/ros2_ws/install/test_moveit_config:/home/user/ros2_ws/install/test2_moveit_config:/home/user/ros2_ws/install/my_moveit_config:/home/user/ros2_ws/install/my_moveit2_config:/home/user/ros2_ws/install/simple_grasping:/home/user/ros2_ws/install/ros_testing:/home/user/ros2_ws/install/robotnik_sensors_gazebo:/home/user/ros2_ws/install/robotnik_sensors:/home/user/ros2_ws/install/pilz_industrial_motion_planner_testutils:/home/user/ros2_ws/install/moveit_runtime:/home/user/ros2_ws/install/moveit:/home/user/ros2_ws/install/moveit_planners:/home/user/ros2_ws/install/pilz_industrial_motion_planner:/home/user/ros2_ws/install/moveit_ros_control_interface:/home/user/ros2_ws/install/moveit_plugins:/home/user/ros2_ws/install/moveit_simple_controller_manager:/home/user/ros2_ws/install/moveit_setup_assistant:/home/user/ros2_ws/install/moveit_setup_srdf_plugins:/home/user/ros2_ws/install/moveit_setup_core_plugins:/home/user/ros2_ws/install/moveit_setup_controllers:/home/user/ros2_ws/install/moveit_setup_app_plugins:/home/user/ros2_ws/install/moveit_setup_framework:/home/user/ros2_ws/install/moveit_servo:/home/user/ros2_ws/install/moveit_ros:/home/user/ros2_ws/install/moveit_ros_visualization:/home/user/ros2_ws/install/moveit_hybrid_planning:/home/user/ros2_ws/install/moveit2_scripts:/home/user/ros2_ws/install/moveit_ros_planning_interface:/home/user/ros2_ws/install/moveit_ros_benchmarks:/home/user/ros2_ws/install/moveit_ros_warehouse:/home/user/ros2_ws/install/moveit_ros_robot_interaction:/home/user/ros2_ws/install/moveit_ros_perception:/home/user/ros2_ws/install/moveit_resources_prbt_pg70_support:/home/user/ros2_ws/install/moveit_resources_prbt_moveit_config:/home/user/ros2_ws/install/moveit_ros_move_group:/home/user/ros2_ws/install/moveit_planners_ompl:/home/user/ros2_ws/install/moveit_ros_planning:/home/user/ros2_ws/install/moveit_ros_occupancy_map_monitor:/home/user/ros2_ws/install/moveit_resources_prbt_support:/home/user/ros2_ws/install/moveit_resources_prbt_ikfast_manipulator_plugin:/home/user/ros2_ws/install/moveit_planners_chomp:/home/user/ros2_ws/install/moveit_kinematics:/home/user/ros2_ws/install/moveit_chomp_optimizer_adapter:/home/user/ros2_ws/install/chomp_motion_planner:/home/user/ros2_ws/install/moveit_core:/home/simulations/ros2_sims_ws/install/common_interfaces:/home/simulations/ros2_sims_ws/install/visualization_msgs:/home/simulations/ros2_sims_ws/install/test_msgs:/home/simulations/ros2_sims_ws/install/example_interfaces:/home/simulations/ros2_sims_ws/install/action_msgs:/home/simulations/ros2_sims_ws/install/unique_identifier_msgs:/home/simulations/ros2_sims_ws/install/trajectory_msgs:/home/simulations/ros2_sims_ws/install/test_interface_files:/home/simulations/ros2_sims_ws/install/stereo_msgs:/home/simulations/ros2_sims_ws/install/std_srvs:/home/simulations/ros2_sims_ws/install/shape_msgs:/home/simulations/ros2_sims_ws/install/sensor_msgs:/home/simulations/ros2_sims_ws/install/nav_msgs:/home/simulations/ros2_sims_ws/install/diagnostic_msgs:/home/simulations/ros2_sims_ws/install/geometry_msgs:/home/simulations/ros2_sims_ws/install/actionlib_msgs:/home/simulations/ros2_sims_ws/install/std_msgs:/home/simulations/ros2_sims_ws/install/statistics_msgs:/home/simulations/ros2_sims_ws/install/rosgraph_msgs:/home/simulations/ros2_sims_ws/install/rclrs_example_msgs:/home/simulations/ros2_sims_ws/install/composition_interfaces:/home/simulations/ros2_sims_ws/install/rcl_interfaces:/home/simulations/ros2_sims_ws/install/lifecycle_msgs:/home/simulations/ros2_sims_ws/install/builtin_interfaces:/home/simulations/ros2_sims_ws/install/rosidl_default_runtime:/home/simulations/ros2_sims_ws/install/rosidl_default_generators:/home/simulations/ros2_sims_ws/install/rosidl_generator_rs:/home/user/ros2_ws/install/ur_simulation_gazebo:/home/user/ros2_ws/install/ur_description:/home/user/ros2_ws/install/the_construct_office_gazebo:/home/user/ros2_ws/install/robotiq_85_gripper:/home/user/ros2_ws/install/robotiq_85_msgs:/home/user/ros2_ws/install/robotiq_85_description:/home/user/ros2_ws/install/rg2_gripper_description:/home/user/ros2_ws/install/gazebo_ros2_control_demos:/home/user/ros2_ws/install/gazebo_ros2_control _=/usr/bin/env /usr/bin/cmake --install /home/user/ros2_ws/build/moveit_core
