[0.016s] Invoking command in '/home/steven/ros2_ws/src/first_stage/build/first_stage_endeffector': CMAKE_PREFIX_PATH=${CMAKE_PREFIX_PATH}:/home/steven/ros2_ws/src/first_stage/install/first_stage_rg2:/home/steven/ros2_ws/install/zed_receiver:/home/steven/ros2_ws/install/zed_camera_publisher:/home/steven/ros2_ws/install/yolov8_realsense:/home/steven/ros2_ws/install/ur5_control:/home/steven/ros2_ws/install/ur5:/home/steven/ros2_ws/install/udp_publisher:/home/steven/ros2_ws/install/rg2:/home/steven/ros2_ws/install/moveit_configs_utils:/home/steven/ros2_ws/install/lego_grasping:/home/steven/ros2_ws/install/first_stage_rg2:/home/steven/ws_moveit2/install/moveit_configs_utils:/home/steven/ws_moveit2/install/launch_param_builder:/opt/ros/humble /usr/bin/cmake --build /home/steven/ros2_ws/src/first_stage/build/first_stage_endeffector -- -j32 -l32
[0.065s] [35m[1mConsolidate compiler generated dependencies of target first_stage_endeffector[0m
[0.087s] [ 50%] [32mBuilding CXX object CMakeFiles/first_stage_endeffector.dir/src/first_stage_endeffector.cpp.o[0m
[4.182s] [01m[K/home/steven/ros2_ws/src/first_stage/src/first_stage_endeffector/src/first_stage_endeffector.cpp:[m[K In function ‘[01m[Kint main(int, char**)[m[K’:
[4.182s] [01m[K/home/steven/ros2_ws/src/first_stage/src/first_stage_endeffector/src/first_stage_endeffector.cpp:15:32:[m[K [01;31m[Kerror: [m[K‘[01m[KRobotController[m[K’ was not declared in this scope
[4.182s]    15 |   auto node = std::make_shared<[01;31m[KRobotController[m[K>();
[4.182s]       |                                [01;31m[K^~~~~~~~~~~~~~~[m[K
[4.182s] [01m[K/home/steven/ros2_ws/src/first_stage/src/first_stage_endeffector/src/first_stage_endeffector.cpp:15:48:[m[K [01;31m[Kerror: [m[Kno matching function for call to ‘[01m[Kmake_shared<<expression error> >()[m[K’
[4.182s]    15 |   auto node = [01;31m[Kstd::make_shared<RobotController>()[m[K;
[4.183s]       |               [01;31m[K~~~~~~~~~~~~~~~~~~~~~~~~~~~~~~~~~^~[m[K
[4.183s] In file included from [01m[K/usr/include/c++/11/memory:77[m[K,
[4.183s]                  from [01m[K/home/steven/ros2_ws/install/moveit_core/include/moveit/macros/declare_ptr.h:37[m[K,
[4.183s]                  from [01m[K/home/steven/ros2_ws/install/moveit_core/include/moveit/macros/class_forward.h:39[m[K,
[4.183s]                  from [01m[K/home/steven/ros2_ws/install/moveit_ros_planning_interface/include/moveit/move_group_interface/move_group_interface.h:40[m[K,
[4.183s]                  from [01m[K/home/steven/ros2_ws/src/first_stage/src/first_stage_endeffector/src/first_stage_endeffector.cpp:1[m[K:
[4.183s] [01m[K/usr/include/c++/11/bits/shared_ptr.h:875:5:[m[K [01;36m[Knote: [m[Kcandidate: ‘[01m[Ktemplate<class _Tp, class ... _Args> std::shared_ptr<_Tp> std::make_shared(_Args&& ...)[m[K’
[4.183s]   875 |     [01;36m[Kmake_shared[m[K(_Args&&... __args)
[4.183s]       |     [01;36m[K^~~~~~~~~~~[m[K
[4.183s] [01m[K/usr/include/c++/11/bits/shared_ptr.h:875:5:[m[K [01;36m[Knote: [m[K  template argument deduction/substitution failed:
[4.183s] [01m[K/home/steven/ros2_ws/src/first_stage/src/first_stage_endeffector/src/first_stage_endeffector.cpp:15:48:[m[K [01;31m[Kerror: [m[Ktemplate argument 1 is invalid
[4.183s]    15 |   auto node = [01;31m[Kstd::make_shared<RobotController>()[m[K;
[4.183s]       |               [01;31m[K~~~~~~~~~~~~~~~~~~~~~~~~~~~~~~~~~^~[m[K
[5.704s] gmake[2]: *** [CMakeFiles/first_stage_endeffector.dir/build.make:76：CMakeFiles/first_stage_endeffector.dir/src/first_stage_endeffector.cpp.o] 錯誤 1
[5.704s] gmake[1]: *** [CMakeFiles/Makefile2:137：CMakeFiles/first_stage_endeffector.dir/all] 錯誤 2
[5.705s] gmake: *** [Makefile:146：all] 錯誤 2
[5.706s] Invoked command in '/home/steven/ros2_ws/src/first_stage/build/first_stage_endeffector' returned '2': CMAKE_PREFIX_PATH=${CMAKE_PREFIX_PATH}:/home/steven/ros2_ws/src/first_stage/install/first_stage_rg2:/home/steven/ros2_ws/install/zed_receiver:/home/steven/ros2_ws/install/zed_camera_publisher:/home/steven/ros2_ws/install/yolov8_realsense:/home/steven/ros2_ws/install/ur5_control:/home/steven/ros2_ws/install/ur5:/home/steven/ros2_ws/install/udp_publisher:/home/steven/ros2_ws/install/rg2:/home/steven/ros2_ws/install/moveit_configs_utils:/home/steven/ros2_ws/install/lego_grasping:/home/steven/ros2_ws/install/first_stage_rg2:/home/steven/ws_moveit2/install/moveit_configs_utils:/home/steven/ws_moveit2/install/launch_param_builder:/opt/ros/humble /usr/bin/cmake --build /home/steven/ros2_ws/src/first_stage/build/first_stage_endeffector -- -j32 -l32
