[1.419s] Invoking command in '/home/user/ros2_ws/build/robotiq_85_msgs': CMAKE_PREFIX_PATH=${CMAKE_PREFIX_PATH}:/home/simulations/ros2_sims_ws/install/rclrs_tests:/home/simulations/ros2_sims_ws/install/examples_rclrs_minimal_client_service:/home/simulations/ros2_sims_ws/install/sensor_msgs_py:/home/simulations/ros2_sims_ws/install/examples_rclrs_minimal_pub_sub:/home/simulations/ros2_sims_ws/install/examples_rclrs_message_demo:/home/simulations/ros2_sims_ws/install/rclrs:/home/simulations/ros2_sims_ws/install/rosidl_runtime_rs:/home/user/ros2_ws/install/ros2test:/home/user/ros2_ws/install/robotiq_85_driver:/home/user/ros2_ws/install/moveit_configs_utils:/opt/ros/humble _=/usr/bin/env /usr/bin/cmake --build /home/user/ros2_ws/build/robotiq_85_msgs -- -j8 -l8
[1.780s] [  2%] [34m[1mGenerating Rust code for ROS interfaces[0m
[2.942s] [  2%] Built target robotiq_85_msgs__rs
[3.259s] [  2%] Built target ament_cmake_python_copy_robotiq_85_msgs
[3.478s] [  5%] Built target robotiq_85_msgs__cpp
[4.524s] running egg_info
[4.525s] writing robotiq_85_msgs.egg-info/PKG-INFO
[4.526s] writing dependency_links to robotiq_85_msgs.egg-info/dependency_links.txt
[4.527s] writing top-level names to robotiq_85_msgs.egg-info/top_level.txt
[4.531s] reading manifest file 'robotiq_85_msgs.egg-info/SOURCES.txt'
[4.532s] writing manifest file 'robotiq_85_msgs.egg-info/SOURCES.txt'
[4.695s] [  5%] Built target ament_cmake_python_build_robotiq_85_msgs_egg
[4.871s] [ 15%] Built target robotiq_85_msgs__rosidl_typesupport_cpp
[5.133s] [ 25%] Built target robotiq_85_msgs__rosidl_typesupport_introspection_cpp
[5.373s] [ 35%] Built target robotiq_85_msgs__rosidl_typesupport_fastrtps_cpp
[5.455s] [ 45%] Built target robotiq_85_msgs__rosidl_generator_c
[5.629s] [ 55%] Built target robotiq_85_msgs__rosidl_typesupport_fastrtps_c
[5.832s] [ 65%] Built target robotiq_85_msgs__rosidl_typesupport_c
[6.014s] [ 75%] Built target robotiq_85_msgs__rosidl_typesupport_introspection_c
[6.176s] [ 75%] Built target robotiq_85_msgs
[6.338s] [ 77%] Built target robotiq_85_msgs__py
[6.460s] [ 85%] Built target robotiq_85_msgs__rosidl_generator_py
[6.687s] [ 90%] Built target robotiq_85_msgs__rosidl_typesupport_fastrtps_c__pyext
[6.784s] [ 95%] Built target robotiq_85_msgs__rosidl_typesupport_c__pyext
[6.928s] [100%] Built target robotiq_85_msgs__rosidl_typesupport_introspection_c__pyext
