[0.163s] Invoking command in '/home/user/ros2_ws/build/simple_grasping': CMAKE_PREFIX_PATH=${CMAKE_PREFIX_PATH}:/home/simulations/ros2_sims_ws/install/rclrs_tests:/home/simulations/ros2_sims_ws/install/examples_rclrs_minimal_client_service:/home/simulations/ros2_sims_ws/install/sensor_msgs_py:/home/simulations/ros2_sims_ws/install/examples_rclrs_minimal_pub_sub:/home/simulations/ros2_sims_ws/install/examples_rclrs_message_demo:/home/simulations/ros2_sims_ws/install/rclrs:/home/simulations/ros2_sims_ws/install/rosidl_runtime_rs:/home/user/ros2_ws/install/ros2test:/home/user/ros2_ws/install/robotiq_85_driver:/home/user/ros2_ws/install/moveit_configs_utils:/opt/ros/humble _=/usr/bin/env /usr/bin/cmake --build /home/user/ros2_ws/build/simple_grasping -- -j8 -l8
[1.280s] [ 26%] Built target simple_grasping
[1.409s] [ 36%] Built target gtest
[1.592s] [ 47%] Built target grasp_planner
[1.760s] [ 57%] Built target basic_grasping_perception
[1.933s] [ 68%] Built target gtest_main
[2.142s] [ 78%] Built target grasp_planner_node
[2.367s] [ 89%] Built target simple_grasping_test_shape_extraction
[2.618s] [100%] Built target basic_grasping_perception_node
[2.703s] Invoked command in '/home/user/ros2_ws/build/simple_grasping' returned '0': CMAKE_PREFIX_PATH=${CMAKE_PREFIX_PATH}:/home/simulations/ros2_sims_ws/install/rclrs_tests:/home/simulations/ros2_sims_ws/install/examples_rclrs_minimal_client_service:/home/simulations/ros2_sims_ws/install/sensor_msgs_py:/home/simulations/ros2_sims_ws/install/examples_rclrs_minimal_pub_sub:/home/simulations/ros2_sims_ws/install/examples_rclrs_message_demo:/home/simulations/ros2_sims_ws/install/rclrs:/home/simulations/ros2_sims_ws/install/rosidl_runtime_rs:/home/user/ros2_ws/install/ros2test:/home/user/ros2_ws/install/robotiq_85_driver:/home/user/ros2_ws/install/moveit_configs_utils:/opt/ros/humble _=/usr/bin/env /usr/bin/cmake --build /home/user/ros2_ws/build/simple_grasping -- -j8 -l8
[3.610s] Invoking command in '/home/user/ros2_ws/build/simple_grasping': CMAKE_PREFIX_PATH=${CMAKE_PREFIX_PATH}:/home/simulations/ros2_sims_ws/install/rclrs_tests:/home/simulations/ros2_sims_ws/install/examples_rclrs_minimal_client_service:/home/simulations/ros2_sims_ws/install/sensor_msgs_py:/home/simulations/ros2_sims_ws/install/examples_rclrs_minimal_pub_sub:/home/simulations/ros2_sims_ws/install/examples_rclrs_message_demo:/home/simulations/ros2_sims_ws/install/rclrs:/home/simulations/ros2_sims_ws/install/rosidl_runtime_rs:/home/user/ros2_ws/install/ros2test:/home/user/ros2_ws/install/robotiq_85_driver:/home/user/ros2_ws/install/moveit_configs_utils:/opt/ros/humble _=/usr/bin/env /usr/bin/cmake --install /home/user/ros2_ws/build/simple_grasping
[3.634s] -- Install configuration: ""
[3.634s] -- Up-to-date: /home/user/ros2_ws/install/simple_grasping/lib/simple_grasping/basic_grasping_perception_node
[3.635s] -- Up-to-date: /home/user/ros2_ws/install/simple_grasping/lib/simple_grasping/grasp_planner_node
[3.635s] -- Up-to-date: /home/user/ros2_ws/install/simple_grasping/include
[3.636s] -- Up-to-date: /home/user/ros2_ws/install/simple_grasping/include/simple_grasping
[3.636s] -- Up-to-date: /home/user/ros2_ws/install/simple_grasping/include/simple_grasping/shape_extraction.h
[3.636s] -- Up-to-date: /home/user/ros2_ws/install/simple_grasping/include/simple_grasping/object_support_segmentation.h
[3.636s] -- Up-to-date: /home/user/ros2_ws/install/simple_grasping/include/simple_grasping/shape_grasp_planner.h
[3.637s] -- Up-to-date: /home/user/ros2_ws/install/simple_grasping/include/simple_grasping/cloud_tools.h
[3.637s] -- Up-to-date: /home/user/ros2_ws/install/simple_grasping/lib/simple_grasping/do_perception.py
[3.637s] -- Up-to-date: /home/user/ros2_ws/install/simple_grasping/lib/libsimple_grasping.so
[3.637s] -- Up-to-date: /home/user/ros2_ws/install/simple_grasping/lib/libbasic_grasping_perception.so
[3.637s] -- Up-to-date: /home/user/ros2_ws/install/simple_grasping/lib/libgrasp_planner.so
[3.638s] -- Up-to-date: /home/user/ros2_ws/install/simple_grasping/share/simple_grasping/environment/library_path.sh
[3.638s] -- Up-to-date: /home/user/ros2_ws/install/simple_grasping/share/simple_grasping/environment/library_path.dsv
[3.639s] -- Up-to-date: /home/user/ros2_ws/install/simple_grasping/share/ament_index/resource_index/package_run_dependencies/simple_grasping
[3.639s] -- Up-to-date: /home/user/ros2_ws/install/simple_grasping/share/ament_index/resource_index/parent_prefix_path/simple_grasping
[3.639s] -- Up-to-date: /home/user/ros2_ws/install/simple_grasping/share/simple_grasping/environment/ament_prefix_path.sh
[3.639s] -- Up-to-date: /home/user/ros2_ws/install/simple_grasping/share/simple_grasping/environment/ament_prefix_path.dsv
[3.640s] -- Up-to-date: /home/user/ros2_ws/install/simple_grasping/share/simple_grasping/environment/path.sh
[3.640s] -- Up-to-date: /home/user/ros2_ws/install/simple_grasping/share/simple_grasping/environment/path.dsv
[3.640s] -- Up-to-date: /home/user/ros2_ws/install/simple_grasping/share/simple_grasping/local_setup.bash
[3.641s] -- Up-to-date: /home/user/ros2_ws/install/simple_grasping/share/simple_grasping/local_setup.sh
[3.641s] -- Up-to-date: /home/user/ros2_ws/install/simple_grasping/share/simple_grasping/local_setup.zsh
[3.641s] -- Up-to-date: /home/user/ros2_ws/install/simple_grasping/share/simple_grasping/local_setup.dsv
[3.641s] -- Installing: /home/user/ros2_ws/install/simple_grasping/share/simple_grasping/package.dsv
[3.641s] -- Up-to-date: /home/user/ros2_ws/install/simple_grasping/share/ament_index/resource_index/packages/simple_grasping
[3.641s] -- Up-to-date: /home/user/ros2_ws/install/simple_grasping/share/ament_index/resource_index/rclcpp_components/simple_grasping
[3.642s] -- Up-to-date: /home/user/ros2_ws/install/simple_grasping/share/simple_grasping/cmake/ament_cmake_export_include_directories-extras.cmake
[3.642s] -- Up-to-date: /home/user/ros2_ws/install/simple_grasping/share/simple_grasping/cmake/ament_cmake_export_libraries-extras.cmake
[3.642s] -- Up-to-date: /home/user/ros2_ws/install/simple_grasping/share/simple_grasping/cmake/ament_cmake_export_dependencies-extras.cmake
[3.642s] -- Up-to-date: /home/user/ros2_ws/install/simple_grasping/share/simple_grasping/cmake/simple_graspingConfig.cmake
[3.642s] -- Up-to-date: /home/user/ros2_ws/install/simple_grasping/share/simple_grasping/cmake/simple_graspingConfig-version.cmake
[3.642s] -- Up-to-date: /home/user/ros2_ws/install/simple_grasping/share/simple_grasping/package.xml
[3.650s] Invoked command in '/home/user/ros2_ws/build/simple_grasping' returned '0': CMAKE_PREFIX_PATH=${CMAKE_PREFIX_PATH}:/home/simulations/ros2_sims_ws/install/rclrs_tests:/home/simulations/ros2_sims_ws/install/examples_rclrs_minimal_client_service:/home/simulations/ros2_sims_ws/install/sensor_msgs_py:/home/simulations/ros2_sims_ws/install/examples_rclrs_minimal_pub_sub:/home/simulations/ros2_sims_ws/install/examples_rclrs_message_demo:/home/simulations/ros2_sims_ws/install/rclrs:/home/simulations/ros2_sims_ws/install/rosidl_runtime_rs:/home/user/ros2_ws/install/ros2test:/home/user/ros2_ws/install/robotiq_85_driver:/home/user/ros2_ws/install/moveit_configs_utils:/opt/ros/humble _=/usr/bin/env /usr/bin/cmake --install /home/user/ros2_ws/build/simple_grasping
