[0.823s] Invoking command in '/home/user/ros2_ws/build/ur_description': CMAKE_PREFIX_PATH=${CMAKE_PREFIX_PATH}:/home/simulations/ros2_sims_ws/install/rclrs_tests:/home/simulations/ros2_sims_ws/install/examples_rclrs_minimal_client_service:/home/simulations/ros2_sims_ws/install/sensor_msgs_py:/home/simulations/ros2_sims_ws/install/examples_rclrs_minimal_pub_sub:/home/simulations/ros2_sims_ws/install/examples_rclrs_message_demo:/home/simulations/ros2_sims_ws/install/rclrs:/home/simulations/ros2_sims_ws/install/rosidl_runtime_rs:/home/user/ros2_ws/install/ros2test:/home/user/ros2_ws/install/robotiq_85_driver:/home/user/ros2_ws/install/moveit_configs_utils:/opt/ros/humble _=/usr/bin/env /usr/bin/cmake --build /home/user/ros2_ws/build/ur_description -- -j8 -l8
[0.941s] Invoked command in '/home/user/ros2_ws/build/ur_description' returned '0': CMAKE_PREFIX_PATH=${CMAKE_PREFIX_PATH}:/home/simulations/ros2_sims_ws/install/rclrs_tests:/home/simulations/ros2_sims_ws/install/examples_rclrs_minimal_client_service:/home/simulations/ros2_sims_ws/install/sensor_msgs_py:/home/simulations/ros2_sims_ws/install/examples_rclrs_minimal_pub_sub:/home/simulations/ros2_sims_ws/install/examples_rclrs_message_demo:/home/simulations/ros2_sims_ws/install/rclrs:/home/simulations/ros2_sims_ws/install/rosidl_runtime_rs:/home/user/ros2_ws/install/ros2test:/home/user/ros2_ws/install/robotiq_85_driver:/home/user/ros2_ws/install/moveit_configs_utils:/opt/ros/humble _=/usr/bin/env /usr/bin/cmake --build /home/user/ros2_ws/build/ur_description -- -j8 -l8
[1.068s] Invoking command in '/home/user/ros2_ws/build/ur_description': CMAKE_PREFIX_PATH=${CMAKE_PREFIX_PATH}:/home/simulations/ros2_sims_ws/install/rclrs_tests:/home/simulations/ros2_sims_ws/install/examples_rclrs_minimal_client_service:/home/simulations/ros2_sims_ws/install/sensor_msgs_py:/home/simulations/ros2_sims_ws/install/examples_rclrs_minimal_pub_sub:/home/simulations/ros2_sims_ws/install/examples_rclrs_message_demo:/home/simulations/ros2_sims_ws/install/rclrs:/home/simulations/ros2_sims_ws/install/rosidl_runtime_rs:/home/user/ros2_ws/install/ros2test:/home/user/ros2_ws/install/robotiq_85_driver:/home/user/ros2_ws/install/moveit_configs_utils:/opt/ros/humble _=/usr/bin/env /usr/bin/cmake --install /home/user/ros2_ws/build/ur_description
[1.110s] -- Install configuration: ""
[1.110s] -- Up-to-date: /home/user/ros2_ws/install/ur_description/share/ur_description/config
[1.110s] -- Up-to-date: /home/user/ros2_ws/install/ur_description/share/ur_description/config/ur16e
[1.110s] -- Up-to-date: /home/user/ros2_ws/install/ur_description/share/ur_description/config/ur16e/visual_parameters.yaml
[1.110s] -- Up-to-date: /home/user/ros2_ws/install/ur_description/share/ur_description/config/ur16e/default_kinematics.yaml
[1.110s] -- Up-to-date: /home/user/ros2_ws/install/ur_description/share/ur_description/config/ur16e/joint_limits.yaml
[1.111s] -- Up-to-date: /home/user/ros2_ws/install/ur_description/share/ur_description/config/ur16e/physical_parameters.yaml
[1.111s] -- Up-to-date: /home/user/ros2_ws/install/ur_description/share/ur_description/config/ur10e
[1.111s] -- Up-to-date: /home/user/ros2_ws/install/ur_description/share/ur_description/config/ur10e/visual_parameters.yaml
[1.111s] -- Up-to-date: /home/user/ros2_ws/install/ur_description/share/ur_description/config/ur10e/default_kinematics.yaml
[1.111s] -- Up-to-date: /home/user/ros2_ws/install/ur_description/share/ur_description/config/ur10e/joint_limits.yaml
[1.112s] -- Up-to-date: /home/user/ros2_ws/install/ur_description/share/ur_description/config/ur10e/physical_parameters.yaml
[1.112s] -- Up-to-date: /home/user/ros2_ws/install/ur_description/share/ur_description/config/ur3
[1.112s] -- Up-to-date: /home/user/ros2_ws/install/ur_description/share/ur_description/config/ur3/visual_parameters.yaml
[1.119s] -- Up-to-date: /home/user/ros2_ws/install/ur_description/share/ur_description/config/ur3/default_kinematics.yaml
[1.120s] -- Up-to-date: /home/user/ros2_ws/install/ur_description/share/ur_description/config/ur3/joint_limits.yaml
[1.121s] -- Up-to-date: /home/user/ros2_ws/install/ur_description/share/ur_description/config/ur3/physical_parameters.yaml
[1.122s] -- Up-to-date: /home/user/ros2_ws/install/ur_description/share/ur_description/config/ur5
[1.122s] -- Up-to-date: /home/user/ros2_ws/install/ur_description/share/ur_description/config/ur5/visual_parameters.yaml
[1.123s] -- Up-to-date: /home/user/ros2_ws/install/ur_description/share/ur_description/config/ur5/default_kinematics.yaml
[1.124s] -- Up-to-date: /home/user/ros2_ws/install/ur_description/share/ur_description/config/ur5/joint_limits.yaml
[1.124s] -- Up-to-date: /home/user/ros2_ws/install/ur_description/share/ur_description/config/ur5/physical_parameters.yaml
[1.124s] -- Up-to-date: /home/user/ros2_ws/install/ur_description/share/ur_description/config/ur10
[1.124s] -- Up-to-date: /home/user/ros2_ws/install/ur_description/share/ur_description/config/ur10/visual_parameters.yaml
[1.124s] -- Up-to-date: /home/user/ros2_ws/install/ur_description/share/ur_description/config/ur10/default_kinematics.yaml
[1.125s] -- Up-to-date: /home/user/ros2_ws/install/ur_description/share/ur_description/config/ur10/joint_limits.yaml
[1.125s] -- Up-to-date: /home/user/ros2_ws/install/ur_description/share/ur_description/config/ur10/physical_parameters.yaml
[1.125s] -- Up-to-date: /home/user/ros2_ws/install/ur_description/share/ur_description/config/ur5e
[1.125s] -- Up-to-date: /home/user/ros2_ws/install/ur_description/share/ur_description/config/ur5e/visual_parameters.yaml
[1.125s] -- Up-to-date: /home/user/ros2_ws/install/ur_description/share/ur_description/config/ur5e/default_kinematics.yaml
[1.125s] -- Up-to-date: /home/user/ros2_ws/install/ur_description/share/ur_description/config/ur5e/joint_limits.yaml
[1.126s] -- Up-to-date: /home/user/ros2_ws/install/ur_description/share/ur_description/config/ur5e/physical_parameters.yaml
[1.126s] -- Up-to-date: /home/user/ros2_ws/install/ur_description/share/ur_description/config/initial_positions.yaml
[1.126s] -- Up-to-date: /home/user/ros2_ws/install/ur_description/share/ur_description/config/ur3e
[1.126s] -- Up-to-date: /home/user/ros2_ws/install/ur_description/share/ur_description/config/ur3e/visual_parameters.yaml
[1.126s] -- Up-to-date: /home/user/ros2_ws/install/ur_description/share/ur_description/config/ur3e/default_kinematics.yaml
[1.126s] -- Up-to-date: /home/user/ros2_ws/install/ur_description/share/ur_description/config/ur3e/joint_limits.yaml
[1.127s] -- Up-to-date: /home/user/ros2_ws/install/ur_description/share/ur_description/config/ur3e/physical_parameters.yaml
[1.127s] -- Up-to-date: /home/user/ros2_ws/install/ur_description/share/ur_description/launch
[1.127s] -- Up-to-date: /home/user/ros2_ws/install/ur_description/share/ur_description/launch/view_ur.launch.py
[1.127s] -- Up-to-date: /home/user/ros2_ws/install/ur_description/share/ur_description/meshes
[1.128s] -- Up-to-date: /home/user/ros2_ws/install/ur_description/share/ur_description/meshes/ur16e
[1.128s] -- Up-to-date: /home/user/ros2_ws/install/ur_description/share/ur_description/meshes/ur16e/collision
[1.128s] -- Up-to-date: /home/user/ros2_ws/install/ur_description/share/ur_description/meshes/ur16e/collision/upperarm.stl
[1.130s] -- Up-to-date: /home/user/ros2_ws/install/ur_description/share/ur_description/meshes/ur16e/collision/forearm.stl
[1.131s] -- Up-to-date: /home/user/ros2_ws/install/ur_description/share/ur_description/meshes/ur16e/visual
[1.131s] -- Up-to-date: /home/user/ros2_ws/install/ur_description/share/ur_description/meshes/ur16e/visual/upperarm.dae
[1.131s] -- Up-to-date: /home/user/ros2_ws/install/ur_description/share/ur_description/meshes/ur16e/visual/forearm.dae
[1.131s] -- Up-to-date: /home/user/ros2_ws/install/ur_description/share/ur_description/meshes/ur10e
[1.132s] -- Up-to-date: /home/user/ros2_ws/install/ur_description/share/ur_description/meshes/ur10e/collision
[1.133s] -- Up-to-date: /home/user/ros2_ws/install/ur_description/share/ur_description/meshes/ur10e/collision/upperarm.stl
[1.133s] -- Up-to-date: /home/user/ros2_ws/install/ur_description/share/ur_description/meshes/ur10e/collision/wrist1.stl
[1.140s] -- Up-to-date: /home/user/ros2_ws/install/ur_description/share/ur_description/meshes/ur10e/collision/wrist3.stl
[1.140s] -- Up-to-date: /home/user/ros2_ws/install/ur_description/share/ur_description/meshes/ur10e/collision/base.stl
[1.140s] -- Up-to-date: /home/user/ros2_ws/install/ur_description/share/ur_description/meshes/ur10e/collision/shoulder.stl
[1.141s] -- Up-to-date: /home/user/ros2_ws/install/ur_description/share/ur_description/meshes/ur10e/collision/forearm.stl
[1.141s] -- Up-to-date: /home/user/ros2_ws/install/ur_description/share/ur_description/meshes/ur10e/collision/wrist2.stl
[1.141s] -- Up-to-date: /home/user/ros2_ws/install/ur_description/share/ur_description/meshes/ur10e/visual
[1.141s] -- Up-to-date: /home/user/ros2_ws/install/ur_description/share/ur_description/meshes/ur10e/visual/base.dae
[1.141s] -- Up-to-date: /home/user/ros2_ws/install/ur_description/share/ur_description/meshes/ur10e/visual/wrist3.dae
[1.141s] -- Up-to-date: /home/user/ros2_ws/install/ur_description/share/ur_description/meshes/ur10e/visual/upperarm.dae
[1.141s] -- Up-to-date: /home/user/ros2_ws/install/ur_description/share/ur_description/meshes/ur10e/visual/wrist2.dae
[1.142s] -- Up-to-date: /home/user/ros2_ws/install/ur_description/share/ur_description/meshes/ur10e/visual/forearm.dae
[1.142s] -- Up-to-date: /home/user/ros2_ws/install/ur_description/share/ur_description/meshes/ur10e/visual/wrist1.dae
[1.142s] -- Up-to-date: /home/user/ros2_ws/install/ur_description/share/ur_description/meshes/ur10e/visual/shoulder.dae
[1.142s] -- Up-to-date: /home/user/ros2_ws/install/ur_description/share/ur_description/meshes/ur3
[1.142s] -- Up-to-date: /home/user/ros2_ws/install/ur_description/share/ur_description/meshes/ur3/collision
[1.142s] -- Up-to-date: /home/user/ros2_ws/install/ur_description/share/ur_description/meshes/ur3/collision/upperarm.stl
[1.142s] -- Up-to-date: /home/user/ros2_ws/install/ur_description/share/ur_description/meshes/ur3/collision/wrist1.stl
[1.143s] -- Up-to-date: /home/user/ros2_ws/install/ur_description/share/ur_description/meshes/ur3/collision/wrist3.stl
[1.143s] -- Up-to-date: /home/user/ros2_ws/install/ur_description/share/ur_description/meshes/ur3/collision/base.stl
[1.147s] -- Up-to-date: /home/user/ros2_ws/install/ur_description/share/ur_description/meshes/ur3/collision/shoulder.stl
[1.147s] -- Up-to-date: /home/user/ros2_ws/install/ur_description/share/ur_description/meshes/ur3/collision/forearm.stl
[1.152s] -- Up-to-date: /home/user/ros2_ws/install/ur_description/share/ur_description/meshes/ur3/collision/wrist2.stl
[1.152s] -- Up-to-date: /home/user/ros2_ws/install/ur_description/share/ur_description/meshes/ur3/visual
[1.153s] -- Up-to-date: /home/user/ros2_ws/install/ur_description/share/ur_description/meshes/ur3/visual/base.dae
[1.153s] -- Up-to-date: /home/user/ros2_ws/install/ur_description/share/ur_description/meshes/ur3/visual/wrist3.dae
[1.154s] -- Up-to-date: /home/user/ros2_ws/install/ur_description/share/ur_description/meshes/ur3/visual/upperarm.dae
[1.156s] -- Up-to-date: /home/user/ros2_ws/install/ur_description/share/ur_description/meshes/ur3/visual/wrist2.dae
[1.157s] -- Up-to-date: /home/user/ros2_ws/install/ur_description/share/ur_description/meshes/ur3/visual/forearm.dae
[1.157s] -- Up-to-date: /home/user/ros2_ws/install/ur_description/share/ur_description/meshes/ur3/visual/wrist1.dae
[1.158s] -- Up-to-date: /home/user/ros2_ws/install/ur_description/share/ur_description/meshes/ur3/visual/shoulder.dae
[1.160s] -- Up-to-date: /home/user/ros2_ws/install/ur_description/share/ur_description/meshes/ur5
[1.161s] -- Up-to-date: /home/user/ros2_ws/install/ur_description/share/ur_description/meshes/ur5/collision
[1.162s] -- Up-to-date: /home/user/ros2_ws/install/ur_description/share/ur_description/meshes/ur5/collision/upperarm.stl
[1.163s] -- Up-to-date: /home/user/ros2_ws/install/ur_description/share/ur_description/meshes/ur5/collision/wrist1.stl
[1.168s] -- Up-to-date: /home/user/ros2_ws/install/ur_description/share/ur_description/meshes/ur5/collision/wrist3.stl
[1.168s] -- Up-to-date: /home/user/ros2_ws/install/ur_description/share/ur_description/meshes/ur5/collision/base.stl
[1.168s] -- Up-to-date: /home/user/ros2_ws/install/ur_description/share/ur_description/meshes/ur5/collision/shoulder.stl
[1.169s] -- Up-to-date: /home/user/ros2_ws/install/ur_description/share/ur_description/meshes/ur5/collision/forearm.stl
[1.169s] -- Up-to-date: /home/user/ros2_ws/install/ur_description/share/ur_description/meshes/ur5/collision/wrist2.stl
[1.169s] -- Up-to-date: /home/user/ros2_ws/install/ur_description/share/ur_description/meshes/ur5/visual
[1.169s] -- Up-to-date: /home/user/ros2_ws/install/ur_description/share/ur_description/meshes/ur5/visual/base.dae
[1.169s] -- Up-to-date: /home/user/ros2_ws/install/ur_description/share/ur_description/meshes/ur5/visual/wrist3.dae
[1.170s] -- Up-to-date: /home/user/ros2_ws/install/ur_description/share/ur_description/meshes/ur5/visual/upperarm.dae
[1.170s] -- Up-to-date: /home/user/ros2_ws/install/ur_description/share/ur_description/meshes/ur5/visual/wrist2.dae
[1.170s] -- Up-to-date: /home/user/ros2_ws/install/ur_description/share/ur_description/meshes/ur5/visual/forearm.dae
[1.170s] -- Up-to-date: /home/user/ros2_ws/install/ur_description/share/ur_description/meshes/ur5/visual/wrist1.dae
[1.170s] -- Up-to-date: /home/user/ros2_ws/install/ur_description/share/ur_description/meshes/ur5/visual/shoulder.dae
[1.170s] -- Up-to-date: /home/user/ros2_ws/install/ur_description/share/ur_description/meshes/ur10
[1.171s] -- Up-to-date: /home/user/ros2_ws/install/ur_description/share/ur_description/meshes/ur10/collision
[1.171s] -- Up-to-date: /home/user/ros2_ws/install/ur_description/share/ur_description/meshes/ur10/collision/upperarm.stl
[1.171s] -- Up-to-date: /home/user/ros2_ws/install/ur_description/share/ur_description/meshes/ur10/collision/wrist1.stl
[1.171s] -- Up-to-date: /home/user/ros2_ws/install/ur_description/share/ur_description/meshes/ur10/collision/wrist3.stl
[1.171s] -- Up-to-date: /home/user/ros2_ws/install/ur_description/share/ur_description/meshes/ur10/collision/base.stl
[1.172s] -- Up-to-date: /home/user/ros2_ws/install/ur_description/share/ur_description/meshes/ur10/collision/shoulder.stl
[1.172s] -- Up-to-date: /home/user/ros2_ws/install/ur_description/share/ur_description/meshes/ur10/collision/forearm.stl
[1.172s] -- Up-to-date: /home/user/ros2_ws/install/ur_description/share/ur_description/meshes/ur10/collision/wrist2.stl
[1.172s] -- Up-to-date: /home/user/ros2_ws/install/ur_description/share/ur_description/meshes/ur10/visual
[1.173s] -- Up-to-date: /home/user/ros2_ws/install/ur_description/share/ur_description/meshes/ur10/visual/base.dae
[1.173s] -- Up-to-date: /home/user/ros2_ws/install/ur_description/share/ur_description/meshes/ur10/visual/wrist3.dae
[1.173s] -- Up-to-date: /home/user/ros2_ws/install/ur_description/share/ur_description/meshes/ur10/visual/upperarm.dae
[1.173s] -- Up-to-date: /home/user/ros2_ws/install/ur_description/share/ur_description/meshes/ur10/visual/wrist2.dae
[1.173s] -- Up-to-date: /home/user/ros2_ws/install/ur_description/share/ur_description/meshes/ur10/visual/forearm.dae
[1.174s] -- Up-to-date: /home/user/ros2_ws/install/ur_description/share/ur_description/meshes/ur10/visual/wrist1.dae
[1.174s] -- Up-to-date: /home/user/ros2_ws/install/ur_description/share/ur_description/meshes/ur10/visual/shoulder.dae
[1.174s] -- Up-to-date: /home/user/ros2_ws/install/ur_description/share/ur_description/meshes/ur5e
[1.174s] -- Up-to-date: /home/user/ros2_ws/install/ur_description/share/ur_description/meshes/ur5e/collision
[1.174s] -- Up-to-date: /home/user/ros2_ws/install/ur_description/share/ur_description/meshes/ur5e/collision/upperarm.stl
[1.175s] -- Up-to-date: /home/user/ros2_ws/install/ur_description/share/ur_description/meshes/ur5e/collision/wrist1.stl
[1.175s] -- Up-to-date: /home/user/ros2_ws/install/ur_description/share/ur_description/meshes/ur5e/collision/wrist3.stl
[1.175s] -- Up-to-date: /home/user/ros2_ws/install/ur_description/share/ur_description/meshes/ur5e/collision/base.stl
[1.175s] -- Up-to-date: /home/user/ros2_ws/install/ur_description/share/ur_description/meshes/ur5e/collision/shoulder.stl
[1.175s] -- Up-to-date: /home/user/ros2_ws/install/ur_description/share/ur_description/meshes/ur5e/collision/forearm.stl
[1.175s] -- Up-to-date: /home/user/ros2_ws/install/ur_description/share/ur_description/meshes/ur5e/collision/wrist2.stl
[1.176s] -- Up-to-date: /home/user/ros2_ws/install/ur_description/share/ur_description/meshes/ur5e/visual
[1.176s] -- Up-to-date: /home/user/ros2_ws/install/ur_description/share/ur_description/meshes/ur5e/visual/base.dae
[1.182s] -- Up-to-date: /home/user/ros2_ws/install/ur_description/share/ur_description/meshes/ur5e/visual/wrist3.dae
[1.182s] -- Up-to-date: /home/user/ros2_ws/install/ur_description/share/ur_description/meshes/ur5e/visual/upperarm.dae
[1.183s] -- Up-to-date: /home/user/ros2_ws/install/ur_description/share/ur_description/meshes/ur5e/visual/wrist2.dae
[1.183s] -- Up-to-date: /home/user/ros2_ws/install/ur_description/share/ur_description/meshes/ur5e/visual/forearm.dae
[1.184s] -- Up-to-date: /home/user/ros2_ws/install/ur_description/share/ur_description/meshes/ur5e/visual/wrist1.dae
[1.184s] -- Up-to-date: /home/user/ros2_ws/install/ur_description/share/ur_description/meshes/ur5e/visual/shoulder.dae
[1.184s] -- Up-to-date: /home/user/ros2_ws/install/ur_description/share/ur_description/meshes/ur3e
[1.186s] -- Up-to-date: /home/user/ros2_ws/install/ur_description/share/ur_description/meshes/ur3e/collision
[1.187s] -- Up-to-date: /home/user/ros2_ws/install/ur_description/share/ur_description/meshes/ur3e/collision/upperarm.stl
[1.187s] -- Up-to-date: /home/user/ros2_ws/install/ur_description/share/ur_description/meshes/ur3e/collision/wrist1.stl
[1.188s] -- Up-to-date: /home/user/ros2_ws/install/ur_description/share/ur_description/meshes/ur3e/collision/wrist3.stl
[1.189s] -- Up-to-date: /home/user/ros2_ws/install/ur_description/share/ur_description/meshes/ur3e/collision/base.stl
[1.191s] -- Up-to-date: /home/user/ros2_ws/install/ur_description/share/ur_description/meshes/ur3e/collision/shoulder.stl
[1.191s] -- Up-to-date: /home/user/ros2_ws/install/ur_description/share/ur_description/meshes/ur3e/collision/forearm.stl
[1.191s] -- Up-to-date: /home/user/ros2_ws/install/ur_description/share/ur_description/meshes/ur3e/collision/wrist2.stl
[1.194s] -- Up-to-date: /home/user/ros2_ws/install/ur_description/share/ur_description/meshes/ur3e/visual
[1.195s] -- Up-to-date: /home/user/ros2_ws/install/ur_description/share/ur_description/meshes/ur3e/visual/base.dae
[1.195s] -- Up-to-date: /home/user/ros2_ws/install/ur_description/share/ur_description/meshes/ur3e/visual/wrist3.dae
[1.195s] -- Up-to-date: /home/user/ros2_ws/install/ur_description/share/ur_description/meshes/ur3e/visual/upperarm.dae
[1.195s] -- Up-to-date: /home/user/ros2_ws/install/ur_description/share/ur_description/meshes/ur3e/visual/wrist2.dae
[1.195s] -- Up-to-date: /home/user/ros2_ws/install/ur_description/share/ur_description/meshes/ur3e/visual/forearm.dae
[1.196s] -- Up-to-date: /home/user/ros2_ws/install/ur_description/share/ur_description/meshes/ur3e/visual/wrist1.dae
[1.196s] -- Up-to-date: /home/user/ros2_ws/install/ur_description/share/ur_description/meshes/ur3e/visual/shoulder.dae
[1.196s] -- Up-to-date: /home/user/ros2_ws/install/ur_description/share/ur_description/rviz
[1.197s] -- Up-to-date: /home/user/ros2_ws/install/ur_description/share/ur_description/rviz/view_robot.rviz
[1.197s] -- Up-to-date: /home/user/ros2_ws/install/ur_description/share/ur_description/urdf
[1.197s] -- Up-to-date: /home/user/ros2_ws/install/ur_description/share/ur_description/urdf/inc
[1.197s] -- Up-to-date: /home/user/ros2_ws/install/ur_description/share/ur_description/urdf/inc/ur_transmissions.xacro
[1.197s] -- Up-to-date: /home/user/ros2_ws/install/ur_description/share/ur_description/urdf/inc/ur_common.xacro
[1.198s] -- Up-to-date: /home/user/ros2_ws/install/ur_description/share/ur_description/urdf/ur_macro.xacro
[1.198s] -- Up-to-date: /home/user/ros2_ws/install/ur_description/share/ur_description/urdf/ur.ros2_control.xacro
[1.198s] -- Up-to-date: /home/user/ros2_ws/install/ur_description/share/ur_description/urdf/ur.urdf.xacro
[1.199s] -- Up-to-date: /home/user/ros2_ws/install/ur_description/share/ur_description/test
[1.199s] -- Up-to-date: /home/user/ros2_ws/install/ur_description/share/ur_description/test/test_ur_urdf_xacro.py
[1.199s] -- Up-to-date: /home/user/ros2_ws/install/ur_description/share/ur_description/test/test_view_ur_launch.py
[1.199s] -- Up-to-date: /home/user/ros2_ws/install/ur_description/share/ament_index/resource_index/package_run_dependencies/ur_description
[1.200s] -- Up-to-date: /home/user/ros2_ws/install/ur_description/share/ament_index/resource_index/parent_prefix_path/ur_description
[1.200s] -- Up-to-date: /home/user/ros2_ws/install/ur_description/share/ur_description/environment/ament_prefix_path.sh
[1.200s] -- Up-to-date: /home/user/ros2_ws/install/ur_description/share/ur_description/environment/ament_prefix_path.dsv
[1.200s] -- Up-to-date: /home/user/ros2_ws/install/ur_description/share/ur_description/environment/path.sh
[1.200s] -- Up-to-date: /home/user/ros2_ws/install/ur_description/share/ur_description/environment/path.dsv
[1.201s] -- Up-to-date: /home/user/ros2_ws/install/ur_description/share/ur_description/local_setup.bash
[1.201s] -- Up-to-date: /home/user/ros2_ws/install/ur_description/share/ur_description/local_setup.sh
[1.201s] -- Up-to-date: /home/user/ros2_ws/install/ur_description/share/ur_description/local_setup.zsh
[1.201s] -- Up-to-date: /home/user/ros2_ws/install/ur_description/share/ur_description/local_setup.dsv
[1.201s] -- Installing: /home/user/ros2_ws/install/ur_description/share/ur_description/package.dsv
[1.201s] -- Up-to-date: /home/user/ros2_ws/install/ur_description/share/ament_index/resource_index/packages/ur_description
[1.202s] -- Up-to-date: /home/user/ros2_ws/install/ur_description/share/ur_description/cmake/ur_descriptionConfig.cmake
[1.202s] -- Up-to-date: /home/user/ros2_ws/install/ur_description/share/ur_description/cmake/ur_descriptionConfig-version.cmake
[1.202s] -- Up-to-date: /home/user/ros2_ws/install/ur_description/share/ur_description/package.xml
[1.203s] Invoked command in '/home/user/ros2_ws/build/ur_description' returned '0': CMAKE_PREFIX_PATH=${CMAKE_PREFIX_PATH}:/home/simulations/ros2_sims_ws/install/rclrs_tests:/home/simulations/ros2_sims_ws/install/examples_rclrs_minimal_client_service:/home/simulations/ros2_sims_ws/install/sensor_msgs_py:/home/simulations/ros2_sims_ws/install/examples_rclrs_minimal_pub_sub:/home/simulations/ros2_sims_ws/install/examples_rclrs_message_demo:/home/simulations/ros2_sims_ws/install/rclrs:/home/simulations/ros2_sims_ws/install/rosidl_runtime_rs:/home/user/ros2_ws/install/ros2test:/home/user/ros2_ws/install/robotiq_85_driver:/home/user/ros2_ws/install/moveit_configs_utils:/opt/ros/humble _=/usr/bin/env /usr/bin/cmake --install /home/user/ros2_ws/build/ur_description
