[0.139s] Invoking command in '/home/user/ros2_ws/build/tf2': CMAKE_PREFIX_PATH=${CMAKE_PREFIX_PATH}:/home/simulations/ros2_sims_ws/install/rclrs_tests:/home/simulations/ros2_sims_ws/install/examples_rclrs_minimal_client_service:/home/simulations/ros2_sims_ws/install/sensor_msgs_py:/home/simulations/ros2_sims_ws/install/examples_rclrs_minimal_pub_sub:/home/simulations/ros2_sims_ws/install/examples_rclrs_message_demo:/home/simulations/ros2_sims_ws/install/rclrs:/home/simulations/ros2_sims_ws/install/rosidl_runtime_rs:/home/user/ros2_ws/install/ros2test:/home/user/ros2_ws/install/robotiq_85_driver:/home/user/ros2_ws/install/moveit_configs_utils:/opt/ros/humble _=/usr/bin/env /usr/bin/cmake --build /home/user/ros2_ws/build/tf2 -- -j8 -l8
[1.196s] [35m[1mConsolidate compiler generated dependencies of target gtest_main[0m
[1.197s] [35m[1mConsolidate compiler generated dependencies of target gtest[0m
[1.197s] [35m[1mConsolidate compiler generated dependencies of target tf2[0m
[1.198s] [ 35%] Built target tf2
[1.198s] [ 41%] Built target gtest_main
[1.198s] [ 52%] Built target gtest
[1.199s] [35m[1mConsolidate compiler generated dependencies of target test_cache_unittest[0m
[1.202s] [35m[1mConsolidate compiler generated dependencies of target test_static_cache_unittest[0m
[1.202s] [35m[1mConsolidate compiler generated dependencies of target test_simple[0m
[1.202s] [35m[1mConsolidate compiler generated dependencies of target test_time[0m
[1.202s] [ 64%] Built target test_cache_unittest
[1.202s] [ 76%] Built target test_static_cache_unittest
[1.202s] [ 88%] Built target test_simple
[1.202s] [100%] Built target test_time
[1.209s] Invoked command in '/home/user/ros2_ws/build/tf2' returned '0': CMAKE_PREFIX_PATH=${CMAKE_PREFIX_PATH}:/home/simulations/ros2_sims_ws/install/rclrs_tests:/home/simulations/ros2_sims_ws/install/examples_rclrs_minimal_client_service:/home/simulations/ros2_sims_ws/install/sensor_msgs_py:/home/simulations/ros2_sims_ws/install/examples_rclrs_minimal_pub_sub:/home/simulations/ros2_sims_ws/install/examples_rclrs_message_demo:/home/simulations/ros2_sims_ws/install/rclrs:/home/simulations/ros2_sims_ws/install/rosidl_runtime_rs:/home/user/ros2_ws/install/ros2test:/home/user/ros2_ws/install/robotiq_85_driver:/home/user/ros2_ws/install/moveit_configs_utils:/opt/ros/humble _=/usr/bin/env /usr/bin/cmake --build /home/user/ros2_ws/build/tf2 -- -j8 -l8
[1.647s] Invoking command in '/home/user/ros2_ws/build/tf2': CMAKE_PREFIX_PATH=${CMAKE_PREFIX_PATH}:/home/simulations/ros2_sims_ws/install/rclrs_tests:/home/simulations/ros2_sims_ws/install/examples_rclrs_minimal_client_service:/home/simulations/ros2_sims_ws/install/sensor_msgs_py:/home/simulations/ros2_sims_ws/install/examples_rclrs_minimal_pub_sub:/home/simulations/ros2_sims_ws/install/examples_rclrs_message_demo:/home/simulations/ros2_sims_ws/install/rclrs:/home/simulations/ros2_sims_ws/install/rosidl_runtime_rs:/home/user/ros2_ws/install/ros2test:/home/user/ros2_ws/install/robotiq_85_driver:/home/user/ros2_ws/install/moveit_configs_utils:/opt/ros/humble _=/usr/bin/env /usr/bin/cmake --install /home/user/ros2_ws/build/tf2
[1.674s] -- Install configuration: ""
[1.674s] -- Up-to-date: /home/user/ros2_ws/install/tf2/lib/libtf2.so
[1.674s] -- Up-to-date: /home/user/ros2_ws/install/tf2/include/tf2
[1.674s] -- Up-to-date: /home/user/ros2_ws/install/tf2/include/tf2/buffer_core.h
[1.674s] -- Up-to-date: /home/user/ros2_ws/install/tf2/include/tf2/exceptions.h
[1.675s] -- Up-to-date: /home/user/ros2_ws/install/tf2/include/tf2/time.h
[1.675s] -- Up-to-date: /home/user/ros2_ws/install/tf2/include/tf2/buffer_core_interface.h
[1.675s] -- Up-to-date: /home/user/ros2_ws/install/tf2/include/tf2/transform_datatypes.h
[1.675s] -- Up-to-date: /home/user/ros2_ws/install/tf2/include/tf2/convert.h
[1.675s] -- Up-to-date: /home/user/ros2_ws/install/tf2/include/tf2/utils.h
[1.675s] -- Up-to-date: /home/user/ros2_ws/install/tf2/include/tf2/LinearMath
[1.676s] -- Up-to-date: /home/user/ros2_ws/install/tf2/include/tf2/LinearMath/Transform.h
[1.676s] -- Up-to-date: /home/user/ros2_ws/install/tf2/include/tf2/LinearMath/Quaternion.h
[1.676s] -- Up-to-date: /home/user/ros2_ws/install/tf2/include/tf2/LinearMath/Scalar.h
[1.676s] -- Up-to-date: /home/user/ros2_ws/install/tf2/include/tf2/LinearMath/QuadWord.h
[1.676s] -- Up-to-date: /home/user/ros2_ws/install/tf2/include/tf2/LinearMath/Matrix3x3.h
[1.676s] -- Up-to-date: /home/user/ros2_ws/install/tf2/include/tf2/LinearMath/Vector3.h
[1.676s] -- Up-to-date: /home/user/ros2_ws/install/tf2/include/tf2/LinearMath/MinMax.h
[1.677s] -- Up-to-date: /home/user/ros2_ws/install/tf2/include/tf2/transform_storage.h
[1.677s] -- Up-to-date: /home/user/ros2_ws/install/tf2/include/tf2/impl
[1.677s] -- Up-to-date: /home/user/ros2_ws/install/tf2/include/tf2/impl/convert.h
[1.678s] -- Up-to-date: /home/user/ros2_ws/install/tf2/include/tf2/impl/utils.h
[1.678s] -- Up-to-date: /home/user/ros2_ws/install/tf2/include/tf2/visibility_control.h
[1.678s] -- Up-to-date: /home/user/ros2_ws/install/tf2/include/tf2/time_cache.h
[1.678s] -- Up-to-date: /home/user/ros2_ws/install/tf2/share/tf2/environment/library_path.sh
[1.679s] -- Up-to-date: /home/user/ros2_ws/install/tf2/share/tf2/environment/library_path.dsv
[1.679s] -- Up-to-date: /home/user/ros2_ws/install/tf2/share/ament_index/resource_index/package_run_dependencies/tf2
[1.679s] -- Up-to-date: /home/user/ros2_ws/install/tf2/share/ament_index/resource_index/parent_prefix_path/tf2
[1.679s] -- Up-to-date: /home/user/ros2_ws/install/tf2/share/tf2/environment/ament_prefix_path.sh
[1.679s] -- Up-to-date: /home/user/ros2_ws/install/tf2/share/tf2/environment/ament_prefix_path.dsv
[1.679s] -- Up-to-date: /home/user/ros2_ws/install/tf2/share/tf2/environment/path.sh
[1.679s] -- Up-to-date: /home/user/ros2_ws/install/tf2/share/tf2/environment/path.dsv
[1.680s] -- Up-to-date: /home/user/ros2_ws/install/tf2/share/tf2/local_setup.bash
[1.680s] -- Up-to-date: /home/user/ros2_ws/install/tf2/share/tf2/local_setup.sh
[1.680s] -- Up-to-date: /home/user/ros2_ws/install/tf2/share/tf2/local_setup.zsh
[1.680s] -- Up-to-date: /home/user/ros2_ws/install/tf2/share/tf2/local_setup.dsv
[1.680s] -- Installing: /home/user/ros2_ws/install/tf2/share/tf2/package.dsv
[1.680s] -- Up-to-date: /home/user/ros2_ws/install/tf2/share/ament_index/resource_index/packages/tf2
[1.680s] -- Up-to-date: /home/user/ros2_ws/install/tf2/share/tf2/cmake/tf2Export.cmake
[1.681s] -- Up-to-date: /home/user/ros2_ws/install/tf2/share/tf2/cmake/tf2Export-noconfig.cmake
[1.681s] -- Up-to-date: /home/user/ros2_ws/install/tf2/share/tf2/cmake/ament_cmake_export_dependencies-extras.cmake
[1.681s] -- Up-to-date: /home/user/ros2_ws/install/tf2/share/tf2/cmake/ament_cmake_export_include_directories-extras.cmake
[1.681s] -- Up-to-date: /home/user/ros2_ws/install/tf2/share/tf2/cmake/ament_cmake_export_libraries-extras.cmake
[1.681s] -- Up-to-date: /home/user/ros2_ws/install/tf2/share/tf2/cmake/ament_cmake_export_targets-extras.cmake
[1.681s] -- Up-to-date: /home/user/ros2_ws/install/tf2/share/tf2/cmake/tf2Config.cmake
[1.682s] -- Up-to-date: /home/user/ros2_ws/install/tf2/share/tf2/cmake/tf2Config-version.cmake
[1.682s] -- Up-to-date: /home/user/ros2_ws/install/tf2/share/tf2/package.xml
[1.716s] Invoked command in '/home/user/ros2_ws/build/tf2' returned '0': CMAKE_PREFIX_PATH=${CMAKE_PREFIX_PATH}:/home/simulations/ros2_sims_ws/install/rclrs_tests:/home/simulations/ros2_sims_ws/install/examples_rclrs_minimal_client_service:/home/simulations/ros2_sims_ws/install/sensor_msgs_py:/home/simulations/ros2_sims_ws/install/examples_rclrs_minimal_pub_sub:/home/simulations/ros2_sims_ws/install/examples_rclrs_message_demo:/home/simulations/ros2_sims_ws/install/rclrs:/home/simulations/ros2_sims_ws/install/rosidl_runtime_rs:/home/user/ros2_ws/install/ros2test:/home/user/ros2_ws/install/robotiq_85_driver:/home/user/ros2_ws/install/moveit_configs_utils:/opt/ros/humble _=/usr/bin/env /usr/bin/cmake --install /home/user/ros2_ws/build/tf2
