[0.266s] Invoking command in '/home/user/ros2_ws/build/moveit_common': CMAKE_PREFIX_PATH=${CMAKE_PREFIX_PATH}:/home/user/ros2_ws/install/ros2test:/home/user/ros2_ws/install/robotiq_85_driver:/home/user/ros2_ws/install/moveit_configs_utils:/home/simulations/ros2_sims_ws/install/rclrs_tests:/home/simulations/ros2_sims_ws/install/examples_rclrs_minimal_client_service:/home/simulations/ros2_sims_ws/install/sensor_msgs_py:/home/simulations/ros2_sims_ws/install/examples_rclrs_minimal_pub_sub:/home/simulations/ros2_sims_ws/install/examples_rclrs_message_demo:/home/simulations/ros2_sims_ws/install/rclrs:/home/simulations/ros2_sims_ws/install/rosidl_runtime_rs:/opt/ros/humble _=/usr/bin/env /usr/bin/cmake --build /home/user/ros2_ws/build/moveit_common -- -j8 -l8
[1.674s] Invoked command in '/home/user/ros2_ws/build/moveit_common' returned '0': CMAKE_PREFIX_PATH=${CMAKE_PREFIX_PATH}:/home/user/ros2_ws/install/ros2test:/home/user/ros2_ws/install/robotiq_85_driver:/home/user/ros2_ws/install/moveit_configs_utils:/home/simulations/ros2_sims_ws/install/rclrs_tests:/home/simulations/ros2_sims_ws/install/examples_rclrs_minimal_client_service:/home/simulations/ros2_sims_ws/install/sensor_msgs_py:/home/simulations/ros2_sims_ws/install/examples_rclrs_minimal_pub_sub:/home/simulations/ros2_sims_ws/install/examples_rclrs_message_demo:/home/simulations/ros2_sims_ws/install/rclrs:/home/simulations/ros2_sims_ws/install/rosidl_runtime_rs:/opt/ros/humble _=/usr/bin/env /usr/bin/cmake --build /home/user/ros2_ws/build/moveit_common -- -j8 -l8
[2.105s] Invoking command in '/home/user/ros2_ws/build/moveit_common': CMAKE_PREFIX_PATH=${CMAKE_PREFIX_PATH}:/home/user/ros2_ws/install/ros2test:/home/user/ros2_ws/install/robotiq_85_driver:/home/user/ros2_ws/install/moveit_configs_utils:/home/simulations/ros2_sims_ws/install/rclrs_tests:/home/simulations/ros2_sims_ws/install/examples_rclrs_minimal_client_service:/home/simulations/ros2_sims_ws/install/sensor_msgs_py:/home/simulations/ros2_sims_ws/install/examples_rclrs_minimal_pub_sub:/home/simulations/ros2_sims_ws/install/examples_rclrs_message_demo:/home/simulations/ros2_sims_ws/install/rclrs:/home/simulations/ros2_sims_ws/install/rosidl_runtime_rs:/opt/ros/humble _=/usr/bin/env /usr/bin/cmake --install /home/user/ros2_ws/build/moveit_common
[2.200s] -- Install configuration: ""
[2.200s] -- Up-to-date: /home/user/ros2_ws/install/moveit_common/share/ament_index/resource_index/package_run_dependencies/moveit_common
[2.200s] -- Up-to-date: /home/user/ros2_ws/install/moveit_common/share/ament_index/resource_index/parent_prefix_path/moveit_common
[2.200s] -- Up-to-date: /home/user/ros2_ws/install/moveit_common/share/moveit_common/environment/ament_prefix_path.sh
[2.200s] -- Up-to-date: /home/user/ros2_ws/install/moveit_common/share/moveit_common/environment/ament_prefix_path.dsv
[2.201s] -- Up-to-date: /home/user/ros2_ws/install/moveit_common/share/moveit_common/environment/path.sh
[2.201s] -- Up-to-date: /home/user/ros2_ws/install/moveit_common/share/moveit_common/environment/path.dsv
[2.201s] -- Up-to-date: /home/user/ros2_ws/install/moveit_common/share/moveit_common/local_setup.bash
[2.201s] -- Up-to-date: /home/user/ros2_ws/install/moveit_common/share/moveit_common/local_setup.sh
[2.201s] -- Up-to-date: /home/user/ros2_ws/install/moveit_common/share/moveit_common/local_setup.zsh
[2.201s] -- Up-to-date: /home/user/ros2_ws/install/moveit_common/share/moveit_common/local_setup.dsv
[2.202s] -- Installing: /home/user/ros2_ws/install/moveit_common/share/moveit_common/package.dsv
[2.204s] -- Up-to-date: /home/user/ros2_ws/install/moveit_common/share/ament_index/resource_index/packages/moveit_common
[2.204s] -- Up-to-date: /home/user/ros2_ws/install/moveit_common/share/moveit_common/cmake/moveit_common-extras.cmake
[2.204s] -- Up-to-date: /home/user/ros2_ws/install/moveit_common/share/moveit_common/cmake/moveit_commonConfig.cmake
[2.205s] -- Up-to-date: /home/user/ros2_ws/install/moveit_common/share/moveit_common/cmake/moveit_commonConfig-version.cmake
[2.205s] -- Up-to-date: /home/user/ros2_ws/install/moveit_common/share/moveit_common/package.xml
[2.220s] -- Up-to-date: /home/user/ros2_ws/install/moveit_common/share/moveit_common/cmake
[2.220s] -- Up-to-date: /home/user/ros2_ws/install/moveit_common/share/moveit_common/cmake/moveit_package.cmake
[2.220s] Invoked command in '/home/user/ros2_ws/build/moveit_common' returned '0': CMAKE_PREFIX_PATH=${CMAKE_PREFIX_PATH}:/home/user/ros2_ws/install/ros2test:/home/user/ros2_ws/install/robotiq_85_driver:/home/user/ros2_ws/install/moveit_configs_utils:/home/simulations/ros2_sims_ws/install/rclrs_tests:/home/simulations/ros2_sims_ws/install/examples_rclrs_minimal_client_service:/home/simulations/ros2_sims_ws/install/sensor_msgs_py:/home/simulations/ros2_sims_ws/install/examples_rclrs_minimal_pub_sub:/home/simulations/ros2_sims_ws/install/examples_rclrs_message_demo:/home/simulations/ros2_sims_ws/install/rclrs:/home/simulations/ros2_sims_ws/install/rosidl_runtime_rs:/opt/ros/humble _=/usr/bin/env /usr/bin/cmake --install /home/user/ros2_ws/build/moveit_common
