[0.012s] Invoking command in '/home/steven/ros2_ws/src/first_stage/build/first_stage_endeffector': CMAKE_PREFIX_PATH=${CMAKE_PREFIX_PATH}:/home/steven/ros2_ws/src/first_stage/install/first_stage_rg2:/home/steven/ws_moveit2/install/moveit_configs_utils:/home/steven/ws_moveit2/install/launch_param_builder:/opt/ros/humble /usr/bin/cmake --build /home/steven/ros2_ws/src/first_stage/build/first_stage_endeffector -- -j32 -l32
[0.078s] [ 50%] [32mBuilding CXX object CMakeFiles/first_stage_endeffector.dir/src/first_stage_endeffector.cpp.o[0m
[14.229s] [100%] [32m[1mLinking CXX executable first_stage_endeffector[0m
[15.146s] [100%] Built target first_stage_endeffector
[15.154s] Invoked command in '/home/steven/ros2_ws/src/first_stage/build/first_stage_endeffector' returned '0': CMAKE_PREFIX_PATH=${CMAKE_PREFIX_PATH}:/home/steven/ros2_ws/src/first_stage/install/first_stage_rg2:/home/steven/ws_moveit2/install/moveit_configs_utils:/home/steven/ws_moveit2/install/launch_param_builder:/opt/ros/humble /usr/bin/cmake --build /home/steven/ros2_ws/src/first_stage/build/first_stage_endeffector -- -j32 -l32
[15.189s] Invoking command in '/home/steven/ros2_ws/src/first_stage/build/first_stage_endeffector': CMAKE_PREFIX_PATH=${CMAKE_PREFIX_PATH}:/home/steven/ros2_ws/src/first_stage/install/first_stage_rg2:/home/steven/ws_moveit2/install/moveit_configs_utils:/home/steven/ws_moveit2/install/launch_param_builder:/opt/ros/humble /usr/bin/cmake --install /home/steven/ros2_ws/src/first_stage/build/first_stage_endeffector
[15.197s] -- Install configuration: ""
[15.197s] -- Installing: /home/steven/ros2_ws/src/first_stage/install/first_stage_endeffector/lib/first_stage_endeffector/first_stage_endeffector
[15.202s] -- Set runtime path of "/home/steven/ros2_ws/src/first_stage/install/first_stage_endeffector/lib/first_stage_endeffector/first_stage_endeffector" to ""
[15.202s] -- Up-to-date: /home/steven/ros2_ws/src/first_stage/install/first_stage_endeffector/share/first_stage_endeffector/launch
[15.202s] -- Up-to-date: /home/steven/ros2_ws/src/first_stage/install/first_stage_endeffector/share/first_stage_endeffector/launch/first_stage_endeffector.launch.py
[15.202s] -- Up-to-date: /home/steven/ros2_ws/src/first_stage/install/first_stage_endeffector/share/ament_index/resource_index/package_run_dependencies/first_stage_endeffector
[15.202s] -- Up-to-date: /home/steven/ros2_ws/src/first_stage/install/first_stage_endeffector/share/ament_index/resource_index/parent_prefix_path/first_stage_endeffector
[15.202s] -- Up-to-date: /home/steven/ros2_ws/src/first_stage/install/first_stage_endeffector/share/first_stage_endeffector/environment/ament_prefix_path.sh
[15.202s] -- Up-to-date: /home/steven/ros2_ws/src/first_stage/install/first_stage_endeffector/share/first_stage_endeffector/environment/ament_prefix_path.dsv
[15.202s] -- Up-to-date: /home/steven/ros2_ws/src/first_stage/install/first_stage_endeffector/share/first_stage_endeffector/environment/path.sh
[15.202s] -- Up-to-date: /home/steven/ros2_ws/src/first_stage/install/first_stage_endeffector/share/first_stage_endeffector/environment/path.dsv
[15.202s] -- Up-to-date: /home/steven/ros2_ws/src/first_stage/install/first_stage_endeffector/share/first_stage_endeffector/local_setup.bash
[15.202s] -- Up-to-date: /home/steven/ros2_ws/src/first_stage/install/first_stage_endeffector/share/first_stage_endeffector/local_setup.sh
[15.202s] -- Up-to-date: /home/steven/ros2_ws/src/first_stage/install/first_stage_endeffector/share/first_stage_endeffector/local_setup.zsh
[15.202s] -- Up-to-date: /home/steven/ros2_ws/src/first_stage/install/first_stage_endeffector/share/first_stage_endeffector/local_setup.dsv
[15.202s] -- Installing: /home/steven/ros2_ws/src/first_stage/install/first_stage_endeffector/share/first_stage_endeffector/package.dsv
[15.202s] -- Up-to-date: /home/steven/ros2_ws/src/first_stage/install/first_stage_endeffector/share/ament_index/resource_index/packages/first_stage_endeffector
[15.202s] -- Up-to-date: /home/steven/ros2_ws/src/first_stage/install/first_stage_endeffector/share/first_stage_endeffector/cmake/first_stage_endeffectorConfig.cmake
[15.202s] -- Up-to-date: /home/steven/ros2_ws/src/first_stage/install/first_stage_endeffector/share/first_stage_endeffector/cmake/first_stage_endeffectorConfig-version.cmake
[15.202s] -- Up-to-date: /home/steven/ros2_ws/src/first_stage/install/first_stage_endeffector/share/first_stage_endeffector/package.xml
[15.203s] Invoked command in '/home/steven/ros2_ws/src/first_stage/build/first_stage_endeffector' returned '0': CMAKE_PREFIX_PATH=${CMAKE_PREFIX_PATH}:/home/steven/ros2_ws/src/first_stage/install/first_stage_rg2:/home/steven/ws_moveit2/install/moveit_configs_utils:/home/steven/ws_moveit2/install/launch_param_builder:/opt/ros/humble /usr/bin/cmake --install /home/steven/ros2_ws/src/first_stage/build/first_stage_endeffector
