[1.722s] Invoking command in '/home/user/ros2_ws/build/robotiq_85_description': CMAKE_PREFIX_PATH=${CMAKE_PREFIX_PATH}:/home/simulations/ros2_sims_ws/install/rclrs_tests:/home/simulations/ros2_sims_ws/install/examples_rclrs_minimal_client_service:/home/simulations/ros2_sims_ws/install/sensor_msgs_py:/home/simulations/ros2_sims_ws/install/examples_rclrs_minimal_pub_sub:/home/simulations/ros2_sims_ws/install/examples_rclrs_message_demo:/home/simulations/ros2_sims_ws/install/rclrs:/home/simulations/ros2_sims_ws/install/rosidl_runtime_rs:/home/user/ros2_ws/install/ros2test:/home/user/ros2_ws/install/robotiq_85_driver:/home/user/ros2_ws/install/moveit_configs_utils:/opt/ros/humble _=/usr/bin/env /usr/bin/cmake --build /home/user/ros2_ws/build/robotiq_85_description -- -j8 -l8
[1.933s] Invoked command in '/home/user/ros2_ws/build/robotiq_85_description' returned '0': CMAKE_PREFIX_PATH=${CMAKE_PREFIX_PATH}:/home/simulations/ros2_sims_ws/install/rclrs_tests:/home/simulations/ros2_sims_ws/install/examples_rclrs_minimal_client_service:/home/simulations/ros2_sims_ws/install/sensor_msgs_py:/home/simulations/ros2_sims_ws/install/examples_rclrs_minimal_pub_sub:/home/simulations/ros2_sims_ws/install/examples_rclrs_message_demo:/home/simulations/ros2_sims_ws/install/rclrs:/home/simulations/ros2_sims_ws/install/rosidl_runtime_rs:/home/user/ros2_ws/install/ros2test:/home/user/ros2_ws/install/robotiq_85_driver:/home/user/ros2_ws/install/moveit_configs_utils:/opt/ros/humble _=/usr/bin/env /usr/bin/cmake --build /home/user/ros2_ws/build/robotiq_85_description -- -j8 -l8
[2.402s] Invoking command in '/home/user/ros2_ws/build/robotiq_85_description': CMAKE_PREFIX_PATH=${CMAKE_PREFIX_PATH}:/home/simulations/ros2_sims_ws/install/rclrs_tests:/home/simulations/ros2_sims_ws/install/examples_rclrs_minimal_client_service:/home/simulations/ros2_sims_ws/install/sensor_msgs_py:/home/simulations/ros2_sims_ws/install/examples_rclrs_minimal_pub_sub:/home/simulations/ros2_sims_ws/install/examples_rclrs_message_demo:/home/simulations/ros2_sims_ws/install/rclrs:/home/simulations/ros2_sims_ws/install/rosidl_runtime_rs:/home/user/ros2_ws/install/ros2test:/home/user/ros2_ws/install/robotiq_85_driver:/home/user/ros2_ws/install/moveit_configs_utils:/opt/ros/humble _=/usr/bin/env /usr/bin/cmake --install /home/user/ros2_ws/build/robotiq_85_description
[2.452s] -- Install configuration: ""
[2.453s] -- Up-to-date: /home/user/ros2_ws/install/robotiq_85_description/share/robotiq_85_description/config
[2.473s] -- Up-to-date: /home/user/ros2_ws/install/robotiq_85_description/share/robotiq_85_description/config/gripper_controller.yaml
[2.473s] -- Up-to-date: /home/user/ros2_ws/install/robotiq_85_description/share/robotiq_85_description/config/gripper_controller2.yaml
[2.473s] -- Up-to-date: /home/user/ros2_ws/install/robotiq_85_description/share/robotiq_85_description/config/view_gripper.rviz
[2.473s] -- Up-to-date: /home/user/ros2_ws/install/robotiq_85_description/share/robotiq_85_description/launch
[2.473s] -- Up-to-date: /home/user/ros2_ws/install/robotiq_85_description/share/robotiq_85_description/launch/gazebo.launch.py
[2.474s] -- Up-to-date: /home/user/ros2_ws/install/robotiq_85_description/share/robotiq_85_description/launch/view_gripper.launch.py
[2.474s] -- Up-to-date: /home/user/ros2_ws/install/robotiq_85_description/share/robotiq_85_description/launch/gripper_sim.launch.py
[2.474s] -- Up-to-date: /home/user/ros2_ws/install/robotiq_85_description/share/robotiq_85_description/launch/spawn_robot.launch.py
[2.474s] -- Up-to-date: /home/user/ros2_ws/install/robotiq_85_description/share/robotiq_85_description/meshes
[2.474s] -- Up-to-date: /home/user/ros2_ws/install/robotiq_85_description/share/robotiq_85_description/meshes/collision
[2.474s] -- Up-to-date: /home/user/ros2_ws/install/robotiq_85_description/share/robotiq_85_description/meshes/collision/ur_to_robotiq_adapter.stl
[2.475s] -- Up-to-date: /home/user/ros2_ws/install/robotiq_85_description/share/robotiq_85_description/meshes/collision/robotiq_85_finger_link.stl
[2.475s] -- Up-to-date: /home/user/ros2_ws/install/robotiq_85_description/share/robotiq_85_description/meshes/collision/robotiq_85_base_link.stl
[2.475s] -- Up-to-date: /home/user/ros2_ws/install/robotiq_85_description/share/robotiq_85_description/meshes/collision/robotiq_85_finger_tip_link.stl
[2.475s] -- Up-to-date: /home/user/ros2_ws/install/robotiq_85_description/share/robotiq_85_description/meshes/collision/robotiq_85_inner_knuckle_link.stl
[2.475s] -- Up-to-date: /home/user/ros2_ws/install/robotiq_85_description/share/robotiq_85_description/meshes/collision/robotiq_85_knuckle_link.stl
[2.475s] -- Up-to-date: /home/user/ros2_ws/install/robotiq_85_description/share/robotiq_85_description/meshes/visual
[2.475s] -- Up-to-date: /home/user/ros2_ws/install/robotiq_85_description/share/robotiq_85_description/meshes/visual/robotiq_85_knuckle_link.dae
[2.476s] -- Up-to-date: /home/user/ros2_ws/install/robotiq_85_description/share/robotiq_85_description/meshes/visual/robotiq_85_base_link.dae
[2.476s] -- Up-to-date: /home/user/ros2_ws/install/robotiq_85_description/share/robotiq_85_description/meshes/visual/robotiq_85_inner_knuckle_link.dae
[2.476s] -- Up-to-date: /home/user/ros2_ws/install/robotiq_85_description/share/robotiq_85_description/meshes/visual/ur_to_robotiq_adapter.dae
[2.476s] -- Up-to-date: /home/user/ros2_ws/install/robotiq_85_description/share/robotiq_85_description/meshes/visual/robotiq_85_finger_link.dae
[2.486s] -- Up-to-date: /home/user/ros2_ws/install/robotiq_85_description/share/robotiq_85_description/meshes/visual/robotiq_85_finger_tip_link.dae
[2.486s] -- Up-to-date: /home/user/ros2_ws/install/robotiq_85_description/share/robotiq_85_description/urdf
[2.486s] -- Up-to-date: /home/user/ros2_ws/install/robotiq_85_description/share/robotiq_85_description/urdf/robotiq_85_gripper_macro_gz.urdf.xacro
[2.487s] -- Up-to-date: /home/user/ros2_ws/install/robotiq_85_description/share/robotiq_85_description/urdf/robotiq_arg85_description.urdf.xacro
[2.487s] -- Up-to-date: /home/user/ros2_ws/install/robotiq_85_description/share/robotiq_85_description/urdf/robotiq_85_gripper_gz.ros2_control.xacro
[2.487s] -- Up-to-date: /home/user/ros2_ws/install/robotiq_85_description/share/robotiq_85_description/urdf/robotiq_85_gripper.transmission.xacro
[2.487s] -- Up-to-date: /home/user/ros2_ws/install/robotiq_85_description/share/robotiq_85_description/urdf/right_robotiq_85_gripper.urdf.xacro
[2.487s] -- Up-to-date: /home/user/ros2_ws/install/robotiq_85_description/share/robotiq_85_description/urdf/robotiq_85_gripper.urdf.xacro
[2.494s] -- Up-to-date: /home/user/ros2_ws/install/robotiq_85_description/share/robotiq_85_description/urdf/robotiq_85_gripper.ros2_control.xacro
[2.494s] -- Up-to-date: /home/user/ros2_ws/install/robotiq_85_description/share/robotiq_85_description/urdf/robotiq_85_gripper_sim_base.urdf.xacro
[2.494s] -- Up-to-date: /home/user/ros2_ws/install/robotiq_85_description/share/robotiq_85_description/urdf/robotiq_85_gripper_macro.urdf.xacro
[2.494s] -- Up-to-date: /home/user/ros2_ws/install/robotiq_85_description/share/robotiq_85_description/urdf/left_robotiq_85_gripper.urdf.xacro
[2.494s] -- Up-to-date: /home/user/ros2_ws/install/robotiq_85_description/share/robotiq_85_description/urdf/ur_to_robotiq_adapter.urdf.xacro
[2.494s] -- Up-to-date: /home/user/ros2_ws/install/robotiq_85_description/share/ament_index/resource_index/package_run_dependencies/robotiq_85_description
[2.494s] -- Up-to-date: /home/user/ros2_ws/install/robotiq_85_description/share/ament_index/resource_index/parent_prefix_path/robotiq_85_description
[2.495s] -- Up-to-date: /home/user/ros2_ws/install/robotiq_85_description/share/robotiq_85_description/environment/ament_prefix_path.sh
[2.495s] -- Up-to-date: /home/user/ros2_ws/install/robotiq_85_description/share/robotiq_85_description/environment/ament_prefix_path.dsv
[2.495s] -- Up-to-date: /home/user/ros2_ws/install/robotiq_85_description/share/robotiq_85_description/environment/path.sh
[2.495s] -- Up-to-date: /home/user/ros2_ws/install/robotiq_85_description/share/robotiq_85_description/environment/path.dsv
[2.495s] -- Up-to-date: /home/user/ros2_ws/install/robotiq_85_description/share/robotiq_85_description/local_setup.bash
[2.495s] -- Up-to-date: /home/user/ros2_ws/install/robotiq_85_description/share/robotiq_85_description/local_setup.sh
[2.495s] -- Up-to-date: /home/user/ros2_ws/install/robotiq_85_description/share/robotiq_85_description/local_setup.zsh
[2.496s] -- Up-to-date: /home/user/ros2_ws/install/robotiq_85_description/share/robotiq_85_description/local_setup.dsv
[2.496s] -- Installing: /home/user/ros2_ws/install/robotiq_85_description/share/robotiq_85_description/package.dsv
[2.496s] -- Up-to-date: /home/user/ros2_ws/install/robotiq_85_description/share/ament_index/resource_index/packages/robotiq_85_description
[2.496s] -- Up-to-date: /home/user/ros2_ws/install/robotiq_85_description/share/robotiq_85_description/cmake/robotiq_85_descriptionConfig.cmake
[2.496s] -- Up-to-date: /home/user/ros2_ws/install/robotiq_85_description/share/robotiq_85_description/cmake/robotiq_85_descriptionConfig-version.cmake
[2.496s] -- Up-to-date: /home/user/ros2_ws/install/robotiq_85_description/share/robotiq_85_description/package.xml
[2.567s] Invoked command in '/home/user/ros2_ws/build/robotiq_85_description' returned '0': CMAKE_PREFIX_PATH=${CMAKE_PREFIX_PATH}:/home/simulations/ros2_sims_ws/install/rclrs_tests:/home/simulations/ros2_sims_ws/install/examples_rclrs_minimal_client_service:/home/simulations/ros2_sims_ws/install/sensor_msgs_py:/home/simulations/ros2_sims_ws/install/examples_rclrs_minimal_pub_sub:/home/simulations/ros2_sims_ws/install/examples_rclrs_message_demo:/home/simulations/ros2_sims_ws/install/rclrs:/home/simulations/ros2_sims_ws/install/rosidl_runtime_rs:/home/user/ros2_ws/install/ros2test:/home/user/ros2_ws/install/robotiq_85_driver:/home/user/ros2_ws/install/moveit_configs_utils:/opt/ros/humble _=/usr/bin/env /usr/bin/cmake --install /home/user/ros2_ws/build/robotiq_85_description
