[ 50%] [32mBuilding CXX object CMakeFiles/first_stage_endeffector.dir/src/first_stage_endeffector.cpp.o[0m
[01m[K/home/steven/ros2_ws/src/first_stage/src/first_stage_endeffector/src/first_stage_endeffector.cpp:312:5:[m[K [01;31m[Kerror: [m[Kstray ‘[01m[K`[m[K’ in program
  312 |     [01;31m[K`[m[K
      |     [01;31m[K^[m[K
[01m[K/home/steven/ros2_ws/src/first_stage/src/first_stage_endeffector/src/first_stage_endeffector.cpp:[m[K In member function ‘[01m[Kbool RobotController::moveToObservation()[m[K’:
[01m[K/home/steven/ros2_ws/src/first_stage/src/first_stage_endeffector/src/first_stage_endeffector.cpp:275:10:[m[K [01;31m[Kerror: [m[K‘[01m[KmoveToPose[m[K’ was not declared in this scope
  275 |     if (![01;31m[KmoveToPose[m[K(observation_poses[0], "Observation pose 0")) return false;
      |          [01;31m[K^~~~~~~~~~[m[K
[01m[K/home/steven/ros2_ws/src/first_stage/src/first_stage_endeffector/src/first_stage_endeffector.cpp:281:10:[m[K [01;31m[Kerror: [m[K‘[01m[KmoveRelativeZ[m[K’ was not declared in this scope
  281 |     if (![01;31m[KmoveRelativeZ[m[K(-0.1, "Moving down for better view")) return false;
      |          [01;31m[K^~~~~~~~~~~~~[m[K
[01m[K/home/steven/ros2_ws/src/first_stage/src/first_stage_endeffector/src/first_stage_endeffector.cpp:290:10:[m[K [01;31m[Kerror: [m[K‘[01m[KmoveToPose[m[K’ was not declared in this scope
  290 |     if (![01;31m[KmoveToPose[m[K(observation_poses[1], "Observation pose 1")) return false;
      |          [01;31m[K^~~~~~~~~~[m[K
[01m[K/home/steven/ros2_ws/src/first_stage/src/first_stage_endeffector/src/first_stage_endeffector.cpp:296:10:[m[K [01;31m[Kerror: [m[K‘[01m[KmoveRelativeZ[m[K’ was not declared in this scope
  296 |     if (![01;31m[KmoveRelativeZ[m[K(-0.1, "Moving down for better view")) return false;
      |          [01;31m[K^~~~~~~~~~~~~[m[K
gmake[2]: *** [CMakeFiles/first_stage_endeffector.dir/build.make:76：CMakeFiles/first_stage_endeffector.dir/src/first_stage_endeffector.cpp.o] 錯誤 1
gmake[1]: *** [CMakeFiles/Makefile2:137：CMakeFiles/first_stage_endeffector.dir/all] 錯誤 2
gmake: *** [Makefile:146：all] 錯誤 2
