[0.184s] Invoking command in '/home/user/ros2_ws/build/gazebo_grasp_plugin': AMENT_PREFIX_PATH=/home/user/ros2_ws/install/gazebo_version_helpers:${AMENT_PREFIX_PATH} CMAKE_PREFIX_PATH=/home/user/ros2_ws/install/gazebo_version_helpers:/home/user/ros2_ws/install/ur3e_moveit_config:/home/user/ros2_ws/install/test_moveit_config:/home/user/ros2_ws/install/test2_moveit_config:/home/user/ros2_ws/install/my_moveit_config:/home/user/ros2_ws/install/my_moveit2_config:/home/user/ros2_ws/install/simple_grasping:/home/user/ros2_ws/install/ros_testing:/home/user/ros2_ws/install/robotnik_sensors_gazebo:/home/user/ros2_ws/install/robotnik_sensors:/home/user/ros2_ws/install/pilz_industrial_motion_planner_testutils:/home/user/ros2_ws/install/moveit_runtime:/home/user/ros2_ws/install/moveit:/home/user/ros2_ws/install/moveit_planners:/home/user/ros2_ws/install/pilz_industrial_motion_planner:/home/user/ros2_ws/install/moveit_ros_control_interface:/home/user/ros2_ws/install/moveit_plugins:/home/user/ros2_ws/install/moveit_simple_controller_manager:/home/user/ros2_ws/install/moveit_setup_assistant:/home/user/ros2_ws/install/moveit_setup_srdf_plugins:/home/user/ros2_ws/install/moveit_setup_core_plugins:/home/user/ros2_ws/install/moveit_setup_controllers:/home/user/ros2_ws/install/moveit_setup_app_plugins:/home/user/ros2_ws/install/moveit_setup_framework:/home/user/ros2_ws/install/moveit_servo:/home/user/ros2_ws/install/moveit_ros:/home/user/ros2_ws/install/moveit_ros_visualization:/home/user/ros2_ws/install/moveit_hybrid_planning:/home/user/ros2_ws/install/moveit2_scripts:/home/user/ros2_ws/install/moveit_ros_planning_interface:/home/user/ros2_ws/install/moveit_ros_benchmarks:/home/user/ros2_ws/install/moveit_ros_warehouse:/home/user/ros2_ws/install/moveit_ros_robot_interaction:/home/user/ros2_ws/install/moveit_ros_perception:/home/user/ros2_ws/install/moveit_resources_prbt_pg70_support:/home/user/ros2_ws/install/moveit_resources_prbt_moveit_config:/home/user/ros2_ws/install/moveit_ros_move_group:/home/user/ros2_ws/install/moveit_planners_ompl:/home/user/ros2_ws/install/moveit_ros_planning:/home/user/ros2_ws/install/moveit_ros_occupancy_map_monitor:/home/user/ros2_ws/install/moveit_resources_prbt_support:/home/user/ros2_ws/install/moveit_resources_prbt_ikfast_manipulator_plugin:/home/user/ros2_ws/install/moveit_planners_chomp:/home/user/ros2_ws/install/moveit_kinematics:/home/user/ros2_ws/install/moveit_chomp_optimizer_adapter:/home/user/ros2_ws/install/chomp_motion_planner:/home/user/ros2_ws/install/moveit_core:/home/user/ros2_ws/install/moveit_common:/home/simulations/ros2_sims_ws/install/common_interfaces:/home/simulations/ros2_sims_ws/install/visualization_msgs:/home/simulations/ros2_sims_ws/install/test_msgs:/home/simulations/ros2_sims_ws/install/example_interfaces:/home/simulations/ros2_sims_ws/install/action_msgs:/home/simulations/ros2_sims_ws/install/unique_identifier_msgs:/home/simulations/ros2_sims_ws/install/trajectory_msgs:/home/simulations/ros2_sims_ws/install/test_interface_files:/home/simulations/ros2_sims_ws/install/stereo_msgs:/home/simulations/ros2_sims_ws/install/std_srvs:/home/simulations/ros2_sims_ws/install/shape_msgs:/home/simulations/ros2_sims_ws/install/sensor_msgs:/home/simulations/ros2_sims_ws/install/nav_msgs:/home/simulations/ros2_sims_ws/install/diagnostic_msgs:/home/simulations/ros2_sims_ws/install/geometry_msgs:/home/simulations/ros2_sims_ws/install/actionlib_msgs:/home/simulations/ros2_sims_ws/install/std_msgs:/home/simulations/ros2_sims_ws/install/statistics_msgs:/home/simulations/ros2_sims_ws/install/rosgraph_msgs:/home/simulations/ros2_sims_ws/install/rclrs_example_msgs:/home/simulations/ros2_sims_ws/install/composition_interfaces:/home/simulations/ros2_sims_ws/install/rcl_interfaces:/home/simulations/ros2_sims_ws/install/lifecycle_msgs:/home/simulations/ros2_sims_ws/install/builtin_interfaces:/home/simulations/ros2_sims_ws/install/rosidl_default_runtime:/home/simulations/ros2_sims_ws/install/rosidl_default_generators:/home/simulations/ros2_sims_ws/install/rosidl_generator_rs:/home/user/ros2_ws/install/ur_simulation_gazebo:/home/user/ros2_ws/install/ur_description:/home/user/ros2_ws/install/the_construct_office_gazebo:/home/user/ros2_ws/install/robotiq_85_gripper:/home/user/ros2_ws/install/robotiq_85_msgs:/home/user/ros2_ws/install/robotiq_85_description:/home/user/ros2_ws/install/rg2_gripper_description:/home/user/ros2_ws/install/gazebo_ros2_control_demos:/home/user/ros2_ws/install/gazebo_ros2_control:/home/user/ros2_ws/install/ros2test:/home/user/ros2_ws/install/moveit_configs_utils:/home/simulations/ros2_sims_ws/install/rclrs_tests:/home/simulations/ros2_sims_ws/install/examples_rclrs_minimal_client_service:/home/simulations/ros2_sims_ws/install/sensor_msgs_py:/home/simulations/ros2_sims_ws/install/examples_rclrs_minimal_pub_sub:/home/simulations/ros2_sims_ws/install/examples_rclrs_message_demo:/home/simulations/ros2_sims_ws/install/rclrs:/home/simulations/ros2_sims_ws/install/rosidl_runtime_rs:/home/user/ros2_ws/install/robotiq_85_driver:/opt/ros/humble LD_LIBRARY_PATH=/home/user/ros2_ws/install/gazebo_version_helpers/lib:/home/user/ros2_ws/install/simple_grasping/lib:/home/user/ros2_ws/install/pilz_industrial_motion_planner_testutils/lib:/home/user/ros2_ws/install/pilz_industrial_motion_planner/lib:/home/user/ros2_ws/install/moveit_ros_control_interface/lib:/home/user/ros2_ws/install/moveit_simple_controller_manager/lib:/home/user/ros2_ws/install/moveit_setup_assistant/lib:/home/user/ros2_ws/install/moveit_setup_srdf_plugins/lib:/home/user/ros2_ws/install/moveit_setup_core_plugins/lib:/home/user/ros2_ws/install/moveit_setup_controllers/lib:/home/user/ros2_ws/install/moveit_setup_app_plugins/lib:/home/user/ros2_ws/install/moveit_setup_framework/lib:/home/user/ros2_ws/install/moveit_servo/lib:/home/user/ros2_ws/install/moveit_ros_visualization/lib:/home/user/ros2_ws/install/moveit_hybrid_planning/lib:/home/user/ros2_ws/install/moveit_ros_planning_interface/lib:/home/user/ros2_ws/install/moveit_ros_benchmarks/lib:/home/user/ros2_ws/install/moveit_ros_warehouse/lib:/home/user/ros2_ws/install/moveit_ros_robot_interaction/lib:/home/user/ros2_ws/install/moveit_ros_perception/lib:/home/user/ros2_ws/install/moveit_ros_move_group/lib:/home/user/ros2_ws/install/moveit_planners_ompl/lib:/home/user/ros2_ws/install/moveit_ros_planning/lib:/home/user/ros2_ws/install/moveit_ros_occupancy_map_monitor/lib:/home/user/ros2_ws/install/moveit_resources_prbt_ikfast_manipulator_plugin/lib:/home/user/ros2_ws/install/moveit_planners_chomp/lib:/home/user/ros2_ws/install/moveit_kinematics/lib:/home/user/ros2_ws/install/moveit_chomp_optimizer_adapter/lib:/home/user/ros2_ws/install/chomp_motion_planner/lib:/home/user/ros2_ws/install/moveit_core/lib:/usr/local/cuda-10.2/lib64:/home/user/.catkin_ws_python3/src/TensorRT-7.0.0.11/lib:/home/simulations/ros2_sims_ws/install/visualization_msgs/lib:/home/simulations/ros2_sims_ws/install/test_msgs/lib:/home/simulations/ros2_sims_ws/install/example_interfaces/lib:/home/simulations/ros2_sims_ws/install/action_msgs/lib:/home/simulations/ros2_sims_ws/install/unique_identifier_msgs/lib:/home/simulations/ros2_sims_ws/install/trajectory_msgs/lib:/home/simulations/ros2_sims_ws/install/stereo_msgs/lib:/home/simulations/ros2_sims_ws/install/std_srvs/lib:/home/simulations/ros2_sims_ws/install/shape_msgs/lib:/home/simulations/ros2_sims_ws/install/sensor_msgs/lib:/home/simulations/ros2_sims_ws/install/nav_msgs/lib:/home/simulations/ros2_sims_ws/install/diagnostic_msgs/lib:/home/simulations/ros2_sims_ws/install/geometry_msgs/lib:/home/simulations/ros2_sims_ws/install/actionlib_msgs/lib:/home/simulations/ros2_sims_ws/install/std_msgs/lib:/home/simulations/ros2_sims_ws/install/statistics_msgs/lib:/home/simulations/ros2_sims_ws/install/rosgraph_msgs/lib:/home/simulations/ros2_sims_ws/install/rclrs_example_msgs/lib:/home/simulations/ros2_sims_ws/install/composition_interfaces/lib:/home/simulations/ros2_sims_ws/install/rcl_interfaces/lib:/home/simulations/ros2_sims_ws/install/lifecycle_msgs/lib:/home/simulations/ros2_sims_ws/install/builtin_interfaces/lib:/home/user/ros2_ws/install/robotiq_85_msgs/lib:/home/user/ros2_ws/install/gazebo_ros2_control/lib:/opt/ros/humble/opt/rviz_ogre_vendor/lib:/opt/ros/humble/lib/x86_64-linux-gnu:/opt/ros/humble/lib:/usr/local/cuda-10.2/lib64:/home/user/.catkin_ws_python3/src/TensorRT-7.0.0.11/lib:/usr/lib/x86_64-linux-gnu/gazebo-11/plugins:/usr/lib/x86_64-linux-gnu/gazebo-11/plugins:/usr/lib/x86_64-linux-gnu/gazebo-11/plugins _=/usr/bin/env /usr/bin/cmake --build /home/user/ros2_ws/build/gazebo_grasp_plugin -- -j8 -l8
[0.291s] -- Found ament_cmake: 1.3.4 (/opt/ros/humble/share/ament_cmake/cmake)
[0.732s] -- Found gazebo_dev: 3.7.0 (/opt/ros/humble/share/gazebo_dev/cmake)
[0.808s] -- Found DART: /usr/include (Required is at least version "6.6") found components: dart 
[0.883s] -- Looking for ignition-math6 -- found version 6.12.0
[0.889s] -- Searching for dependencies of ignition-math6
[0.894s] -- Looking for OGRE...
[0.910s] -- Found Ogre Ghadamon (1.9.0)
[0.910s] -- Found OGRE: optimized;/usr/lib/x86_64-linux-gnu/libOgreMain.so;debug;/usr/lib/x86_64-linux-gnu/libOgreMain.so
[0.929s] -- Looking for OGRE_Paging...
[0.929s] -- Found OGRE_Paging: optimized;/usr/lib/x86_64-linux-gnu/libOgrePaging.so;debug;/usr/lib/x86_64-linux-gnu/libOgrePaging.so
[0.930s] -- Looking for OGRE_Terrain...
[0.930s] -- Found OGRE_Terrain: optimized;/usr/lib/x86_64-linux-gnu/libOgreTerrain.so;debug;/usr/lib/x86_64-linux-gnu/libOgreTerrain.so
[0.930s] -- Looking for OGRE_Property...
[0.931s] -- Found OGRE_Property: optimized;/usr/lib/x86_64-linux-gnu/libOgreProperty.so;debug;/usr/lib/x86_64-linux-gnu/libOgreProperty.so
[0.931s] -- Looking for OGRE_RTShaderSystem...
[0.932s] -- Found OGRE_RTShaderSystem: optimized;/usr/lib/x86_64-linux-gnu/libOgreRTShaderSystem.so;debug;/usr/lib/x86_64-linux-gnu/libOgreRTShaderSystem.so
[0.932s] -- Looking for OGRE_Volume...
[0.932s] -- Found OGRE_Volume: optimized;/usr/lib/x86_64-linux-gnu/libOgreVolume.so;debug;/usr/lib/x86_64-linux-gnu/libOgreVolume.so
[0.933s] -- Looking for OGRE_Overlay...
[0.933s] -- Found OGRE_Overlay: optimized;/usr/lib/x86_64-linux-gnu/libOgreOverlay.so;debug;/usr/lib/x86_64-linux-gnu/libOgreOverlay.so
[2.033s] -- Looking for ignition-math6 -- found version 6.12.0
[2.033s] -- Looking for ignition-transport8 -- found version 8.2.1
[2.033s] -- Searching for dependencies of ignition-transport8
[2.110s] -- Found Protobuf: /usr/lib/x86_64-linux-gnu/libprotobuf.so (found suitable version "3.12.4", minimum required is "3") 
[2.201s] -- Config-file not installed for ZeroMQ -- checking for pkg-config
[2.206s] -- Checking for module 'libzmq >= 4'
[2.230s] --   Found libzmq , version 4.3.4
[2.370s] -- Checking for module 'uuid'
[2.438s] --   Found uuid, version 2.37.2
[2.564s] -- Looking for ignition-msgs5 -- found version 5.8.1
[2.564s] -- Searching for dependencies of ignition-msgs5
[2.626s] -- Looking for ignition-math6 -- found version 6.12.0
[2.634s] -- Checking for module 'tinyxml2'
[2.710s] --   Found tinyxml2, version 9.0.0
[2.757s] -- Looking for ignition-msgs5 -- found version 5.8.1
[2.758s] -- Looking for ignition-common3 -- found version 3.14.0
[2.759s] -- Searching for dependencies of ignition-common3
[2.759s] -- Looking for dlfcn.h - found
[2.759s] -- Looking for libdl - found
[2.778s] -- Searching for <ignition-common3> component [graphics]
[2.778s] -- Looking for ignition-common3-graphics -- found version 3.14.0
[2.779s] -- Searching for dependencies of ignition-common3-graphics
[2.780s] -- Looking for ignition-math6 -- found version 6.12.0
[2.781s] -- Looking for ignition-fuel_tools4 -- found version 4.4.0
[2.781s] -- Searching for dependencies of ignition-fuel_tools4
[2.890s] -- Checking for module 'jsoncpp'
[2.931s] --   Found jsoncpp, version 1.9.5
[3.014s] -- Checking for module 'libzip'
[3.045s] --   Found libzip, version 1.7.3
[3.115s] -- Looking for ignition-common3 -- found version 3.14.0
[3.115s] -- Looking for ignition-math6 -- found version 6.12.0
[3.116s] -- Looking for ignition-msgs5 -- found version 5.8.1
[3.117s] -- Gazebo version: 11.10
[3.118s] -- Found gazebo_ros: 3.7.0 (/opt/ros/humble/share/gazebo_ros/cmake)
[3.151s] -- Found rosidl_generator_c: 3.1.4 (/opt/ros/humble/share/rosidl_generator_c/cmake)
[3.155s] -- Found rosidl_adapter: 3.1.4 (/opt/ros/humble/share/rosidl_adapter/cmake)
[3.162s] -- Found rosidl_generator_cpp: 3.1.4 (/opt/ros/humble/share/rosidl_generator_cpp/cmake)
[3.181s] -- Using all available rosidl_typesupport_c: rosidl_typesupport_fastrtps_c;rosidl_typesupport_introspection_c
[3.206s] -- Using all available rosidl_typesupport_cpp: rosidl_typesupport_fastrtps_cpp;rosidl_typesupport_introspection_cpp
[3.291s] -- Found rmw_implementation_cmake: 6.1.1 (/opt/ros/humble/share/rmw_implementation_cmake/cmake)
[3.299s] -- Found rmw_fastrtps_cpp: 6.2.2 (/opt/ros/humble/share/rmw_fastrtps_cpp/cmake)
[3.651s] -- Using RMW implementation 'rmw_fastrtps_cpp' as default
[4.007s] -- Found geometry_msgs: 4.2.3 (/home/simulations/ros2_sims_ws/install/geometry_msgs/share/geometry_msgs/cmake)
[4.104s] -- Found gazebo_version_helpers: 0.0.0 (/home/user/ros2_ws/install/gazebo_version_helpers/share/gazebo_version_helpers/cmake)
[4.143s] -- Found Protobuf: /usr/lib/x86_64-linux-gnu/libprotobuf.so (found version "3.12.4") 
[4.449s] -- Configuring done
[4.504s] -- Generating done
[4.505s] -- Build files have been written to: /home/user/ros2_ws/build/gazebo_grasp_plugin
[4.606s] [35m[1mConsolidate compiler generated dependencies of target gazebo_grasp_msgs[0m
[4.692s] [ 50%] Built target gazebo_grasp_msgs
[4.740s] [35m[1mConsolidate compiler generated dependencies of target gazebo_grasp_fix[0m
[4.983s] [100%] Built target gazebo_grasp_fix
[5.103s] Invoked command in '/home/user/ros2_ws/build/gazebo_grasp_plugin' returned '0': AMENT_PREFIX_PATH=/home/user/ros2_ws/install/gazebo_version_helpers:${AMENT_PREFIX_PATH} CMAKE_PREFIX_PATH=/home/user/ros2_ws/install/gazebo_version_helpers:/home/user/ros2_ws/install/ur3e_moveit_config:/home/user/ros2_ws/install/test_moveit_config:/home/user/ros2_ws/install/test2_moveit_config:/home/user/ros2_ws/install/my_moveit_config:/home/user/ros2_ws/install/my_moveit2_config:/home/user/ros2_ws/install/simple_grasping:/home/user/ros2_ws/install/ros_testing:/home/user/ros2_ws/install/robotnik_sensors_gazebo:/home/user/ros2_ws/install/robotnik_sensors:/home/user/ros2_ws/install/pilz_industrial_motion_planner_testutils:/home/user/ros2_ws/install/moveit_runtime:/home/user/ros2_ws/install/moveit:/home/user/ros2_ws/install/moveit_planners:/home/user/ros2_ws/install/pilz_industrial_motion_planner:/home/user/ros2_ws/install/moveit_ros_control_interface:/home/user/ros2_ws/install/moveit_plugins:/home/user/ros2_ws/install/moveit_simple_controller_manager:/home/user/ros2_ws/install/moveit_setup_assistant:/home/user/ros2_ws/install/moveit_setup_srdf_plugins:/home/user/ros2_ws/install/moveit_setup_core_plugins:/home/user/ros2_ws/install/moveit_setup_controllers:/home/user/ros2_ws/install/moveit_setup_app_plugins:/home/user/ros2_ws/install/moveit_setup_framework:/home/user/ros2_ws/install/moveit_servo:/home/user/ros2_ws/install/moveit_ros:/home/user/ros2_ws/install/moveit_ros_visualization:/home/user/ros2_ws/install/moveit_hybrid_planning:/home/user/ros2_ws/install/moveit2_scripts:/home/user/ros2_ws/install/moveit_ros_planning_interface:/home/user/ros2_ws/install/moveit_ros_benchmarks:/home/user/ros2_ws/install/moveit_ros_warehouse:/home/user/ros2_ws/install/moveit_ros_robot_interaction:/home/user/ros2_ws/install/moveit_ros_perception:/home/user/ros2_ws/install/moveit_resources_prbt_pg70_support:/home/user/ros2_ws/install/moveit_resources_prbt_moveit_config:/home/user/ros2_ws/install/moveit_ros_move_group:/home/user/ros2_ws/install/moveit_planners_ompl:/home/user/ros2_ws/install/moveit_ros_planning:/home/user/ros2_ws/install/moveit_ros_occupancy_map_monitor:/home/user/ros2_ws/install/moveit_resources_prbt_support:/home/user/ros2_ws/install/moveit_resources_prbt_ikfast_manipulator_plugin:/home/user/ros2_ws/install/moveit_planners_chomp:/home/user/ros2_ws/install/moveit_kinematics:/home/user/ros2_ws/install/moveit_chomp_optimizer_adapter:/home/user/ros2_ws/install/chomp_motion_planner:/home/user/ros2_ws/install/moveit_core:/home/user/ros2_ws/install/moveit_common:/home/simulations/ros2_sims_ws/install/common_interfaces:/home/simulations/ros2_sims_ws/install/visualization_msgs:/home/simulations/ros2_sims_ws/install/test_msgs:/home/simulations/ros2_sims_ws/install/example_interfaces:/home/simulations/ros2_sims_ws/install/action_msgs:/home/simulations/ros2_sims_ws/install/unique_identifier_msgs:/home/simulations/ros2_sims_ws/install/trajectory_msgs:/home/simulations/ros2_sims_ws/install/test_interface_files:/home/simulations/ros2_sims_ws/install/stereo_msgs:/home/simulations/ros2_sims_ws/install/std_srvs:/home/simulations/ros2_sims_ws/install/shape_msgs:/home/simulations/ros2_sims_ws/install/sensor_msgs:/home/simulations/ros2_sims_ws/install/nav_msgs:/home/simulations/ros2_sims_ws/install/diagnostic_msgs:/home/simulations/ros2_sims_ws/install/geometry_msgs:/home/simulations/ros2_sims_ws/install/actionlib_msgs:/home/simulations/ros2_sims_ws/install/std_msgs:/home/simulations/ros2_sims_ws/install/statistics_msgs:/home/simulations/ros2_sims_ws/install/rosgraph_msgs:/home/simulations/ros2_sims_ws/install/rclrs_example_msgs:/home/simulations/ros2_sims_ws/install/composition_interfaces:/home/simulations/ros2_sims_ws/install/rcl_interfaces:/home/simulations/ros2_sims_ws/install/lifecycle_msgs:/home/simulations/ros2_sims_ws/install/builtin_interfaces:/home/simulations/ros2_sims_ws/install/rosidl_default_runtime:/home/simulations/ros2_sims_ws/install/rosidl_default_generators:/home/simulations/ros2_sims_ws/install/rosidl_generator_rs:/home/user/ros2_ws/install/ur_simulation_gazebo:/home/user/ros2_ws/install/ur_description:/home/user/ros2_ws/install/the_construct_office_gazebo:/home/user/ros2_ws/install/robotiq_85_gripper:/home/user/ros2_ws/install/robotiq_85_msgs:/home/user/ros2_ws/install/robotiq_85_description:/home/user/ros2_ws/install/rg2_gripper_description:/home/user/ros2_ws/install/gazebo_ros2_control_demos:/home/user/ros2_ws/install/gazebo_ros2_control:/home/user/ros2_ws/install/ros2test:/home/user/ros2_ws/install/moveit_configs_utils:/home/simulations/ros2_sims_ws/install/rclrs_tests:/home/simulations/ros2_sims_ws/install/examples_rclrs_minimal_client_service:/home/simulations/ros2_sims_ws/install/sensor_msgs_py:/home/simulations/ros2_sims_ws/install/examples_rclrs_minimal_pub_sub:/home/simulations/ros2_sims_ws/install/examples_rclrs_message_demo:/home/simulations/ros2_sims_ws/install/rclrs:/home/simulations/ros2_sims_ws/install/rosidl_runtime_rs:/home/user/ros2_ws/install/robotiq_85_driver:/opt/ros/humble LD_LIBRARY_PATH=/home/user/ros2_ws/install/gazebo_version_helpers/lib:/home/user/ros2_ws/install/simple_grasping/lib:/home/user/ros2_ws/install/pilz_industrial_motion_planner_testutils/lib:/home/user/ros2_ws/install/pilz_industrial_motion_planner/lib:/home/user/ros2_ws/install/moveit_ros_control_interface/lib:/home/user/ros2_ws/install/moveit_simple_controller_manager/lib:/home/user/ros2_ws/install/moveit_setup_assistant/lib:/home/user/ros2_ws/install/moveit_setup_srdf_plugins/lib:/home/user/ros2_ws/install/moveit_setup_core_plugins/lib:/home/user/ros2_ws/install/moveit_setup_controllers/lib:/home/user/ros2_ws/install/moveit_setup_app_plugins/lib:/home/user/ros2_ws/install/moveit_setup_framework/lib:/home/user/ros2_ws/install/moveit_servo/lib:/home/user/ros2_ws/install/moveit_ros_visualization/lib:/home/user/ros2_ws/install/moveit_hybrid_planning/lib:/home/user/ros2_ws/install/moveit_ros_planning_interface/lib:/home/user/ros2_ws/install/moveit_ros_benchmarks/lib:/home/user/ros2_ws/install/moveit_ros_warehouse/lib:/home/user/ros2_ws/install/moveit_ros_robot_interaction/lib:/home/user/ros2_ws/install/moveit_ros_perception/lib:/home/user/ros2_ws/install/moveit_ros_move_group/lib:/home/user/ros2_ws/install/moveit_planners_ompl/lib:/home/user/ros2_ws/install/moveit_ros_planning/lib:/home/user/ros2_ws/install/moveit_ros_occupancy_map_monitor/lib:/home/user/ros2_ws/install/moveit_resources_prbt_ikfast_manipulator_plugin/lib:/home/user/ros2_ws/install/moveit_planners_chomp/lib:/home/user/ros2_ws/install/moveit_kinematics/lib:/home/user/ros2_ws/install/moveit_chomp_optimizer_adapter/lib:/home/user/ros2_ws/install/chomp_motion_planner/lib:/home/user/ros2_ws/install/moveit_core/lib:/usr/local/cuda-10.2/lib64:/home/user/.catkin_ws_python3/src/TensorRT-7.0.0.11/lib:/home/simulations/ros2_sims_ws/install/visualization_msgs/lib:/home/simulations/ros2_sims_ws/install/test_msgs/lib:/home/simulations/ros2_sims_ws/install/example_interfaces/lib:/home/simulations/ros2_sims_ws/install/action_msgs/lib:/home/simulations/ros2_sims_ws/install/unique_identifier_msgs/lib:/home/simulations/ros2_sims_ws/install/trajectory_msgs/lib:/home/simulations/ros2_sims_ws/install/stereo_msgs/lib:/home/simulations/ros2_sims_ws/install/std_srvs/lib:/home/simulations/ros2_sims_ws/install/shape_msgs/lib:/home/simulations/ros2_sims_ws/install/sensor_msgs/lib:/home/simulations/ros2_sims_ws/install/nav_msgs/lib:/home/simulations/ros2_sims_ws/install/diagnostic_msgs/lib:/home/simulations/ros2_sims_ws/install/geometry_msgs/lib:/home/simulations/ros2_sims_ws/install/actionlib_msgs/lib:/home/simulations/ros2_sims_ws/install/std_msgs/lib:/home/simulations/ros2_sims_ws/install/statistics_msgs/lib:/home/simulations/ros2_sims_ws/install/rosgraph_msgs/lib:/home/simulations/ros2_sims_ws/install/rclrs_example_msgs/lib:/home/simulations/ros2_sims_ws/install/composition_interfaces/lib:/home/simulations/ros2_sims_ws/install/rcl_interfaces/lib:/home/simulations/ros2_sims_ws/install/lifecycle_msgs/lib:/home/simulations/ros2_sims_ws/install/builtin_interfaces/lib:/home/user/ros2_ws/install/robotiq_85_msgs/lib:/home/user/ros2_ws/install/gazebo_ros2_control/lib:/opt/ros/humble/opt/rviz_ogre_vendor/lib:/opt/ros/humble/lib/x86_64-linux-gnu:/opt/ros/humble/lib:/usr/local/cuda-10.2/lib64:/home/user/.catkin_ws_python3/src/TensorRT-7.0.0.11/lib:/usr/lib/x86_64-linux-gnu/gazebo-11/plugins:/usr/lib/x86_64-linux-gnu/gazebo-11/plugins:/usr/lib/x86_64-linux-gnu/gazebo-11/plugins _=/usr/bin/env /usr/bin/cmake --build /home/user/ros2_ws/build/gazebo_grasp_plugin -- -j8 -l8
[5.312s] Invoking command in '/home/user/ros2_ws/build/gazebo_grasp_plugin': AMENT_PREFIX_PATH=/home/user/ros2_ws/install/gazebo_version_helpers:${AMENT_PREFIX_PATH} CMAKE_PREFIX_PATH=/home/user/ros2_ws/install/gazebo_version_helpers:/home/user/ros2_ws/install/ur3e_moveit_config:/home/user/ros2_ws/install/test_moveit_config:/home/user/ros2_ws/install/test2_moveit_config:/home/user/ros2_ws/install/my_moveit_config:/home/user/ros2_ws/install/my_moveit2_config:/home/user/ros2_ws/install/simple_grasping:/home/user/ros2_ws/install/ros_testing:/home/user/ros2_ws/install/robotnik_sensors_gazebo:/home/user/ros2_ws/install/robotnik_sensors:/home/user/ros2_ws/install/pilz_industrial_motion_planner_testutils:/home/user/ros2_ws/install/moveit_runtime:/home/user/ros2_ws/install/moveit:/home/user/ros2_ws/install/moveit_planners:/home/user/ros2_ws/install/pilz_industrial_motion_planner:/home/user/ros2_ws/install/moveit_ros_control_interface:/home/user/ros2_ws/install/moveit_plugins:/home/user/ros2_ws/install/moveit_simple_controller_manager:/home/user/ros2_ws/install/moveit_setup_assistant:/home/user/ros2_ws/install/moveit_setup_srdf_plugins:/home/user/ros2_ws/install/moveit_setup_core_plugins:/home/user/ros2_ws/install/moveit_setup_controllers:/home/user/ros2_ws/install/moveit_setup_app_plugins:/home/user/ros2_ws/install/moveit_setup_framework:/home/user/ros2_ws/install/moveit_servo:/home/user/ros2_ws/install/moveit_ros:/home/user/ros2_ws/install/moveit_ros_visualization:/home/user/ros2_ws/install/moveit_hybrid_planning:/home/user/ros2_ws/install/moveit2_scripts:/home/user/ros2_ws/install/moveit_ros_planning_interface:/home/user/ros2_ws/install/moveit_ros_benchmarks:/home/user/ros2_ws/install/moveit_ros_warehouse:/home/user/ros2_ws/install/moveit_ros_robot_interaction:/home/user/ros2_ws/install/moveit_ros_perception:/home/user/ros2_ws/install/moveit_resources_prbt_pg70_support:/home/user/ros2_ws/install/moveit_resources_prbt_moveit_config:/home/user/ros2_ws/install/moveit_ros_move_group:/home/user/ros2_ws/install/moveit_planners_ompl:/home/user/ros2_ws/install/moveit_ros_planning:/home/user/ros2_ws/install/moveit_ros_occupancy_map_monitor:/home/user/ros2_ws/install/moveit_resources_prbt_support:/home/user/ros2_ws/install/moveit_resources_prbt_ikfast_manipulator_plugin:/home/user/ros2_ws/install/moveit_planners_chomp:/home/user/ros2_ws/install/moveit_kinematics:/home/user/ros2_ws/install/moveit_chomp_optimizer_adapter:/home/user/ros2_ws/install/chomp_motion_planner:/home/user/ros2_ws/install/moveit_core:/home/user/ros2_ws/install/moveit_common:/home/simulations/ros2_sims_ws/install/common_interfaces:/home/simulations/ros2_sims_ws/install/visualization_msgs:/home/simulations/ros2_sims_ws/install/test_msgs:/home/simulations/ros2_sims_ws/install/example_interfaces:/home/simulations/ros2_sims_ws/install/action_msgs:/home/simulations/ros2_sims_ws/install/unique_identifier_msgs:/home/simulations/ros2_sims_ws/install/trajectory_msgs:/home/simulations/ros2_sims_ws/install/test_interface_files:/home/simulations/ros2_sims_ws/install/stereo_msgs:/home/simulations/ros2_sims_ws/install/std_srvs:/home/simulations/ros2_sims_ws/install/shape_msgs:/home/simulations/ros2_sims_ws/install/sensor_msgs:/home/simulations/ros2_sims_ws/install/nav_msgs:/home/simulations/ros2_sims_ws/install/diagnostic_msgs:/home/simulations/ros2_sims_ws/install/geometry_msgs:/home/simulations/ros2_sims_ws/install/actionlib_msgs:/home/simulations/ros2_sims_ws/install/std_msgs:/home/simulations/ros2_sims_ws/install/statistics_msgs:/home/simulations/ros2_sims_ws/install/rosgraph_msgs:/home/simulations/ros2_sims_ws/install/rclrs_example_msgs:/home/simulations/ros2_sims_ws/install/composition_interfaces:/home/simulations/ros2_sims_ws/install/rcl_interfaces:/home/simulations/ros2_sims_ws/install/lifecycle_msgs:/home/simulations/ros2_sims_ws/install/builtin_interfaces:/home/simulations/ros2_sims_ws/install/rosidl_default_runtime:/home/simulations/ros2_sims_ws/install/rosidl_default_generators:/home/simulations/ros2_sims_ws/install/rosidl_generator_rs:/home/user/ros2_ws/install/ur_simulation_gazebo:/home/user/ros2_ws/install/ur_description:/home/user/ros2_ws/install/the_construct_office_gazebo:/home/user/ros2_ws/install/robotiq_85_gripper:/home/user/ros2_ws/install/robotiq_85_msgs:/home/user/ros2_ws/install/robotiq_85_description:/home/user/ros2_ws/install/rg2_gripper_description:/home/user/ros2_ws/install/gazebo_ros2_control_demos:/home/user/ros2_ws/install/gazebo_ros2_control:/home/user/ros2_ws/install/ros2test:/home/user/ros2_ws/install/moveit_configs_utils:/home/simulations/ros2_sims_ws/install/rclrs_tests:/home/simulations/ros2_sims_ws/install/examples_rclrs_minimal_client_service:/home/simulations/ros2_sims_ws/install/sensor_msgs_py:/home/simulations/ros2_sims_ws/install/examples_rclrs_minimal_pub_sub:/home/simulations/ros2_sims_ws/install/examples_rclrs_message_demo:/home/simulations/ros2_sims_ws/install/rclrs:/home/simulations/ros2_sims_ws/install/rosidl_runtime_rs:/home/user/ros2_ws/install/robotiq_85_driver:/opt/ros/humble LD_LIBRARY_PATH=/home/user/ros2_ws/install/gazebo_version_helpers/lib:/home/user/ros2_ws/install/simple_grasping/lib:/home/user/ros2_ws/install/pilz_industrial_motion_planner_testutils/lib:/home/user/ros2_ws/install/pilz_industrial_motion_planner/lib:/home/user/ros2_ws/install/moveit_ros_control_interface/lib:/home/user/ros2_ws/install/moveit_simple_controller_manager/lib:/home/user/ros2_ws/install/moveit_setup_assistant/lib:/home/user/ros2_ws/install/moveit_setup_srdf_plugins/lib:/home/user/ros2_ws/install/moveit_setup_core_plugins/lib:/home/user/ros2_ws/install/moveit_setup_controllers/lib:/home/user/ros2_ws/install/moveit_setup_app_plugins/lib:/home/user/ros2_ws/install/moveit_setup_framework/lib:/home/user/ros2_ws/install/moveit_servo/lib:/home/user/ros2_ws/install/moveit_ros_visualization/lib:/home/user/ros2_ws/install/moveit_hybrid_planning/lib:/home/user/ros2_ws/install/moveit_ros_planning_interface/lib:/home/user/ros2_ws/install/moveit_ros_benchmarks/lib:/home/user/ros2_ws/install/moveit_ros_warehouse/lib:/home/user/ros2_ws/install/moveit_ros_robot_interaction/lib:/home/user/ros2_ws/install/moveit_ros_perception/lib:/home/user/ros2_ws/install/moveit_ros_move_group/lib:/home/user/ros2_ws/install/moveit_planners_ompl/lib:/home/user/ros2_ws/install/moveit_ros_planning/lib:/home/user/ros2_ws/install/moveit_ros_occupancy_map_monitor/lib:/home/user/ros2_ws/install/moveit_resources_prbt_ikfast_manipulator_plugin/lib:/home/user/ros2_ws/install/moveit_planners_chomp/lib:/home/user/ros2_ws/install/moveit_kinematics/lib:/home/user/ros2_ws/install/moveit_chomp_optimizer_adapter/lib:/home/user/ros2_ws/install/chomp_motion_planner/lib:/home/user/ros2_ws/install/moveit_core/lib:/usr/local/cuda-10.2/lib64:/home/user/.catkin_ws_python3/src/TensorRT-7.0.0.11/lib:/home/simulations/ros2_sims_ws/install/visualization_msgs/lib:/home/simulations/ros2_sims_ws/install/test_msgs/lib:/home/simulations/ros2_sims_ws/install/example_interfaces/lib:/home/simulations/ros2_sims_ws/install/action_msgs/lib:/home/simulations/ros2_sims_ws/install/unique_identifier_msgs/lib:/home/simulations/ros2_sims_ws/install/trajectory_msgs/lib:/home/simulations/ros2_sims_ws/install/stereo_msgs/lib:/home/simulations/ros2_sims_ws/install/std_srvs/lib:/home/simulations/ros2_sims_ws/install/shape_msgs/lib:/home/simulations/ros2_sims_ws/install/sensor_msgs/lib:/home/simulations/ros2_sims_ws/install/nav_msgs/lib:/home/simulations/ros2_sims_ws/install/diagnostic_msgs/lib:/home/simulations/ros2_sims_ws/install/geometry_msgs/lib:/home/simulations/ros2_sims_ws/install/actionlib_msgs/lib:/home/simulations/ros2_sims_ws/install/std_msgs/lib:/home/simulations/ros2_sims_ws/install/statistics_msgs/lib:/home/simulations/ros2_sims_ws/install/rosgraph_msgs/lib:/home/simulations/ros2_sims_ws/install/rclrs_example_msgs/lib:/home/simulations/ros2_sims_ws/install/composition_interfaces/lib:/home/simulations/ros2_sims_ws/install/rcl_interfaces/lib:/home/simulations/ros2_sims_ws/install/lifecycle_msgs/lib:/home/simulations/ros2_sims_ws/install/builtin_interfaces/lib:/home/user/ros2_ws/install/robotiq_85_msgs/lib:/home/user/ros2_ws/install/gazebo_ros2_control/lib:/opt/ros/humble/opt/rviz_ogre_vendor/lib:/opt/ros/humble/lib/x86_64-linux-gnu:/opt/ros/humble/lib:/usr/local/cuda-10.2/lib64:/home/user/.catkin_ws_python3/src/TensorRT-7.0.0.11/lib:/usr/lib/x86_64-linux-gnu/gazebo-11/plugins:/usr/lib/x86_64-linux-gnu/gazebo-11/plugins:/usr/lib/x86_64-linux-gnu/gazebo-11/plugins _=/usr/bin/env /usr/bin/cmake --install /home/user/ros2_ws/build/gazebo_grasp_plugin
[5.328s] -- Install configuration: ""
[5.328s] -- Up-to-date: /home/user/ros2_ws/install/gazebo_grasp_plugin/share/gazebo_grasp_plugin/environment/library_path.sh
[5.329s] -- Installing: /home/user/ros2_ws/install/gazebo_grasp_plugin/share/gazebo_grasp_plugin/environment/library_path.dsv
[5.329s] -- Up-to-date: /home/user/ros2_ws/install/gazebo_grasp_plugin/lib/gazebo_grasp_plugin/libgazebo_grasp_fix.so
[5.329s] -- Up-to-date: /home/user/ros2_ws/install/gazebo_grasp_plugin/lib/gazebo_grasp_plugin/libgazebo_grasp_msgs.so
[5.329s] -- Up-to-date: /home/user/ros2_ws/install/gazebo_grasp_plugin/include
[5.329s] -- Up-to-date: /home/user/ros2_ws/install/gazebo_grasp_plugin/include/gazebo_grasp_plugin
[5.330s] -- Up-to-date: /home/user/ros2_ws/install/gazebo_grasp_plugin/include/gazebo_grasp_plugin/GazeboGraspGripper.h
[5.330s] -- Up-to-date: /home/user/ros2_ws/install/gazebo_grasp_plugin/include/gazebo_grasp_plugin/GazeboGraspFix.h
[5.330s] -- Up-to-date: /home/user/ros2_ws/install/gazebo_grasp_plugin/include/gazebo_grasp_plugin/gazebo_grasp_plugin
[5.331s] -- Up-to-date: /home/user/ros2_ws/install/gazebo_grasp_plugin/include/gazebo_grasp_plugin/gazebo_grasp_plugin/grasp_event.pb.h
[5.332s] -- Up-to-date: /home/user/ros2_ws/install/gazebo_grasp_plugin/include/gazebo_grasp_plugin/gazebo_grasp_plugin/ament_cmake_package_templates
[5.332s] -- Up-to-date: /home/user/ros2_ws/install/gazebo_grasp_plugin/include/gazebo_grasp_plugin/gazebo_grasp_plugin/ament_cmake_core
[5.333s] -- Up-to-date: /home/user/ros2_ws/install/gazebo_grasp_plugin/include/gazebo_grasp_plugin/gazebo_grasp_plugin/ament_cmake_core/stamps
[5.334s] -- Up-to-date: /home/user/ros2_ws/install/gazebo_grasp_plugin/include/gazebo_grasp_plugin/gazebo_grasp_plugin/ament_cmake_environment_hooks
[5.334s] -- Installing: /home/user/ros2_ws/install/gazebo_grasp_plugin/include/gazebo_grasp_plugin/gazebo_grasp_plugin/ament_cmake_export_targets
[5.335s] -- Up-to-date: /home/user/ros2_ws/install/gazebo_grasp_plugin/include/gazebo_grasp_plugin/gazebo_grasp_plugin/ament_cmake_export_include_directories
[5.335s] -- Up-to-date: /home/user/ros2_ws/install/gazebo_grasp_plugin/include/gazebo_grasp_plugin/gazebo_grasp_plugin/msgs
[5.335s] -- Up-to-date: /home/user/ros2_ws/install/gazebo_grasp_plugin/include/gazebo_grasp_plugin/gazebo_grasp_plugin/msgs/grasp_event.pb.h
[5.336s] -- Up-to-date: /home/user/ros2_ws/install/gazebo_grasp_plugin/include/gazebo_grasp_plugin/gazebo_grasp_plugin/CMakeFiles
[5.336s] -- Up-to-date: /home/user/ros2_ws/install/gazebo_grasp_plugin/include/gazebo_grasp_plugin/gazebo_grasp_plugin/CMakeFiles/3.22.1
[5.337s] -- Up-to-date: /home/user/ros2_ws/install/gazebo_grasp_plugin/include/gazebo_grasp_plugin/gazebo_grasp_plugin/CMakeFiles/3.22.1/CompilerIdC
[5.337s] -- Up-to-date: /home/user/ros2_ws/install/gazebo_grasp_plugin/include/gazebo_grasp_plugin/gazebo_grasp_plugin/CMakeFiles/3.22.1/CompilerIdC/tmp
[5.338s] -- Up-to-date: /home/user/ros2_ws/install/gazebo_grasp_plugin/include/gazebo_grasp_plugin/gazebo_grasp_plugin/CMakeFiles/3.22.1/CompilerIdCXX
[5.338s] -- Up-to-date: /home/user/ros2_ws/install/gazebo_grasp_plugin/include/gazebo_grasp_plugin/gazebo_grasp_plugin/CMakeFiles/3.22.1/CompilerIdCXX/tmp
[5.339s] -- Installing: /home/user/ros2_ws/install/gazebo_grasp_plugin/include/gazebo_grasp_plugin/gazebo_grasp_plugin/CMakeFiles/Export
[5.344s] -- Installing: /home/user/ros2_ws/install/gazebo_grasp_plugin/include/gazebo_grasp_plugin/gazebo_grasp_plugin/CMakeFiles/Export/share
[5.345s] -- Installing: /home/user/ros2_ws/install/gazebo_grasp_plugin/include/gazebo_grasp_plugin/gazebo_grasp_plugin/CMakeFiles/Export/share/gazebo_grasp_plugin
[5.345s] -- Installing: /home/user/ros2_ws/install/gazebo_grasp_plugin/include/gazebo_grasp_plugin/gazebo_grasp_plugin/CMakeFiles/Export/share/gazebo_grasp_plugin/cmake
[5.345s] -- Up-to-date: /home/user/ros2_ws/install/gazebo_grasp_plugin/include/gazebo_grasp_plugin/gazebo_grasp_plugin/CMakeFiles/gazebo_grasp_msgs.dir
[5.346s] -- Up-to-date: /home/user/ros2_ws/install/gazebo_grasp_plugin/include/gazebo_grasp_plugin/gazebo_grasp_plugin/CMakeFiles/gazebo_grasp_plugin_uninstall.dir
[5.346s] -- Up-to-date: /home/user/ros2_ws/install/gazebo_grasp_plugin/include/gazebo_grasp_plugin/gazebo_grasp_plugin/CMakeFiles/gazebo_grasp_fix.dir
[5.346s] -- Up-to-date: /home/user/ros2_ws/install/gazebo_grasp_plugin/include/gazebo_grasp_plugin/gazebo_grasp_plugin/CMakeFiles/gazebo_grasp_fix.dir/src
[5.346s] -- Up-to-date: /home/user/ros2_ws/install/gazebo_grasp_plugin/include/gazebo_grasp_plugin/gazebo_grasp_plugin/CMakeFiles/CMakeTmp
[5.346s] -- Up-to-date: /home/user/ros2_ws/install/gazebo_grasp_plugin/include/gazebo_grasp_plugin/gazebo_grasp_plugin/CMakeFiles/uninstall.dir
[5.346s] -- Up-to-date: /home/user/ros2_ws/install/gazebo_grasp_plugin/include/gazebo_grasp_plugin/gazebo_grasp_plugin/ament_cmake_index
[5.347s] -- Up-to-date: /home/user/ros2_ws/install/gazebo_grasp_plugin/include/gazebo_grasp_plugin/gazebo_grasp_plugin/ament_cmake_index/share
[5.347s] -- Up-to-date: /home/user/ros2_ws/install/gazebo_grasp_plugin/include/gazebo_grasp_plugin/gazebo_grasp_plugin/ament_cmake_index/share/ament_index
[5.347s] -- Up-to-date: /home/user/ros2_ws/install/gazebo_grasp_plugin/include/gazebo_grasp_plugin/gazebo_grasp_plugin/ament_cmake_index/share/ament_index/resource_index
[5.347s] -- Up-to-date: /home/user/ros2_ws/install/gazebo_grasp_plugin/include/gazebo_grasp_plugin/gazebo_grasp_plugin/ament_cmake_index/share/ament_index/resource_index/packages
[5.347s] -- Up-to-date: /home/user/ros2_ws/install/gazebo_grasp_plugin/include/gazebo_grasp_plugin/gazebo_grasp_plugin/ament_cmake_index/share/ament_index/resource_index/parent_prefix_path
[5.347s] -- Up-to-date: /home/user/ros2_ws/install/gazebo_grasp_plugin/include/gazebo_grasp_plugin/gazebo_grasp_plugin/ament_cmake_index/share/ament_index/resource_index/package_run_dependencies
[5.348s] -- Up-to-date: /home/user/ros2_ws/install/gazebo_grasp_plugin/include/gazebo_grasp_plugin/gazebo_grasp_plugin/ament_cmake_export_libraries
[5.348s] -- Up-to-date: /home/user/ros2_ws/install/gazebo_grasp_plugin/include/gazebo_grasp_plugin/gazebo_grasp_plugin/ament_cmake_export_dependencies
[5.348s] -- Up-to-date: /home/user/ros2_ws/install/gazebo_grasp_plugin/include/gazebo_grasp_plugin/gazebo_grasp_plugin/ament_cmake_uninstall_target
[5.348s] -- Up-to-date: /home/user/ros2_ws/install/gazebo_grasp_plugin/share/ament_index/resource_index/package_run_dependencies/gazebo_grasp_plugin
[5.348s] -- Up-to-date: /home/user/ros2_ws/install/gazebo_grasp_plugin/share/ament_index/resource_index/parent_prefix_path/gazebo_grasp_plugin
[5.348s] -- Up-to-date: /home/user/ros2_ws/install/gazebo_grasp_plugin/share/gazebo_grasp_plugin/environment/ament_prefix_path.sh
[5.349s] -- Installing: /home/user/ros2_ws/install/gazebo_grasp_plugin/share/gazebo_grasp_plugin/environment/ament_prefix_path.dsv
[5.349s] -- Up-to-date: /home/user/ros2_ws/install/gazebo_grasp_plugin/share/gazebo_grasp_plugin/environment/path.sh
[5.349s] -- Installing: /home/user/ros2_ws/install/gazebo_grasp_plugin/share/gazebo_grasp_plugin/environment/path.dsv
[5.349s] -- Up-to-date: /home/user/ros2_ws/install/gazebo_grasp_plugin/share/gazebo_grasp_plugin/local_setup.bash
[5.349s] -- Up-to-date: /home/user/ros2_ws/install/gazebo_grasp_plugin/share/gazebo_grasp_plugin/local_setup.sh
[5.350s] -- Up-to-date: /home/user/ros2_ws/install/gazebo_grasp_plugin/share/gazebo_grasp_plugin/local_setup.zsh
[5.350s] -- Installing: /home/user/ros2_ws/install/gazebo_grasp_plugin/share/gazebo_grasp_plugin/local_setup.dsv
[5.350s] -- Installing: /home/user/ros2_ws/install/gazebo_grasp_plugin/share/gazebo_grasp_plugin/package.dsv
[5.350s] -- Up-to-date: /home/user/ros2_ws/install/gazebo_grasp_plugin/share/ament_index/resource_index/packages/gazebo_grasp_plugin
[5.350s] -- Installing: /home/user/ros2_ws/install/gazebo_grasp_plugin/share/gazebo_grasp_plugin/cmake/gazebo_grasp_fixExport.cmake
[5.350s] -- Installing: /home/user/ros2_ws/install/gazebo_grasp_plugin/share/gazebo_grasp_plugin/cmake/gazebo_grasp_fixExport-noconfig.cmake
[5.351s] -- Installing: /home/user/ros2_ws/install/gazebo_grasp_plugin/share/gazebo_grasp_plugin/cmake/ament_cmake_export_targets-extras.cmake
[5.351s] -- Up-to-date: /home/user/ros2_ws/install/gazebo_grasp_plugin/share/gazebo_grasp_plugin/cmake/ament_cmake_export_include_directories-extras.cmake
[5.351s] -- Up-to-date: /home/user/ros2_ws/install/gazebo_grasp_plugin/share/gazebo_grasp_plugin/cmake/ament_cmake_export_libraries-extras.cmake
[5.351s] -- Up-to-date: /home/user/ros2_ws/install/gazebo_grasp_plugin/share/gazebo_grasp_plugin/cmake/ament_cmake_export_dependencies-extras.cmake
[5.351s] -- Installing: /home/user/ros2_ws/install/gazebo_grasp_plugin/share/gazebo_grasp_plugin/cmake/gazebo_grasp_pluginConfig.cmake
[5.352s] -- Up-to-date: /home/user/ros2_ws/install/gazebo_grasp_plugin/share/gazebo_grasp_plugin/cmake/gazebo_grasp_pluginConfig-version.cmake
[5.352s] -- Up-to-date: /home/user/ros2_ws/install/gazebo_grasp_plugin/share/gazebo_grasp_plugin/package.xml
[5.399s] Invoked command in '/home/user/ros2_ws/build/gazebo_grasp_plugin' returned '0': AMENT_PREFIX_PATH=/home/user/ros2_ws/install/gazebo_version_helpers:${AMENT_PREFIX_PATH} CMAKE_PREFIX_PATH=/home/user/ros2_ws/install/gazebo_version_helpers:/home/user/ros2_ws/install/ur3e_moveit_config:/home/user/ros2_ws/install/test_moveit_config:/home/user/ros2_ws/install/test2_moveit_config:/home/user/ros2_ws/install/my_moveit_config:/home/user/ros2_ws/install/my_moveit2_config:/home/user/ros2_ws/install/simple_grasping:/home/user/ros2_ws/install/ros_testing:/home/user/ros2_ws/install/robotnik_sensors_gazebo:/home/user/ros2_ws/install/robotnik_sensors:/home/user/ros2_ws/install/pilz_industrial_motion_planner_testutils:/home/user/ros2_ws/install/moveit_runtime:/home/user/ros2_ws/install/moveit:/home/user/ros2_ws/install/moveit_planners:/home/user/ros2_ws/install/pilz_industrial_motion_planner:/home/user/ros2_ws/install/moveit_ros_control_interface:/home/user/ros2_ws/install/moveit_plugins:/home/user/ros2_ws/install/moveit_simple_controller_manager:/home/user/ros2_ws/install/moveit_setup_assistant:/home/user/ros2_ws/install/moveit_setup_srdf_plugins:/home/user/ros2_ws/install/moveit_setup_core_plugins:/home/user/ros2_ws/install/moveit_setup_controllers:/home/user/ros2_ws/install/moveit_setup_app_plugins:/home/user/ros2_ws/install/moveit_setup_framework:/home/user/ros2_ws/install/moveit_servo:/home/user/ros2_ws/install/moveit_ros:/home/user/ros2_ws/install/moveit_ros_visualization:/home/user/ros2_ws/install/moveit_hybrid_planning:/home/user/ros2_ws/install/moveit2_scripts:/home/user/ros2_ws/install/moveit_ros_planning_interface:/home/user/ros2_ws/install/moveit_ros_benchmarks:/home/user/ros2_ws/install/moveit_ros_warehouse:/home/user/ros2_ws/install/moveit_ros_robot_interaction:/home/user/ros2_ws/install/moveit_ros_perception:/home/user/ros2_ws/install/moveit_resources_prbt_pg70_support:/home/user/ros2_ws/install/moveit_resources_prbt_moveit_config:/home/user/ros2_ws/install/moveit_ros_move_group:/home/user/ros2_ws/install/moveit_planners_ompl:/home/user/ros2_ws/install/moveit_ros_planning:/home/user/ros2_ws/install/moveit_ros_occupancy_map_monitor:/home/user/ros2_ws/install/moveit_resources_prbt_support:/home/user/ros2_ws/install/moveit_resources_prbt_ikfast_manipulator_plugin:/home/user/ros2_ws/install/moveit_planners_chomp:/home/user/ros2_ws/install/moveit_kinematics:/home/user/ros2_ws/install/moveit_chomp_optimizer_adapter:/home/user/ros2_ws/install/chomp_motion_planner:/home/user/ros2_ws/install/moveit_core:/home/user/ros2_ws/install/moveit_common:/home/simulations/ros2_sims_ws/install/common_interfaces:/home/simulations/ros2_sims_ws/install/visualization_msgs:/home/simulations/ros2_sims_ws/install/test_msgs:/home/simulations/ros2_sims_ws/install/example_interfaces:/home/simulations/ros2_sims_ws/install/action_msgs:/home/simulations/ros2_sims_ws/install/unique_identifier_msgs:/home/simulations/ros2_sims_ws/install/trajectory_msgs:/home/simulations/ros2_sims_ws/install/test_interface_files:/home/simulations/ros2_sims_ws/install/stereo_msgs:/home/simulations/ros2_sims_ws/install/std_srvs:/home/simulations/ros2_sims_ws/install/shape_msgs:/home/simulations/ros2_sims_ws/install/sensor_msgs:/home/simulations/ros2_sims_ws/install/nav_msgs:/home/simulations/ros2_sims_ws/install/diagnostic_msgs:/home/simulations/ros2_sims_ws/install/geometry_msgs:/home/simulations/ros2_sims_ws/install/actionlib_msgs:/home/simulations/ros2_sims_ws/install/std_msgs:/home/simulations/ros2_sims_ws/install/statistics_msgs:/home/simulations/ros2_sims_ws/install/rosgraph_msgs:/home/simulations/ros2_sims_ws/install/rclrs_example_msgs:/home/simulations/ros2_sims_ws/install/composition_interfaces:/home/simulations/ros2_sims_ws/install/rcl_interfaces:/home/simulations/ros2_sims_ws/install/lifecycle_msgs:/home/simulations/ros2_sims_ws/install/builtin_interfaces:/home/simulations/ros2_sims_ws/install/rosidl_default_runtime:/home/simulations/ros2_sims_ws/install/rosidl_default_generators:/home/simulations/ros2_sims_ws/install/rosidl_generator_rs:/home/user/ros2_ws/install/ur_simulation_gazebo:/home/user/ros2_ws/install/ur_description:/home/user/ros2_ws/install/the_construct_office_gazebo:/home/user/ros2_ws/install/robotiq_85_gripper:/home/user/ros2_ws/install/robotiq_85_msgs:/home/user/ros2_ws/install/robotiq_85_description:/home/user/ros2_ws/install/rg2_gripper_description:/home/user/ros2_ws/install/gazebo_ros2_control_demos:/home/user/ros2_ws/install/gazebo_ros2_control:/home/user/ros2_ws/install/ros2test:/home/user/ros2_ws/install/moveit_configs_utils:/home/simulations/ros2_sims_ws/install/rclrs_tests:/home/simulations/ros2_sims_ws/install/examples_rclrs_minimal_client_service:/home/simulations/ros2_sims_ws/install/sensor_msgs_py:/home/simulations/ros2_sims_ws/install/examples_rclrs_minimal_pub_sub:/home/simulations/ros2_sims_ws/install/examples_rclrs_message_demo:/home/simulations/ros2_sims_ws/install/rclrs:/home/simulations/ros2_sims_ws/install/rosidl_runtime_rs:/home/user/ros2_ws/install/robotiq_85_driver:/opt/ros/humble LD_LIBRARY_PATH=/home/user/ros2_ws/install/gazebo_version_helpers/lib:/home/user/ros2_ws/install/simple_grasping/lib:/home/user/ros2_ws/install/pilz_industrial_motion_planner_testutils/lib:/home/user/ros2_ws/install/pilz_industrial_motion_planner/lib:/home/user/ros2_ws/install/moveit_ros_control_interface/lib:/home/user/ros2_ws/install/moveit_simple_controller_manager/lib:/home/user/ros2_ws/install/moveit_setup_assistant/lib:/home/user/ros2_ws/install/moveit_setup_srdf_plugins/lib:/home/user/ros2_ws/install/moveit_setup_core_plugins/lib:/home/user/ros2_ws/install/moveit_setup_controllers/lib:/home/user/ros2_ws/install/moveit_setup_app_plugins/lib:/home/user/ros2_ws/install/moveit_setup_framework/lib:/home/user/ros2_ws/install/moveit_servo/lib:/home/user/ros2_ws/install/moveit_ros_visualization/lib:/home/user/ros2_ws/install/moveit_hybrid_planning/lib:/home/user/ros2_ws/install/moveit_ros_planning_interface/lib:/home/user/ros2_ws/install/moveit_ros_benchmarks/lib:/home/user/ros2_ws/install/moveit_ros_warehouse/lib:/home/user/ros2_ws/install/moveit_ros_robot_interaction/lib:/home/user/ros2_ws/install/moveit_ros_perception/lib:/home/user/ros2_ws/install/moveit_ros_move_group/lib:/home/user/ros2_ws/install/moveit_planners_ompl/lib:/home/user/ros2_ws/install/moveit_ros_planning/lib:/home/user/ros2_ws/install/moveit_ros_occupancy_map_monitor/lib:/home/user/ros2_ws/install/moveit_resources_prbt_ikfast_manipulator_plugin/lib:/home/user/ros2_ws/install/moveit_planners_chomp/lib:/home/user/ros2_ws/install/moveit_kinematics/lib:/home/user/ros2_ws/install/moveit_chomp_optimizer_adapter/lib:/home/user/ros2_ws/install/chomp_motion_planner/lib:/home/user/ros2_ws/install/moveit_core/lib:/usr/local/cuda-10.2/lib64:/home/user/.catkin_ws_python3/src/TensorRT-7.0.0.11/lib:/home/simulations/ros2_sims_ws/install/visualization_msgs/lib:/home/simulations/ros2_sims_ws/install/test_msgs/lib:/home/simulations/ros2_sims_ws/install/example_interfaces/lib:/home/simulations/ros2_sims_ws/install/action_msgs/lib:/home/simulations/ros2_sims_ws/install/unique_identifier_msgs/lib:/home/simulations/ros2_sims_ws/install/trajectory_msgs/lib:/home/simulations/ros2_sims_ws/install/stereo_msgs/lib:/home/simulations/ros2_sims_ws/install/std_srvs/lib:/home/simulations/ros2_sims_ws/install/shape_msgs/lib:/home/simulations/ros2_sims_ws/install/sensor_msgs/lib:/home/simulations/ros2_sims_ws/install/nav_msgs/lib:/home/simulations/ros2_sims_ws/install/diagnostic_msgs/lib:/home/simulations/ros2_sims_ws/install/geometry_msgs/lib:/home/simulations/ros2_sims_ws/install/actionlib_msgs/lib:/home/simulations/ros2_sims_ws/install/std_msgs/lib:/home/simulations/ros2_sims_ws/install/statistics_msgs/lib:/home/simulations/ros2_sims_ws/install/rosgraph_msgs/lib:/home/simulations/ros2_sims_ws/install/rclrs_example_msgs/lib:/home/simulations/ros2_sims_ws/install/composition_interfaces/lib:/home/simulations/ros2_sims_ws/install/rcl_interfaces/lib:/home/simulations/ros2_sims_ws/install/lifecycle_msgs/lib:/home/simulations/ros2_sims_ws/install/builtin_interfaces/lib:/home/user/ros2_ws/install/robotiq_85_msgs/lib:/home/user/ros2_ws/install/gazebo_ros2_control/lib:/opt/ros/humble/opt/rviz_ogre_vendor/lib:/opt/ros/humble/lib/x86_64-linux-gnu:/opt/ros/humble/lib:/usr/local/cuda-10.2/lib64:/home/user/.catkin_ws_python3/src/TensorRT-7.0.0.11/lib:/usr/lib/x86_64-linux-gnu/gazebo-11/plugins:/usr/lib/x86_64-linux-gnu/gazebo-11/plugins:/usr/lib/x86_64-linux-gnu/gazebo-11/plugins _=/usr/bin/env /usr/bin/cmake --install /home/user/ros2_ws/build/gazebo_grasp_plugin
