[0.006s] Invoking command in '/home/steven/ros2_ws/src/command_endeffector_cartesian/build/ur5_endeffector_cartesian': CMAKE_PREFIX_PATH=${CMAKE_PREFIX_PATH}:/home/steven/ws_moveit2/install/moveit_configs_utils:/home/steven/ws_moveit2/install/launch_param_builder:/opt/ros/humble /usr/bin/cmake /home/steven/ros2_ws/src/command_endeffector_cartesian/src/ur5_endeffector_cartesian -DCMAKE_INSTALL_PREFIX=/home/steven/ros2_ws/src/command_endeffector_cartesian/install/ur5_endeffector_cartesian
[0.073s] -- The C compiler identification is GNU 11.4.0
[0.111s] -- The CXX compiler identification is GNU 11.4.0
[0.116s] -- Detecting C compiler ABI info
[0.165s] -- Detecting C compiler ABI info - done
[0.168s] -- Check for working C compiler: /usr/bin/cc - skipped
[0.168s] -- Detecting C compile features
[0.169s] -- Detecting C compile features - done
[0.170s] -- Detecting CXX compiler ABI info
[0.219s] -- Detecting CXX compiler ABI info - done
[0.223s] -- Check for working CXX compiler: /usr/bin/c++ - skipped
[0.223s] -- Detecting CXX compile features
[0.224s] -- Detecting CXX compile features - done
[0.226s] -- Found ament_cmake: 1.3.9 (/opt/ros/humble/share/ament_cmake/cmake)
[0.311s] -- Found Python3: /usr/bin/python3 (found version "3.10.12") found components: Interpreter 
[0.379s] -- Found rclcpp: 16.0.9 (/opt/ros/humble/share/rclcpp/cmake)
[0.419s] -- Found rosidl_generator_c: 3.1.5 (/opt/ros/humble/share/rosidl_generator_c/cmake)
[0.424s] -- Found rosidl_adapter: 3.1.5 (/opt/ros/humble/share/rosidl_adapter/cmake)
[0.430s] -- Found rosidl_generator_cpp: 3.1.5 (/opt/ros/humble/share/rosidl_generator_cpp/cmake)
[0.440s] -- Using all available rosidl_typesupport_c: rosidl_typesupport_fastrtps_c;rosidl_typesupport_introspection_c
[0.453s] -- Using all available rosidl_typesupport_cpp: rosidl_typesupport_fastrtps_cpp;rosidl_typesupport_introspection_cpp
[0.499s] -- Found rmw_implementation_cmake: 6.1.2 (/opt/ros/humble/share/rmw_implementation_cmake/cmake)
[0.502s] -- Found rmw_fastrtps_cpp: 6.2.6 (/opt/ros/humble/share/rmw_fastrtps_cpp/cmake)
[0.577s] -- Found OpenSSL: /usr/lib/x86_64-linux-gnu/libcrypto.so (found version "3.0.2")  
[0.598s] -- Found FastRTPS: /opt/ros/humble/include  
[0.630s] -- Using RMW implementation 'rmw_fastrtps_cpp' as default
[0.640s] -- Looking for pthread.h
[0.694s] -- Looking for pthread.h - found
[0.694s] -- Performing Test CMAKE_HAVE_LIBC_PTHREAD
[0.741s] -- Performing Test CMAKE_HAVE_LIBC_PTHREAD - Success
[0.742s] -- Found Threads: TRUE  
[0.842s] -- Found Boost: /usr/lib/x86_64-linux-gnu/cmake/Boost-1.74.0/BoostConfig.cmake (found version "1.74.0") found components: system filesystem date_time thread 
[0.845s] -- Found control_msgs: 4.6.0 (/opt/ros/humble/share/control_msgs/cmake)
[1.055s] -- Found moveit_common: 2.5.5 (/home/steven/ws_moveit2/install/moveit_common/share/moveit_common/cmake)
[1.056s] -- Found moveit_core: 2.5.5 (/home/steven/ws_moveit2/install/moveit_core/share/moveit_core/cmake)
[1.071s] -- Found Boost: /usr/lib/x86_64-linux-gnu/cmake/Boost-1.74.0/BoostConfig.cmake (found version "1.74.0") found components: chrono date_time filesystem iostreams program_options regex serialization system thread 
[1.102s] -- Found parameter_traits: 0.3.8 (/opt/ros/humble/share/parameter_traits/cmake)
[1.114s] -- Found Eigen3: TRUE (found version "3.4.0") 
[1.116s] -- Found rclcpp_lifecycle: 16.0.9 (/opt/ros/humble/share/rclcpp_lifecycle/cmake)
[1.141s] -- Found Boost: /usr/lib/x86_64-linux-gnu/cmake/Boost-1.74.0/BoostConfig.cmake (found version "1.74.0") found components: filesystem 
[1.217s] -- library: /usr/lib/x86_64-linux-gnu/libcurl.so
[1.323s] -- Ensuring Eigen3 include directory is part of orocos-kdl CMake target
[1.776s] -- Found moveit_ros_planning: 2.5.5 (/home/steven/ws_moveit2/install/moveit_ros_planning/share/moveit_ros_planning/cmake)
[1.779s] -- Found Boost: /usr/lib/x86_64-linux-gnu/cmake/Boost-1.74.0/BoostConfig.cmake (found version "1.74.0") found components: system filesystem date_time program_options thread chrono 
[1.974s] -- Found moveit_ros_planning_interface: 2.5.5 (/home/steven/ws_moveit2/install/moveit_ros_planning_interface/share/moveit_ros_planning_interface/cmake)
[1.977s] -- Found Boost: /usr/lib/x86_64-linux-gnu/cmake/Boost-1.74.0/BoostConfig.cmake (found version "1.74.0") found components: date_time filesystem program_options system thread 
[2.063s] -- Found Boost: /usr/lib/x86_64-linux-gnu/cmake/Boost-1.74.0/BoostConfig.cmake (found version "1.74.0") found components: thread system filesystem regex date_time program_options 
[2.176s] -- Found Boost: /usr/lib/x86_64-linux-gnu/cmake/Boost-1.74.0/BoostConfig.cmake (found version "1.74.0") found components: system filesystem date_time program_options thread 
[2.369s] -- Found moveit_servo: 2.5.5 (/home/steven/ws_moveit2/install/moveit_servo/share/moveit_servo/cmake)
[2.651s] -- Found interactive_markers: 2.3.2 (/opt/ros/humble/share/interactive_markers/cmake)
[2.658s] -- Found rviz_visual_tools: 4.1.4 (/opt/ros/humble/share/rviz_visual_tools/cmake)
[2.720s] -- Setting OGRE_DIR to: '/opt/ros/humble/share/rviz_ogre_vendor/cmake/../../../opt/rviz_ogre_vendor/lib/OGRE/cmake'
[2.720s] -- Found OGRE
[2.720s] --   static     : OFF
[2.720s] --   components : HLMS;MeshLodGenerator;Overlay;Paging;Property;RTShaderSystem;Terrain;Volume
[2.720s] --   plugins    : Plugin_BSPSceneManager;Plugin_OctreeSceneManager;Plugin_PCZSceneManager;Plugin_ParticleFX;RenderSystem_GL;RenderSystem_GL3Plus;Codec_STBI
[2.720s] --   media      : /opt/ros/humble/opt/rviz_ogre_vendor/share/OGRE/Media
[2.720s] -- OGRE_LIBRARIES: OgreHLMS;OgreMeshLodGenerator;OgreOverlay;OgrePaging;OgreProperty;OgreRTShaderSystem;OgreTerrain;OgreVolume;OgreMain
[2.721s] -- OGRE_LIBRARY_DIRS: /opt/ros/humble/opt/rviz_ogre_vendor/lib
[2.721s] -- OGRE_PLUGINS: Plugin_BSPSceneManager;Plugin_OctreeSceneManager;Plugin_PCZSceneManager;Plugin_ParticleFX;RenderSystem_GL;RenderSystem_GL3Plus;Codec_STBI
[2.721s] -- OGRE_PLUGIN_DIR: /opt/ros/humble/opt/rviz_ogre_vendor/lib/OGRE
[2.721s] -- rviz_ogre_vendor::OgreOverlay for IMPORTED_LOCATION_RELEASE: /opt/ros/humble/opt/rviz_ogre_vendor/lib/libOgreOverlay.so
[2.721s] -- rviz_ogre_vendor::OgreOverlay for IMPORTED_LOCATION_DEBUG: /opt/ros/humble/opt/rviz_ogre_vendor/lib/libOgreOverlay.so
[2.721s] -- rviz_ogre_vendor::OgreMain for IMPORTED_LOCATION_RELEASE: /opt/ros/humble/opt/rviz_ogre_vendor/lib/libOgreMain.so
[2.721s] -- rviz_ogre_vendor::OgreMain for IMPORTED_LOCATION_DEBUG: /opt/ros/humble/opt/rviz_ogre_vendor/lib/libOgreMain.so
[2.733s] -- Found ZLIB: /usr/lib/x86_64-linux-gnu/libz.so (found version "1.2.11") 
[2.737s] -- Found OpenGL: /usr/lib/x86_64-linux-gnu/libOpenGL.so   
[2.810s] -- Found X11: /usr/include   
[2.810s] -- Looking for XOpenDisplay in /usr/lib/x86_64-linux-gnu/libX11.so;/usr/lib/x86_64-linux-gnu/libXext.so
[2.861s] -- Looking for XOpenDisplay in /usr/lib/x86_64-linux-gnu/libX11.so;/usr/lib/x86_64-linux-gnu/libXext.so - found
[2.861s] -- Looking for gethostbyname
[2.906s] -- Looking for gethostbyname - found
[2.907s] -- Looking for connect
[2.955s] -- Looking for connect - found
[2.955s] -- Looking for remove
[3.004s] -- Looking for remove - found
[3.005s] -- Looking for shmat
[3.054s] -- Looking for shmat - found
[3.054s] -- Looking for IceConnectionNumber in ICE
[3.104s] -- Looking for IceConnectionNumber in ICE - found
[3.107s] -- rviz_ogre_vendor::RenderSystem_GL for IMPORTED_LOCATION_RELEASE: _render_system_gl_static_library_abs-NOTFOUND
[3.107s] -- rviz_ogre_vendor::RenderSystem_GL for IMPORTED_LOCATION_DEBUG: _render_system_gl_static_library_abs-NOTFOUND
[3.396s] -- Found moveit_visual_tools: 4.1.0 (/home/steven/ws_moveit2/install/moveit_visual_tools/share/moveit_visual_tools/cmake)
[3.643s] -- Found ament_lint_auto: 0.12.11 (/opt/ros/humble/share/ament_lint_auto/cmake)
[3.695s] -- Added test 'cppcheck' to perform static code analysis on C / C++ code
[3.695s] -- Configured cppcheck include dirs: 
[3.695s] -- Configured cppcheck exclude dirs and/or files: 
[3.696s] -- Added test 'flake8' to check Python code syntax and style conventions
[3.696s] -- Added test 'lint_cmake' to check CMake code style
[3.697s] -- Added test 'pep257' to check Python code against some of the docstring style conventions in PEP 257
[3.697s] -- Added test 'uncrustify' to check C / C++ code style
[3.697s] -- Configured uncrustify additional arguments: 
[3.698s] -- Added test 'xmllint' to check XML markup files
[3.699s] -- Configuring done
[3.717s] -- Generating done
[3.718s] -- Build files have been written to: /home/steven/ros2_ws/src/command_endeffector_cartesian/build/ur5_endeffector_cartesian
[3.727s] Invoked command in '/home/steven/ros2_ws/src/command_endeffector_cartesian/build/ur5_endeffector_cartesian' returned '0': CMAKE_PREFIX_PATH=${CMAKE_PREFIX_PATH}:/home/steven/ws_moveit2/install/moveit_configs_utils:/home/steven/ws_moveit2/install/launch_param_builder:/opt/ros/humble /usr/bin/cmake /home/steven/ros2_ws/src/command_endeffector_cartesian/src/ur5_endeffector_cartesian -DCMAKE_INSTALL_PREFIX=/home/steven/ros2_ws/src/command_endeffector_cartesian/install/ur5_endeffector_cartesian
[3.728s] Invoking command in '/home/steven/ros2_ws/src/command_endeffector_cartesian/build/ur5_endeffector_cartesian': CMAKE_PREFIX_PATH=${CMAKE_PREFIX_PATH}:/home/steven/ws_moveit2/install/moveit_configs_utils:/home/steven/ws_moveit2/install/launch_param_builder:/opt/ros/humble /usr/bin/cmake --build /home/steven/ros2_ws/src/command_endeffector_cartesian/build/ur5_endeffector_cartesian -- -j32 -l32
[3.769s] [ 50%] [32mBuilding CXX object CMakeFiles/ur5_ros2_cartesian.dir/src/ur5_ros2_cartesian.cpp.o[0m
[8.149s] [100%] [32m[1mLinking CXX executable ur5_ros2_cartesian[0m
[8.336s] [100%] Built target ur5_ros2_cartesian
[8.345s] Invoked command in '/home/steven/ros2_ws/src/command_endeffector_cartesian/build/ur5_endeffector_cartesian' returned '0': CMAKE_PREFIX_PATH=${CMAKE_PREFIX_PATH}:/home/steven/ws_moveit2/install/moveit_configs_utils:/home/steven/ws_moveit2/install/launch_param_builder:/opt/ros/humble /usr/bin/cmake --build /home/steven/ros2_ws/src/command_endeffector_cartesian/build/ur5_endeffector_cartesian -- -j32 -l32
[8.373s] Invoking command in '/home/steven/ros2_ws/src/command_endeffector_cartesian/build/ur5_endeffector_cartesian': CMAKE_PREFIX_PATH=${CMAKE_PREFIX_PATH}:/home/steven/ws_moveit2/install/moveit_configs_utils:/home/steven/ws_moveit2/install/launch_param_builder:/opt/ros/humble /usr/bin/cmake --install /home/steven/ros2_ws/src/command_endeffector_cartesian/build/ur5_endeffector_cartesian
[8.378s] -- Install configuration: ""
[8.378s] -- Installing: /home/steven/ros2_ws/src/command_endeffector_cartesian/install/ur5_endeffector_cartesian/lib/ur5_endeffector_cartesian/ur5_ros2_cartesian
[8.378s] -- Set runtime path of "/home/steven/ros2_ws/src/command_endeffector_cartesian/install/ur5_endeffector_cartesian/lib/ur5_endeffector_cartesian/ur5_ros2_cartesian" to ""
[8.378s] -- Installing: /home/steven/ros2_ws/src/command_endeffector_cartesian/install/ur5_endeffector_cartesian/share/ur5_endeffector_cartesian/launch
[8.378s] -- Installing: /home/steven/ros2_ws/src/command_endeffector_cartesian/install/ur5_endeffector_cartesian/share/ur5_endeffector_cartesian/launch/ur5_ros2_cartesian.launch.py
[8.379s] -- Installing: /home/steven/ros2_ws/src/command_endeffector_cartesian/install/ur5_endeffector_cartesian/share/ament_index/resource_index/package_run_dependencies/ur5_endeffector_cartesian
[8.379s] -- Installing: /home/steven/ros2_ws/src/command_endeffector_cartesian/install/ur5_endeffector_cartesian/share/ament_index/resource_index/parent_prefix_path/ur5_endeffector_cartesian
[8.379s] -- Installing: /home/steven/ros2_ws/src/command_endeffector_cartesian/install/ur5_endeffector_cartesian/share/ur5_endeffector_cartesian/environment/ament_prefix_path.sh
[8.379s] -- Installing: /home/steven/ros2_ws/src/command_endeffector_cartesian/install/ur5_endeffector_cartesian/share/ur5_endeffector_cartesian/environment/ament_prefix_path.dsv
[8.379s] -- Installing: /home/steven/ros2_ws/src/command_endeffector_cartesian/install/ur5_endeffector_cartesian/share/ur5_endeffector_cartesian/environment/path.sh
[8.379s] -- Installing: /home/steven/ros2_ws/src/command_endeffector_cartesian/install/ur5_endeffector_cartesian/share/ur5_endeffector_cartesian/environment/path.dsv
[8.379s] -- Installing: /home/steven/ros2_ws/src/command_endeffector_cartesian/install/ur5_endeffector_cartesian/share/ur5_endeffector_cartesian/local_setup.bash
[8.379s] -- Installing: /home/steven/ros2_ws/src/command_endeffector_cartesian/install/ur5_endeffector_cartesian/share/ur5_endeffector_cartesian/local_setup.sh
[8.379s] -- Installing: /home/steven/ros2_ws/src/command_endeffector_cartesian/install/ur5_endeffector_cartesian/share/ur5_endeffector_cartesian/local_setup.zsh
[8.379s] -- Installing: /home/steven/ros2_ws/src/command_endeffector_cartesian/install/ur5_endeffector_cartesian/share/ur5_endeffector_cartesian/local_setup.dsv
[8.379s] -- Installing: /home/steven/ros2_ws/src/command_endeffector_cartesian/install/ur5_endeffector_cartesian/share/ur5_endeffector_cartesian/package.dsv
[8.379s] -- Installing: /home/steven/ros2_ws/src/command_endeffector_cartesian/install/ur5_endeffector_cartesian/share/ament_index/resource_index/packages/ur5_endeffector_cartesian
[8.379s] -- Installing: /home/steven/ros2_ws/src/command_endeffector_cartesian/install/ur5_endeffector_cartesian/share/ur5_endeffector_cartesian/cmake/ur5_endeffector_cartesianConfig.cmake
[8.379s] -- Installing: /home/steven/ros2_ws/src/command_endeffector_cartesian/install/ur5_endeffector_cartesian/share/ur5_endeffector_cartesian/cmake/ur5_endeffector_cartesianConfig-version.cmake
[8.379s] -- Installing: /home/steven/ros2_ws/src/command_endeffector_cartesian/install/ur5_endeffector_cartesian/share/ur5_endeffector_cartesian/package.xml
[8.380s] Invoked command in '/home/steven/ros2_ws/src/command_endeffector_cartesian/build/ur5_endeffector_cartesian' returned '0': CMAKE_PREFIX_PATH=${CMAKE_PREFIX_PATH}:/home/steven/ws_moveit2/install/moveit_configs_utils:/home/steven/ws_moveit2/install/launch_param_builder:/opt/ros/humble /usr/bin/cmake --install /home/steven/ros2_ws/src/command_endeffector_cartesian/build/ur5_endeffector_cartesian
