[0.114s] Invoking command in '/home/user/ros2_ws/build/moveit_core': CMAKE_PREFIX_PATH=/home/user/ros2_ws/install/moveit_common:/home/user/ros2_ws/install/moveit2_scripts:/home/simulations/ros2_sims_ws/install/common_interfaces:/home/simulations/ros2_sims_ws/install/visualization_msgs:/home/simulations/ros2_sims_ws/install/test_msgs:/home/simulations/ros2_sims_ws/install/example_interfaces:/home/simulations/ros2_sims_ws/install/action_msgs:/home/simulations/ros2_sims_ws/install/unique_identifier_msgs:/home/simulations/ros2_sims_ws/install/trajectory_msgs:/home/simulations/ros2_sims_ws/install/test_interface_files:/home/simulations/ros2_sims_ws/install/stereo_msgs:/home/simulations/ros2_sims_ws/install/std_srvs:/home/simulations/ros2_sims_ws/install/shape_msgs:/home/simulations/ros2_sims_ws/install/sensor_msgs:/home/simulations/ros2_sims_ws/install/nav_msgs:/home/simulations/ros2_sims_ws/install/diagnostic_msgs:/home/simulations/ros2_sims_ws/install/geometry_msgs:/home/simulations/ros2_sims_ws/install/actionlib_msgs:/home/simulations/ros2_sims_ws/install/std_msgs:/home/simulations/ros2_sims_ws/install/statistics_msgs:/home/simulations/ros2_sims_ws/install/rosgraph_msgs:/home/simulations/ros2_sims_ws/install/rclrs_example_msgs:/home/simulations/ros2_sims_ws/install/composition_interfaces:/home/simulations/ros2_sims_ws/install/rcl_interfaces:/home/simulations/ros2_sims_ws/install/lifecycle_msgs:/home/simulations/ros2_sims_ws/install/builtin_interfaces:/home/simulations/ros2_sims_ws/install/rosidl_default_runtime:/home/simulations/ros2_sims_ws/install/rosidl_default_generators:/home/simulations/ros2_sims_ws/install/rosidl_generator_rs:/home/user/ros2_ws/install/ur_simulation_gazebo:/home/user/ros2_ws/install/ur3e_moveit_config:/home/user/ros2_ws/install/test_moveit_config:/home/user/ros2_ws/install/test2_moveit_config:/home/user/ros2_ws/install/my_moveit_config:/home/user/ros2_ws/install/my_moveit2_config:/home/user/ros2_ws/install/ur_description:/home/user/ros2_ws/install/the_construct_office_gazebo:/home/user/ros2_ws/install/simple_grasping:/home/user/ros2_ws/install/ros_testing:/home/user/ros2_ws/install/robotnik_sensors_gazebo:/home/user/ros2_ws/install/robotnik_sensors:/home/user/ros2_ws/install/robotiq_85_gripper:/home/user/ros2_ws/install/robotiq_85_msgs:/home/user/ros2_ws/install/robotiq_85_description:/home/user/ros2_ws/install/rg2_gripper_description:/home/user/ros2_ws/install/pilz_industrial_motion_planner_testutils:/home/user/ros2_ws/install/moveit_runtime:/home/user/ros2_ws/install/moveit:/home/user/ros2_ws/install/moveit_planners:/home/user/ros2_ws/install/pilz_industrial_motion_planner:/home/user/ros2_ws/install/moveit_ros_control_interface:/home/user/ros2_ws/install/moveit_plugins:/home/user/ros2_ws/install/moveit_simple_controller_manager:/home/user/ros2_ws/install/moveit_setup_assistant:/home/user/ros2_ws/install/moveit_setup_srdf_plugins:/home/user/ros2_ws/install/moveit_setup_core_plugins:/home/user/ros2_ws/install/moveit_setup_controllers:/home/user/ros2_ws/install/moveit_setup_app_plugins:/home/user/ros2_ws/install/moveit_setup_framework:/home/user/ros2_ws/install/moveit_servo:/home/user/ros2_ws/install/moveit_ros:/home/user/ros2_ws/install/moveit_ros_visualization:/home/user/ros2_ws/install/moveit_hybrid_planning:/home/user/ros2_ws/install/moveit_ros_planning_interface:/home/user/ros2_ws/install/moveit_ros_benchmarks:/home/user/ros2_ws/install/moveit_ros_warehouse:/home/user/ros2_ws/install/moveit_ros_robot_interaction:/home/user/ros2_ws/install/moveit_ros_perception:/home/user/ros2_ws/install/moveit_resources_prbt_pg70_support:/home/user/ros2_ws/install/moveit_resources_prbt_moveit_config:/home/user/ros2_ws/install/moveit_ros_move_group:/home/user/ros2_ws/install/moveit_planners_ompl:/home/user/ros2_ws/install/moveit_ros_planning:/home/user/ros2_ws/install/moveit_ros_occupancy_map_monitor:/home/user/ros2_ws/install/moveit_resources_prbt_support:/home/user/ros2_ws/install/moveit_resources_prbt_ikfast_manipulator_plugin:/home/user/ros2_ws/install/moveit_planners_chomp:/home/user/ros2_ws/install/moveit_kinematics:/home/user/ros2_ws/install/moveit_chomp_optimizer_adapter:/home/user/ros2_ws/install/chomp_motion_planner:/home/user/ros2_ws/install/moveit_core:/home/user/ros2_ws/install/gazebo_ros2_control_demos:/home/user/ros2_ws/install/gazebo_ros2_control:/home/simulations/ros2_sims_ws/install/rclrs_tests:/home/simulations/ros2_sims_ws/install/examples_rclrs_minimal_client_service:/home/simulations/ros2_sims_ws/install/sensor_msgs_py:/home/simulations/ros2_sims_ws/install/examples_rclrs_minimal_pub_sub:/home/simulations/ros2_sims_ws/install/examples_rclrs_message_demo:/home/simulations/ros2_sims_ws/install/rclrs:/home/simulations/ros2_sims_ws/install/rosidl_runtime_rs:/home/user/ros2_ws/install/ros2test:/home/user/ros2_ws/install/robotiq_85_driver:/home/user/ros2_ws/install/moveit_configs_utils:/opt/ros/humble _=/usr/bin/env /usr/bin/cmake --build /home/user/ros2_ws/build/moveit_core -- -j8 -l8
[0.392s] [  1%] Built target moveit_transforms
[0.550s] [  3%] Built target gmock
[0.727s] [  4%] Built target gmock_main
[0.936s] [  5%] Built target moveit_smoothing_base
[1.107s] [  6%] Built target moveit_butterworth_parameters
[1.302s] [  8%] Built target moveit_version
[1.434s] [  9%] Built target gtest_main
[1.653s] [ 10%] Built target gtest
[1.752s] [ 12%] Built target moveit_utils
[1.902s] [ 13%] Built target test_transforms
[2.110s] [ 15%] Built target moveit_distance_field
[2.391s] [ 16%] Built target moveit_kinematics_base
[2.677s] [ 17%] Built target test_distance_field
[2.838s] [ 18%] Built target test_voxel_grid
[2.950s] [ 19%] Built target moveit_exceptions
[3.155s] [ 26%] Built target moveit_robot_model
[3.350s] [ 29%] Built target moveit_robot_state
[3.481s] [ 30%] Built target moveit_butterworth_filter
[3.635s] [ 31%] Built target moveit_kinematics_metrics
[3.753s] [ 32%] Built target test_butterworth_filter
[3.845s] [ 34%] Built target moveit_dynamics_solver
[4.021s] [ 35%] Built target moveit_robot_trajectory
[4.263s] [ 41%] Built target moveit_collision_detection
[4.418s] [ 43%] Built target moveit_planning_interface
[4.571s] [ 48%] Built target moveit_collision_detection_bullet
[4.687s] [ 49%] Built target test_all_valid
[4.770s] [ 51%] Built target test_world_diff
[4.878s] [ 52%] Built target test_world
[4.968s] [ 54%] Built target moveit_collision_detection_fcl
[5.087s] [ 58%] Built target moveit_trajectory_processing
[5.273s] [ 60%] Built target moveit_kinematic_constraints
[5.468s] [ 61%] Built target moveit_test_utils
[5.595s] [ 62%] Built target moveit_planning_scene
[5.702s] [ 63%] Built target test_aabb
[5.819s] [ 64%] Built target test_cartesian_interpolator
[5.917s] [ 65%] Built target test_robot_trajectory
[6.009s] [ 66%] Built target test_time_parameterization
[6.118s] [ 68%] Built target test_time_optimal_trajectory_generation
[6.214s] [ 69%] Built target test_ruckig_traj_smoothing
[6.333s] [ 70%] Built target collision_detector_bullet_plugin
[6.474s] [ 71%] Built target test_bullet_collision_detection
[6.611s] [ 72%] Built target test_bullet_collision_detection_panda
[6.748s] [ 74%] Built target test_bullet_continuous_collision_checking
[6.903s] [ 75%] Built target collision_detector_fcl_plugin
[7.033s] [ 77%] Built target test_fcl_collision_env
[7.181s] [ 78%] Built target test_fcl_collision_detection
[7.345s] [ 79%] Built target test_fcl_collision_detection_panda
[7.529s] [ 82%] Built target moveit_collision_distance_field
[7.627s] [ 85%] Built target moveit_constraint_samplers
[7.783s] [ 86%] Built target moveit_planning_request_adapter
[7.915s] [ 87%] Built target test_planning_scene
[8.007s] [ 88%] Built target test_collision_objects
[8.108s] [ 89%] Built target test_multi_threaded
[8.210s] [ 90%] Built target test_collision_distance_field
[8.345s] [ 93%] Built target test_constraint_samplers
[8.464s] [ 94%] Built target test_robot_state_complex
[8.539s] [ 95%] Built target test_robot_state_benchmark
[8.677s] [ 97%] Built target test_robot_state
[8.768s] [ 98%] Built target test_robot_model
[8.873s] [ 99%] Built target test_orientation_constraints
[8.975s] [100%] Built target test_constraints
[9.032s] Invoked command in '/home/user/ros2_ws/build/moveit_core' returned '0': CMAKE_PREFIX_PATH=/home/user/ros2_ws/install/moveit_common:/home/user/ros2_ws/install/moveit2_scripts:/home/simulations/ros2_sims_ws/install/common_interfaces:/home/simulations/ros2_sims_ws/install/visualization_msgs:/home/simulations/ros2_sims_ws/install/test_msgs:/home/simulations/ros2_sims_ws/install/example_interfaces:/home/simulations/ros2_sims_ws/install/action_msgs:/home/simulations/ros2_sims_ws/install/unique_identifier_msgs:/home/simulations/ros2_sims_ws/install/trajectory_msgs:/home/simulations/ros2_sims_ws/install/test_interface_files:/home/simulations/ros2_sims_ws/install/stereo_msgs:/home/simulations/ros2_sims_ws/install/std_srvs:/home/simulations/ros2_sims_ws/install/shape_msgs:/home/simulations/ros2_sims_ws/install/sensor_msgs:/home/simulations/ros2_sims_ws/install/nav_msgs:/home/simulations/ros2_sims_ws/install/diagnostic_msgs:/home/simulations/ros2_sims_ws/install/geometry_msgs:/home/simulations/ros2_sims_ws/install/actionlib_msgs:/home/simulations/ros2_sims_ws/install/std_msgs:/home/simulations/ros2_sims_ws/install/statistics_msgs:/home/simulations/ros2_sims_ws/install/rosgraph_msgs:/home/simulations/ros2_sims_ws/install/rclrs_example_msgs:/home/simulations/ros2_sims_ws/install/composition_interfaces:/home/simulations/ros2_sims_ws/install/rcl_interfaces:/home/simulations/ros2_sims_ws/install/lifecycle_msgs:/home/simulations/ros2_sims_ws/install/builtin_interfaces:/home/simulations/ros2_sims_ws/install/rosidl_default_runtime:/home/simulations/ros2_sims_ws/install/rosidl_default_generators:/home/simulations/ros2_sims_ws/install/rosidl_generator_rs:/home/user/ros2_ws/install/ur_simulation_gazebo:/home/user/ros2_ws/install/ur3e_moveit_config:/home/user/ros2_ws/install/test_moveit_config:/home/user/ros2_ws/install/test2_moveit_config:/home/user/ros2_ws/install/my_moveit_config:/home/user/ros2_ws/install/my_moveit2_config:/home/user/ros2_ws/install/ur_description:/home/user/ros2_ws/install/the_construct_office_gazebo:/home/user/ros2_ws/install/simple_grasping:/home/user/ros2_ws/install/ros_testing:/home/user/ros2_ws/install/robotnik_sensors_gazebo:/home/user/ros2_ws/install/robotnik_sensors:/home/user/ros2_ws/install/robotiq_85_gripper:/home/user/ros2_ws/install/robotiq_85_msgs:/home/user/ros2_ws/install/robotiq_85_description:/home/user/ros2_ws/install/rg2_gripper_description:/home/user/ros2_ws/install/pilz_industrial_motion_planner_testutils:/home/user/ros2_ws/install/moveit_runtime:/home/user/ros2_ws/install/moveit:/home/user/ros2_ws/install/moveit_planners:/home/user/ros2_ws/install/pilz_industrial_motion_planner:/home/user/ros2_ws/install/moveit_ros_control_interface:/home/user/ros2_ws/install/moveit_plugins:/home/user/ros2_ws/install/moveit_simple_controller_manager:/home/user/ros2_ws/install/moveit_setup_assistant:/home/user/ros2_ws/install/moveit_setup_srdf_plugins:/home/user/ros2_ws/install/moveit_setup_core_plugins:/home/user/ros2_ws/install/moveit_setup_controllers:/home/user/ros2_ws/install/moveit_setup_app_plugins:/home/user/ros2_ws/install/moveit_setup_framework:/home/user/ros2_ws/install/moveit_servo:/home/user/ros2_ws/install/moveit_ros:/home/user/ros2_ws/install/moveit_ros_visualization:/home/user/ros2_ws/install/moveit_hybrid_planning:/home/user/ros2_ws/install/moveit_ros_planning_interface:/home/user/ros2_ws/install/moveit_ros_benchmarks:/home/user/ros2_ws/install/moveit_ros_warehouse:/home/user/ros2_ws/install/moveit_ros_robot_interaction:/home/user/ros2_ws/install/moveit_ros_perception:/home/user/ros2_ws/install/moveit_resources_prbt_pg70_support:/home/user/ros2_ws/install/moveit_resources_prbt_moveit_config:/home/user/ros2_ws/install/moveit_ros_move_group:/home/user/ros2_ws/install/moveit_planners_ompl:/home/user/ros2_ws/install/moveit_ros_planning:/home/user/ros2_ws/install/moveit_ros_occupancy_map_monitor:/home/user/ros2_ws/install/moveit_resources_prbt_support:/home/user/ros2_ws/install/moveit_resources_prbt_ikfast_manipulator_plugin:/home/user/ros2_ws/install/moveit_planners_chomp:/home/user/ros2_ws/install/moveit_kinematics:/home/user/ros2_ws/install/moveit_chomp_optimizer_adapter:/home/user/ros2_ws/install/chomp_motion_planner:/home/user/ros2_ws/install/moveit_core:/home/user/ros2_ws/install/gazebo_ros2_control_demos:/home/user/ros2_ws/install/gazebo_ros2_control:/home/simulations/ros2_sims_ws/install/rclrs_tests:/home/simulations/ros2_sims_ws/install/examples_rclrs_minimal_client_service:/home/simulations/ros2_sims_ws/install/sensor_msgs_py:/home/simulations/ros2_sims_ws/install/examples_rclrs_minimal_pub_sub:/home/simulations/ros2_sims_ws/install/examples_rclrs_message_demo:/home/simulations/ros2_sims_ws/install/rclrs:/home/simulations/ros2_sims_ws/install/rosidl_runtime_rs:/home/user/ros2_ws/install/ros2test:/home/user/ros2_ws/install/robotiq_85_driver:/home/user/ros2_ws/install/moveit_configs_utils:/opt/ros/humble _=/usr/bin/env /usr/bin/cmake --build /home/user/ros2_ws/build/moveit_core -- -j8 -l8
[9.581s] Invoking command in '/home/user/ros2_ws/build/moveit_core': CMAKE_PREFIX_PATH=/home/user/ros2_ws/install/moveit_common:/home/user/ros2_ws/install/moveit2_scripts:/home/simulations/ros2_sims_ws/install/common_interfaces:/home/simulations/ros2_sims_ws/install/visualization_msgs:/home/simulations/ros2_sims_ws/install/test_msgs:/home/simulations/ros2_sims_ws/install/example_interfaces:/home/simulations/ros2_sims_ws/install/action_msgs:/home/simulations/ros2_sims_ws/install/unique_identifier_msgs:/home/simulations/ros2_sims_ws/install/trajectory_msgs:/home/simulations/ros2_sims_ws/install/test_interface_files:/home/simulations/ros2_sims_ws/install/stereo_msgs:/home/simulations/ros2_sims_ws/install/std_srvs:/home/simulations/ros2_sims_ws/install/shape_msgs:/home/simulations/ros2_sims_ws/install/sensor_msgs:/home/simulations/ros2_sims_ws/install/nav_msgs:/home/simulations/ros2_sims_ws/install/diagnostic_msgs:/home/simulations/ros2_sims_ws/install/geometry_msgs:/home/simulations/ros2_sims_ws/install/actionlib_msgs:/home/simulations/ros2_sims_ws/install/std_msgs:/home/simulations/ros2_sims_ws/install/statistics_msgs:/home/simulations/ros2_sims_ws/install/rosgraph_msgs:/home/simulations/ros2_sims_ws/install/rclrs_example_msgs:/home/simulations/ros2_sims_ws/install/composition_interfaces:/home/simulations/ros2_sims_ws/install/rcl_interfaces:/home/simulations/ros2_sims_ws/install/lifecycle_msgs:/home/simulations/ros2_sims_ws/install/builtin_interfaces:/home/simulations/ros2_sims_ws/install/rosidl_default_runtime:/home/simulations/ros2_sims_ws/install/rosidl_default_generators:/home/simulations/ros2_sims_ws/install/rosidl_generator_rs:/home/user/ros2_ws/install/ur_simulation_gazebo:/home/user/ros2_ws/install/ur3e_moveit_config:/home/user/ros2_ws/install/test_moveit_config:/home/user/ros2_ws/install/test2_moveit_config:/home/user/ros2_ws/install/my_moveit_config:/home/user/ros2_ws/install/my_moveit2_config:/home/user/ros2_ws/install/ur_description:/home/user/ros2_ws/install/the_construct_office_gazebo:/home/user/ros2_ws/install/simple_grasping:/home/user/ros2_ws/install/ros_testing:/home/user/ros2_ws/install/robotnik_sensors_gazebo:/home/user/ros2_ws/install/robotnik_sensors:/home/user/ros2_ws/install/robotiq_85_gripper:/home/user/ros2_ws/install/robotiq_85_msgs:/home/user/ros2_ws/install/robotiq_85_description:/home/user/ros2_ws/install/rg2_gripper_description:/home/user/ros2_ws/install/pilz_industrial_motion_planner_testutils:/home/user/ros2_ws/install/moveit_runtime:/home/user/ros2_ws/install/moveit:/home/user/ros2_ws/install/moveit_planners:/home/user/ros2_ws/install/pilz_industrial_motion_planner:/home/user/ros2_ws/install/moveit_ros_control_interface:/home/user/ros2_ws/install/moveit_plugins:/home/user/ros2_ws/install/moveit_simple_controller_manager:/home/user/ros2_ws/install/moveit_setup_assistant:/home/user/ros2_ws/install/moveit_setup_srdf_plugins:/home/user/ros2_ws/install/moveit_setup_core_plugins:/home/user/ros2_ws/install/moveit_setup_controllers:/home/user/ros2_ws/install/moveit_setup_app_plugins:/home/user/ros2_ws/install/moveit_setup_framework:/home/user/ros2_ws/install/moveit_servo:/home/user/ros2_ws/install/moveit_ros:/home/user/ros2_ws/install/moveit_ros_visualization:/home/user/ros2_ws/install/moveit_hybrid_planning:/home/user/ros2_ws/install/moveit_ros_planning_interface:/home/user/ros2_ws/install/moveit_ros_benchmarks:/home/user/ros2_ws/install/moveit_ros_warehouse:/home/user/ros2_ws/install/moveit_ros_robot_interaction:/home/user/ros2_ws/install/moveit_ros_perception:/home/user/ros2_ws/install/moveit_resources_prbt_pg70_support:/home/user/ros2_ws/install/moveit_resources_prbt_moveit_config:/home/user/ros2_ws/install/moveit_ros_move_group:/home/user/ros2_ws/install/moveit_planners_ompl:/home/user/ros2_ws/install/moveit_ros_planning:/home/user/ros2_ws/install/moveit_ros_occupancy_map_monitor:/home/user/ros2_ws/install/moveit_resources_prbt_support:/home/user/ros2_ws/install/moveit_resources_prbt_ikfast_manipulator_plugin:/home/user/ros2_ws/install/moveit_planners_chomp:/home/user/ros2_ws/install/moveit_kinematics:/home/user/ros2_ws/install/moveit_chomp_optimizer_adapter:/home/user/ros2_ws/install/chomp_motion_planner:/home/user/ros2_ws/install/moveit_core:/home/user/ros2_ws/install/gazebo_ros2_control_demos:/home/user/ros2_ws/install/gazebo_ros2_control:/home/simulations/ros2_sims_ws/install/rclrs_tests:/home/simulations/ros2_sims_ws/install/examples_rclrs_minimal_client_service:/home/simulations/ros2_sims_ws/install/sensor_msgs_py:/home/simulations/ros2_sims_ws/install/examples_rclrs_minimal_pub_sub:/home/simulations/ros2_sims_ws/install/examples_rclrs_message_demo:/home/simulations/ros2_sims_ws/install/rclrs:/home/simulations/ros2_sims_ws/install/rosidl_runtime_rs:/home/user/ros2_ws/install/ros2test:/home/user/ros2_ws/install/robotiq_85_driver:/home/user/ros2_ws/install/moveit_configs_utils:/opt/ros/humble _=/usr/bin/env /usr/bin/cmake --install /home/user/ros2_ws/build/moveit_core
[9.611s] -- Install configuration: "Release"
[9.612s] -- Up-to-date: /home/user/ros2_ws/install/moveit_core/include/moveit/version.h
[9.612s] -- Up-to-date: /home/user/ros2_ws/install/moveit_core/include
[9.612s] -- Up-to-date: /home/user/ros2_ws/install/moveit_core/include/moveit
[9.613s] -- Up-to-date: /home/user/ros2_ws/install/moveit_core/include/moveit/collision_distance_field
[9.614s] -- Up-to-date: /home/user/ros2_ws/install/moveit_core/include/moveit/collision_distance_field/collision_detector_allocator_hybrid.h
[9.614s] -- Up-to-date: /home/user/ros2_ws/install/moveit_core/include/moveit/collision_distance_field/collision_common_distance_field.h
[9.614s] -- Up-to-date: /home/user/ros2_ws/install/moveit_core/include/moveit/collision_distance_field/collision_env_distance_field.h
[9.614s] -- Up-to-date: /home/user/ros2_ws/install/moveit_core/include/moveit/collision_distance_field/collision_detector_allocator_distance_field.h
[9.615s] -- Up-to-date: /home/user/ros2_ws/install/moveit_core/include/moveit/collision_distance_field/collision_distance_field_types.h
[9.615s] -- Up-to-date: /home/user/ros2_ws/install/moveit_core/include/moveit/collision_distance_field/collision_env_hybrid.h
[9.615s] -- Up-to-date: /home/user/ros2_ws/install/moveit_core/include/moveit_collision_distance_field_export.h
[9.615s] -- Up-to-date: /home/user/ros2_ws/install/moveit_core/include
[9.615s] -- Up-to-date: /home/user/ros2_ws/install/moveit_core/include/moveit
[9.616s] -- Up-to-date: /home/user/ros2_ws/install/moveit_core/include/moveit/constraint_samplers
[9.616s] -- Up-to-date: /home/user/ros2_ws/install/moveit_core/include/moveit/constraint_samplers/constraint_sampler_allocator.h
[9.616s] -- Up-to-date: /home/user/ros2_ws/install/moveit_core/include/moveit/constraint_samplers/default_constraint_samplers.h
[9.616s] -- Up-to-date: /home/user/ros2_ws/install/moveit_core/include/moveit/constraint_samplers/constraint_sampler.h
[9.616s] -- Up-to-date: /home/user/ros2_ws/install/moveit_core/include/moveit/constraint_samplers/constraint_sampler_tools.h
[9.617s] -- Up-to-date: /home/user/ros2_ws/install/moveit_core/include/moveit/constraint_samplers/union_constraint_sampler.h
[9.617s] -- Up-to-date: /home/user/ros2_ws/install/moveit_core/include/moveit/constraint_samplers/constraint_sampler_manager.h
[9.617s] -- Up-to-date: /home/user/ros2_ws/install/moveit_core/include
[9.618s] -- Up-to-date: /home/user/ros2_ws/install/moveit_core/include/moveit
[9.618s] -- Up-to-date: /home/user/ros2_ws/install/moveit_core/include/moveit/controller_manager
[9.619s] -- Up-to-date: /home/user/ros2_ws/install/moveit_core/include/moveit/controller_manager/controller_manager.h
[9.619s] -- Up-to-date: /home/user/ros2_ws/install/moveit_core/include
[9.619s] -- Up-to-date: /home/user/ros2_ws/install/moveit_core/include/moveit
[9.620s] -- Up-to-date: /home/user/ros2_ws/install/moveit_core/include/moveit/distance_field
[9.621s] -- Up-to-date: /home/user/ros2_ws/install/moveit_core/include/moveit/distance_field/voxel_grid.h
[9.621s] -- Up-to-date: /home/user/ros2_ws/install/moveit_core/include/moveit/distance_field/distance_field.h
[9.621s] -- Up-to-date: /home/user/ros2_ws/install/moveit_core/include/moveit/distance_field/propagation_distance_field.h
[9.622s] -- Up-to-date: /home/user/ros2_ws/install/moveit_core/include/moveit/distance_field/find_internal_points.h
[9.622s] -- Up-to-date: /home/user/ros2_ws/install/moveit_core/include
[9.622s] -- Up-to-date: /home/user/ros2_ws/install/moveit_core/include/moveit
[9.623s] -- Up-to-date: /home/user/ros2_ws/install/moveit_core/include/moveit/dynamics_solver
[9.623s] -- Up-to-date: /home/user/ros2_ws/install/moveit_core/include/moveit/dynamics_solver/dynamics_solver.h
[9.623s] -- Up-to-date: /home/user/ros2_ws/install/moveit_core/include
[9.623s] -- Up-to-date: /home/user/ros2_ws/install/moveit_core/include/moveit
[9.624s] -- Up-to-date: /home/user/ros2_ws/install/moveit_core/include/moveit/exceptions
[9.624s] -- Up-to-date: /home/user/ros2_ws/install/moveit_core/include/moveit/exceptions/exceptions.h
[9.624s] -- Up-to-date: /home/user/ros2_ws/install/moveit_core/include
[9.625s] -- Up-to-date: /home/user/ros2_ws/install/moveit_core/include/moveit
[9.625s] -- Up-to-date: /home/user/ros2_ws/install/moveit_core/include/moveit/kinematics_base
[9.625s] -- Up-to-date: /home/user/ros2_ws/install/moveit_core/include/moveit/kinematics_base/kinematics_base.h
[9.625s] -- Up-to-date: /home/user/ros2_ws/install/moveit_core/include/moveit_kinematics_base_export.h
[9.626s] -- Up-to-date: /home/user/ros2_ws/install/moveit_core/include
[9.626s] -- Up-to-date: /home/user/ros2_ws/install/moveit_core/include/moveit
[9.627s] -- Up-to-date: /home/user/ros2_ws/install/moveit_core/include/moveit/kinematic_constraints
[9.629s] -- Up-to-date: /home/user/ros2_ws/install/moveit_core/include/moveit/kinematic_constraints/utils.h
[9.630s] -- Up-to-date: /home/user/ros2_ws/install/moveit_core/include/moveit/kinematic_constraints/kinematic_constraint.h
[9.630s] -- Up-to-date: /home/user/ros2_ws/install/moveit_core/include
[9.630s] -- Up-to-date: /home/user/ros2_ws/install/moveit_core/include/moveit
[9.638s] -- Up-to-date: /home/user/ros2_ws/install/moveit_core/include/moveit/kinematics_metrics
[9.638s] -- Up-to-date: /home/user/ros2_ws/install/moveit_core/include/moveit/kinematics_metrics/kinematics_metrics.h
[9.638s] -- Up-to-date: /home/user/ros2_ws/install/moveit_core/include
[9.638s] -- Up-to-date: /home/user/ros2_ws/install/moveit_core/include/moveit
[9.639s] -- Up-to-date: /home/user/ros2_ws/install/moveit_core/include/moveit/macros
[9.639s] -- Up-to-date: /home/user/ros2_ws/install/moveit_core/include/moveit/macros/class_forward.h
[9.639s] -- Up-to-date: /home/user/ros2_ws/install/moveit_core/include/moveit/macros/console_colors.h
[9.639s] -- Up-to-date: /home/user/ros2_ws/install/moveit_core/include/moveit/macros/declare_ptr.h
[9.639s] -- Up-to-date: /home/user/ros2_ws/install/moveit_core/include/moveit/macros/deprecation.h
[9.640s] -- Up-to-date: /home/user/ros2_ws/install/moveit_core/include/moveit_butterworth_parameters
[9.640s] -- Up-to-date: /home/user/ros2_ws/install/moveit_core/include/moveit_butterworth_parameters/moveit_butterworth_parameters.hpp
[9.640s] -- Up-to-date: /home/user/ros2_ws/install/moveit_core/include
[9.640s] -- Up-to-date: /home/user/ros2_ws/install/moveit_core/include/moveit
[9.640s] -- Up-to-date: /home/user/ros2_ws/install/moveit_core/include/moveit/online_signal_smoothing
[9.641s] -- Up-to-date: /home/user/ros2_ws/install/moveit_core/include/moveit/online_signal_smoothing/butterworth_filter.h
[9.641s] -- Up-to-date: /home/user/ros2_ws/install/moveit_core/include/moveit/online_signal_smoothing/smoothing_base_class.h
[9.641s] -- Up-to-date: /home/user/ros2_ws/install/moveit_core/include/moveit_smoothing_base_export.h
[9.641s] -- Up-to-date: /home/user/ros2_ws/install/moveit_core/include/moveit_butterworth_filter_export.h
[9.642s] -- Up-to-date: /home/user/ros2_ws/install/moveit_core/include
[9.642s] -- Up-to-date: /home/user/ros2_ws/install/moveit_core/include/moveit
[9.642s] -- Up-to-date: /home/user/ros2_ws/install/moveit_core/include/moveit/planning_interface
[9.642s] -- Up-to-date: /home/user/ros2_ws/install/moveit_core/include/moveit/planning_interface/planning_request.h
[9.643s] -- Up-to-date: /home/user/ros2_ws/install/moveit_core/include/moveit/planning_interface/planning_interface.h
[9.643s] -- Up-to-date: /home/user/ros2_ws/install/moveit_core/include/moveit/planning_interface/planning_response.h
[9.643s] -- Up-to-date: /home/user/ros2_ws/install/moveit_core/include
[9.643s] -- Up-to-date: /home/user/ros2_ws/install/moveit_core/include/moveit
[9.644s] -- Up-to-date: /home/user/ros2_ws/install/moveit_core/include/moveit/planning_request_adapter
[9.644s] -- Up-to-date: /home/user/ros2_ws/install/moveit_core/include/moveit/planning_request_adapter/planning_request_adapter.h
[9.644s] -- Up-to-date: /home/user/ros2_ws/install/moveit_core/include
[9.644s] -- Up-to-date: /home/user/ros2_ws/install/moveit_core/include/moveit
[9.645s] -- Up-to-date: /home/user/ros2_ws/install/moveit_core/include/moveit/planning_scene
[9.645s] -- Up-to-date: /home/user/ros2_ws/install/moveit_core/include/moveit/planning_scene/planning_scene.h
[9.645s] -- Up-to-date: /home/user/ros2_ws/install/moveit_core/include/moveit_planning_scene_export.h
[9.645s] -- Up-to-date: /home/user/ros2_ws/install/moveit_core/include
[9.646s] -- Up-to-date: /home/user/ros2_ws/install/moveit_core/include/moveit
[9.646s] -- Up-to-date: /home/user/ros2_ws/install/moveit_core/include/moveit/robot_model
[9.646s] -- Up-to-date: /home/user/ros2_ws/install/moveit_core/include/moveit/robot_model/fixed_joint_model.h
[9.646s] -- Up-to-date: /home/user/ros2_ws/install/moveit_core/include/moveit/robot_model/link_model.h
[9.646s] -- Up-to-date: /home/user/ros2_ws/install/moveit_core/include/moveit/robot_model/joint_model.h
[9.646s] -- Up-to-date: /home/user/ros2_ws/install/moveit_core/include/moveit/robot_model/floating_joint_model.h
[9.647s] -- Up-to-date: /home/user/ros2_ws/install/moveit_core/include/moveit/robot_model/planar_joint_model.h
[9.647s] -- Up-to-date: /home/user/ros2_ws/install/moveit_core/include/moveit/robot_model/prismatic_joint_model.h
[9.647s] -- Up-to-date: /home/user/ros2_ws/install/moveit_core/include/moveit/robot_model/robot_model.h
[9.647s] -- Up-to-date: /home/user/ros2_ws/install/moveit_core/include/moveit/robot_model/joint_model_group.h
[9.647s] -- Up-to-date: /home/user/ros2_ws/install/moveit_core/include/moveit/robot_model/revolute_joint_model.h
[9.648s] -- Up-to-date: /home/user/ros2_ws/install/moveit_core/include/moveit/robot_model/aabb.h
[9.648s] -- Up-to-date: /home/user/ros2_ws/install/moveit_core/include
[9.648s] -- Up-to-date: /home/user/ros2_ws/install/moveit_core/include/moveit
[9.648s] -- Up-to-date: /home/user/ros2_ws/install/moveit_core/include/moveit/robot_state
[9.648s] -- Up-to-date: /home/user/ros2_ws/install/moveit_core/include/moveit/robot_state/attached_body.h
[9.649s] -- Up-to-date: /home/user/ros2_ws/install/moveit_core/include/moveit/robot_state/conversions.h
[9.649s] -- Up-to-date: /home/user/ros2_ws/install/moveit_core/include/moveit/robot_state/robot_state.h
[9.649s] -- Up-to-date: /home/user/ros2_ws/install/moveit_core/include/moveit/robot_state/cartesian_interpolator.h
[9.649s] -- Up-to-date: /home/user/ros2_ws/install/moveit_core/include
[9.649s] -- Up-to-date: /home/user/ros2_ws/install/moveit_core/include/moveit
[9.649s] -- Up-to-date: /home/user/ros2_ws/install/moveit_core/include/moveit/robot_trajectory
[9.650s] -- Up-to-date: /home/user/ros2_ws/install/moveit_core/include/moveit/robot_trajectory/robot_trajectory.h
[9.650s] -- Up-to-date: /home/user/ros2_ws/install/moveit_core/include
[9.650s] -- Up-to-date: /home/user/ros2_ws/install/moveit_core/include/moveit
[9.650s] -- Up-to-date: /home/user/ros2_ws/install/moveit_core/include/moveit/sensor_manager
[9.650s] -- Up-to-date: /home/user/ros2_ws/install/moveit_core/include/moveit/sensor_manager/sensor_manager.h
[9.651s] -- Up-to-date: /home/user/ros2_ws/install/moveit_core/include
[9.651s] -- Up-to-date: /home/user/ros2_ws/install/moveit_core/include/moveit
[9.651s] -- Up-to-date: /home/user/ros2_ws/install/moveit_core/include/moveit/trajectory_processing
[9.651s] -- Up-to-date: /home/user/ros2_ws/install/moveit_core/include/moveit/trajectory_processing/ruckig_traj_smoothing.h
[9.652s] -- Up-to-date: /home/user/ros2_ws/install/moveit_core/include/moveit/trajectory_processing/iterative_spline_parameterization.h
[9.652s] -- Up-to-date: /home/user/ros2_ws/install/moveit_core/include/moveit/trajectory_processing/iterative_time_parameterization.h
[9.652s] -- Up-to-date: /home/user/ros2_ws/install/moveit_core/include/moveit/trajectory_processing/time_optimal_trajectory_generation.h
[9.653s] -- Up-to-date: /home/user/ros2_ws/install/moveit_core/include/moveit/trajectory_processing/time_parameterization.h
[9.653s] -- Up-to-date: /home/user/ros2_ws/install/moveit_core/include/moveit/trajectory_processing/trajectory_tools.h
[9.653s] -- Up-to-date: /home/user/ros2_ws/install/moveit_core/include
[9.653s] -- Up-to-date: /home/user/ros2_ws/install/moveit_core/include/moveit
[9.653s] -- Up-to-date: /home/user/ros2_ws/install/moveit_core/include/moveit/transforms
[9.654s] -- Up-to-date: /home/user/ros2_ws/install/moveit_core/include/moveit/transforms/transforms.h
[9.654s] -- Up-to-date: /home/user/ros2_ws/install/moveit_core/include
[9.654s] -- Up-to-date: /home/user/ros2_ws/install/moveit_core/include/moveit
[9.654s] -- Up-to-date: /home/user/ros2_ws/install/moveit_core/include/moveit/utils
[9.654s] -- Up-to-date: /home/user/ros2_ws/install/moveit_core/include/moveit/utils/robot_model_test_utils.h
[9.654s] -- Up-to-date: /home/user/ros2_ws/install/moveit_core/include/moveit/utils/lexical_casts.h
[9.654s] -- Up-to-date: /home/user/ros2_ws/install/moveit_core/include/moveit/utils/rclcpp_utils.h
[9.655s] -- Up-to-date: /home/user/ros2_ws/install/moveit_core/include/moveit/utils/message_checks.h
[9.655s] -- Up-to-date: /home/user/ros2_ws/install/moveit_core/include/moveit/utils/moveit_error_code.h
[9.655s] -- Up-to-date: /home/user/ros2_ws/install/moveit_core/bin/moveit_version
[9.655s] -- Up-to-date: /home/user/ros2_ws/install/moveit_core/include
[9.655s] -- Up-to-date: /home/user/ros2_ws/install/moveit_core/include/moveit
[9.655s] -- Up-to-date: /home/user/ros2_ws/install/moveit_core/include/moveit/collision_detection
[9.655s] -- Up-to-date: /home/user/ros2_ws/install/moveit_core/include/moveit/collision_detection/collision_common.h
[9.655s] -- Up-to-date: /home/user/ros2_ws/install/moveit_core/include/moveit/collision_detection/collision_env.h
[9.656s] -- Up-to-date: /home/user/ros2_ws/install/moveit_core/include/moveit/collision_detection/allvalid
[9.656s] -- Up-to-date: /home/user/ros2_ws/install/moveit_core/include/moveit/collision_detection/allvalid/collision_env_allvalid.h
[9.656s] -- Up-to-date: /home/user/ros2_ws/install/moveit_core/include/moveit/collision_detection/allvalid/collision_detector_allocator_allvalid.h
[9.656s] -- Up-to-date: /home/user/ros2_ws/install/moveit_core/include/moveit/collision_detection/collision_matrix.h
[9.656s] -- Up-to-date: /home/user/ros2_ws/install/moveit_core/include/moveit/collision_detection/collision_plugin_cache.h
[9.656s] -- Up-to-date: /home/user/ros2_ws/install/moveit_core/include/moveit/collision_detection/collision_detector_allocator.h
[9.656s] -- Up-to-date: /home/user/ros2_ws/install/moveit_core/include/moveit/collision_detection/collision_tools.h
[9.657s] -- Up-to-date: /home/user/ros2_ws/install/moveit_core/include/moveit/collision_detection/world.h
[9.657s] -- Up-to-date: /home/user/ros2_ws/install/moveit_core/include/moveit/collision_detection/collision_plugin.h
[9.657s] -- Up-to-date: /home/user/ros2_ws/install/moveit_core/include/moveit/collision_detection/collision_octomap_filter.h
[9.657s] -- Up-to-date: /home/user/ros2_ws/install/moveit_core/include/moveit/collision_detection/test_collision_common_pr2.h
[9.657s] -- Up-to-date: /home/user/ros2_ws/install/moveit_core/include/moveit/collision_detection/world_diff.h
[9.658s] -- Up-to-date: /home/user/ros2_ws/install/moveit_core/include/moveit/collision_detection/test_collision_common_panda.h
[9.658s] -- Up-to-date: /home/user/ros2_ws/install/moveit_core/include/moveit/collision_detection/occupancy_map.h
[9.658s] -- Up-to-date: /home/user/ros2_ws/install/moveit_core/include/moveit_collision_detection_export.h
[9.658s] -- Up-to-date: /home/user/ros2_ws/install/moveit_core/include/moveit_core
[9.658s] -- Up-to-date: /home/user/ros2_ws/install/moveit_core/include/moveit_core/moveit
[9.658s] -- Up-to-date: /home/user/ros2_ws/install/moveit_core/include/moveit_core/moveit/collision_detection_bullet
[9.658s] -- Up-to-date: /home/user/ros2_ws/install/moveit_core/include/moveit_core/moveit/collision_detection_bullet/collision_env_bullet.h
[9.659s] -- Up-to-date: /home/user/ros2_ws/install/moveit_core/include/moveit_core/moveit/collision_detection_bullet/bullet_integration
[9.659s] -- Up-to-date: /home/user/ros2_ws/install/moveit_core/include/moveit_core/moveit/collision_detection_bullet/bullet_integration/bullet_discrete_bvh_manager.h
[9.659s] -- Up-to-date: /home/user/ros2_ws/install/moveit_core/include/moveit_core/moveit/collision_detection_bullet/bullet_integration/bullet_utils.h
[9.659s] -- Up-to-date: /home/user/ros2_ws/install/moveit_core/include/moveit_core/moveit/collision_detection_bullet/bullet_integration/contact_checker_common.h
[9.659s] -- Up-to-date: /home/user/ros2_ws/install/moveit_core/include/moveit_core/moveit/collision_detection_bullet/bullet_integration/basic_types.h
[9.659s] -- Up-to-date: /home/user/ros2_ws/install/moveit_core/include/moveit_core/moveit/collision_detection_bullet/bullet_integration/bullet_cast_bvh_manager.h
[9.660s] -- Up-to-date: /home/user/ros2_ws/install/moveit_core/include/moveit_core/moveit/collision_detection_bullet/bullet_integration/bullet_bvh_manager.h
[9.660s] -- Up-to-date: /home/user/ros2_ws/install/moveit_core/include/moveit_core/moveit/collision_detection_bullet/bullet_integration/ros_bullet_utils.h
[9.660s] -- Up-to-date: /home/user/ros2_ws/install/moveit_core/include/moveit_core/moveit/collision_detection_bullet/collision_detector_allocator_bullet.h
[9.660s] -- Up-to-date: /home/user/ros2_ws/install/moveit_core/include/moveit_core/moveit/collision_detection_bullet/collision_detector_bullet_plugin_loader.h
[9.660s] -- Up-to-date: /home/user/ros2_ws/install/moveit_core/include/moveit_core/moveit_collision_detection_bullet_export.h
[9.661s] -- Up-to-date: /home/user/ros2_ws/install/moveit_core/include
[9.662s] -- Up-to-date: /home/user/ros2_ws/install/moveit_core/include/moveit
[9.669s] -- Up-to-date: /home/user/ros2_ws/install/moveit_core/include/moveit/collision_detection_fcl
[9.669s] -- Up-to-date: /home/user/ros2_ws/install/moveit_core/include/moveit/collision_detection_fcl/collision_common.h
[9.669s] -- Up-to-date: /home/user/ros2_ws/install/moveit_core/include/moveit/collision_detection_fcl/collision_detector_fcl_plugin_loader.h
[9.670s] -- Up-to-date: /home/user/ros2_ws/install/moveit_core/include/moveit/collision_detection_fcl/collision_detector_allocator_fcl.h
[9.670s] -- Up-to-date: /home/user/ros2_ws/install/moveit_core/include/moveit/collision_detection_fcl/fcl_compat.h
[9.670s] -- Up-to-date: /home/user/ros2_ws/install/moveit_core/include/moveit/collision_detection_fcl/collision_env_fcl.h
[9.670s] -- Up-to-date: /home/user/ros2_ws/install/moveit_core/include/moveit_collision_detection_fcl_export.h
[9.670s] -- Up-to-date: /home/user/ros2_ws/install/moveit_core/lib/libcollision_detector_bullet_plugin.so.2.5.4
[9.670s] -- Up-to-date: /home/user/ros2_ws/install/moveit_core/lib/libcollision_detector_bullet_plugin.so
[9.671s] -- Up-to-date: /home/user/ros2_ws/install/moveit_core/lib/libmoveit_butterworth_filter.so.2.5.4
[9.671s] -- Up-to-date: /home/user/ros2_ws/install/moveit_core/lib/libmoveit_butterworth_filter.so
[9.671s] -- Up-to-date: /home/user/ros2_ws/install/moveit_core/lib/libmoveit_collision_distance_field.so.2.5.4
[9.671s] -- Up-to-date: /home/user/ros2_ws/install/moveit_core/lib/libmoveit_collision_distance_field.so
[9.672s] -- Up-to-date: /home/user/ros2_ws/install/moveit_core/lib/libmoveit_collision_detection.so.2.5.4
[9.672s] -- Up-to-date: /home/user/ros2_ws/install/moveit_core/lib/libmoveit_collision_detection.so
[9.673s] -- Up-to-date: /home/user/ros2_ws/install/moveit_core/lib/libmoveit_collision_detection_fcl.so.2.5.4
[9.673s] -- Up-to-date: /home/user/ros2_ws/install/moveit_core/lib/libmoveit_collision_detection_fcl.so
[9.673s] -- Up-to-date: /home/user/ros2_ws/install/moveit_core/lib/libmoveit_collision_detection_bullet.so.2.5.4
[9.674s] -- Up-to-date: /home/user/ros2_ws/install/moveit_core/lib/libmoveit_collision_detection_bullet.so
[9.674s] -- Up-to-date: /home/user/ros2_ws/install/moveit_core/lib/libmoveit_dynamics_solver.so.2.5.4
[9.675s] -- Up-to-date: /home/user/ros2_ws/install/moveit_core/lib/libmoveit_dynamics_solver.so
[9.675s] -- Up-to-date: /home/user/ros2_ws/install/moveit_core/lib/libmoveit_constraint_samplers.so.2.5.4
[9.675s] -- Up-to-date: /home/user/ros2_ws/install/moveit_core/lib/libmoveit_constraint_samplers.so
[9.675s] -- Up-to-date: /home/user/ros2_ws/install/moveit_core/lib/libmoveit_distance_field.so.2.5.4
[9.675s] -- Up-to-date: /home/user/ros2_ws/install/moveit_core/lib/libmoveit_distance_field.so
[9.676s] -- Up-to-date: /home/user/ros2_ws/install/moveit_core/lib/libmoveit_exceptions.so.2.5.4
[9.676s] -- Up-to-date: /home/user/ros2_ws/install/moveit_core/lib/libmoveit_exceptions.so
[9.676s] -- Up-to-date: /home/user/ros2_ws/install/moveit_core/lib/libmoveit_kinematics_base.so
[9.676s] -- Up-to-date: /home/user/ros2_ws/install/moveit_core/lib/libmoveit_kinematic_constraints.so.2.5.4
[9.676s] -- Up-to-date: /home/user/ros2_ws/install/moveit_core/lib/libmoveit_kinematic_constraints.so
[9.676s] -- Up-to-date: /home/user/ros2_ws/install/moveit_core/lib/libmoveit_kinematics_metrics.so.2.5.4
[9.676s] -- Up-to-date: /home/user/ros2_ws/install/moveit_core/lib/libmoveit_kinematics_metrics.so
[9.676s] -- Up-to-date: /home/user/ros2_ws/install/moveit_core/lib/libmoveit_planning_interface.so.2.5.4
[9.676s] -- Up-to-date: /home/user/ros2_ws/install/moveit_core/lib/libmoveit_planning_interface.so
[9.677s] -- Up-to-date: /home/user/ros2_ws/install/moveit_core/lib/libmoveit_planning_scene.so.2.5.4
[9.677s] -- Up-to-date: /home/user/ros2_ws/install/moveit_core/lib/libmoveit_planning_scene.so
[9.677s] -- Up-to-date: /home/user/ros2_ws/install/moveit_core/lib/libmoveit_planning_request_adapter.so.2.5.4
[9.677s] -- Up-to-date: /home/user/ros2_ws/install/moveit_core/lib/libmoveit_planning_request_adapter.so
[9.677s] -- Up-to-date: /home/user/ros2_ws/install/moveit_core/lib/libmoveit_robot_model.so.2.5.4
[9.677s] -- Up-to-date: /home/user/ros2_ws/install/moveit_core/lib/libmoveit_robot_model.so
[9.677s] -- Up-to-date: /home/user/ros2_ws/install/moveit_core/lib/libmoveit_robot_state.so.2.5.4
[9.677s] -- Up-to-date: /home/user/ros2_ws/install/moveit_core/lib/libmoveit_robot_state.so
[9.677s] -- Up-to-date: /home/user/ros2_ws/install/moveit_core/lib/libmoveit_robot_trajectory.so.2.5.4
[9.677s] -- Up-to-date: /home/user/ros2_ws/install/moveit_core/lib/libmoveit_robot_trajectory.so
[9.678s] -- Up-to-date: /home/user/ros2_ws/install/moveit_core/lib/libmoveit_smoothing_base.so.2.5.4
[9.678s] -- Up-to-date: /home/user/ros2_ws/install/moveit_core/lib/libmoveit_smoothing_base.so
[9.678s] -- Up-to-date: /home/user/ros2_ws/install/moveit_core/lib/libmoveit_test_utils.so.2.5.4
[9.678s] -- Up-to-date: /home/user/ros2_ws/install/moveit_core/lib/libmoveit_test_utils.so
[9.678s] -- Up-to-date: /home/user/ros2_ws/install/moveit_core/lib/libmoveit_trajectory_processing.so.2.5.4
[9.678s] -- Up-to-date: /home/user/ros2_ws/install/moveit_core/lib/libmoveit_trajectory_processing.so
[9.678s] -- Up-to-date: /home/user/ros2_ws/install/moveit_core/lib/libmoveit_transforms.so.2.5.4
[9.679s] -- Up-to-date: /home/user/ros2_ws/install/moveit_core/lib/libmoveit_transforms.so
[9.679s] -- Up-to-date: /home/user/ros2_ws/install/moveit_core/lib/libmoveit_utils.so.2.5.4
[9.679s] -- Up-to-date: /home/user/ros2_ws/install/moveit_core/lib/libmoveit_utils.so
[9.679s] -- Up-to-date: /home/user/ros2_ws/install/moveit_core/share/moveit_core/environment/library_path.sh
[9.679s] -- Up-to-date: /home/user/ros2_ws/install/moveit_core/share/moveit_core/environment/library_path.dsv
[9.679s] -- Up-to-date: /home/user/ros2_ws/install/moveit_core/share/moveit_core/collision_detector_fcl_description.xml
[9.679s] -- Up-to-date: /home/user/ros2_ws/install/moveit_core/share/moveit_core/collision_detector_bullet_description.xml
[9.679s] -- Up-to-date: /home/user/ros2_ws/install/moveit_core/share/moveit_core/filter_plugin_butterworth.xml
[9.680s] -- Up-to-date: /home/user/ros2_ws/install/moveit_core/share/ament_index/resource_index/package_run_dependencies/moveit_core
[9.680s] -- Up-to-date: /home/user/ros2_ws/install/moveit_core/share/ament_index/resource_index/parent_prefix_path/moveit_core
[9.680s] -- Up-to-date: /home/user/ros2_ws/install/moveit_core/share/moveit_core/environment/ament_prefix_path.sh
[9.680s] -- Up-to-date: /home/user/ros2_ws/install/moveit_core/share/moveit_core/environment/ament_prefix_path.dsv
[9.681s] -- Up-to-date: /home/user/ros2_ws/install/moveit_core/share/moveit_core/environment/path.sh
[9.681s] -- Up-to-date: /home/user/ros2_ws/install/moveit_core/share/moveit_core/environment/path.dsv
[9.681s] -- Up-to-date: /home/user/ros2_ws/install/moveit_core/share/moveit_core/local_setup.bash
[9.682s] -- Up-to-date: /home/user/ros2_ws/install/moveit_core/share/moveit_core/local_setup.sh
[9.682s] -- Up-to-date: /home/user/ros2_ws/install/moveit_core/share/moveit_core/local_setup.zsh
[9.682s] -- Up-to-date: /home/user/ros2_ws/install/moveit_core/share/moveit_core/local_setup.dsv
[9.683s] -- Installing: /home/user/ros2_ws/install/moveit_core/share/moveit_core/package.dsv
[9.683s] -- Up-to-date: /home/user/ros2_ws/install/moveit_core/share/ament_index/resource_index/packages/moveit_core
[9.683s] -- Up-to-date: /home/user/ros2_ws/install/moveit_core/share/ament_index/resource_index/moveit_core__pluginlib__plugin/moveit_core
[9.684s] -- Up-to-date: /home/user/ros2_ws/install/moveit_core/share/moveit_core/cmake/export_moveit_coreExport.cmake
[9.684s] -- Up-to-date: /home/user/ros2_ws/install/moveit_core/share/moveit_core/cmake/export_moveit_coreExport-release.cmake
[9.684s] -- Up-to-date: /home/user/ros2_ws/install/moveit_core/share/moveit_core/cmake/ConfigExtras.cmake
[9.684s] -- Up-to-date: /home/user/ros2_ws/install/moveit_core/share/moveit_core/cmake/ament_cmake_export_targets-extras.cmake
[9.685s] -- Up-to-date: /home/user/ros2_ws/install/moveit_core/share/moveit_core/cmake/ament_cmake_export_dependencies-extras.cmake
[9.685s] -- Up-to-date: /home/user/ros2_ws/install/moveit_core/share/moveit_core/cmake/moveit_coreConfig.cmake
[9.685s] -- Up-to-date: /home/user/ros2_ws/install/moveit_core/share/moveit_core/cmake/moveit_coreConfig-version.cmake
[9.685s] -- Up-to-date: /home/user/ros2_ws/install/moveit_core/share/moveit_core/package.xml
[9.685s] Invoked command in '/home/user/ros2_ws/build/moveit_core' returned '0': CMAKE_PREFIX_PATH=/home/user/ros2_ws/install/moveit_common:/home/user/ros2_ws/install/moveit2_scripts:/home/simulations/ros2_sims_ws/install/common_interfaces:/home/simulations/ros2_sims_ws/install/visualization_msgs:/home/simulations/ros2_sims_ws/install/test_msgs:/home/simulations/ros2_sims_ws/install/example_interfaces:/home/simulations/ros2_sims_ws/install/action_msgs:/home/simulations/ros2_sims_ws/install/unique_identifier_msgs:/home/simulations/ros2_sims_ws/install/trajectory_msgs:/home/simulations/ros2_sims_ws/install/test_interface_files:/home/simulations/ros2_sims_ws/install/stereo_msgs:/home/simulations/ros2_sims_ws/install/std_srvs:/home/simulations/ros2_sims_ws/install/shape_msgs:/home/simulations/ros2_sims_ws/install/sensor_msgs:/home/simulations/ros2_sims_ws/install/nav_msgs:/home/simulations/ros2_sims_ws/install/diagnostic_msgs:/home/simulations/ros2_sims_ws/install/geometry_msgs:/home/simulations/ros2_sims_ws/install/actionlib_msgs:/home/simulations/ros2_sims_ws/install/std_msgs:/home/simulations/ros2_sims_ws/install/statistics_msgs:/home/simulations/ros2_sims_ws/install/rosgraph_msgs:/home/simulations/ros2_sims_ws/install/rclrs_example_msgs:/home/simulations/ros2_sims_ws/install/composition_interfaces:/home/simulations/ros2_sims_ws/install/rcl_interfaces:/home/simulations/ros2_sims_ws/install/lifecycle_msgs:/home/simulations/ros2_sims_ws/install/builtin_interfaces:/home/simulations/ros2_sims_ws/install/rosidl_default_runtime:/home/simulations/ros2_sims_ws/install/rosidl_default_generators:/home/simulations/ros2_sims_ws/install/rosidl_generator_rs:/home/user/ros2_ws/install/ur_simulation_gazebo:/home/user/ros2_ws/install/ur3e_moveit_config:/home/user/ros2_ws/install/test_moveit_config:/home/user/ros2_ws/install/test2_moveit_config:/home/user/ros2_ws/install/my_moveit_config:/home/user/ros2_ws/install/my_moveit2_config:/home/user/ros2_ws/install/ur_description:/home/user/ros2_ws/install/the_construct_office_gazebo:/home/user/ros2_ws/install/simple_grasping:/home/user/ros2_ws/install/ros_testing:/home/user/ros2_ws/install/robotnik_sensors_gazebo:/home/user/ros2_ws/install/robotnik_sensors:/home/user/ros2_ws/install/robotiq_85_gripper:/home/user/ros2_ws/install/robotiq_85_msgs:/home/user/ros2_ws/install/robotiq_85_description:/home/user/ros2_ws/install/rg2_gripper_description:/home/user/ros2_ws/install/pilz_industrial_motion_planner_testutils:/home/user/ros2_ws/install/moveit_runtime:/home/user/ros2_ws/install/moveit:/home/user/ros2_ws/install/moveit_planners:/home/user/ros2_ws/install/pilz_industrial_motion_planner:/home/user/ros2_ws/install/moveit_ros_control_interface:/home/user/ros2_ws/install/moveit_plugins:/home/user/ros2_ws/install/moveit_simple_controller_manager:/home/user/ros2_ws/install/moveit_setup_assistant:/home/user/ros2_ws/install/moveit_setup_srdf_plugins:/home/user/ros2_ws/install/moveit_setup_core_plugins:/home/user/ros2_ws/install/moveit_setup_controllers:/home/user/ros2_ws/install/moveit_setup_app_plugins:/home/user/ros2_ws/install/moveit_setup_framework:/home/user/ros2_ws/install/moveit_servo:/home/user/ros2_ws/install/moveit_ros:/home/user/ros2_ws/install/moveit_ros_visualization:/home/user/ros2_ws/install/moveit_hybrid_planning:/home/user/ros2_ws/install/moveit_ros_planning_interface:/home/user/ros2_ws/install/moveit_ros_benchmarks:/home/user/ros2_ws/install/moveit_ros_warehouse:/home/user/ros2_ws/install/moveit_ros_robot_interaction:/home/user/ros2_ws/install/moveit_ros_perception:/home/user/ros2_ws/install/moveit_resources_prbt_pg70_support:/home/user/ros2_ws/install/moveit_resources_prbt_moveit_config:/home/user/ros2_ws/install/moveit_ros_move_group:/home/user/ros2_ws/install/moveit_planners_ompl:/home/user/ros2_ws/install/moveit_ros_planning:/home/user/ros2_ws/install/moveit_ros_occupancy_map_monitor:/home/user/ros2_ws/install/moveit_resources_prbt_support:/home/user/ros2_ws/install/moveit_resources_prbt_ikfast_manipulator_plugin:/home/user/ros2_ws/install/moveit_planners_chomp:/home/user/ros2_ws/install/moveit_kinematics:/home/user/ros2_ws/install/moveit_chomp_optimizer_adapter:/home/user/ros2_ws/install/chomp_motion_planner:/home/user/ros2_ws/install/moveit_core:/home/user/ros2_ws/install/gazebo_ros2_control_demos:/home/user/ros2_ws/install/gazebo_ros2_control:/home/simulations/ros2_sims_ws/install/rclrs_tests:/home/simulations/ros2_sims_ws/install/examples_rclrs_minimal_client_service:/home/simulations/ros2_sims_ws/install/sensor_msgs_py:/home/simulations/ros2_sims_ws/install/examples_rclrs_minimal_pub_sub:/home/simulations/ros2_sims_ws/install/examples_rclrs_message_demo:/home/simulations/ros2_sims_ws/install/rclrs:/home/simulations/ros2_sims_ws/install/rosidl_runtime_rs:/home/user/ros2_ws/install/ros2test:/home/user/ros2_ws/install/robotiq_85_driver:/home/user/ros2_ws/install/moveit_configs_utils:/opt/ros/humble _=/usr/bin/env /usr/bin/cmake --install /home/user/ros2_ws/build/moveit_core
