[0.039s] Invoking command in '/home/user/ros2_ws/build/start_bridge': CMAKE_PREFIX_PATH=/opt/ros/foxy:${CMAKE_PREFIX_PATH} _=/usr/bin/env /usr/bin/cmake /home/user/ros2_ws/src/start_bridge -DCMAKE_INSTALL_PREFIX=/home/user/ros2_ws/install/start_bridge
[0.186s] -- The C compiler identification is GNU 9.3.0
[0.296s] -- The CXX compiler identification is GNU 9.3.0
[0.375s] -- Check for working C compiler: /usr/bin/cc
[0.479s] -- Check for working C compiler: /usr/bin/cc -- works
[0.482s] -- Detecting C compiler ABI info
[0.631s] -- Detecting C compiler ABI info - done
[0.653s] -- Detecting C compile features
[0.654s] -- Detecting C compile features - done
[0.660s] -- Check for working CXX compiler: /usr/bin/c++
[0.822s] -- Check for working CXX compiler: /usr/bin/c++ -- works
[0.824s] -- Detecting CXX compiler ABI info
[0.981s] -- Detecting CXX compiler ABI info - done
[0.998s] -- Detecting CXX compile features
[0.999s] -- Detecting CXX compile features - done
[1.007s] -- Found ament_cmake: 0.9.9 (/opt/ros/foxy/share/ament_cmake/cmake)
[1.066s] -- Found PythonInterp: /usr/bin/python3 (found suitable version "3.8.10", minimum required is "3") 
[1.066s] -- Using PYTHON_EXECUTABLE: /usr/bin/python3
[1.626s] -- Found ament_lint_auto: 0.9.6 (/opt/ros/foxy/share/ament_lint_auto/cmake)
[1.793s] -- Added test 'copyright' to check source files copyright and LICENSE
[1.795s] -- Added test 'flake8' to check Python code syntax and style conventions
[1.796s] -- Added test 'lint_cmake' to check CMake code style
[1.797s] -- Added test 'pep257' to check Python code against some of the style conventions in PEP 257
[1.798s] -- Added test 'xmllint' to check XML markup files
[1.803s] -- Configuring done
[1.807s] -- Generating done
[1.808s] -- Build files have been written to: /home/user/ros2_ws/build/start_bridge
[1.817s] Invoked command in '/home/user/ros2_ws/build/start_bridge' returned '0': CMAKE_PREFIX_PATH=/opt/ros/foxy:${CMAKE_PREFIX_PATH} _=/usr/bin/env /usr/bin/cmake /home/user/ros2_ws/src/start_bridge -DCMAKE_INSTALL_PREFIX=/home/user/ros2_ws/install/start_bridge
[1.819s] Invoking command in '/home/user/ros2_ws/build/start_bridge': CMAKE_PREFIX_PATH=/opt/ros/foxy:${CMAKE_PREFIX_PATH} _=/usr/bin/env /usr/bin/cmake --build /home/user/ros2_ws/build/start_bridge -- -j8 -l8
[1.910s] Invoked command in '/home/user/ros2_ws/build/start_bridge' returned '0': CMAKE_PREFIX_PATH=/opt/ros/foxy:${CMAKE_PREFIX_PATH} _=/usr/bin/env /usr/bin/cmake --build /home/user/ros2_ws/build/start_bridge -- -j8 -l8
[1.989s] Invoking command in '/home/user/ros2_ws/build/start_bridge': CMAKE_PREFIX_PATH=/opt/ros/foxy:${CMAKE_PREFIX_PATH} _=/usr/bin/env /usr/bin/cmake --install /home/user/ros2_ws/build/start_bridge
[2.001s] -- Install configuration: ""
[2.001s] -- Installing: /home/user/ros2_ws/install/start_bridge/share/start_bridge/launch
[2.001s] -- Installing: /home/user/ros2_ws/install/start_bridge/share/start_bridge/launch/start_bridge.launch.py
[2.002s] -- Installing: /home/user/ros2_ws/install/start_bridge/share/ament_index/resource_index/package_run_dependencies/start_bridge
[2.002s] -- Installing: /home/user/ros2_ws/install/start_bridge/share/ament_index/resource_index/parent_prefix_path/start_bridge
[2.002s] -- Installing: /home/user/ros2_ws/install/start_bridge/share/start_bridge/environment/ament_prefix_path.sh
[2.003s] -- Installing: /home/user/ros2_ws/install/start_bridge/share/start_bridge/environment/ament_prefix_path.dsv
[2.003s] -- Installing: /home/user/ros2_ws/install/start_bridge/share/start_bridge/environment/path.sh
[2.003s] -- Installing: /home/user/ros2_ws/install/start_bridge/share/start_bridge/environment/path.dsv
[2.004s] -- Installing: /home/user/ros2_ws/install/start_bridge/share/start_bridge/local_setup.bash
[2.004s] -- Installing: /home/user/ros2_ws/install/start_bridge/share/start_bridge/local_setup.sh
[2.004s] -- Installing: /home/user/ros2_ws/install/start_bridge/share/start_bridge/local_setup.zsh
[2.004s] -- Installing: /home/user/ros2_ws/install/start_bridge/share/start_bridge/local_setup.dsv
[2.005s] -- Installing: /home/user/ros2_ws/install/start_bridge/share/start_bridge/package.dsv
[2.005s] -- Installing: /home/user/ros2_ws/install/start_bridge/share/ament_index/resource_index/packages/start_bridge
[2.005s] -- Installing: /home/user/ros2_ws/install/start_bridge/share/start_bridge/cmake/start_bridgeConfig.cmake
[2.006s] -- Installing: /home/user/ros2_ws/install/start_bridge/share/start_bridge/cmake/start_bridgeConfig-version.cmake
[2.006s] -- Installing: /home/user/ros2_ws/install/start_bridge/share/start_bridge/package.xml
[2.011s] Invoked command in '/home/user/ros2_ws/build/start_bridge' returned '0': CMAKE_PREFIX_PATH=/opt/ros/foxy:${CMAKE_PREFIX_PATH} _=/usr/bin/env /usr/bin/cmake --install /home/user/ros2_ws/build/start_bridge
