-- The C compiler identification is GNU 9.3.0
-- The CXX compiler identification is GNU 9.3.0
-- Check for working C compiler: /usr/bin/cc
-- Check for working C compiler: /usr/bin/cc -- works
-- Detecting C compiler ABI info
-- Detecting C compiler ABI info - done
-- Detecting C compile features
-- Detecting C compile features - done
-- Check for working CXX compiler: /usr/bin/c++
-- Check for working CXX compiler: /usr/bin/c++ -- works
-- Detecting CXX compiler ABI info
-- Detecting CXX compiler ABI info - done
-- Detecting CXX compile features
-- Detecting CXX compile features - done
-- Found ament_cmake: 0.9.9 (/opt/ros/foxy/share/ament_cmake/cmake)
-- Found PythonInterp: /usr/bin/python3 (found suitable version "3.8.10", minimum required is "3") 
-- Using PYTHON_EXECUTABLE: /usr/bin/python3
-- Found rclcpp: 2.4.0 (/opt/ros/foxy/share/rclcpp/cmake)
-- Using all available rosidl_typesupport_c: rosidl_typesupport_fastrtps_c;rosidl_typesupport_introspection_c
-- Found rosidl_adapter: 1.2.1 (/opt/ros/foxy/share/rosidl_adapter/cmake)
-- Found OpenSSL: /usr/lib/x86_64-linux-gnu/libcrypto.so (found version "1.1.1f")  
-- Found FastRTPS: /opt/ros/foxy/include  
-- Using all available rosidl_typesupport_cpp: rosidl_typesupport_fastrtps_cpp;rosidl_typesupport_introspection_cpp
-- Found rmw_implementation_cmake: 1.0.3 (/opt/ros/foxy/share/rmw_implementation_cmake/cmake)
-- Using RMW implementation 'rmw_fastrtps_cpp' as default
-- Looking for pthread.h
-- Looking for pthread.h - found
-- Performing Test CMAKE_HAVE_LIBC_PTHREAD
-- Performing Test CMAKE_HAVE_LIBC_PTHREAD - Failed
-- Looking for pthread_create in pthreads
-- Looking for pthread_create in pthreads - not found
-- Looking for pthread_create in pthread
-- Looking for pthread_create in pthread - found
-- Found Threads: TRUE  
-- Found rclcpp_action: 2.4.0 (/opt/ros/foxy/share/rclcpp_action/cmake)
-- Found moveit_core: 2.2.1 (/opt/ros/foxy/share/moveit_core/cmake)
-- Found Boost: /usr/lib/x86_64-linux-gnu/cmake/Boost-1.71.0/BoostConfig.cmake (found version "1.71.0") found components: chrono date_time filesystem iostreams program_options regex serialization system thread 
-- library: /usr/lib/x86_64-linux-gnu/libcurl.so
-- Found Eigen3: TRUE (found version "3.3.7") 
-- Found moveit_ros_planning: 2.2.1 (/opt/ros/foxy/share/moveit_ros_planning/cmake)
-- Found Boost: /usr/lib/x86_64-linux-gnu/cmake/Boost-1.71.0/BoostConfig.cmake (found version "1.71.0") found components: system filesystem date_time program_options thread chrono 
-- Found Boost: /usr/lib/x86_64-linux-gnu/cmake/Boost-1.71.0/BoostConfig.cmake (found version "1.71.0") found components: thread 
-- Found moveit_ros_planning_interface: 2.2.1 (/opt/ros/foxy/share/moveit_ros_planning_interface/cmake)
-- Found Boost: /usr/lib/x86_64-linux-gnu/cmake/Boost-1.71.0/BoostConfig.cmake (found version "1.71.0")  
-- Found Boost: /usr/lib/x86_64-linux-gnu/cmake/Boost-1.71.0/BoostConfig.cmake (found version "1.71.0") found components: date_time filesystem program_options system thread 
-- Found Boost: /usr/lib/x86_64-linux-gnu/cmake/Boost-1.71.0/BoostConfig.cmake (found version "1.71.0") found components: thread system filesystem regex date_time program_options 
-- Found Boost: /usr/lib/x86_64-linux-gnu/cmake/Boost-1.71.0/BoostConfig.cmake (found version "1.71.0") found components: system filesystem date_time program_options thread 
-- Found interactive_markers: 2.1.3 (/opt/ros/foxy/share/interactive_markers/cmake)
-- Found control_msgs: 2.5.1 (/opt/ros/foxy/share/control_msgs/cmake)
-- Found ament_lint_auto: 0.9.6 (/opt/ros/foxy/share/ament_lint_auto/cmake)
-- Added test 'copyright' to check source files copyright and LICENSE
-- Added test 'cppcheck' to perform static code analysis on C / C++ code
-- Configured cppcheck include dirs: /home/user/ros2_ws/src/moveit2_scripts/include
-- Configured cppcheck exclude dirs and/or files: 
-- Added test 'cpplint' to check C / C++ code against the Google style
-- Configured cpplint exclude dirs and/or files: 
-- Added test 'flake8' to check Python code syntax and style conventions
-- Added test 'lint_cmake' to check CMake code style
-- Added test 'pep257' to check Python code against some of the style conventions in PEP 257
-- Added test 'uncrustify' to check C / C++ code style
-- Configured uncrustify additional arguments: 
-- Added test 'xmllint' to check XML markup files
-- Configuring done
-- Generating done
-- Build files have been written to: /home/user/ros2_ws/build/moveit2_scripts
[35m[1mScanning dependencies of target test_trajectory[0m
[ 50%] [32mBuilding CXX object CMakeFiles/test_trajectory.dir/src/test_trajectory.cpp.o[0m
[01m[K/home/user/ros2_ws/src/moveit2_scripts/src/test_trajectory.cpp:[m[K In member function '[01m[Kvoid TestTrajectory::plan_arm_joint_space()[m[K':
[01m[K/home/user/ros2_ws/src/moveit2_scripts/src/test_trajectory.cpp:64:10:[m[K [01;35m[Kwarning: [m[Kunused variable '[01m[Ksuccess_arm[m[K' [[01;35m[K-Wunused-variable[m[K]
   64 |     bool [01;35m[Ksuccess_arm[m[K = (move_group_arm.plan(my_plan_arm) ==
      |          [01;35m[K^~~~~~~~~~~[m[K
[100%] [32m[1mLinking CXX executable test_trajectory[0m
[100%] Built target test_trajectory
-- Install configuration: ""
-- Installing: /home/user/ros2_ws/install/moveit2_scripts/lib/moveit2_scripts/test_trajectory
-- Set runtime path of "/home/user/ros2_ws/install/moveit2_scripts/lib/moveit2_scripts/test_trajectory" to ""
-- Installing: /home/user/ros2_ws/install/moveit2_scripts/share/moveit2_scripts/launch
-- Installing: /home/user/ros2_ws/install/moveit2_scripts/share/moveit2_scripts/launch/test_trajectory.launch.py
-- Installing: /home/user/ros2_ws/install/moveit2_scripts/share/ament_index/resource_index/package_run_dependencies/moveit2_scripts
-- Installing: /home/user/ros2_ws/install/moveit2_scripts/share/ament_index/resource_index/parent_prefix_path/moveit2_scripts
-- Installing: /home/user/ros2_ws/install/moveit2_scripts/share/moveit2_scripts/environment/ament_prefix_path.sh
-- Installing: /home/user/ros2_ws/install/moveit2_scripts/share/moveit2_scripts/environment/ament_prefix_path.dsv
-- Installing: /home/user/ros2_ws/install/moveit2_scripts/share/moveit2_scripts/environment/path.sh
-- Installing: /home/user/ros2_ws/install/moveit2_scripts/share/moveit2_scripts/environment/path.dsv
-- Installing: /home/user/ros2_ws/install/moveit2_scripts/share/moveit2_scripts/local_setup.bash
-- Installing: /home/user/ros2_ws/install/moveit2_scripts/share/moveit2_scripts/local_setup.sh
-- Installing: /home/user/ros2_ws/install/moveit2_scripts/share/moveit2_scripts/local_setup.zsh
-- Installing: /home/user/ros2_ws/install/moveit2_scripts/share/moveit2_scripts/local_setup.dsv
-- Installing: /home/user/ros2_ws/install/moveit2_scripts/share/moveit2_scripts/package.dsv
-- Installing: /home/user/ros2_ws/install/moveit2_scripts/share/ament_index/resource_index/packages/moveit2_scripts
-- Installing: /home/user/ros2_ws/install/moveit2_scripts/share/moveit2_scripts/cmake/moveit2_scriptsConfig.cmake
-- Installing: /home/user/ros2_ws/install/moveit2_scripts/share/moveit2_scripts/cmake/moveit2_scriptsConfig-version.cmake
-- Installing: /home/user/ros2_ws/install/moveit2_scripts/share/moveit2_scripts/package.xml
