-- The C compiler identification is GNU 11.3.0
-- The CXX compiler identification is GNU 11.3.0
-- Detecting C compiler ABI info
-- Detecting C compiler ABI info - done
-- Check for working C compiler: /usr/bin/cc - skipped
-- Detecting C compile features
-- Detecting C compile features - done
-- Detecting CXX compiler ABI info
-- Detecting CXX compiler ABI info - done
-- Check for working CXX compiler: /usr/bin/c++ - skipped
-- Detecting CXX compile features
-- Detecting CXX compile features - done
-- Found ament_cmake: 1.3.4 (/opt/ros/humble/share/ament_cmake/cmake)
-- Found Python3: /usr/bin/python3.10 (found version "3.10.6") found components: Interpreter 
-- Found gazebo_ros: 3.7.0 (/opt/ros/humble/share/gazebo_ros/cmake)
-- Found rosidl_generator_c: 3.1.4 (/opt/ros/humble/share/rosidl_generator_c/cmake)
-- Found rosidl_adapter: 3.1.4 (/opt/ros/humble/share/rosidl_adapter/cmake)
-- Found rosidl_generator_cpp: 3.1.4 (/opt/ros/humble/share/rosidl_generator_cpp/cmake)
-- Using all available rosidl_typesupport_c: rosidl_typesupport_fastrtps_c;rosidl_typesupport_introspection_c
-- Using all available rosidl_typesupport_cpp: rosidl_typesupport_fastrtps_cpp;rosidl_typesupport_introspection_cpp
-- Found rmw_implementation_cmake: 6.1.1 (/opt/ros/humble/share/rmw_implementation_cmake/cmake)
-- Found rmw_fastrtps_cpp: 6.2.2 (/opt/ros/humble/share/rmw_fastrtps_cpp/cmake)
-- Found OpenSSL: /usr/lib/x86_64-linux-gnu/libcrypto.so (found version "3.0.2")  
-- Found FastRTPS: /opt/ros/humble/include  
-- Using RMW implementation 'rmw_fastrtps_cpp' as default
-- Looking for pthread.h
-- Looking for pthread.h - found
-- Performing Test CMAKE_HAVE_LIBC_PTHREAD
-- Performing Test CMAKE_HAVE_LIBC_PTHREAD - Success
-- Found Threads: TRUE  
-- Found PkgConfig: /usr/bin/pkg-config (found version "0.29.2") 
-- Checking for module 'bullet>=2.82'
--   Found bullet, version 3.05
-- Found fcl: /usr/include (found suitable version "0.7.0", minimum required is "0.5.0") 
-- Found assimp: /usr/include (found version "5.2.0") 
-- Found DART: /usr/include (Required is at least version "6.6") found components: dart 
-- Found Boost: /usr/lib/x86_64-linux-gnu/cmake/Boost-1.74.0/BoostConfig.cmake (found suitable version "1.74.0", minimum required is "1.40.0") found components: thread system filesystem program_options regex iostreams date_time 
-- Found Protobuf: /usr/lib/x86_64-linux-gnu/libprotobuf.so (found version "3.12.4") 
-- Looking for ignition-math6 -- found version 6.12.0
-- Searching for dependencies of ignition-math6
-- Looking for OGRE...
-- OGRE_PREFIX_WATCH changed.
-- Checking for module 'OGRE'
--   Found OGRE, version 1.9.0
-- Found Ogre Ghadamon (1.9.0)
-- Found OGRE: optimized;/usr/lib/x86_64-linux-gnu/libOgreMain.so;debug;/usr/lib/x86_64-linux-gnu/libOgreMain.so
-- Looking for OGRE_Paging...
-- Found OGRE_Paging: optimized;/usr/lib/x86_64-linux-gnu/libOgrePaging.so;debug;/usr/lib/x86_64-linux-gnu/libOgrePaging.so
-- Looking for OGRE_Terrain...
-- Found OGRE_Terrain: optimized;/usr/lib/x86_64-linux-gnu/libOgreTerrain.so;debug;/usr/lib/x86_64-linux-gnu/libOgreTerrain.so
-- Looking for OGRE_Property...
-- Found OGRE_Property: optimized;/usr/lib/x86_64-linux-gnu/libOgreProperty.so;debug;/usr/lib/x86_64-linux-gnu/libOgreProperty.so
-- Looking for OGRE_RTShaderSystem...
-- Found OGRE_RTShaderSystem: optimized;/usr/lib/x86_64-linux-gnu/libOgreRTShaderSystem.so;debug;/usr/lib/x86_64-linux-gnu/libOgreRTShaderSystem.so
-- Looking for OGRE_Volume...
-- Found OGRE_Volume: optimized;/usr/lib/x86_64-linux-gnu/libOgreVolume.so;debug;/usr/lib/x86_64-linux-gnu/libOgreVolume.so
-- Looking for OGRE_Overlay...
-- Found OGRE_Overlay: optimized;/usr/lib/x86_64-linux-gnu/libOgreOverlay.so;debug;/usr/lib/x86_64-linux-gnu/libOgreOverlay.so
-- Looking for ignition-math6 -- found version 6.12.0
-- Looking for ignition-transport8 -- found version 8.2.1
-- Searching for dependencies of ignition-transport8
-- Found Protobuf: /usr/lib/x86_64-linux-gnu/libprotobuf.so (found suitable version "3.12.4", minimum required is "3") 
-- Config-file not installed for ZeroMQ -- checking for pkg-config
-- Checking for module 'libzmq >= 4'
--   Found libzmq , version 4.3.4
-- Found ZeroMQ: TRUE (Required is at least version "4") 
-- Checking for module 'uuid'
--   Found uuid, version 2.37.2
-- Found UUID: TRUE  
-- Looking for ignition-msgs5 -- found version 5.8.1
-- Searching for dependencies of ignition-msgs5
-- Looking for ignition-math6 -- found version 6.12.0
-- Checking for module 'tinyxml2'
--   Found tinyxml2, version 9.0.0
-- Looking for ignition-msgs5 -- found version 5.8.1
-- Looking for ignition-common3 -- found version 3.14.0
-- Searching for dependencies of ignition-common3
-- Looking for dlfcn.h - found
-- Looking for libdl - found
-- Found DL: TRUE  
-- Found tinyobjloader: /usr/lib/x86_64-linux-gnu/cmake/tinyobjloader/tinyobjloader-config.cmake (found version "2.0.0") 
-- Searching for <ignition-common3> component [graphics]
-- Looking for ignition-common3-graphics -- found version 3.14.0
-- Searching for dependencies of ignition-common3-graphics
-- Looking for ignition-math6 -- found version 6.12.0
-- Looking for ignition-fuel_tools4 -- found version 4.4.0
-- Searching for dependencies of ignition-fuel_tools4
-- Found CURL: /usr/lib/x86_64-linux-gnu/libcurl.so (found version "7.81.0")  
-- Checking for module 'jsoncpp'
--   Found jsoncpp, version 1.9.5
-- Found JSONCPP: TRUE  
-- Checking for module 'libzip'
--   Found libzip, version 1.7.3
-- Found ZIP: TRUE  
-- Looking for ignition-common3 -- found version 3.14.0
-- Looking for ignition-math6 -- found version 6.12.0
-- Looking for ignition-msgs5 -- found version 5.8.1
-- Gazebo version: 11.10
-- Checking for module 'tbb'
--   Found tbb, version 2021.5.0
-- Found ament_lint_auto: 0.12.6 (/opt/ros/humble/share/ament_lint_auto/cmake)
-- Added test 'copyright' to check source files copyright and LICENSE
-- Added test 'flake8' to check Python code syntax and style conventions
-- Added test 'lint_cmake' to check CMake code style
-- Added test 'pep257' to check Python code against some of the docstring style conventions in PEP 257
-- Added test 'xmllint' to check XML markup files
-- Configuring done
-- Generating done
-- Build files have been written to: /home/user/ros2_ws/build/the_construct_office_gazebo
-- Install configuration: ""
-- Installing: /home/user/ros2_ws/install/the_construct_office_gazebo/share/ament_index/resource_index/package_run_dependencies/the_construct_office_gazebo
-- Installing: /home/user/ros2_ws/install/the_construct_office_gazebo/share/ament_index/resource_index/parent_prefix_path/the_construct_office_gazebo
-- Installing: /home/user/ros2_ws/install/the_construct_office_gazebo/share/the_construct_office_gazebo/environment/ament_prefix_path.sh
-- Installing: /home/user/ros2_ws/install/the_construct_office_gazebo/share/the_construct_office_gazebo/environment/ament_prefix_path.dsv
-- Installing: /home/user/ros2_ws/install/the_construct_office_gazebo/share/the_construct_office_gazebo/environment/path.sh
-- Installing: /home/user/ros2_ws/install/the_construct_office_gazebo/share/the_construct_office_gazebo/environment/path.dsv
-- Installing: /home/user/ros2_ws/install/the_construct_office_gazebo/share/the_construct_office_gazebo/local_setup.bash
-- Installing: /home/user/ros2_ws/install/the_construct_office_gazebo/share/the_construct_office_gazebo/local_setup.sh
-- Installing: /home/user/ros2_ws/install/the_construct_office_gazebo/share/the_construct_office_gazebo/local_setup.zsh
-- Installing: /home/user/ros2_ws/install/the_construct_office_gazebo/share/the_construct_office_gazebo/local_setup.dsv
-- Installing: /home/user/ros2_ws/install/the_construct_office_gazebo/share/the_construct_office_gazebo/package.dsv
-- Installing: /home/user/ros2_ws/install/the_construct_office_gazebo/share/ament_index/resource_index/packages/the_construct_office_gazebo
-- Installing: /home/user/ros2_ws/install/the_construct_office_gazebo/share/the_construct_office_gazebo/cmake/the_construct_office_gazeboConfig.cmake
-- Installing: /home/user/ros2_ws/install/the_construct_office_gazebo/share/the_construct_office_gazebo/cmake/the_construct_office_gazeboConfig-version.cmake
-- Installing: /home/user/ros2_ws/install/the_construct_office_gazebo/share/the_construct_office_gazebo/package.xml
-- Installing: /home/user/ros2_ws/install/the_construct_office_gazebo/share/the_construct_office_gazebo/launch
-- Installing: /home/user/ros2_ws/install/the_construct_office_gazebo/share/the_construct_office_gazebo/launch/warehouse_ur3e.launch.xml
-- Installing: /home/user/ros2_ws/install/the_construct_office_gazebo/share/the_construct_office_gazebo/launch/empty_ur3e.launch.xml
-- Installing: /home/user/ros2_ws/install/the_construct_office_gazebo/share/the_construct_office_gazebo/launch/start_world_standalone.launch.py
-- Installing: /home/user/ros2_ws/install/the_construct_office_gazebo/share/the_construct_office_gazebo/launch/start_world_empty_standalone.launch.py
-- Installing: /home/user/ros2_ws/install/the_construct_office_gazebo/share/the_construct_office_gazebo/launch/start_world_empty.launch.py
-- Installing: /home/user/ros2_ws/install/the_construct_office_gazebo/share/the_construct_office_gazebo/launch/start_world.launch.py
-- Installing: /home/user/ros2_ws/install/the_construct_office_gazebo/share/the_construct_office_gazebo/launch/start_world_warehouse.launch.py
-- Installing: /home/user/ros2_ws/install/the_construct_office_gazebo/share/the_construct_office_gazebo/models
-- Installing: /home/user/ros2_ws/install/the_construct_office_gazebo/share/the_construct_office_gazebo/models/stool_v2
-- Installing: /home/user/ros2_ws/install/the_construct_office_gazebo/share/the_construct_office_gazebo/models/stool_v2/meshes
-- Installing: /home/user/ros2_ws/install/the_construct_office_gazebo/share/the_construct_office_gazebo/models/stool_v2/meshes/stool_v2.dae
-- Installing: /home/user/ros2_ws/install/the_construct_office_gazebo/share/the_construct_office_gazebo/models/worktop
-- Installing: /home/user/ros2_ws/install/the_construct_office_gazebo/share/the_construct_office_gazebo/models/worktop/model.sdf
-- Installing: /home/user/ros2_ws/install/the_construct_office_gazebo/share/the_construct_office_gazebo/models/worktop/meshes
-- Installing: /home/user/ros2_ws/install/the_construct_office_gazebo/share/the_construct_office_gazebo/models/worktop/meshes/worktop.dae
-- Installing: /home/user/ros2_ws/install/the_construct_office_gazebo/share/the_construct_office_gazebo/models/worktop/meshes/encimera_negra
-- Installing: /home/user/ros2_ws/install/the_construct_office_gazebo/share/the_construct_office_gazebo/models/worktop/meshes/encimera_negra/__auto_3.jpg
-- Installing: /home/user/ros2_ws/install/the_construct_office_gazebo/share/the_construct_office_gazebo/models/worktop/model.config
-- Installing: /home/user/ros2_ws/install/the_construct_office_gazebo/share/the_construct_office_gazebo/models/rb2_simple_cart
-- Installing: /home/user/ros2_ws/install/the_construct_office_gazebo/share/the_construct_office_gazebo/models/rb2_simple_cart/model.sdf
-- Installing: /home/user/ros2_ws/install/the_construct_office_gazebo/share/the_construct_office_gazebo/models/rb2_simple_cart/meshes
-- Installing: /home/user/ros2_ws/install/the_construct_office_gazebo/share/the_construct_office_gazebo/models/rb2_simple_cart/meshes/qr_structure.dae
-- Installing: /home/user/ros2_ws/install/the_construct_office_gazebo/share/the_construct_office_gazebo/models/rb2_simple_cart/meshes/cart_structure.dae
-- Installing: /home/user/ros2_ws/install/the_construct_office_gazebo/share/the_construct_office_gazebo/models/rb2_simple_cart/material
-- Installing: /home/user/ros2_ws/install/the_construct_office_gazebo/share/the_construct_office_gazebo/models/rb2_simple_cart/material/scripts
-- Installing: /home/user/ros2_ws/install/the_construct_office_gazebo/share/the_construct_office_gazebo/models/rb2_simple_cart/material/scripts/marker0_12cm.material
-- Installing: /home/user/ros2_ws/install/the_construct_office_gazebo/share/the_construct_office_gazebo/models/rb2_simple_cart/material/textures
-- Installing: /home/user/ros2_ws/install/the_construct_office_gazebo/share/the_construct_office_gazebo/models/rb2_simple_cart/material/textures/marker0_12cm.png
-- Installing: /home/user/ros2_ws/install/the_construct_office_gazebo/share/the_construct_office_gazebo/models/rb2_simple_cart/model.config
-- Installing: /home/user/ros2_ws/install/the_construct_office_gazebo/share/the_construct_office_gazebo/models/room
-- Installing: /home/user/ros2_ws/install/the_construct_office_gazebo/share/the_construct_office_gazebo/models/room/materials
-- Installing: /home/user/ros2_ws/install/the_construct_office_gazebo/share/the_construct_office_gazebo/models/room/materials/model.sdf
-- Installing: /home/user/ros2_ws/install/the_construct_office_gazebo/share/the_construct_office_gazebo/models/room/materials/model.config
-- Installing: /home/user/ros2_ws/install/the_construct_office_gazebo/share/the_construct_office_gazebo/models/room/materials/scripts
-- Installing: /home/user/ros2_ws/install/the_construct_office_gazebo/share/the_construct_office_gazebo/models/room/materials/scripts/indigo.material
-- Installing: /home/user/ros2_ws/install/the_construct_office_gazebo/share/the_construct_office_gazebo/models/room/materials/scripts/kinetic.material
-- Installing: /home/user/ros2_ws/install/the_construct_office_gazebo/share/the_construct_office_gazebo/models/room/materials/scripts/galactic.material
-- Installing: /home/user/ros2_ws/install/the_construct_office_gazebo/share/the_construct_office_gazebo/models/room/materials/scripts/testing.material
-- Installing: /home/user/ros2_ws/install/the_construct_office_gazebo/share/the_construct_office_gazebo/models/room/materials/scripts/ground.material
-- Installing: /home/user/ros2_ws/install/the_construct_office_gazebo/share/the_construct_office_gazebo/models/room/materials/textures
-- Installing: /home/user/ros2_ws/install/the_construct_office_gazebo/share/the_construct_office_gazebo/models/room/materials/textures/ground_texture_v2.png
-- Installing: /home/user/ros2_ws/install/the_construct_office_gazebo/share/the_construct_office_gazebo/models/room/materials/textures/splintered_wool_texture.jpg
-- Installing: /home/user/ros2_ws/install/the_construct_office_gazebo/share/the_construct_office_gazebo/models/room/materials/textures/galactic.png
-- Installing: /home/user/ros2_ws/install/the_construct_office_gazebo/share/the_construct_office_gazebo/models/room/materials/textures/indigo.jpg
-- Installing: /home/user/ros2_ws/install/the_construct_office_gazebo/share/the_construct_office_gazebo/models/room/materials/textures/kinetic.png
-- Installing: /home/user/ros2_ws/install/the_construct_office_gazebo/share/the_construct_office_gazebo/models/room/model.sdf
-- Installing: /home/user/ros2_ws/install/the_construct_office_gazebo/share/the_construct_office_gazebo/models/room/model.config
-- Installing: /home/user/ros2_ws/install/the_construct_office_gazebo/share/the_construct_office_gazebo/models/tv_v2
-- Installing: /home/user/ros2_ws/install/the_construct_office_gazebo/share/the_construct_office_gazebo/models/tv_v2/meshes
-- Installing: /home/user/ros2_ws/install/the_construct_office_gazebo/share/the_construct_office_gazebo/models/tv_v2/meshes/M_TV_frame_baseColor.jpeg
-- Installing: /home/user/ros2_ws/install/the_construct_office_gazebo/share/the_construct_office_gazebo/models/tv_v2/meshes/alberto.png
-- Installing: /home/user/ros2_ws/install/the_construct_office_gazebo/share/the_construct_office_gazebo/models/tv_v2/meshes/tv_v2.dae
-- Installing: /home/user/ros2_ws/install/the_construct_office_gazebo/share/the_construct_office_gazebo/models/table_v2
-- Installing: /home/user/ros2_ws/install/the_construct_office_gazebo/share/the_construct_office_gazebo/models/table_v2/meshes
-- Installing: /home/user/ros2_ws/install/the_construct_office_gazebo/share/the_construct_office_gazebo/models/table_v2/meshes/marcel-strauss-E7DsoC0mcpw-unsplash.jpg
-- Installing: /home/user/ros2_ws/install/the_construct_office_gazebo/share/the_construct_office_gazebo/models/table_v2/meshes/table_v2.dae
-- Installing: /home/user/ros2_ws/install/the_construct_office_gazebo/share/the_construct_office_gazebo/models/shelf_v2
-- Installing: /home/user/ros2_ws/install/the_construct_office_gazebo/share/the_construct_office_gazebo/models/shelf_v2/meshes
-- Installing: /home/user/ros2_ws/install/the_construct_office_gazebo/share/the_construct_office_gazebo/models/shelf_v2/meshes/shelf_v2.dae
-- Installing: /home/user/ros2_ws/install/the_construct_office_gazebo/share/the_construct_office_gazebo/models/reflective_tag
-- Installing: /home/user/ros2_ws/install/the_construct_office_gazebo/share/the_construct_office_gazebo/models/reflective_tag/model.sdf
-- Installing: /home/user/ros2_ws/install/the_construct_office_gazebo/share/the_construct_office_gazebo/models/reflective_tag/model.config
-- Installing: /home/user/ros2_ws/install/the_construct_office_gazebo/share/the_construct_office_gazebo/models/table
-- Installing: /home/user/ros2_ws/install/the_construct_office_gazebo/share/the_construct_office_gazebo/models/table/model-1_2.sdf
-- Installing: /home/user/ros2_ws/install/the_construct_office_gazebo/share/the_construct_office_gazebo/models/table/model-1_3.sdf
-- Installing: /home/user/ros2_ws/install/the_construct_office_gazebo/share/the_construct_office_gazebo/models/table/model.sdf
-- Installing: /home/user/ros2_ws/install/the_construct_office_gazebo/share/the_construct_office_gazebo/models/table/model-1_4.sdf
-- Installing: /home/user/ros2_ws/install/the_construct_office_gazebo/share/the_construct_office_gazebo/models/table/model.config
-- Installing: /home/user/ros2_ws/install/the_construct_office_gazebo/share/the_construct_office_gazebo/worlds
-- Installing: /home/user/ros2_ws/install/the_construct_office_gazebo/share/the_construct_office_gazebo/worlds/ros2_online_workshop_v2.world
-- Installing: /home/user/ros2_ws/install/the_construct_office_gazebo/share/the_construct_office_gazebo/worlds/rb1_base.world
-- Installing: /home/user/ros2_ws/install/the_construct_office_gazebo/share/the_construct_office_gazebo/worlds/no_roof_small_warehouse
-- Installing: /home/user/ros2_ws/install/the_construct_office_gazebo/share/the_construct_office_gazebo/worlds/no_roof_small_warehouse/no_roof_small_warehouse.world
-- Installing: /home/user/ros2_ws/install/the_construct_office_gazebo/share/the_construct_office_gazebo/worlds/small_warehouse
-- Installing: /home/user/ros2_ws/install/the_construct_office_gazebo/share/the_construct_office_gazebo/worlds/small_warehouse/small_warehouse.world
-- Installing: /home/user/ros2_ws/install/the_construct_office_gazebo/share/the_construct_office_gazebo/worlds/small_warehouse/test.world
-- Installing: /home/user/ros2_ws/install/the_construct_office_gazebo/share/the_construct_office_gazebo/worlds/shelf.stl
-- Installing: /home/user/ros2_ws/install/the_construct_office_gazebo/share/the_construct_office_gazebo/worlds/starbots_complete.world
-- Installing: /home/user/ros2_ws/install/the_construct_office_gazebo/share/the_construct_office_gazebo/worlds/model
-- Installing: /home/user/ros2_ws/install/the_construct_office_gazebo/share/the_construct_office_gazebo/worlds/model/__Metal_Corrugated_Shiny_16.jpg
-- Installing: /home/user/ros2_ws/install/the_construct_office_gazebo/share/the_construct_office_gazebo/worlds/model/__Metal_Corrugated_Shiny_15.jpg
-- Installing: /home/user/ros2_ws/install/the_construct_office_gazebo/share/the_construct_office_gazebo/worlds/model/__Metal_Corrugated_Shiny_12.jpg
-- Installing: /home/user/ros2_ws/install/the_construct_office_gazebo/share/the_construct_office_gazebo/worlds/model/__Mirror_01_9.jpg
-- Installing: /home/user/ros2_ws/install/the_construct_office_gazebo/share/the_construct_office_gazebo/worlds/table2.dae
-- Installing: /home/user/ros2_ws/install/the_construct_office_gazebo/share/the_construct_office_gazebo/worlds/tv.dae
-- Installing: /home/user/ros2_ws/install/the_construct_office_gazebo/share/the_construct_office_gazebo/worlds/table.blend
-- Installing: /home/user/ros2_ws/install/the_construct_office_gazebo/share/the_construct_office_gazebo/worlds/table.dae
-- Installing: /home/user/ros2_ws/install/the_construct_office_gazebo/share/the_construct_office_gazebo/worlds/stool.blend
-- Installing: /home/user/ros2_ws/install/the_construct_office_gazebo/share/the_construct_office_gazebo/worlds/tc_model_readme.txt
-- Installing: /home/user/ros2_ws/install/the_construct_office_gazebo/share/the_construct_office_gazebo/worlds/stool.dae
-- Installing: /home/user/ros2_ws/install/the_construct_office_gazebo/share/the_construct_office_gazebo/worlds/table.stl
-- Installing: /home/user/ros2_ws/install/the_construct_office_gazebo/share/the_construct_office_gazebo/worlds/stoolmetal.png
-- Installing: /home/user/ros2_ws/install/the_construct_office_gazebo/share/the_construct_office_gazebo/worlds/greyseat.png
-- Installing: /home/user/ros2_ws/install/the_construct_office_gazebo/share/the_construct_office_gazebo/worlds/shelf.blend1
-- Installing: /home/user/ros2_ws/install/the_construct_office_gazebo/share/the_construct_office_gazebo/worlds/table.blend1
-- Installing: /home/user/ros2_ws/install/the_construct_office_gazebo/share/the_construct_office_gazebo/worlds/shelf.dae
-- Installing: /home/user/ros2_ws/install/the_construct_office_gazebo/share/the_construct_office_gazebo/worlds/tv_v2.blend1
-- Installing: /home/user/ros2_ws/install/the_construct_office_gazebo/share/the_construct_office_gazebo/worlds/model_shelf
-- Installing: /home/user/ros2_ws/install/the_construct_office_gazebo/share/the_construct_office_gazebo/worlds/model_shelf/black_steel.jpg
-- Installing: /home/user/ros2_ws/install/the_construct_office_gazebo/share/the_construct_office_gazebo/worlds/model_shelf/rubber.jpg
-- Installing: /home/user/ros2_ws/install/the_construct_office_gazebo/share/the_construct_office_gazebo/worlds/model_shelf/brass_tex.jpg
-- Installing: /home/user/ros2_ws/install/the_construct_office_gazebo/share/the_construct_office_gazebo/worlds/model_table
-- Installing: /home/user/ros2_ws/install/the_construct_office_gazebo/share/the_construct_office_gazebo/worlds/model_table/b113_BS_0.jpg
-- Installing: /home/user/ros2_ws/install/the_construct_office_gazebo/share/the_construct_office_gazebo/worlds/model_table/b113_BS.jpg
-- Installing: /home/user/ros2_ws/install/the_construct_office_gazebo/share/the_construct_office_gazebo/worlds/shelf.blend
-- Installing: /home/user/ros2_ws/install/the_construct_office_gazebo/share/the_construct_office_gazebo/worlds/blueseat.png
-- Installing: /home/user/ros2_ws/install/the_construct_office_gazebo/share/the_construct_office_gazebo/worlds/stool.blend1
-- Installing: /home/user/ros2_ws/install/the_construct_office_gazebo/share/the_construct_office_gazebo/worlds/tv_v2.blend
-- Installing: /home/user/ros2_ws/install/the_construct_office_gazebo/share/the_construct_office_gazebo/worlds/rb1_base_office.world
-- Installing: /home/user/ros2_ws/install/the_construct_office_gazebo/share/the_construct_office_gazebo/worlds/stool.stl
-- Installing: /home/user/ros2_ws/install/the_construct_office_gazebo/share/the_construct_office_gazebo/worlds/ros2_online_workshop.world
-- Installing: /home/user/ros2_ws/install/the_construct_office_gazebo/share/the_construct_office_gazebo/worlds/empty_world.world
