[4.388s] Invoking command in '/home/user/ros2_ws/src/universal_robot_ros2/moveit2/moveit_configs_utils': PYTHONPATH=/home/user/ros2_ws/build/moveit_configs_utils/prefix_override:/home/user/ros2_ws/install/moveit_configs_utils/lib/python3.10/site-packages:${PYTHONPATH} _=/usr/bin/env /usr/bin/python3 setup.py egg_info --egg-base ../../../../build/moveit_configs_utils build --build-base /home/user/ros2_ws/build/moveit_configs_utils/build install --record /home/user/ros2_ws/build/moveit_configs_utils/install.log --single-version-externally-managed
[6.581s] running egg_info
[6.581s] writing ../../../../build/moveit_configs_utils/moveit_configs_utils.egg-info/PKG-INFO
[6.582s] writing dependency_links to ../../../../build/moveit_configs_utils/moveit_configs_utils.egg-info/dependency_links.txt
[6.582s] writing entry points to ../../../../build/moveit_configs_utils/moveit_configs_utils.egg-info/entry_points.txt
[6.582s] writing requirements to ../../../../build/moveit_configs_utils/moveit_configs_utils.egg-info/requires.txt
[6.582s] writing top-level names to ../../../../build/moveit_configs_utils/moveit_configs_utils.egg-info/top_level.txt
[6.595s] reading manifest file '../../../../build/moveit_configs_utils/moveit_configs_utils.egg-info/SOURCES.txt'
[6.596s] writing manifest file '../../../../build/moveit_configs_utils/moveit_configs_utils.egg-info/SOURCES.txt'
[6.596s] running build
[6.597s] running build_py
[6.597s] running install
[6.597s] running install_lib
[6.597s] /usr/lib/python3/dist-packages/setuptools/command/install.py:34: SetuptoolsDeprecationWarning: setup.py install is deprecated. Use build and pip and other standards-based tools.
[6.597s]   warnings.warn(
[6.605s] running install_data
[6.606s] running install_egg_info
[6.606s] removing '/home/user/ros2_ws/install/moveit_configs_utils/lib/python3.10/site-packages/moveit_configs_utils-2.5.3-py3.10.egg-info' (and everything under it)
[6.606s] Copying ../../../../build/moveit_configs_utils/moveit_configs_utils.egg-info to /home/user/ros2_ws/install/moveit_configs_utils/lib/python3.10/site-packages/moveit_configs_utils-2.5.3-py3.10.egg-info
[6.608s] running install_scripts
[6.786s] writing list of installed files to '/home/user/ros2_ws/build/moveit_configs_utils/install.log'
[7.008s] Invoked command in '/home/user/ros2_ws/src/universal_robot_ros2/moveit2/moveit_configs_utils' returned '0': PYTHONPATH=/home/user/ros2_ws/build/moveit_configs_utils/prefix_override:/home/user/ros2_ws/install/moveit_configs_utils/lib/python3.10/site-packages:${PYTHONPATH} _=/usr/bin/env /usr/bin/python3 setup.py egg_info --egg-base ../../../../build/moveit_configs_utils build --build-base /home/user/ros2_ws/build/moveit_configs_utils/build install --record /home/user/ros2_ws/build/moveit_configs_utils/install.log --single-version-externally-managed
