[0.055s] DEBUG:colcon:Command line arguments: ['/usr/bin/colcon', 'build']
[0.055s] DEBUG:colcon:Parsed command line arguments: Namespace(log_base=None, log_level=None, verb_name='build', build_base='build', install_base='install', merge_install=False, symlink_install=False, test_result_base=None, continue_on_error=False, executor='parallel', parallel_workers=32, event_handlers=None, ignore_user_meta=False, metas=['./colcon.meta'], base_paths=['.'], packages_ignore=None, packages_ignore_regex=None, paths=None, packages_up_to=None, packages_up_to_regex=None, packages_above=None, packages_above_and_dependencies=None, packages_above_depth=None, packages_select_by_dep=None, packages_skip_by_dep=None, packages_skip_up_to=None, packages_select_build_failed=False, packages_skip_build_finished=False, packages_select_test_failures=False, packages_skip_test_passed=False, packages_select=None, packages_skip=None, packages_select_regex=None, packages_skip_regex=None, packages_start=None, packages_end=None, allow_overriding=[], cmake_args=None, cmake_target=None, cmake_target_skip_unavailable=False, cmake_clean_cache=False, cmake_clean_first=False, cmake_force_configure=False, ament_cmake_args=None, catkin_cmake_args=None, catkin_skip_building_tests=False, mixin_files=None, mixin=None, verb_parser=<colcon_mixin.mixin.mixin_argument.MixinArgumentDecorator object at 0x765cd0146da0>, verb_extension=<colcon_core.verb.build.BuildVerb object at 0x765cd01468c0>, main=<bound method BuildVerb.main of <colcon_core.verb.build.BuildVerb object at 0x765cd01468c0>>, mixin_verb=('build',))
[0.133s] Level 1:colcon.colcon_core.package_discovery:discover_packages(colcon_meta) check parameters
[0.133s] Level 1:colcon.colcon_core.package_discovery:discover_packages(recursive) check parameters
[0.133s] Level 1:colcon.colcon_core.package_discovery:discover_packages(ignore) check parameters
[0.133s] Level 1:colcon.colcon_core.package_discovery:discover_packages(path) check parameters
[0.133s] Level 1:colcon.colcon_core.package_discovery:discover_packages(colcon_meta) discover
[0.133s] Level 1:colcon.colcon_core.package_discovery:discover_packages(recursive) discover
[0.133s] INFO:colcon.colcon_core.package_discovery:Crawling recursively for packages in '/home/steven/Documents/資料備份區'
[0.133s] Level 1:colcon.colcon_core.package_identification:_identify(.) by extensions ['ignore', 'ignore_ament_install']
[0.133s] Level 1:colcon.colcon_core.package_identification:_identify(.) by extension 'ignore'
[0.133s] Level 1:colcon.colcon_core.package_identification:_identify(.) by extension 'ignore_ament_install'
[0.133s] Level 1:colcon.colcon_core.package_identification:_identify(.) by extensions ['colcon_pkg']
[0.133s] Level 1:colcon.colcon_core.package_identification:_identify(.) by extension 'colcon_pkg'
[0.133s] Level 1:colcon.colcon_core.package_identification:_identify(.) by extensions ['colcon_meta']
[0.133s] Level 1:colcon.colcon_core.package_identification:_identify(.) by extension 'colcon_meta'
[0.133s] Level 1:colcon.colcon_core.package_identification:_identify(.) by extensions ['ros']
[0.133s] Level 1:colcon.colcon_core.package_identification:_identify(.) by extension 'ros'
[0.143s] Level 1:colcon.colcon_core.package_identification:_identify(.) by extensions ['cmake', 'python']
[0.143s] Level 1:colcon.colcon_core.package_identification:_identify(.) by extension 'cmake'
[0.143s] Level 1:colcon.colcon_core.package_identification:_identify(.) by extension 'python'
[0.143s] Level 1:colcon.colcon_core.package_identification:_identify(.) by extensions ['python_setup_py']
[0.143s] Level 1:colcon.colcon_core.package_identification:_identify(.) by extension 'python_setup_py'
[0.143s] Level 1:colcon.colcon_core.package_identification:_identify(arws-main (參考專案)) by extensions ['ignore', 'ignore_ament_install']
[0.143s] Level 1:colcon.colcon_core.package_identification:_identify(arws-main (參考專案)) by extension 'ignore'
[0.143s] Level 1:colcon.colcon_core.package_identification:_identify(arws-main (參考專案)) by extension 'ignore_ament_install'
[0.143s] Level 1:colcon.colcon_core.package_identification:_identify(arws-main (參考專案)) by extensions ['colcon_pkg']
[0.143s] Level 1:colcon.colcon_core.package_identification:_identify(arws-main (參考專案)) by extension 'colcon_pkg'
[0.143s] Level 1:colcon.colcon_core.package_identification:_identify(arws-main (參考專案)) by extensions ['colcon_meta']
[0.143s] Level 1:colcon.colcon_core.package_identification:_identify(arws-main (參考專案)) by extension 'colcon_meta'
[0.143s] Level 1:colcon.colcon_core.package_identification:_identify(arws-main (參考專案)) by extensions ['ros']
[0.143s] Level 1:colcon.colcon_core.package_identification:_identify(arws-main (參考專案)) by extension 'ros'
[0.143s] Level 1:colcon.colcon_core.package_identification:_identify(arws-main (參考專案)) by extensions ['cmake', 'python']
[0.143s] Level 1:colcon.colcon_core.package_identification:_identify(arws-main (參考專案)) by extension 'cmake'
[0.143s] Level 1:colcon.colcon_core.package_identification:_identify(arws-main (參考專案)) by extension 'python'
[0.143s] Level 1:colcon.colcon_core.package_identification:_identify(arws-main (參考專案)) by extensions ['python_setup_py']
[0.143s] Level 1:colcon.colcon_core.package_identification:_identify(arws-main (參考專案)) by extension 'python_setup_py'
[0.143s] Level 1:colcon.colcon_core.package_identification:_identify(arws-main (參考專案)/build) by extensions ['ignore', 'ignore_ament_install']
[0.143s] Level 1:colcon.colcon_core.package_identification:_identify(arws-main (參考專案)/build) by extension 'ignore'
[0.143s] Level 1:colcon.colcon_core.package_identification:_identify(arws-main (參考專案)/build) ignored
[0.143s] Level 1:colcon.colcon_core.package_identification:_identify(arws-main (參考專案)/install) by extensions ['ignore', 'ignore_ament_install']
[0.143s] Level 1:colcon.colcon_core.package_identification:_identify(arws-main (參考專案)/install) by extension 'ignore'
[0.143s] Level 1:colcon.colcon_core.package_identification:_identify(arws-main (參考專案)/install) ignored
[0.143s] Level 1:colcon.colcon_core.package_identification:_identify(arws-main (參考專案)/log) by extensions ['ignore', 'ignore_ament_install']
[0.143s] Level 1:colcon.colcon_core.package_identification:_identify(arws-main (參考專案)/log) by extension 'ignore'
[0.143s] Level 1:colcon.colcon_core.package_identification:_identify(arws-main (參考專案)/log) ignored
[0.143s] Level 1:colcon.colcon_core.package_identification:_identify(arws-main (參考專案)/src) by extensions ['ignore', 'ignore_ament_install']
[0.143s] Level 1:colcon.colcon_core.package_identification:_identify(arws-main (參考專案)/src) by extension 'ignore'
[0.143s] Level 1:colcon.colcon_core.package_identification:_identify(arws-main (參考專案)/src) by extension 'ignore_ament_install'
[0.143s] Level 1:colcon.colcon_core.package_identification:_identify(arws-main (參考專案)/src) by extensions ['colcon_pkg']
[0.143s] Level 1:colcon.colcon_core.package_identification:_identify(arws-main (參考專案)/src) by extension 'colcon_pkg'
[0.143s] Level 1:colcon.colcon_core.package_identification:_identify(arws-main (參考專案)/src) by extensions ['colcon_meta']
[0.144s] Level 1:colcon.colcon_core.package_identification:_identify(arws-main (參考專案)/src) by extension 'colcon_meta'
[0.144s] Level 1:colcon.colcon_core.package_identification:_identify(arws-main (參考專案)/src) by extensions ['ros']
[0.144s] Level 1:colcon.colcon_core.package_identification:_identify(arws-main (參考專案)/src) by extension 'ros'
[0.144s] Level 1:colcon.colcon_core.package_identification:_identify(arws-main (參考專案)/src) by extensions ['cmake', 'python']
[0.144s] Level 1:colcon.colcon_core.package_identification:_identify(arws-main (參考專案)/src) by extension 'cmake'
[0.144s] Level 1:colcon.colcon_core.package_identification:_identify(arws-main (參考專案)/src) by extension 'python'
[0.144s] Level 1:colcon.colcon_core.package_identification:_identify(arws-main (參考專案)/src) by extensions ['python_setup_py']
[0.144s] Level 1:colcon.colcon_core.package_identification:_identify(arws-main (參考專案)/src) by extension 'python_setup_py'
[0.144s] Level 1:colcon.colcon_core.package_identification:_identify(arws-main (參考專案)/src/Universal_Robots_ROS2_Description) by extensions ['ignore', 'ignore_ament_install']
[0.144s] Level 1:colcon.colcon_core.package_identification:_identify(arws-main (參考專案)/src/Universal_Robots_ROS2_Description) by extension 'ignore'
[0.144s] Level 1:colcon.colcon_core.package_identification:_identify(arws-main (參考專案)/src/Universal_Robots_ROS2_Description) by extension 'ignore_ament_install'
[0.144s] Level 1:colcon.colcon_core.package_identification:_identify(arws-main (參考專案)/src/Universal_Robots_ROS2_Description) by extensions ['colcon_pkg']
[0.144s] Level 1:colcon.colcon_core.package_identification:_identify(arws-main (參考專案)/src/Universal_Robots_ROS2_Description) by extension 'colcon_pkg'
[0.144s] Level 1:colcon.colcon_core.package_identification:_identify(arws-main (參考專案)/src/Universal_Robots_ROS2_Description) by extensions ['colcon_meta']
[0.144s] Level 1:colcon.colcon_core.package_identification:_identify(arws-main (參考專案)/src/Universal_Robots_ROS2_Description) by extension 'colcon_meta'
[0.144s] Level 1:colcon.colcon_core.package_identification:_identify(arws-main (參考專案)/src/Universal_Robots_ROS2_Description) by extensions ['ros']
[0.144s] Level 1:colcon.colcon_core.package_identification:_identify(arws-main (參考專案)/src/Universal_Robots_ROS2_Description) by extension 'ros'
[0.145s] DEBUG:colcon.colcon_core.package_identification:Package 'arws-main (參考專案)/src/Universal_Robots_ROS2_Description' with type 'ros.ament_cmake' and name 'ur_description'
[0.145s] Level 1:colcon.colcon_core.package_identification:_identify(arws-main (參考專案)/src/Universal_Robots_ROS2_Driver) by extensions ['ignore', 'ignore_ament_install']
[0.145s] Level 1:colcon.colcon_core.package_identification:_identify(arws-main (參考專案)/src/Universal_Robots_ROS2_Driver) by extension 'ignore'
[0.145s] Level 1:colcon.colcon_core.package_identification:_identify(arws-main (參考專案)/src/Universal_Robots_ROS2_Driver) by extension 'ignore_ament_install'
[0.145s] Level 1:colcon.colcon_core.package_identification:_identify(arws-main (參考專案)/src/Universal_Robots_ROS2_Driver) by extensions ['colcon_pkg']
[0.145s] Level 1:colcon.colcon_core.package_identification:_identify(arws-main (參考專案)/src/Universal_Robots_ROS2_Driver) by extension 'colcon_pkg'
[0.145s] Level 1:colcon.colcon_core.package_identification:_identify(arws-main (參考專案)/src/Universal_Robots_ROS2_Driver) by extensions ['colcon_meta']
[0.145s] Level 1:colcon.colcon_core.package_identification:_identify(arws-main (參考專案)/src/Universal_Robots_ROS2_Driver) by extension 'colcon_meta'
[0.145s] Level 1:colcon.colcon_core.package_identification:_identify(arws-main (參考專案)/src/Universal_Robots_ROS2_Driver) by extensions ['ros']
[0.145s] Level 1:colcon.colcon_core.package_identification:_identify(arws-main (參考專案)/src/Universal_Robots_ROS2_Driver) by extension 'ros'
[0.145s] Level 1:colcon.colcon_core.package_identification:_identify(arws-main (參考專案)/src/Universal_Robots_ROS2_Driver) by extensions ['cmake', 'python']
[0.145s] Level 1:colcon.colcon_core.package_identification:_identify(arws-main (參考專案)/src/Universal_Robots_ROS2_Driver) by extension 'cmake'
[0.145s] Level 1:colcon.colcon_core.package_identification:_identify(arws-main (參考專案)/src/Universal_Robots_ROS2_Driver) by extension 'python'
[0.145s] Level 1:colcon.colcon_core.package_identification:_identify(arws-main (參考專案)/src/Universal_Robots_ROS2_Driver) by extensions ['python_setup_py']
[0.145s] Level 1:colcon.colcon_core.package_identification:_identify(arws-main (參考專案)/src/Universal_Robots_ROS2_Driver) by extension 'python_setup_py'
[0.145s] Level 1:colcon.colcon_core.package_identification:_identify(arws-main (參考專案)/src/Universal_Robots_ROS2_Driver/ur) by extensions ['ignore', 'ignore_ament_install']
[0.145s] Level 1:colcon.colcon_core.package_identification:_identify(arws-main (參考專案)/src/Universal_Robots_ROS2_Driver/ur) by extension 'ignore'
[0.145s] Level 1:colcon.colcon_core.package_identification:_identify(arws-main (參考專案)/src/Universal_Robots_ROS2_Driver/ur) by extension 'ignore_ament_install'
[0.145s] Level 1:colcon.colcon_core.package_identification:_identify(arws-main (參考專案)/src/Universal_Robots_ROS2_Driver/ur) by extensions ['colcon_pkg']
[0.145s] Level 1:colcon.colcon_core.package_identification:_identify(arws-main (參考專案)/src/Universal_Robots_ROS2_Driver/ur) by extension 'colcon_pkg'
[0.145s] Level 1:colcon.colcon_core.package_identification:_identify(arws-main (參考專案)/src/Universal_Robots_ROS2_Driver/ur) by extensions ['colcon_meta']
[0.145s] Level 1:colcon.colcon_core.package_identification:_identify(arws-main (參考專案)/src/Universal_Robots_ROS2_Driver/ur) by extension 'colcon_meta'
[0.145s] Level 1:colcon.colcon_core.package_identification:_identify(arws-main (參考專案)/src/Universal_Robots_ROS2_Driver/ur) by extensions ['ros']
[0.145s] Level 1:colcon.colcon_core.package_identification:_identify(arws-main (參考專案)/src/Universal_Robots_ROS2_Driver/ur) by extension 'ros'
[0.146s] DEBUG:colcon.colcon_core.package_identification:Package 'arws-main (參考專案)/src/Universal_Robots_ROS2_Driver/ur' with type 'ros.ament_cmake' and name 'ur'
[0.146s] Level 1:colcon.colcon_core.package_identification:_identify(arws-main (參考專案)/src/Universal_Robots_ROS2_Driver/ur_bringup) by extensions ['ignore', 'ignore_ament_install']
[0.146s] Level 1:colcon.colcon_core.package_identification:_identify(arws-main (參考專案)/src/Universal_Robots_ROS2_Driver/ur_bringup) by extension 'ignore'
[0.146s] Level 1:colcon.colcon_core.package_identification:_identify(arws-main (參考專案)/src/Universal_Robots_ROS2_Driver/ur_bringup) by extension 'ignore_ament_install'
[0.146s] Level 1:colcon.colcon_core.package_identification:_identify(arws-main (參考專案)/src/Universal_Robots_ROS2_Driver/ur_bringup) by extensions ['colcon_pkg']
[0.146s] Level 1:colcon.colcon_core.package_identification:_identify(arws-main (參考專案)/src/Universal_Robots_ROS2_Driver/ur_bringup) by extension 'colcon_pkg'
[0.146s] Level 1:colcon.colcon_core.package_identification:_identify(arws-main (參考專案)/src/Universal_Robots_ROS2_Driver/ur_bringup) by extensions ['colcon_meta']
[0.146s] Level 1:colcon.colcon_core.package_identification:_identify(arws-main (參考專案)/src/Universal_Robots_ROS2_Driver/ur_bringup) by extension 'colcon_meta'
[0.146s] Level 1:colcon.colcon_core.package_identification:_identify(arws-main (參考專案)/src/Universal_Robots_ROS2_Driver/ur_bringup) by extensions ['ros']
[0.146s] Level 1:colcon.colcon_core.package_identification:_identify(arws-main (參考專案)/src/Universal_Robots_ROS2_Driver/ur_bringup) by extension 'ros'
[0.146s] DEBUG:colcon.colcon_core.package_identification:Package 'arws-main (參考專案)/src/Universal_Robots_ROS2_Driver/ur_bringup' with type 'ros.ament_cmake' and name 'ur_bringup'
[0.146s] Level 1:colcon.colcon_core.package_identification:_identify(arws-main (參考專案)/src/Universal_Robots_ROS2_Driver/ur_calibration) by extensions ['ignore', 'ignore_ament_install']
[0.146s] Level 1:colcon.colcon_core.package_identification:_identify(arws-main (參考專案)/src/Universal_Robots_ROS2_Driver/ur_calibration) by extension 'ignore'
[0.146s] Level 1:colcon.colcon_core.package_identification:_identify(arws-main (參考專案)/src/Universal_Robots_ROS2_Driver/ur_calibration) by extension 'ignore_ament_install'
[0.146s] Level 1:colcon.colcon_core.package_identification:_identify(arws-main (參考專案)/src/Universal_Robots_ROS2_Driver/ur_calibration) by extensions ['colcon_pkg']
[0.146s] Level 1:colcon.colcon_core.package_identification:_identify(arws-main (參考專案)/src/Universal_Robots_ROS2_Driver/ur_calibration) by extension 'colcon_pkg'
[0.146s] Level 1:colcon.colcon_core.package_identification:_identify(arws-main (參考專案)/src/Universal_Robots_ROS2_Driver/ur_calibration) by extensions ['colcon_meta']
[0.146s] Level 1:colcon.colcon_core.package_identification:_identify(arws-main (參考專案)/src/Universal_Robots_ROS2_Driver/ur_calibration) by extension 'colcon_meta'
[0.146s] Level 1:colcon.colcon_core.package_identification:_identify(arws-main (參考專案)/src/Universal_Robots_ROS2_Driver/ur_calibration) by extensions ['ros']
[0.146s] Level 1:colcon.colcon_core.package_identification:_identify(arws-main (參考專案)/src/Universal_Robots_ROS2_Driver/ur_calibration) by extension 'ros'
[0.147s] DEBUG:colcon.colcon_core.package_identification:Package 'arws-main (參考專案)/src/Universal_Robots_ROS2_Driver/ur_calibration' with type 'ros.ament_cmake' and name 'ur_calibration'
[0.147s] Level 1:colcon.colcon_core.package_identification:_identify(arws-main (參考專案)/src/Universal_Robots_ROS2_Driver/ur_controllers) by extensions ['ignore', 'ignore_ament_install']
[0.147s] Level 1:colcon.colcon_core.package_identification:_identify(arws-main (參考專案)/src/Universal_Robots_ROS2_Driver/ur_controllers) by extension 'ignore'
[0.147s] Level 1:colcon.colcon_core.package_identification:_identify(arws-main (參考專案)/src/Universal_Robots_ROS2_Driver/ur_controllers) by extension 'ignore_ament_install'
[0.147s] Level 1:colcon.colcon_core.package_identification:_identify(arws-main (參考專案)/src/Universal_Robots_ROS2_Driver/ur_controllers) by extensions ['colcon_pkg']
[0.147s] Level 1:colcon.colcon_core.package_identification:_identify(arws-main (參考專案)/src/Universal_Robots_ROS2_Driver/ur_controllers) by extension 'colcon_pkg'
[0.147s] Level 1:colcon.colcon_core.package_identification:_identify(arws-main (參考專案)/src/Universal_Robots_ROS2_Driver/ur_controllers) by extensions ['colcon_meta']
[0.147s] Level 1:colcon.colcon_core.package_identification:_identify(arws-main (參考專案)/src/Universal_Robots_ROS2_Driver/ur_controllers) by extension 'colcon_meta'
[0.147s] Level 1:colcon.colcon_core.package_identification:_identify(arws-main (參考專案)/src/Universal_Robots_ROS2_Driver/ur_controllers) by extensions ['ros']
[0.147s] Level 1:colcon.colcon_core.package_identification:_identify(arws-main (參考專案)/src/Universal_Robots_ROS2_Driver/ur_controllers) by extension 'ros'
[0.147s] DEBUG:colcon.colcon_core.package_identification:Package 'arws-main (參考專案)/src/Universal_Robots_ROS2_Driver/ur_controllers' with type 'ros.ament_cmake' and name 'ur_controllers'
[0.148s] Level 1:colcon.colcon_core.package_identification:_identify(arws-main (參考專案)/src/Universal_Robots_ROS2_Driver/ur_dashboard_msgs) by extensions ['ignore', 'ignore_ament_install']
[0.148s] Level 1:colcon.colcon_core.package_identification:_identify(arws-main (參考專案)/src/Universal_Robots_ROS2_Driver/ur_dashboard_msgs) by extension 'ignore'
[0.148s] Level 1:colcon.colcon_core.package_identification:_identify(arws-main (參考專案)/src/Universal_Robots_ROS2_Driver/ur_dashboard_msgs) by extension 'ignore_ament_install'
[0.148s] Level 1:colcon.colcon_core.package_identification:_identify(arws-main (參考專案)/src/Universal_Robots_ROS2_Driver/ur_dashboard_msgs) by extensions ['colcon_pkg']
[0.148s] Level 1:colcon.colcon_core.package_identification:_identify(arws-main (參考專案)/src/Universal_Robots_ROS2_Driver/ur_dashboard_msgs) by extension 'colcon_pkg'
[0.148s] Level 1:colcon.colcon_core.package_identification:_identify(arws-main (參考專案)/src/Universal_Robots_ROS2_Driver/ur_dashboard_msgs) by extensions ['colcon_meta']
[0.148s] Level 1:colcon.colcon_core.package_identification:_identify(arws-main (參考專案)/src/Universal_Robots_ROS2_Driver/ur_dashboard_msgs) by extension 'colcon_meta'
[0.148s] Level 1:colcon.colcon_core.package_identification:_identify(arws-main (參考專案)/src/Universal_Robots_ROS2_Driver/ur_dashboard_msgs) by extensions ['ros']
[0.148s] Level 1:colcon.colcon_core.package_identification:_identify(arws-main (參考專案)/src/Universal_Robots_ROS2_Driver/ur_dashboard_msgs) by extension 'ros'
[0.148s] DEBUG:colcon.colcon_core.package_identification:Package 'arws-main (參考專案)/src/Universal_Robots_ROS2_Driver/ur_dashboard_msgs' with type 'ros.ament_cmake' and name 'ur_dashboard_msgs'
[0.148s] Level 1:colcon.colcon_core.package_identification:_identify(arws-main (參考專案)/src/Universal_Robots_ROS2_Driver/ur_moveit_config) by extensions ['ignore', 'ignore_ament_install']
[0.148s] Level 1:colcon.colcon_core.package_identification:_identify(arws-main (參考專案)/src/Universal_Robots_ROS2_Driver/ur_moveit_config) by extension 'ignore'
[0.148s] Level 1:colcon.colcon_core.package_identification:_identify(arws-main (參考專案)/src/Universal_Robots_ROS2_Driver/ur_moveit_config) by extension 'ignore_ament_install'
[0.148s] Level 1:colcon.colcon_core.package_identification:_identify(arws-main (參考專案)/src/Universal_Robots_ROS2_Driver/ur_moveit_config) by extensions ['colcon_pkg']
[0.148s] Level 1:colcon.colcon_core.package_identification:_identify(arws-main (參考專案)/src/Universal_Robots_ROS2_Driver/ur_moveit_config) by extension 'colcon_pkg'
[0.148s] Level 1:colcon.colcon_core.package_identification:_identify(arws-main (參考專案)/src/Universal_Robots_ROS2_Driver/ur_moveit_config) by extensions ['colcon_meta']
[0.148s] Level 1:colcon.colcon_core.package_identification:_identify(arws-main (參考專案)/src/Universal_Robots_ROS2_Driver/ur_moveit_config) by extension 'colcon_meta'
[0.148s] Level 1:colcon.colcon_core.package_identification:_identify(arws-main (參考專案)/src/Universal_Robots_ROS2_Driver/ur_moveit_config) by extensions ['ros']
[0.148s] Level 1:colcon.colcon_core.package_identification:_identify(arws-main (參考專案)/src/Universal_Robots_ROS2_Driver/ur_moveit_config) by extension 'ros'
[0.148s] DEBUG:colcon.colcon_core.package_identification:Package 'arws-main (參考專案)/src/Universal_Robots_ROS2_Driver/ur_moveit_config' with type 'ros.ament_cmake' and name 'ur_moveit_config'
[0.148s] Level 1:colcon.colcon_core.package_identification:_identify(arws-main (參考專案)/src/Universal_Robots_ROS2_Driver/ur_robot_driver) by extensions ['ignore', 'ignore_ament_install']
[0.149s] Level 1:colcon.colcon_core.package_identification:_identify(arws-main (參考專案)/src/Universal_Robots_ROS2_Driver/ur_robot_driver) by extension 'ignore'
[0.149s] Level 1:colcon.colcon_core.package_identification:_identify(arws-main (參考專案)/src/Universal_Robots_ROS2_Driver/ur_robot_driver) by extension 'ignore_ament_install'
[0.149s] Level 1:colcon.colcon_core.package_identification:_identify(arws-main (參考專案)/src/Universal_Robots_ROS2_Driver/ur_robot_driver) by extensions ['colcon_pkg']
[0.149s] Level 1:colcon.colcon_core.package_identification:_identify(arws-main (參考專案)/src/Universal_Robots_ROS2_Driver/ur_robot_driver) by extension 'colcon_pkg'
[0.149s] Level 1:colcon.colcon_core.package_identification:_identify(arws-main (參考專案)/src/Universal_Robots_ROS2_Driver/ur_robot_driver) by extensions ['colcon_meta']
[0.149s] Level 1:colcon.colcon_core.package_identification:_identify(arws-main (參考專案)/src/Universal_Robots_ROS2_Driver/ur_robot_driver) by extension 'colcon_meta'
[0.149s] Level 1:colcon.colcon_core.package_identification:_identify(arws-main (參考專案)/src/Universal_Robots_ROS2_Driver/ur_robot_driver) by extensions ['ros']
[0.149s] Level 1:colcon.colcon_core.package_identification:_identify(arws-main (參考專案)/src/Universal_Robots_ROS2_Driver/ur_robot_driver) by extension 'ros'
[0.149s] DEBUG:colcon.colcon_core.package_identification:Package 'arws-main (參考專案)/src/Universal_Robots_ROS2_Driver/ur_robot_driver' with type 'ros.ament_cmake' and name 'ur_robot_driver'
[0.149s] Level 1:colcon.colcon_core.package_identification:_identify(arws-main (參考專案)/src/build) by extensions ['ignore', 'ignore_ament_install']
[0.149s] Level 1:colcon.colcon_core.package_identification:_identify(arws-main (參考專案)/src/build) by extension 'ignore'
[0.149s] Level 1:colcon.colcon_core.package_identification:_identify(arws-main (參考專案)/src/build) ignored
[0.150s] Level 1:colcon.colcon_core.package_identification:_identify(arws-main (參考專案)/src/camera_control) by extensions ['ignore', 'ignore_ament_install']
[0.150s] Level 1:colcon.colcon_core.package_identification:_identify(arws-main (參考專案)/src/camera_control) by extension 'ignore'
[0.150s] Level 1:colcon.colcon_core.package_identification:_identify(arws-main (參考專案)/src/camera_control) by extension 'ignore_ament_install'
[0.150s] Level 1:colcon.colcon_core.package_identification:_identify(arws-main (參考專案)/src/camera_control) by extensions ['colcon_pkg']
[0.150s] Level 1:colcon.colcon_core.package_identification:_identify(arws-main (參考專案)/src/camera_control) by extension 'colcon_pkg'
[0.150s] Level 1:colcon.colcon_core.package_identification:_identify(arws-main (參考專案)/src/camera_control) by extensions ['colcon_meta']
[0.150s] Level 1:colcon.colcon_core.package_identification:_identify(arws-main (參考專案)/src/camera_control) by extension 'colcon_meta'
[0.150s] Level 1:colcon.colcon_core.package_identification:_identify(arws-main (參考專案)/src/camera_control) by extensions ['ros']
[0.150s] Level 1:colcon.colcon_core.package_identification:_identify(arws-main (參考專案)/src/camera_control) by extension 'ros'
[0.150s] DEBUG:colcon.colcon_core.package_identification:Package 'arws-main (參考專案)/src/camera_control' with type 'ros.ament_python' and name 'camera_control'
[0.150s] Level 1:colcon.colcon_core.package_identification:_identify(arws-main (參考專案)/src/gripper_control) by extensions ['ignore', 'ignore_ament_install']
[0.150s] Level 1:colcon.colcon_core.package_identification:_identify(arws-main (參考專案)/src/gripper_control) by extension 'ignore'
[0.150s] Level 1:colcon.colcon_core.package_identification:_identify(arws-main (參考專案)/src/gripper_control) by extension 'ignore_ament_install'
[0.150s] Level 1:colcon.colcon_core.package_identification:_identify(arws-main (參考專案)/src/gripper_control) by extensions ['colcon_pkg']
[0.150s] Level 1:colcon.colcon_core.package_identification:_identify(arws-main (參考專案)/src/gripper_control) by extension 'colcon_pkg'
[0.150s] Level 1:colcon.colcon_core.package_identification:_identify(arws-main (參考專案)/src/gripper_control) by extensions ['colcon_meta']
[0.150s] Level 1:colcon.colcon_core.package_identification:_identify(arws-main (參考專案)/src/gripper_control) by extension 'colcon_meta'
[0.150s] Level 1:colcon.colcon_core.package_identification:_identify(arws-main (參考專案)/src/gripper_control) by extensions ['ros']
[0.150s] Level 1:colcon.colcon_core.package_identification:_identify(arws-main (參考專案)/src/gripper_control) by extension 'ros'
[0.150s] DEBUG:colcon.colcon_core.package_identification:Package 'arws-main (參考專案)/src/gripper_control' with type 'ros.ament_python' and name 'gripper_control'
[0.150s] Level 1:colcon.colcon_core.package_identification:_identify(arws-main (參考專案)/src/install) by extensions ['ignore', 'ignore_ament_install']
[0.150s] Level 1:colcon.colcon_core.package_identification:_identify(arws-main (參考專案)/src/install) by extension 'ignore'
[0.150s] Level 1:colcon.colcon_core.package_identification:_identify(arws-main (參考專案)/src/install) ignored
[0.151s] Level 1:colcon.colcon_core.package_identification:_identify(arws-main (參考專案)/src/log) by extensions ['ignore', 'ignore_ament_install']
[0.151s] Level 1:colcon.colcon_core.package_identification:_identify(arws-main (參考專案)/src/log) by extension 'ignore'
[0.151s] Level 1:colcon.colcon_core.package_identification:_identify(arws-main (參考專案)/src/log) ignored
[0.151s] Level 1:colcon.colcon_core.package_identification:_identify(arws-main (參考專案)/src/ur_custom_interfaces) by extensions ['ignore', 'ignore_ament_install']
[0.151s] Level 1:colcon.colcon_core.package_identification:_identify(arws-main (參考專案)/src/ur_custom_interfaces) by extension 'ignore'
[0.151s] Level 1:colcon.colcon_core.package_identification:_identify(arws-main (參考專案)/src/ur_custom_interfaces) by extension 'ignore_ament_install'
[0.151s] Level 1:colcon.colcon_core.package_identification:_identify(arws-main (參考專案)/src/ur_custom_interfaces) by extensions ['colcon_pkg']
[0.151s] Level 1:colcon.colcon_core.package_identification:_identify(arws-main (參考專案)/src/ur_custom_interfaces) by extension 'colcon_pkg'
[0.151s] Level 1:colcon.colcon_core.package_identification:_identify(arws-main (參考專案)/src/ur_custom_interfaces) by extensions ['colcon_meta']
[0.151s] Level 1:colcon.colcon_core.package_identification:_identify(arws-main (參考專案)/src/ur_custom_interfaces) by extension 'colcon_meta'
[0.151s] Level 1:colcon.colcon_core.package_identification:_identify(arws-main (參考專案)/src/ur_custom_interfaces) by extensions ['ros']
[0.151s] Level 1:colcon.colcon_core.package_identification:_identify(arws-main (參考專案)/src/ur_custom_interfaces) by extension 'ros'
[0.151s] DEBUG:colcon.colcon_core.package_identification:Package 'arws-main (參考專案)/src/ur_custom_interfaces' with type 'ros.ament_cmake' and name 'ur_custom_interfaces'
[0.151s] Level 1:colcon.colcon_core.package_identification:_identify(arws-main (參考專案)/src/ur_mover) by extensions ['ignore', 'ignore_ament_install']
[0.151s] Level 1:colcon.colcon_core.package_identification:_identify(arws-main (參考專案)/src/ur_mover) by extension 'ignore'
[0.151s] Level 1:colcon.colcon_core.package_identification:_identify(arws-main (參考專案)/src/ur_mover) by extension 'ignore_ament_install'
[0.151s] Level 1:colcon.colcon_core.package_identification:_identify(arws-main (參考專案)/src/ur_mover) by extensions ['colcon_pkg']
[0.151s] Level 1:colcon.colcon_core.package_identification:_identify(arws-main (參考專案)/src/ur_mover) by extension 'colcon_pkg'
[0.151s] Level 1:colcon.colcon_core.package_identification:_identify(arws-main (參考專案)/src/ur_mover) by extensions ['colcon_meta']
[0.151s] Level 1:colcon.colcon_core.package_identification:_identify(arws-main (參考專案)/src/ur_mover) by extension 'colcon_meta'
[0.151s] Level 1:colcon.colcon_core.package_identification:_identify(arws-main (參考專案)/src/ur_mover) by extensions ['ros']
[0.151s] Level 1:colcon.colcon_core.package_identification:_identify(arws-main (參考專案)/src/ur_mover) by extension 'ros'
[0.151s] DEBUG:colcon.colcon_core.package_identification:Package 'arws-main (參考專案)/src/ur_mover' with type 'ros.ament_cmake' and name 'ur_mover'
[0.151s] Level 1:colcon.colcon_core.package_identification:_identify(build) by extensions ['ignore', 'ignore_ament_install']
[0.151s] Level 1:colcon.colcon_core.package_identification:_identify(build) by extension 'ignore'
[0.152s] Level 1:colcon.colcon_core.package_identification:_identify(build) ignored
[0.152s] Level 1:colcon.colcon_core.package_identification:_identify(install) by extensions ['ignore', 'ignore_ament_install']
[0.152s] Level 1:colcon.colcon_core.package_identification:_identify(install) by extension 'ignore'
[0.152s] Level 1:colcon.colcon_core.package_identification:_identify(install) ignored
[0.152s] Level 1:colcon.colcon_core.package_identification:_identify(log) by extensions ['ignore', 'ignore_ament_install']
[0.152s] Level 1:colcon.colcon_core.package_identification:_identify(log) by extension 'ignore'
[0.152s] Level 1:colcon.colcon_core.package_identification:_identify(log) ignored
[0.152s] Level 1:colcon.colcon_core.package_discovery:discover_packages(recursive) using defaults
[0.152s] Level 1:colcon.colcon_core.package_discovery:discover_packages(ignore) discover
[0.152s] Level 1:colcon.colcon_core.package_discovery:discover_packages(ignore) using defaults
[0.152s] Level 1:colcon.colcon_core.package_discovery:discover_packages(path) discover
[0.152s] Level 1:colcon.colcon_core.package_discovery:discover_packages(path) using defaults
[0.163s] Level 1:colcon.colcon_core.package_discovery:discover_packages(prefix_path) check parameters
[0.163s] Level 1:colcon.colcon_core.package_discovery:discover_packages(prefix_path) discover
[0.165s] DEBUG:colcon.colcon_installed_package_information.package_discovery:Found 1 installed packages in /home/steven/ros2_ws/src/ur5_controller/install
[0.166s] DEBUG:colcon.colcon_installed_package_information.package_discovery:Found 54 installed packages in /home/steven/ros2_ws/install
[0.166s] DEBUG:colcon.colcon_installed_package_information.package_discovery:Found 1 installed packages in /home/steven/Documents/資料備份區/arws-main (參考專案)/src/Universal_Robots_ROS2_Description/install
[0.166s] DEBUG:colcon.colcon_installed_package_information.package_discovery:Found 1 installed packages in /home/steven/ur5_controller/install
[0.167s] DEBUG:colcon.colcon_installed_package_information.package_discovery:Found 55 installed packages in /home/steven/ws_moveit2/install
[0.168s] DEBUG:colcon.colcon_installed_package_information.package_discovery:Found 373 installed packages in /opt/ros/humble
[0.169s] Level 1:colcon.colcon_core.package_discovery:discover_packages(prefix_path) using defaults
[0.191s] Level 5:colcon.colcon_core.verb:set package 'gripper_control' build argument 'cmake_args' from command line to 'None'
[0.191s] Level 5:colcon.colcon_core.verb:set package 'gripper_control' build argument 'cmake_target' from command line to 'None'
[0.191s] Level 5:colcon.colcon_core.verb:set package 'gripper_control' build argument 'cmake_target_skip_unavailable' from command line to 'False'
[0.191s] Level 5:colcon.colcon_core.verb:set package 'gripper_control' build argument 'cmake_clean_cache' from command line to 'False'
[0.191s] Level 5:colcon.colcon_core.verb:set package 'gripper_control' build argument 'cmake_clean_first' from command line to 'False'
[0.191s] Level 5:colcon.colcon_core.verb:set package 'gripper_control' build argument 'cmake_force_configure' from command line to 'False'
[0.191s] Level 5:colcon.colcon_core.verb:set package 'gripper_control' build argument 'ament_cmake_args' from command line to 'None'
[0.191s] Level 5:colcon.colcon_core.verb:set package 'gripper_control' build argument 'catkin_cmake_args' from command line to 'None'
[0.191s] Level 5:colcon.colcon_core.verb:set package 'gripper_control' build argument 'catkin_skip_building_tests' from command line to 'False'
[0.191s] DEBUG:colcon.colcon_core.verb:Building package 'gripper_control' with the following arguments: {'ament_cmake_args': None, 'build_base': '/home/steven/Documents/資料備份區/build/gripper_control', 'catkin_cmake_args': None, 'catkin_skip_building_tests': False, 'cmake_args': None, 'cmake_clean_cache': False, 'cmake_clean_first': False, 'cmake_force_configure': False, 'cmake_target': None, 'cmake_target_skip_unavailable': False, 'install_base': '/home/steven/Documents/資料備份區/install/gripper_control', 'merge_install': False, 'path': '/home/steven/Documents/資料備份區/arws-main (參考專案)/src/gripper_control', 'symlink_install': False, 'test_result_base': None}
[0.191s] Level 5:colcon.colcon_core.verb:set package 'ur_custom_interfaces' build argument 'cmake_args' from command line to 'None'
[0.191s] Level 5:colcon.colcon_core.verb:set package 'ur_custom_interfaces' build argument 'cmake_target' from command line to 'None'
[0.191s] Level 5:colcon.colcon_core.verb:set package 'ur_custom_interfaces' build argument 'cmake_target_skip_unavailable' from command line to 'False'
[0.191s] Level 5:colcon.colcon_core.verb:set package 'ur_custom_interfaces' build argument 'cmake_clean_cache' from command line to 'False'
[0.191s] Level 5:colcon.colcon_core.verb:set package 'ur_custom_interfaces' build argument 'cmake_clean_first' from command line to 'False'
[0.191s] Level 5:colcon.colcon_core.verb:set package 'ur_custom_interfaces' build argument 'cmake_force_configure' from command line to 'False'
[0.191s] Level 5:colcon.colcon_core.verb:set package 'ur_custom_interfaces' build argument 'ament_cmake_args' from command line to 'None'
[0.192s] Level 5:colcon.colcon_core.verb:set package 'ur_custom_interfaces' build argument 'catkin_cmake_args' from command line to 'None'
[0.192s] Level 5:colcon.colcon_core.verb:set package 'ur_custom_interfaces' build argument 'catkin_skip_building_tests' from command line to 'False'
[0.192s] DEBUG:colcon.colcon_core.verb:Building package 'ur_custom_interfaces' with the following arguments: {'ament_cmake_args': None, 'build_base': '/home/steven/Documents/資料備份區/build/ur_custom_interfaces', 'catkin_cmake_args': None, 'catkin_skip_building_tests': False, 'cmake_args': None, 'cmake_clean_cache': False, 'cmake_clean_first': False, 'cmake_force_configure': False, 'cmake_target': None, 'cmake_target_skip_unavailable': False, 'install_base': '/home/steven/Documents/資料備份區/install/ur_custom_interfaces', 'merge_install': False, 'path': '/home/steven/Documents/資料備份區/arws-main (參考專案)/src/ur_custom_interfaces', 'symlink_install': False, 'test_result_base': None}
[0.192s] Level 5:colcon.colcon_core.verb:set package 'ur_dashboard_msgs' build argument 'cmake_args' from command line to 'None'
[0.192s] Level 5:colcon.colcon_core.verb:set package 'ur_dashboard_msgs' build argument 'cmake_target' from command line to 'None'
[0.192s] Level 5:colcon.colcon_core.verb:set package 'ur_dashboard_msgs' build argument 'cmake_target_skip_unavailable' from command line to 'False'
[0.192s] Level 5:colcon.colcon_core.verb:set package 'ur_dashboard_msgs' build argument 'cmake_clean_cache' from command line to 'False'
[0.192s] Level 5:colcon.colcon_core.verb:set package 'ur_dashboard_msgs' build argument 'cmake_clean_first' from command line to 'False'
[0.192s] Level 5:colcon.colcon_core.verb:set package 'ur_dashboard_msgs' build argument 'cmake_force_configure' from command line to 'False'
[0.192s] Level 5:colcon.colcon_core.verb:set package 'ur_dashboard_msgs' build argument 'ament_cmake_args' from command line to 'None'
[0.192s] Level 5:colcon.colcon_core.verb:set package 'ur_dashboard_msgs' build argument 'catkin_cmake_args' from command line to 'None'
[0.192s] Level 5:colcon.colcon_core.verb:set package 'ur_dashboard_msgs' build argument 'catkin_skip_building_tests' from command line to 'False'
[0.192s] DEBUG:colcon.colcon_core.verb:Building package 'ur_dashboard_msgs' with the following arguments: {'ament_cmake_args': None, 'build_base': '/home/steven/Documents/資料備份區/build/ur_dashboard_msgs', 'catkin_cmake_args': None, 'catkin_skip_building_tests': False, 'cmake_args': None, 'cmake_clean_cache': False, 'cmake_clean_first': False, 'cmake_force_configure': False, 'cmake_target': None, 'cmake_target_skip_unavailable': False, 'install_base': '/home/steven/Documents/資料備份區/install/ur_dashboard_msgs', 'merge_install': False, 'path': '/home/steven/Documents/資料備份區/arws-main (參考專案)/src/Universal_Robots_ROS2_Driver/ur_dashboard_msgs', 'symlink_install': False, 'test_result_base': None}
[0.192s] Level 5:colcon.colcon_core.verb:set package 'ur_description' build argument 'cmake_args' from command line to 'None'
[0.192s] Level 5:colcon.colcon_core.verb:set package 'ur_description' build argument 'cmake_target' from command line to 'None'
[0.192s] Level 5:colcon.colcon_core.verb:set package 'ur_description' build argument 'cmake_target_skip_unavailable' from command line to 'False'
[0.192s] Level 5:colcon.colcon_core.verb:set package 'ur_description' build argument 'cmake_clean_cache' from command line to 'False'
[0.192s] Level 5:colcon.colcon_core.verb:set package 'ur_description' build argument 'cmake_clean_first' from command line to 'False'
[0.192s] Level 5:colcon.colcon_core.verb:set package 'ur_description' build argument 'cmake_force_configure' from command line to 'False'
[0.192s] Level 5:colcon.colcon_core.verb:set package 'ur_description' build argument 'ament_cmake_args' from command line to 'None'
[0.192s] Level 5:colcon.colcon_core.verb:set package 'ur_description' build argument 'catkin_cmake_args' from command line to 'None'
[0.192s] Level 5:colcon.colcon_core.verb:set package 'ur_description' build argument 'catkin_skip_building_tests' from command line to 'False'
[0.192s] DEBUG:colcon.colcon_core.verb:Building package 'ur_description' with the following arguments: {'ament_cmake_args': None, 'build_base': '/home/steven/Documents/資料備份區/build/ur_description', 'catkin_cmake_args': None, 'catkin_skip_building_tests': False, 'cmake_args': None, 'cmake_clean_cache': False, 'cmake_clean_first': False, 'cmake_force_configure': False, 'cmake_target': None, 'cmake_target_skip_unavailable': False, 'install_base': '/home/steven/Documents/資料備份區/install/ur_description', 'merge_install': False, 'path': '/home/steven/Documents/資料備份區/arws-main (參考專案)/src/Universal_Robots_ROS2_Description', 'symlink_install': False, 'test_result_base': None}
[0.192s] Level 5:colcon.colcon_core.verb:set package 'camera_control' build argument 'cmake_args' from command line to 'None'
[0.192s] Level 5:colcon.colcon_core.verb:set package 'camera_control' build argument 'cmake_target' from command line to 'None'
[0.192s] Level 5:colcon.colcon_core.verb:set package 'camera_control' build argument 'cmake_target_skip_unavailable' from command line to 'False'
[0.192s] Level 5:colcon.colcon_core.verb:set package 'camera_control' build argument 'cmake_clean_cache' from command line to 'False'
[0.192s] Level 5:colcon.colcon_core.verb:set package 'camera_control' build argument 'cmake_clean_first' from command line to 'False'
[0.192s] Level 5:colcon.colcon_core.verb:set package 'camera_control' build argument 'cmake_force_configure' from command line to 'False'
[0.192s] Level 5:colcon.colcon_core.verb:set package 'camera_control' build argument 'ament_cmake_args' from command line to 'None'
[0.192s] Level 5:colcon.colcon_core.verb:set package 'camera_control' build argument 'catkin_cmake_args' from command line to 'None'
[0.192s] Level 5:colcon.colcon_core.verb:set package 'camera_control' build argument 'catkin_skip_building_tests' from command line to 'False'
[0.192s] DEBUG:colcon.colcon_core.verb:Building package 'camera_control' with the following arguments: {'ament_cmake_args': None, 'build_base': '/home/steven/Documents/資料備份區/build/camera_control', 'catkin_cmake_args': None, 'catkin_skip_building_tests': False, 'cmake_args': None, 'cmake_clean_cache': False, 'cmake_clean_first': False, 'cmake_force_configure': False, 'cmake_target': None, 'cmake_target_skip_unavailable': False, 'install_base': '/home/steven/Documents/資料備份區/install/camera_control', 'merge_install': False, 'path': '/home/steven/Documents/資料備份區/arws-main (參考專案)/src/camera_control', 'symlink_install': False, 'test_result_base': None}
[0.192s] Level 5:colcon.colcon_core.verb:set package 'ur_controllers' build argument 'cmake_args' from command line to 'None'
[0.192s] Level 5:colcon.colcon_core.verb:set package 'ur_controllers' build argument 'cmake_target' from command line to 'None'
[0.192s] Level 5:colcon.colcon_core.verb:set package 'ur_controllers' build argument 'cmake_target_skip_unavailable' from command line to 'False'
[0.192s] Level 5:colcon.colcon_core.verb:set package 'ur_controllers' build argument 'cmake_clean_cache' from command line to 'False'
[0.192s] Level 5:colcon.colcon_core.verb:set package 'ur_controllers' build argument 'cmake_clean_first' from command line to 'False'
[0.192s] Level 5:colcon.colcon_core.verb:set package 'ur_controllers' build argument 'cmake_force_configure' from command line to 'False'
[0.192s] Level 5:colcon.colcon_core.verb:set package 'ur_controllers' build argument 'ament_cmake_args' from command line to 'None'
[0.192s] Level 5:colcon.colcon_core.verb:set package 'ur_controllers' build argument 'catkin_cmake_args' from command line to 'None'
[0.192s] Level 5:colcon.colcon_core.verb:set package 'ur_controllers' build argument 'catkin_skip_building_tests' from command line to 'False'
[0.192s] DEBUG:colcon.colcon_core.verb:Building package 'ur_controllers' with the following arguments: {'ament_cmake_args': None, 'build_base': '/home/steven/Documents/資料備份區/build/ur_controllers', 'catkin_cmake_args': None, 'catkin_skip_building_tests': False, 'cmake_args': None, 'cmake_clean_cache': False, 'cmake_clean_first': False, 'cmake_force_configure': False, 'cmake_target': None, 'cmake_target_skip_unavailable': False, 'install_base': '/home/steven/Documents/資料備份區/install/ur_controllers', 'merge_install': False, 'path': '/home/steven/Documents/資料備份區/arws-main (參考專案)/src/Universal_Robots_ROS2_Driver/ur_controllers', 'symlink_install': False, 'test_result_base': None}
[0.193s] Level 5:colcon.colcon_core.verb:set package 'ur_moveit_config' build argument 'cmake_args' from command line to 'None'
[0.193s] Level 5:colcon.colcon_core.verb:set package 'ur_moveit_config' build argument 'cmake_target' from command line to 'None'
[0.193s] Level 5:colcon.colcon_core.verb:set package 'ur_moveit_config' build argument 'cmake_target_skip_unavailable' from command line to 'False'
[0.193s] Level 5:colcon.colcon_core.verb:set package 'ur_moveit_config' build argument 'cmake_clean_cache' from command line to 'False'
[0.193s] Level 5:colcon.colcon_core.verb:set package 'ur_moveit_config' build argument 'cmake_clean_first' from command line to 'False'
[0.193s] Level 5:colcon.colcon_core.verb:set package 'ur_moveit_config' build argument 'cmake_force_configure' from command line to 'False'
[0.193s] Level 5:colcon.colcon_core.verb:set package 'ur_moveit_config' build argument 'ament_cmake_args' from command line to 'None'
[0.193s] Level 5:colcon.colcon_core.verb:set package 'ur_moveit_config' build argument 'catkin_cmake_args' from command line to 'None'
[0.193s] Level 5:colcon.colcon_core.verb:set package 'ur_moveit_config' build argument 'catkin_skip_building_tests' from command line to 'False'
[0.193s] DEBUG:colcon.colcon_core.verb:Building package 'ur_moveit_config' with the following arguments: {'ament_cmake_args': None, 'build_base': '/home/steven/Documents/資料備份區/build/ur_moveit_config', 'catkin_cmake_args': None, 'catkin_skip_building_tests': False, 'cmake_args': None, 'cmake_clean_cache': False, 'cmake_clean_first': False, 'cmake_force_configure': False, 'cmake_target': None, 'cmake_target_skip_unavailable': False, 'install_base': '/home/steven/Documents/資料備份區/install/ur_moveit_config', 'merge_install': False, 'path': '/home/steven/Documents/資料備份區/arws-main (參考專案)/src/Universal_Robots_ROS2_Driver/ur_moveit_config', 'symlink_install': False, 'test_result_base': None}
[0.193s] Level 5:colcon.colcon_core.verb:set package 'ur_mover' build argument 'cmake_args' from command line to 'None'
[0.193s] Level 5:colcon.colcon_core.verb:set package 'ur_mover' build argument 'cmake_target' from command line to 'None'
[0.193s] Level 5:colcon.colcon_core.verb:set package 'ur_mover' build argument 'cmake_target_skip_unavailable' from command line to 'False'
[0.193s] Level 5:colcon.colcon_core.verb:set package 'ur_mover' build argument 'cmake_clean_cache' from command line to 'False'
[0.193s] Level 5:colcon.colcon_core.verb:set package 'ur_mover' build argument 'cmake_clean_first' from command line to 'False'
[0.193s] Level 5:colcon.colcon_core.verb:set package 'ur_mover' build argument 'cmake_force_configure' from command line to 'False'
[0.193s] Level 5:colcon.colcon_core.verb:set package 'ur_mover' build argument 'ament_cmake_args' from command line to 'None'
[0.193s] Level 5:colcon.colcon_core.verb:set package 'ur_mover' build argument 'catkin_cmake_args' from command line to 'None'
[0.193s] Level 5:colcon.colcon_core.verb:set package 'ur_mover' build argument 'catkin_skip_building_tests' from command line to 'False'
[0.193s] DEBUG:colcon.colcon_core.verb:Building package 'ur_mover' with the following arguments: {'ament_cmake_args': None, 'build_base': '/home/steven/Documents/資料備份區/build/ur_mover', 'catkin_cmake_args': None, 'catkin_skip_building_tests': False, 'cmake_args': None, 'cmake_clean_cache': False, 'cmake_clean_first': False, 'cmake_force_configure': False, 'cmake_target': None, 'cmake_target_skip_unavailable': False, 'install_base': '/home/steven/Documents/資料備份區/install/ur_mover', 'merge_install': False, 'path': '/home/steven/Documents/資料備份區/arws-main (參考專案)/src/ur_mover', 'symlink_install': False, 'test_result_base': None}
[0.193s] Level 5:colcon.colcon_core.verb:set package 'ur_bringup' build argument 'cmake_args' from command line to 'None'
[0.193s] Level 5:colcon.colcon_core.verb:set package 'ur_bringup' build argument 'cmake_target' from command line to 'None'
[0.193s] Level 5:colcon.colcon_core.verb:set package 'ur_bringup' build argument 'cmake_target_skip_unavailable' from command line to 'False'
[0.193s] Level 5:colcon.colcon_core.verb:set package 'ur_bringup' build argument 'cmake_clean_cache' from command line to 'False'
[0.193s] Level 5:colcon.colcon_core.verb:set package 'ur_bringup' build argument 'cmake_clean_first' from command line to 'False'
[0.193s] Level 5:colcon.colcon_core.verb:set package 'ur_bringup' build argument 'cmake_force_configure' from command line to 'False'
[0.193s] Level 5:colcon.colcon_core.verb:set package 'ur_bringup' build argument 'ament_cmake_args' from command line to 'None'
[0.193s] Level 5:colcon.colcon_core.verb:set package 'ur_bringup' build argument 'catkin_cmake_args' from command line to 'None'
[0.193s] Level 5:colcon.colcon_core.verb:set package 'ur_bringup' build argument 'catkin_skip_building_tests' from command line to 'False'
[0.193s] DEBUG:colcon.colcon_core.verb:Building package 'ur_bringup' with the following arguments: {'ament_cmake_args': None, 'build_base': '/home/steven/Documents/資料備份區/build/ur_bringup', 'catkin_cmake_args': None, 'catkin_skip_building_tests': False, 'cmake_args': None, 'cmake_clean_cache': False, 'cmake_clean_first': False, 'cmake_force_configure': False, 'cmake_target': None, 'cmake_target_skip_unavailable': False, 'install_base': '/home/steven/Documents/資料備份區/install/ur_bringup', 'merge_install': False, 'path': '/home/steven/Documents/資料備份區/arws-main (參考專案)/src/Universal_Robots_ROS2_Driver/ur_bringup', 'symlink_install': False, 'test_result_base': None}
[0.193s] Level 5:colcon.colcon_core.verb:set package 'ur_robot_driver' build argument 'cmake_args' from command line to 'None'
[0.193s] Level 5:colcon.colcon_core.verb:set package 'ur_robot_driver' build argument 'cmake_target' from command line to 'None'
[0.193s] Level 5:colcon.colcon_core.verb:set package 'ur_robot_driver' build argument 'cmake_target_skip_unavailable' from command line to 'False'
[0.193s] Level 5:colcon.colcon_core.verb:set package 'ur_robot_driver' build argument 'cmake_clean_cache' from command line to 'False'
[0.193s] Level 5:colcon.colcon_core.verb:set package 'ur_robot_driver' build argument 'cmake_clean_first' from command line to 'False'
[0.193s] Level 5:colcon.colcon_core.verb:set package 'ur_robot_driver' build argument 'cmake_force_configure' from command line to 'False'
[0.193s] Level 5:colcon.colcon_core.verb:set package 'ur_robot_driver' build argument 'ament_cmake_args' from command line to 'None'
[0.193s] Level 5:colcon.colcon_core.verb:set package 'ur_robot_driver' build argument 'catkin_cmake_args' from command line to 'None'
[0.193s] Level 5:colcon.colcon_core.verb:set package 'ur_robot_driver' build argument 'catkin_skip_building_tests' from command line to 'False'
[0.193s] DEBUG:colcon.colcon_core.verb:Building package 'ur_robot_driver' with the following arguments: {'ament_cmake_args': None, 'build_base': '/home/steven/Documents/資料備份區/build/ur_robot_driver', 'catkin_cmake_args': None, 'catkin_skip_building_tests': False, 'cmake_args': None, 'cmake_clean_cache': False, 'cmake_clean_first': False, 'cmake_force_configure': False, 'cmake_target': None, 'cmake_target_skip_unavailable': False, 'install_base': '/home/steven/Documents/資料備份區/install/ur_robot_driver', 'merge_install': False, 'path': '/home/steven/Documents/資料備份區/arws-main (參考專案)/src/Universal_Robots_ROS2_Driver/ur_robot_driver', 'symlink_install': False, 'test_result_base': None}
[0.193s] Level 5:colcon.colcon_core.verb:set package 'ur_calibration' build argument 'cmake_args' from command line to 'None'
[0.193s] Level 5:colcon.colcon_core.verb:set package 'ur_calibration' build argument 'cmake_target' from command line to 'None'
[0.193s] Level 5:colcon.colcon_core.verb:set package 'ur_calibration' build argument 'cmake_target_skip_unavailable' from command line to 'False'
[0.193s] Level 5:colcon.colcon_core.verb:set package 'ur_calibration' build argument 'cmake_clean_cache' from command line to 'False'
[0.193s] Level 5:colcon.colcon_core.verb:set package 'ur_calibration' build argument 'cmake_clean_first' from command line to 'False'
[0.193s] Level 5:colcon.colcon_core.verb:set package 'ur_calibration' build argument 'cmake_force_configure' from command line to 'False'
[0.193s] Level 5:colcon.colcon_core.verb:set package 'ur_calibration' build argument 'ament_cmake_args' from command line to 'None'
[0.193s] Level 5:colcon.colcon_core.verb:set package 'ur_calibration' build argument 'catkin_cmake_args' from command line to 'None'
[0.193s] Level 5:colcon.colcon_core.verb:set package 'ur_calibration' build argument 'catkin_skip_building_tests' from command line to 'False'
[0.193s] DEBUG:colcon.colcon_core.verb:Building package 'ur_calibration' with the following arguments: {'ament_cmake_args': None, 'build_base': '/home/steven/Documents/資料備份區/build/ur_calibration', 'catkin_cmake_args': None, 'catkin_skip_building_tests': False, 'cmake_args': None, 'cmake_clean_cache': False, 'cmake_clean_first': False, 'cmake_force_configure': False, 'cmake_target': None, 'cmake_target_skip_unavailable': False, 'install_base': '/home/steven/Documents/資料備份區/install/ur_calibration', 'merge_install': False, 'path': '/home/steven/Documents/資料備份區/arws-main (參考專案)/src/Universal_Robots_ROS2_Driver/ur_calibration', 'symlink_install': False, 'test_result_base': None}
[0.194s] Level 5:colcon.colcon_core.verb:set package 'ur' build argument 'cmake_args' from command line to 'None'
[0.194s] Level 5:colcon.colcon_core.verb:set package 'ur' build argument 'cmake_target' from command line to 'None'
[0.194s] Level 5:colcon.colcon_core.verb:set package 'ur' build argument 'cmake_target_skip_unavailable' from command line to 'False'
[0.194s] Level 5:colcon.colcon_core.verb:set package 'ur' build argument 'cmake_clean_cache' from command line to 'False'
[0.194s] Level 5:colcon.colcon_core.verb:set package 'ur' build argument 'cmake_clean_first' from command line to 'False'
[0.194s] Level 5:colcon.colcon_core.verb:set package 'ur' build argument 'cmake_force_configure' from command line to 'False'
[0.194s] Level 5:colcon.colcon_core.verb:set package 'ur' build argument 'ament_cmake_args' from command line to 'None'
[0.194s] Level 5:colcon.colcon_core.verb:set package 'ur' build argument 'catkin_cmake_args' from command line to 'None'
[0.194s] Level 5:colcon.colcon_core.verb:set package 'ur' build argument 'catkin_skip_building_tests' from command line to 'False'
[0.194s] DEBUG:colcon.colcon_core.verb:Building package 'ur' with the following arguments: {'ament_cmake_args': None, 'build_base': '/home/steven/Documents/資料備份區/build/ur', 'catkin_cmake_args': None, 'catkin_skip_building_tests': False, 'cmake_args': None, 'cmake_clean_cache': False, 'cmake_clean_first': False, 'cmake_force_configure': False, 'cmake_target': None, 'cmake_target_skip_unavailable': False, 'install_base': '/home/steven/Documents/資料備份區/install/ur', 'merge_install': False, 'path': '/home/steven/Documents/資料備份區/arws-main (參考專案)/src/Universal_Robots_ROS2_Driver/ur', 'symlink_install': False, 'test_result_base': None}
[0.194s] INFO:colcon.colcon_core.executor:Executing jobs using 'parallel' executor
[0.194s] DEBUG:colcon.colcon_parallel_executor.executor.parallel:run_until_complete
[0.194s] INFO:colcon.colcon_ros.task.ament_cmake.build:Building ROS package in '/home/steven/Documents/資料備份區/arws-main (參考專案)/src/Universal_Robots_ROS2_Driver/ur_dashboard_msgs' with build type 'ament_cmake'
[0.194s] INFO:colcon.colcon_cmake.task.cmake.build:Building CMake package in '/home/steven/Documents/資料備份區/arws-main (參考專案)/src/Universal_Robots_ROS2_Driver/ur_dashboard_msgs'
[0.196s] INFO:colcon.colcon_core.plugin_system:Skipping extension 'colcon_core.shell.bat': Not used on non-Windows systems
[0.196s] INFO:colcon.colcon_core.shell:Skip shell extension 'powershell' for command environment: Not usable outside of PowerShell
[0.196s] DEBUG:colcon.colcon_core.shell:Skip shell extension 'dsv' for command environment
[0.200s] INFO:colcon.colcon_ros.task.ament_cmake.build:Building ROS package in '/home/steven/Documents/資料備份區/arws-main (參考專案)/src/Universal_Robots_ROS2_Description' with build type 'ament_cmake'
[0.200s] INFO:colcon.colcon_cmake.task.cmake.build:Building CMake package in '/home/steven/Documents/資料備份區/arws-main (參考專案)/src/Universal_Robots_ROS2_Description'
[0.200s] INFO:colcon.colcon_core.shell:Skip shell extension 'powershell' for command environment: Not usable outside of PowerShell
[0.200s] DEBUG:colcon.colcon_core.shell:Skip shell extension 'dsv' for command environment
[0.204s] INFO:colcon.colcon_ros.task.ament_cmake.build:Building ROS package in '/home/steven/Documents/資料備份區/arws-main (參考專案)/src/ur_custom_interfaces' with build type 'ament_cmake'
[0.204s] INFO:colcon.colcon_cmake.task.cmake.build:Building CMake package in '/home/steven/Documents/資料備份區/arws-main (參考專案)/src/ur_custom_interfaces'
[0.204s] INFO:colcon.colcon_core.shell:Skip shell extension 'powershell' for command environment: Not usable outside of PowerShell
[0.204s] DEBUG:colcon.colcon_core.shell:Skip shell extension 'dsv' for command environment
[0.207s] INFO:colcon.colcon_ros.task.ament_python.build:Building ROS package in '/home/steven/Documents/資料備份區/arws-main (參考專案)/src/gripper_control' with build type 'ament_python'
[0.208s] Level 1:colcon.colcon_core.shell:create_environment_hook('gripper_control', 'ament_prefix_path')
[0.208s] INFO:colcon.colcon_core.shell:Creating environment hook '/home/steven/Documents/資料備份區/install/gripper_control/share/gripper_control/hook/ament_prefix_path.ps1'
[0.208s] INFO:colcon.colcon_core.shell:Creating environment descriptor '/home/steven/Documents/資料備份區/install/gripper_control/share/gripper_control/hook/ament_prefix_path.dsv'
[0.208s] INFO:colcon.colcon_core.shell:Creating environment hook '/home/steven/Documents/資料備份區/install/gripper_control/share/gripper_control/hook/ament_prefix_path.sh'
[0.208s] INFO:colcon.colcon_core.shell:Skip shell extension 'powershell' for command environment: Not usable outside of PowerShell
[0.208s] DEBUG:colcon.colcon_core.shell:Skip shell extension 'dsv' for command environment
[0.213s] DEBUG:colcon.colcon_core.event_handler.log_command:Invoking command in '/home/steven/Documents/資料備份區/build/ur_dashboard_msgs': CMAKE_PREFIX_PATH=${CMAKE_PREFIX_PATH}:/home/steven/ros2_ws/src/ur5_controller/install/ur5_controller:/home/steven/ros2_ws/install/zed_receiver:/home/steven/ros2_ws/install/zed_camera_publisher:/home/steven/ros2_ws/install/yolov8_realsense:/home/steven/ros2_ws/install/ur5_controller:/home/steven/ros2_ws/install/ur5_control:/home/steven/ros2_ws/install/ur5:/home/steven/ros2_ws/install/udp_publisher:/home/steven/ros2_ws/install/rg2:/home/steven/ros2_ws/install/moveit_configs_utils:/home/steven/ros2_ws/install/lego_grasping:/home/steven/ros2_ws/install/first_stage_rg2:/home/steven/ur5_controller/install/ur5_controller:/home/steven/ws_moveit2/install/moveit_configs_utils:/home/steven/ws_moveit2/install/launch_param_builder:/opt/ros/humble /usr/bin/cmake /home/steven/Documents/資料備份區/arws-main (參考專案)/src/Universal_Robots_ROS2_Driver/ur_dashboard_msgs -DCMAKE_INSTALL_PREFIX=/home/steven/Documents/資料備份區/install/ur_dashboard_msgs
[0.215s] DEBUG:colcon.colcon_core.event_handler.log_command:Invoking command in '/home/steven/Documents/資料備份區/build/ur_description': CMAKE_PREFIX_PATH=${CMAKE_PREFIX_PATH}:/home/steven/ros2_ws/src/ur5_controller/install/ur5_controller:/home/steven/ros2_ws/install/zed_receiver:/home/steven/ros2_ws/install/zed_camera_publisher:/home/steven/ros2_ws/install/yolov8_realsense:/home/steven/ros2_ws/install/ur5_controller:/home/steven/ros2_ws/install/ur5_control:/home/steven/ros2_ws/install/ur5:/home/steven/ros2_ws/install/udp_publisher:/home/steven/ros2_ws/install/rg2:/home/steven/ros2_ws/install/moveit_configs_utils:/home/steven/ros2_ws/install/lego_grasping:/home/steven/ros2_ws/install/first_stage_rg2:/home/steven/ur5_controller/install/ur5_controller:/home/steven/ws_moveit2/install/moveit_configs_utils:/home/steven/ws_moveit2/install/launch_param_builder:/opt/ros/humble /usr/bin/cmake /home/steven/Documents/資料備份區/arws-main (參考專案)/src/Universal_Robots_ROS2_Description -DCMAKE_INSTALL_PREFIX=/home/steven/Documents/資料備份區/install/ur_description
[0.216s] DEBUG:colcon.colcon_core.event_handler.log_command:Invoking command in '/home/steven/Documents/資料備份區/build/ur_custom_interfaces': CMAKE_PREFIX_PATH=${CMAKE_PREFIX_PATH}:/home/steven/ros2_ws/src/ur5_controller/install/ur5_controller:/home/steven/ros2_ws/install/zed_receiver:/home/steven/ros2_ws/install/zed_camera_publisher:/home/steven/ros2_ws/install/yolov8_realsense:/home/steven/ros2_ws/install/ur5_controller:/home/steven/ros2_ws/install/ur5_control:/home/steven/ros2_ws/install/ur5:/home/steven/ros2_ws/install/udp_publisher:/home/steven/ros2_ws/install/rg2:/home/steven/ros2_ws/install/moveit_configs_utils:/home/steven/ros2_ws/install/lego_grasping:/home/steven/ros2_ws/install/first_stage_rg2:/home/steven/ur5_controller/install/ur5_controller:/home/steven/ws_moveit2/install/moveit_configs_utils:/home/steven/ws_moveit2/install/launch_param_builder:/opt/ros/humble /usr/bin/cmake /home/steven/Documents/資料備份區/arws-main (參考專案)/src/ur_custom_interfaces -DCMAKE_INSTALL_PREFIX=/home/steven/Documents/資料備份區/install/ur_custom_interfaces
[0.346s] WARNING:colcon.colcon_ros.task.ament_python.build:Package 'gripper_control' doesn't explicitly install a marker in the package index (colcon-ros currently does it implicitly but that fallback will be removed in the future)
[0.346s] INFO:colcon.colcon_core.task.python.build:Building Python package in '/home/steven/Documents/資料備份區/arws-main (參考專案)/src/gripper_control'
[0.347s] INFO:colcon.colcon_core.shell:Skip shell extension 'powershell' for command environment: Not usable outside of PowerShell
[0.347s] DEBUG:colcon.colcon_core.shell:Skip shell extension 'dsv' for command environment
[0.548s] DEBUG:colcon.colcon_core.event_handler.log_command:Invoking command in '/home/steven/Documents/資料備份區/arws-main (參考專案)/src/gripper_control': PYTHONPATH=/home/steven/Documents/資料備份區/build/gripper_control/prefix_override:/usr/lib/python3/dist-packages/colcon_core/task/python/colcon_distutils_commands:/home/steven/Documents/資料備份區/install/gripper_control/lib/python3.10/site-packages:${PYTHONPATH} /usr/bin/python3 -W ignore:setup.py install is deprecated setup.py egg_info --egg-base ../../../build/gripper_control build --build-base /home/steven/Documents/資料備份區/build/gripper_control/build install --record /home/steven/Documents/資料備份區/build/gripper_control/install.log --single-version-externally-managed install_data
[0.686s] DEBUG:colcon.colcon_core.event_handler.log_command:Invoked command in '/home/steven/Documents/資料備份區/arws-main (參考專案)/src/gripper_control' returned '0': PYTHONPATH=/home/steven/Documents/資料備份區/build/gripper_control/prefix_override:/usr/lib/python3/dist-packages/colcon_core/task/python/colcon_distutils_commands:/home/steven/Documents/資料備份區/install/gripper_control/lib/python3.10/site-packages:${PYTHONPATH} /usr/bin/python3 -W ignore:setup.py install is deprecated setup.py egg_info --egg-base ../../../build/gripper_control build --build-base /home/steven/Documents/資料備份區/build/gripper_control/build install --record /home/steven/Documents/資料備份區/build/gripper_control/install.log --single-version-externally-managed install_data
[0.687s] Level 1:colcon.colcon_core.environment:checking '/home/steven/Documents/資料備份區/install/gripper_control' for CMake module files
[0.687s] Level 1:colcon.colcon_core.environment:checking '/home/steven/Documents/資料備份區/install/gripper_control' for CMake config files
[0.687s] Level 1:colcon.colcon_core.environment:checking '/home/steven/Documents/資料備份區/install/gripper_control/lib'
[0.687s] Level 1:colcon.colcon_core.environment:checking '/home/steven/Documents/資料備份區/install/gripper_control/bin'
[0.687s] Level 1:colcon.colcon_core.environment:checking '/home/steven/Documents/資料備份區/install/gripper_control/lib/pkgconfig/gripper_control.pc'
[0.688s] Level 1:colcon.colcon_core.environment:checking '/home/steven/Documents/資料備份區/install/gripper_control/lib/python3.10/site-packages'
[0.688s] Level 1:colcon.colcon_core.shell:create_environment_hook('gripper_control', 'pythonpath')
[0.688s] INFO:colcon.colcon_core.shell:Creating environment hook '/home/steven/Documents/資料備份區/install/gripper_control/share/gripper_control/hook/pythonpath.ps1'
[0.688s] INFO:colcon.colcon_core.shell:Creating environment descriptor '/home/steven/Documents/資料備份區/install/gripper_control/share/gripper_control/hook/pythonpath.dsv'
[0.688s] INFO:colcon.colcon_core.shell:Creating environment hook '/home/steven/Documents/資料備份區/install/gripper_control/share/gripper_control/hook/pythonpath.sh'
[0.688s] Level 1:colcon.colcon_core.environment:checking '/home/steven/Documents/資料備份區/install/gripper_control/bin'
[0.688s] Level 1:colcon.colcon_core.environment:create_environment_scripts_only(gripper_control)
[0.688s] INFO:colcon.colcon_core.shell:Creating package script '/home/steven/Documents/資料備份區/install/gripper_control/share/gripper_control/package.ps1'
[0.689s] INFO:colcon.colcon_core.shell:Creating package descriptor '/home/steven/Documents/資料備份區/install/gripper_control/share/gripper_control/package.dsv'
[0.689s] INFO:colcon.colcon_core.shell:Creating package script '/home/steven/Documents/資料備份區/install/gripper_control/share/gripper_control/package.sh'
[0.689s] INFO:colcon.colcon_core.shell:Creating package script '/home/steven/Documents/資料備份區/install/gripper_control/share/gripper_control/package.bash'
[0.689s] INFO:colcon.colcon_core.shell:Creating package script '/home/steven/Documents/資料備份區/install/gripper_control/share/gripper_control/package.zsh'
[0.689s] Level 1:colcon.colcon_core.environment:create_file_with_runtime_dependencies(/home/steven/Documents/資料備份區/install/gripper_control/share/colcon-core/packages/gripper_control)
[0.797s] DEBUG:colcon.colcon_core.event_handler.log_command:Invoked command in '/home/steven/Documents/資料備份區/build/ur_custom_interfaces' returned '1': CMAKE_PREFIX_PATH=${CMAKE_PREFIX_PATH}:/home/steven/ros2_ws/src/ur5_controller/install/ur5_controller:/home/steven/ros2_ws/install/zed_receiver:/home/steven/ros2_ws/install/zed_camera_publisher:/home/steven/ros2_ws/install/yolov8_realsense:/home/steven/ros2_ws/install/ur5_controller:/home/steven/ros2_ws/install/ur5_control:/home/steven/ros2_ws/install/ur5:/home/steven/ros2_ws/install/udp_publisher:/home/steven/ros2_ws/install/rg2:/home/steven/ros2_ws/install/moveit_configs_utils:/home/steven/ros2_ws/install/lego_grasping:/home/steven/ros2_ws/install/first_stage_rg2:/home/steven/ur5_controller/install/ur5_controller:/home/steven/ws_moveit2/install/moveit_configs_utils:/home/steven/ws_moveit2/install/launch_param_builder:/opt/ros/humble /usr/bin/cmake /home/steven/Documents/資料備份區/arws-main (參考專案)/src/ur_custom_interfaces -DCMAKE_INSTALL_PREFIX=/home/steven/Documents/資料備份區/install/ur_custom_interfaces
[0.807s] Level 1:colcon.colcon_core.environment:create_environment_scripts_only(ur_custom_interfaces)
[0.807s] Level 1:colcon.colcon_core.environment:checking '/home/steven/Documents/資料備份區/install/ur_custom_interfaces' for CMake module files
[0.808s] Level 1:colcon.colcon_core.environment:checking '/home/steven/Documents/資料備份區/install/ur_custom_interfaces' for CMake config files
[0.808s] Level 1:colcon.colcon_core.environment:checking '/home/steven/Documents/資料備份區/install/ur_custom_interfaces/bin'
[0.808s] Level 1:colcon.colcon_core.environment:checking '/home/steven/Documents/資料備份區/install/ur_custom_interfaces/lib/pkgconfig/ur_custom_interfaces.pc'
[0.808s] Level 1:colcon.colcon_core.environment:checking '/home/steven/Documents/資料備份區/install/ur_custom_interfaces/lib/python3.10/site-packages'
[0.808s] Level 1:colcon.colcon_core.environment:checking '/home/steven/Documents/資料備份區/install/ur_custom_interfaces/bin'
[0.808s] INFO:colcon.colcon_core.shell:Creating package script '/home/steven/Documents/資料備份區/install/ur_custom_interfaces/share/ur_custom_interfaces/package.ps1'
[0.808s] INFO:colcon.colcon_core.shell:Creating package descriptor '/home/steven/Documents/資料備份區/install/ur_custom_interfaces/share/ur_custom_interfaces/package.dsv'
[0.808s] INFO:colcon.colcon_core.shell:Creating package script '/home/steven/Documents/資料備份區/install/ur_custom_interfaces/share/ur_custom_interfaces/package.sh'
[0.808s] INFO:colcon.colcon_core.shell:Creating package script '/home/steven/Documents/資料備份區/install/ur_custom_interfaces/share/ur_custom_interfaces/package.bash'
[0.808s] INFO:colcon.colcon_core.shell:Creating package script '/home/steven/Documents/資料備份區/install/ur_custom_interfaces/share/ur_custom_interfaces/package.zsh'
[0.809s] Level 1:colcon.colcon_core.environment:create_file_with_runtime_dependencies(/home/steven/Documents/資料備份區/install/ur_custom_interfaces/share/colcon-core/packages/ur_custom_interfaces)
[1.402s] DEBUG:colcon.colcon_parallel_executor.executor.parallel:closing loop
[1.403s] DEBUG:colcon.colcon_parallel_executor.executor.parallel:loop closed
[1.403s] DEBUG:colcon.colcon_parallel_executor.executor.parallel:run_until_complete finished with '1'
[1.403s] DEBUG:colcon.colcon_core.event_reactor:joining thread
[1.407s] INFO:colcon.colcon_core.plugin_system:Skipping extension 'colcon_notification.desktop_notification.terminal_notifier': Not used on non-Darwin systems
[1.407s] INFO:colcon.colcon_core.plugin_system:Skipping extension 'colcon_notification.desktop_notification.win32': Not used on non-Windows systems
[1.407s] INFO:colcon.colcon_notification.desktop_notification:Sending desktop notification using 'notify2'
[1.414s] DEBUG:colcon.colcon_core.event_reactor:joined thread
[1.414s] INFO:colcon.colcon_core.shell:Creating prefix script '/home/steven/Documents/資料備份區/install/local_setup.ps1'
[1.414s] INFO:colcon.colcon_core.shell:Creating prefix util module '/home/steven/Documents/資料備份區/install/_local_setup_util_ps1.py'
[1.415s] INFO:colcon.colcon_core.shell:Creating prefix chain script '/home/steven/Documents/資料備份區/install/setup.ps1'
[1.416s] INFO:colcon.colcon_core.shell:Creating prefix script '/home/steven/Documents/資料備份區/install/local_setup.sh'
[1.417s] INFO:colcon.colcon_core.shell:Creating prefix util module '/home/steven/Documents/資料備份區/install/_local_setup_util_sh.py'
[1.417s] INFO:colcon.colcon_core.shell:Creating prefix chain script '/home/steven/Documents/資料備份區/install/setup.sh'
[1.419s] INFO:colcon.colcon_core.shell:Creating prefix script '/home/steven/Documents/資料備份區/install/local_setup.bash'
[1.420s] INFO:colcon.colcon_core.shell:Creating prefix chain script '/home/steven/Documents/資料備份區/install/setup.bash'
[1.421s] INFO:colcon.colcon_core.shell:Creating prefix script '/home/steven/Documents/資料備份區/install/local_setup.zsh'
[1.421s] INFO:colcon.colcon_core.shell:Creating prefix chain script '/home/steven/Documents/資料備份區/install/setup.zsh'
