[0.306s] Invoking command in '/home/steven/ros2_ws/src/eye_in_hand_realsense': PYTHONPATH=/home/steven/ros2_ws/src/eye_in_hand_realsense/build/eye_in_hand_realsense/prefix_override:/usr/lib/python3/dist-packages/colcon_core/task/python/colcon_distutils_commands:/home/steven/ros2_ws/src/eye_in_hand_realsense/install/eye_in_hand_realsense/lib/python3.10/site-packages:${PYTHONPATH} /usr/bin/python3 -W ignore:setup.py install is deprecated setup.py egg_info --egg-base build/eye_in_hand_realsense build --build-base /home/steven/ros2_ws/src/eye_in_hand_realsense/build/eye_in_hand_realsense/build install --record /home/steven/ros2_ws/src/eye_in_hand_realsense/build/eye_in_hand_realsense/install.log --single-version-externally-managed install_data
[0.418s] running egg_info
[0.418s] creating build/eye_in_hand_realsense/eye_in_hand_realsense.egg-info
[0.418s] writing build/eye_in_hand_realsense/eye_in_hand_realsense.egg-info/PKG-INFO
[0.418s] writing dependency_links to build/eye_in_hand_realsense/eye_in_hand_realsense.egg-info/dependency_links.txt
[0.418s] writing entry points to build/eye_in_hand_realsense/eye_in_hand_realsense.egg-info/entry_points.txt
[0.418s] writing requirements to build/eye_in_hand_realsense/eye_in_hand_realsense.egg-info/requires.txt
[0.418s] writing top-level names to build/eye_in_hand_realsense/eye_in_hand_realsense.egg-info/top_level.txt
[0.418s] writing manifest file 'build/eye_in_hand_realsense/eye_in_hand_realsense.egg-info/SOURCES.txt'
[0.419s] reading manifest file 'build/eye_in_hand_realsense/eye_in_hand_realsense.egg-info/SOURCES.txt'
[0.419s] writing manifest file 'build/eye_in_hand_realsense/eye_in_hand_realsense.egg-info/SOURCES.txt'
[0.420s] running build
[0.420s] running build_py
[0.420s] creating /home/steven/ros2_ws/src/eye_in_hand_realsense/build/eye_in_hand_realsense/build
[0.420s] creating /home/steven/ros2_ws/src/eye_in_hand_realsense/build/eye_in_hand_realsense/build/lib
[0.420s] creating /home/steven/ros2_ws/src/eye_in_hand_realsense/build/eye_in_hand_realsense/build/lib/eye_in_hand_realsense
[0.420s] copying eye_in_hand_realsense/__init__.py -> /home/steven/ros2_ws/src/eye_in_hand_realsense/build/eye_in_hand_realsense/build/lib/eye_in_hand_realsense
[0.420s] copying eye_in_hand_realsense/yolo_eye_in_hand.py -> /home/steven/ros2_ws/src/eye_in_hand_realsense/build/eye_in_hand_realsense/build/lib/eye_in_hand_realsense
[0.420s] running install
[0.420s] running install_lib
[0.420s] creating /home/steven/ros2_ws/src/eye_in_hand_realsense/install/eye_in_hand_realsense/lib/python3.10/site-packages/eye_in_hand_realsense
[0.420s] copying /home/steven/ros2_ws/src/eye_in_hand_realsense/build/eye_in_hand_realsense/build/lib/eye_in_hand_realsense/__init__.py -> /home/steven/ros2_ws/src/eye_in_hand_realsense/install/eye_in_hand_realsense/lib/python3.10/site-packages/eye_in_hand_realsense
[0.420s] copying /home/steven/ros2_ws/src/eye_in_hand_realsense/build/eye_in_hand_realsense/build/lib/eye_in_hand_realsense/yolo_eye_in_hand.py -> /home/steven/ros2_ws/src/eye_in_hand_realsense/install/eye_in_hand_realsense/lib/python3.10/site-packages/eye_in_hand_realsense
[0.420s] byte-compiling /home/steven/ros2_ws/src/eye_in_hand_realsense/install/eye_in_hand_realsense/lib/python3.10/site-packages/eye_in_hand_realsense/__init__.py to __init__.cpython-310.pyc
[0.420s] byte-compiling /home/steven/ros2_ws/src/eye_in_hand_realsense/install/eye_in_hand_realsense/lib/python3.10/site-packages/eye_in_hand_realsense/yolo_eye_in_hand.py to yolo_eye_in_hand.cpython-310.pyc
[0.421s] running install_data
[0.421s] creating /home/steven/ros2_ws/src/eye_in_hand_realsense/install/eye_in_hand_realsense/share/ament_index
[0.421s] creating /home/steven/ros2_ws/src/eye_in_hand_realsense/install/eye_in_hand_realsense/share/ament_index/resource_index
[0.421s] creating /home/steven/ros2_ws/src/eye_in_hand_realsense/install/eye_in_hand_realsense/share/ament_index/resource_index/packages
[0.421s] copying resource/eye_in_hand_realsense -> /home/steven/ros2_ws/src/eye_in_hand_realsense/install/eye_in_hand_realsense/share/ament_index/resource_index/packages
[0.421s] copying package.xml -> /home/steven/ros2_ws/src/eye_in_hand_realsense/install/eye_in_hand_realsense/share/eye_in_hand_realsense
[0.421s] running install_egg_info
[0.422s] Copying build/eye_in_hand_realsense/eye_in_hand_realsense.egg-info to /home/steven/ros2_ws/src/eye_in_hand_realsense/install/eye_in_hand_realsense/lib/python3.10/site-packages/eye_in_hand_realsense-0.0.0-py3.10.egg-info
[0.422s] running install_scripts
[0.431s] writing list of installed files to '/home/steven/ros2_ws/src/eye_in_hand_realsense/build/eye_in_hand_realsense/install.log'
[0.441s] Invoked command in '/home/steven/ros2_ws/src/eye_in_hand_realsense' returned '0': PYTHONPATH=/home/steven/ros2_ws/src/eye_in_hand_realsense/build/eye_in_hand_realsense/prefix_override:/usr/lib/python3/dist-packages/colcon_core/task/python/colcon_distutils_commands:/home/steven/ros2_ws/src/eye_in_hand_realsense/install/eye_in_hand_realsense/lib/python3.10/site-packages:${PYTHONPATH} /usr/bin/python3 -W ignore:setup.py install is deprecated setup.py egg_info --egg-base build/eye_in_hand_realsense build --build-base /home/steven/ros2_ws/src/eye_in_hand_realsense/build/eye_in_hand_realsense/build install --record /home/steven/ros2_ws/src/eye_in_hand_realsense/build/eye_in_hand_realsense/install.log --single-version-externally-managed install_data
