[0.330s] Invoking command in '/home/steven/ros2_ws/src/hex v2 driver/src/udp_publisher': PYTHONPATH=/home/steven/ros2_ws/src/hex v2 driver/build/udp_publisher/prefix_override:/usr/lib/python3/dist-packages/colcon_core/task/python/colcon_distutils_commands:/home/steven/ros2_ws/src/hex v2 driver/install/udp_publisher/lib/python3.10/site-packages:${PYTHONPATH} /usr/bin/python3 -W ignore:setup.py install is deprecated setup.py egg_info --egg-base ../../build/udp_publisher build --build-base /home/steven/ros2_ws/src/hex v2 driver/build/udp_publisher/build install --record /home/steven/ros2_ws/src/hex v2 driver/build/udp_publisher/install.log --single-version-externally-managed install_data
[0.443s] running egg_info
[0.443s] writing ../../build/udp_publisher/udp_publisher.egg-info/PKG-INFO
[0.444s] writing dependency_links to ../../build/udp_publisher/udp_publisher.egg-info/dependency_links.txt
[0.444s] writing entry points to ../../build/udp_publisher/udp_publisher.egg-info/entry_points.txt
[0.444s] writing requirements to ../../build/udp_publisher/udp_publisher.egg-info/requires.txt
[0.444s] writing top-level names to ../../build/udp_publisher/udp_publisher.egg-info/top_level.txt
[0.444s] reading manifest file '../../build/udp_publisher/udp_publisher.egg-info/SOURCES.txt'
[0.445s] writing manifest file '../../build/udp_publisher/udp_publisher.egg-info/SOURCES.txt'
[0.445s] running build
[0.445s] running build_py
[0.445s] running install
[0.445s] running install_lib
[0.446s] running install_data
[0.446s] running install_egg_info
[0.447s] removing '/home/steven/ros2_ws/src/hex v2 driver/install/udp_publisher/lib/python3.10/site-packages/udp_publisher-0.0.0-py3.10.egg-info' (and everything under it)
[0.447s] Copying ../../build/udp_publisher/udp_publisher.egg-info to /home/steven/ros2_ws/src/hex v2 driver/install/udp_publisher/lib/python3.10/site-packages/udp_publisher-0.0.0-py3.10.egg-info
[0.447s] running install_scripts
[0.457s] Installing udp_publisher_node script to /home/steven/ros2_ws/src/hex v2 driver/install/udp_publisher/lib/udp_publisher
[0.457s] writing list of installed files to '/home/steven/ros2_ws/src/hex v2 driver/build/udp_publisher/install.log'
[0.469s] Invoked command in '/home/steven/ros2_ws/src/hex v2 driver/src/udp_publisher' returned '0': PYTHONPATH=/home/steven/ros2_ws/src/hex v2 driver/build/udp_publisher/prefix_override:/usr/lib/python3/dist-packages/colcon_core/task/python/colcon_distutils_commands:/home/steven/ros2_ws/src/hex v2 driver/install/udp_publisher/lib/python3.10/site-packages:${PYTHONPATH} /usr/bin/python3 -W ignore:setup.py install is deprecated setup.py egg_info --egg-base ../../build/udp_publisher build --build-base /home/steven/ros2_ws/src/hex v2 driver/build/udp_publisher/build install --record /home/steven/ros2_ws/src/hex v2 driver/build/udp_publisher/install.log --single-version-externally-managed install_data
