[0.005s] Invoking command in '/home/steven/ws_moveit2/build/moveit_core': AMENT_PREFIX_PATH=/home/steven/ws_moveit2/install/moveit_resources_panda_moveit_config:/home/steven/ws_moveit2/install/srdfdom:/home/steven/ws_moveit2/install/moveit_resources_pr2_description:/home/steven/ws_moveit2/install/moveit_resources_panda_description:/home/steven/ws_moveit2/install/moveit_common:${AMENT_PREFIX_PATH} CMAKE_PREFIX_PATH=/home/steven/ws_moveit2/install/moveit_resources_panda_moveit_config:/home/steven/ws_moveit2/install/srdfdom:/home/steven/ws_moveit2/install/moveit_resources_pr2_description:/home/steven/ws_moveit2/install/moveit_resources_panda_description:/home/steven/ws_moveit2/install/moveit_common:/opt/ros/humble LD_LIBRARY_PATH=/home/steven/ws_moveit2/install/srdfdom/lib:/opt/ros/humble/opt/rviz_ogre_vendor/lib:/opt/ros/humble/lib/x86_64-linux-gnu:/opt/ros/humble/lib:/usr/local/cuda-12.3/lib64 PYTHONPATH=/home/steven/ws_moveit2/install/srdfdom/local/lib/python3.10/dist-packages:${PYTHONPATH} /usr/bin/cmake /home/steven/ws_moveit2/src/moveit2/moveit_core -DCMAKE_BUILD_TYPE=Release -DCMAKE_INSTALL_PREFIX=/home/steven/ws_moveit2/install/moveit_core
[0.033s] -- The CXX compiler identification is GNU 11.4.0
[0.037s] -- Detecting CXX compiler ABI info
[0.073s] -- Detecting CXX compiler ABI info - done
[0.076s] -- Check for working CXX compiler: /usr/bin/c++ - skipped
[0.076s] -- Detecting CXX compile features
[0.076s] -- Detecting CXX compile features - done
[0.077s] -- Found moveit_common: 2.5.5 (/home/steven/ws_moveit2/install/moveit_common/share/moveit_common/cmake)
[0.078s] -- Found ament_cmake: 1.3.9 (/opt/ros/humble/share/ament_cmake/cmake)
[0.147s] -- Found Python3: /usr/bin/python3 (found version "3.10.12") found components: Interpreter 
[0.220s] -- Found libdw: /usr/lib/x86_64-linux-gnu/libdw.so  
[0.222s] -- Could NOT find libbfd (missing: LIBBFD_LIBRARY LIBBFD_INCLUDE_DIR) 
[0.222s] -- BACKWARD_HAS_UNWIND=1
[0.222s] -- BACKWARD_HAS_BACKTRACE=0
[0.223s] -- BACKWARD_HAS_BACKTRACE_SYMBOL=0
[0.223s] -- BACKWARD_HAS_DW=1
[0.223s] -- BACKWARD_HAS_BFD=0
[0.223s] -- Found Backward: /opt/ros/humble/share/backward_ros/cmake  
[0.224s] -- Found angles: 1.15.0 (/opt/ros/humble/share/angles/cmake)
[0.230s] -- Found Bullet: /usr/lib/x86_64-linux-gnu/libBulletDynamics.so (Required is at least version "2.87") 
[0.231s] -- Found common_interfaces: 4.2.3 (/opt/ros/humble/share/common_interfaces/cmake)
[0.232s] -- Found eigen_stl_containers: 1.0.0 (/opt/ros/humble/share/eigen_stl_containers/cmake)
[0.236s] -- Found eigen3_cmake_module: 0.1.1 (/opt/ros/humble/share/eigen3_cmake_module/cmake)
[0.238s] -- Found Eigen3: TRUE (found version "3.4.0") 
[0.240s] -- Found generate_parameter_library: 0.3.8 (/opt/ros/humble/share/generate_parameter_library/cmake)
[0.242s] -- Found parameter_traits: 0.3.8 (/opt/ros/humble/share/parameter_traits/cmake)
[0.268s] -- Found rosidl_generator_c: 3.1.5 (/opt/ros/humble/share/rosidl_generator_c/cmake)
[0.270s] -- Found rosidl_adapter: 3.1.5 (/opt/ros/humble/share/rosidl_adapter/cmake)
[0.275s] -- Found rosidl_generator_cpp: 3.1.5 (/opt/ros/humble/share/rosidl_generator_cpp/cmake)
[0.282s] -- Using all available rosidl_typesupport_c: rosidl_typesupport_fastrtps_c;rosidl_typesupport_introspection_c
[0.291s] -- Using all available rosidl_typesupport_cpp: rosidl_typesupport_fastrtps_cpp;rosidl_typesupport_introspection_cpp
[0.325s] -- Found rmw_implementation_cmake: 6.1.2 (/opt/ros/humble/share/rmw_implementation_cmake/cmake)
[0.326s] -- Found rmw_fastrtps_cpp: 6.2.6 (/opt/ros/humble/share/rmw_fastrtps_cpp/cmake)
[0.370s] -- Found OpenSSL: /usr/lib/x86_64-linux-gnu/libcrypto.so (found version "3.0.2")  
[0.381s] -- Found FastRTPS: /opt/ros/humble/include  
[0.403s] -- Using RMW implementation 'rmw_fastrtps_cpp' as default
[0.407s] -- Looking for C++ include pthread.h
[0.458s] -- Looking for C++ include pthread.h - found
[0.458s] -- Performing Test CMAKE_HAVE_LIBC_PTHREAD
[0.511s] -- Performing Test CMAKE_HAVE_LIBC_PTHREAD - Success
[0.512s] -- Found Threads: TRUE  
[0.616s] -- Found rclcpp_lifecycle: 16.0.9 (/opt/ros/humble/share/rclcpp_lifecycle/cmake)
[0.638s] -- Found geometric_shapes: 2.1.3 (/opt/ros/humble/share/geometric_shapes/cmake)
[0.643s] -- Found Boost: /usr/lib/x86_64-linux-gnu/cmake/Boost-1.74.0/BoostConfig.cmake (found version "1.74.0") found components: filesystem 
[0.705s] -- library: /usr/lib/x86_64-linux-gnu/libcurl.so
[0.832s] -- Found kdl_parser: 2.6.4 (/opt/ros/humble/share/kdl_parser/cmake)
[0.837s] -- Ensuring Eigen3 include directory is part of orocos-kdl CMake target
[0.839s] -- Found moveit_msgs: 2.2.1 (/opt/ros/humble/share/moveit_msgs/cmake)
[1.115s] -- Found pluginlib: 5.1.0 (/opt/ros/humble/share/pluginlib/cmake)
[1.125s] -- Found srdfdom: 2.0.4 (/home/steven/ws_moveit2/install/srdfdom/share/srdfdom/cmake)
[1.131s] -- Found tf2_eigen: 0.25.6 (/opt/ros/humble/share/tf2_eigen/cmake)
[1.257s] -- Found tf2_geometry_msgs: 0.25.6 (/opt/ros/humble/share/tf2_geometry_msgs/cmake)
[1.263s] -- Found tf2_kdl: 0.25.6 (/opt/ros/humble/share/tf2_kdl/cmake)
[1.287s] -- Found Boost: /usr/lib/x86_64-linux-gnu/cmake/Boost-1.74.0/BoostConfig.cmake (found version "1.74.0") found components: chrono date_time filesystem iostreams program_options regex serialization system thread 
[1.287s] --  *** Building MoveIt 2.5.5-Alpha ***
[1.290s] -- Performing Test COMPILER_HAS_HIDDEN_VISIBILITY
[1.339s] -- Performing Test COMPILER_HAS_HIDDEN_VISIBILITY - Success
[1.339s] -- Performing Test COMPILER_HAS_HIDDEN_INLINE_VISIBILITY
[1.387s] -- Performing Test COMPILER_HAS_HIDDEN_INLINE_VISIBILITY - Success
[1.388s] -- Performing Test COMPILER_HAS_DEPRECATED_ATTR
[1.435s] -- Performing Test COMPILER_HAS_DEPRECATED_ATTR - Success
[1.437s] -- Found ament_cmake_gtest: 1.3.9 (/opt/ros/humble/share/ament_cmake_gtest/cmake)
[1.438s] -- Found gtest sources under '/opt/ros/humble/src/gtest_vendor': C++ tests using 'Google Test' will be built
[1.458s] -- The C compiler identification is GNU 11.4.0
[1.461s] -- Detecting C compiler ABI info
[1.504s] -- Detecting C compiler ABI info - done
[1.507s] -- Check for working C compiler: /usr/bin/cc - skipped
[1.507s] -- Detecting C compile features
[1.507s] -- Detecting C compile features - done
[1.512s] -- Found ament_cmake_gmock: 1.3.9 (/opt/ros/humble/share/ament_cmake_gmock/cmake)
[1.514s] -- Found gmock sources under '/opt/ros/humble/src/gmock_vendor': C++ tests using 'Google Mock' will be built
[1.516s] -- Found ament_cmake_gtest: 1.3.9 (/opt/ros/humble/share/ament_cmake_gtest/cmake)
[1.516s] -- Found gtest sources under '/opt/ros/humble/src/gtest_vendor': C++ tests using 'Google Test' will be built
[1.520s] -- Found ament_cmake_gtest: 1.3.9 (/opt/ros/humble/share/ament_cmake_gtest/cmake)
[1.520s] -- Found gtest sources under '/opt/ros/humble/src/gtest_vendor': C++ tests using 'Google Test' will be built
[1.529s] -- Found ament_cmake_gtest: 1.3.9 (/opt/ros/humble/share/ament_cmake_gtest/cmake)
[1.530s] -- Found gtest sources under '/opt/ros/humble/src/gtest_vendor': C++ tests using 'Google Test' will be built
[1.536s] -- Found ament_lint_auto: 0.12.11 (/opt/ros/humble/share/ament_lint_auto/cmake)
[1.536s] -- Found ament_cmake_gtest: 1.3.9 (/opt/ros/humble/share/ament_cmake_gtest/cmake)
[1.536s] -- Found gtest sources under '/opt/ros/humble/src/gtest_vendor': C++ tests using 'Google Test' will be built
[1.543s] -- Found ament_cmake_gtest: 1.3.9 (/opt/ros/humble/share/ament_cmake_gtest/cmake)
[1.543s] -- Found gtest sources under '/opt/ros/humble/src/gtest_vendor': C++ tests using 'Google Test' will be built
[1.548s] -- Found ament_cmake_gtest: 1.3.9 (/opt/ros/humble/share/ament_cmake_gtest/cmake)
[1.548s] -- Found gtest sources under '/opt/ros/humble/src/gtest_vendor': C++ tests using 'Google Test' will be built
[1.552s] -- Found ament_cmake_gtest: 1.3.9 (/opt/ros/humble/share/ament_cmake_gtest/cmake)
[1.552s] -- Found gtest sources under '/opt/ros/humble/src/gtest_vendor': C++ tests using 'Google Test' will be built
[1.557s] -- Found gtest sources under '/opt/ros/humble/src/gtest_vendor': C++ tests using 'Google Test' will be built
[1.561s] -- Found gtest sources under '/opt/ros/humble/src/gtest_vendor': C++ tests using 'Google Test' will be built
[1.566s] -- Found ament_cmake_gtest: 1.3.9 (/opt/ros/humble/share/ament_cmake_gtest/cmake)
[1.567s] -- Found gtest sources under '/opt/ros/humble/src/gtest_vendor': C++ tests using 'Google Test' will be built
[1.574s] -- Found gtest sources under '/opt/ros/humble/src/gtest_vendor': C++ tests using 'Google Test' will be built
[1.580s] -- Found gtest sources under '/opt/ros/humble/src/gtest_vendor': C++ tests using 'Google Test' will be built
[1.585s] -- Found gtest sources under '/opt/ros/humble/src/gtest_vendor': C++ tests using 'Google Test' will be built
[1.589s] -- Found ament_lint_auto: 0.12.11 (/opt/ros/humble/share/ament_lint_auto/cmake)
[1.600s] -- Added test 'cppcheck' to perform static code analysis on C / C++ code
[1.601s] -- Configured cppcheck include dirs: /home/steven/ws_moveit2/src/moveit2/moveit_core/exceptions/include;/home/steven/ws_moveit2/src/moveit2/moveit_core/collision_detection/include;/home/steven/ws_moveit2/src/moveit2/moveit_core/collision_detection_fcl/include;/home/steven/ws_moveit2/src/moveit2/moveit_core/collision_detection_bullet/include;/home/steven/ws_moveit2/src/moveit2/moveit_core/constraint_samplers/include;/home/steven/ws_moveit2/src/moveit2/moveit_core/controller_manager/include;/home/steven/ws_moveit2/src/moveit2/moveit_core/distance_field/include;/home/steven/ws_moveit2/src/moveit2/moveit_core/collision_distance_field/include;/home/steven/ws_moveit2/src/moveit2/moveit_core/dynamics_solver/include;/home/steven/ws_moveit2/src/moveit2/moveit_core/kinematics_base/include;/home/steven/ws_moveit2/src/moveit2/moveit_core/kinematics_metrics/include;/home/steven/ws_moveit2/src/moveit2/moveit_core/robot_model/include;/home/steven/ws_moveit2/src/moveit2/moveit_core/transforms/include;/home/steven/ws_moveit2/src/moveit2/moveit_core/robot_state/include;/home/steven/ws_moveit2/src/moveit2/moveit_core/robot_trajectory/include;/home/steven/ws_moveit2/src/moveit2/moveit_core/kinematic_constraints/include;/home/steven/ws_moveit2/src/moveit2/moveit_core/macros/include;/home/steven/ws_moveit2/src/moveit2/moveit_core/online_signal_smoothing/include;/home/steven/ws_moveit2/src/moveit2/moveit_core/planning_interface/include;/home/steven/ws_moveit2/src/moveit2/moveit_core/planning_request_adapter/include;/home/steven/ws_moveit2/src/moveit2/moveit_core/planning_scene/include;/home/steven/ws_moveit2/src/moveit2/moveit_core/sensor_manager/include;/home/steven/ws_moveit2/src/moveit2/moveit_core/trajectory_processing/include;/home/steven/ws_moveit2/src/moveit2/moveit_core/utils/include
[1.601s] -- Configured cppcheck exclude dirs and/or files: 
[1.602s] -- Added test 'pep257' to check Python code against some of the docstring style conventions in PEP 257
[1.603s] -- Added test 'xmllint' to check XML markup files
[1.604s] -- Configuring done
[1.833s] -- Generating done
[1.836s] -- Build files have been written to: /home/steven/ws_moveit2/build/moveit_core
[1.857s] Invoked command in '/home/steven/ws_moveit2/build/moveit_core' returned '0': AMENT_PREFIX_PATH=/home/steven/ws_moveit2/install/moveit_resources_panda_moveit_config:/home/steven/ws_moveit2/install/srdfdom:/home/steven/ws_moveit2/install/moveit_resources_pr2_description:/home/steven/ws_moveit2/install/moveit_resources_panda_description:/home/steven/ws_moveit2/install/moveit_common:${AMENT_PREFIX_PATH} CMAKE_PREFIX_PATH=/home/steven/ws_moveit2/install/moveit_resources_panda_moveit_config:/home/steven/ws_moveit2/install/srdfdom:/home/steven/ws_moveit2/install/moveit_resources_pr2_description:/home/steven/ws_moveit2/install/moveit_resources_panda_description:/home/steven/ws_moveit2/install/moveit_common:/opt/ros/humble LD_LIBRARY_PATH=/home/steven/ws_moveit2/install/srdfdom/lib:/opt/ros/humble/opt/rviz_ogre_vendor/lib:/opt/ros/humble/lib/x86_64-linux-gnu:/opt/ros/humble/lib:/usr/local/cuda-12.3/lib64 PYTHONPATH=/home/steven/ws_moveit2/install/srdfdom/local/lib/python3.10/dist-packages:${PYTHONPATH} /usr/bin/cmake /home/steven/ws_moveit2/src/moveit2/moveit_core -DCMAKE_BUILD_TYPE=Release -DCMAKE_INSTALL_PREFIX=/home/steven/ws_moveit2/install/moveit_core
[1.857s] Invoking command in '/home/steven/ws_moveit2/build/moveit_core': AMENT_PREFIX_PATH=/home/steven/ws_moveit2/install/moveit_resources_panda_moveit_config:/home/steven/ws_moveit2/install/srdfdom:/home/steven/ws_moveit2/install/moveit_resources_pr2_description:/home/steven/ws_moveit2/install/moveit_resources_panda_description:/home/steven/ws_moveit2/install/moveit_common:${AMENT_PREFIX_PATH} CMAKE_PREFIX_PATH=/home/steven/ws_moveit2/install/moveit_resources_panda_moveit_config:/home/steven/ws_moveit2/install/srdfdom:/home/steven/ws_moveit2/install/moveit_resources_pr2_description:/home/steven/ws_moveit2/install/moveit_resources_panda_description:/home/steven/ws_moveit2/install/moveit_common:/opt/ros/humble LD_LIBRARY_PATH=/home/steven/ws_moveit2/install/srdfdom/lib:/opt/ros/humble/opt/rviz_ogre_vendor/lib:/opt/ros/humble/lib/x86_64-linux-gnu:/opt/ros/humble/lib:/usr/local/cuda-12.3/lib64 PYTHONPATH=/home/steven/ws_moveit2/install/srdfdom/local/lib/python3.10/dist-packages:${PYTHONPATH} /usr/bin/cmake --build /home/steven/ws_moveit2/build/moveit_core -- -j32 -l32
[1.882s] [  1%] [32mBuilding CXX object exceptions/CMakeFiles/moveit_exceptions.dir/src/exceptions.cpp.o[0m
[1.882s] [  1%] [32mBuilding CXX object utils/CMakeFiles/moveit_utils.dir/src/lexical_casts.cpp.o[0m
[1.882s] [  1%] [32mBuilding CXX object gtest/CMakeFiles/gtest.dir/src/gtest-all.cc.o[0m
[1.883s] [  1%] [32mBuilding CXX object utils/CMakeFiles/moveit_utils.dir/src/message_checks.cpp.o[0m
[1.883s] [  2%] [32mBuilding CXX object gtest/CMakeFiles/gtest_main.dir/src/gtest_main.cc.o[0m
[1.883s] [  3%] [32mBuilding CXX object version/CMakeFiles/moveit_version.dir/version.cpp.o[0m
[1.883s] [  4%] [32mBuilding CXX object distance_field/CMakeFiles/moveit_distance_field.dir/src/distance_field.cpp.o[0m
[1.884s] [  4%] [32mBuilding CXX object distance_field/CMakeFiles/moveit_distance_field.dir/src/find_internal_points.cpp.o[0m
[1.884s] [  4%] [32mBuilding CXX object kinematics_base/CMakeFiles/moveit_kinematics_base.dir/src/kinematics_base.cpp.o[0m
[1.884s] [  5%] [32mBuilding CXX object distance_field/CMakeFiles/moveit_distance_field.dir/src/propagation_distance_field.cpp.o[0m
[1.884s] [  6%] [32mBuilding CXX object utils/CMakeFiles/moveit_utils.dir/src/rclcpp_utils.cpp.o[0m
[1.885s] [  6%] [32mBuilding CXX object gmock/CMakeFiles/gmock.dir/opt/ros/humble/src/gtest_vendor/src/gtest-all.cc.o[0m
[1.885s] [  6%] [32mBuilding CXX object transforms/CMakeFiles/moveit_transforms.dir/src/transforms.cpp.o[0m
[1.886s] [  6%] [32mBuilding CXX object online_signal_smoothing/CMakeFiles/moveit_smoothing_base.dir/src/smoothing_base_class.cpp.o[0m
[1.886s] [  7%] [32mBuilding CXX object gmock/CMakeFiles/gmock.dir/src/gmock-all.cc.o[0m
[1.886s] [  7%] [32mBuilding CXX object gmock/CMakeFiles/gmock_main.dir/src/gmock_main.cc.o[0m
[1.887s] [  8%] [34m[1mRunning `/opt/ros/humble/bin/generate_parameter_library_cpp /home/steven/ws_moveit2/build/moveit_core/online_signal_smoothing/moveit_butterworth_parameters/include//moveit_butterworth_parameters.hpp /home/steven/ws_moveit2/src/moveit2/moveit_core/online_signal_smoothing/src/butterworth_parameters.yaml `[0m
[1.900s] [  9%] [32m[1mLinking CXX executable moveit_version[0m
[1.936s] [  9%] Built target moveit_version
[2.004s] [  9%] Built target moveit_butterworth_parameters
[2.183s] [ 10%] [32m[1mLinking CXX shared library libmoveit_exceptions.so[0m
[2.239s] [ 10%] Built target moveit_exceptions
[2.294s] [ 10%] [32m[1mLinking CXX static library libgtest_main.a[0m
[2.310s] [ 10%] Built target gtest_main
[2.349s] [ 10%] [32m[1mLinking CXX shared library libmoveit_utils.so[0m
[2.677s] [ 10%] Built target moveit_utils
[2.781s] [ 11%] [32m[1mLinking CXX static library libgmock_main.a[0m
[2.803s] [ 11%] Built target gmock_main
[3.310s] [ 12%] [32m[1mLinking CXX shared library libmoveit_smoothing_base.so[0m
[3.362s] [ 12%] Built target moveit_smoothing_base
[4.358s] [ 13%] [32m[1mLinking CXX shared library libmoveit_kinematics_base.so[0m
[4.420s] [ 13%] Built target moveit_kinematics_base
[4.430s] [ 15%] [32mBuilding CXX object robot_model/CMakeFiles/moveit_robot_model.dir/src/floating_joint_model.cpp.o[0m
[4.430s] [ 15%] [32mBuilding CXX object robot_model/CMakeFiles/moveit_robot_model.dir/src/fixed_joint_model.cpp.o[0m
[4.431s] [ 15%] [32mBuilding CXX object robot_model/CMakeFiles/moveit_robot_model.dir/src/aabb.cpp.o[0m
[4.431s] [ 15%] [32mBuilding CXX object robot_model/CMakeFiles/moveit_robot_model.dir/src/joint_model_group.cpp.o[0m
[4.432s] [ 16%] [32mBuilding CXX object robot_model/CMakeFiles/moveit_robot_model.dir/src/planar_joint_model.cpp.o[0m
[4.432s] [ 16%] [32mBuilding CXX object robot_model/CMakeFiles/moveit_robot_model.dir/src/joint_model.cpp.o[0m
[4.432s] [ 17%] [32mBuilding CXX object robot_model/CMakeFiles/moveit_robot_model.dir/src/link_model.cpp.o[0m
[4.432s] [ 18%] [32mBuilding CXX object robot_model/CMakeFiles/moveit_robot_model.dir/src/prismatic_joint_model.cpp.o[0m
[4.432s] [ 19%] [32mBuilding CXX object robot_model/CMakeFiles/moveit_robot_model.dir/src/robot_model.cpp.o[0m
[4.433s] [ 19%] [32mBuilding CXX object robot_model/CMakeFiles/moveit_robot_model.dir/src/revolute_joint_model.cpp.o[0m
[5.239s] [ 20%] [32m[1mLinking CXX shared library libmoveit_transforms.so[0m
[5.315s] [ 20%] Built target moveit_transforms
[5.422s] [ 21%] [32m[1mLinking CXX static library libgtest.a[0m
[5.442s] [ 21%] Built target gtest
[5.453s] [ 21%] [32mBuilding CXX object transforms/CMakeFiles/test_transforms.dir/test/test_transforms.cpp.o[0m
[5.476s] [ 22%] [32m[1mLinking CXX static library libgmock.a[0m
[5.498s] [ 22%] Built target gmock
[5.622s] [ 22%] [32m[1mLinking CXX shared library libmoveit_distance_field.so[0m
[5.700s] [ 22%] Built target moveit_distance_field
[5.710s] [ 23%] [32mBuilding CXX object distance_field/CMakeFiles/test_voxel_grid.dir/test/test_voxel_grid.cpp.o[0m
[5.710s] [ 23%] [32mBuilding CXX object distance_field/CMakeFiles/test_distance_field.dir/test/test_distance_field.cpp.o[0m
[6.818s] [ 24%] [32m[1mLinking CXX executable test_transforms[0m
[6.883s] [ 24%] Built target test_transforms
[7.707s] [ 24%] [32m[1mLinking CXX executable test_voxel_grid[0m
[7.767s] [ 24%] Built target test_voxel_grid
[9.165s] [ 25%] [32m[1mLinking CXX shared library libmoveit_robot_model.so[0m
[9.237s] [ 25%] Built target moveit_robot_model
[9.246s] [ 28%] [32mBuilding CXX object online_signal_smoothing/CMakeFiles/moveit_butterworth_filter.dir/src/butterworth_filter.cpp.o[0m
[9.246s] [ 28%] [32mBuilding CXX object utils/CMakeFiles/moveit_test_utils.dir/src/robot_model_test_utils.cpp.o[0m
[9.246s] [ 28%] [32mBuilding CXX object robot_state/CMakeFiles/moveit_robot_state.dir/src/attached_body.cpp.o[0m
[9.246s] [ 29%] [32mBuilding CXX object robot_state/CMakeFiles/moveit_robot_state.dir/src/conversions.cpp.o[0m
[9.246s] [ 29%] [32mBuilding CXX object robot_state/CMakeFiles/moveit_robot_state.dir/src/robot_state.cpp.o[0m
[9.247s] [ 29%] [32mBuilding CXX object robot_state/CMakeFiles/moveit_robot_state.dir/src/cartesian_interpolator.cpp.o[0m
[9.978s] [ 30%] [32m[1mLinking CXX executable test_distance_field[0m
[10.089s] [ 30%] Built target test_distance_field
[12.085s] [ 30%] [32m[1mLinking CXX shared library libmoveit_butterworth_filter.so[0m
[12.156s] [ 30%] Built target moveit_butterworth_filter
[12.166s] [ 30%] [32mBuilding CXX object online_signal_smoothing/CMakeFiles/test_butterworth_filter.dir/test/test_butterworth_filter.cpp.o[0m
[13.187s] [ 30%] [32m[1mLinking CXX shared library libmoveit_test_utils.so[0m
[13.260s] [ 30%] Built target moveit_test_utils
[13.270s] [ 31%] [32mBuilding CXX object robot_model/CMakeFiles/test_robot_model.dir/test/test.cpp.o[0m
[15.051s] [ 32%] [32m[1mLinking CXX executable test_butterworth_filter[0m
[15.124s] [ 32%] Built target test_butterworth_filter
[15.752s] [ 32%] [32m[1mLinking CXX executable test_robot_model[0m
[15.854s] [ 32%] Built target test_robot_model
[19.113s] [ 33%] [32m[1mLinking CXX shared library libmoveit_robot_state.so[0m
[19.190s] [ 33%] Built target moveit_robot_state
[19.199s] [ 35%] [32mBuilding CXX object collision_detection/CMakeFiles/moveit_collision_detection.dir/src/allvalid/collision_env_allvalid.cpp.o[0m
[19.199s] [ 35%] [32mBuilding CXX object robot_trajectory/CMakeFiles/moveit_robot_trajectory.dir/src/robot_trajectory.cpp.o[0m
[19.199s] [ 35%] [32mBuilding CXX object dynamics_solver/CMakeFiles/moveit_dynamics_solver.dir/src/dynamics_solver.cpp.o[0m
[19.199s] [ 35%] [32mBuilding CXX object kinematics_metrics/CMakeFiles/moveit_kinematics_metrics.dir/src/kinematics_metrics.cpp.o[0m
[19.199s] [ 36%] [32mBuilding CXX object robot_state/CMakeFiles/test_robot_state.dir/test/robot_state_test.cpp.o[0m
[19.200s] [ 36%] [32mBuilding CXX object robot_state/CMakeFiles/test_robot_state_benchmark.dir/test/robot_state_benchmark.cpp.o[0m
[19.200s] [ 36%] [32mBuilding CXX object robot_state/CMakeFiles/test_robot_state_complex.dir/test/test_kinematic_complex.cpp.o[0m
[19.200s] [ 36%] [32mBuilding CXX object collision_detection/CMakeFiles/moveit_collision_detection.dir/src/collision_octomap_filter.cpp.o[0m
[19.201s] [ 36%] [32mBuilding CXX object collision_detection/CMakeFiles/moveit_collision_detection.dir/src/collision_common.cpp.o[0m
[19.201s] [ 37%] [32mBuilding CXX object collision_detection/CMakeFiles/moveit_collision_detection.dir/src/collision_matrix.cpp.o[0m
[19.201s] [ 38%] [32mBuilding CXX object collision_detection/CMakeFiles/moveit_collision_detection.dir/src/collision_tools.cpp.o[0m
[19.201s] [ 39%] [32mBuilding CXX object collision_detection/CMakeFiles/moveit_collision_detection.dir/src/world.cpp.o[0m
[19.202s] [ 39%] [32mBuilding CXX object robot_state/CMakeFiles/test_aabb.dir/test/test_aabb.cpp.o[0m
[19.202s] [ 39%] [32mBuilding CXX object collision_detection/CMakeFiles/moveit_collision_detection.dir/src/world_diff.cpp.o[0m
[19.202s] [ 40%] [32mBuilding CXX object collision_detection/CMakeFiles/moveit_collision_detection.dir/src/collision_env.cpp.o[0m
[19.202s] [ 40%] [32mBuilding CXX object collision_detection/CMakeFiles/moveit_collision_detection.dir/src/collision_plugin_cache.cpp.o[0m
[19.203s] [ 40%] [32mBuilding CXX object robot_state/CMakeFiles/test_cartesian_interpolator.dir/test/test_cartesian_interpolator.cpp.o[0m
[22.951s] [ 41%] [32m[1mLinking CXX executable test_robot_state_benchmark[0m
[23.102s] [ 41%] Built target test_robot_state_benchmark
[23.233s] [ 42%] [32m[1mLinking CXX shared library libmoveit_dynamics_solver.so[0m
[23.315s] [ 42%] Built target moveit_dynamics_solver
[23.678s] [ 43%] [32m[1mLinking CXX executable test_robot_state_complex[0m
[23.821s] [ 43%] Built target test_robot_state_complex
[23.830s] [ 44%] [32m[1mLinking CXX shared library libmoveit_robot_trajectory.so[0m
[23.913s] [ 44%] Built target moveit_robot_trajectory
[23.925s] [ 46%] [32mBuilding CXX object planning_interface/CMakeFiles/moveit_planning_interface.dir/src/planning_interface.cpp.o[0m
[23.925s] [ 46%] [32mBuilding CXX object trajectory_processing/CMakeFiles/moveit_trajectory_processing.dir/src/time_optimal_trajectory_generation.cpp.o[0m
[23.925s] [ 46%] [32mBuilding CXX object robot_trajectory/CMakeFiles/test_robot_trajectory.dir/test/test_robot_trajectory.cpp.o[0m
[23.926s] [ 47%] [32mBuilding CXX object trajectory_processing/CMakeFiles/moveit_trajectory_processing.dir/src/iterative_time_parameterization.cpp.o[0m
[23.926s] [ 47%] [32mBuilding CXX object trajectory_processing/CMakeFiles/moveit_trajectory_processing.dir/src/iterative_spline_parameterization.cpp.o[0m
[23.926s] [ 47%] [32mBuilding CXX object planning_interface/CMakeFiles/moveit_planning_interface.dir/src/planning_response.cpp.o[0m
[23.926s] [ 48%] [32mBuilding CXX object trajectory_processing/CMakeFiles/moveit_trajectory_processing.dir/src/ruckig_traj_smoothing.cpp.o[0m
[23.926s] [ 49%] [32mBuilding CXX object trajectory_processing/CMakeFiles/moveit_trajectory_processing.dir/src/trajectory_tools.cpp.o[0m
[24.108s] [ 50%] [32m[1mLinking CXX executable test_cartesian_interpolator[0m
[24.239s] [ 50%] Built target test_cartesian_interpolator
[24.315s] [ 51%] [32m[1mLinking CXX executable test_robot_state[0m
[24.466s] [ 51%] Built target test_robot_state
[24.988s] [ 52%] [32m[1mLinking CXX executable test_aabb[0m
[25.123s] [ 52%] Built target test_aabb
[27.011s] [ 53%] [32m[1mLinking CXX shared library libmoveit_collision_detection.so[0m
[27.107s] [ 53%] Built target moveit_collision_detection
[27.119s] [ 54%] [32mBuilding CXX object collision_detection_fcl/CMakeFiles/moveit_collision_detection_fcl.dir/src/collision_env_fcl.cpp.o[0m
[27.120s] [ 54%] [32mBuilding CXX object collision_detection_fcl/CMakeFiles/moveit_collision_detection_fcl.dir/src/collision_common.cpp.o[0m
[27.123s] [ 54%] [32mBuilding CXX object collision_detection_bullet/CMakeFiles/moveit_collision_detection_bullet.dir/src/bullet_integration/ros_bullet_utils.cpp.o[0m
[27.123s] [ 59%] [32mBuilding CXX object collision_detection_bullet/CMakeFiles/moveit_collision_detection_bullet.dir/src/collision_env_bullet.cpp.o[0m
[27.123s] [ 59%] [32mBuilding CXX object collision_detection_bullet/CMakeFiles/moveit_collision_detection_bullet.dir/src/bullet_integration/bullet_utils.cpp.o[0m
[27.123s] [ 59%] [32mBuilding CXX object collision_detection/CMakeFiles/test_world.dir/test/test_world.cpp.o[0m
[27.123s] [ 59%] [32mBuilding CXX object collision_detection/CMakeFiles/test_world_diff.dir/test/test_world_diff.cpp.o[0m
[27.123s] [ 59%] [32mBuilding CXX object collision_detection/CMakeFiles/test_all_valid.dir/test/test_all_valid.cpp.o[0m
[27.123s] [ 59%] [32mBuilding CXX object collision_detection_bullet/CMakeFiles/moveit_collision_detection_bullet.dir/src/bullet_integration/bullet_discrete_bvh_manager.cpp.o[0m
[27.123s] [ 59%] [32mBuilding CXX object collision_detection_bullet/CMakeFiles/moveit_collision_detection_bullet.dir/src/bullet_integration/bullet_cast_bvh_manager.cpp.o[0m
[27.124s] [ 59%] [32mBuilding CXX object collision_detection_bullet/CMakeFiles/moveit_collision_detection_bullet.dir/src/bullet_integration/bullet_bvh_manager.cpp.o[0m
[27.124s] [ 60%] [32mBuilding CXX object collision_detection_bullet/CMakeFiles/moveit_collision_detection_bullet.dir/src/bullet_integration/contact_checker_common.cpp.o[0m
[28.243s] [ 60%] [32m[1mLinking CXX executable test_robot_trajectory[0m
[28.394s] [ 61%] [32m[1mLinking CXX shared library libmoveit_planning_interface.so[0m
[28.404s] [ 61%] Built target test_robot_trajectory
[28.475s] [ 61%] Built target moveit_planning_interface
[29.357s] [ 62%] [32m[1mLinking CXX shared library libmoveit_kinematics_metrics.so[0m
[29.446s] [ 62%] Built target moveit_kinematics_metrics
[29.615s] [ 63%] [32m[1mLinking CXX shared library libmoveit_trajectory_processing.so[0m
[29.759s] [ 63%] Built target moveit_trajectory_processing
[29.778s] [ 65%] [32mBuilding CXX object trajectory_processing/CMakeFiles/test_time_optimal_trajectory_generation.dir/test/test_time_optimal_trajectory_generation.cpp.o[0m
[29.778s] [ 65%] [32mBuilding CXX object trajectory_processing/CMakeFiles/test_ruckig_traj_smoothing.dir/test/test_ruckig_traj_smoothing.cpp.o[0m
[29.778s] [ 65%] [32mBuilding CXX object trajectory_processing/CMakeFiles/test_time_parameterization.dir/test/test_time_parameterization.cpp.o[0m
[30.398s] [ 66%] [32m[1mLinking CXX executable test_world_diff[0m
[30.525s] [ 66%] Built target test_world_diff
[31.130s] [ 67%] [32m[1mLinking CXX executable test_all_valid[0m
[31.261s] [ 67%] Built target test_all_valid
[31.699s] [ 67%] [32m[1mLinking CXX executable test_world[0m
[31.813s] [ 67%] Built target test_world
[31.852s] [ 68%] [32m[1mLinking CXX shared library libmoveit_collision_detection_fcl.so[0m
[31.964s] [ 68%] Built target moveit_collision_detection_fcl
[31.974s] [ 69%] [32mBuilding CXX object kinematic_constraints/CMakeFiles/moveit_kinematic_constraints.dir/src/kinematic_constraint.cpp.o[0m
[31.974s] [ 71%] [32mBuilding CXX object collision_detection_fcl/CMakeFiles/test_fcl_collision_detection.dir/test/test_fcl_collision_detection_pr2.cpp.o[0m
[31.974s] [ 71%] [32mBuilding CXX object kinematic_constraints/CMakeFiles/moveit_kinematic_constraints.dir/src/utils.cpp.o[0m
[31.974s] [ 71%] [32mBuilding CXX object collision_detection_fcl/CMakeFiles/test_fcl_collision_env.dir/test/test_fcl_env.cpp.o[0m
[31.975s] [ 72%] [32mBuilding CXX object collision_detection_fcl/CMakeFiles/test_fcl_collision_detection_panda.dir/test/test_fcl_collision_detection_panda.cpp.o[0m
[32.250s] [ 73%] [32m[1mLinking CXX shared library libmoveit_collision_detection_bullet.so[0m
[32.353s] [ 73%] Built target moveit_collision_detection_bullet
[32.363s] [ 74%] [32mBuilding CXX object collision_detection_bullet/CMakeFiles/test_bullet_collision_detection.dir/test/test_bullet_collision_detection_pr2.cpp.o[0m
[32.369s] [ 76%] [32mBuilding CXX object collision_detection_bullet/CMakeFiles/test_bullet_continuous_collision_checking.dir/test/test_bullet_continuous_collision_checking.cpp.o[0m
[32.369s] [ 76%] [32mBuilding CXX object collision_detection_bullet/CMakeFiles/test_bullet_collision_detection_panda.dir/test/test_bullet_collision_detection_panda.cpp.o[0m
[33.789s] [ 77%] [32m[1mLinking CXX executable test_time_parameterization[0m
[33.937s] [ 77%] Built target test_time_parameterization
[34.257s] [ 77%] [32m[1mLinking CXX executable test_ruckig_traj_smoothing[0m
[34.400s] [ 77%] Built target test_ruckig_traj_smoothing
[34.418s] [ 78%] [32m[1mLinking CXX executable test_time_optimal_trajectory_generation[0m
[34.557s] [ 78%] Built target test_time_optimal_trajectory_generation
[36.255s] [ 79%] [32m[1mLinking CXX executable test_fcl_collision_env[0m
[36.404s] [ 79%] Built target test_fcl_collision_env
[36.854s] [ 79%] [32m[1mLinking CXX executable test_fcl_collision_detection[0m
[36.974s] [ 79%] [32m[1mLinking CXX executable test_bullet_collision_detection[0m
[37.011s] [ 79%] Built target test_fcl_collision_detection
[37.021s] [ 79%] [32m[1mLinking CXX executable test_bullet_collision_detection_panda[0m
[37.123s] [ 79%] Built target test_bullet_collision_detection
[37.158s] [ 79%] Built target test_bullet_collision_detection_panda
[37.439s] [ 79%] [32m[1mLinking CXX executable test_fcl_collision_detection_panda[0m
[37.564s] [ 79%] Built target test_fcl_collision_detection_panda
[37.982s] [ 80%] [32m[1mLinking CXX executable test_bullet_continuous_collision_checking[0m
[38.114s] [ 80%] Built target test_bullet_continuous_collision_checking
[38.594s] [ 81%] [32m[1mLinking CXX shared library libmoveit_kinematic_constraints.so[0m
[38.681s] [ 81%] Built target moveit_kinematic_constraints
[38.689s] [ 81%] [32mBuilding CXX object kinematic_constraints/CMakeFiles/test_constraints.dir/test/test_constraints.cpp.o[0m
[38.689s] [ 82%] [32mBuilding CXX object planning_scene/CMakeFiles/moveit_planning_scene.dir/src/planning_scene.cpp.o[0m
[38.690s] [ 82%] [32mBuilding CXX object kinematic_constraints/CMakeFiles/test_orientation_constraints.dir/test/test_orientation_constraints.cpp.o[0m
[43.042s] [ 83%] [32m[1mLinking CXX executable test_orientation_constraints[0m
[43.169s] [ 83%] Built target test_orientation_constraints
[43.599s] [ 84%] [32m[1mLinking CXX executable test_constraints[0m
[43.719s] [ 84%] Built target test_constraints
[46.573s] [ 84%] [32m[1mLinking CXX shared library libmoveit_planning_scene.so[0m
[46.663s] [ 84%] Built target moveit_planning_scene
[46.673s] [ 84%] [32mBuilding CXX object collision_distance_field/CMakeFiles/moveit_collision_distance_field.dir/src/collision_env_distance_field.cpp.o[0m
[46.673s] [ 86%] [32mBuilding CXX object planning_scene/CMakeFiles/test_planning_scene.dir/test/test_planning_scene.cpp.o[0m
[46.673s] [ 86%] [32mBuilding CXX object collision_distance_field/CMakeFiles/moveit_collision_distance_field.dir/src/collision_common_distance_field.cpp.o[0m
[46.673s] [ 87%] [32mBuilding CXX object planning_request_adapter/CMakeFiles/moveit_planning_request_adapter.dir/src/planning_request_adapter.cpp.o[0m
[46.673s] [ 87%] [32mBuilding CXX object collision_distance_field/CMakeFiles/moveit_collision_distance_field.dir/src/collision_distance_field_types.cpp.o[0m
[46.673s] [ 87%] [32mBuilding CXX object collision_distance_field/CMakeFiles/moveit_collision_distance_field.dir/src/collision_env_hybrid.cpp.o[0m
[46.673s] [ 88%] [32mBuilding CXX object constraint_samplers/CMakeFiles/moveit_constraint_samplers.dir/src/constraint_sampler_manager.cpp.o[0m
[46.674s] [ 88%] [32mBuilding CXX object collision_detection_fcl/CMakeFiles/collision_detector_fcl_plugin.dir/src/collision_detector_fcl_plugin_loader.cpp.o[0m
[46.674s] [ 88%] [32mBuilding CXX object constraint_samplers/CMakeFiles/moveit_constraint_samplers.dir/src/constraint_sampler.cpp.o[0m
[46.675s] [ 89%] [32mBuilding CXX object constraint_samplers/CMakeFiles/moveit_constraint_samplers.dir/src/constraint_sampler_tools.cpp.o[0m
[46.675s] [ 89%] [32mBuilding CXX object planning_scene/CMakeFiles/test_collision_objects.dir/test/test_collision_objects.cpp.o[0m
[46.675s] [ 90%] [32mBuilding CXX object constraint_samplers/CMakeFiles/moveit_constraint_samplers.dir/src/default_constraint_samplers.cpp.o[0m
[46.675s] [ 90%] [32mBuilding CXX object constraint_samplers/CMakeFiles/moveit_constraint_samplers.dir/src/union_constraint_sampler.cpp.o[0m
[46.676s] [ 90%] [32mBuilding CXX object planning_scene/CMakeFiles/test_multi_threaded.dir/test/test_multi_threaded.cpp.o[0m
[46.676s] [ 90%] [32mBuilding CXX object collision_detection_bullet/CMakeFiles/collision_detector_bullet_plugin.dir/src/collision_detector_bullet_plugin_loader.cpp.o[0m
[50.362s] [ 91%] [32m[1mLinking CXX shared library libmoveit_planning_request_adapter.so[0m
[50.446s] [ 91%] Built target moveit_planning_request_adapter
[52.279s] [ 91%] [32m[1mLinking CXX executable test_collision_objects[0m
[52.419s] [ 91%] Built target test_collision_objects
[52.459s] [ 92%] [32m[1mLinking CXX executable test_multi_threaded[0m
[52.603s] [ 92%] Built target test_multi_threaded
[52.661s] [ 93%] [32m[1mLinking CXX shared library libcollision_detector_bullet_plugin.so[0m
[52.711s] [ 94%] [32m[1mLinking CXX shared library libcollision_detector_fcl_plugin.so[0m
[52.734s] [ 94%] Built target collision_detector_bullet_plugin
[52.779s] [ 94%] Built target collision_detector_fcl_plugin
[53.319s] [ 95%] [32m[1mLinking CXX shared library libmoveit_constraint_samplers.so[0m
[53.398s] [ 95%] Built target moveit_constraint_samplers
[53.407s] [ 96%] [32mBuilding CXX object constraint_samplers/CMakeFiles/test_constraint_samplers.dir/test/test_constraint_samplers.cpp.o[0m
[53.407s] [ 96%] [32mBuilding CXX object constraint_samplers/CMakeFiles/test_constraint_samplers.dir/test/pr2_arm_ik.cpp.o[0m
[53.407s] [ 97%] [32mBuilding CXX object constraint_samplers/CMakeFiles/test_constraint_samplers.dir/test/pr2_arm_kinematics_plugin.cpp.o[0m
[53.948s] [ 98%] [32m[1mLinking CXX shared library libmoveit_collision_distance_field.so[0m
[53.956s] [ 98%] [32m[1mLinking CXX executable test_planning_scene[0m
[54.045s] [ 98%] Built target moveit_collision_distance_field
[54.054s] [ 99%] [32mBuilding CXX object collision_distance_field/CMakeFiles/test_collision_distance_field.dir/test/test_collision_distance_field.cpp.o[0m
[54.100s] [ 99%] Built target test_planning_scene
[58.862s] [ 99%] [32m[1mLinking CXX executable test_collision_distance_field[0m
[58.989s] [ 99%] Built target test_collision_distance_field
[59.652s] [100%] [32m[1mLinking CXX executable test_constraint_samplers[0m
[59.790s] [100%] Built target test_constraint_samplers
[59.796s] Invoked command in '/home/steven/ws_moveit2/build/moveit_core' returned '0': AMENT_PREFIX_PATH=/home/steven/ws_moveit2/install/moveit_resources_panda_moveit_config:/home/steven/ws_moveit2/install/srdfdom:/home/steven/ws_moveit2/install/moveit_resources_pr2_description:/home/steven/ws_moveit2/install/moveit_resources_panda_description:/home/steven/ws_moveit2/install/moveit_common:${AMENT_PREFIX_PATH} CMAKE_PREFIX_PATH=/home/steven/ws_moveit2/install/moveit_resources_panda_moveit_config:/home/steven/ws_moveit2/install/srdfdom:/home/steven/ws_moveit2/install/moveit_resources_pr2_description:/home/steven/ws_moveit2/install/moveit_resources_panda_description:/home/steven/ws_moveit2/install/moveit_common:/opt/ros/humble LD_LIBRARY_PATH=/home/steven/ws_moveit2/install/srdfdom/lib:/opt/ros/humble/opt/rviz_ogre_vendor/lib:/opt/ros/humble/lib/x86_64-linux-gnu:/opt/ros/humble/lib:/usr/local/cuda-12.3/lib64 PYTHONPATH=/home/steven/ws_moveit2/install/srdfdom/local/lib/python3.10/dist-packages:${PYTHONPATH} /usr/bin/cmake --build /home/steven/ws_moveit2/build/moveit_core -- -j32 -l32
[59.820s] Invoking command in '/home/steven/ws_moveit2/build/moveit_core': AMENT_PREFIX_PATH=/home/steven/ws_moveit2/install/moveit_resources_panda_moveit_config:/home/steven/ws_moveit2/install/srdfdom:/home/steven/ws_moveit2/install/moveit_resources_pr2_description:/home/steven/ws_moveit2/install/moveit_resources_panda_description:/home/steven/ws_moveit2/install/moveit_common:${AMENT_PREFIX_PATH} CMAKE_PREFIX_PATH=/home/steven/ws_moveit2/install/moveit_resources_panda_moveit_config:/home/steven/ws_moveit2/install/srdfdom:/home/steven/ws_moveit2/install/moveit_resources_pr2_description:/home/steven/ws_moveit2/install/moveit_resources_panda_description:/home/steven/ws_moveit2/install/moveit_common:/opt/ros/humble LD_LIBRARY_PATH=/home/steven/ws_moveit2/install/srdfdom/lib:/opt/ros/humble/opt/rviz_ogre_vendor/lib:/opt/ros/humble/lib/x86_64-linux-gnu:/opt/ros/humble/lib:/usr/local/cuda-12.3/lib64 PYTHONPATH=/home/steven/ws_moveit2/install/srdfdom/local/lib/python3.10/dist-packages:${PYTHONPATH} /usr/bin/cmake --install /home/steven/ws_moveit2/build/moveit_core
[59.824s] -- Install configuration: "Release"
[59.824s] -- Installing: /home/steven/ws_moveit2/install/moveit_core/include/moveit/version.h
[59.824s] -- Up-to-date: /home/steven/ws_moveit2/install/moveit_core/include
[59.824s] -- Up-to-date: /home/steven/ws_moveit2/install/moveit_core/include/moveit
[59.824s] -- Installing: /home/steven/ws_moveit2/install/moveit_core/include/moveit/collision_distance_field
[59.824s] -- Installing: /home/steven/ws_moveit2/install/moveit_core/include/moveit/collision_distance_field/collision_common_distance_field.h
[59.824s] -- Installing: /home/steven/ws_moveit2/install/moveit_core/include/moveit/collision_distance_field/collision_env_distance_field.h
[59.824s] -- Installing: /home/steven/ws_moveit2/install/moveit_core/include/moveit/collision_distance_field/collision_env_hybrid.h
[59.824s] -- Installing: /home/steven/ws_moveit2/install/moveit_core/include/moveit/collision_distance_field/collision_detector_allocator_hybrid.h
[59.824s] -- Installing: /home/steven/ws_moveit2/install/moveit_core/include/moveit/collision_distance_field/collision_distance_field_types.h
[59.824s] -- Installing: /home/steven/ws_moveit2/install/moveit_core/include/moveit/collision_distance_field/collision_detector_allocator_distance_field.h
[59.824s] -- Installing: /home/steven/ws_moveit2/install/moveit_core/include/moveit_collision_distance_field_export.h
[59.824s] -- Up-to-date: /home/steven/ws_moveit2/install/moveit_core/include
[59.824s] -- Up-to-date: /home/steven/ws_moveit2/install/moveit_core/include/moveit
[59.824s] -- Installing: /home/steven/ws_moveit2/install/moveit_core/include/moveit/constraint_samplers
[59.824s] -- Installing: /home/steven/ws_moveit2/install/moveit_core/include/moveit/constraint_samplers/constraint_sampler_manager.h
[59.824s] -- Installing: /home/steven/ws_moveit2/install/moveit_core/include/moveit/constraint_samplers/union_constraint_sampler.h
[59.824s] -- Installing: /home/steven/ws_moveit2/install/moveit_core/include/moveit/constraint_samplers/constraint_sampler_allocator.h
[59.824s] -- Installing: /home/steven/ws_moveit2/install/moveit_core/include/moveit/constraint_samplers/default_constraint_samplers.h
[59.824s] -- Installing: /home/steven/ws_moveit2/install/moveit_core/include/moveit/constraint_samplers/constraint_sampler.h
[59.824s] -- Installing: /home/steven/ws_moveit2/install/moveit_core/include/moveit/constraint_samplers/constraint_sampler_tools.h
[59.824s] -- Up-to-date: /home/steven/ws_moveit2/install/moveit_core/include
[59.825s] -- Up-to-date: /home/steven/ws_moveit2/install/moveit_core/include/moveit
[59.825s] -- Installing: /home/steven/ws_moveit2/install/moveit_core/include/moveit/controller_manager
[59.825s] -- Installing: /home/steven/ws_moveit2/install/moveit_core/include/moveit/controller_manager/controller_manager.h
[59.825s] -- Up-to-date: /home/steven/ws_moveit2/install/moveit_core/include
[59.825s] -- Up-to-date: /home/steven/ws_moveit2/install/moveit_core/include/moveit
[59.825s] -- Installing: /home/steven/ws_moveit2/install/moveit_core/include/moveit/distance_field
[59.825s] -- Installing: /home/steven/ws_moveit2/install/moveit_core/include/moveit/distance_field/find_internal_points.h
[59.825s] -- Installing: /home/steven/ws_moveit2/install/moveit_core/include/moveit/distance_field/propagation_distance_field.h
[59.825s] -- Installing: /home/steven/ws_moveit2/install/moveit_core/include/moveit/distance_field/distance_field.h
[59.825s] -- Installing: /home/steven/ws_moveit2/install/moveit_core/include/moveit/distance_field/voxel_grid.h
[59.825s] -- Up-to-date: /home/steven/ws_moveit2/install/moveit_core/include
[59.825s] -- Up-to-date: /home/steven/ws_moveit2/install/moveit_core/include/moveit
[59.825s] -- Installing: /home/steven/ws_moveit2/install/moveit_core/include/moveit/dynamics_solver
[59.825s] -- Installing: /home/steven/ws_moveit2/install/moveit_core/include/moveit/dynamics_solver/dynamics_solver.h
[59.825s] -- Up-to-date: /home/steven/ws_moveit2/install/moveit_core/include
[59.825s] -- Up-to-date: /home/steven/ws_moveit2/install/moveit_core/include/moveit
[59.825s] -- Installing: /home/steven/ws_moveit2/install/moveit_core/include/moveit/exceptions
[59.825s] -- Installing: /home/steven/ws_moveit2/install/moveit_core/include/moveit/exceptions/exceptions.h
[59.825s] -- Up-to-date: /home/steven/ws_moveit2/install/moveit_core/include
[59.825s] -- Up-to-date: /home/steven/ws_moveit2/install/moveit_core/include/moveit
[59.825s] -- Installing: /home/steven/ws_moveit2/install/moveit_core/include/moveit/kinematics_base
[59.825s] -- Installing: /home/steven/ws_moveit2/install/moveit_core/include/moveit/kinematics_base/kinematics_base.h
[59.825s] -- Installing: /home/steven/ws_moveit2/install/moveit_core/include/moveit_kinematics_base_export.h
[59.825s] -- Up-to-date: /home/steven/ws_moveit2/install/moveit_core/include
[59.825s] -- Up-to-date: /home/steven/ws_moveit2/install/moveit_core/include/moveit
[59.825s] -- Installing: /home/steven/ws_moveit2/install/moveit_core/include/moveit/kinematic_constraints
[59.825s] -- Installing: /home/steven/ws_moveit2/install/moveit_core/include/moveit/kinematic_constraints/utils.h
[59.825s] -- Installing: /home/steven/ws_moveit2/install/moveit_core/include/moveit/kinematic_constraints/kinematic_constraint.h
[59.825s] -- Up-to-date: /home/steven/ws_moveit2/install/moveit_core/include
[59.825s] -- Up-to-date: /home/steven/ws_moveit2/install/moveit_core/include/moveit
[59.825s] -- Installing: /home/steven/ws_moveit2/install/moveit_core/include/moveit/kinematics_metrics
[59.825s] -- Installing: /home/steven/ws_moveit2/install/moveit_core/include/moveit/kinematics_metrics/kinematics_metrics.h
[59.825s] -- Up-to-date: /home/steven/ws_moveit2/install/moveit_core/include
[59.825s] -- Up-to-date: /home/steven/ws_moveit2/install/moveit_core/include/moveit
[59.825s] -- Installing: /home/steven/ws_moveit2/install/moveit_core/include/moveit/macros
[59.825s] -- Installing: /home/steven/ws_moveit2/install/moveit_core/include/moveit/macros/console_colors.h
[59.825s] -- Installing: /home/steven/ws_moveit2/install/moveit_core/include/moveit/macros/deprecation.h
[59.825s] -- Installing: /home/steven/ws_moveit2/install/moveit_core/include/moveit/macros/class_forward.h
[59.825s] -- Installing: /home/steven/ws_moveit2/install/moveit_core/include/moveit/macros/declare_ptr.h
[59.825s] -- Installing: /home/steven/ws_moveit2/install/moveit_core/include/moveit_butterworth_parameters
[59.826s] -- Installing: /home/steven/ws_moveit2/install/moveit_core/include/moveit_butterworth_parameters/moveit_butterworth_parameters.hpp
[59.826s] -- Up-to-date: /home/steven/ws_moveit2/install/moveit_core/include
[59.826s] -- Up-to-date: /home/steven/ws_moveit2/install/moveit_core/include/moveit
[59.826s] -- Installing: /home/steven/ws_moveit2/install/moveit_core/include/moveit/online_signal_smoothing
[59.826s] -- Installing: /home/steven/ws_moveit2/install/moveit_core/include/moveit/online_signal_smoothing/butterworth_filter.h
[59.826s] -- Installing: /home/steven/ws_moveit2/install/moveit_core/include/moveit/online_signal_smoothing/smoothing_base_class.h
[59.826s] -- Installing: /home/steven/ws_moveit2/install/moveit_core/include/moveit_smoothing_base_export.h
[59.826s] -- Installing: /home/steven/ws_moveit2/install/moveit_core/include/moveit_butterworth_filter_export.h
[59.826s] -- Up-to-date: /home/steven/ws_moveit2/install/moveit_core/include
[59.826s] -- Up-to-date: /home/steven/ws_moveit2/install/moveit_core/include/moveit
[59.826s] -- Installing: /home/steven/ws_moveit2/install/moveit_core/include/moveit/planning_interface
[59.826s] -- Installing: /home/steven/ws_moveit2/install/moveit_core/include/moveit/planning_interface/planning_interface.h
[59.826s] -- Installing: /home/steven/ws_moveit2/install/moveit_core/include/moveit/planning_interface/planning_request.h
[59.826s] -- Installing: /home/steven/ws_moveit2/install/moveit_core/include/moveit/planning_interface/planning_response.h
[59.826s] -- Up-to-date: /home/steven/ws_moveit2/install/moveit_core/include
[59.826s] -- Up-to-date: /home/steven/ws_moveit2/install/moveit_core/include/moveit
[59.826s] -- Installing: /home/steven/ws_moveit2/install/moveit_core/include/moveit/planning_request_adapter
[59.826s] -- Installing: /home/steven/ws_moveit2/install/moveit_core/include/moveit/planning_request_adapter/planning_request_adapter.h
[59.826s] -- Up-to-date: /home/steven/ws_moveit2/install/moveit_core/include
[59.826s] -- Up-to-date: /home/steven/ws_moveit2/install/moveit_core/include/moveit
[59.826s] -- Installing: /home/steven/ws_moveit2/install/moveit_core/include/moveit/planning_scene
[59.826s] -- Installing: /home/steven/ws_moveit2/install/moveit_core/include/moveit/planning_scene/planning_scene.h
[59.826s] -- Installing: /home/steven/ws_moveit2/install/moveit_core/include/moveit_planning_scene_export.h
[59.826s] -- Up-to-date: /home/steven/ws_moveit2/install/moveit_core/include
[59.826s] -- Up-to-date: /home/steven/ws_moveit2/install/moveit_core/include/moveit
[59.826s] -- Installing: /home/steven/ws_moveit2/install/moveit_core/include/moveit/robot_model
[59.826s] -- Installing: /home/steven/ws_moveit2/install/moveit_core/include/moveit/robot_model/prismatic_joint_model.h
[59.826s] -- Installing: /home/steven/ws_moveit2/install/moveit_core/include/moveit/robot_model/aabb.h
[59.826s] -- Installing: /home/steven/ws_moveit2/install/moveit_core/include/moveit/robot_model/robot_model.h
[59.826s] -- Installing: /home/steven/ws_moveit2/install/moveit_core/include/moveit/robot_model/link_model.h
[59.826s] -- Installing: /home/steven/ws_moveit2/install/moveit_core/include/moveit/robot_model/fixed_joint_model.h
[59.826s] -- Installing: /home/steven/ws_moveit2/install/moveit_core/include/moveit/robot_model/joint_model_group.h
[59.826s] -- Installing: /home/steven/ws_moveit2/install/moveit_core/include/moveit/robot_model/floating_joint_model.h
[59.826s] -- Installing: /home/steven/ws_moveit2/install/moveit_core/include/moveit/robot_model/joint_model.h
[59.826s] -- Installing: /home/steven/ws_moveit2/install/moveit_core/include/moveit/robot_model/revolute_joint_model.h
[59.826s] -- Installing: /home/steven/ws_moveit2/install/moveit_core/include/moveit/robot_model/planar_joint_model.h
[59.826s] -- Up-to-date: /home/steven/ws_moveit2/install/moveit_core/include
[59.826s] -- Up-to-date: /home/steven/ws_moveit2/install/moveit_core/include/moveit
[59.827s] -- Installing: /home/steven/ws_moveit2/install/moveit_core/include/moveit/robot_state
[59.827s] -- Installing: /home/steven/ws_moveit2/install/moveit_core/include/moveit/robot_state/conversions.h
[59.827s] -- Installing: /home/steven/ws_moveit2/install/moveit_core/include/moveit/robot_state/cartesian_interpolator.h
[59.827s] -- Installing: /home/steven/ws_moveit2/install/moveit_core/include/moveit/robot_state/robot_state.h
[59.827s] -- Installing: /home/steven/ws_moveit2/install/moveit_core/include/moveit/robot_state/attached_body.h
[59.827s] -- Up-to-date: /home/steven/ws_moveit2/install/moveit_core/include
[59.827s] -- Up-to-date: /home/steven/ws_moveit2/install/moveit_core/include/moveit
[59.827s] -- Installing: /home/steven/ws_moveit2/install/moveit_core/include/moveit/robot_trajectory
[59.827s] -- Installing: /home/steven/ws_moveit2/install/moveit_core/include/moveit/robot_trajectory/robot_trajectory.h
[59.827s] -- Up-to-date: /home/steven/ws_moveit2/install/moveit_core/include
[59.827s] -- Up-to-date: /home/steven/ws_moveit2/install/moveit_core/include/moveit
[59.827s] -- Installing: /home/steven/ws_moveit2/install/moveit_core/include/moveit/sensor_manager
[59.827s] -- Installing: /home/steven/ws_moveit2/install/moveit_core/include/moveit/sensor_manager/sensor_manager.h
[59.827s] -- Up-to-date: /home/steven/ws_moveit2/install/moveit_core/include
[59.827s] -- Up-to-date: /home/steven/ws_moveit2/install/moveit_core/include/moveit
[59.827s] -- Installing: /home/steven/ws_moveit2/install/moveit_core/include/moveit/trajectory_processing
[59.827s] -- Installing: /home/steven/ws_moveit2/install/moveit_core/include/moveit/trajectory_processing/trajectory_tools.h
[59.827s] -- Installing: /home/steven/ws_moveit2/install/moveit_core/include/moveit/trajectory_processing/time_optimal_trajectory_generation.h
[59.827s] -- Installing: /home/steven/ws_moveit2/install/moveit_core/include/moveit/trajectory_processing/time_parameterization.h
[59.827s] -- Installing: /home/steven/ws_moveit2/install/moveit_core/include/moveit/trajectory_processing/iterative_time_parameterization.h
[59.827s] -- Installing: /home/steven/ws_moveit2/install/moveit_core/include/moveit/trajectory_processing/iterative_spline_parameterization.h
[59.827s] -- Installing: /home/steven/ws_moveit2/install/moveit_core/include/moveit/trajectory_processing/ruckig_traj_smoothing.h
[59.827s] -- Up-to-date: /home/steven/ws_moveit2/install/moveit_core/include
[59.827s] -- Up-to-date: /home/steven/ws_moveit2/install/moveit_core/include/moveit
[59.827s] -- Installing: /home/steven/ws_moveit2/install/moveit_core/include/moveit/transforms
[59.827s] -- Installing: /home/steven/ws_moveit2/install/moveit_core/include/moveit/transforms/transforms.h
[59.827s] -- Up-to-date: /home/steven/ws_moveit2/install/moveit_core/include
[59.827s] -- Up-to-date: /home/steven/ws_moveit2/install/moveit_core/include/moveit
[59.827s] -- Installing: /home/steven/ws_moveit2/install/moveit_core/include/moveit/utils
[59.827s] -- Installing: /home/steven/ws_moveit2/install/moveit_core/include/moveit/utils/lexical_casts.h
[59.827s] -- Installing: /home/steven/ws_moveit2/install/moveit_core/include/moveit/utils/rclcpp_utils.h
[59.827s] -- Installing: /home/steven/ws_moveit2/install/moveit_core/include/moveit/utils/message_checks.h
[59.827s] -- Installing: /home/steven/ws_moveit2/install/moveit_core/include/moveit/utils/robot_model_test_utils.h
[59.827s] -- Installing: /home/steven/ws_moveit2/install/moveit_core/include/moveit/utils/moveit_error_code.h
[59.827s] -- Installing: /home/steven/ws_moveit2/install/moveit_core/bin/moveit_version
[59.828s] -- Up-to-date: /home/steven/ws_moveit2/install/moveit_core/include
[59.828s] -- Up-to-date: /home/steven/ws_moveit2/install/moveit_core/include/moveit
[59.828s] -- Installing: /home/steven/ws_moveit2/install/moveit_core/include/moveit/collision_detection
[59.828s] -- Installing: /home/steven/ws_moveit2/install/moveit_core/include/moveit/collision_detection/occupancy_map.h
[59.828s] -- Installing: /home/steven/ws_moveit2/install/moveit_core/include/moveit/collision_detection/collision_common.h
[59.828s] -- Installing: /home/steven/ws_moveit2/install/moveit_core/include/moveit/collision_detection/collision_plugin.h
[59.828s] -- Installing: /home/steven/ws_moveit2/install/moveit_core/include/moveit/collision_detection/test_collision_common_panda.h
[59.828s] -- Installing: /home/steven/ws_moveit2/install/moveit_core/include/moveit/collision_detection/collision_detector_allocator.h
[59.828s] -- Installing: /home/steven/ws_moveit2/install/moveit_core/include/moveit/collision_detection/collision_tools.h
[59.828s] -- Installing: /home/steven/ws_moveit2/install/moveit_core/include/moveit/collision_detection/world.h
[59.828s] -- Installing: /home/steven/ws_moveit2/install/moveit_core/include/moveit/collision_detection/world_diff.h
[59.828s] -- Installing: /home/steven/ws_moveit2/install/moveit_core/include/moveit/collision_detection/test_collision_common_pr2.h
[59.828s] -- Installing: /home/steven/ws_moveit2/install/moveit_core/include/moveit/collision_detection/allvalid
[59.828s] -- Installing: /home/steven/ws_moveit2/install/moveit_core/include/moveit/collision_detection/allvalid/collision_env_allvalid.h
[59.828s] -- Installing: /home/steven/ws_moveit2/install/moveit_core/include/moveit/collision_detection/allvalid/collision_detector_allocator_allvalid.h
[59.828s] -- Installing: /home/steven/ws_moveit2/install/moveit_core/include/moveit/collision_detection/collision_matrix.h
[59.828s] -- Installing: /home/steven/ws_moveit2/install/moveit_core/include/moveit/collision_detection/collision_plugin_cache.h
[59.828s] -- Installing: /home/steven/ws_moveit2/install/moveit_core/include/moveit/collision_detection/collision_octomap_filter.h
[59.828s] -- Installing: /home/steven/ws_moveit2/install/moveit_core/include/moveit/collision_detection/collision_env.h
[59.828s] -- Installing: /home/steven/ws_moveit2/install/moveit_core/include/moveit_collision_detection_export.h
[59.828s] -- Up-to-date: /home/steven/ws_moveit2/install/moveit_core/include
[59.828s] -- Up-to-date: /home/steven/ws_moveit2/install/moveit_core/include/moveit
[59.828s] -- Installing: /home/steven/ws_moveit2/install/moveit_core/include/moveit/collision_detection_bullet
[59.828s] -- Installing: /home/steven/ws_moveit2/install/moveit_core/include/moveit/collision_detection_bullet/collision_detector_allocator_bullet.h
[59.828s] -- Installing: /home/steven/ws_moveit2/install/moveit_core/include/moveit/collision_detection_bullet/bullet_integration
[59.828s] -- Installing: /home/steven/ws_moveit2/install/moveit_core/include/moveit/collision_detection_bullet/bullet_integration/bullet_discrete_bvh_manager.h
[59.828s] -- Installing: /home/steven/ws_moveit2/install/moveit_core/include/moveit/collision_detection_bullet/bullet_integration/bullet_utils.h
[59.828s] -- Installing: /home/steven/ws_moveit2/install/moveit_core/include/moveit/collision_detection_bullet/bullet_integration/basic_types.h
[59.828s] -- Installing: /home/steven/ws_moveit2/install/moveit_core/include/moveit/collision_detection_bullet/bullet_integration/bullet_cast_bvh_manager.h
[59.828s] -- Installing: /home/steven/ws_moveit2/install/moveit_core/include/moveit/collision_detection_bullet/bullet_integration/bullet_bvh_manager.h
[59.828s] -- Installing: /home/steven/ws_moveit2/install/moveit_core/include/moveit/collision_detection_bullet/bullet_integration/ros_bullet_utils.h
[59.828s] -- Installing: /home/steven/ws_moveit2/install/moveit_core/include/moveit/collision_detection_bullet/bullet_integration/contact_checker_common.h
[59.828s] -- Installing: /home/steven/ws_moveit2/install/moveit_core/include/moveit/collision_detection_bullet/collision_env_bullet.h
[59.828s] -- Installing: /home/steven/ws_moveit2/install/moveit_core/include/moveit/collision_detection_bullet/collision_detector_bullet_plugin_loader.h
[59.828s] -- Installing: /home/steven/ws_moveit2/install/moveit_core/include/moveit_collision_detection_bullet_export.h
[59.828s] -- Up-to-date: /home/steven/ws_moveit2/install/moveit_core/include
[59.828s] -- Up-to-date: /home/steven/ws_moveit2/install/moveit_core/include/moveit
[59.829s] -- Installing: /home/steven/ws_moveit2/install/moveit_core/include/moveit/collision_detection_fcl
[59.829s] -- Installing: /home/steven/ws_moveit2/install/moveit_core/include/moveit/collision_detection_fcl/collision_common.h
[59.829s] -- Installing: /home/steven/ws_moveit2/install/moveit_core/include/moveit/collision_detection_fcl/fcl_compat.h
[59.829s] -- Installing: /home/steven/ws_moveit2/install/moveit_core/include/moveit/collision_detection_fcl/collision_env_fcl.h
[59.829s] -- Installing: /home/steven/ws_moveit2/install/moveit_core/include/moveit/collision_detection_fcl/collision_detector_fcl_plugin_loader.h
[59.829s] -- Installing: /home/steven/ws_moveit2/install/moveit_core/include/moveit/collision_detection_fcl/collision_detector_allocator_fcl.h
[59.829s] -- Installing: /home/steven/ws_moveit2/install/moveit_core/include/moveit_collision_detection_fcl_export.h
[59.829s] -- Installing: /home/steven/ws_moveit2/install/moveit_core/lib/libcollision_detector_bullet_plugin.so.2.5.5
[59.829s] -- Set runtime path of "/home/steven/ws_moveit2/install/moveit_core/lib/libcollision_detector_bullet_plugin.so.2.5.5" to ""
[59.829s] -- Installing: /home/steven/ws_moveit2/install/moveit_core/lib/libcollision_detector_bullet_plugin.so
[59.829s] -- Installing: /home/steven/ws_moveit2/install/moveit_core/lib/libmoveit_butterworth_filter.so.2.5.5
[59.829s] -- Set runtime path of "/home/steven/ws_moveit2/install/moveit_core/lib/libmoveit_butterworth_filter.so.2.5.5" to ""
[59.829s] -- Installing: /home/steven/ws_moveit2/install/moveit_core/lib/libmoveit_butterworth_filter.so
[59.829s] -- Installing: /home/steven/ws_moveit2/install/moveit_core/lib/libmoveit_collision_distance_field.so.2.5.5
[59.829s] -- Set runtime path of "/home/steven/ws_moveit2/install/moveit_core/lib/libmoveit_collision_distance_field.so.2.5.5" to ""
[59.829s] -- Installing: /home/steven/ws_moveit2/install/moveit_core/lib/libmoveit_collision_distance_field.so
[59.829s] -- Installing: /home/steven/ws_moveit2/install/moveit_core/lib/libmoveit_collision_detection.so.2.5.5
[59.830s] -- Set runtime path of "/home/steven/ws_moveit2/install/moveit_core/lib/libmoveit_collision_detection.so.2.5.5" to ""
[59.830s] -- Installing: /home/steven/ws_moveit2/install/moveit_core/lib/libmoveit_collision_detection.so
[59.830s] -- Installing: /home/steven/ws_moveit2/install/moveit_core/lib/libmoveit_collision_detection_fcl.so.2.5.5
[59.830s] -- Set runtime path of "/home/steven/ws_moveit2/install/moveit_core/lib/libmoveit_collision_detection_fcl.so.2.5.5" to ""
[59.830s] -- Installing: /home/steven/ws_moveit2/install/moveit_core/lib/libmoveit_collision_detection_fcl.so
[59.830s] -- Installing: /home/steven/ws_moveit2/install/moveit_core/lib/libmoveit_collision_detection_bullet.so.2.5.5
[59.830s] -- Set runtime path of "/home/steven/ws_moveit2/install/moveit_core/lib/libmoveit_collision_detection_bullet.so.2.5.5" to ""
[59.830s] -- Installing: /home/steven/ws_moveit2/install/moveit_core/lib/libmoveit_collision_detection_bullet.so
[59.830s] -- Installing: /home/steven/ws_moveit2/install/moveit_core/lib/libmoveit_dynamics_solver.so.2.5.5
[59.830s] -- Set runtime path of "/home/steven/ws_moveit2/install/moveit_core/lib/libmoveit_dynamics_solver.so.2.5.5" to ""
[59.830s] -- Installing: /home/steven/ws_moveit2/install/moveit_core/lib/libmoveit_dynamics_solver.so
[59.830s] -- Installing: /home/steven/ws_moveit2/install/moveit_core/lib/libmoveit_constraint_samplers.so.2.5.5
[59.831s] -- Set runtime path of "/home/steven/ws_moveit2/install/moveit_core/lib/libmoveit_constraint_samplers.so.2.5.5" to ""
[59.831s] -- Installing: /home/steven/ws_moveit2/install/moveit_core/lib/libmoveit_constraint_samplers.so
[59.831s] -- Installing: /home/steven/ws_moveit2/install/moveit_core/lib/libmoveit_distance_field.so.2.5.5
[59.831s] -- Set runtime path of "/home/steven/ws_moveit2/install/moveit_core/lib/libmoveit_distance_field.so.2.5.5" to ""
[59.831s] -- Installing: /home/steven/ws_moveit2/install/moveit_core/lib/libmoveit_distance_field.so
[59.831s] -- Installing: /home/steven/ws_moveit2/install/moveit_core/lib/libmoveit_exceptions.so.2.5.5
[59.831s] -- Set runtime path of "/home/steven/ws_moveit2/install/moveit_core/lib/libmoveit_exceptions.so.2.5.5" to ""
[59.831s] -- Installing: /home/steven/ws_moveit2/install/moveit_core/lib/libmoveit_exceptions.so
[59.831s] -- Installing: /home/steven/ws_moveit2/install/moveit_core/lib/libmoveit_kinematics_base.so
[59.831s] -- Set runtime path of "/home/steven/ws_moveit2/install/moveit_core/lib/libmoveit_kinematics_base.so" to ""
[59.831s] -- Installing: /home/steven/ws_moveit2/install/moveit_core/lib/libmoveit_kinematic_constraints.so.2.5.5
[59.831s] -- Set runtime path of "/home/steven/ws_moveit2/install/moveit_core/lib/libmoveit_kinematic_constraints.so.2.5.5" to ""
[59.831s] -- Installing: /home/steven/ws_moveit2/install/moveit_core/lib/libmoveit_kinematic_constraints.so
[59.831s] -- Installing: /home/steven/ws_moveit2/install/moveit_core/lib/libmoveit_kinematics_metrics.so.2.5.5
[59.832s] -- Set runtime path of "/home/steven/ws_moveit2/install/moveit_core/lib/libmoveit_kinematics_metrics.so.2.5.5" to ""
[59.832s] -- Installing: /home/steven/ws_moveit2/install/moveit_core/lib/libmoveit_kinematics_metrics.so
[59.832s] -- Installing: /home/steven/ws_moveit2/install/moveit_core/lib/libmoveit_planning_interface.so.2.5.5
[59.832s] -- Set runtime path of "/home/steven/ws_moveit2/install/moveit_core/lib/libmoveit_planning_interface.so.2.5.5" to ""
[59.832s] -- Installing: /home/steven/ws_moveit2/install/moveit_core/lib/libmoveit_planning_interface.so
[59.832s] -- Installing: /home/steven/ws_moveit2/install/moveit_core/lib/libmoveit_planning_scene.so.2.5.5
[59.832s] -- Set runtime path of "/home/steven/ws_moveit2/install/moveit_core/lib/libmoveit_planning_scene.so.2.5.5" to ""
[59.832s] -- Installing: /home/steven/ws_moveit2/install/moveit_core/lib/libmoveit_planning_scene.so
[59.832s] -- Installing: /home/steven/ws_moveit2/install/moveit_core/lib/libmoveit_planning_request_adapter.so.2.5.5
[59.832s] -- Set runtime path of "/home/steven/ws_moveit2/install/moveit_core/lib/libmoveit_planning_request_adapter.so.2.5.5" to ""
[59.832s] -- Installing: /home/steven/ws_moveit2/install/moveit_core/lib/libmoveit_planning_request_adapter.so
[59.832s] -- Installing: /home/steven/ws_moveit2/install/moveit_core/lib/libmoveit_robot_model.so.2.5.5
[59.833s] -- Set runtime path of "/home/steven/ws_moveit2/install/moveit_core/lib/libmoveit_robot_model.so.2.5.5" to ""
[59.833s] -- Installing: /home/steven/ws_moveit2/install/moveit_core/lib/libmoveit_robot_model.so
[59.833s] -- Installing: /home/steven/ws_moveit2/install/moveit_core/lib/libmoveit_robot_state.so.2.5.5
[59.833s] -- Set runtime path of "/home/steven/ws_moveit2/install/moveit_core/lib/libmoveit_robot_state.so.2.5.5" to ""
[59.833s] -- Installing: /home/steven/ws_moveit2/install/moveit_core/lib/libmoveit_robot_state.so
[59.833s] -- Installing: /home/steven/ws_moveit2/install/moveit_core/lib/libmoveit_robot_trajectory.so.2.5.5
[59.833s] -- Set runtime path of "/home/steven/ws_moveit2/install/moveit_core/lib/libmoveit_robot_trajectory.so.2.5.5" to ""
[59.833s] -- Installing: /home/steven/ws_moveit2/install/moveit_core/lib/libmoveit_robot_trajectory.so
[59.833s] -- Installing: /home/steven/ws_moveit2/install/moveit_core/lib/libmoveit_smoothing_base.so.2.5.5
[59.833s] -- Set runtime path of "/home/steven/ws_moveit2/install/moveit_core/lib/libmoveit_smoothing_base.so.2.5.5" to ""
[59.833s] -- Installing: /home/steven/ws_moveit2/install/moveit_core/lib/libmoveit_smoothing_base.so
[59.833s] -- Installing: /home/steven/ws_moveit2/install/moveit_core/lib/libmoveit_test_utils.so.2.5.5
[59.834s] -- Set runtime path of "/home/steven/ws_moveit2/install/moveit_core/lib/libmoveit_test_utils.so.2.5.5" to ""
[59.834s] -- Installing: /home/steven/ws_moveit2/install/moveit_core/lib/libmoveit_test_utils.so
[59.834s] -- Installing: /home/steven/ws_moveit2/install/moveit_core/lib/libmoveit_trajectory_processing.so.2.5.5
[59.834s] -- Set runtime path of "/home/steven/ws_moveit2/install/moveit_core/lib/libmoveit_trajectory_processing.so.2.5.5" to ""
[59.834s] -- Installing: /home/steven/ws_moveit2/install/moveit_core/lib/libmoveit_trajectory_processing.so
[59.834s] -- Installing: /home/steven/ws_moveit2/install/moveit_core/lib/libmoveit_transforms.so.2.5.5
[59.834s] -- Set runtime path of "/home/steven/ws_moveit2/install/moveit_core/lib/libmoveit_transforms.so.2.5.5" to ""
[59.834s] -- Installing: /home/steven/ws_moveit2/install/moveit_core/lib/libmoveit_transforms.so
[59.834s] -- Installing: /home/steven/ws_moveit2/install/moveit_core/lib/libmoveit_utils.so.2.5.5
[59.834s] -- Set runtime path of "/home/steven/ws_moveit2/install/moveit_core/lib/libmoveit_utils.so.2.5.5" to ""
[59.834s] -- Installing: /home/steven/ws_moveit2/install/moveit_core/lib/libmoveit_utils.so
[59.834s] -- Installing: /home/steven/ws_moveit2/install/moveit_core/share/moveit_core/environment/library_path.sh
[59.834s] -- Installing: /home/steven/ws_moveit2/install/moveit_core/share/moveit_core/environment/library_path.dsv
[59.834s] -- Installing: /home/steven/ws_moveit2/install/moveit_core/share/moveit_core/collision_detector_fcl_description.xml
[59.834s] -- Installing: /home/steven/ws_moveit2/install/moveit_core/share/moveit_core/collision_detector_bullet_description.xml
[59.834s] -- Installing: /home/steven/ws_moveit2/install/moveit_core/share/moveit_core/filter_plugin_butterworth.xml
[59.834s] -- Installing: /home/steven/ws_moveit2/install/moveit_core/share/ament_index/resource_index/package_run_dependencies/moveit_core
[59.834s] -- Installing: /home/steven/ws_moveit2/install/moveit_core/share/ament_index/resource_index/parent_prefix_path/moveit_core
[59.834s] -- Installing: /home/steven/ws_moveit2/install/moveit_core/share/moveit_core/environment/ament_prefix_path.sh
[59.835s] -- Installing: /home/steven/ws_moveit2/install/moveit_core/share/moveit_core/environment/ament_prefix_path.dsv
[59.835s] -- Installing: /home/steven/ws_moveit2/install/moveit_core/share/moveit_core/environment/path.sh
[59.835s] -- Installing: /home/steven/ws_moveit2/install/moveit_core/share/moveit_core/environment/path.dsv
[59.835s] -- Installing: /home/steven/ws_moveit2/install/moveit_core/share/moveit_core/local_setup.bash
[59.835s] -- Installing: /home/steven/ws_moveit2/install/moveit_core/share/moveit_core/local_setup.sh
[59.835s] -- Installing: /home/steven/ws_moveit2/install/moveit_core/share/moveit_core/local_setup.zsh
[59.835s] -- Installing: /home/steven/ws_moveit2/install/moveit_core/share/moveit_core/local_setup.dsv
[59.835s] -- Installing: /home/steven/ws_moveit2/install/moveit_core/share/moveit_core/package.dsv
[59.835s] -- Installing: /home/steven/ws_moveit2/install/moveit_core/share/ament_index/resource_index/packages/moveit_core
[59.835s] -- Installing: /home/steven/ws_moveit2/install/moveit_core/share/ament_index/resource_index/moveit_core__pluginlib__plugin/moveit_core
[59.835s] -- Installing: /home/steven/ws_moveit2/install/moveit_core/share/moveit_core/cmake/export_moveit_coreExport.cmake
[59.835s] -- Installing: /home/steven/ws_moveit2/install/moveit_core/share/moveit_core/cmake/export_moveit_coreExport-release.cmake
[59.835s] -- Installing: /home/steven/ws_moveit2/install/moveit_core/share/moveit_core/cmake/ConfigExtras.cmake
[59.835s] -- Installing: /home/steven/ws_moveit2/install/moveit_core/share/moveit_core/cmake/ament_cmake_export_targets-extras.cmake
[59.835s] -- Installing: /home/steven/ws_moveit2/install/moveit_core/share/moveit_core/cmake/ament_cmake_export_dependencies-extras.cmake
[59.835s] -- Installing: /home/steven/ws_moveit2/install/moveit_core/share/moveit_core/cmake/moveit_coreConfig.cmake
[59.835s] -- Installing: /home/steven/ws_moveit2/install/moveit_core/share/moveit_core/cmake/moveit_coreConfig-version.cmake
[59.835s] -- Installing: /home/steven/ws_moveit2/install/moveit_core/share/moveit_core/package.xml
[59.836s] Invoked command in '/home/steven/ws_moveit2/build/moveit_core' returned '0': AMENT_PREFIX_PATH=/home/steven/ws_moveit2/install/moveit_resources_panda_moveit_config:/home/steven/ws_moveit2/install/srdfdom:/home/steven/ws_moveit2/install/moveit_resources_pr2_description:/home/steven/ws_moveit2/install/moveit_resources_panda_description:/home/steven/ws_moveit2/install/moveit_common:${AMENT_PREFIX_PATH} CMAKE_PREFIX_PATH=/home/steven/ws_moveit2/install/moveit_resources_panda_moveit_config:/home/steven/ws_moveit2/install/srdfdom:/home/steven/ws_moveit2/install/moveit_resources_pr2_description:/home/steven/ws_moveit2/install/moveit_resources_panda_description:/home/steven/ws_moveit2/install/moveit_common:/opt/ros/humble LD_LIBRARY_PATH=/home/steven/ws_moveit2/install/srdfdom/lib:/opt/ros/humble/opt/rviz_ogre_vendor/lib:/opt/ros/humble/lib/x86_64-linux-gnu:/opt/ros/humble/lib:/usr/local/cuda-12.3/lib64 PYTHONPATH=/home/steven/ws_moveit2/install/srdfdom/local/lib/python3.10/dist-packages:${PYTHONPATH} /usr/bin/cmake --install /home/steven/ws_moveit2/build/moveit_core
