[1.465s] Invoking command in '/home/user/ros2_ws/build/gazebo_grasp_plugin': _=/usr/bin/env /usr/bin/cmake /home/user/ros2_ws/src/gazebo-pkgs/gazebo_grasp_plugin -DCATKIN_INSTALL_INTO_PREFIX_ROOT=0 -DCMAKE_INSTALL_PREFIX=/home/user/ros2_ws/install/gazebo_grasp_plugin
[1.510s] [0mCMake Deprecation Warning at CMakeLists.txt:1 (cmake_minimum_required):
[1.511s]   Compatibility with CMake < 2.8.12 will be removed from a future version of
[1.511s]   CMake.
[1.511s] 
[1.511s]   Update the VERSION argument <min> value or use a ...<max> suffix to tell
[1.511s]   CMake that the project does not need compatibility with older versions.
[1.511s] 
[1.512s] [0m
[1.880s] -- The C compiler identification is GNU 11.3.0
[2.212s] -- The CXX compiler identification is GNU 11.3.0
[2.236s] -- Detecting C compiler ABI info
[2.676s] -- Detecting C compiler ABI info - done
[2.719s] -- Check for working C compiler: /usr/bin/cc - skipped
[2.719s] -- Detecting C compile features
[2.720s] -- Detecting C compile features - done
[2.725s] -- Detecting CXX compiler ABI info
[3.164s] -- Detecting CXX compiler ABI info - done
[3.190s] -- Check for working CXX compiler: /usr/bin/c++ - skipped
[3.191s] -- Detecting CXX compile features
[3.192s] -- Detecting CXX compile features - done
[3.262s] [31mCMake Error at CMakeLists.txt:7 (find_package):
[3.263s]   By not providing "Findcatkin.cmake" in CMAKE_MODULE_PATH this project has
[3.263s]   asked CMake to find a package configuration file provided by "catkin", but
[3.263s]   CMake did not find one.
[3.263s] 
[3.263s]   Could not find a package configuration file provided by "catkin" with any
[3.264s]   of the following names:
[3.264s] 
[3.264s]     catkinConfig.cmake
[3.264s]     catkin-config.cmake
[3.265s] 
[3.265s]   Add the installation prefix of "catkin" to CMAKE_PREFIX_PATH or set
[3.265s]   "catkin_DIR" to a directory containing one of the above files.  If "catkin"
[3.265s]   provides a separate development package or SDK, be sure it has been
[3.266s]   installed.
[3.266s] 
[3.266s] [0m
[3.267s] -- Configuring incomplete, errors occurred!
[3.267s] See also "/home/user/ros2_ws/build/gazebo_grasp_plugin/CMakeFiles/CMakeOutput.log".
