[0.290s] Invoking command in '/home/steven/Documents/IIIIIIIII_TEST/hex v2 driver/src/udp_publisher': PYTHONPATH=/home/steven/Documents/IIIIIIIII_TEST/hex v2 driver/build/udp_publisher/prefix_override:/home/steven/Documents/IIIIIIIII_TEST/hex v2 driver/install/udp_publisher/lib/python3.10/site-packages:${PYTHONPATH} /usr/bin/python3 -W ignore:setup.py install is deprecated setup.py egg_info --egg-base ../../build/udp_publisher build --build-base /home/steven/Documents/IIIIIIIII_TEST/hex v2 driver/build/udp_publisher/build install --record /home/steven/Documents/IIIIIIIII_TEST/hex v2 driver/build/udp_publisher/install.log --single-version-externally-managed install_data
[0.393s] running egg_info
[0.393s] writing ../../build/udp_publisher/udp_publisher.egg-info/PKG-INFO
[0.393s] writing dependency_links to ../../build/udp_publisher/udp_publisher.egg-info/dependency_links.txt
[0.393s] writing entry points to ../../build/udp_publisher/udp_publisher.egg-info/entry_points.txt
[0.393s] writing requirements to ../../build/udp_publisher/udp_publisher.egg-info/requires.txt
[0.393s] writing top-level names to ../../build/udp_publisher/udp_publisher.egg-info/top_level.txt
[0.394s] reading manifest file '../../build/udp_publisher/udp_publisher.egg-info/SOURCES.txt'
[0.394s] writing manifest file '../../build/udp_publisher/udp_publisher.egg-info/SOURCES.txt'
[0.394s] running build
[0.394s] running build_py
[0.394s] running install
[0.395s] running install_lib
[0.395s] running install_data
[0.395s] copying package.xml -> /home/steven/Documents/IIIIIIIII_TEST/hex v2 driver/install/udp_publisher/share/udp_publisher
[0.395s] running install_egg_info
[0.396s] removing '/home/steven/Documents/IIIIIIIII_TEST/hex v2 driver/install/udp_publisher/lib/python3.10/site-packages/udp_publisher-0.0.0-py3.10.egg-info' (and everything under it)
[0.396s] Copying ../../build/udp_publisher/udp_publisher.egg-info to /home/steven/Documents/IIIIIIIII_TEST/hex v2 driver/install/udp_publisher/lib/python3.10/site-packages/udp_publisher-0.0.0-py3.10.egg-info
[0.396s] running install_scripts
[0.405s] Installing udp_publisher_node script to /home/steven/Documents/IIIIIIIII_TEST/hex v2 driver/install/udp_publisher/lib/udp_publisher
[0.406s] writing list of installed files to '/home/steven/Documents/IIIIIIIII_TEST/hex v2 driver/build/udp_publisher/install.log'
[0.415s] Invoked command in '/home/steven/Documents/IIIIIIIII_TEST/hex v2 driver/src/udp_publisher' returned '0': PYTHONPATH=/home/steven/Documents/IIIIIIIII_TEST/hex v2 driver/build/udp_publisher/prefix_override:/home/steven/Documents/IIIIIIIII_TEST/hex v2 driver/install/udp_publisher/lib/python3.10/site-packages:${PYTHONPATH} /usr/bin/python3 -W ignore:setup.py install is deprecated setup.py egg_info --egg-base ../../build/udp_publisher build --build-base /home/steven/Documents/IIIIIIIII_TEST/hex v2 driver/build/udp_publisher/build install --record /home/steven/Documents/IIIIIIIII_TEST/hex v2 driver/build/udp_publisher/install.log --single-version-externally-managed install_data
