[0.016s] Invoking command in '/home/steven/ros2_ws/src/first_stage/build/first_stage_endeffector': CMAKE_PREFIX_PATH=${CMAKE_PREFIX_PATH}:/home/steven/Documents/IIIIIIIII_TEST/first_stage/src/first_stage_endeffector/install/first_stage_endeffector:/home/steven/ros2_ws/install/zed_receiver:/home/steven/ros2_ws/install/zed_camera_publisher:/home/steven/ros2_ws/install/yolov8_realsense:/home/steven/ros2_ws/install/ur5_control:/home/steven/ros2_ws/install/ur5:/home/steven/ros2_ws/install/udp_publisher:/home/steven/ros2_ws/install/rg2:/home/steven/ros2_ws/install/moveit_configs_utils:/home/steven/ros2_ws/install/lego_grasping:/home/steven/ros2_ws/install/first_stage_rg2:/home/steven/ros2_ws/src/first_stage/install/first_stage_rg2:/home/steven/Documents/IIIIIIIII_TEST/first_stage/install/first_stage_rg2:/home/steven/ws_moveit2/install/moveit_configs_utils:/home/steven/ws_moveit2/install/launch_param_builder:/opt/ros/humble /usr/bin/cmake --build /home/steven/ros2_ws/src/first_stage/build/first_stage_endeffector -- -j32 -l32
[0.080s] [ 50%] [32mBuilding CXX object CMakeFiles/first_stage_endeffector.dir/src/first_stage_endeffector.cpp.o[0m
[4.401s] [01m[K/home/steven/ros2_ws/src/first_stage/src/first_stage_endeffector/src/first_stage_endeffector.cpp:[m[K In member function ‘[01m[Kvoid RobotController::coordinatesCallback(geometry_msgs::msg::Point_<std::allocator<void> >::SharedPtr)[m[K’:
[4.401s] [01m[K/home/steven/ros2_ws/src/first_stage/src/first_stage_endeffector/src/first_stage_endeffector.cpp:125:36:[m[K [01;31m[Kerror: [m[K‘[01m[Kclass std::shared_ptr<moveit::planning_interface::MoveGroupInterface>[m[K’ has no member named ‘[01m[KcomputeCartesianPath[m[K’
[4.401s]   125 |   double fraction = move_group_arm.[01;31m[KcomputeCartesianPath[m[K(approach_waypoints, eef_step, jump_threshold, trajectory_approach);
[4.401s]       |                                    [01;31m[K^~~~~~~~~~~~~~~~~~~~[m[K
[4.401s] [01m[K/home/steven/ros2_ws/src/first_stage/src/first_stage_endeffector/src/first_stage_endeffector.cpp:130:20:[m[K [01;31m[Kerror: [m[K‘[01m[Kclass std::shared_ptr<moveit::planning_interface::MoveGroupInterface>[m[K’ has no member named ‘[01m[Kexecute[m[K’
[4.401s]   130 |     move_group_arm.[01;31m[Kexecute[m[K(trajectory_approach);
[4.401s]       |                    [01;31m[K^~~~~~~[m[K
[4.409s] [01m[K/home/steven/ros2_ws/src/first_stage/src/first_stage_endeffector/src/first_stage_endeffector.cpp:135:23:[m[K [01;31m[Kerror: [m[K‘[01m[Kmove_group_node[m[K’ was not declared in this scope; did you mean ‘[01m[Kmove_group_arm[m[K’?
[4.409s]   135 |   gripper_publisher = [01;31m[Kmove_group_node[m[K->create_publisher<std_msgs::msg::Int32MultiArray>("custom_gripper", 10);
[4.409s]       |                       [01;31m[K^~~~~~~~~~~~~~~[m[K
[4.409s]       |                       [32m[Kmove_group_arm[m[K
[4.409s] [01m[K/home/steven/ros2_ws/src/first_stage/src/first_stage_endeffector/src/first_stage_endeffector.cpp:135:87:[m[K [01;31m[Kerror: [m[Kexpected primary-expression before ‘[01m[K>[m[K’ token
[4.409s]   135 |   gripper_publisher = move_group_node->create_publisher<std_msgs::msg::Int32MultiArray[01;31m[K>[m[K("custom_gripper", 10);
[4.409s]       |                                                                                       [01;31m[K^[m[K
[4.409s] [01m[K/home/steven/ros2_ws/src/first_stage/src/first_stage_endeffector/src/first_stage_endeffector.cpp:135:89:[m[K [01;35m[Kwarning: [m[Kleft operand of comma operator has no effect [[01;35m[K]8;;https://gcc.gnu.org/onlinedocs/gcc/Warning-Options.html#index-Wunused-value-Wunused-value]8;;[m[K]
[4.409s]   135 |   gripper_publisher = move_group_node->create_publisher<std_msgs::msg::Int32MultiArray>([01;35m[K"custom_gripper"[m[K, 10);
[4.409s]       |                                                                                         [01;35m[K^~~~~~~~~~~~~~~~[m[K
[4.417s] [01m[K/home/steven/ros2_ws/src/first_stage/src/first_stage_endeffector/src/first_stage_endeffector.cpp:137:3:[m[K [01;31m[Kerror: [m[K‘[01m[Kgripper_width[m[K’ was not declared in this scope
[4.417s]   137 |   [01;31m[Kgripper_width[m[K = -8;
[4.417s]       |   [01;31m[K^~~~~~~~~~~~~[m[K
[4.425s] [01m[K/home/steven/ros2_ws/src/first_stage/src/first_stage_endeffector/src/first_stage_endeffector.cpp:138:3:[m[K [01;31m[Kerror: [m[K‘[01m[Kgripper_force[m[K’ was not declared in this scope
[4.425s]   138 |   [01;31m[Kgripper_force[m[K = 10;
[4.425s]       |   [01;31m[K^~~~~~~~~~~~~[m[K
[4.426s] [01m[K/home/steven/ros2_ws/src/first_stage/src/first_stage_endeffector/src/first_stage_endeffector.cpp:158:29:[m[K [01;31m[Kerror: [m[K‘[01m[Kclass std::shared_ptr<moveit::planning_interface::MoveGroupInterface>[m[K’ has no member named ‘[01m[KcomputeCartesianPath[m[K’
[4.426s]   158 |   fraction = move_group_arm.[01;31m[KcomputeCartesianPath[m[K(post_grasp_waypoints, eef_step, jump_threshold, trajectory_post_grasp);
[4.426s]       |                             [01;31m[K^~~~~~~~~~~~~~~~~~~~[m[K
[4.426s] [01m[K/home/steven/ros2_ws/src/first_stage/src/first_stage_endeffector/src/first_stage_endeffector.cpp:163:20:[m[K [01;31m[Kerror: [m[K‘[01m[Kclass std::shared_ptr<moveit::planning_interface::MoveGroupInterface>[m[K’ has no member named ‘[01m[Kexecute[m[K’
[4.426s]   163 |     move_group_arm.[01;31m[Kexecute[m[K(trajectory_post_grasp);
[4.426s]       |                    [01;31m[K^~~~~~~[m[K
[4.426s] [01m[K/home/steven/ros2_ws/src/first_stage/src/first_stage_endeffector/src/first_stage_endeffector.cpp:175:29:[m[K [01;31m[Kerror: [m[K‘[01m[Kclass std::shared_ptr<moveit::planning_interface::MoveGroupInterface>[m[K’ has no member named ‘[01m[KcomputeCartesianPath[m[K’
[4.426s]   175 |   fraction = move_group_arm.[01;31m[KcomputeCartesianPath[m[K(move_x_waypoints, eef_step, jump_threshold, trajectory_move_x);
[4.426s]       |                             [01;31m[K^~~~~~~~~~~~~~~~~~~~[m[K
[4.426s] [01m[K/home/steven/ros2_ws/src/first_stage/src/first_stage_endeffector/src/first_stage_endeffector.cpp:180:20:[m[K [01;31m[Kerror: [m[K‘[01m[Kclass std::shared_ptr<moveit::planning_interface::MoveGroupInterface>[m[K’ has no member named ‘[01m[Kexecute[m[K’
[4.426s]   180 |     move_group_arm.[01;31m[Kexecute[m[K(trajectory_move_x);
[4.426s]       |                    [01;31m[K^~~~~~~[m[K
[4.426s] [01m[K/home/steven/ros2_ws/src/first_stage/src/first_stage_endeffector/src/first_stage_endeffector.cpp:192:29:[m[K [01;31m[Kerror: [m[K‘[01m[Kclass std::shared_ptr<moveit::planning_interface::MoveGroupInterface>[m[K’ has no member named ‘[01m[KcomputeCartesianPath[m[K’
[4.426s]   192 |   fraction = move_group_arm.[01;31m[KcomputeCartesianPath[m[K(move_z_down_waypoints, eef_step, jump_threshold, trajectory_move_z_down);
[4.426s]       |                             [01;31m[K^~~~~~~~~~~~~~~~~~~~[m[K
[4.427s] [01m[K/home/steven/ros2_ws/src/first_stage/src/first_stage_endeffector/src/first_stage_endeffector.cpp:197:20:[m[K [01;31m[Kerror: [m[K‘[01m[Kclass std::shared_ptr<moveit::planning_interface::MoveGroupInterface>[m[K’ has no member named ‘[01m[Kexecute[m[K’
[4.427s]   197 |     move_group_arm.[01;31m[Kexecute[m[K(trajectory_move_z_down);
[4.427s]       |                    [01;31m[K^~~~~~~[m[K
[6.986s] gmake[2]: *** [CMakeFiles/first_stage_endeffector.dir/build.make:76：CMakeFiles/first_stage_endeffector.dir/src/first_stage_endeffector.cpp.o] 錯誤 1
[6.986s] gmake[1]: *** [CMakeFiles/Makefile2:137：CMakeFiles/first_stage_endeffector.dir/all] 錯誤 2
[6.986s] gmake: *** [Makefile:146：all] 錯誤 2
[6.988s] Invoked command in '/home/steven/ros2_ws/src/first_stage/build/first_stage_endeffector' returned '2': CMAKE_PREFIX_PATH=${CMAKE_PREFIX_PATH}:/home/steven/Documents/IIIIIIIII_TEST/first_stage/src/first_stage_endeffector/install/first_stage_endeffector:/home/steven/ros2_ws/install/zed_receiver:/home/steven/ros2_ws/install/zed_camera_publisher:/home/steven/ros2_ws/install/yolov8_realsense:/home/steven/ros2_ws/install/ur5_control:/home/steven/ros2_ws/install/ur5:/home/steven/ros2_ws/install/udp_publisher:/home/steven/ros2_ws/install/rg2:/home/steven/ros2_ws/install/moveit_configs_utils:/home/steven/ros2_ws/install/lego_grasping:/home/steven/ros2_ws/install/first_stage_rg2:/home/steven/ros2_ws/src/first_stage/install/first_stage_rg2:/home/steven/Documents/IIIIIIIII_TEST/first_stage/install/first_stage_rg2:/home/steven/ws_moveit2/install/moveit_configs_utils:/home/steven/ws_moveit2/install/launch_param_builder:/opt/ros/humble /usr/bin/cmake --build /home/steven/ros2_ws/src/first_stage/build/first_stage_endeffector -- -j32 -l32
