[0.793s] Invoking command in '/home/user/ros2_ws/build/rg2_gripper_description': CMAKE_PREFIX_PATH=${CMAKE_PREFIX_PATH}:/home/user/ros2_ws/install/ros2test:/home/user/ros2_ws/install/robotiq_85_driver:/home/user/ros2_ws/install/moveit_configs_utils:/home/simulations/ros2_sims_ws/install/rclrs_tests:/home/simulations/ros2_sims_ws/install/examples_rclrs_minimal_client_service:/home/simulations/ros2_sims_ws/install/sensor_msgs_py:/home/simulations/ros2_sims_ws/install/examples_rclrs_minimal_pub_sub:/home/simulations/ros2_sims_ws/install/examples_rclrs_message_demo:/home/simulations/ros2_sims_ws/install/rclrs:/home/simulations/ros2_sims_ws/install/rosidl_runtime_rs:/home/user/ros2_ws/install/turtlebot3_teleop:/home/user/ros2_ws/install/turtlebot3_example:/opt/ros/humble _=/usr/bin/env /usr/bin/cmake --build /home/user/ros2_ws/build/rg2_gripper_description -- -j8 -l8
[1.604s] Invoked command in '/home/user/ros2_ws/build/rg2_gripper_description' returned '0': CMAKE_PREFIX_PATH=${CMAKE_PREFIX_PATH}:/home/user/ros2_ws/install/ros2test:/home/user/ros2_ws/install/robotiq_85_driver:/home/user/ros2_ws/install/moveit_configs_utils:/home/simulations/ros2_sims_ws/install/rclrs_tests:/home/simulations/ros2_sims_ws/install/examples_rclrs_minimal_client_service:/home/simulations/ros2_sims_ws/install/sensor_msgs_py:/home/simulations/ros2_sims_ws/install/examples_rclrs_minimal_pub_sub:/home/simulations/ros2_sims_ws/install/examples_rclrs_message_demo:/home/simulations/ros2_sims_ws/install/rclrs:/home/simulations/ros2_sims_ws/install/rosidl_runtime_rs:/home/user/ros2_ws/install/turtlebot3_teleop:/home/user/ros2_ws/install/turtlebot3_example:/opt/ros/humble _=/usr/bin/env /usr/bin/cmake --build /home/user/ros2_ws/build/rg2_gripper_description -- -j8 -l8
[2.489s] Invoking command in '/home/user/ros2_ws/build/rg2_gripper_description': CMAKE_PREFIX_PATH=${CMAKE_PREFIX_PATH}:/home/user/ros2_ws/install/ros2test:/home/user/ros2_ws/install/robotiq_85_driver:/home/user/ros2_ws/install/moveit_configs_utils:/home/simulations/ros2_sims_ws/install/rclrs_tests:/home/simulations/ros2_sims_ws/install/examples_rclrs_minimal_client_service:/home/simulations/ros2_sims_ws/install/sensor_msgs_py:/home/simulations/ros2_sims_ws/install/examples_rclrs_minimal_pub_sub:/home/simulations/ros2_sims_ws/install/examples_rclrs_message_demo:/home/simulations/ros2_sims_ws/install/rclrs:/home/simulations/ros2_sims_ws/install/rosidl_runtime_rs:/home/user/ros2_ws/install/turtlebot3_teleop:/home/user/ros2_ws/install/turtlebot3_example:/opt/ros/humble _=/usr/bin/env /usr/bin/cmake --install /home/user/ros2_ws/build/rg2_gripper_description
[2.689s] -- Install configuration: ""
[2.690s] -- Up-to-date: /home/user/ros2_ws/install/rg2_gripper_description/share/rg2_gripper_description/meshes
[2.690s] -- Up-to-date: /home/user/ros2_ws/install/rg2_gripper_description/share/rg2_gripper_description/meshes/rg2_base.stl
[2.691s] -- Up-to-date: /home/user/ros2_ws/install/rg2_gripper_description/share/rg2_gripper_description/meshes/rg2_left_finger.stl
[2.691s] -- Up-to-date: /home/user/ros2_ws/install/rg2_gripper_description/share/rg2_gripper_description/meshes/rg2_left_thumb.stl
[2.691s] -- Up-to-date: /home/user/ros2_ws/install/rg2_gripper_description/share/rg2_gripper_description/urdf
[2.691s] -- Up-to-date: /home/user/ros2_ws/install/rg2_gripper_description/share/rg2_gripper_description/urdf/rg2_gripper.urdf.xacro
[2.692s] -- Up-to-date: /home/user/ros2_ws/install/rg2_gripper_description/share/rg2_gripper_description/urdf/rg2_gripper_gz.ros2_control.xacro
[2.692s] -- Up-to-date: /home/user/ros2_ws/install/rg2_gripper_description/share/ament_index/resource_index/package_run_dependencies/rg2_gripper_description
[2.692s] -- Up-to-date: /home/user/ros2_ws/install/rg2_gripper_description/share/ament_index/resource_index/parent_prefix_path/rg2_gripper_description
[2.692s] -- Up-to-date: /home/user/ros2_ws/install/rg2_gripper_description/share/rg2_gripper_description/environment/ament_prefix_path.sh
[2.692s] -- Up-to-date: /home/user/ros2_ws/install/rg2_gripper_description/share/rg2_gripper_description/environment/ament_prefix_path.dsv
[2.693s] -- Up-to-date: /home/user/ros2_ws/install/rg2_gripper_description/share/rg2_gripper_description/environment/path.sh
[2.693s] -- Up-to-date: /home/user/ros2_ws/install/rg2_gripper_description/share/rg2_gripper_description/environment/path.dsv
[2.693s] -- Up-to-date: /home/user/ros2_ws/install/rg2_gripper_description/share/rg2_gripper_description/local_setup.bash
[2.694s] -- Up-to-date: /home/user/ros2_ws/install/rg2_gripper_description/share/rg2_gripper_description/local_setup.sh
[2.694s] -- Up-to-date: /home/user/ros2_ws/install/rg2_gripper_description/share/rg2_gripper_description/local_setup.zsh
[2.694s] -- Up-to-date: /home/user/ros2_ws/install/rg2_gripper_description/share/rg2_gripper_description/local_setup.dsv
[2.695s] -- Installing: /home/user/ros2_ws/install/rg2_gripper_description/share/rg2_gripper_description/package.dsv
[2.700s] -- Up-to-date: /home/user/ros2_ws/install/rg2_gripper_description/share/ament_index/resource_index/packages/rg2_gripper_description
[2.701s] -- Up-to-date: /home/user/ros2_ws/install/rg2_gripper_description/share/rg2_gripper_description/cmake/rg2_gripper_descriptionConfig.cmake
[2.701s] -- Up-to-date: /home/user/ros2_ws/install/rg2_gripper_description/share/rg2_gripper_description/cmake/rg2_gripper_descriptionConfig-version.cmake
[2.701s] -- Up-to-date: /home/user/ros2_ws/install/rg2_gripper_description/share/rg2_gripper_description/package.xml
[2.701s] Invoked command in '/home/user/ros2_ws/build/rg2_gripper_description' returned '0': CMAKE_PREFIX_PATH=${CMAKE_PREFIX_PATH}:/home/user/ros2_ws/install/ros2test:/home/user/ros2_ws/install/robotiq_85_driver:/home/user/ros2_ws/install/moveit_configs_utils:/home/simulations/ros2_sims_ws/install/rclrs_tests:/home/simulations/ros2_sims_ws/install/examples_rclrs_minimal_client_service:/home/simulations/ros2_sims_ws/install/sensor_msgs_py:/home/simulations/ros2_sims_ws/install/examples_rclrs_minimal_pub_sub:/home/simulations/ros2_sims_ws/install/examples_rclrs_message_demo:/home/simulations/ros2_sims_ws/install/rclrs:/home/simulations/ros2_sims_ws/install/rosidl_runtime_rs:/home/user/ros2_ws/install/turtlebot3_teleop:/home/user/ros2_ws/install/turtlebot3_example:/opt/ros/humble _=/usr/bin/env /usr/bin/cmake --install /home/user/ros2_ws/build/rg2_gripper_description
