[0.008s] Invoking command in '/home/steven/ros2_ws/src/first_stage/src/first_stage_endeffector/build/first_stage_endeffector': CMAKE_PREFIX_PATH=${CMAKE_PREFIX_PATH}:/home/steven/ws_moveit2/install/moveit_configs_utils:/home/steven/ws_moveit2/install/launch_param_builder:/opt/ros/humble /usr/bin/cmake --build /home/steven/ros2_ws/src/first_stage/src/first_stage_endeffector/build/first_stage_endeffector -- -j32 -l32
[0.049s] [35m[1mConsolidate compiler generated dependencies of target first_stage_endeffector[0m
[0.070s] [ 50%] [32mBuilding CXX object CMakeFiles/first_stage_endeffector.dir/src/first_stage_endeffector.cpp.o[0m
[4.330s] [01m[K/home/steven/ros2_ws/src/first_stage/src/first_stage_endeffector/src/first_stage_endeffector.cpp:[m[K In member function ‘[01m[Kvoid RobotController::timerCallback()[m[K’:
[4.330s] [01m[K/home/steven/ros2_ws/src/first_stage/src/first_stage_endeffector/src/first_stage_endeffector.cpp:70:12:[m[K [01;35m[Kwarning: [m[Kenumeration value ‘[01m[KRELEASE_OBJECT[m[K’ not handled in switch [[01;35m[K]8;;https://gcc.gnu.org/onlinedocs/gcc/Warning-Options.html#index-Wswitch-Wswitch]8;;[m[K]
[4.330s]    70 |     switch [01;35m[K([m[Kstate_) {
[4.330s]       |            [01;35m[K^[m[K
[4.340s] [01m[K/home/steven/ros2_ws/src/first_stage/src/first_stage_endeffector/src/first_stage_endeffector.cpp:[m[K In member function ‘[01m[Kbool RobotController::moveToFinalPosition()[m[K’:
[4.341s] [01m[K/home/steven/ros2_ws/src/first_stage/src/first_stage_endeffector/src/first_stage_endeffector.cpp:278:36:[m[K [01;31m[Kerror: [m[K‘[01m[Khome[m[K’ was not declared in this scope; did you mean ‘[01m[Khome6[m[K’?
[4.341s]   278 |           if (!moveToJointPosition([01;31m[Khome[m[K, "Home 5")) return false;
[4.341s]       |                                    [01;31m[K^~~~[m[K
[4.341s]       |                                    [32m[Khome6[m[K
[4.346s] [01m[K/home/steven/ros2_ws/src/first_stage/src/first_stage_endeffector/src/first_stage_endeffector.cpp:314:36:[m[K [01;31m[Kerror: [m[K‘[01m[Khome[m[K’ was not declared in this scope; did you mean ‘[01m[Khome6[m[K’?
[4.346s]   314 |           if (!moveToJointPosition([01;31m[Khome[m[K, "Home 5")) return false;
[4.346s]       |                                    [01;31m[K^~~~[m[K
[4.346s]       |                                    [32m[Khome6[m[K
[8.827s] gmake[2]: *** [CMakeFiles/first_stage_endeffector.dir/build.make:76：CMakeFiles/first_stage_endeffector.dir/src/first_stage_endeffector.cpp.o] 錯誤 1
[8.827s] gmake[1]: *** [CMakeFiles/Makefile2:137：CMakeFiles/first_stage_endeffector.dir/all] 錯誤 2
[8.828s] gmake: *** [Makefile:146：all] 錯誤 2
[8.829s] Invoked command in '/home/steven/ros2_ws/src/first_stage/src/first_stage_endeffector/build/first_stage_endeffector' returned '2': CMAKE_PREFIX_PATH=${CMAKE_PREFIX_PATH}:/home/steven/ws_moveit2/install/moveit_configs_utils:/home/steven/ws_moveit2/install/launch_param_builder:/opt/ros/humble /usr/bin/cmake --build /home/steven/ros2_ws/src/first_stage/src/first_stage_endeffector/build/first_stage_endeffector -- -j32 -l32
