[0.283s] Invoking command in '/home/steven/Documents/IIIIIIIII_TEST/hex v2 driver/src/udp_publisher': PYTHONPATH=/home/steven/Documents/IIIIIIIII_TEST/hex v2 driver/build/udp_publisher/prefix_override:/home/steven/Documents/IIIIIIIII_TEST/hex v2 driver/install/udp_publisher/lib/python3.10/site-packages:${PYTHONPATH} /usr/bin/python3 -W ignore:setup.py install is deprecated setup.py egg_info --egg-base ../../build/udp_publisher build --build-base /home/steven/Documents/IIIIIIIII_TEST/hex v2 driver/build/udp_publisher/build install --record /home/steven/Documents/IIIIIIIII_TEST/hex v2 driver/build/udp_publisher/install.log --single-version-externally-managed install_data
[0.379s] running egg_info
[0.379s] creating ../../build/udp_publisher/udp_publisher.egg-info
[0.379s] writing ../../build/udp_publisher/udp_publisher.egg-info/PKG-INFO
[0.379s] writing dependency_links to ../../build/udp_publisher/udp_publisher.egg-info/dependency_links.txt
[0.379s] writing entry points to ../../build/udp_publisher/udp_publisher.egg-info/entry_points.txt
[0.379s] writing requirements to ../../build/udp_publisher/udp_publisher.egg-info/requires.txt
[0.379s] writing top-level names to ../../build/udp_publisher/udp_publisher.egg-info/top_level.txt
[0.379s] writing manifest file '../../build/udp_publisher/udp_publisher.egg-info/SOURCES.txt'
[0.380s] reading manifest file '../../build/udp_publisher/udp_publisher.egg-info/SOURCES.txt'
[0.380s] writing manifest file '../../build/udp_publisher/udp_publisher.egg-info/SOURCES.txt'
[0.380s] running build
[0.380s] running build_py
[0.380s] creating /home/steven/Documents/IIIIIIIII_TEST/hex v2 driver/build/udp_publisher/build
[0.381s] creating /home/steven/Documents/IIIIIIIII_TEST/hex v2 driver/build/udp_publisher/build/lib
[0.381s] creating /home/steven/Documents/IIIIIIIII_TEST/hex v2 driver/build/udp_publisher/build/lib/udp_publisher
[0.381s] copying udp_publisher/__init__.py -> /home/steven/Documents/IIIIIIIII_TEST/hex v2 driver/build/udp_publisher/build/lib/udp_publisher
[0.381s] copying udp_publisher/udp_publisher_node.py -> /home/steven/Documents/IIIIIIIII_TEST/hex v2 driver/build/udp_publisher/build/lib/udp_publisher
[0.381s] running install
[0.381s] running install_lib
[0.381s] creating /home/steven/Documents/IIIIIIIII_TEST/hex v2 driver/install/udp_publisher/lib/python3.10/site-packages/udp_publisher
[0.381s] copying /home/steven/Documents/IIIIIIIII_TEST/hex v2 driver/build/udp_publisher/build/lib/udp_publisher/__init__.py -> /home/steven/Documents/IIIIIIIII_TEST/hex v2 driver/install/udp_publisher/lib/python3.10/site-packages/udp_publisher
[0.381s] copying /home/steven/Documents/IIIIIIIII_TEST/hex v2 driver/build/udp_publisher/build/lib/udp_publisher/udp_publisher_node.py -> /home/steven/Documents/IIIIIIIII_TEST/hex v2 driver/install/udp_publisher/lib/python3.10/site-packages/udp_publisher
[0.381s] byte-compiling /home/steven/Documents/IIIIIIIII_TEST/hex v2 driver/install/udp_publisher/lib/python3.10/site-packages/udp_publisher/__init__.py to __init__.cpython-310.pyc
[0.381s] byte-compiling /home/steven/Documents/IIIIIIIII_TEST/hex v2 driver/install/udp_publisher/lib/python3.10/site-packages/udp_publisher/udp_publisher_node.py to udp_publisher_node.cpython-310.pyc
[0.382s] running install_data
[0.382s] creating /home/steven/Documents/IIIIIIIII_TEST/hex v2 driver/install/udp_publisher/share/ament_index
[0.382s] creating /home/steven/Documents/IIIIIIIII_TEST/hex v2 driver/install/udp_publisher/share/ament_index/resource_index
[0.382s] creating /home/steven/Documents/IIIIIIIII_TEST/hex v2 driver/install/udp_publisher/share/ament_index/resource_index/packages
[0.382s] copying resource/udp_publisher -> /home/steven/Documents/IIIIIIIII_TEST/hex v2 driver/install/udp_publisher/share/ament_index/resource_index/packages
[0.382s] copying package.xml -> /home/steven/Documents/IIIIIIIII_TEST/hex v2 driver/install/udp_publisher/share/udp_publisher
[0.382s] running install_egg_info
[0.383s] Copying ../../build/udp_publisher/udp_publisher.egg-info to /home/steven/Documents/IIIIIIIII_TEST/hex v2 driver/install/udp_publisher/lib/python3.10/site-packages/udp_publisher-0.0.0-py3.10.egg-info
[0.383s] running install_scripts
[0.392s] writing list of installed files to '/home/steven/Documents/IIIIIIIII_TEST/hex v2 driver/build/udp_publisher/install.log'
[0.401s] Invoked command in '/home/steven/Documents/IIIIIIIII_TEST/hex v2 driver/src/udp_publisher' returned '0': PYTHONPATH=/home/steven/Documents/IIIIIIIII_TEST/hex v2 driver/build/udp_publisher/prefix_override:/home/steven/Documents/IIIIIIIII_TEST/hex v2 driver/install/udp_publisher/lib/python3.10/site-packages:${PYTHONPATH} /usr/bin/python3 -W ignore:setup.py install is deprecated setup.py egg_info --egg-base ../../build/udp_publisher build --build-base /home/steven/Documents/IIIIIIIII_TEST/hex v2 driver/build/udp_publisher/build install --record /home/steven/Documents/IIIIIIIII_TEST/hex v2 driver/build/udp_publisher/install.log --single-version-externally-managed install_data
