[0.286s] Invoking command in '/home/user/ros2_ws/build/moveit_common': CMAKE_PREFIX_PATH=${CMAKE_PREFIX_PATH}:/home/simulations/ros2_sims_ws/install/rclrs_tests:/home/simulations/ros2_sims_ws/install/examples_rclrs_minimal_client_service:/home/simulations/ros2_sims_ws/install/sensor_msgs_py:/home/simulations/ros2_sims_ws/install/examples_rclrs_minimal_pub_sub:/home/simulations/ros2_sims_ws/install/examples_rclrs_message_demo:/home/simulations/ros2_sims_ws/install/rclrs:/home/simulations/ros2_sims_ws/install/rosidl_runtime_rs:/home/user/ros2_ws/install/ros2test:/home/user/ros2_ws/install/robotiq_85_driver:/home/user/ros2_ws/install/moveit_configs_utils:/opt/ros/humble _=/usr/bin/env /usr/bin/cmake --build /home/user/ros2_ws/build/moveit_common -- -j8 -l8
[7.086s] Invoked command in '/home/user/ros2_ws/build/moveit_common' returned '0': CMAKE_PREFIX_PATH=${CMAKE_PREFIX_PATH}:/home/simulations/ros2_sims_ws/install/rclrs_tests:/home/simulations/ros2_sims_ws/install/examples_rclrs_minimal_client_service:/home/simulations/ros2_sims_ws/install/sensor_msgs_py:/home/simulations/ros2_sims_ws/install/examples_rclrs_minimal_pub_sub:/home/simulations/ros2_sims_ws/install/examples_rclrs_message_demo:/home/simulations/ros2_sims_ws/install/rclrs:/home/simulations/ros2_sims_ws/install/rosidl_runtime_rs:/home/user/ros2_ws/install/ros2test:/home/user/ros2_ws/install/robotiq_85_driver:/home/user/ros2_ws/install/moveit_configs_utils:/opt/ros/humble _=/usr/bin/env /usr/bin/cmake --build /home/user/ros2_ws/build/moveit_common -- -j8 -l8
[7.485s] Invoking command in '/home/user/ros2_ws/build/moveit_common': CMAKE_PREFIX_PATH=${CMAKE_PREFIX_PATH}:/home/simulations/ros2_sims_ws/install/rclrs_tests:/home/simulations/ros2_sims_ws/install/examples_rclrs_minimal_client_service:/home/simulations/ros2_sims_ws/install/sensor_msgs_py:/home/simulations/ros2_sims_ws/install/examples_rclrs_minimal_pub_sub:/home/simulations/ros2_sims_ws/install/examples_rclrs_message_demo:/home/simulations/ros2_sims_ws/install/rclrs:/home/simulations/ros2_sims_ws/install/rosidl_runtime_rs:/home/user/ros2_ws/install/ros2test:/home/user/ros2_ws/install/robotiq_85_driver:/home/user/ros2_ws/install/moveit_configs_utils:/opt/ros/humble _=/usr/bin/env /usr/bin/cmake --install /home/user/ros2_ws/build/moveit_common
[7.629s] -- Install configuration: ""
[7.794s] -- Up-to-date: /home/user/ros2_ws/install/moveit_common/share/ament_index/resource_index/package_run_dependencies/moveit_common
[7.795s] -- Up-to-date: /home/user/ros2_ws/install/moveit_common/share/ament_index/resource_index/parent_prefix_path/moveit_common
[7.795s] -- Up-to-date: /home/user/ros2_ws/install/moveit_common/share/moveit_common/environment/ament_prefix_path.sh
[7.795s] -- Up-to-date: /home/user/ros2_ws/install/moveit_common/share/moveit_common/environment/ament_prefix_path.dsv
[7.795s] -- Up-to-date: /home/user/ros2_ws/install/moveit_common/share/moveit_common/environment/path.sh
[7.796s] -- Up-to-date: /home/user/ros2_ws/install/moveit_common/share/moveit_common/environment/path.dsv
[7.796s] -- Up-to-date: /home/user/ros2_ws/install/moveit_common/share/moveit_common/local_setup.bash
[7.798s] -- Up-to-date: /home/user/ros2_ws/install/moveit_common/share/moveit_common/local_setup.sh
[7.798s] -- Up-to-date: /home/user/ros2_ws/install/moveit_common/share/moveit_common/local_setup.zsh
[7.798s] -- Up-to-date: /home/user/ros2_ws/install/moveit_common/share/moveit_common/local_setup.dsv
[7.799s] -- Installing: /home/user/ros2_ws/install/moveit_common/share/moveit_common/package.dsv
[7.799s] -- Up-to-date: /home/user/ros2_ws/install/moveit_common/share/ament_index/resource_index/packages/moveit_common
[7.799s] -- Up-to-date: /home/user/ros2_ws/install/moveit_common/share/moveit_common/cmake/moveit_common-extras.cmake
[7.799s] -- Up-to-date: /home/user/ros2_ws/install/moveit_common/share/moveit_common/cmake/moveit_commonConfig.cmake
[7.799s] -- Up-to-date: /home/user/ros2_ws/install/moveit_common/share/moveit_common/cmake/moveit_commonConfig-version.cmake
[7.799s] -- Up-to-date: /home/user/ros2_ws/install/moveit_common/share/moveit_common/package.xml
[7.799s] -- Up-to-date: /home/user/ros2_ws/install/moveit_common/share/moveit_common/cmake
[7.799s] -- Up-to-date: /home/user/ros2_ws/install/moveit_common/share/moveit_common/cmake/moveit_package.cmake
[8.186s] Invoked command in '/home/user/ros2_ws/build/moveit_common' returned '0': CMAKE_PREFIX_PATH=${CMAKE_PREFIX_PATH}:/home/simulations/ros2_sims_ws/install/rclrs_tests:/home/simulations/ros2_sims_ws/install/examples_rclrs_minimal_client_service:/home/simulations/ros2_sims_ws/install/sensor_msgs_py:/home/simulations/ros2_sims_ws/install/examples_rclrs_minimal_pub_sub:/home/simulations/ros2_sims_ws/install/examples_rclrs_message_demo:/home/simulations/ros2_sims_ws/install/rclrs:/home/simulations/ros2_sims_ws/install/rosidl_runtime_rs:/home/user/ros2_ws/install/ros2test:/home/user/ros2_ws/install/robotiq_85_driver:/home/user/ros2_ws/install/moveit_configs_utils:/opt/ros/humble _=/usr/bin/env /usr/bin/cmake --install /home/user/ros2_ws/build/moveit_common
