[0.109s] Invoking command in '/home/user/ros2_ws/build/yet_moveit_config': _=/usr/bin/env /usr/bin/cmake /home/user/ros2_ws/src/yet_moveit_config -DCMAKE_INSTALL_PREFIX=/home/user/ros2_ws/install/yet_moveit_config
[7.935s] -- The C compiler identification is GNU 11.3.0
[12.639s] -- The CXX compiler identification is GNU 11.3.0
[13.360s] -- Detecting C compiler ABI info
[13.597s] -- Detecting C compiler ABI info - done
[13.605s] -- Check for working C compiler: /usr/bin/cc - skipped
[13.607s] -- Detecting C compile features
[13.608s] -- Detecting C compile features - done
[13.613s] -- Detecting CXX compiler ABI info
[13.970s] -- Detecting CXX compiler ABI info - done
[13.979s] -- Check for working CXX compiler: /usr/bin/c++ - skipped
[13.979s] -- Detecting CXX compile features
[13.980s] -- Detecting CXX compile features - done
[13.996s] -- Found ament_cmake: 1.3.4 (/opt/ros/humble/share/ament_cmake/cmake)
[14.972s] -- Found Python3: /usr/bin/python3.10 (found version "3.10.6") found components: Interpreter 
[15.523s] Error parsing '/home/user/ros2_ws/src/yet_moveit_config/package.xml':
[15.523s] Traceback (most recent call last):
[15.523s]   File "/opt/ros/humble/share/ament_cmake_core/cmake/core/package_xml_2_cmake.py", line 150, in <module>
[15.523s]     main()
[15.523s]   File "/opt/ros/humble/share/ament_cmake_core/cmake/core/package_xml_2_cmake.py", line 53, in main
[15.523s]     raise e
[15.523s]   File "/opt/ros/humble/share/ament_cmake_core/cmake/core/package_xml_2_cmake.py", line 49, in main
[15.524s]     package = parse_package_string(
[15.524s]   File "/usr/local/lib/python3.10/dist-packages/catkin_pkg/package.py", line 788, in parse_package_string
[15.524s]     pkg.validate(warnings=warnings)
[15.524s]   File "/usr/local/lib/python3.10/dist-packages/catkin_pkg/package.py", line 330, in validate
[15.524s]     raise InvalidPackage('\n'.join(errors), self.filename)
[15.525s] catkin_pkg.package.InvalidPackage: Error(s) in package '/home/user/ros2_ws/src/yet_moveit_config/package.xml':
[15.525s] Invalid email "aezquerro" for person "aezquerro"
[15.525s] Invalid email "aezquerro" for person "aezquerro"
[15.532s] [31mCMake Error at /opt/ros/humble/share/ament_cmake_core/cmake/core/ament_package_xml.cmake:95 (message):
[15.532s]   execute_process(/usr/bin/python3.10
[15.533s]   /opt/ros/humble/share/ament_cmake_core/cmake/core/package_xml_2_cmake.py
[15.533s]   /home/user/ros2_ws/src/yet_moveit_config/package.xml
[15.533s]   /home/user/ros2_ws/build/yet_moveit_config/ament_cmake_core/package.cmake)
[15.533s]   returned error code 1
[15.533s] Call Stack (most recent call first):
[15.533s]   /opt/ros/humble/share/ament_cmake_core/cmake/core/ament_package_xml.cmake:49 (_ament_package_xml)
[15.533s]   /opt/ros/humble/share/ament_cmake_core/cmake/core/ament_package.cmake:63 (ament_package_xml)
[15.533s]   CMakeLists.txt:6 (ament_package)
[15.533s] 
[15.533s] [0m
[15.534s] -- Configuring incomplete, errors occurred!
[15.534s] See also "/home/user/ros2_ws/build/yet_moveit_config/CMakeFiles/CMakeOutput.log".
