running egg_info
writing ../../../build/blob_detector/blob_detector.egg-info/PKG-INFO
writing dependency_links to ../../../build/blob_detector/blob_detector.egg-info/dependency_links.txt
writing entry points to ../../../build/blob_detector/blob_detector.egg-info/entry_points.txt
writing requirements to ../../../build/blob_detector/blob_detector.egg-info/requires.txt
writing top-level names to ../../../build/blob_detector/blob_detector.egg-info/top_level.txt
reading manifest file '../../../build/blob_detector/blob_detector.egg-info/SOURCES.txt'
writing manifest file '../../../build/blob_detector/blob_detector.egg-info/SOURCES.txt'
running build
running build_py
copying blob_detector/ur5_z_blob.py -> /home/steven/ros2_ws/src/blob_ws_1207/build/blob_detector/build/lib/blob_detector
running install
running install_lib
copying /home/steven/ros2_ws/src/blob_ws_1207/build/blob_detector/build/lib/blob_detector/ur5_z_blob.py -> /home/steven/ros2_ws/src/blob_ws_1207/install/blob_detector/lib/python3.10/site-packages/blob_detector
byte-compiling /home/steven/ros2_ws/src/blob_ws_1207/install/blob_detector/lib/python3.10/site-packages/blob_detector/ur5_z_blob.py to ur5_z_blob.cpython-310.pyc
running install_data
running install_egg_info
removing '/home/steven/ros2_ws/src/blob_ws_1207/install/blob_detector/lib/python3.10/site-packages/blob_detector-0.0.1-py3.10.egg-info' (and everything under it)
Copying ../../../build/blob_detector/blob_detector.egg-info to /home/steven/ros2_ws/src/blob_ws_1207/install/blob_detector/lib/python3.10/site-packages/blob_detector-0.0.1-py3.10.egg-info
running install_scripts
Installing blob_detector_node script to /home/steven/ros2_ws/src/blob_ws_1207/install/blob_detector/lib/blob_detector
Installing visual_particle = blob_detector.visual_particle:mainur5_z_blob script to /home/steven/ros2_ws/src/blob_ws_1207/install/blob_detector/lib/blob_detector
writing list of installed files to '/home/steven/ros2_ws/src/blob_ws_1207/build/blob_detector/install.log'
