[0.836s] Invoking command in '/home/user/ros2_ws/build/robotiq_85_msgs': CMAKE_PREFIX_PATH=${CMAKE_PREFIX_PATH}:/home/simulations/ros2_sims_ws/install/rclrs_tests:/home/simulations/ros2_sims_ws/install/examples_rclrs_minimal_client_service:/home/simulations/ros2_sims_ws/install/sensor_msgs_py:/home/simulations/ros2_sims_ws/install/examples_rclrs_minimal_pub_sub:/home/simulations/ros2_sims_ws/install/examples_rclrs_message_demo:/home/simulations/ros2_sims_ws/install/rclrs:/home/simulations/ros2_sims_ws/install/rosidl_runtime_rs:/home/user/ros2_ws/install/ros2test:/home/user/ros2_ws/install/robotiq_85_driver:/home/user/ros2_ws/install/moveit_configs_utils:/opt/ros/humble _=/usr/bin/env /usr/bin/cmake /home/user/ros2_ws/src/universal_robot_ros2/robotiq_85_gripper/robotiq_85_msgs -DCMAKE_INSTALL_PREFIX=/home/user/ros2_ws/install/robotiq_85_msgs
[4.668s] -- The C compiler identification is GNU 11.3.0
[7.298s] -- The CXX compiler identification is GNU 11.3.0
[7.396s] -- Detecting C compiler ABI info
[7.645s] -- Detecting C compiler ABI info - done
[7.652s] -- Check for working C compiler: /usr/bin/cc - skipped
[7.653s] -- Detecting C compile features
[7.655s] -- Detecting C compile features - done
[7.662s] -- Detecting CXX compiler ABI info
[7.990s] -- Detecting CXX compiler ABI info - done
[7.996s] -- Check for working CXX compiler: /usr/bin/c++ - skipped
[7.997s] -- Detecting CXX compile features
[7.998s] -- Detecting CXX compile features - done
[8.013s] -- Found ament_cmake: 1.3.4 (/opt/ros/humble/share/ament_cmake/cmake)
[8.435s] -- Found Python3: /usr/bin/python3.10 (found version "3.10.6") found components: Interpreter 
[8.786s] -- Found builtin_interfaces: 1.2.1 (/home/simulations/ros2_sims_ws/install/builtin_interfaces/share/builtin_interfaces/cmake)
[8.982s] -- Found rosidl_generator_c: 3.1.4 (/opt/ros/humble/share/rosidl_generator_c/cmake)
[9.016s] -- Found rosidl_adapter: 3.1.4 (/opt/ros/humble/share/rosidl_adapter/cmake)
[9.076s] -- Found rosidl_generator_cpp: 3.1.4 (/opt/ros/humble/share/rosidl_generator_cpp/cmake)
[9.162s] -- Using all available rosidl_typesupport_c: rosidl_typesupport_fastrtps_c;rosidl_typesupport_introspection_c
[9.277s] -- Using all available rosidl_typesupport_cpp: rosidl_typesupport_fastrtps_cpp;rosidl_typesupport_introspection_cpp
[9.375s] -- Found rosidl_default_generators: 1.2.0 (/home/simulations/ros2_sims_ws/install/rosidl_default_generators/share/rosidl_default_generators/cmake)
[9.428s] -- Found std_msgs: 4.2.3 (/home/simulations/ros2_sims_ws/install/std_msgs/share/std_msgs/cmake)
[10.556s] -- Found ament_cmake_ros: 0.10.0 (/opt/ros/humble/share/ament_cmake_ros/cmake)
[11.530s] -- Using all available rosidl_typesupport_c: rosidl_typesupport_fastrtps_c;rosidl_typesupport_introspection_c
[11.777s] -- Using all available rosidl_typesupport_cpp: rosidl_typesupport_fastrtps_cpp;rosidl_typesupport_introspection_cpp
[11.795s] -- Found rmw_implementation_cmake: 6.1.1 (/opt/ros/humble/share/rmw_implementation_cmake/cmake)
[12.402s] -- Found OpenSSL: /usr/lib/x86_64-linux-gnu/libcrypto.so (found version "3.0.2")  
[12.481s] -- Found FastRTPS: /opt/ros/humble/include  
[12.690s] -- Found PythonInterp: /usr/bin/python3 (found suitable version "3.10.6", minimum required is "3.6") 
[12.700s] -- Found python_cmake_module: 0.10.0 (/opt/ros/humble/share/python_cmake_module/cmake)
[12.764s] -- Found PythonLibs: /usr/lib/x86_64-linux-gnu/libpython3.10.so (found suitable version "3.10.6", minimum required is "3.5") 
[12.765s] -- Using PYTHON_EXECUTABLE: /usr/bin/python3
[12.765s] -- Using PYTHON_INCLUDE_DIRS: /usr/include/python3.10
[12.765s] -- Using PYTHON_LIBRARIES: /usr/lib/x86_64-linux-gnu/libpython3.10.so
[12.815s] -- Found PythonExtra: .so  
[12.963s] -- Configuring done
[13.013s] -- Generating done
[13.016s] -- Build files have been written to: /home/user/ros2_ws/build/robotiq_85_msgs
[13.029s] Invoked command in '/home/user/ros2_ws/build/robotiq_85_msgs' returned '0': CMAKE_PREFIX_PATH=${CMAKE_PREFIX_PATH}:/home/simulations/ros2_sims_ws/install/rclrs_tests:/home/simulations/ros2_sims_ws/install/examples_rclrs_minimal_client_service:/home/simulations/ros2_sims_ws/install/sensor_msgs_py:/home/simulations/ros2_sims_ws/install/examples_rclrs_minimal_pub_sub:/home/simulations/ros2_sims_ws/install/examples_rclrs_message_demo:/home/simulations/ros2_sims_ws/install/rclrs:/home/simulations/ros2_sims_ws/install/rosidl_runtime_rs:/home/user/ros2_ws/install/ros2test:/home/user/ros2_ws/install/robotiq_85_driver:/home/user/ros2_ws/install/moveit_configs_utils:/opt/ros/humble _=/usr/bin/env /usr/bin/cmake /home/user/ros2_ws/src/universal_robot_ros2/robotiq_85_gripper/robotiq_85_msgs -DCMAKE_INSTALL_PREFIX=/home/user/ros2_ws/install/robotiq_85_msgs
[13.031s] Invoking command in '/home/user/ros2_ws/build/robotiq_85_msgs': CMAKE_PREFIX_PATH=${CMAKE_PREFIX_PATH}:/home/simulations/ros2_sims_ws/install/rclrs_tests:/home/simulations/ros2_sims_ws/install/examples_rclrs_minimal_client_service:/home/simulations/ros2_sims_ws/install/sensor_msgs_py:/home/simulations/ros2_sims_ws/install/examples_rclrs_minimal_pub_sub:/home/simulations/ros2_sims_ws/install/examples_rclrs_message_demo:/home/simulations/ros2_sims_ws/install/rclrs:/home/simulations/ros2_sims_ws/install/rosidl_runtime_rs:/home/user/ros2_ws/install/ros2test:/home/user/ros2_ws/install/robotiq_85_driver:/home/user/ros2_ws/install/moveit_configs_utils:/opt/ros/humble _=/usr/bin/env /usr/bin/cmake --build /home/user/ros2_ws/build/robotiq_85_msgs -- -j8 -l8
[13.107s] [  2%] [34m[1mGenerating C code for ROS interfaces[0m
[13.134s] [  5%] [34m[1mGenerating C++ code for ROS interfaces[0m
[13.134s] [  7%] [34m[1mGenerating Rust code for ROS interfaces[0m
[13.148s] [  7%] Built target ament_cmake_python_copy_robotiq_85_msgs
[13.584s] [  7%] Built target robotiq_85_msgs__rs
[13.652s] running egg_info
[13.654s] creating robotiq_85_msgs.egg-info
[13.655s] writing robotiq_85_msgs.egg-info/PKG-INFO
[13.655s] writing dependency_links to robotiq_85_msgs.egg-info/dependency_links.txt
[13.655s] writing top-level names to robotiq_85_msgs.egg-info/top_level.txt
[13.656s] writing manifest file 'robotiq_85_msgs.egg-info/SOURCES.txt'
[13.659s] reading manifest file 'robotiq_85_msgs.egg-info/SOURCES.txt'
[13.660s] writing manifest file 'robotiq_85_msgs.egg-info/SOURCES.txt'
[13.710s] [  7%] Built target ament_cmake_python_build_robotiq_85_msgs_egg
[13.761s] [ 10%] [32mBuilding C object CMakeFiles/robotiq_85_msgs__rosidl_generator_c.dir/rosidl_generator_c/robotiq_85_msgs/msg/detail/gripper_cmd__functions.c.o[0m
[13.761s] [ 10%] Built target robotiq_85_msgs__cpp
[13.762s] [ 12%] [32mBuilding C object CMakeFiles/robotiq_85_msgs__rosidl_generator_c.dir/rosidl_generator_c/robotiq_85_msgs/msg/detail/gripper_stat__functions.c.o[0m
[13.796s] [ 15%] [34m[1mGenerating C++ introspection for ROS interfaces[0m
[13.799s] [ 17%] [34m[1mGenerating C++ type support dispatch for ROS interfaces[0m
[13.805s] [ 20%] [34m[1mGenerating C++ type support for eProsima Fast-RTPS[0m
[14.345s] [ 22%] [32mBuilding CXX object CMakeFiles/robotiq_85_msgs__rosidl_typesupport_introspection_cpp.dir/rosidl_typesupport_introspection_cpp/robotiq_85_msgs/msg/detail/gripper_stat__type_support.cpp.o[0m
[14.347s] [ 25%] [32mBuilding CXX object CMakeFiles/robotiq_85_msgs__rosidl_typesupport_introspection_cpp.dir/rosidl_typesupport_introspection_cpp/robotiq_85_msgs/msg/detail/gripper_cmd__type_support.cpp.o[0m
[14.399s] [ 27%] [32mBuilding CXX object CMakeFiles/robotiq_85_msgs__rosidl_typesupport_cpp.dir/rosidl_typesupport_cpp/robotiq_85_msgs/msg/gripper_stat__type_support.cpp.o[0m
[14.401s] [ 30%] [32mBuilding CXX object CMakeFiles/robotiq_85_msgs__rosidl_typesupport_cpp.dir/rosidl_typesupport_cpp/robotiq_85_msgs/msg/gripper_cmd__type_support.cpp.o[0m
[14.427s] [ 32%] [32mBuilding CXX object CMakeFiles/robotiq_85_msgs__rosidl_typesupport_fastrtps_cpp.dir/rosidl_typesupport_fastrtps_cpp/robotiq_85_msgs/msg/detail/dds_fastrtps/gripper_cmd__type_support.cpp.o[0m
[14.428s] [ 35%] [32mBuilding CXX object CMakeFiles/robotiq_85_msgs__rosidl_typesupport_fastrtps_cpp.dir/rosidl_typesupport_fastrtps_cpp/robotiq_85_msgs/msg/detail/dds_fastrtps/gripper_stat__type_support.cpp.o[0m
[14.760s] [ 37%] [32m[1mLinking C shared library librobotiq_85_msgs__rosidl_generator_c.so[0m
[14.818s] [ 37%] Built target robotiq_85_msgs__rosidl_generator_c
[14.843s] [ 40%] [34m[1mGenerating C introspection for ROS interfaces[0m
[14.843s] [ 42%] [34m[1mGenerating C type support for eProsima Fast-RTPS[0m
[15.321s] [ 45%] [32mBuilding CXX object CMakeFiles/robotiq_85_msgs__rosidl_typesupport_fastrtps_c.dir/rosidl_typesupport_fastrtps_c/robotiq_85_msgs/msg/detail/gripper_cmd__type_support_c.cpp.o[0m
[15.331s] [ 47%] [32mBuilding C object CMakeFiles/robotiq_85_msgs__rosidl_typesupport_introspection_c.dir/rosidl_typesupport_introspection_c/robotiq_85_msgs/msg/detail/gripper_cmd__type_support.c.o[0m
[15.423s] [ 50%] [32mBuilding C object CMakeFiles/robotiq_85_msgs__rosidl_typesupport_introspection_c.dir/rosidl_typesupport_introspection_c/robotiq_85_msgs/msg/detail/gripper_stat__type_support.c.o[0m
[15.615s] [ 52%] [32m[1mLinking C shared library librobotiq_85_msgs__rosidl_typesupport_introspection_c.so[0m
[15.675s] [ 52%] Built target robotiq_85_msgs__rosidl_typesupport_introspection_c
[15.694s] [ 55%] [34m[1mGenerating C type support dispatch for ROS interfaces[0m
[16.205s] [ 57%] [32mBuilding CXX object CMakeFiles/robotiq_85_msgs__rosidl_typesupport_c.dir/rosidl_typesupport_c/robotiq_85_msgs/msg/gripper_cmd__type_support.cpp.o[0m
[16.392s] [ 62%] [32mBuilding CXX object CMakeFiles/robotiq_85_msgs__rosidl_typesupport_c.dir/rosidl_typesupport_c/robotiq_85_msgs/msg/gripper_stat__type_support.cpp.o[0m
[16.395s] [ 62%] [32mBuilding CXX object CMakeFiles/robotiq_85_msgs__rosidl_typesupport_fastrtps_c.dir/rosidl_typesupport_fastrtps_c/robotiq_85_msgs/msg/detail/gripper_stat__type_support_c.cpp.o[0m
[16.411s] [ 65%] [32m[1mLinking CXX shared library librobotiq_85_msgs__rosidl_typesupport_cpp.so[0m
[16.414s] [ 67%] [32m[1mLinking CXX shared library librobotiq_85_msgs__rosidl_typesupport_introspection_cpp.so[0m
[16.476s] [ 70%] [32m[1mLinking CXX shared library librobotiq_85_msgs__rosidl_typesupport_c.so[0m
[16.500s] [ 70%] Built target robotiq_85_msgs__rosidl_typesupport_cpp
[16.514s] [ 72%] [32m[1mLinking CXX shared library librobotiq_85_msgs__rosidl_typesupport_fastrtps_cpp.so[0m
[16.521s] [ 72%] Built target robotiq_85_msgs__rosidl_typesupport_introspection_cpp
[16.554s] [ 72%] Built target robotiq_85_msgs__rosidl_typesupport_c
[16.615s] [ 72%] Built target robotiq_85_msgs__rosidl_typesupport_fastrtps_cpp
[16.859s] [ 75%] [32m[1mLinking CXX shared library librobotiq_85_msgs__rosidl_typesupport_fastrtps_c.so[0m
[16.946s] [ 75%] Built target robotiq_85_msgs__rosidl_typesupport_fastrtps_c
[16.984s] [ 75%] Built target robotiq_85_msgs
[17.021s] [ 77%] [34m[1mGenerating Python code for ROS interfaces[0m
[17.558s] [ 77%] Built target robotiq_85_msgs__py
[17.607s] [ 80%] [32mBuilding C object CMakeFiles/robotiq_85_msgs__rosidl_generator_py.dir/rosidl_generator_py/robotiq_85_msgs/msg/_gripper_cmd_s.c.o[0m
[17.612s] [ 82%] [32mBuilding C object CMakeFiles/robotiq_85_msgs__rosidl_generator_py.dir/rosidl_generator_py/robotiq_85_msgs/msg/_gripper_stat_s.c.o[0m
[19.692s] [ 85%] [32m[1mLinking C shared library rosidl_generator_py/robotiq_85_msgs/librobotiq_85_msgs__rosidl_generator_py.so[0m
[19.771s] [ 85%] Built target robotiq_85_msgs__rosidl_generator_py
[19.830s] [ 90%] [32mBuilding C object CMakeFiles/robotiq_85_msgs__rosidl_typesupport_introspection_c__pyext.dir/rosidl_generator_py/robotiq_85_msgs/_robotiq_85_msgs_s.ep.rosidl_typesupport_introspection_c.c.o[0m
[19.830s] [ 90%] [32mBuilding C object CMakeFiles/robotiq_85_msgs__rosidl_typesupport_c__pyext.dir/rosidl_generator_py/robotiq_85_msgs/_robotiq_85_msgs_s.ep.rosidl_typesupport_c.c.o[0m
[19.831s] [ 92%] [32mBuilding C object CMakeFiles/robotiq_85_msgs__rosidl_typesupport_fastrtps_c__pyext.dir/rosidl_generator_py/robotiq_85_msgs/_robotiq_85_msgs_s.ep.rosidl_typesupport_fastrtps_c.c.o[0m
[20.040s] [ 95%] [32m[1mLinking C shared library rosidl_generator_py/robotiq_85_msgs/robotiq_85_msgs_s__rosidl_typesupport_fastrtps_c.cpython-310-x86_64-linux-gnu.so[0m
[20.047s] [100%] [32m[1mLinking C shared library rosidl_generator_py/robotiq_85_msgs/robotiq_85_msgs_s__rosidl_typesupport_c.cpython-310-x86_64-linux-gnu.so[0m
[20.048s] [100%] [32m[1mLinking C shared library rosidl_generator_py/robotiq_85_msgs/robotiq_85_msgs_s__rosidl_typesupport_introspection_c.cpython-310-x86_64-linux-gnu.so[0m
[20.128s] [100%] Built target robotiq_85_msgs__rosidl_typesupport_c__pyext
[20.135s] [100%] Built target robotiq_85_msgs__rosidl_typesupport_fastrtps_c__pyext
[20.146s] [100%] Built target robotiq_85_msgs__rosidl_typesupport_introspection_c__pyext
[20.169s] Invoked command in '/home/user/ros2_ws/build/robotiq_85_msgs' returned '0': CMAKE_PREFIX_PATH=${CMAKE_PREFIX_PATH}:/home/simulations/ros2_sims_ws/install/rclrs_tests:/home/simulations/ros2_sims_ws/install/examples_rclrs_minimal_client_service:/home/simulations/ros2_sims_ws/install/sensor_msgs_py:/home/simulations/ros2_sims_ws/install/examples_rclrs_minimal_pub_sub:/home/simulations/ros2_sims_ws/install/examples_rclrs_message_demo:/home/simulations/ros2_sims_ws/install/rclrs:/home/simulations/ros2_sims_ws/install/rosidl_runtime_rs:/home/user/ros2_ws/install/ros2test:/home/user/ros2_ws/install/robotiq_85_driver:/home/user/ros2_ws/install/moveit_configs_utils:/opt/ros/humble _=/usr/bin/env /usr/bin/cmake --build /home/user/ros2_ws/build/robotiq_85_msgs -- -j8 -l8
[20.504s] Invoking command in '/home/user/ros2_ws/build/robotiq_85_msgs': CMAKE_PREFIX_PATH=${CMAKE_PREFIX_PATH}:/home/simulations/ros2_sims_ws/install/rclrs_tests:/home/simulations/ros2_sims_ws/install/examples_rclrs_minimal_client_service:/home/simulations/ros2_sims_ws/install/sensor_msgs_py:/home/simulations/ros2_sims_ws/install/examples_rclrs_minimal_pub_sub:/home/simulations/ros2_sims_ws/install/examples_rclrs_message_demo:/home/simulations/ros2_sims_ws/install/rclrs:/home/simulations/ros2_sims_ws/install/rosidl_runtime_rs:/home/user/ros2_ws/install/ros2test:/home/user/ros2_ws/install/robotiq_85_driver:/home/user/ros2_ws/install/moveit_configs_utils:/opt/ros/humble _=/usr/bin/env /usr/bin/cmake --install /home/user/ros2_ws/build/robotiq_85_msgs
[20.516s] -- Install configuration: ""
[20.516s] -- Installing: /home/user/ros2_ws/install/robotiq_85_msgs/share/ament_index/resource_index/rosidl_interfaces/robotiq_85_msgs
[20.516s] -- Installing: /home/user/ros2_ws/install/robotiq_85_msgs/include/robotiq_85_msgs/robotiq_85_msgs
[20.516s] -- Installing: /home/user/ros2_ws/install/robotiq_85_msgs/include/robotiq_85_msgs/robotiq_85_msgs/msg
[20.517s] -- Installing: /home/user/ros2_ws/install/robotiq_85_msgs/include/robotiq_85_msgs/robotiq_85_msgs/msg/detail
[20.517s] -- Installing: /home/user/ros2_ws/install/robotiq_85_msgs/include/robotiq_85_msgs/robotiq_85_msgs/msg/detail/gripper_stat__functions.c
[20.517s] -- Installing: /home/user/ros2_ws/install/robotiq_85_msgs/include/robotiq_85_msgs/robotiq_85_msgs/msg/detail/gripper_cmd__functions.h
[20.517s] -- Installing: /home/user/ros2_ws/install/robotiq_85_msgs/include/robotiq_85_msgs/robotiq_85_msgs/msg/detail/gripper_stat__struct.h
[20.517s] -- Installing: /home/user/ros2_ws/install/robotiq_85_msgs/include/robotiq_85_msgs/robotiq_85_msgs/msg/detail/gripper_cmd__functions.c
[20.518s] -- Installing: /home/user/ros2_ws/install/robotiq_85_msgs/include/robotiq_85_msgs/robotiq_85_msgs/msg/detail/gripper_stat__type_support.h
[20.518s] -- Installing: /home/user/ros2_ws/install/robotiq_85_msgs/include/robotiq_85_msgs/robotiq_85_msgs/msg/detail/gripper_stat__functions.h
[20.518s] -- Installing: /home/user/ros2_ws/install/robotiq_85_msgs/include/robotiq_85_msgs/robotiq_85_msgs/msg/detail/gripper_cmd__type_support.h
[20.518s] -- Installing: /home/user/ros2_ws/install/robotiq_85_msgs/include/robotiq_85_msgs/robotiq_85_msgs/msg/detail/gripper_cmd__struct.h
[20.519s] -- Installing: /home/user/ros2_ws/install/robotiq_85_msgs/include/robotiq_85_msgs/robotiq_85_msgs/msg/rosidl_generator_c__visibility_control.h
[20.519s] -- Installing: /home/user/ros2_ws/install/robotiq_85_msgs/include/robotiq_85_msgs/robotiq_85_msgs/msg/gripper_cmd.h
[20.519s] -- Installing: /home/user/ros2_ws/install/robotiq_85_msgs/include/robotiq_85_msgs/robotiq_85_msgs/msg/gripper_stat.h
[20.520s] -- Installing: /home/user/ros2_ws/install/robotiq_85_msgs/share/robotiq_85_msgs/environment/library_path.sh
[20.520s] -- Installing: /home/user/ros2_ws/install/robotiq_85_msgs/share/robotiq_85_msgs/environment/library_path.dsv
[20.520s] -- Installing: /home/user/ros2_ws/install/robotiq_85_msgs/lib/librobotiq_85_msgs__rosidl_generator_c.so
[20.520s] -- Set runtime path of "/home/user/ros2_ws/install/robotiq_85_msgs/lib/librobotiq_85_msgs__rosidl_generator_c.so" to ""
[20.521s] -- Up-to-date: /home/user/ros2_ws/install/robotiq_85_msgs/include/robotiq_85_msgs/robotiq_85_msgs
[20.521s] -- Up-to-date: /home/user/ros2_ws/install/robotiq_85_msgs/include/robotiq_85_msgs/robotiq_85_msgs/msg
[20.521s] -- Up-to-date: /home/user/ros2_ws/install/robotiq_85_msgs/include/robotiq_85_msgs/robotiq_85_msgs/msg/detail
[20.521s] -- Installing: /home/user/ros2_ws/install/robotiq_85_msgs/include/robotiq_85_msgs/robotiq_85_msgs/msg/detail/gripper_stat__rosidl_typesupport_fastrtps_c.h
[20.521s] -- Installing: /home/user/ros2_ws/install/robotiq_85_msgs/include/robotiq_85_msgs/robotiq_85_msgs/msg/detail/gripper_cmd__rosidl_typesupport_fastrtps_c.h
[20.522s] -- Installing: /home/user/ros2_ws/install/robotiq_85_msgs/include/robotiq_85_msgs/robotiq_85_msgs/msg/rosidl_typesupport_fastrtps_c__visibility_control.h
[20.522s] -- Installing: /home/user/ros2_ws/install/robotiq_85_msgs/lib/librobotiq_85_msgs__rosidl_typesupport_fastrtps_c.so
[20.522s] -- Set runtime path of "/home/user/ros2_ws/install/robotiq_85_msgs/lib/librobotiq_85_msgs__rosidl_typesupport_fastrtps_c.so" to ""
[20.522s] -- Up-to-date: /home/user/ros2_ws/install/robotiq_85_msgs/include/robotiq_85_msgs/robotiq_85_msgs
[20.522s] -- Up-to-date: /home/user/ros2_ws/install/robotiq_85_msgs/include/robotiq_85_msgs/robotiq_85_msgs/msg
[20.522s] -- Up-to-date: /home/user/ros2_ws/install/robotiq_85_msgs/include/robotiq_85_msgs/robotiq_85_msgs/msg/detail
[20.523s] -- Installing: /home/user/ros2_ws/install/robotiq_85_msgs/include/robotiq_85_msgs/robotiq_85_msgs/msg/detail/gripper_cmd__struct.hpp
[20.523s] -- Installing: /home/user/ros2_ws/install/robotiq_85_msgs/include/robotiq_85_msgs/robotiq_85_msgs/msg/detail/gripper_stat__struct.hpp
[20.523s] -- Installing: /home/user/ros2_ws/install/robotiq_85_msgs/include/robotiq_85_msgs/robotiq_85_msgs/msg/detail/gripper_stat__traits.hpp
[20.523s] -- Installing: /home/user/ros2_ws/install/robotiq_85_msgs/include/robotiq_85_msgs/robotiq_85_msgs/msg/detail/gripper_cmd__builder.hpp
[20.523s] -- Installing: /home/user/ros2_ws/install/robotiq_85_msgs/include/robotiq_85_msgs/robotiq_85_msgs/msg/detail/gripper_stat__builder.hpp
[20.523s] -- Installing: /home/user/ros2_ws/install/robotiq_85_msgs/include/robotiq_85_msgs/robotiq_85_msgs/msg/detail/gripper_cmd__traits.hpp
[20.523s] -- Installing: /home/user/ros2_ws/install/robotiq_85_msgs/include/robotiq_85_msgs/robotiq_85_msgs/msg/gripper_cmd.hpp
[20.523s] -- Installing: /home/user/ros2_ws/install/robotiq_85_msgs/include/robotiq_85_msgs/robotiq_85_msgs/msg/gripper_stat.hpp
[20.523s] -- Up-to-date: /home/user/ros2_ws/install/robotiq_85_msgs/include/robotiq_85_msgs/robotiq_85_msgs
[20.524s] -- Up-to-date: /home/user/ros2_ws/install/robotiq_85_msgs/include/robotiq_85_msgs/robotiq_85_msgs/msg
[20.524s] -- Up-to-date: /home/user/ros2_ws/install/robotiq_85_msgs/include/robotiq_85_msgs/robotiq_85_msgs/msg/detail
[20.524s] -- Installing: /home/user/ros2_ws/install/robotiq_85_msgs/include/robotiq_85_msgs/robotiq_85_msgs/msg/detail/gripper_stat__rosidl_typesupport_fastrtps_cpp.hpp
[20.524s] -- Installing: /home/user/ros2_ws/install/robotiq_85_msgs/include/robotiq_85_msgs/robotiq_85_msgs/msg/detail/dds_fastrtps
[20.524s] -- Installing: /home/user/ros2_ws/install/robotiq_85_msgs/include/robotiq_85_msgs/robotiq_85_msgs/msg/detail/gripper_cmd__rosidl_typesupport_fastrtps_cpp.hpp
[20.524s] -- Installing: /home/user/ros2_ws/install/robotiq_85_msgs/include/robotiq_85_msgs/robotiq_85_msgs/msg/rosidl_typesupport_fastrtps_cpp__visibility_control.h
[20.524s] -- Installing: /home/user/ros2_ws/install/robotiq_85_msgs/lib/librobotiq_85_msgs__rosidl_typesupport_fastrtps_cpp.so
[20.525s] -- Set runtime path of "/home/user/ros2_ws/install/robotiq_85_msgs/lib/librobotiq_85_msgs__rosidl_typesupport_fastrtps_cpp.so" to ""
[20.525s] -- Up-to-date: /home/user/ros2_ws/install/robotiq_85_msgs/include/robotiq_85_msgs/robotiq_85_msgs
[20.525s] -- Up-to-date: /home/user/ros2_ws/install/robotiq_85_msgs/include/robotiq_85_msgs/robotiq_85_msgs/msg
[20.525s] -- Up-to-date: /home/user/ros2_ws/install/robotiq_85_msgs/include/robotiq_85_msgs/robotiq_85_msgs/msg/detail
[20.525s] -- Installing: /home/user/ros2_ws/install/robotiq_85_msgs/include/robotiq_85_msgs/robotiq_85_msgs/msg/detail/gripper_cmd__type_support.c
[20.525s] -- Installing: /home/user/ros2_ws/install/robotiq_85_msgs/include/robotiq_85_msgs/robotiq_85_msgs/msg/detail/gripper_stat__rosidl_typesupport_introspection_c.h
[20.525s] -- Installing: /home/user/ros2_ws/install/robotiq_85_msgs/include/robotiq_85_msgs/robotiq_85_msgs/msg/detail/gripper_cmd__rosidl_typesupport_introspection_c.h
[20.525s] -- Installing: /home/user/ros2_ws/install/robotiq_85_msgs/include/robotiq_85_msgs/robotiq_85_msgs/msg/detail/gripper_stat__type_support.c
[20.526s] -- Installing: /home/user/ros2_ws/install/robotiq_85_msgs/include/robotiq_85_msgs/robotiq_85_msgs/msg/rosidl_typesupport_introspection_c__visibility_control.h
[20.526s] -- Installing: /home/user/ros2_ws/install/robotiq_85_msgs/lib/librobotiq_85_msgs__rosidl_typesupport_introspection_c.so
[20.526s] -- Set runtime path of "/home/user/ros2_ws/install/robotiq_85_msgs/lib/librobotiq_85_msgs__rosidl_typesupport_introspection_c.so" to ""
[20.526s] -- Installing: /home/user/ros2_ws/install/robotiq_85_msgs/lib/librobotiq_85_msgs__rosidl_typesupport_c.so
[20.526s] -- Set runtime path of "/home/user/ros2_ws/install/robotiq_85_msgs/lib/librobotiq_85_msgs__rosidl_typesupport_c.so" to ""
[20.527s] -- Up-to-date: /home/user/ros2_ws/install/robotiq_85_msgs/include/robotiq_85_msgs/robotiq_85_msgs
[20.527s] -- Up-to-date: /home/user/ros2_ws/install/robotiq_85_msgs/include/robotiq_85_msgs/robotiq_85_msgs/msg
[20.527s] -- Up-to-date: /home/user/ros2_ws/install/robotiq_85_msgs/include/robotiq_85_msgs/robotiq_85_msgs/msg/detail
[20.527s] -- Installing: /home/user/ros2_ws/install/robotiq_85_msgs/include/robotiq_85_msgs/robotiq_85_msgs/msg/detail/gripper_cmd__rosidl_typesupport_introspection_cpp.hpp
[20.527s] -- Installing: /home/user/ros2_ws/install/robotiq_85_msgs/include/robotiq_85_msgs/robotiq_85_msgs/msg/detail/gripper_stat__rosidl_typesupport_introspection_cpp.hpp
[20.527s] -- Installing: /home/user/ros2_ws/install/robotiq_85_msgs/include/robotiq_85_msgs/robotiq_85_msgs/msg/detail/gripper_stat__type_support.cpp
[20.527s] -- Installing: /home/user/ros2_ws/install/robotiq_85_msgs/include/robotiq_85_msgs/robotiq_85_msgs/msg/detail/gripper_cmd__type_support.cpp
[20.528s] -- Installing: /home/user/ros2_ws/install/robotiq_85_msgs/lib/librobotiq_85_msgs__rosidl_typesupport_introspection_cpp.so
[20.528s] -- Set runtime path of "/home/user/ros2_ws/install/robotiq_85_msgs/lib/librobotiq_85_msgs__rosidl_typesupport_introspection_cpp.so" to ""
[20.528s] -- Installing: /home/user/ros2_ws/install/robotiq_85_msgs/lib/librobotiq_85_msgs__rosidl_typesupport_cpp.so
[20.528s] -- Set runtime path of "/home/user/ros2_ws/install/robotiq_85_msgs/lib/librobotiq_85_msgs__rosidl_typesupport_cpp.so" to ""
[20.528s] -- Installing: /home/user/ros2_ws/install/robotiq_85_msgs/share/ament_index/resource_index/rust_packages/robotiq_85_msgs
[20.529s] -- Installing: /home/user/ros2_ws/install/robotiq_85_msgs/share/robotiq_85_msgs/rust
[20.529s] -- Installing: /home/user/ros2_ws/install/robotiq_85_msgs/share/robotiq_85_msgs/rust/Cargo.toml
[20.529s] -- Installing: /home/user/ros2_ws/install/robotiq_85_msgs/share/robotiq_85_msgs/rust/src
[20.529s] -- Installing: /home/user/ros2_ws/install/robotiq_85_msgs/share/robotiq_85_msgs/rust/src/msg.rs
[20.529s] -- Installing: /home/user/ros2_ws/install/robotiq_85_msgs/share/robotiq_85_msgs/rust/src/lib.rs
[20.529s] -- Installing: /home/user/ros2_ws/install/robotiq_85_msgs/share/robotiq_85_msgs/rust/build.rs
[20.530s] -- Up-to-date: /home/user/ros2_ws/install/robotiq_85_msgs/share/robotiq_85_msgs/rust
[20.530s] -- Up-to-date: /home/user/ros2_ws/install/robotiq_85_msgs/share/robotiq_85_msgs/rust/Cargo.toml
[20.530s] -- Up-to-date: /home/user/ros2_ws/install/robotiq_85_msgs/share/robotiq_85_msgs/rust/src
[20.530s] -- Up-to-date: /home/user/ros2_ws/install/robotiq_85_msgs/share/robotiq_85_msgs/rust/src/msg.rs
[20.530s] -- Up-to-date: /home/user/ros2_ws/install/robotiq_85_msgs/share/robotiq_85_msgs/rust/src/lib.rs
[20.531s] -- Up-to-date: /home/user/ros2_ws/install/robotiq_85_msgs/share/robotiq_85_msgs/rust/build.rs
[20.531s] -- Up-to-date: /home/user/ros2_ws/install/robotiq_85_msgs/share/robotiq_85_msgs/rust
[20.531s] -- Up-to-date: /home/user/ros2_ws/install/robotiq_85_msgs/share/robotiq_85_msgs/rust/Cargo.toml
[20.531s] -- Up-to-date: /home/user/ros2_ws/install/robotiq_85_msgs/share/robotiq_85_msgs/rust/src
[20.531s] -- Up-to-date: /home/user/ros2_ws/install/robotiq_85_msgs/share/robotiq_85_msgs/rust/src/msg.rs
[20.531s] -- Up-to-date: /home/user/ros2_ws/install/robotiq_85_msgs/share/robotiq_85_msgs/rust/src/lib.rs
[20.532s] -- Up-to-date: /home/user/ros2_ws/install/robotiq_85_msgs/share/robotiq_85_msgs/rust/build.rs
[20.532s] -- Installing: /home/user/ros2_ws/install/robotiq_85_msgs/share/robotiq_85_msgs/environment/pythonpath.sh
[20.532s] -- Installing: /home/user/ros2_ws/install/robotiq_85_msgs/share/robotiq_85_msgs/environment/pythonpath.dsv
[20.532s] -- Installing: /home/user/ros2_ws/install/robotiq_85_msgs/local/lib/python3.10/dist-packages/robotiq_85_msgs-1.0.1-py3.10.egg-info
[20.532s] -- Installing: /home/user/ros2_ws/install/robotiq_85_msgs/local/lib/python3.10/dist-packages/robotiq_85_msgs-1.0.1-py3.10.egg-info/PKG-INFO
[20.532s] -- Installing: /home/user/ros2_ws/install/robotiq_85_msgs/local/lib/python3.10/dist-packages/robotiq_85_msgs-1.0.1-py3.10.egg-info/top_level.txt
[20.533s] -- Installing: /home/user/ros2_ws/install/robotiq_85_msgs/local/lib/python3.10/dist-packages/robotiq_85_msgs-1.0.1-py3.10.egg-info/SOURCES.txt
[20.533s] -- Installing: /home/user/ros2_ws/install/robotiq_85_msgs/local/lib/python3.10/dist-packages/robotiq_85_msgs-1.0.1-py3.10.egg-info/dependency_links.txt
[20.533s] -- Installing: /home/user/ros2_ws/install/robotiq_85_msgs/local/lib/python3.10/dist-packages/robotiq_85_msgs
[20.533s] -- Installing: /home/user/ros2_ws/install/robotiq_85_msgs/local/lib/python3.10/dist-packages/robotiq_85_msgs/_robotiq_85_msgs_s.ep.rosidl_typesupport_introspection_c.c
[20.533s] -- Installing: /home/user/ros2_ws/install/robotiq_85_msgs/local/lib/python3.10/dist-packages/robotiq_85_msgs/msg
[20.533s] -- Installing: /home/user/ros2_ws/install/robotiq_85_msgs/local/lib/python3.10/dist-packages/robotiq_85_msgs/msg/_gripper_stat_s.c
[20.534s] -- Installing: /home/user/ros2_ws/install/robotiq_85_msgs/local/lib/python3.10/dist-packages/robotiq_85_msgs/msg/_gripper_cmd.py
[20.534s] -- Installing: /home/user/ros2_ws/install/robotiq_85_msgs/local/lib/python3.10/dist-packages/robotiq_85_msgs/msg/__init__.py
[20.534s] -- Installing: /home/user/ros2_ws/install/robotiq_85_msgs/local/lib/python3.10/dist-packages/robotiq_85_msgs/msg/_gripper_cmd_s.c
[20.534s] -- Installing: /home/user/ros2_ws/install/robotiq_85_msgs/local/lib/python3.10/dist-packages/robotiq_85_msgs/msg/_gripper_stat.py
[20.534s] -- Installing: /home/user/ros2_ws/install/robotiq_85_msgs/local/lib/python3.10/dist-packages/robotiq_85_msgs/__init__.py
[20.534s] -- Installing: /home/user/ros2_ws/install/robotiq_85_msgs/local/lib/python3.10/dist-packages/robotiq_85_msgs/robotiq_85_msgs_s__rosidl_typesupport_c.cpython-310-x86_64-linux-gnu.so
[20.534s] -- Installing: /home/user/ros2_ws/install/robotiq_85_msgs/local/lib/python3.10/dist-packages/robotiq_85_msgs/librobotiq_85_msgs__rosidl_generator_py.so
[20.534s] -- Installing: /home/user/ros2_ws/install/robotiq_85_msgs/local/lib/python3.10/dist-packages/robotiq_85_msgs/_robotiq_85_msgs_s.ep.rosidl_typesupport_fastrtps_c.c
[20.534s] -- Installing: /home/user/ros2_ws/install/robotiq_85_msgs/local/lib/python3.10/dist-packages/robotiq_85_msgs/_robotiq_85_msgs_s.ep.rosidl_typesupport_c.c
[20.535s] -- Installing: /home/user/ros2_ws/install/robotiq_85_msgs/local/lib/python3.10/dist-packages/robotiq_85_msgs/robotiq_85_msgs_s__rosidl_typesupport_fastrtps_c.cpython-310-x86_64-linux-gnu.so
[20.535s] -- Installing: /home/user/ros2_ws/install/robotiq_85_msgs/local/lib/python3.10/dist-packages/robotiq_85_msgs/robotiq_85_msgs_s__rosidl_typesupport_introspection_c.cpython-310-x86_64-linux-gnu.so
[20.590s] Listing '/home/user/ros2_ws/install/robotiq_85_msgs/local/lib/python3.10/dist-packages/robotiq_85_msgs'...
[20.590s] Compiling '/home/user/ros2_ws/install/robotiq_85_msgs/local/lib/python3.10/dist-packages/robotiq_85_msgs/__init__.py'...
[20.590s] Listing '/home/user/ros2_ws/install/robotiq_85_msgs/local/lib/python3.10/dist-packages/robotiq_85_msgs/msg'...
[20.590s] Compiling '/home/user/ros2_ws/install/robotiq_85_msgs/local/lib/python3.10/dist-packages/robotiq_85_msgs/msg/__init__.py'...
[20.590s] Compiling '/home/user/ros2_ws/install/robotiq_85_msgs/local/lib/python3.10/dist-packages/robotiq_85_msgs/msg/_gripper_cmd.py'...
[20.590s] Compiling '/home/user/ros2_ws/install/robotiq_85_msgs/local/lib/python3.10/dist-packages/robotiq_85_msgs/msg/_gripper_stat.py'...
[20.594s] -- Installing: /home/user/ros2_ws/install/robotiq_85_msgs/local/lib/python3.10/dist-packages/robotiq_85_msgs/robotiq_85_msgs_s__rosidl_typesupport_fastrtps_c.cpython-310-x86_64-linux-gnu.so
[20.595s] -- Set runtime path of "/home/user/ros2_ws/install/robotiq_85_msgs/local/lib/python3.10/dist-packages/robotiq_85_msgs/robotiq_85_msgs_s__rosidl_typesupport_fastrtps_c.cpython-310-x86_64-linux-gnu.so" to ""
[20.595s] -- Installing: /home/user/ros2_ws/install/robotiq_85_msgs/local/lib/python3.10/dist-packages/robotiq_85_msgs/robotiq_85_msgs_s__rosidl_typesupport_introspection_c.cpython-310-x86_64-linux-gnu.so
[20.595s] -- Set runtime path of "/home/user/ros2_ws/install/robotiq_85_msgs/local/lib/python3.10/dist-packages/robotiq_85_msgs/robotiq_85_msgs_s__rosidl_typesupport_introspection_c.cpython-310-x86_64-linux-gnu.so" to ""
[20.596s] -- Installing: /home/user/ros2_ws/install/robotiq_85_msgs/local/lib/python3.10/dist-packages/robotiq_85_msgs/robotiq_85_msgs_s__rosidl_typesupport_c.cpython-310-x86_64-linux-gnu.so
[20.596s] -- Set runtime path of "/home/user/ros2_ws/install/robotiq_85_msgs/local/lib/python3.10/dist-packages/robotiq_85_msgs/robotiq_85_msgs_s__rosidl_typesupport_c.cpython-310-x86_64-linux-gnu.so" to ""
[20.596s] -- Installing: /home/user/ros2_ws/install/robotiq_85_msgs/lib/librobotiq_85_msgs__rosidl_generator_py.so
[20.597s] -- Set runtime path of "/home/user/ros2_ws/install/robotiq_85_msgs/lib/librobotiq_85_msgs__rosidl_generator_py.so" to ""
[20.597s] -- Installing: /home/user/ros2_ws/install/robotiq_85_msgs/share/robotiq_85_msgs/msg/GripperCmd.idl
[20.597s] -- Installing: /home/user/ros2_ws/install/robotiq_85_msgs/share/robotiq_85_msgs/msg/GripperStat.idl
[20.597s] -- Installing: /home/user/ros2_ws/install/robotiq_85_msgs/share/robotiq_85_msgs/msg/GripperCmd.msg
[20.598s] -- Installing: /home/user/ros2_ws/install/robotiq_85_msgs/share/robotiq_85_msgs/msg/GripperStat.msg
[20.598s] -- Installing: /home/user/ros2_ws/install/robotiq_85_msgs/share/ament_index/resource_index/package_run_dependencies/robotiq_85_msgs
[20.598s] -- Installing: /home/user/ros2_ws/install/robotiq_85_msgs/share/ament_index/resource_index/parent_prefix_path/robotiq_85_msgs
[20.598s] -- Installing: /home/user/ros2_ws/install/robotiq_85_msgs/share/robotiq_85_msgs/environment/ament_prefix_path.sh
[20.599s] -- Installing: /home/user/ros2_ws/install/robotiq_85_msgs/share/robotiq_85_msgs/environment/ament_prefix_path.dsv
[20.599s] -- Installing: /home/user/ros2_ws/install/robotiq_85_msgs/share/robotiq_85_msgs/environment/path.sh
[20.599s] -- Installing: /home/user/ros2_ws/install/robotiq_85_msgs/share/robotiq_85_msgs/environment/path.dsv
[20.599s] -- Installing: /home/user/ros2_ws/install/robotiq_85_msgs/share/robotiq_85_msgs/local_setup.bash
[20.599s] -- Installing: /home/user/ros2_ws/install/robotiq_85_msgs/share/robotiq_85_msgs/local_setup.sh
[20.600s] -- Installing: /home/user/ros2_ws/install/robotiq_85_msgs/share/robotiq_85_msgs/local_setup.zsh
[20.600s] -- Installing: /home/user/ros2_ws/install/robotiq_85_msgs/share/robotiq_85_msgs/local_setup.dsv
[20.600s] -- Installing: /home/user/ros2_ws/install/robotiq_85_msgs/share/robotiq_85_msgs/package.dsv
[20.600s] -- Installing: /home/user/ros2_ws/install/robotiq_85_msgs/share/ament_index/resource_index/packages/robotiq_85_msgs
[20.601s] -- Installing: /home/user/ros2_ws/install/robotiq_85_msgs/share/robotiq_85_msgs/cmake/export_robotiq_85_msgs__rosidl_generator_cExport.cmake
[20.601s] -- Installing: /home/user/ros2_ws/install/robotiq_85_msgs/share/robotiq_85_msgs/cmake/export_robotiq_85_msgs__rosidl_generator_cExport-noconfig.cmake
[20.601s] -- Installing: /home/user/ros2_ws/install/robotiq_85_msgs/share/robotiq_85_msgs/cmake/export_robotiq_85_msgs__rosidl_typesupport_fastrtps_cExport.cmake
[20.601s] -- Installing: /home/user/ros2_ws/install/robotiq_85_msgs/share/robotiq_85_msgs/cmake/export_robotiq_85_msgs__rosidl_typesupport_fastrtps_cExport-noconfig.cmake
[20.602s] -- Installing: /home/user/ros2_ws/install/robotiq_85_msgs/share/robotiq_85_msgs/cmake/export_robotiq_85_msgs__rosidl_generator_cppExport.cmake
[20.602s] -- Installing: /home/user/ros2_ws/install/robotiq_85_msgs/share/robotiq_85_msgs/cmake/export_robotiq_85_msgs__rosidl_typesupport_fastrtps_cppExport.cmake
[20.602s] -- Installing: /home/user/ros2_ws/install/robotiq_85_msgs/share/robotiq_85_msgs/cmake/export_robotiq_85_msgs__rosidl_typesupport_fastrtps_cppExport-noconfig.cmake
[20.602s] -- Installing: /home/user/ros2_ws/install/robotiq_85_msgs/share/robotiq_85_msgs/cmake/robotiq_85_msgs__rosidl_typesupport_introspection_cExport.cmake
[20.602s] -- Installing: /home/user/ros2_ws/install/robotiq_85_msgs/share/robotiq_85_msgs/cmake/robotiq_85_msgs__rosidl_typesupport_introspection_cExport-noconfig.cmake
[20.603s] -- Installing: /home/user/ros2_ws/install/robotiq_85_msgs/share/robotiq_85_msgs/cmake/robotiq_85_msgs__rosidl_typesupport_cExport.cmake
[20.603s] -- Installing: /home/user/ros2_ws/install/robotiq_85_msgs/share/robotiq_85_msgs/cmake/robotiq_85_msgs__rosidl_typesupport_cExport-noconfig.cmake
[20.603s] -- Installing: /home/user/ros2_ws/install/robotiq_85_msgs/share/robotiq_85_msgs/cmake/robotiq_85_msgs__rosidl_typesupport_introspection_cppExport.cmake
[20.603s] -- Installing: /home/user/ros2_ws/install/robotiq_85_msgs/share/robotiq_85_msgs/cmake/robotiq_85_msgs__rosidl_typesupport_introspection_cppExport-noconfig.cmake
[20.604s] -- Installing: /home/user/ros2_ws/install/robotiq_85_msgs/share/robotiq_85_msgs/cmake/robotiq_85_msgs__rosidl_typesupport_cppExport.cmake
[20.604s] -- Installing: /home/user/ros2_ws/install/robotiq_85_msgs/share/robotiq_85_msgs/cmake/robotiq_85_msgs__rosidl_typesupport_cppExport-noconfig.cmake
[20.604s] -- Installing: /home/user/ros2_ws/install/robotiq_85_msgs/share/robotiq_85_msgs/cmake/export_robotiq_85_msgs__rosidl_generator_pyExport.cmake
[20.604s] -- Installing: /home/user/ros2_ws/install/robotiq_85_msgs/share/robotiq_85_msgs/cmake/export_robotiq_85_msgs__rosidl_generator_pyExport-noconfig.cmake
[20.604s] -- Installing: /home/user/ros2_ws/install/robotiq_85_msgs/share/robotiq_85_msgs/cmake/rosidl_cmake-extras.cmake
[20.605s] -- Installing: /home/user/ros2_ws/install/robotiq_85_msgs/share/robotiq_85_msgs/cmake/ament_cmake_export_dependencies-extras.cmake
[20.605s] -- Installing: /home/user/ros2_ws/install/robotiq_85_msgs/share/robotiq_85_msgs/cmake/ament_cmake_export_include_directories-extras.cmake
[20.605s] -- Installing: /home/user/ros2_ws/install/robotiq_85_msgs/share/robotiq_85_msgs/cmake/ament_cmake_export_libraries-extras.cmake
[20.605s] -- Installing: /home/user/ros2_ws/install/robotiq_85_msgs/share/robotiq_85_msgs/cmake/ament_cmake_export_targets-extras.cmake
[20.606s] -- Installing: /home/user/ros2_ws/install/robotiq_85_msgs/share/robotiq_85_msgs/cmake/rosidl_cmake_export_typesupport_targets-extras.cmake
[20.606s] -- Installing: /home/user/ros2_ws/install/robotiq_85_msgs/share/robotiq_85_msgs/cmake/rosidl_cmake_export_typesupport_libraries-extras.cmake
[20.606s] -- Installing: /home/user/ros2_ws/install/robotiq_85_msgs/share/robotiq_85_msgs/cmake/robotiq_85_msgsConfig.cmake
[20.606s] -- Installing: /home/user/ros2_ws/install/robotiq_85_msgs/share/robotiq_85_msgs/cmake/robotiq_85_msgsConfig-version.cmake
[20.606s] -- Installing: /home/user/ros2_ws/install/robotiq_85_msgs/share/robotiq_85_msgs/package.xml
[20.613s] Invoked command in '/home/user/ros2_ws/build/robotiq_85_msgs' returned '0': CMAKE_PREFIX_PATH=${CMAKE_PREFIX_PATH}:/home/simulations/ros2_sims_ws/install/rclrs_tests:/home/simulations/ros2_sims_ws/install/examples_rclrs_minimal_client_service:/home/simulations/ros2_sims_ws/install/sensor_msgs_py:/home/simulations/ros2_sims_ws/install/examples_rclrs_minimal_pub_sub:/home/simulations/ros2_sims_ws/install/examples_rclrs_message_demo:/home/simulations/ros2_sims_ws/install/rclrs:/home/simulations/ros2_sims_ws/install/rosidl_runtime_rs:/home/user/ros2_ws/install/ros2test:/home/user/ros2_ws/install/robotiq_85_driver:/home/user/ros2_ws/install/moveit_configs_utils:/opt/ros/humble _=/usr/bin/env /usr/bin/cmake --install /home/user/ros2_ws/build/robotiq_85_msgs
