[0.378s] Invoking command in '/home/steven/ros2_ws/src/first_stage/src/first_stage_rg2': PYTHONPATH=/home/steven/ros2_ws/src/first_stage/build/first_stage_rg2/prefix_override:/usr/lib/python3/dist-packages/colcon_core/task/python/colcon_distutils_commands:/home/steven/ros2_ws/src/first_stage/install/first_stage_rg2/lib/python3.10/site-packages:${PYTHONPATH} /usr/bin/python3 -W ignore:setup.py install is deprecated setup.py egg_info --egg-base ../../build/first_stage_rg2 build --build-base /home/steven/ros2_ws/src/first_stage/build/first_stage_rg2/build install --record /home/steven/ros2_ws/src/first_stage/build/first_stage_rg2/install.log --single-version-externally-managed install_data
[0.512s] running egg_info
[0.512s] writing ../../build/first_stage_rg2/first_stage_rg2.egg-info/PKG-INFO
[0.512s] writing dependency_links to ../../build/first_stage_rg2/first_stage_rg2.egg-info/dependency_links.txt
[0.512s] writing entry points to ../../build/first_stage_rg2/first_stage_rg2.egg-info/entry_points.txt
[0.513s] writing requirements to ../../build/first_stage_rg2/first_stage_rg2.egg-info/requires.txt
[0.513s] writing top-level names to ../../build/first_stage_rg2/first_stage_rg2.egg-info/top_level.txt
[0.514s] reading manifest file '../../build/first_stage_rg2/first_stage_rg2.egg-info/SOURCES.txt'
[0.514s] adding license file 'LICENSE'
[0.514s] writing manifest file '../../build/first_stage_rg2/first_stage_rg2.egg-info/SOURCES.txt'
[0.514s] running build
[0.514s] running build_py
[0.514s] copying first_stage_rg2/first_stage_rg2_ros2.py -> /home/steven/ros2_ws/src/first_stage/build/first_stage_rg2/build/lib/first_stage_rg2
[0.514s] running install
[0.515s] running install_lib
[0.515s] copying /home/steven/ros2_ws/src/first_stage/build/first_stage_rg2/build/lib/first_stage_rg2/first_stage_rg2_ros2.py -> /home/steven/ros2_ws/src/first_stage/install/first_stage_rg2/lib/python3.10/site-packages/first_stage_rg2
[0.515s] byte-compiling /home/steven/ros2_ws/src/first_stage/install/first_stage_rg2/lib/python3.10/site-packages/first_stage_rg2/first_stage_rg2_ros2.py to first_stage_rg2_ros2.cpython-310.pyc
[0.516s]   File "/home/steven/ros2_ws/src/first_stage/install/first_stage_rg2/lib/python3.10/site-packages/first_stage_rg2/first_stage_rg2_ros2.py", line 65
[0.516s]     object_gripped(self):
[0.516s]     ^^^^^^^^^^^^^^
[0.516s] SyntaxError: invalid syntax
[0.516s] 
[0.516s] running install_data
[0.516s] running install_egg_info
[0.517s] removing '/home/steven/ros2_ws/src/first_stage/install/first_stage_rg2/lib/python3.10/site-packages/first_stage_rg2-0.0.0-py3.10.egg-info' (and everything under it)
[0.517s] Copying ../../build/first_stage_rg2/first_stage_rg2.egg-info to /home/steven/ros2_ws/src/first_stage/install/first_stage_rg2/lib/python3.10/site-packages/first_stage_rg2-0.0.0-py3.10.egg-info
[0.517s] running install_scripts
[0.528s] Installing rg2_node script to /home/steven/ros2_ws/src/first_stage/install/first_stage_rg2/lib/first_stage_rg2
[0.528s] writing list of installed files to '/home/steven/ros2_ws/src/first_stage/build/first_stage_rg2/install.log'
[0.543s] Invoked command in '/home/steven/ros2_ws/src/first_stage/src/first_stage_rg2' returned '0': PYTHONPATH=/home/steven/ros2_ws/src/first_stage/build/first_stage_rg2/prefix_override:/usr/lib/python3/dist-packages/colcon_core/task/python/colcon_distutils_commands:/home/steven/ros2_ws/src/first_stage/install/first_stage_rg2/lib/python3.10/site-packages:${PYTHONPATH} /usr/bin/python3 -W ignore:setup.py install is deprecated setup.py egg_info --egg-base ../../build/first_stage_rg2 build --build-base /home/steven/ros2_ws/src/first_stage/build/first_stage_rg2/build install --record /home/steven/ros2_ws/src/first_stage/build/first_stage_rg2/install.log --single-version-externally-managed install_data
