[0.060s] DEBUG:colcon:Command line arguments: ['/usr/bin/colcon', 'build']
[0.060s] DEBUG:colcon:Parsed command line arguments: Namespace(log_base=None, log_level=None, verb_name='build', build_base='build', install_base='install', merge_install=False, symlink_install=False, test_result_base=None, continue_on_error=False, executor='parallel', parallel_workers=32, event_handlers=None, ignore_user_meta=False, metas=['./colcon.meta'], base_paths=['.'], packages_ignore=None, packages_ignore_regex=None, paths=None, packages_up_to=None, packages_up_to_regex=None, packages_above=None, packages_above_and_dependencies=None, packages_above_depth=None, packages_select_by_dep=None, packages_skip_by_dep=None, packages_skip_up_to=None, packages_select_build_failed=False, packages_skip_build_finished=False, packages_select_test_failures=False, packages_skip_test_passed=False, packages_select=None, packages_skip=None, packages_select_regex=None, packages_skip_regex=None, packages_start=None, packages_end=None, allow_overriding=[], cmake_args=None, cmake_target=None, cmake_target_skip_unavailable=False, cmake_clean_cache=False, cmake_clean_first=False, cmake_force_configure=False, ament_cmake_args=None, catkin_cmake_args=None, catkin_skip_building_tests=False, mixin_files=None, mixin=None, verb_parser=<colcon_mixin.mixin.mixin_argument.MixinArgumentDecorator object at 0x7b8716a48ca0>, verb_extension=<colcon_core.verb.build.BuildVerb object at 0x7b8716a487c0>, main=<bound method BuildVerb.main of <colcon_core.verb.build.BuildVerb object at 0x7b8716a487c0>>, mixin_verb=('build',))
[0.146s] Level 1:colcon.colcon_core.package_discovery:discover_packages(colcon_meta) check parameters
[0.147s] Level 1:colcon.colcon_core.package_discovery:discover_packages(recursive) check parameters
[0.147s] Level 1:colcon.colcon_core.package_discovery:discover_packages(ignore) check parameters
[0.147s] Level 1:colcon.colcon_core.package_discovery:discover_packages(path) check parameters
[0.147s] Level 1:colcon.colcon_core.package_discovery:discover_packages(colcon_meta) discover
[0.147s] Level 1:colcon.colcon_core.package_discovery:discover_packages(recursive) discover
[0.147s] INFO:colcon.colcon_core.package_discovery:Crawling recursively for packages in '/home/steven/ros2_ws/src/first_stage/src/first_stage_endeffector'
[0.147s] Level 1:colcon.colcon_core.package_identification:_identify(.) by extensions ['ignore', 'ignore_ament_install']
[0.147s] Level 1:colcon.colcon_core.package_identification:_identify(.) by extension 'ignore'
[0.147s] Level 1:colcon.colcon_core.package_identification:_identify(.) by extension 'ignore_ament_install'
[0.147s] Level 1:colcon.colcon_core.package_identification:_identify(.) by extensions ['colcon_pkg']
[0.147s] Level 1:colcon.colcon_core.package_identification:_identify(.) by extension 'colcon_pkg'
[0.147s] Level 1:colcon.colcon_core.package_identification:_identify(.) by extensions ['colcon_meta']
[0.147s] Level 1:colcon.colcon_core.package_identification:_identify(.) by extension 'colcon_meta'
[0.147s] Level 1:colcon.colcon_core.package_identification:_identify(.) by extensions ['ros']
[0.147s] Level 1:colcon.colcon_core.package_identification:_identify(.) by extension 'ros'
[0.159s] DEBUG:colcon.colcon_core.package_identification:Package '.' with type 'ros.ament_cmake' and name 'first_stage_endeffector'
[0.159s] Level 1:colcon.colcon_core.package_discovery:discover_packages(recursive) using defaults
[0.159s] Level 1:colcon.colcon_core.package_discovery:discover_packages(ignore) discover
[0.159s] Level 1:colcon.colcon_core.package_discovery:discover_packages(ignore) using defaults
[0.159s] Level 1:colcon.colcon_core.package_discovery:discover_packages(path) discover
[0.159s] Level 1:colcon.colcon_core.package_discovery:discover_packages(path) using defaults
[0.169s] Level 1:colcon.colcon_core.package_discovery:discover_packages(prefix_path) check parameters
[0.169s] Level 1:colcon.colcon_core.package_discovery:discover_packages(prefix_path) discover
[0.171s] DEBUG:colcon.colcon_installed_package_information.package_discovery:Found 55 installed packages in /home/steven/ws_moveit2/install
[0.172s] DEBUG:colcon.colcon_installed_package_information.package_discovery:Found 374 installed packages in /opt/ros/humble
[0.174s] Level 1:colcon.colcon_core.package_discovery:discover_packages(prefix_path) using defaults
[0.198s] Level 5:colcon.colcon_core.verb:set package 'first_stage_endeffector' build argument 'cmake_args' from command line to 'None'
[0.198s] Level 5:colcon.colcon_core.verb:set package 'first_stage_endeffector' build argument 'cmake_target' from command line to 'None'
[0.198s] Level 5:colcon.colcon_core.verb:set package 'first_stage_endeffector' build argument 'cmake_target_skip_unavailable' from command line to 'False'
[0.198s] Level 5:colcon.colcon_core.verb:set package 'first_stage_endeffector' build argument 'cmake_clean_cache' from command line to 'False'
[0.198s] Level 5:colcon.colcon_core.verb:set package 'first_stage_endeffector' build argument 'cmake_clean_first' from command line to 'False'
[0.198s] Level 5:colcon.colcon_core.verb:set package 'first_stage_endeffector' build argument 'cmake_force_configure' from command line to 'False'
[0.198s] Level 5:colcon.colcon_core.verb:set package 'first_stage_endeffector' build argument 'ament_cmake_args' from command line to 'None'
[0.198s] Level 5:colcon.colcon_core.verb:set package 'first_stage_endeffector' build argument 'catkin_cmake_args' from command line to 'None'
[0.198s] Level 5:colcon.colcon_core.verb:set package 'first_stage_endeffector' build argument 'catkin_skip_building_tests' from command line to 'False'
[0.198s] DEBUG:colcon.colcon_core.verb:Building package 'first_stage_endeffector' with the following arguments: {'ament_cmake_args': None, 'build_base': '/home/steven/ros2_ws/src/first_stage/src/first_stage_endeffector/build/first_stage_endeffector', 'catkin_cmake_args': None, 'catkin_skip_building_tests': False, 'cmake_args': None, 'cmake_clean_cache': False, 'cmake_clean_first': False, 'cmake_force_configure': False, 'cmake_target': None, 'cmake_target_skip_unavailable': False, 'install_base': '/home/steven/ros2_ws/src/first_stage/src/first_stage_endeffector/install/first_stage_endeffector', 'merge_install': False, 'path': '/home/steven/ros2_ws/src/first_stage/src/first_stage_endeffector', 'symlink_install': False, 'test_result_base': None}
[0.198s] INFO:colcon.colcon_core.executor:Executing jobs using 'parallel' executor
[0.199s] DEBUG:colcon.colcon_parallel_executor.executor.parallel:run_until_complete
[0.199s] INFO:colcon.colcon_ros.task.ament_cmake.build:Building ROS package in '/home/steven/ros2_ws/src/first_stage/src/first_stage_endeffector' with build type 'ament_cmake'
[0.199s] INFO:colcon.colcon_cmake.task.cmake.build:Building CMake package in '/home/steven/ros2_ws/src/first_stage/src/first_stage_endeffector'
[0.200s] INFO:colcon.colcon_core.plugin_system:Skipping extension 'colcon_core.shell.bat': Not used on non-Windows systems
[0.200s] INFO:colcon.colcon_core.shell:Skip shell extension 'powershell' for command environment: Not usable outside of PowerShell
[0.200s] DEBUG:colcon.colcon_core.shell:Skip shell extension 'dsv' for command environment
[0.208s] DEBUG:colcon.colcon_core.event_handler.log_command:Invoking command in '/home/steven/ros2_ws/src/first_stage/src/first_stage_endeffector/build/first_stage_endeffector': CMAKE_PREFIX_PATH=${CMAKE_PREFIX_PATH}:/home/steven/ws_moveit2/install/moveit_configs_utils:/home/steven/ws_moveit2/install/launch_param_builder:/opt/ros/humble /usr/bin/cmake --build /home/steven/ros2_ws/src/first_stage/src/first_stage_endeffector/build/first_stage_endeffector -- -j32 -l32
[13.155s] DEBUG:colcon.colcon_core.event_handler.log_command:Invoked command in '/home/steven/ros2_ws/src/first_stage/src/first_stage_endeffector/build/first_stage_endeffector' returned '0': CMAKE_PREFIX_PATH=${CMAKE_PREFIX_PATH}:/home/steven/ws_moveit2/install/moveit_configs_utils:/home/steven/ws_moveit2/install/launch_param_builder:/opt/ros/humble /usr/bin/cmake --build /home/steven/ros2_ws/src/first_stage/src/first_stage_endeffector/build/first_stage_endeffector -- -j32 -l32
[13.190s] DEBUG:colcon.colcon_core.event_handler.log_command:Invoking command in '/home/steven/ros2_ws/src/first_stage/src/first_stage_endeffector/build/first_stage_endeffector': CMAKE_PREFIX_PATH=${CMAKE_PREFIX_PATH}:/home/steven/ws_moveit2/install/moveit_configs_utils:/home/steven/ws_moveit2/install/launch_param_builder:/opt/ros/humble /usr/bin/cmake --install /home/steven/ros2_ws/src/first_stage/src/first_stage_endeffector/build/first_stage_endeffector
[13.202s] Level 1:colcon.colcon_core.environment:create_environment_scripts_only(first_stage_endeffector)
[13.202s] DEBUG:colcon.colcon_core.event_handler.log_command:Invoked command in '/home/steven/ros2_ws/src/first_stage/src/first_stage_endeffector/build/first_stage_endeffector' returned '0': CMAKE_PREFIX_PATH=${CMAKE_PREFIX_PATH}:/home/steven/ws_moveit2/install/moveit_configs_utils:/home/steven/ws_moveit2/install/launch_param_builder:/opt/ros/humble /usr/bin/cmake --install /home/steven/ros2_ws/src/first_stage/src/first_stage_endeffector/build/first_stage_endeffector
[13.203s] Level 1:colcon.colcon_core.environment:checking '/home/steven/ros2_ws/src/first_stage/src/first_stage_endeffector/install/first_stage_endeffector' for CMake module files
[13.203s] Level 1:colcon.colcon_core.environment:checking '/home/steven/ros2_ws/src/first_stage/src/first_stage_endeffector/install/first_stage_endeffector' for CMake config files
[13.203s] Level 1:colcon.colcon_core.shell:create_environment_hook('first_stage_endeffector', 'cmake_prefix_path')
[13.203s] INFO:colcon.colcon_core.shell:Creating environment hook '/home/steven/ros2_ws/src/first_stage/src/first_stage_endeffector/install/first_stage_endeffector/share/first_stage_endeffector/hook/cmake_prefix_path.ps1'
[13.204s] INFO:colcon.colcon_core.shell:Creating environment descriptor '/home/steven/ros2_ws/src/first_stage/src/first_stage_endeffector/install/first_stage_endeffector/share/first_stage_endeffector/hook/cmake_prefix_path.dsv'
[13.204s] INFO:colcon.colcon_core.shell:Creating environment hook '/home/steven/ros2_ws/src/first_stage/src/first_stage_endeffector/install/first_stage_endeffector/share/first_stage_endeffector/hook/cmake_prefix_path.sh'
[13.204s] Level 1:colcon.colcon_core.environment:checking '/home/steven/ros2_ws/src/first_stage/src/first_stage_endeffector/install/first_stage_endeffector/lib'
[13.204s] Level 1:colcon.colcon_core.environment:checking '/home/steven/ros2_ws/src/first_stage/src/first_stage_endeffector/install/first_stage_endeffector/bin'
[13.204s] Level 1:colcon.colcon_core.environment:checking '/home/steven/ros2_ws/src/first_stage/src/first_stage_endeffector/install/first_stage_endeffector/lib/pkgconfig/first_stage_endeffector.pc'
[13.204s] Level 1:colcon.colcon_core.environment:checking '/home/steven/ros2_ws/src/first_stage/src/first_stage_endeffector/install/first_stage_endeffector/lib/python3.10/site-packages'
[13.204s] Level 1:colcon.colcon_core.environment:checking '/home/steven/ros2_ws/src/first_stage/src/first_stage_endeffector/install/first_stage_endeffector/bin'
[13.205s] INFO:colcon.colcon_core.shell:Creating package script '/home/steven/ros2_ws/src/first_stage/src/first_stage_endeffector/install/first_stage_endeffector/share/first_stage_endeffector/package.ps1'
[13.205s] INFO:colcon.colcon_core.shell:Creating package descriptor '/home/steven/ros2_ws/src/first_stage/src/first_stage_endeffector/install/first_stage_endeffector/share/first_stage_endeffector/package.dsv'
[13.205s] INFO:colcon.colcon_core.shell:Creating package script '/home/steven/ros2_ws/src/first_stage/src/first_stage_endeffector/install/first_stage_endeffector/share/first_stage_endeffector/package.sh'
[13.205s] INFO:colcon.colcon_core.shell:Creating package script '/home/steven/ros2_ws/src/first_stage/src/first_stage_endeffector/install/first_stage_endeffector/share/first_stage_endeffector/package.bash'
[13.206s] INFO:colcon.colcon_core.shell:Creating package script '/home/steven/ros2_ws/src/first_stage/src/first_stage_endeffector/install/first_stage_endeffector/share/first_stage_endeffector/package.zsh'
[13.206s] Level 1:colcon.colcon_core.environment:create_file_with_runtime_dependencies(/home/steven/ros2_ws/src/first_stage/src/first_stage_endeffector/install/first_stage_endeffector/share/colcon-core/packages/first_stage_endeffector)
[13.232s] Level 1:colcon.colcon_core.environment:create_environment_scripts_only(first_stage_endeffector)
[13.232s] Level 1:colcon.colcon_core.environment:checking '/home/steven/ros2_ws/src/first_stage/src/first_stage_endeffector/install/first_stage_endeffector' for CMake module files
[13.232s] Level 1:colcon.colcon_core.environment:checking '/home/steven/ros2_ws/src/first_stage/src/first_stage_endeffector/install/first_stage_endeffector' for CMake config files
[13.233s] Level 1:colcon.colcon_core.shell:create_environment_hook('first_stage_endeffector', 'cmake_prefix_path')
[13.233s] INFO:colcon.colcon_core.shell:Creating environment hook '/home/steven/ros2_ws/src/first_stage/src/first_stage_endeffector/install/first_stage_endeffector/share/first_stage_endeffector/hook/cmake_prefix_path.ps1'
[13.233s] INFO:colcon.colcon_core.shell:Creating environment descriptor '/home/steven/ros2_ws/src/first_stage/src/first_stage_endeffector/install/first_stage_endeffector/share/first_stage_endeffector/hook/cmake_prefix_path.dsv'
[13.233s] INFO:colcon.colcon_core.shell:Creating environment hook '/home/steven/ros2_ws/src/first_stage/src/first_stage_endeffector/install/first_stage_endeffector/share/first_stage_endeffector/hook/cmake_prefix_path.sh'
[13.233s] Level 1:colcon.colcon_core.environment:checking '/home/steven/ros2_ws/src/first_stage/src/first_stage_endeffector/install/first_stage_endeffector/lib'
[13.233s] Level 1:colcon.colcon_core.environment:checking '/home/steven/ros2_ws/src/first_stage/src/first_stage_endeffector/install/first_stage_endeffector/bin'
[13.233s] Level 1:colcon.colcon_core.environment:checking '/home/steven/ros2_ws/src/first_stage/src/first_stage_endeffector/install/first_stage_endeffector/lib/pkgconfig/first_stage_endeffector.pc'
[13.234s] Level 1:colcon.colcon_core.environment:checking '/home/steven/ros2_ws/src/first_stage/src/first_stage_endeffector/install/first_stage_endeffector/lib/python3.10/site-packages'
[13.234s] Level 1:colcon.colcon_core.environment:checking '/home/steven/ros2_ws/src/first_stage/src/first_stage_endeffector/install/first_stage_endeffector/bin'
[13.234s] INFO:colcon.colcon_core.shell:Creating package script '/home/steven/ros2_ws/src/first_stage/src/first_stage_endeffector/install/first_stage_endeffector/share/first_stage_endeffector/package.ps1'
[13.234s] INFO:colcon.colcon_core.shell:Creating package descriptor '/home/steven/ros2_ws/src/first_stage/src/first_stage_endeffector/install/first_stage_endeffector/share/first_stage_endeffector/package.dsv'
[13.234s] INFO:colcon.colcon_core.shell:Creating package script '/home/steven/ros2_ws/src/first_stage/src/first_stage_endeffector/install/first_stage_endeffector/share/first_stage_endeffector/package.sh'
[13.234s] INFO:colcon.colcon_core.shell:Creating package script '/home/steven/ros2_ws/src/first_stage/src/first_stage_endeffector/install/first_stage_endeffector/share/first_stage_endeffector/package.bash'
[13.234s] INFO:colcon.colcon_core.shell:Creating package script '/home/steven/ros2_ws/src/first_stage/src/first_stage_endeffector/install/first_stage_endeffector/share/first_stage_endeffector/package.zsh'
[13.235s] Level 1:colcon.colcon_core.environment:create_file_with_runtime_dependencies(/home/steven/ros2_ws/src/first_stage/src/first_stage_endeffector/install/first_stage_endeffector/share/colcon-core/packages/first_stage_endeffector)
[13.235s] DEBUG:colcon.colcon_parallel_executor.executor.parallel:closing loop
[13.235s] DEBUG:colcon.colcon_parallel_executor.executor.parallel:loop closed
[13.235s] DEBUG:colcon.colcon_parallel_executor.executor.parallel:run_until_complete finished with '0'
[13.235s] DEBUG:colcon.colcon_core.event_reactor:joining thread
[13.238s] INFO:colcon.colcon_core.plugin_system:Skipping extension 'colcon_notification.desktop_notification.terminal_notifier': Not used on non-Darwin systems
[13.238s] INFO:colcon.colcon_core.plugin_system:Skipping extension 'colcon_notification.desktop_notification.win32': Not used on non-Windows systems
[13.238s] INFO:colcon.colcon_notification.desktop_notification:Sending desktop notification using 'notify2'
[13.247s] DEBUG:colcon.colcon_core.event_reactor:joined thread
[13.247s] INFO:colcon.colcon_core.shell:Creating prefix script '/home/steven/ros2_ws/src/first_stage/src/first_stage_endeffector/install/local_setup.ps1'
[13.247s] INFO:colcon.colcon_core.shell:Creating prefix util module '/home/steven/ros2_ws/src/first_stage/src/first_stage_endeffector/install/_local_setup_util_ps1.py'
[13.248s] INFO:colcon.colcon_core.shell:Creating prefix chain script '/home/steven/ros2_ws/src/first_stage/src/first_stage_endeffector/install/setup.ps1'
[13.249s] INFO:colcon.colcon_core.shell:Creating prefix script '/home/steven/ros2_ws/src/first_stage/src/first_stage_endeffector/install/local_setup.sh'
[13.250s] INFO:colcon.colcon_core.shell:Creating prefix util module '/home/steven/ros2_ws/src/first_stage/src/first_stage_endeffector/install/_local_setup_util_sh.py'
[13.250s] INFO:colcon.colcon_core.shell:Creating prefix chain script '/home/steven/ros2_ws/src/first_stage/src/first_stage_endeffector/install/setup.sh'
[13.251s] INFO:colcon.colcon_core.shell:Creating prefix script '/home/steven/ros2_ws/src/first_stage/src/first_stage_endeffector/install/local_setup.bash'
[13.251s] INFO:colcon.colcon_core.shell:Creating prefix chain script '/home/steven/ros2_ws/src/first_stage/src/first_stage_endeffector/install/setup.bash'
[13.253s] INFO:colcon.colcon_core.shell:Creating prefix script '/home/steven/ros2_ws/src/first_stage/src/first_stage_endeffector/install/local_setup.zsh'
[13.253s] INFO:colcon.colcon_core.shell:Creating prefix chain script '/home/steven/ros2_ws/src/first_stage/src/first_stage_endeffector/install/setup.zsh'
