[0.034s] Invoking command in '/home/user/ros2_ws/build/gazebo_grasp_plugin': CMAKE_PREFIX_PATH=/home/user/ros2_ws/install/gazebo_version_helpers:/home/user/ros2_ws/install/gazebo_grasp_plugin_ros:/home/user/ros2_ws/install/gazebo_grasp_plugin:/home/user/ros2_ws/install/ur3e_moveit_config:/home/user/ros2_ws/install/test_moveit_config:/home/user/ros2_ws/install/test2_moveit_config:/home/user/ros2_ws/install/my_moveit_config:/home/user/ros2_ws/install/my_moveit2_config:/home/user/ros2_ws/install/simple_grasping:/home/user/ros2_ws/install/ros_testing:/home/user/ros2_ws/install/robotnik_sensors_gazebo:/home/user/ros2_ws/install/robotnik_sensors:/home/user/ros2_ws/install/pilz_industrial_motion_planner_testutils:/home/user/ros2_ws/install/moveit_runtime:/home/user/ros2_ws/install/moveit:/home/user/ros2_ws/install/moveit_planners:/home/user/ros2_ws/install/pilz_industrial_motion_planner:/home/user/ros2_ws/install/moveit_ros_control_interface:/home/user/ros2_ws/install/moveit_plugins:/home/user/ros2_ws/install/moveit_simple_controller_manager:/home/user/ros2_ws/install/moveit_setup_assistant:/home/user/ros2_ws/install/moveit_setup_srdf_plugins:/home/user/ros2_ws/install/moveit_setup_core_plugins:/home/user/ros2_ws/install/moveit_setup_controllers:/home/user/ros2_ws/install/moveit_setup_app_plugins:/home/user/ros2_ws/install/moveit_setup_framework:/home/user/ros2_ws/install/moveit_servo:/home/user/ros2_ws/install/moveit_ros:/home/user/ros2_ws/install/moveit_ros_visualization:/home/user/ros2_ws/install/moveit_hybrid_planning:/home/user/ros2_ws/install/moveit2_scripts:/home/user/ros2_ws/install/moveit_ros_planning_interface:/home/user/ros2_ws/install/moveit_ros_benchmarks:/home/user/ros2_ws/install/moveit_ros_warehouse:/home/user/ros2_ws/install/moveit_ros_robot_interaction:/home/user/ros2_ws/install/moveit_ros_perception:/home/user/ros2_ws/install/moveit_resources_prbt_pg70_support:/home/user/ros2_ws/install/moveit_resources_prbt_moveit_config:/home/user/ros2_ws/install/moveit_ros_move_group:/home/user/ros2_ws/install/moveit_planners_ompl:/home/user/ros2_ws/install/moveit_ros_planning:/home/user/ros2_ws/install/moveit_ros_occupancy_map_monitor:/home/user/ros2_ws/install/moveit_resources_prbt_support:/home/user/ros2_ws/install/moveit_resources_prbt_ikfast_manipulator_plugin:/home/user/ros2_ws/install/moveit_planners_chomp:/home/user/ros2_ws/install/moveit_kinematics:/home/user/ros2_ws/install/moveit_chomp_optimizer_adapter:/home/user/ros2_ws/install/chomp_motion_planner:/home/user/ros2_ws/install/moveit_core:/home/user/ros2_ws/install/moveit_common:/home/simulations/ros2_sims_ws/install/common_interfaces:/home/simulations/ros2_sims_ws/install/visualization_msgs:/home/simulations/ros2_sims_ws/install/test_msgs:/home/simulations/ros2_sims_ws/install/example_interfaces:/home/simulations/ros2_sims_ws/install/action_msgs:/home/simulations/ros2_sims_ws/install/unique_identifier_msgs:/home/simulations/ros2_sims_ws/install/trajectory_msgs:/home/simulations/ros2_sims_ws/install/test_interface_files:/home/simulations/ros2_sims_ws/install/stereo_msgs:/home/simulations/ros2_sims_ws/install/std_srvs:/home/simulations/ros2_sims_ws/install/shape_msgs:/home/simulations/ros2_sims_ws/install/sensor_msgs:/home/simulations/ros2_sims_ws/install/nav_msgs:/home/simulations/ros2_sims_ws/install/diagnostic_msgs:/home/simulations/ros2_sims_ws/install/geometry_msgs:/home/simulations/ros2_sims_ws/install/actionlib_msgs:/home/simulations/ros2_sims_ws/install/std_msgs:/home/simulations/ros2_sims_ws/install/statistics_msgs:/home/simulations/ros2_sims_ws/install/rosgraph_msgs:/home/simulations/ros2_sims_ws/install/rclrs_example_msgs:/home/simulations/ros2_sims_ws/install/composition_interfaces:/home/simulations/ros2_sims_ws/install/rcl_interfaces:/home/simulations/ros2_sims_ws/install/lifecycle_msgs:/home/simulations/ros2_sims_ws/install/builtin_interfaces:/home/simulations/ros2_sims_ws/install/rosidl_default_runtime:/home/simulations/ros2_sims_ws/install/rosidl_default_generators:/home/simulations/ros2_sims_ws/install/rosidl_generator_rs:/home/user/ros2_ws/install/ur_simulation_gazebo:/home/user/ros2_ws/install/ur_description:/home/user/ros2_ws/install/the_construct_office_gazebo:/home/user/ros2_ws/install/robotiq_85_gripper:/home/user/ros2_ws/install/robotiq_85_msgs:/home/user/ros2_ws/install/robotiq_85_description:/home/user/ros2_ws/install/rg2_gripper_description:/home/user/ros2_ws/install/gazebo_ros2_control_demos:/home/user/ros2_ws/install/gazebo_ros2_control:/home/user/ros2_ws/install/ros2test:/home/user/ros2_ws/install/moveit_configs_utils:/home/simulations/ros2_sims_ws/install/rclrs_tests:/home/simulations/ros2_sims_ws/install/examples_rclrs_minimal_client_service:/home/simulations/ros2_sims_ws/install/sensor_msgs_py:/home/simulations/ros2_sims_ws/install/examples_rclrs_minimal_pub_sub:/home/simulations/ros2_sims_ws/install/examples_rclrs_message_demo:/home/simulations/ros2_sims_ws/install/rclrs:/home/simulations/ros2_sims_ws/install/rosidl_runtime_rs:/home/user/ros2_ws/install/robotiq_85_driver:/opt/ros/humble LD_LIBRARY_PATH=/home/user/ros2_ws/install/gazebo_version_helpers/lib:/home/user/ros2_ws/install/gazebo_grasp_plugin/lib:/home/user/ros2_ws/install/simple_grasping/lib:/home/user/ros2_ws/install/pilz_industrial_motion_planner_testutils/lib:/home/user/ros2_ws/install/pilz_industrial_motion_planner/lib:/home/user/ros2_ws/install/moveit_ros_control_interface/lib:/home/user/ros2_ws/install/moveit_simple_controller_manager/lib:/home/user/ros2_ws/install/moveit_setup_assistant/lib:/home/user/ros2_ws/install/moveit_setup_srdf_plugins/lib:/home/user/ros2_ws/install/moveit_setup_core_plugins/lib:/home/user/ros2_ws/install/moveit_setup_controllers/lib:/home/user/ros2_ws/install/moveit_setup_app_plugins/lib:/home/user/ros2_ws/install/moveit_setup_framework/lib:/home/user/ros2_ws/install/moveit_servo/lib:/home/user/ros2_ws/install/moveit_ros_visualization/lib:/home/user/ros2_ws/install/moveit_hybrid_planning/lib:/home/user/ros2_ws/install/moveit_ros_planning_interface/lib:/home/user/ros2_ws/install/moveit_ros_benchmarks/lib:/home/user/ros2_ws/install/moveit_ros_warehouse/lib:/home/user/ros2_ws/install/moveit_ros_robot_interaction/lib:/home/user/ros2_ws/install/moveit_ros_perception/lib:/home/user/ros2_ws/install/moveit_ros_move_group/lib:/home/user/ros2_ws/install/moveit_planners_ompl/lib:/home/user/ros2_ws/install/moveit_ros_planning/lib:/home/user/ros2_ws/install/moveit_ros_occupancy_map_monitor/lib:/home/user/ros2_ws/install/moveit_resources_prbt_ikfast_manipulator_plugin/lib:/home/user/ros2_ws/install/moveit_planners_chomp/lib:/home/user/ros2_ws/install/moveit_kinematics/lib:/home/user/ros2_ws/install/moveit_chomp_optimizer_adapter/lib:/home/user/ros2_ws/install/chomp_motion_planner/lib:/home/user/ros2_ws/install/moveit_core/lib:/usr/local/cuda-10.2/lib64:/home/user/.catkin_ws_python3/src/TensorRT-7.0.0.11/lib:/home/simulations/ros2_sims_ws/install/visualization_msgs/lib:/home/simulations/ros2_sims_ws/install/test_msgs/lib:/home/simulations/ros2_sims_ws/install/example_interfaces/lib:/home/simulations/ros2_sims_ws/install/action_msgs/lib:/home/simulations/ros2_sims_ws/install/unique_identifier_msgs/lib:/home/simulations/ros2_sims_ws/install/trajectory_msgs/lib:/home/simulations/ros2_sims_ws/install/stereo_msgs/lib:/home/simulations/ros2_sims_ws/install/std_srvs/lib:/home/simulations/ros2_sims_ws/install/shape_msgs/lib:/home/simulations/ros2_sims_ws/install/sensor_msgs/lib:/home/simulations/ros2_sims_ws/install/nav_msgs/lib:/home/simulations/ros2_sims_ws/install/diagnostic_msgs/lib:/home/simulations/ros2_sims_ws/install/geometry_msgs/lib:/home/simulations/ros2_sims_ws/install/actionlib_msgs/lib:/home/simulations/ros2_sims_ws/install/std_msgs/lib:/home/simulations/ros2_sims_ws/install/statistics_msgs/lib:/home/simulations/ros2_sims_ws/install/rosgraph_msgs/lib:/home/simulations/ros2_sims_ws/install/rclrs_example_msgs/lib:/home/simulations/ros2_sims_ws/install/composition_interfaces/lib:/home/simulations/ros2_sims_ws/install/rcl_interfaces/lib:/home/simulations/ros2_sims_ws/install/lifecycle_msgs/lib:/home/simulations/ros2_sims_ws/install/builtin_interfaces/lib:/home/user/ros2_ws/install/robotiq_85_msgs/lib:/home/user/ros2_ws/install/gazebo_ros2_control/lib:/opt/ros/humble/opt/rviz_ogre_vendor/lib:/opt/ros/humble/lib/x86_64-linux-gnu:/opt/ros/humble/lib:/usr/local/cuda-10.2/lib64:/home/user/.catkin_ws_python3/src/TensorRT-7.0.0.11/lib:/usr/lib/x86_64-linux-gnu/gazebo-11/plugins:/usr/lib/x86_64-linux-gnu/gazebo-11/plugins:/usr/lib/x86_64-linux-gnu/gazebo-11/plugins _=/usr/bin/env /usr/bin/cmake /home/user/ros2_ws/src/universal_robot_ros2/gazebo-pkgs/gazebo_grasp_plugin -DCMAKE_INSTALL_PREFIX=/home/user/ros2_ws/install/gazebo_grasp_plugin
[0.120s] -- The C compiler identification is GNU 11.3.0
[0.189s] -- The CXX compiler identification is GNU 11.3.0
[0.199s] -- Detecting C compiler ABI info
[0.308s] -- Detecting C compiler ABI info - done
[0.317s] -- Check for working C compiler: /usr/bin/cc - skipped
[0.317s] -- Detecting C compile features
[0.317s] -- Detecting C compile features - done
[0.321s] -- Detecting CXX compiler ABI info
[0.457s] -- Detecting CXX compiler ABI info - done
[0.466s] -- Check for working CXX compiler: /usr/bin/c++ - skipped
[0.466s] -- Detecting CXX compile features
[0.467s] -- Detecting CXX compile features - done
[0.484s] -- Found ament_cmake: 1.3.4 (/opt/ros/humble/share/ament_cmake/cmake)
[0.802s] -- Found Python3: /usr/bin/python3.10 (found version "3.10.6") found components: Interpreter 
[1.113s] -- Found gazebo_dev: 3.7.0 (/opt/ros/humble/share/gazebo_dev/cmake)
[1.139s] -- Found PkgConfig: /usr/bin/pkg-config (found version "0.29.2") 
[1.144s] -- Checking for module 'bullet>=2.82'
[1.172s] --   Found bullet, version 3.05
[1.414s] -- Found fcl: /usr/include (found suitable version "0.7.0", minimum required is "0.5.0") 
[1.521s] -- Found assimp: /usr/include (found version "5.2.0") 
[1.609s] -- Found DART: /usr/include (Required is at least version "6.6") found components: dart 
[1.953s] -- Found Boost: /usr/lib/x86_64-linux-gnu/cmake/Boost-1.74.0/BoostConfig.cmake (found suitable version "1.74.0", minimum required is "1.40.0") found components: thread system filesystem program_options regex iostreams date_time 
[1.984s] -- Found Protobuf: /usr/lib/x86_64-linux-gnu/libprotobuf.so (found version "3.12.4") 
[2.018s] -- Looking for ignition-math6 -- found version 6.12.0
[2.039s] -- Searching for dependencies of ignition-math6
[2.041s] -- Looking for OGRE...
[2.041s] -- OGRE_PREFIX_WATCH changed.
[2.048s] -- Checking for module 'OGRE'
[2.075s] --   Found OGRE, version 1.9.0
[2.133s] -- Found Ogre Ghadamon (1.9.0)
[2.158s] -- Found OGRE: optimized;/usr/lib/x86_64-linux-gnu/libOgreMain.so;debug;/usr/lib/x86_64-linux-gnu/libOgreMain.so
[2.170s] -- Looking for OGRE_Paging...
[2.190s] -- Found OGRE_Paging: optimized;/usr/lib/x86_64-linux-gnu/libOgrePaging.so;debug;/usr/lib/x86_64-linux-gnu/libOgrePaging.so
[2.190s] -- Looking for OGRE_Terrain...
[2.208s] -- Found OGRE_Terrain: optimized;/usr/lib/x86_64-linux-gnu/libOgreTerrain.so;debug;/usr/lib/x86_64-linux-gnu/libOgreTerrain.so
[2.208s] -- Looking for OGRE_Property...
[2.226s] -- Found OGRE_Property: optimized;/usr/lib/x86_64-linux-gnu/libOgreProperty.so;debug;/usr/lib/x86_64-linux-gnu/libOgreProperty.so
[2.226s] -- Looking for OGRE_RTShaderSystem...
[2.244s] -- Found OGRE_RTShaderSystem: optimized;/usr/lib/x86_64-linux-gnu/libOgreRTShaderSystem.so;debug;/usr/lib/x86_64-linux-gnu/libOgreRTShaderSystem.so
[2.244s] -- Looking for OGRE_Volume...
[2.262s] -- Found OGRE_Volume: optimized;/usr/lib/x86_64-linux-gnu/libOgreVolume.so;debug;/usr/lib/x86_64-linux-gnu/libOgreVolume.so
[2.262s] -- Looking for OGRE_Overlay...
[2.280s] -- Found OGRE_Overlay: optimized;/usr/lib/x86_64-linux-gnu/libOgreOverlay.so;debug;/usr/lib/x86_64-linux-gnu/libOgreOverlay.so
[2.748s] -- Looking for ignition-math6 -- found version 6.12.0
[2.765s] -- Looking for ignition-transport8 -- found version 8.2.1
[2.765s] -- Searching for dependencies of ignition-transport8
[2.807s] -- Found Protobuf: /usr/lib/x86_64-linux-gnu/libprotobuf.so (found suitable version "3.12.4", minimum required is "3") 
[2.841s] -- Config-file not installed for ZeroMQ -- checking for pkg-config
[2.847s] -- Checking for module 'libzmq >= 4'
[2.877s] --   Found libzmq , version 4.3.4
[2.941s] -- Found ZeroMQ: TRUE (Required is at least version "4") 
[2.950s] -- Checking for module 'uuid'
[2.977s] --   Found uuid, version 2.37.2
[3.033s] -- Found UUID: TRUE  
[3.049s] -- Looking for ignition-msgs5 -- found version 5.8.1
[3.050s] -- Searching for dependencies of ignition-msgs5
[3.092s] -- Looking for ignition-math6 -- found version 6.12.0
[3.099s] -- Checking for module 'tinyxml2'
[3.127s] --   Found tinyxml2, version 9.0.0
[3.183s] -- Looking for ignition-msgs5 -- found version 5.8.1
[3.200s] -- Looking for ignition-common3 -- found version 3.14.0
[3.200s] -- Searching for dependencies of ignition-common3
[3.202s] -- Looking for dlfcn.h - found
[3.203s] -- Looking for libdl - found
[3.205s] -- Found DL: TRUE  
[3.233s] -- Found tinyobjloader: /usr/lib/x86_64-linux-gnu/cmake/tinyobjloader/tinyobjloader-config.cmake (found version "2.0.0") 
[3.234s] -- Searching for <ignition-common3> component [graphics]
[3.250s] -- Looking for ignition-common3-graphics -- found version 3.14.0
[3.251s] -- Searching for dependencies of ignition-common3-graphics
[3.251s] -- Looking for ignition-math6 -- found version 6.12.0
[3.268s] -- Looking for ignition-fuel_tools4 -- found version 4.4.0
[3.269s] -- Searching for dependencies of ignition-fuel_tools4
[3.421s] -- Found CURL: /usr/lib/x86_64-linux-gnu/libcurl.so (found version "7.81.0")  
[3.446s] -- Checking for module 'jsoncpp'
[3.476s] --   Found jsoncpp, version 1.9.5
[3.535s] -- Found JSONCPP: TRUE  
[3.556s] -- Checking for module 'libzip'
[3.585s] --   Found libzip, version 1.7.3
[3.643s] -- Found ZIP: TRUE  
[3.643s] -- Looking for ignition-common3 -- found version 3.14.0
[3.644s] -- Looking for ignition-math6 -- found version 6.12.0
[3.644s] -- Looking for ignition-msgs5 -- found version 5.8.1
[3.663s] -- Gazebo version: 11.10
[3.663s] -- Checking for module 'tbb'
[3.693s] --   Found tbb, version 2021.5.0
[3.765s] -- Found gazebo_ros: 3.7.0 (/opt/ros/humble/share/gazebo_ros/cmake)
[3.969s] -- Found rosidl_generator_c: 3.1.4 (/opt/ros/humble/share/rosidl_generator_c/cmake)
[4.003s] -- Found rosidl_adapter: 3.1.4 (/opt/ros/humble/share/rosidl_adapter/cmake)
[4.041s] -- Found rosidl_generator_cpp: 3.1.4 (/opt/ros/humble/share/rosidl_generator_cpp/cmake)
[4.090s] -- Using all available rosidl_typesupport_c: rosidl_typesupport_fastrtps_c;rosidl_typesupport_introspection_c
[4.161s] -- Using all available rosidl_typesupport_cpp: rosidl_typesupport_fastrtps_cpp;rosidl_typesupport_introspection_cpp
[4.374s] -- Found rmw_implementation_cmake: 6.1.1 (/opt/ros/humble/share/rmw_implementation_cmake/cmake)
[4.394s] -- Found rmw_fastrtps_cpp: 6.2.2 (/opt/ros/humble/share/rmw_fastrtps_cpp/cmake)
[4.645s] -- Found OpenSSL: /usr/lib/x86_64-linux-gnu/libcrypto.so (found version "3.0.2")  
[4.700s] -- Found FastRTPS: /opt/ros/humble/include  
[4.805s] -- Using RMW implementation 'rmw_fastrtps_cpp' as default
[4.858s] -- Found Threads: TRUE  
[5.108s] -- Found geometry_msgs: 4.2.3 (/home/simulations/ros2_sims_ws/install/geometry_msgs/share/geometry_msgs/cmake)
[5.161s] -- Found gazebo_version_helpers: 0.0.0 (/home/user/ros2_ws/install/gazebo_version_helpers/share/gazebo_version_helpers/cmake)
[5.191s] -- Found Protobuf: /usr/lib/x86_64-linux-gnu/libprotobuf.so (found version "3.12.4") 
[5.400s] -- Configuring done
[5.441s] -- Generating done
[5.444s] -- Build files have been written to: /home/user/ros2_ws/build/gazebo_grasp_plugin
[5.458s] Invoked command in '/home/user/ros2_ws/build/gazebo_grasp_plugin' returned '0': CMAKE_PREFIX_PATH=/home/user/ros2_ws/install/gazebo_version_helpers:/home/user/ros2_ws/install/gazebo_grasp_plugin_ros:/home/user/ros2_ws/install/gazebo_grasp_plugin:/home/user/ros2_ws/install/ur3e_moveit_config:/home/user/ros2_ws/install/test_moveit_config:/home/user/ros2_ws/install/test2_moveit_config:/home/user/ros2_ws/install/my_moveit_config:/home/user/ros2_ws/install/my_moveit2_config:/home/user/ros2_ws/install/simple_grasping:/home/user/ros2_ws/install/ros_testing:/home/user/ros2_ws/install/robotnik_sensors_gazebo:/home/user/ros2_ws/install/robotnik_sensors:/home/user/ros2_ws/install/pilz_industrial_motion_planner_testutils:/home/user/ros2_ws/install/moveit_runtime:/home/user/ros2_ws/install/moveit:/home/user/ros2_ws/install/moveit_planners:/home/user/ros2_ws/install/pilz_industrial_motion_planner:/home/user/ros2_ws/install/moveit_ros_control_interface:/home/user/ros2_ws/install/moveit_plugins:/home/user/ros2_ws/install/moveit_simple_controller_manager:/home/user/ros2_ws/install/moveit_setup_assistant:/home/user/ros2_ws/install/moveit_setup_srdf_plugins:/home/user/ros2_ws/install/moveit_setup_core_plugins:/home/user/ros2_ws/install/moveit_setup_controllers:/home/user/ros2_ws/install/moveit_setup_app_plugins:/home/user/ros2_ws/install/moveit_setup_framework:/home/user/ros2_ws/install/moveit_servo:/home/user/ros2_ws/install/moveit_ros:/home/user/ros2_ws/install/moveit_ros_visualization:/home/user/ros2_ws/install/moveit_hybrid_planning:/home/user/ros2_ws/install/moveit2_scripts:/home/user/ros2_ws/install/moveit_ros_planning_interface:/home/user/ros2_ws/install/moveit_ros_benchmarks:/home/user/ros2_ws/install/moveit_ros_warehouse:/home/user/ros2_ws/install/moveit_ros_robot_interaction:/home/user/ros2_ws/install/moveit_ros_perception:/home/user/ros2_ws/install/moveit_resources_prbt_pg70_support:/home/user/ros2_ws/install/moveit_resources_prbt_moveit_config:/home/user/ros2_ws/install/moveit_ros_move_group:/home/user/ros2_ws/install/moveit_planners_ompl:/home/user/ros2_ws/install/moveit_ros_planning:/home/user/ros2_ws/install/moveit_ros_occupancy_map_monitor:/home/user/ros2_ws/install/moveit_resources_prbt_support:/home/user/ros2_ws/install/moveit_resources_prbt_ikfast_manipulator_plugin:/home/user/ros2_ws/install/moveit_planners_chomp:/home/user/ros2_ws/install/moveit_kinematics:/home/user/ros2_ws/install/moveit_chomp_optimizer_adapter:/home/user/ros2_ws/install/chomp_motion_planner:/home/user/ros2_ws/install/moveit_core:/home/user/ros2_ws/install/moveit_common:/home/simulations/ros2_sims_ws/install/common_interfaces:/home/simulations/ros2_sims_ws/install/visualization_msgs:/home/simulations/ros2_sims_ws/install/test_msgs:/home/simulations/ros2_sims_ws/install/example_interfaces:/home/simulations/ros2_sims_ws/install/action_msgs:/home/simulations/ros2_sims_ws/install/unique_identifier_msgs:/home/simulations/ros2_sims_ws/install/trajectory_msgs:/home/simulations/ros2_sims_ws/install/test_interface_files:/home/simulations/ros2_sims_ws/install/stereo_msgs:/home/simulations/ros2_sims_ws/install/std_srvs:/home/simulations/ros2_sims_ws/install/shape_msgs:/home/simulations/ros2_sims_ws/install/sensor_msgs:/home/simulations/ros2_sims_ws/install/nav_msgs:/home/simulations/ros2_sims_ws/install/diagnostic_msgs:/home/simulations/ros2_sims_ws/install/geometry_msgs:/home/simulations/ros2_sims_ws/install/actionlib_msgs:/home/simulations/ros2_sims_ws/install/std_msgs:/home/simulations/ros2_sims_ws/install/statistics_msgs:/home/simulations/ros2_sims_ws/install/rosgraph_msgs:/home/simulations/ros2_sims_ws/install/rclrs_example_msgs:/home/simulations/ros2_sims_ws/install/composition_interfaces:/home/simulations/ros2_sims_ws/install/rcl_interfaces:/home/simulations/ros2_sims_ws/install/lifecycle_msgs:/home/simulations/ros2_sims_ws/install/builtin_interfaces:/home/simulations/ros2_sims_ws/install/rosidl_default_runtime:/home/simulations/ros2_sims_ws/install/rosidl_default_generators:/home/simulations/ros2_sims_ws/install/rosidl_generator_rs:/home/user/ros2_ws/install/ur_simulation_gazebo:/home/user/ros2_ws/install/ur_description:/home/user/ros2_ws/install/the_construct_office_gazebo:/home/user/ros2_ws/install/robotiq_85_gripper:/home/user/ros2_ws/install/robotiq_85_msgs:/home/user/ros2_ws/install/robotiq_85_description:/home/user/ros2_ws/install/rg2_gripper_description:/home/user/ros2_ws/install/gazebo_ros2_control_demos:/home/user/ros2_ws/install/gazebo_ros2_control:/home/user/ros2_ws/install/ros2test:/home/user/ros2_ws/install/moveit_configs_utils:/home/simulations/ros2_sims_ws/install/rclrs_tests:/home/simulations/ros2_sims_ws/install/examples_rclrs_minimal_client_service:/home/simulations/ros2_sims_ws/install/sensor_msgs_py:/home/simulations/ros2_sims_ws/install/examples_rclrs_minimal_pub_sub:/home/simulations/ros2_sims_ws/install/examples_rclrs_message_demo:/home/simulations/ros2_sims_ws/install/rclrs:/home/simulations/ros2_sims_ws/install/rosidl_runtime_rs:/home/user/ros2_ws/install/robotiq_85_driver:/opt/ros/humble LD_LIBRARY_PATH=/home/user/ros2_ws/install/gazebo_version_helpers/lib:/home/user/ros2_ws/install/gazebo_grasp_plugin/lib:/home/user/ros2_ws/install/simple_grasping/lib:/home/user/ros2_ws/install/pilz_industrial_motion_planner_testutils/lib:/home/user/ros2_ws/install/pilz_industrial_motion_planner/lib:/home/user/ros2_ws/install/moveit_ros_control_interface/lib:/home/user/ros2_ws/install/moveit_simple_controller_manager/lib:/home/user/ros2_ws/install/moveit_setup_assistant/lib:/home/user/ros2_ws/install/moveit_setup_srdf_plugins/lib:/home/user/ros2_ws/install/moveit_setup_core_plugins/lib:/home/user/ros2_ws/install/moveit_setup_controllers/lib:/home/user/ros2_ws/install/moveit_setup_app_plugins/lib:/home/user/ros2_ws/install/moveit_setup_framework/lib:/home/user/ros2_ws/install/moveit_servo/lib:/home/user/ros2_ws/install/moveit_ros_visualization/lib:/home/user/ros2_ws/install/moveit_hybrid_planning/lib:/home/user/ros2_ws/install/moveit_ros_planning_interface/lib:/home/user/ros2_ws/install/moveit_ros_benchmarks/lib:/home/user/ros2_ws/install/moveit_ros_warehouse/lib:/home/user/ros2_ws/install/moveit_ros_robot_interaction/lib:/home/user/ros2_ws/install/moveit_ros_perception/lib:/home/user/ros2_ws/install/moveit_ros_move_group/lib:/home/user/ros2_ws/install/moveit_planners_ompl/lib:/home/user/ros2_ws/install/moveit_ros_planning/lib:/home/user/ros2_ws/install/moveit_ros_occupancy_map_monitor/lib:/home/user/ros2_ws/install/moveit_resources_prbt_ikfast_manipulator_plugin/lib:/home/user/ros2_ws/install/moveit_planners_chomp/lib:/home/user/ros2_ws/install/moveit_kinematics/lib:/home/user/ros2_ws/install/moveit_chomp_optimizer_adapter/lib:/home/user/ros2_ws/install/chomp_motion_planner/lib:/home/user/ros2_ws/install/moveit_core/lib:/usr/local/cuda-10.2/lib64:/home/user/.catkin_ws_python3/src/TensorRT-7.0.0.11/lib:/home/simulations/ros2_sims_ws/install/visualization_msgs/lib:/home/simulations/ros2_sims_ws/install/test_msgs/lib:/home/simulations/ros2_sims_ws/install/example_interfaces/lib:/home/simulations/ros2_sims_ws/install/action_msgs/lib:/home/simulations/ros2_sims_ws/install/unique_identifier_msgs/lib:/home/simulations/ros2_sims_ws/install/trajectory_msgs/lib:/home/simulations/ros2_sims_ws/install/stereo_msgs/lib:/home/simulations/ros2_sims_ws/install/std_srvs/lib:/home/simulations/ros2_sims_ws/install/shape_msgs/lib:/home/simulations/ros2_sims_ws/install/sensor_msgs/lib:/home/simulations/ros2_sims_ws/install/nav_msgs/lib:/home/simulations/ros2_sims_ws/install/diagnostic_msgs/lib:/home/simulations/ros2_sims_ws/install/geometry_msgs/lib:/home/simulations/ros2_sims_ws/install/actionlib_msgs/lib:/home/simulations/ros2_sims_ws/install/std_msgs/lib:/home/simulations/ros2_sims_ws/install/statistics_msgs/lib:/home/simulations/ros2_sims_ws/install/rosgraph_msgs/lib:/home/simulations/ros2_sims_ws/install/rclrs_example_msgs/lib:/home/simulations/ros2_sims_ws/install/composition_interfaces/lib:/home/simulations/ros2_sims_ws/install/rcl_interfaces/lib:/home/simulations/ros2_sims_ws/install/lifecycle_msgs/lib:/home/simulations/ros2_sims_ws/install/builtin_interfaces/lib:/home/user/ros2_ws/install/robotiq_85_msgs/lib:/home/user/ros2_ws/install/gazebo_ros2_control/lib:/opt/ros/humble/opt/rviz_ogre_vendor/lib:/opt/ros/humble/lib/x86_64-linux-gnu:/opt/ros/humble/lib:/usr/local/cuda-10.2/lib64:/home/user/.catkin_ws_python3/src/TensorRT-7.0.0.11/lib:/usr/lib/x86_64-linux-gnu/gazebo-11/plugins:/usr/lib/x86_64-linux-gnu/gazebo-11/plugins:/usr/lib/x86_64-linux-gnu/gazebo-11/plugins _=/usr/bin/env /usr/bin/cmake /home/user/ros2_ws/src/universal_robot_ros2/gazebo-pkgs/gazebo_grasp_plugin -DCMAKE_INSTALL_PREFIX=/home/user/ros2_ws/install/gazebo_grasp_plugin
[5.461s] Invoking command in '/home/user/ros2_ws/build/gazebo_grasp_plugin': CMAKE_PREFIX_PATH=/home/user/ros2_ws/install/gazebo_version_helpers:/home/user/ros2_ws/install/gazebo_grasp_plugin_ros:/home/user/ros2_ws/install/gazebo_grasp_plugin:/home/user/ros2_ws/install/ur3e_moveit_config:/home/user/ros2_ws/install/test_moveit_config:/home/user/ros2_ws/install/test2_moveit_config:/home/user/ros2_ws/install/my_moveit_config:/home/user/ros2_ws/install/my_moveit2_config:/home/user/ros2_ws/install/simple_grasping:/home/user/ros2_ws/install/ros_testing:/home/user/ros2_ws/install/robotnik_sensors_gazebo:/home/user/ros2_ws/install/robotnik_sensors:/home/user/ros2_ws/install/pilz_industrial_motion_planner_testutils:/home/user/ros2_ws/install/moveit_runtime:/home/user/ros2_ws/install/moveit:/home/user/ros2_ws/install/moveit_planners:/home/user/ros2_ws/install/pilz_industrial_motion_planner:/home/user/ros2_ws/install/moveit_ros_control_interface:/home/user/ros2_ws/install/moveit_plugins:/home/user/ros2_ws/install/moveit_simple_controller_manager:/home/user/ros2_ws/install/moveit_setup_assistant:/home/user/ros2_ws/install/moveit_setup_srdf_plugins:/home/user/ros2_ws/install/moveit_setup_core_plugins:/home/user/ros2_ws/install/moveit_setup_controllers:/home/user/ros2_ws/install/moveit_setup_app_plugins:/home/user/ros2_ws/install/moveit_setup_framework:/home/user/ros2_ws/install/moveit_servo:/home/user/ros2_ws/install/moveit_ros:/home/user/ros2_ws/install/moveit_ros_visualization:/home/user/ros2_ws/install/moveit_hybrid_planning:/home/user/ros2_ws/install/moveit2_scripts:/home/user/ros2_ws/install/moveit_ros_planning_interface:/home/user/ros2_ws/install/moveit_ros_benchmarks:/home/user/ros2_ws/install/moveit_ros_warehouse:/home/user/ros2_ws/install/moveit_ros_robot_interaction:/home/user/ros2_ws/install/moveit_ros_perception:/home/user/ros2_ws/install/moveit_resources_prbt_pg70_support:/home/user/ros2_ws/install/moveit_resources_prbt_moveit_config:/home/user/ros2_ws/install/moveit_ros_move_group:/home/user/ros2_ws/install/moveit_planners_ompl:/home/user/ros2_ws/install/moveit_ros_planning:/home/user/ros2_ws/install/moveit_ros_occupancy_map_monitor:/home/user/ros2_ws/install/moveit_resources_prbt_support:/home/user/ros2_ws/install/moveit_resources_prbt_ikfast_manipulator_plugin:/home/user/ros2_ws/install/moveit_planners_chomp:/home/user/ros2_ws/install/moveit_kinematics:/home/user/ros2_ws/install/moveit_chomp_optimizer_adapter:/home/user/ros2_ws/install/chomp_motion_planner:/home/user/ros2_ws/install/moveit_core:/home/user/ros2_ws/install/moveit_common:/home/simulations/ros2_sims_ws/install/common_interfaces:/home/simulations/ros2_sims_ws/install/visualization_msgs:/home/simulations/ros2_sims_ws/install/test_msgs:/home/simulations/ros2_sims_ws/install/example_interfaces:/home/simulations/ros2_sims_ws/install/action_msgs:/home/simulations/ros2_sims_ws/install/unique_identifier_msgs:/home/simulations/ros2_sims_ws/install/trajectory_msgs:/home/simulations/ros2_sims_ws/install/test_interface_files:/home/simulations/ros2_sims_ws/install/stereo_msgs:/home/simulations/ros2_sims_ws/install/std_srvs:/home/simulations/ros2_sims_ws/install/shape_msgs:/home/simulations/ros2_sims_ws/install/sensor_msgs:/home/simulations/ros2_sims_ws/install/nav_msgs:/home/simulations/ros2_sims_ws/install/diagnostic_msgs:/home/simulations/ros2_sims_ws/install/geometry_msgs:/home/simulations/ros2_sims_ws/install/actionlib_msgs:/home/simulations/ros2_sims_ws/install/std_msgs:/home/simulations/ros2_sims_ws/install/statistics_msgs:/home/simulations/ros2_sims_ws/install/rosgraph_msgs:/home/simulations/ros2_sims_ws/install/rclrs_example_msgs:/home/simulations/ros2_sims_ws/install/composition_interfaces:/home/simulations/ros2_sims_ws/install/rcl_interfaces:/home/simulations/ros2_sims_ws/install/lifecycle_msgs:/home/simulations/ros2_sims_ws/install/builtin_interfaces:/home/simulations/ros2_sims_ws/install/rosidl_default_runtime:/home/simulations/ros2_sims_ws/install/rosidl_default_generators:/home/simulations/ros2_sims_ws/install/rosidl_generator_rs:/home/user/ros2_ws/install/ur_simulation_gazebo:/home/user/ros2_ws/install/ur_description:/home/user/ros2_ws/install/the_construct_office_gazebo:/home/user/ros2_ws/install/robotiq_85_gripper:/home/user/ros2_ws/install/robotiq_85_msgs:/home/user/ros2_ws/install/robotiq_85_description:/home/user/ros2_ws/install/rg2_gripper_description:/home/user/ros2_ws/install/gazebo_ros2_control_demos:/home/user/ros2_ws/install/gazebo_ros2_control:/home/user/ros2_ws/install/ros2test:/home/user/ros2_ws/install/moveit_configs_utils:/home/simulations/ros2_sims_ws/install/rclrs_tests:/home/simulations/ros2_sims_ws/install/examples_rclrs_minimal_client_service:/home/simulations/ros2_sims_ws/install/sensor_msgs_py:/home/simulations/ros2_sims_ws/install/examples_rclrs_minimal_pub_sub:/home/simulations/ros2_sims_ws/install/examples_rclrs_message_demo:/home/simulations/ros2_sims_ws/install/rclrs:/home/simulations/ros2_sims_ws/install/rosidl_runtime_rs:/home/user/ros2_ws/install/robotiq_85_driver:/opt/ros/humble LD_LIBRARY_PATH=/home/user/ros2_ws/install/gazebo_version_helpers/lib:/home/user/ros2_ws/install/gazebo_grasp_plugin/lib:/home/user/ros2_ws/install/simple_grasping/lib:/home/user/ros2_ws/install/pilz_industrial_motion_planner_testutils/lib:/home/user/ros2_ws/install/pilz_industrial_motion_planner/lib:/home/user/ros2_ws/install/moveit_ros_control_interface/lib:/home/user/ros2_ws/install/moveit_simple_controller_manager/lib:/home/user/ros2_ws/install/moveit_setup_assistant/lib:/home/user/ros2_ws/install/moveit_setup_srdf_plugins/lib:/home/user/ros2_ws/install/moveit_setup_core_plugins/lib:/home/user/ros2_ws/install/moveit_setup_controllers/lib:/home/user/ros2_ws/install/moveit_setup_app_plugins/lib:/home/user/ros2_ws/install/moveit_setup_framework/lib:/home/user/ros2_ws/install/moveit_servo/lib:/home/user/ros2_ws/install/moveit_ros_visualization/lib:/home/user/ros2_ws/install/moveit_hybrid_planning/lib:/home/user/ros2_ws/install/moveit_ros_planning_interface/lib:/home/user/ros2_ws/install/moveit_ros_benchmarks/lib:/home/user/ros2_ws/install/moveit_ros_warehouse/lib:/home/user/ros2_ws/install/moveit_ros_robot_interaction/lib:/home/user/ros2_ws/install/moveit_ros_perception/lib:/home/user/ros2_ws/install/moveit_ros_move_group/lib:/home/user/ros2_ws/install/moveit_planners_ompl/lib:/home/user/ros2_ws/install/moveit_ros_planning/lib:/home/user/ros2_ws/install/moveit_ros_occupancy_map_monitor/lib:/home/user/ros2_ws/install/moveit_resources_prbt_ikfast_manipulator_plugin/lib:/home/user/ros2_ws/install/moveit_planners_chomp/lib:/home/user/ros2_ws/install/moveit_kinematics/lib:/home/user/ros2_ws/install/moveit_chomp_optimizer_adapter/lib:/home/user/ros2_ws/install/chomp_motion_planner/lib:/home/user/ros2_ws/install/moveit_core/lib:/usr/local/cuda-10.2/lib64:/home/user/.catkin_ws_python3/src/TensorRT-7.0.0.11/lib:/home/simulations/ros2_sims_ws/install/visualization_msgs/lib:/home/simulations/ros2_sims_ws/install/test_msgs/lib:/home/simulations/ros2_sims_ws/install/example_interfaces/lib:/home/simulations/ros2_sims_ws/install/action_msgs/lib:/home/simulations/ros2_sims_ws/install/unique_identifier_msgs/lib:/home/simulations/ros2_sims_ws/install/trajectory_msgs/lib:/home/simulations/ros2_sims_ws/install/stereo_msgs/lib:/home/simulations/ros2_sims_ws/install/std_srvs/lib:/home/simulations/ros2_sims_ws/install/shape_msgs/lib:/home/simulations/ros2_sims_ws/install/sensor_msgs/lib:/home/simulations/ros2_sims_ws/install/nav_msgs/lib:/home/simulations/ros2_sims_ws/install/diagnostic_msgs/lib:/home/simulations/ros2_sims_ws/install/geometry_msgs/lib:/home/simulations/ros2_sims_ws/install/actionlib_msgs/lib:/home/simulations/ros2_sims_ws/install/std_msgs/lib:/home/simulations/ros2_sims_ws/install/statistics_msgs/lib:/home/simulations/ros2_sims_ws/install/rosgraph_msgs/lib:/home/simulations/ros2_sims_ws/install/rclrs_example_msgs/lib:/home/simulations/ros2_sims_ws/install/composition_interfaces/lib:/home/simulations/ros2_sims_ws/install/rcl_interfaces/lib:/home/simulations/ros2_sims_ws/install/lifecycle_msgs/lib:/home/simulations/ros2_sims_ws/install/builtin_interfaces/lib:/home/user/ros2_ws/install/robotiq_85_msgs/lib:/home/user/ros2_ws/install/gazebo_ros2_control/lib:/opt/ros/humble/opt/rviz_ogre_vendor/lib:/opt/ros/humble/lib/x86_64-linux-gnu:/opt/ros/humble/lib:/usr/local/cuda-10.2/lib64:/home/user/.catkin_ws_python3/src/TensorRT-7.0.0.11/lib:/usr/lib/x86_64-linux-gnu/gazebo-11/plugins:/usr/lib/x86_64-linux-gnu/gazebo-11/plugins:/usr/lib/x86_64-linux-gnu/gazebo-11/plugins _=/usr/bin/env /usr/bin/cmake --build /home/user/ros2_ws/build/gazebo_grasp_plugin -- -j8 -l8
[5.544s] [ 16%] [34m[1mRunning cpp protocol buffer compiler on msgs/grasp_event.proto[0m
[5.607s] [ 33%] [32mBuilding CXX object CMakeFiles/gazebo_grasp_msgs.dir/grasp_event.pb.cc.o[0m
[6.537s] [ 50%] [32m[1mLinking CXX shared library libgazebo_grasp_msgs.so[0m
[6.639s] [34m[1mMoving protobuf headers to msgs directory[0m
[6.682s] [ 50%] Built target gazebo_grasp_msgs
[6.727s] [ 83%] [32mBuilding CXX object CMakeFiles/gazebo_grasp_fix.dir/src/GazeboGraspFix.cpp.o[0m
[6.727s] [ 83%] [32mBuilding CXX object CMakeFiles/gazebo_grasp_fix.dir/src/GazeboGraspGripper.cpp.o[0m
[10.359s] In file included from [01m[K/usr/include/boost/bind.hpp:30[m[K,
[10.359s]                  from [01m[K/home/user/ros2_ws/src/universal_robot_ros2/gazebo-pkgs/gazebo_grasp_plugin/src/GazeboGraspGripper.cpp:1[m[K:
[10.359s] [01m[K/usr/include/boost/bind.hpp:36:1:[m[K [01;36m[Knote: [m[K'[01m[K#pragma message: The practice of declaring the Bind placeholders (_1, _2, ...) in the global namespace is deprecated. Please use <boost/bind/bind.hpp> + using namespace boost::placeholders, or define BOOST_BIND_GLOBAL_PLACEHOLDERS to retain the current behavior.[m[K'
[10.359s]    36 | [01;36m[KBOOST_PRAGMA_MESSAGE[m[K(
[10.359s]       | [01;36m[K^~~~~~~~~~~~~~~~~~~~[m[K
[10.386s] In file included from [01m[K/usr/include/boost/bind.hpp:30[m[K,
[10.386s]                  from [01m[K/home/user/ros2_ws/src/universal_robot_ros2/gazebo-pkgs/gazebo_grasp_plugin/src/GazeboGraspFix.cpp:1[m[K:
[10.386s] [01m[K/usr/include/boost/bind.hpp:36:1:[m[K [01;36m[Knote: [m[K'[01m[K#pragma message: The practice of declaring the Bind placeholders (_1, _2, ...) in the global namespace is deprecated. Please use <boost/bind/bind.hpp> + using namespace boost::placeholders, or define BOOST_BIND_GLOBAL_PLACEHOLDERS to retain the current behavior.[m[K'
[10.386s]    36 | [01;36m[KBOOST_PRAGMA_MESSAGE[m[K(
[10.386s]       | [01;36m[K^~~~~~~~~~~~~~~~~~~~[m[K
[20.028s] [01m[K/home/user/ros2_ws/src/universal_robot_ros2/gazebo-pkgs/gazebo_grasp_plugin/src/GazeboGraspFix.cpp:[m[K In member function '[01m[Kvoid gazebo::GazeboGraspFix::OnUpdate()[m[K':
[20.028s] [01m[K/home/user/ros2_ws/src/universal_robot_ros2/gazebo-pkgs/gazebo_grasp_plugin/src/GazeboGraspFix.cpp:677:39:[m[K [01;35m[Kwarning: [m[Kimplicitly-declared '[01m[Kgazebo::GazeboGraspFix::CollidingPoint& gazebo::GazeboGraspFix::CollidingPoint::operator=(const gazebo::GazeboGraspFix::CollidingPoint&)[m[K' is deprecated [[01;35m[K]8;;https://gcc.gnu.org/onlinedocs/gcc/Warning-Options.html#index-Wdeprecated-copy-Wdeprecated-copy]8;;[m[K]
[20.028s]   677 |         attGripConts[collidingLink] = [01;35m[KcollidingPoint[m[K;
[20.029s]       |                                       [01;35m[K^~~~~~~~~~~~~~[m[K
[20.029s] [01m[K/home/user/ros2_ws/src/universal_robot_ros2/gazebo-pkgs/gazebo_grasp_plugin/src/GazeboGraspFix.cpp:390:3:[m[K [01;36m[Knote: [m[Kbecause '[01m[Kgazebo::GazeboGraspFix::CollidingPoint[m[K' has user-provided '[01m[Kgazebo::GazeboGraspFix::CollidingPoint::CollidingPoint(const gazebo::GazeboGraspFix::CollidingPoint&)[m[K'
[20.029s]   390 |   [01;36m[KCollidingPoint[m[K(const CollidingPoint &o)
[20.029s]       |   [01;36m[K^~~~~~~~~~~~~~[m[K
[20.045s] [01m[K/home/user/ros2_ws/src/universal_robot_ros2/gazebo-pkgs/gazebo_grasp_plugin/src/GazeboGraspFix.cpp:[m[K In member function '[01m[Kvoid gazebo::GazeboGraspFix::OnContact(ConstContactsPtr&)[m[K':
[20.045s] [01m[K/home/user/ros2_ws/src/universal_robot_ros2/gazebo-pkgs/gazebo_grasp_plugin/src/GazeboGraspFix.cpp:930:25:[m[K [01;35m[Kwarning: [m[Kcomparison of integer expressions of different signedness: '[01m[Kint[m[K' and '[01m[Kstd::vector<ignition::math::v6::Vector3<double> >::size_type[m[K' {aka '[01m[Klong unsigned int[m[K'} [[01;35m[K]8;;https://gcc.gnu.org/onlinedocs/gcc/Warning-Options.html#index-Wsign-compare-Wsign-compare]8;;[m[K]
[20.045s]   930 |       for (int k = 0; [01;35m[Kk < force.size()[m[K; ++k) {
[20.045s]       |                       [01;35m[K~~^~~~~~~~~~~~~~[m[K
[25.247s] [100%] [32m[1mLinking CXX shared library libgazebo_grasp_fix.so[0m
[25.844s] [100%] Built target gazebo_grasp_fix
[25.861s] Invoked command in '/home/user/ros2_ws/build/gazebo_grasp_plugin' returned '0': CMAKE_PREFIX_PATH=/home/user/ros2_ws/install/gazebo_version_helpers:/home/user/ros2_ws/install/gazebo_grasp_plugin_ros:/home/user/ros2_ws/install/gazebo_grasp_plugin:/home/user/ros2_ws/install/ur3e_moveit_config:/home/user/ros2_ws/install/test_moveit_config:/home/user/ros2_ws/install/test2_moveit_config:/home/user/ros2_ws/install/my_moveit_config:/home/user/ros2_ws/install/my_moveit2_config:/home/user/ros2_ws/install/simple_grasping:/home/user/ros2_ws/install/ros_testing:/home/user/ros2_ws/install/robotnik_sensors_gazebo:/home/user/ros2_ws/install/robotnik_sensors:/home/user/ros2_ws/install/pilz_industrial_motion_planner_testutils:/home/user/ros2_ws/install/moveit_runtime:/home/user/ros2_ws/install/moveit:/home/user/ros2_ws/install/moveit_planners:/home/user/ros2_ws/install/pilz_industrial_motion_planner:/home/user/ros2_ws/install/moveit_ros_control_interface:/home/user/ros2_ws/install/moveit_plugins:/home/user/ros2_ws/install/moveit_simple_controller_manager:/home/user/ros2_ws/install/moveit_setup_assistant:/home/user/ros2_ws/install/moveit_setup_srdf_plugins:/home/user/ros2_ws/install/moveit_setup_core_plugins:/home/user/ros2_ws/install/moveit_setup_controllers:/home/user/ros2_ws/install/moveit_setup_app_plugins:/home/user/ros2_ws/install/moveit_setup_framework:/home/user/ros2_ws/install/moveit_servo:/home/user/ros2_ws/install/moveit_ros:/home/user/ros2_ws/install/moveit_ros_visualization:/home/user/ros2_ws/install/moveit_hybrid_planning:/home/user/ros2_ws/install/moveit2_scripts:/home/user/ros2_ws/install/moveit_ros_planning_interface:/home/user/ros2_ws/install/moveit_ros_benchmarks:/home/user/ros2_ws/install/moveit_ros_warehouse:/home/user/ros2_ws/install/moveit_ros_robot_interaction:/home/user/ros2_ws/install/moveit_ros_perception:/home/user/ros2_ws/install/moveit_resources_prbt_pg70_support:/home/user/ros2_ws/install/moveit_resources_prbt_moveit_config:/home/user/ros2_ws/install/moveit_ros_move_group:/home/user/ros2_ws/install/moveit_planners_ompl:/home/user/ros2_ws/install/moveit_ros_planning:/home/user/ros2_ws/install/moveit_ros_occupancy_map_monitor:/home/user/ros2_ws/install/moveit_resources_prbt_support:/home/user/ros2_ws/install/moveit_resources_prbt_ikfast_manipulator_plugin:/home/user/ros2_ws/install/moveit_planners_chomp:/home/user/ros2_ws/install/moveit_kinematics:/home/user/ros2_ws/install/moveit_chomp_optimizer_adapter:/home/user/ros2_ws/install/chomp_motion_planner:/home/user/ros2_ws/install/moveit_core:/home/user/ros2_ws/install/moveit_common:/home/simulations/ros2_sims_ws/install/common_interfaces:/home/simulations/ros2_sims_ws/install/visualization_msgs:/home/simulations/ros2_sims_ws/install/test_msgs:/home/simulations/ros2_sims_ws/install/example_interfaces:/home/simulations/ros2_sims_ws/install/action_msgs:/home/simulations/ros2_sims_ws/install/unique_identifier_msgs:/home/simulations/ros2_sims_ws/install/trajectory_msgs:/home/simulations/ros2_sims_ws/install/test_interface_files:/home/simulations/ros2_sims_ws/install/stereo_msgs:/home/simulations/ros2_sims_ws/install/std_srvs:/home/simulations/ros2_sims_ws/install/shape_msgs:/home/simulations/ros2_sims_ws/install/sensor_msgs:/home/simulations/ros2_sims_ws/install/nav_msgs:/home/simulations/ros2_sims_ws/install/diagnostic_msgs:/home/simulations/ros2_sims_ws/install/geometry_msgs:/home/simulations/ros2_sims_ws/install/actionlib_msgs:/home/simulations/ros2_sims_ws/install/std_msgs:/home/simulations/ros2_sims_ws/install/statistics_msgs:/home/simulations/ros2_sims_ws/install/rosgraph_msgs:/home/simulations/ros2_sims_ws/install/rclrs_example_msgs:/home/simulations/ros2_sims_ws/install/composition_interfaces:/home/simulations/ros2_sims_ws/install/rcl_interfaces:/home/simulations/ros2_sims_ws/install/lifecycle_msgs:/home/simulations/ros2_sims_ws/install/builtin_interfaces:/home/simulations/ros2_sims_ws/install/rosidl_default_runtime:/home/simulations/ros2_sims_ws/install/rosidl_default_generators:/home/simulations/ros2_sims_ws/install/rosidl_generator_rs:/home/user/ros2_ws/install/ur_simulation_gazebo:/home/user/ros2_ws/install/ur_description:/home/user/ros2_ws/install/the_construct_office_gazebo:/home/user/ros2_ws/install/robotiq_85_gripper:/home/user/ros2_ws/install/robotiq_85_msgs:/home/user/ros2_ws/install/robotiq_85_description:/home/user/ros2_ws/install/rg2_gripper_description:/home/user/ros2_ws/install/gazebo_ros2_control_demos:/home/user/ros2_ws/install/gazebo_ros2_control:/home/user/ros2_ws/install/ros2test:/home/user/ros2_ws/install/moveit_configs_utils:/home/simulations/ros2_sims_ws/install/rclrs_tests:/home/simulations/ros2_sims_ws/install/examples_rclrs_minimal_client_service:/home/simulations/ros2_sims_ws/install/sensor_msgs_py:/home/simulations/ros2_sims_ws/install/examples_rclrs_minimal_pub_sub:/home/simulations/ros2_sims_ws/install/examples_rclrs_message_demo:/home/simulations/ros2_sims_ws/install/rclrs:/home/simulations/ros2_sims_ws/install/rosidl_runtime_rs:/home/user/ros2_ws/install/robotiq_85_driver:/opt/ros/humble LD_LIBRARY_PATH=/home/user/ros2_ws/install/gazebo_version_helpers/lib:/home/user/ros2_ws/install/gazebo_grasp_plugin/lib:/home/user/ros2_ws/install/simple_grasping/lib:/home/user/ros2_ws/install/pilz_industrial_motion_planner_testutils/lib:/home/user/ros2_ws/install/pilz_industrial_motion_planner/lib:/home/user/ros2_ws/install/moveit_ros_control_interface/lib:/home/user/ros2_ws/install/moveit_simple_controller_manager/lib:/home/user/ros2_ws/install/moveit_setup_assistant/lib:/home/user/ros2_ws/install/moveit_setup_srdf_plugins/lib:/home/user/ros2_ws/install/moveit_setup_core_plugins/lib:/home/user/ros2_ws/install/moveit_setup_controllers/lib:/home/user/ros2_ws/install/moveit_setup_app_plugins/lib:/home/user/ros2_ws/install/moveit_setup_framework/lib:/home/user/ros2_ws/install/moveit_servo/lib:/home/user/ros2_ws/install/moveit_ros_visualization/lib:/home/user/ros2_ws/install/moveit_hybrid_planning/lib:/home/user/ros2_ws/install/moveit_ros_planning_interface/lib:/home/user/ros2_ws/install/moveit_ros_benchmarks/lib:/home/user/ros2_ws/install/moveit_ros_warehouse/lib:/home/user/ros2_ws/install/moveit_ros_robot_interaction/lib:/home/user/ros2_ws/install/moveit_ros_perception/lib:/home/user/ros2_ws/install/moveit_ros_move_group/lib:/home/user/ros2_ws/install/moveit_planners_ompl/lib:/home/user/ros2_ws/install/moveit_ros_planning/lib:/home/user/ros2_ws/install/moveit_ros_occupancy_map_monitor/lib:/home/user/ros2_ws/install/moveit_resources_prbt_ikfast_manipulator_plugin/lib:/home/user/ros2_ws/install/moveit_planners_chomp/lib:/home/user/ros2_ws/install/moveit_kinematics/lib:/home/user/ros2_ws/install/moveit_chomp_optimizer_adapter/lib:/home/user/ros2_ws/install/chomp_motion_planner/lib:/home/user/ros2_ws/install/moveit_core/lib:/usr/local/cuda-10.2/lib64:/home/user/.catkin_ws_python3/src/TensorRT-7.0.0.11/lib:/home/simulations/ros2_sims_ws/install/visualization_msgs/lib:/home/simulations/ros2_sims_ws/install/test_msgs/lib:/home/simulations/ros2_sims_ws/install/example_interfaces/lib:/home/simulations/ros2_sims_ws/install/action_msgs/lib:/home/simulations/ros2_sims_ws/install/unique_identifier_msgs/lib:/home/simulations/ros2_sims_ws/install/trajectory_msgs/lib:/home/simulations/ros2_sims_ws/install/stereo_msgs/lib:/home/simulations/ros2_sims_ws/install/std_srvs/lib:/home/simulations/ros2_sims_ws/install/shape_msgs/lib:/home/simulations/ros2_sims_ws/install/sensor_msgs/lib:/home/simulations/ros2_sims_ws/install/nav_msgs/lib:/home/simulations/ros2_sims_ws/install/diagnostic_msgs/lib:/home/simulations/ros2_sims_ws/install/geometry_msgs/lib:/home/simulations/ros2_sims_ws/install/actionlib_msgs/lib:/home/simulations/ros2_sims_ws/install/std_msgs/lib:/home/simulations/ros2_sims_ws/install/statistics_msgs/lib:/home/simulations/ros2_sims_ws/install/rosgraph_msgs/lib:/home/simulations/ros2_sims_ws/install/rclrs_example_msgs/lib:/home/simulations/ros2_sims_ws/install/composition_interfaces/lib:/home/simulations/ros2_sims_ws/install/rcl_interfaces/lib:/home/simulations/ros2_sims_ws/install/lifecycle_msgs/lib:/home/simulations/ros2_sims_ws/install/builtin_interfaces/lib:/home/user/ros2_ws/install/robotiq_85_msgs/lib:/home/user/ros2_ws/install/gazebo_ros2_control/lib:/opt/ros/humble/opt/rviz_ogre_vendor/lib:/opt/ros/humble/lib/x86_64-linux-gnu:/opt/ros/humble/lib:/usr/local/cuda-10.2/lib64:/home/user/.catkin_ws_python3/src/TensorRT-7.0.0.11/lib:/usr/lib/x86_64-linux-gnu/gazebo-11/plugins:/usr/lib/x86_64-linux-gnu/gazebo-11/plugins:/usr/lib/x86_64-linux-gnu/gazebo-11/plugins _=/usr/bin/env /usr/bin/cmake --build /home/user/ros2_ws/build/gazebo_grasp_plugin -- -j8 -l8
[25.961s] Invoking command in '/home/user/ros2_ws/build/gazebo_grasp_plugin': CMAKE_PREFIX_PATH=/home/user/ros2_ws/install/gazebo_version_helpers:/home/user/ros2_ws/install/gazebo_grasp_plugin_ros:/home/user/ros2_ws/install/gazebo_grasp_plugin:/home/user/ros2_ws/install/ur3e_moveit_config:/home/user/ros2_ws/install/test_moveit_config:/home/user/ros2_ws/install/test2_moveit_config:/home/user/ros2_ws/install/my_moveit_config:/home/user/ros2_ws/install/my_moveit2_config:/home/user/ros2_ws/install/simple_grasping:/home/user/ros2_ws/install/ros_testing:/home/user/ros2_ws/install/robotnik_sensors_gazebo:/home/user/ros2_ws/install/robotnik_sensors:/home/user/ros2_ws/install/pilz_industrial_motion_planner_testutils:/home/user/ros2_ws/install/moveit_runtime:/home/user/ros2_ws/install/moveit:/home/user/ros2_ws/install/moveit_planners:/home/user/ros2_ws/install/pilz_industrial_motion_planner:/home/user/ros2_ws/install/moveit_ros_control_interface:/home/user/ros2_ws/install/moveit_plugins:/home/user/ros2_ws/install/moveit_simple_controller_manager:/home/user/ros2_ws/install/moveit_setup_assistant:/home/user/ros2_ws/install/moveit_setup_srdf_plugins:/home/user/ros2_ws/install/moveit_setup_core_plugins:/home/user/ros2_ws/install/moveit_setup_controllers:/home/user/ros2_ws/install/moveit_setup_app_plugins:/home/user/ros2_ws/install/moveit_setup_framework:/home/user/ros2_ws/install/moveit_servo:/home/user/ros2_ws/install/moveit_ros:/home/user/ros2_ws/install/moveit_ros_visualization:/home/user/ros2_ws/install/moveit_hybrid_planning:/home/user/ros2_ws/install/moveit2_scripts:/home/user/ros2_ws/install/moveit_ros_planning_interface:/home/user/ros2_ws/install/moveit_ros_benchmarks:/home/user/ros2_ws/install/moveit_ros_warehouse:/home/user/ros2_ws/install/moveit_ros_robot_interaction:/home/user/ros2_ws/install/moveit_ros_perception:/home/user/ros2_ws/install/moveit_resources_prbt_pg70_support:/home/user/ros2_ws/install/moveit_resources_prbt_moveit_config:/home/user/ros2_ws/install/moveit_ros_move_group:/home/user/ros2_ws/install/moveit_planners_ompl:/home/user/ros2_ws/install/moveit_ros_planning:/home/user/ros2_ws/install/moveit_ros_occupancy_map_monitor:/home/user/ros2_ws/install/moveit_resources_prbt_support:/home/user/ros2_ws/install/moveit_resources_prbt_ikfast_manipulator_plugin:/home/user/ros2_ws/install/moveit_planners_chomp:/home/user/ros2_ws/install/moveit_kinematics:/home/user/ros2_ws/install/moveit_chomp_optimizer_adapter:/home/user/ros2_ws/install/chomp_motion_planner:/home/user/ros2_ws/install/moveit_core:/home/user/ros2_ws/install/moveit_common:/home/simulations/ros2_sims_ws/install/common_interfaces:/home/simulations/ros2_sims_ws/install/visualization_msgs:/home/simulations/ros2_sims_ws/install/test_msgs:/home/simulations/ros2_sims_ws/install/example_interfaces:/home/simulations/ros2_sims_ws/install/action_msgs:/home/simulations/ros2_sims_ws/install/unique_identifier_msgs:/home/simulations/ros2_sims_ws/install/trajectory_msgs:/home/simulations/ros2_sims_ws/install/test_interface_files:/home/simulations/ros2_sims_ws/install/stereo_msgs:/home/simulations/ros2_sims_ws/install/std_srvs:/home/simulations/ros2_sims_ws/install/shape_msgs:/home/simulations/ros2_sims_ws/install/sensor_msgs:/home/simulations/ros2_sims_ws/install/nav_msgs:/home/simulations/ros2_sims_ws/install/diagnostic_msgs:/home/simulations/ros2_sims_ws/install/geometry_msgs:/home/simulations/ros2_sims_ws/install/actionlib_msgs:/home/simulations/ros2_sims_ws/install/std_msgs:/home/simulations/ros2_sims_ws/install/statistics_msgs:/home/simulations/ros2_sims_ws/install/rosgraph_msgs:/home/simulations/ros2_sims_ws/install/rclrs_example_msgs:/home/simulations/ros2_sims_ws/install/composition_interfaces:/home/simulations/ros2_sims_ws/install/rcl_interfaces:/home/simulations/ros2_sims_ws/install/lifecycle_msgs:/home/simulations/ros2_sims_ws/install/builtin_interfaces:/home/simulations/ros2_sims_ws/install/rosidl_default_runtime:/home/simulations/ros2_sims_ws/install/rosidl_default_generators:/home/simulations/ros2_sims_ws/install/rosidl_generator_rs:/home/user/ros2_ws/install/ur_simulation_gazebo:/home/user/ros2_ws/install/ur_description:/home/user/ros2_ws/install/the_construct_office_gazebo:/home/user/ros2_ws/install/robotiq_85_gripper:/home/user/ros2_ws/install/robotiq_85_msgs:/home/user/ros2_ws/install/robotiq_85_description:/home/user/ros2_ws/install/rg2_gripper_description:/home/user/ros2_ws/install/gazebo_ros2_control_demos:/home/user/ros2_ws/install/gazebo_ros2_control:/home/user/ros2_ws/install/ros2test:/home/user/ros2_ws/install/moveit_configs_utils:/home/simulations/ros2_sims_ws/install/rclrs_tests:/home/simulations/ros2_sims_ws/install/examples_rclrs_minimal_client_service:/home/simulations/ros2_sims_ws/install/sensor_msgs_py:/home/simulations/ros2_sims_ws/install/examples_rclrs_minimal_pub_sub:/home/simulations/ros2_sims_ws/install/examples_rclrs_message_demo:/home/simulations/ros2_sims_ws/install/rclrs:/home/simulations/ros2_sims_ws/install/rosidl_runtime_rs:/home/user/ros2_ws/install/robotiq_85_driver:/opt/ros/humble LD_LIBRARY_PATH=/home/user/ros2_ws/install/gazebo_version_helpers/lib:/home/user/ros2_ws/install/gazebo_grasp_plugin/lib:/home/user/ros2_ws/install/simple_grasping/lib:/home/user/ros2_ws/install/pilz_industrial_motion_planner_testutils/lib:/home/user/ros2_ws/install/pilz_industrial_motion_planner/lib:/home/user/ros2_ws/install/moveit_ros_control_interface/lib:/home/user/ros2_ws/install/moveit_simple_controller_manager/lib:/home/user/ros2_ws/install/moveit_setup_assistant/lib:/home/user/ros2_ws/install/moveit_setup_srdf_plugins/lib:/home/user/ros2_ws/install/moveit_setup_core_plugins/lib:/home/user/ros2_ws/install/moveit_setup_controllers/lib:/home/user/ros2_ws/install/moveit_setup_app_plugins/lib:/home/user/ros2_ws/install/moveit_setup_framework/lib:/home/user/ros2_ws/install/moveit_servo/lib:/home/user/ros2_ws/install/moveit_ros_visualization/lib:/home/user/ros2_ws/install/moveit_hybrid_planning/lib:/home/user/ros2_ws/install/moveit_ros_planning_interface/lib:/home/user/ros2_ws/install/moveit_ros_benchmarks/lib:/home/user/ros2_ws/install/moveit_ros_warehouse/lib:/home/user/ros2_ws/install/moveit_ros_robot_interaction/lib:/home/user/ros2_ws/install/moveit_ros_perception/lib:/home/user/ros2_ws/install/moveit_ros_move_group/lib:/home/user/ros2_ws/install/moveit_planners_ompl/lib:/home/user/ros2_ws/install/moveit_ros_planning/lib:/home/user/ros2_ws/install/moveit_ros_occupancy_map_monitor/lib:/home/user/ros2_ws/install/moveit_resources_prbt_ikfast_manipulator_plugin/lib:/home/user/ros2_ws/install/moveit_planners_chomp/lib:/home/user/ros2_ws/install/moveit_kinematics/lib:/home/user/ros2_ws/install/moveit_chomp_optimizer_adapter/lib:/home/user/ros2_ws/install/chomp_motion_planner/lib:/home/user/ros2_ws/install/moveit_core/lib:/usr/local/cuda-10.2/lib64:/home/user/.catkin_ws_python3/src/TensorRT-7.0.0.11/lib:/home/simulations/ros2_sims_ws/install/visualization_msgs/lib:/home/simulations/ros2_sims_ws/install/test_msgs/lib:/home/simulations/ros2_sims_ws/install/example_interfaces/lib:/home/simulations/ros2_sims_ws/install/action_msgs/lib:/home/simulations/ros2_sims_ws/install/unique_identifier_msgs/lib:/home/simulations/ros2_sims_ws/install/trajectory_msgs/lib:/home/simulations/ros2_sims_ws/install/stereo_msgs/lib:/home/simulations/ros2_sims_ws/install/std_srvs/lib:/home/simulations/ros2_sims_ws/install/shape_msgs/lib:/home/simulations/ros2_sims_ws/install/sensor_msgs/lib:/home/simulations/ros2_sims_ws/install/nav_msgs/lib:/home/simulations/ros2_sims_ws/install/diagnostic_msgs/lib:/home/simulations/ros2_sims_ws/install/geometry_msgs/lib:/home/simulations/ros2_sims_ws/install/actionlib_msgs/lib:/home/simulations/ros2_sims_ws/install/std_msgs/lib:/home/simulations/ros2_sims_ws/install/statistics_msgs/lib:/home/simulations/ros2_sims_ws/install/rosgraph_msgs/lib:/home/simulations/ros2_sims_ws/install/rclrs_example_msgs/lib:/home/simulations/ros2_sims_ws/install/composition_interfaces/lib:/home/simulations/ros2_sims_ws/install/rcl_interfaces/lib:/home/simulations/ros2_sims_ws/install/lifecycle_msgs/lib:/home/simulations/ros2_sims_ws/install/builtin_interfaces/lib:/home/user/ros2_ws/install/robotiq_85_msgs/lib:/home/user/ros2_ws/install/gazebo_ros2_control/lib:/opt/ros/humble/opt/rviz_ogre_vendor/lib:/opt/ros/humble/lib/x86_64-linux-gnu:/opt/ros/humble/lib:/usr/local/cuda-10.2/lib64:/home/user/.catkin_ws_python3/src/TensorRT-7.0.0.11/lib:/usr/lib/x86_64-linux-gnu/gazebo-11/plugins:/usr/lib/x86_64-linux-gnu/gazebo-11/plugins:/usr/lib/x86_64-linux-gnu/gazebo-11/plugins _=/usr/bin/env /usr/bin/cmake --install /home/user/ros2_ws/build/gazebo_grasp_plugin
[25.975s] -- Install configuration: ""
[25.976s] -- Installing: /home/user/ros2_ws/install/gazebo_grasp_plugin/share/gazebo_grasp_plugin/environment/library_path.sh
[25.976s] -- Installing: /home/user/ros2_ws/install/gazebo_grasp_plugin/share/gazebo_grasp_plugin/environment/library_path.dsv
[25.976s] -- Installing: /home/user/ros2_ws/install/gazebo_grasp_plugin/lib/libgazebo_grasp_fix.so
[25.979s] -- Set runtime path of "/home/user/ros2_ws/install/gazebo_grasp_plugin/lib/libgazebo_grasp_fix.so" to ""
[25.979s] -- Installing: /home/user/ros2_ws/install/gazebo_grasp_plugin/lib/libgazebo_grasp_msgs.so
[25.979s] -- Installing: /home/user/ros2_ws/install/gazebo_grasp_plugin/include
[25.980s] -- Installing: /home/user/ros2_ws/install/gazebo_grasp_plugin/include/gazebo_grasp_plugin
[25.980s] -- Installing: /home/user/ros2_ws/install/gazebo_grasp_plugin/include/gazebo_grasp_plugin/GazeboGraspGripper.h
[25.980s] -- Installing: /home/user/ros2_ws/install/gazebo_grasp_plugin/include/gazebo_grasp_plugin/GazeboGraspFix.h
[25.980s] -- Installing: /home/user/ros2_ws/install/gazebo_grasp_plugin/include/gazebo_grasp_plugin/gazebo_grasp_plugin
[25.980s] -- Installing: /home/user/ros2_ws/install/gazebo_grasp_plugin/include/gazebo_grasp_plugin/gazebo_grasp_plugin/grasp_event.pb.h
[25.980s] -- Installing: /home/user/ros2_ws/install/gazebo_grasp_plugin/include/gazebo_grasp_plugin/gazebo_grasp_plugin/ament_cmake_package_templates
[25.981s] -- Installing: /home/user/ros2_ws/install/gazebo_grasp_plugin/include/gazebo_grasp_plugin/gazebo_grasp_plugin/ament_cmake_core
[25.981s] -- Installing: /home/user/ros2_ws/install/gazebo_grasp_plugin/include/gazebo_grasp_plugin/gazebo_grasp_plugin/ament_cmake_core/stamps
[25.981s] -- Installing: /home/user/ros2_ws/install/gazebo_grasp_plugin/include/gazebo_grasp_plugin/gazebo_grasp_plugin/ament_cmake_environment_hooks
[25.981s] -- Installing: /home/user/ros2_ws/install/gazebo_grasp_plugin/include/gazebo_grasp_plugin/gazebo_grasp_plugin/ament_cmake_export_targets
[25.981s] -- Installing: /home/user/ros2_ws/install/gazebo_grasp_plugin/include/gazebo_grasp_plugin/gazebo_grasp_plugin/ament_cmake_export_include_directories
[25.982s] -- Installing: /home/user/ros2_ws/install/gazebo_grasp_plugin/include/gazebo_grasp_plugin/gazebo_grasp_plugin/msgs
[25.982s] -- Installing: /home/user/ros2_ws/install/gazebo_grasp_plugin/include/gazebo_grasp_plugin/gazebo_grasp_plugin/msgs/grasp_event.pb.h
[25.982s] -- Installing: /home/user/ros2_ws/install/gazebo_grasp_plugin/include/gazebo_grasp_plugin/gazebo_grasp_plugin/CMakeFiles
[25.982s] -- Installing: /home/user/ros2_ws/install/gazebo_grasp_plugin/include/gazebo_grasp_plugin/gazebo_grasp_plugin/CMakeFiles/3.22.1
[25.982s] -- Installing: /home/user/ros2_ws/install/gazebo_grasp_plugin/include/gazebo_grasp_plugin/gazebo_grasp_plugin/CMakeFiles/3.22.1/CompilerIdC
[25.982s] -- Installing: /home/user/ros2_ws/install/gazebo_grasp_plugin/include/gazebo_grasp_plugin/gazebo_grasp_plugin/CMakeFiles/3.22.1/CompilerIdC/tmp
[25.983s] -- Installing: /home/user/ros2_ws/install/gazebo_grasp_plugin/include/gazebo_grasp_plugin/gazebo_grasp_plugin/CMakeFiles/3.22.1/CompilerIdCXX
[25.983s] -- Installing: /home/user/ros2_ws/install/gazebo_grasp_plugin/include/gazebo_grasp_plugin/gazebo_grasp_plugin/CMakeFiles/3.22.1/CompilerIdCXX/tmp
[25.983s] -- Installing: /home/user/ros2_ws/install/gazebo_grasp_plugin/include/gazebo_grasp_plugin/gazebo_grasp_plugin/CMakeFiles/Export
[25.983s] -- Installing: /home/user/ros2_ws/install/gazebo_grasp_plugin/include/gazebo_grasp_plugin/gazebo_grasp_plugin/CMakeFiles/Export/share
[25.983s] -- Installing: /home/user/ros2_ws/install/gazebo_grasp_plugin/include/gazebo_grasp_plugin/gazebo_grasp_plugin/CMakeFiles/Export/share/gazebo_grasp_plugin
[25.983s] -- Installing: /home/user/ros2_ws/install/gazebo_grasp_plugin/include/gazebo_grasp_plugin/gazebo_grasp_plugin/CMakeFiles/Export/share/gazebo_grasp_plugin/cmake
[25.984s] -- Installing: /home/user/ros2_ws/install/gazebo_grasp_plugin/include/gazebo_grasp_plugin/gazebo_grasp_plugin/CMakeFiles/gazebo_grasp_msgs.dir
[25.984s] -- Installing: /home/user/ros2_ws/install/gazebo_grasp_plugin/include/gazebo_grasp_plugin/gazebo_grasp_plugin/CMakeFiles/gazebo_grasp_plugin_uninstall.dir
[25.984s] -- Installing: /home/user/ros2_ws/install/gazebo_grasp_plugin/include/gazebo_grasp_plugin/gazebo_grasp_plugin/CMakeFiles/gazebo_grasp_fix.dir
[25.984s] -- Installing: /home/user/ros2_ws/install/gazebo_grasp_plugin/include/gazebo_grasp_plugin/gazebo_grasp_plugin/CMakeFiles/gazebo_grasp_fix.dir/src
[25.984s] -- Installing: /home/user/ros2_ws/install/gazebo_grasp_plugin/include/gazebo_grasp_plugin/gazebo_grasp_plugin/CMakeFiles/CMakeTmp
[25.984s] -- Installing: /home/user/ros2_ws/install/gazebo_grasp_plugin/include/gazebo_grasp_plugin/gazebo_grasp_plugin/CMakeFiles/uninstall.dir
[25.985s] -- Installing: /home/user/ros2_ws/install/gazebo_grasp_plugin/include/gazebo_grasp_plugin/gazebo_grasp_plugin/ament_cmake_index
[25.985s] -- Installing: /home/user/ros2_ws/install/gazebo_grasp_plugin/include/gazebo_grasp_plugin/gazebo_grasp_plugin/ament_cmake_index/share
[25.985s] -- Installing: /home/user/ros2_ws/install/gazebo_grasp_plugin/include/gazebo_grasp_plugin/gazebo_grasp_plugin/ament_cmake_index/share/ament_index
[25.985s] -- Installing: /home/user/ros2_ws/install/gazebo_grasp_plugin/include/gazebo_grasp_plugin/gazebo_grasp_plugin/ament_cmake_index/share/ament_index/resource_index
[25.985s] -- Installing: /home/user/ros2_ws/install/gazebo_grasp_plugin/include/gazebo_grasp_plugin/gazebo_grasp_plugin/ament_cmake_index/share/ament_index/resource_index/packages
[25.985s] -- Installing: /home/user/ros2_ws/install/gazebo_grasp_plugin/include/gazebo_grasp_plugin/gazebo_grasp_plugin/ament_cmake_index/share/ament_index/resource_index/parent_prefix_path
[25.986s] -- Installing: /home/user/ros2_ws/install/gazebo_grasp_plugin/include/gazebo_grasp_plugin/gazebo_grasp_plugin/ament_cmake_index/share/ament_index/resource_index/package_run_dependencies
[25.986s] -- Installing: /home/user/ros2_ws/install/gazebo_grasp_plugin/include/gazebo_grasp_plugin/gazebo_grasp_plugin/ament_cmake_export_libraries
[25.986s] -- Installing: /home/user/ros2_ws/install/gazebo_grasp_plugin/include/gazebo_grasp_plugin/gazebo_grasp_plugin/ament_cmake_export_dependencies
[25.986s] -- Installing: /home/user/ros2_ws/install/gazebo_grasp_plugin/include/gazebo_grasp_plugin/gazebo_grasp_plugin/ament_cmake_uninstall_target
[25.986s] -- Installing: /home/user/ros2_ws/install/gazebo_grasp_plugin/share/ament_index/resource_index/package_run_dependencies/gazebo_grasp_plugin
[25.987s] -- Installing: /home/user/ros2_ws/install/gazebo_grasp_plugin/share/ament_index/resource_index/parent_prefix_path/gazebo_grasp_plugin
[25.987s] -- Installing: /home/user/ros2_ws/install/gazebo_grasp_plugin/share/gazebo_grasp_plugin/environment/ament_prefix_path.sh
[25.987s] -- Installing: /home/user/ros2_ws/install/gazebo_grasp_plugin/share/gazebo_grasp_plugin/environment/ament_prefix_path.dsv
[25.987s] -- Installing: /home/user/ros2_ws/install/gazebo_grasp_plugin/share/gazebo_grasp_plugin/environment/path.sh
[25.987s] -- Installing: /home/user/ros2_ws/install/gazebo_grasp_plugin/share/gazebo_grasp_plugin/environment/path.dsv
[25.987s] -- Installing: /home/user/ros2_ws/install/gazebo_grasp_plugin/share/gazebo_grasp_plugin/local_setup.bash
[25.987s] -- Installing: /home/user/ros2_ws/install/gazebo_grasp_plugin/share/gazebo_grasp_plugin/local_setup.sh
[25.987s] -- Installing: /home/user/ros2_ws/install/gazebo_grasp_plugin/share/gazebo_grasp_plugin/local_setup.zsh
[25.987s] -- Installing: /home/user/ros2_ws/install/gazebo_grasp_plugin/share/gazebo_grasp_plugin/local_setup.dsv
[25.987s] -- Installing: /home/user/ros2_ws/install/gazebo_grasp_plugin/share/gazebo_grasp_plugin/package.dsv
[25.987s] -- Installing: /home/user/ros2_ws/install/gazebo_grasp_plugin/share/ament_index/resource_index/packages/gazebo_grasp_plugin
[25.987s] -- Installing: /home/user/ros2_ws/install/gazebo_grasp_plugin/share/gazebo_grasp_plugin/cmake/gazebo_grasp_fixExport.cmake
[25.988s] -- Installing: /home/user/ros2_ws/install/gazebo_grasp_plugin/share/gazebo_grasp_plugin/cmake/gazebo_grasp_fixExport-noconfig.cmake
[25.988s] -- Installing: /home/user/ros2_ws/install/gazebo_grasp_plugin/share/gazebo_grasp_plugin/cmake/ament_cmake_export_targets-extras.cmake
[25.988s] -- Installing: /home/user/ros2_ws/install/gazebo_grasp_plugin/share/gazebo_grasp_plugin/cmake/ament_cmake_export_include_directories-extras.cmake
[25.988s] -- Installing: /home/user/ros2_ws/install/gazebo_grasp_plugin/share/gazebo_grasp_plugin/cmake/ament_cmake_export_libraries-extras.cmake
[25.988s] -- Installing: /home/user/ros2_ws/install/gazebo_grasp_plugin/share/gazebo_grasp_plugin/cmake/ament_cmake_export_dependencies-extras.cmake
[25.988s] -- Installing: /home/user/ros2_ws/install/gazebo_grasp_plugin/share/gazebo_grasp_plugin/cmake/gazebo_grasp_pluginConfig.cmake
[25.988s] -- Installing: /home/user/ros2_ws/install/gazebo_grasp_plugin/share/gazebo_grasp_plugin/cmake/gazebo_grasp_pluginConfig-version.cmake
[25.988s] -- Installing: /home/user/ros2_ws/install/gazebo_grasp_plugin/share/gazebo_grasp_plugin/package.xml
[25.992s] Invoked command in '/home/user/ros2_ws/build/gazebo_grasp_plugin' returned '0': CMAKE_PREFIX_PATH=/home/user/ros2_ws/install/gazebo_version_helpers:/home/user/ros2_ws/install/gazebo_grasp_plugin_ros:/home/user/ros2_ws/install/gazebo_grasp_plugin:/home/user/ros2_ws/install/ur3e_moveit_config:/home/user/ros2_ws/install/test_moveit_config:/home/user/ros2_ws/install/test2_moveit_config:/home/user/ros2_ws/install/my_moveit_config:/home/user/ros2_ws/install/my_moveit2_config:/home/user/ros2_ws/install/simple_grasping:/home/user/ros2_ws/install/ros_testing:/home/user/ros2_ws/install/robotnik_sensors_gazebo:/home/user/ros2_ws/install/robotnik_sensors:/home/user/ros2_ws/install/pilz_industrial_motion_planner_testutils:/home/user/ros2_ws/install/moveit_runtime:/home/user/ros2_ws/install/moveit:/home/user/ros2_ws/install/moveit_planners:/home/user/ros2_ws/install/pilz_industrial_motion_planner:/home/user/ros2_ws/install/moveit_ros_control_interface:/home/user/ros2_ws/install/moveit_plugins:/home/user/ros2_ws/install/moveit_simple_controller_manager:/home/user/ros2_ws/install/moveit_setup_assistant:/home/user/ros2_ws/install/moveit_setup_srdf_plugins:/home/user/ros2_ws/install/moveit_setup_core_plugins:/home/user/ros2_ws/install/moveit_setup_controllers:/home/user/ros2_ws/install/moveit_setup_app_plugins:/home/user/ros2_ws/install/moveit_setup_framework:/home/user/ros2_ws/install/moveit_servo:/home/user/ros2_ws/install/moveit_ros:/home/user/ros2_ws/install/moveit_ros_visualization:/home/user/ros2_ws/install/moveit_hybrid_planning:/home/user/ros2_ws/install/moveit2_scripts:/home/user/ros2_ws/install/moveit_ros_planning_interface:/home/user/ros2_ws/install/moveit_ros_benchmarks:/home/user/ros2_ws/install/moveit_ros_warehouse:/home/user/ros2_ws/install/moveit_ros_robot_interaction:/home/user/ros2_ws/install/moveit_ros_perception:/home/user/ros2_ws/install/moveit_resources_prbt_pg70_support:/home/user/ros2_ws/install/moveit_resources_prbt_moveit_config:/home/user/ros2_ws/install/moveit_ros_move_group:/home/user/ros2_ws/install/moveit_planners_ompl:/home/user/ros2_ws/install/moveit_ros_planning:/home/user/ros2_ws/install/moveit_ros_occupancy_map_monitor:/home/user/ros2_ws/install/moveit_resources_prbt_support:/home/user/ros2_ws/install/moveit_resources_prbt_ikfast_manipulator_plugin:/home/user/ros2_ws/install/moveit_planners_chomp:/home/user/ros2_ws/install/moveit_kinematics:/home/user/ros2_ws/install/moveit_chomp_optimizer_adapter:/home/user/ros2_ws/install/chomp_motion_planner:/home/user/ros2_ws/install/moveit_core:/home/user/ros2_ws/install/moveit_common:/home/simulations/ros2_sims_ws/install/common_interfaces:/home/simulations/ros2_sims_ws/install/visualization_msgs:/home/simulations/ros2_sims_ws/install/test_msgs:/home/simulations/ros2_sims_ws/install/example_interfaces:/home/simulations/ros2_sims_ws/install/action_msgs:/home/simulations/ros2_sims_ws/install/unique_identifier_msgs:/home/simulations/ros2_sims_ws/install/trajectory_msgs:/home/simulations/ros2_sims_ws/install/test_interface_files:/home/simulations/ros2_sims_ws/install/stereo_msgs:/home/simulations/ros2_sims_ws/install/std_srvs:/home/simulations/ros2_sims_ws/install/shape_msgs:/home/simulations/ros2_sims_ws/install/sensor_msgs:/home/simulations/ros2_sims_ws/install/nav_msgs:/home/simulations/ros2_sims_ws/install/diagnostic_msgs:/home/simulations/ros2_sims_ws/install/geometry_msgs:/home/simulations/ros2_sims_ws/install/actionlib_msgs:/home/simulations/ros2_sims_ws/install/std_msgs:/home/simulations/ros2_sims_ws/install/statistics_msgs:/home/simulations/ros2_sims_ws/install/rosgraph_msgs:/home/simulations/ros2_sims_ws/install/rclrs_example_msgs:/home/simulations/ros2_sims_ws/install/composition_interfaces:/home/simulations/ros2_sims_ws/install/rcl_interfaces:/home/simulations/ros2_sims_ws/install/lifecycle_msgs:/home/simulations/ros2_sims_ws/install/builtin_interfaces:/home/simulations/ros2_sims_ws/install/rosidl_default_runtime:/home/simulations/ros2_sims_ws/install/rosidl_default_generators:/home/simulations/ros2_sims_ws/install/rosidl_generator_rs:/home/user/ros2_ws/install/ur_simulation_gazebo:/home/user/ros2_ws/install/ur_description:/home/user/ros2_ws/install/the_construct_office_gazebo:/home/user/ros2_ws/install/robotiq_85_gripper:/home/user/ros2_ws/install/robotiq_85_msgs:/home/user/ros2_ws/install/robotiq_85_description:/home/user/ros2_ws/install/rg2_gripper_description:/home/user/ros2_ws/install/gazebo_ros2_control_demos:/home/user/ros2_ws/install/gazebo_ros2_control:/home/user/ros2_ws/install/ros2test:/home/user/ros2_ws/install/moveit_configs_utils:/home/simulations/ros2_sims_ws/install/rclrs_tests:/home/simulations/ros2_sims_ws/install/examples_rclrs_minimal_client_service:/home/simulations/ros2_sims_ws/install/sensor_msgs_py:/home/simulations/ros2_sims_ws/install/examples_rclrs_minimal_pub_sub:/home/simulations/ros2_sims_ws/install/examples_rclrs_message_demo:/home/simulations/ros2_sims_ws/install/rclrs:/home/simulations/ros2_sims_ws/install/rosidl_runtime_rs:/home/user/ros2_ws/install/robotiq_85_driver:/opt/ros/humble LD_LIBRARY_PATH=/home/user/ros2_ws/install/gazebo_version_helpers/lib:/home/user/ros2_ws/install/gazebo_grasp_plugin/lib:/home/user/ros2_ws/install/simple_grasping/lib:/home/user/ros2_ws/install/pilz_industrial_motion_planner_testutils/lib:/home/user/ros2_ws/install/pilz_industrial_motion_planner/lib:/home/user/ros2_ws/install/moveit_ros_control_interface/lib:/home/user/ros2_ws/install/moveit_simple_controller_manager/lib:/home/user/ros2_ws/install/moveit_setup_assistant/lib:/home/user/ros2_ws/install/moveit_setup_srdf_plugins/lib:/home/user/ros2_ws/install/moveit_setup_core_plugins/lib:/home/user/ros2_ws/install/moveit_setup_controllers/lib:/home/user/ros2_ws/install/moveit_setup_app_plugins/lib:/home/user/ros2_ws/install/moveit_setup_framework/lib:/home/user/ros2_ws/install/moveit_servo/lib:/home/user/ros2_ws/install/moveit_ros_visualization/lib:/home/user/ros2_ws/install/moveit_hybrid_planning/lib:/home/user/ros2_ws/install/moveit_ros_planning_interface/lib:/home/user/ros2_ws/install/moveit_ros_benchmarks/lib:/home/user/ros2_ws/install/moveit_ros_warehouse/lib:/home/user/ros2_ws/install/moveit_ros_robot_interaction/lib:/home/user/ros2_ws/install/moveit_ros_perception/lib:/home/user/ros2_ws/install/moveit_ros_move_group/lib:/home/user/ros2_ws/install/moveit_planners_ompl/lib:/home/user/ros2_ws/install/moveit_ros_planning/lib:/home/user/ros2_ws/install/moveit_ros_occupancy_map_monitor/lib:/home/user/ros2_ws/install/moveit_resources_prbt_ikfast_manipulator_plugin/lib:/home/user/ros2_ws/install/moveit_planners_chomp/lib:/home/user/ros2_ws/install/moveit_kinematics/lib:/home/user/ros2_ws/install/moveit_chomp_optimizer_adapter/lib:/home/user/ros2_ws/install/chomp_motion_planner/lib:/home/user/ros2_ws/install/moveit_core/lib:/usr/local/cuda-10.2/lib64:/home/user/.catkin_ws_python3/src/TensorRT-7.0.0.11/lib:/home/simulations/ros2_sims_ws/install/visualization_msgs/lib:/home/simulations/ros2_sims_ws/install/test_msgs/lib:/home/simulations/ros2_sims_ws/install/example_interfaces/lib:/home/simulations/ros2_sims_ws/install/action_msgs/lib:/home/simulations/ros2_sims_ws/install/unique_identifier_msgs/lib:/home/simulations/ros2_sims_ws/install/trajectory_msgs/lib:/home/simulations/ros2_sims_ws/install/stereo_msgs/lib:/home/simulations/ros2_sims_ws/install/std_srvs/lib:/home/simulations/ros2_sims_ws/install/shape_msgs/lib:/home/simulations/ros2_sims_ws/install/sensor_msgs/lib:/home/simulations/ros2_sims_ws/install/nav_msgs/lib:/home/simulations/ros2_sims_ws/install/diagnostic_msgs/lib:/home/simulations/ros2_sims_ws/install/geometry_msgs/lib:/home/simulations/ros2_sims_ws/install/actionlib_msgs/lib:/home/simulations/ros2_sims_ws/install/std_msgs/lib:/home/simulations/ros2_sims_ws/install/statistics_msgs/lib:/home/simulations/ros2_sims_ws/install/rosgraph_msgs/lib:/home/simulations/ros2_sims_ws/install/rclrs_example_msgs/lib:/home/simulations/ros2_sims_ws/install/composition_interfaces/lib:/home/simulations/ros2_sims_ws/install/rcl_interfaces/lib:/home/simulations/ros2_sims_ws/install/lifecycle_msgs/lib:/home/simulations/ros2_sims_ws/install/builtin_interfaces/lib:/home/user/ros2_ws/install/robotiq_85_msgs/lib:/home/user/ros2_ws/install/gazebo_ros2_control/lib:/opt/ros/humble/opt/rviz_ogre_vendor/lib:/opt/ros/humble/lib/x86_64-linux-gnu:/opt/ros/humble/lib:/usr/local/cuda-10.2/lib64:/home/user/.catkin_ws_python3/src/TensorRT-7.0.0.11/lib:/usr/lib/x86_64-linux-gnu/gazebo-11/plugins:/usr/lib/x86_64-linux-gnu/gazebo-11/plugins:/usr/lib/x86_64-linux-gnu/gazebo-11/plugins _=/usr/bin/env /usr/bin/cmake --install /home/user/ros2_ws/build/gazebo_grasp_plugin
