[0.308s] Invoking command in '/home/yujian/blob_ws/src/blob_detector': PYTHONPATH=/home/yujian/blob_ws/build/blob_detector/prefix_override:/usr/lib/python3/dist-packages/colcon_core/task/python/colcon_distutils_commands:/home/yujian/blob_ws/install/blob_detector/lib/python3.10/site-packages:${PYTHONPATH} /usr/bin/python3 -W ignore:setup.py install is deprecated -W ignore:easy_install command is deprecated setup.py egg_info --egg-base ../../build/blob_detector build --build-base /home/yujian/blob_ws/build/blob_detector/build install --record /home/yujian/blob_ws/build/blob_detector/install.log --single-version-externally-managed install_data
[0.418s] running egg_info
[0.419s] writing ../../build/blob_detector/blob_detector.egg-info/PKG-INFO
[0.419s] writing dependency_links to ../../build/blob_detector/blob_detector.egg-info/dependency_links.txt
[0.419s] writing entry points to ../../build/blob_detector/blob_detector.egg-info/entry_points.txt
[0.419s] writing requirements to ../../build/blob_detector/blob_detector.egg-info/requires.txt
[0.419s] writing top-level names to ../../build/blob_detector/blob_detector.egg-info/top_level.txt
[0.420s] reading manifest file '../../build/blob_detector/blob_detector.egg-info/SOURCES.txt'
[0.420s] writing manifest file '../../build/blob_detector/blob_detector.egg-info/SOURCES.txt'
[0.420s] running build
[0.420s] running build_py
[0.420s] copying blob_detector/blob_detector_node.py -> /home/yujian/blob_ws/build/blob_detector/build/lib/blob_detector
[0.420s] running install
[0.420s] running install_lib
[0.421s] copying /home/yujian/blob_ws/build/blob_detector/build/lib/blob_detector/blob_detector_node.py -> /home/yujian/blob_ws/install/blob_detector/lib/python3.10/site-packages/blob_detector
[0.421s] byte-compiling /home/yujian/blob_ws/install/blob_detector/lib/python3.10/site-packages/blob_detector/blob_detector_node.py to blob_detector_node.cpython-310.pyc
[0.421s] running install_data
[0.421s] running install_egg_info
[0.422s] removing '/home/yujian/blob_ws/install/blob_detector/lib/python3.10/site-packages/blob_detector-0.0.1-py3.10.egg-info' (and everything under it)
[0.422s] Copying ../../build/blob_detector/blob_detector.egg-info to /home/yujian/blob_ws/install/blob_detector/lib/python3.10/site-packages/blob_detector-0.0.1-py3.10.egg-info
[0.422s] running install_scripts
[0.432s] Installing blob_detector_node script to /home/yujian/blob_ws/install/blob_detector/lib/blob_detector
[0.432s] writing list of installed files to '/home/yujian/blob_ws/build/blob_detector/install.log'
[0.442s] Invoked command in '/home/yujian/blob_ws/src/blob_detector' returned '0': PYTHONPATH=/home/yujian/blob_ws/build/blob_detector/prefix_override:/usr/lib/python3/dist-packages/colcon_core/task/python/colcon_distutils_commands:/home/yujian/blob_ws/install/blob_detector/lib/python3.10/site-packages:${PYTHONPATH} /usr/bin/python3 -W ignore:setup.py install is deprecated -W ignore:easy_install command is deprecated setup.py egg_info --egg-base ../../build/blob_detector build --build-base /home/yujian/blob_ws/build/blob_detector/build install --record /home/yujian/blob_ws/build/blob_detector/install.log --single-version-externally-managed install_data
