[0.107s] Invoking command in '/home/user/ros2_ws/build/rg2_gripper_description': CMAKE_PREFIX_PATH=${CMAKE_PREFIX_PATH}:/home/simulations/ros2_sims_ws/install/rclrs_tests:/home/simulations/ros2_sims_ws/install/examples_rclrs_minimal_client_service:/home/simulations/ros2_sims_ws/install/sensor_msgs_py:/home/simulations/ros2_sims_ws/install/examples_rclrs_minimal_pub_sub:/home/simulations/ros2_sims_ws/install/examples_rclrs_message_demo:/home/simulations/ros2_sims_ws/install/rclrs:/home/simulations/ros2_sims_ws/install/rosidl_runtime_rs:/home/user/ros2_ws/install/ros2test:/home/user/ros2_ws/install/robotiq_85_driver:/home/user/ros2_ws/install/moveit_configs_utils:/opt/ros/humble _=/usr/bin/env /usr/bin/cmake --build /home/user/ros2_ws/build/rg2_gripper_description -- -j8 -l8
[0.269s] Invoked command in '/home/user/ros2_ws/build/rg2_gripper_description' returned '0': CMAKE_PREFIX_PATH=${CMAKE_PREFIX_PATH}:/home/simulations/ros2_sims_ws/install/rclrs_tests:/home/simulations/ros2_sims_ws/install/examples_rclrs_minimal_client_service:/home/simulations/ros2_sims_ws/install/sensor_msgs_py:/home/simulations/ros2_sims_ws/install/examples_rclrs_minimal_pub_sub:/home/simulations/ros2_sims_ws/install/examples_rclrs_message_demo:/home/simulations/ros2_sims_ws/install/rclrs:/home/simulations/ros2_sims_ws/install/rosidl_runtime_rs:/home/user/ros2_ws/install/ros2test:/home/user/ros2_ws/install/robotiq_85_driver:/home/user/ros2_ws/install/moveit_configs_utils:/opt/ros/humble _=/usr/bin/env /usr/bin/cmake --build /home/user/ros2_ws/build/rg2_gripper_description -- -j8 -l8
[0.607s] Invoking command in '/home/user/ros2_ws/build/rg2_gripper_description': CMAKE_PREFIX_PATH=${CMAKE_PREFIX_PATH}:/home/simulations/ros2_sims_ws/install/rclrs_tests:/home/simulations/ros2_sims_ws/install/examples_rclrs_minimal_client_service:/home/simulations/ros2_sims_ws/install/sensor_msgs_py:/home/simulations/ros2_sims_ws/install/examples_rclrs_minimal_pub_sub:/home/simulations/ros2_sims_ws/install/examples_rclrs_message_demo:/home/simulations/ros2_sims_ws/install/rclrs:/home/simulations/ros2_sims_ws/install/rosidl_runtime_rs:/home/user/ros2_ws/install/ros2test:/home/user/ros2_ws/install/robotiq_85_driver:/home/user/ros2_ws/install/moveit_configs_utils:/opt/ros/humble _=/usr/bin/env /usr/bin/cmake --install /home/user/ros2_ws/build/rg2_gripper_description
[0.639s] -- Install configuration: ""
[0.639s] -- Up-to-date: /home/user/ros2_ws/install/rg2_gripper_description/share/rg2_gripper_description/meshes
[0.640s] -- Up-to-date: /home/user/ros2_ws/install/rg2_gripper_description/share/rg2_gripper_description/meshes/rg2_base.stl
[0.640s] -- Up-to-date: /home/user/ros2_ws/install/rg2_gripper_description/share/rg2_gripper_description/meshes/rg2_left_finger.stl
[0.641s] -- Up-to-date: /home/user/ros2_ws/install/rg2_gripper_description/share/rg2_gripper_description/meshes/rg2_left_thumb.stl
[0.641s] -- Up-to-date: /home/user/ros2_ws/install/rg2_gripper_description/share/rg2_gripper_description/urdf
[0.642s] -- Up-to-date: /home/user/ros2_ws/install/rg2_gripper_description/share/rg2_gripper_description/urdf/rg2_gripper.urdf.xacro
[0.642s] -- Up-to-date: /home/user/ros2_ws/install/rg2_gripper_description/share/rg2_gripper_description/urdf/rg2_gripper_gz.ros2_control.xacro
[0.643s] -- Up-to-date: /home/user/ros2_ws/install/rg2_gripper_description/share/ament_index/resource_index/package_run_dependencies/rg2_gripper_description
[0.643s] -- Up-to-date: /home/user/ros2_ws/install/rg2_gripper_description/share/ament_index/resource_index/parent_prefix_path/rg2_gripper_description
[0.644s] -- Up-to-date: /home/user/ros2_ws/install/rg2_gripper_description/share/rg2_gripper_description/environment/ament_prefix_path.sh
[0.644s] -- Up-to-date: /home/user/ros2_ws/install/rg2_gripper_description/share/rg2_gripper_description/environment/ament_prefix_path.dsv
[0.645s] -- Up-to-date: /home/user/ros2_ws/install/rg2_gripper_description/share/rg2_gripper_description/environment/path.sh
[0.645s] -- Up-to-date: /home/user/ros2_ws/install/rg2_gripper_description/share/rg2_gripper_description/environment/path.dsv
[0.646s] -- Up-to-date: /home/user/ros2_ws/install/rg2_gripper_description/share/rg2_gripper_description/local_setup.bash
[0.646s] -- Up-to-date: /home/user/ros2_ws/install/rg2_gripper_description/share/rg2_gripper_description/local_setup.sh
[0.646s] -- Up-to-date: /home/user/ros2_ws/install/rg2_gripper_description/share/rg2_gripper_description/local_setup.zsh
[0.647s] -- Up-to-date: /home/user/ros2_ws/install/rg2_gripper_description/share/rg2_gripper_description/local_setup.dsv
[0.648s] -- Installing: /home/user/ros2_ws/install/rg2_gripper_description/share/rg2_gripper_description/package.dsv
[0.648s] -- Up-to-date: /home/user/ros2_ws/install/rg2_gripper_description/share/ament_index/resource_index/packages/rg2_gripper_description
[0.649s] -- Up-to-date: /home/user/ros2_ws/install/rg2_gripper_description/share/rg2_gripper_description/cmake/rg2_gripper_descriptionConfig.cmake
[0.649s] -- Up-to-date: /home/user/ros2_ws/install/rg2_gripper_description/share/rg2_gripper_description/cmake/rg2_gripper_descriptionConfig-version.cmake
[0.650s] -- Up-to-date: /home/user/ros2_ws/install/rg2_gripper_description/share/rg2_gripper_description/package.xml
[0.661s] Invoked command in '/home/user/ros2_ws/build/rg2_gripper_description' returned '0': CMAKE_PREFIX_PATH=${CMAKE_PREFIX_PATH}:/home/simulations/ros2_sims_ws/install/rclrs_tests:/home/simulations/ros2_sims_ws/install/examples_rclrs_minimal_client_service:/home/simulations/ros2_sims_ws/install/sensor_msgs_py:/home/simulations/ros2_sims_ws/install/examples_rclrs_minimal_pub_sub:/home/simulations/ros2_sims_ws/install/examples_rclrs_message_demo:/home/simulations/ros2_sims_ws/install/rclrs:/home/simulations/ros2_sims_ws/install/rosidl_runtime_rs:/home/user/ros2_ws/install/ros2test:/home/user/ros2_ws/install/robotiq_85_driver:/home/user/ros2_ws/install/moveit_configs_utils:/opt/ros/humble _=/usr/bin/env /usr/bin/cmake --install /home/user/ros2_ws/build/rg2_gripper_description
