[35m[1mConsolidate compiler generated dependencies of target first_stage_endeffector[0m
[ 50%] [32mBuilding CXX object CMakeFiles/first_stage_endeffector.dir/src/first_stage_endeffector.cpp.o[0m
[01m[K/home/steven/ros2_ws/src/first_stage/src/first_stage_endeffector/src/first_stage_endeffector.cpp:[m[K In constructor ‘[01m[KRobotController::RobotController()[m[K’:
[01m[K/home/steven/ros2_ws/src/first_stage/src/first_stage_endeffector/src/first_stage_endeffector.cpp:22:5:[m[K [01;31m[Kerror: [m[K‘[01m[Kcoordinates_subscription[m[K’ was not declared in this scope; did you mean ‘[01m[Kcreate_subscription[m[K’?
   22 |     [01;31m[Kcoordinates_subscription[m[K = this->create_subscription<geometry_msgs::msg::Point>(
      |     [01;31m[K^~~~~~~~~~~~~~~~~~~~~~~~[m[K
      |     [32m[Kcreate_subscription[m[K
[01m[K/home/steven/ros2_ws/src/first_stage/src/first_stage_endeffector/src/first_stage_endeffector.cpp:26:5:[m[K [01;31m[Kerror: [m[K‘[01m[Korientation_subscription[m[K’ was not declared in this scope; did you mean ‘[01m[Kcreate_subscription[m[K’?
   26 |     [01;31m[Korientation_subscription[m[K = this->create_subscription<geometry_msgs::msg::Quaternion>(
      |     [01;31m[K^~~~~~~~~~~~~~~~~~~~~~~~[m[K
      |     [32m[Kcreate_subscription[m[K
[01m[K/home/steven/ros2_ws/src/first_stage/src/first_stage_endeffector/src/first_stage_endeffector.cpp:30:5:[m[K [01;31m[Kerror: [m[K‘[01m[Korientation_type_subscription[m[K’ was not declared in this scope
   30 |     [01;31m[Korientation_type_subscription[m[K = this->create_subscription<std_msgs::msg::Int8>(
      |     [01;31m[K^~~~~~~~~~~~~~~~~~~~~~~~~~~~~[m[K
[01m[K/home/steven/ros2_ws/src/first_stage/src/first_stage_endeffector/src/first_stage_endeffector.cpp:34:5:[m[K [01;31m[Kerror: [m[K‘[01m[Kgripper_publisher[m[K’ was not declared in this scope; did you mean ‘[01m[Kcreate_publisher[m[K’?
   34 |     [01;31m[Kgripper_publisher[m[K = this->create_publisher<std_msgs::msg::Int32MultiArray>("custom_gripper", 10);
      |     [01;31m[K^~~~~~~~~~~~~~~~~[m[K
      |     [32m[Kcreate_publisher[m[K
[01m[K/home/steven/ros2_ws/src/first_stage/src/first_stage_endeffector/src/first_stage_endeffector.cpp:36:5:[m[K [01;31m[Kerror: [m[K‘[01m[Kadaptive_grasp_client_[m[K’ was not declared in this scope
   36 |     [01;31m[Kadaptive_grasp_client_[m[K = this->create_client<std_srvs::srv::Trigger>("adaptive_grasp");
      |     [01;31m[K^~~~~~~~~~~~~~~~~~~~~~[m[K
[01m[K/home/steven/ros2_ws/src/first_stage/src/first_stage_endeffector/src/first_stage_endeffector.cpp:[m[K In member function ‘[01m[Kvoid RobotController::coordinatesCallback(geometry_msgs::msg::Point_<std::allocator<void> >::SharedPtr)[m[K’:
[01m[K/home/steven/ros2_ws/src/first_stage/src/first_stage_endeffector/src/first_stage_endeffector.cpp:85:5:[m[K [01;31m[Kerror: [m[K‘[01m[Ktarget_pose[m[K’ was not declared in this scope
   85 |     [01;31m[Ktarget_pose[m[K.position.x = msg->x;
      |     [01;31m[K^~~~~~~~~~~[m[K
[01m[K/home/steven/ros2_ws/src/first_stage/src/first_stage_endeffector/src/first_stage_endeffector.cpp:89:9:[m[K [01;31m[Kerror: [m[K‘[01m[Korientation_received[m[K’ was not declared in this scope
   89 |     if ([01;31m[Korientation_received[m[K) {
      |         [01;31m[K^~~~~~~~~~~~~~~~~~~~[m[K
[01m[K/home/steven/ros2_ws/src/first_stage/src/first_stage_endeffector/src/first_stage_endeffector.cpp:[m[K In member function ‘[01m[Kvoid RobotController::orientationCallback(geometry_msgs::msg::Quaternion_<std::allocator<void> >::SharedPtr)[m[K’:
[01m[K/home/steven/ros2_ws/src/first_stage/src/first_stage_endeffector/src/first_stage_endeffector.cpp:96:5:[m[K [01;31m[Kerror: [m[K‘[01m[Ktarget_pose[m[K’ was not declared in this scope
   96 |     [01;31m[Ktarget_pose[m[K.orientation = *msg;
      |     [01;31m[K^~~~~~~~~~~[m[K
[01m[K/home/steven/ros2_ws/src/first_stage/src/first_stage_endeffector/src/first_stage_endeffector.cpp:97:5:[m[K [01;31m[Kerror: [m[K‘[01m[Korientation_received[m[K’ was not declared in this scope
   97 |     [01;31m[Korientation_received[m[K = true;
      |     [01;31m[K^~~~~~~~~~~~~~~~~~~~[m[K
[01m[K/home/steven/ros2_ws/src/first_stage/src/first_stage_endeffector/src/first_stage_endeffector.cpp:[m[K In member function ‘[01m[Kvoid RobotController::orientationTypeCallback(std_msgs::msg::Int8_<std::allocator<void> >::SharedPtr)[m[K’:
[01m[K/home/steven/ros2_ws/src/first_stage/src/first_stage_endeffector/src/first_stage_endeffector.cpp:106:5:[m[K [01;31m[Kerror: [m[K‘[01m[Korientation_type[m[K’ was not declared in this scope
  106 |     [01;31m[Korientation_type[m[K = msg->data;
      |     [01;31m[K^~~~~~~~~~~~~~~~[m[K
[01m[K/home/steven/ros2_ws/src/first_stage/src/first_stage_endeffector/src/first_stage_endeffector.cpp:107:5:[m[K [01;31m[Kerror: [m[K‘[01m[Korientation_type_received[m[K’ was not declared in this scope
  107 |     [01;31m[Korientation_type_received[m[K = true;
      |     [01;31m[K^~~~~~~~~~~~~~~~~~~~~~~~~[m[K
In file included from [01m[K/opt/ros/humble/include/rclcpp/rclcpp/logging.hpp:24[m[K,
                 from [01m[K/opt/ros/humble/include/rclcpp/rclcpp/client.hpp:40[m[K,
                 from [01m[K/opt/ros/humble/include/rclcpp/rclcpp/callback_group.hpp:24[m[K,
                 from [01m[K/opt/ros/humble/include/rclcpp/rclcpp/any_executable.hpp:20[m[K,
                 from [01m[K/opt/ros/humble/include/rclcpp/rclcpp/memory_strategy.hpp:25[m[K,
                 from [01m[K/opt/ros/humble/include/rclcpp/rclcpp/memory_strategies.hpp:18[m[K,
                 from [01m[K/opt/ros/humble/include/rclcpp/rclcpp/executor_options.hpp:20[m[K,
                 from [01m[K/opt/ros/humble/include/rclcpp/rclcpp/executor.hpp:37[m[K,
                 from [01m[K/opt/ros/humble/include/rclcpp/rclcpp/executors/multi_threaded_executor.hpp:25[m[K,
                 from [01m[K/opt/ros/humble/include/rclcpp/rclcpp/executors.hpp:21[m[K,
                 from [01m[K/opt/ros/humble/include/rclcpp/rclcpp/rclcpp.hpp:155[m[K,
                 from [01m[K/home/steven/ros2_ws/src/first_stage/src/first_stage_endeffector/src/first_stage_endeffector.cpp:1[m[K:
[01m[K/home/steven/ros2_ws/src/first_stage/src/first_stage_endeffector/src/first_stage_endeffector.cpp:[m[K In member function ‘[01m[Kvoid RobotController::planAndExecute()[m[K’:
[01m[K/home/steven/ros2_ws/src/first_stage/src/first_stage_endeffector/src/first_stage_endeffector.cpp:119:17:[m[K [01;31m[Kerror: [m[K‘[01m[Ktarget_pose[m[K’ was not declared in this scope
  119 |                 [01;31m[Ktarget_pose[m[K.position.x, target_pose.position.y, target_pose.position.z,
      |                 [01;31m[K^~~~~~~~~~~[m[K
[01m[K/home/steven/ros2_ws/src/first_stage/src/first_stage_endeffector/src/first_stage_endeffector.cpp:122:35:[m[K [01;31m[Kerror: [m[K‘[01m[Ktarget_pose[m[K’ was not declared in this scope
  122 |     move_group_arm->setPoseTarget([01;31m[Ktarget_pose[m[K);
      |                                   [01;31m[K^~~~~~~~~~~[m[K
[01m[K/home/steven/ros2_ws/src/first_stage/src/first_stage_endeffector/src/first_stage_endeffector.cpp:[m[K In member function ‘[01m[Kvoid RobotController::performGraspSequence()[m[K’:
[01m[K/home/steven/ros2_ws/src/first_stage/src/first_stage_endeffector/src/first_stage_endeffector.cpp:154:46:[m[K [01;31m[Kerror: [m[K‘[01m[Ktarget_pose[m[K’ was not declared in this scope
  154 |     geometry_msgs::msg::Pose approach_pose = [01;31m[Ktarget_pose[m[K;
      |                                              [01;31m[K^~~~~~~~~~~[m[K
[01m[K/home/steven/ros2_ws/src/first_stage/src/first_stage_endeffector/src/first_stage_endeffector.cpp:161:26:[m[K [01;31m[Kerror: [m[K‘[01m[Kadaptive_grasp_client_[m[K’ was not declared in this scope
  161 |     auto result_future = [01;31m[Kadaptive_grasp_client_[m[K->async_send_request(request);
      |                          [01;31m[K^~~~~~~~~~~~~~~~~~~~~~[m[K
[01m[K/home/steven/ros2_ws/src/first_stage/src/first_stage_endeffector/src/first_stage_endeffector.cpp:[m[K In member function ‘[01m[Kvoid RobotController::moveToFinalPosition()[m[K’:
[01m[K/home/steven/ros2_ws/src/first_stage/src/first_stage_endeffector/src/first_stage_endeffector.cpp:211:13:[m[K [01;31m[Kerror: [m[K‘[01m[Korientation_type[m[K’ was not declared in this scope
  211 |     switch ([01;31m[Korientation_type[m[K) {
      |             [01;31m[K^~~~~~~~~~~~~~~~[m[K
[01m[K/home/steven/ros2_ws/src/first_stage/src/first_stage_endeffector/src/first_stage_endeffector.cpp:[m[K In member function ‘[01m[Kvoid RobotController::publishGripperCommand(int, int)[m[K’:
[01m[K/home/steven/ros2_ws/src/first_stage/src/first_stage_endeffector/src/first_stage_endeffector.cpp:253:5:[m[K [01;31m[Kerror: [m[K‘[01m[Kgripper_publisher[m[K’ was not declared in this scope; did you mean ‘[01m[Kcreate_publisher[m[K’?
  253 |     [01;31m[Kgripper_publisher[m[K->publish(gripper_command);
      |     [01;31m[K^~~~~~~~~~~~~~~~~[m[K
      |     [32m[Kcreate_publisher[m[K
gmake[2]: *** [CMakeFiles/first_stage_endeffector.dir/build.make:76：CMakeFiles/first_stage_endeffector.dir/src/first_stage_endeffector.cpp.o] 錯誤 1
gmake[1]: *** [CMakeFiles/Makefile2:137：CMakeFiles/first_stage_endeffector.dir/all] 錯誤 2
gmake: *** [Makefile:146：all] 錯誤 2
