[0.140s] Invoking command in '/home/user/ros2_ws/build/simple_grasping': CMAKE_PREFIX_PATH=/home/user/ros2_ws/install/pcl_ros:/home/user/ros2_ws/install/tf2_geometry_msgs:/home/user/ros2_ws/install/tf2_ros:/home/user/ros2_ws/install/tf2_py:/home/user/ros2_ws/install/tf2_msgs:/home/user/ros2_ws/install/tf2:/home/user/ros2_ws/install/pcl_conversions:/home/user/ros2_ws/install/grasping_msgs:/home/simulations/ros2_sims_ws/install/ros1_bridge:/home/user/ros2_ws/install/ur_e_description:/home/user/ros2_ws/install/ur3e_moveit2_config:/home/user/ros2_ws/install/geometry2:/home/user/ros2_ws/install/tf2_tools:/home/user/ros2_ws/install/tf2_sensor_msgs:/home/user/ros2_ws/install/test_tf2:/home/user/ros2_ws/install/tf2_kdl:/home/user/ros2_ws/install/simple_grasping:/home/user/ros2_ws/install/perception_pcl:/home/user/ros2_ws/install/tf2_eigen:/home/user/ros2_ws/install/tf2_bullet:/home/user/ros2_ws/install/tf2_eigen_kdl:/home/user/ros2_ws/install/start_bridge:/home/user/ros2_ws/install/ros2_control_demos:/home/user/ros2_ws/install/ros2_control_demo_bringup:/home/user/ros2_ws/install/rrbot_description:/home/user/ros2_ws/install/ros2_control_demo_hardware:/home/user/ros2_ws/install/project_part2:/home/user/ros2_ws/install/project_custom_interfaces:/home/user/ros2_ws/install/my_rb1_description:/home/user/ros2_ws/install/my_moveit2_config:/home/user/ros2_ws/install/moveit2_scripts:/home/user/ros2_ws/install/diffbot_description:/home/user/ros2_ws/install/examples_tf2_py:/home/user/ros2_ws/install/ros2_control_test_nodes:/home/user/ros2_ws/install/project_topics_pkg:/home/user/ros2_ws/install/project_services_and_actions:/home/user/ros2_ws/install/path_planner_server:/home/user/ros2_ws/install/localization_server:/home/user/ros2_ws/install/map_server:/home/user/ros2_ws/install/cartographer_slam:/opt/ros/foxy LD_LIBRARY_PATH=/home/user/ros2_ws/install/pcl_ros/lib:/home/user/ros2_ws/install/tf2_ros/lib:/home/user/ros2_ws/install/tf2_msgs/lib:/home/user/ros2_ws/install/tf2/lib:/home/user/ros2_ws/install/grasping_msgs/lib:/usr/local/cuda-10.2/lib64:/home/user/.catkin_ws_python3/src/TensorRT-7.0.0.11/lib:/home/simulations/ros2_sims_ws/install/ros1_bridge/lib:/home/user/ros2_ws/install/simple_grasping/lib:/home/user/ros2_ws/install/tf2_bullet/lib:/home/user/ros2_ws/install/tf2_eigen_kdl/lib:/home/user/ros2_ws/install/ros2_control_demo_hardware/lib:/home/user/ros2_ws/install/project_part2/lib:/home/user/ros2_ws/install/project_custom_interfaces/lib:/opt/ros/foxy/opt/yaml_cpp_vendor/lib:/opt/ros/foxy/opt/rviz_ogre_vendor/lib:/opt/ros/foxy/lib/x86_64-linux-gnu:/opt/ros/foxy/lib:/usr/local/cuda-10.2/lib64:/home/user/.catkin_ws_python3/src/TensorRT-7.0.0.11/lib:/usr/local/nvidia/lib:/usr/local/nvidia/lib64:/usr/lib/x86_64-linux-gnu/gazebo-11/plugins:/usr/lib/x86_64-linux-gnu/gazebo-11/plugins PYTHONPATH=/home/user/ros2_ws/install/tf2_ros/lib/python3.8/site-packages:/home/user/ros2_ws/install/tf2_py/lib/python3.8/site-packages:/home/user/ros2_ws/install/tf2_msgs/lib/python3.8/site-packages:/home/user/ros2_ws/install/grasping_msgs/lib/python3.8/site-packages:/home/simulations/ros2_sims_ws/install/ros1_bridge/lib/python3.8/site-packages:/home/user/ros2_ws/install/tf2_kdl/lib/python3.8/site-packages:/home/user/ros2_ws/install/examples_tf2_py/lib/python3.8/site-packages:/home/user/ros2_ws/install/ros2_control_test_nodes/lib/python3.8/site-packages:/home/user/ros2_ws/install/project_topics_pkg/lib/python3.8/site-packages:/home/user/ros2_ws/install/project_services_and_actions/lib/python3.8/site-packages:/home/user/ros2_ws/install/project_custom_interfaces/lib/python3.8/site-packages:/home/user/ros2_ws/install/path_planner_server/lib/python3.8/site-packages:/home/user/ros2_ws/install/localization_server/lib/python3.8/site-packages:/home/user/ros2_ws/install/map_server/lib/python3.8/site-packages:/home/user/ros2_ws/install/cartographer_slam/lib/python3.8/site-packages:/opt/ros/foxy/lib/python3.8/site-packages _=/usr/bin/env /usr/bin/cmake /home/user/ros2_ws/src/perception_ros2/simple_grasping -DCMAKE_INSTALL_PREFIX=/home/user/ros2_ws/install/simple_grasping
[0.289s] -- The C compiler identification is GNU 9.3.0
[0.414s] -- The CXX compiler identification is GNU 9.3.0
[0.425s] -- Check for working C compiler: /usr/bin/cc
[0.589s] -- Check for working C compiler: /usr/bin/cc -- works
[0.590s] -- Detecting C compiler ABI info
[0.771s] -- Detecting C compiler ABI info - done
[0.805s] -- Detecting C compile features
[0.806s] -- Detecting C compile features - done
[0.810s] -- Check for working CXX compiler: /usr/bin/c++
[1.007s] -- Check for working CXX compiler: /usr/bin/c++ -- works
[1.008s] -- Detecting CXX compiler ABI info
[1.200s] -- Detecting CXX compiler ABI info - done
[1.228s] -- Detecting CXX compile features
[1.229s] -- Detecting CXX compile features - done
[1.264s] -- Checking for module 'eigen3'
[1.349s] --   Found eigen3, version 3.3.7
[1.477s] -- Found Eigen: /usr/include/eigen3 (Required is at least version "3.1") 
[1.477s] -- Eigen found (include: /usr/include/eigen3, version: 3.3.7)
[1.687s] -- Found Boost: /usr/include (found suitable version "1.71.0", minimum required is "1.55.0") found components: system filesystem date_time iostreams regex 
[1.740s] -- Checking for module 'flann'
[1.831s] --   Found flann, version 1.9.1
[1.985s] -- Found FLANN: /usr/lib/x86_64-linux-gnu/libflann_cpp.so  
[2.097s] -- The imported target "vtkParseOGLExt" references the file
[2.097s]    "/usr/bin/vtkParseOGLExt-7.1"
[2.097s] but this file does not exist.  Possible reasons include:
[2.097s] * The file was deleted, renamed, or moved to another location.
[2.098s] * An install or uninstall procedure did not complete successfully.
[2.098s] * The installation package was faulty and contained
[2.098s]    "/usr/lib/cmake/vtk-7.1/VTKTargets.cmake"
[2.098s] but not all the files it references.
[2.099s] 
[2.099s] -- The imported target "vtkRenderingPythonTkWidgets" references the file
[2.099s]    "/usr/lib/x86_64-linux-gnu/libvtkRenderingPythonTkWidgets.so"
[2.099s] but this file does not exist.  Possible reasons include:
[2.100s] * The file was deleted, renamed, or moved to another location.
[2.100s] * An install or uninstall procedure did not complete successfully.
[2.100s] * The installation package was faulty and contained
[2.100s]    "/usr/lib/cmake/vtk-7.1/VTKTargets.cmake"
[2.101s] but not all the files it references.
[2.101s] 
[2.101s] -- The imported target "vtk" references the file
[2.101s]    "/usr/bin/vtk"
[2.101s] but this file does not exist.  Possible reasons include:
[2.101s] * The file was deleted, renamed, or moved to another location.
[2.101s] * An install or uninstall procedure did not complete successfully.
[2.102s] * The installation package was faulty and contained
[2.102s]    "/usr/lib/cmake/vtk-7.1/VTKTargets.cmake"
[2.102s] but not all the files it references.
[2.102s] 
[2.103s] -- The imported target "pvtk" references the file
[2.103s]    "/usr/bin/pvtk"
[2.103s] but this file does not exist.  Possible reasons include:
[2.103s] * The file was deleted, renamed, or moved to another location.
[2.104s] * An install or uninstall procedure did not complete successfully.
[2.104s] * The installation package was faulty and contained
[2.104s]    "/usr/lib/cmake/vtk-7.1/VTKTargets.cmake"
[2.104s] but not all the files it references.
[2.104s] 
[2.162s] -- Checking for module 'libusb-1.0'
[2.214s] --   Found libusb-1.0, version 1.0.23
[2.353s] -- Found USB_10: /usr/lib/x86_64-linux-gnu/libusb-1.0.so  
[2.516s] -- Found OpenNI: /usr/lib/libOpenNI.so  
[2.516s] -- OpenNI found (include: /usr/include/ni, lib: /usr/lib/libOpenNI.so)
[2.707s] -- Found OpenNI2: /usr/lib/libOpenNI2.so  
[2.707s] -- OpenNI2 found (include: /usr/include/openni2, lib: /usr/lib/libOpenNI2.so)
[2.707s] ** WARNING ** io features related to pcap will be disabled
[2.707s] ** WARNING ** io features related to png will be disabled
[2.731s] -- Found libusb-1.0: /usr/include  
[2.731s] ** WARNING ** io features related to libusb-1.0 will be disabled
[2.741s] -- OpenNI found (include: /usr/include/ni, lib: /usr/lib/libOpenNI.so)
[2.752s] -- OpenNI2 found (include: /usr/include/openni2, lib: /usr/lib/libOpenNI2.so)
[2.832s] -- Found Qhull: optimized;/usr/lib/x86_64-linux-gnu/libqhull.so;debug;/usr/lib/x86_64-linux-gnu/libqhull.so  
[2.832s] -- QHULL found (include: /usr/include, lib: optimized;/usr/lib/x86_64-linux-gnu/libqhull.so;debug;/usr/lib/x86_64-linux-gnu/libqhull.so)
[2.848s] -- OpenNI found (include: /usr/include/ni, lib: /usr/lib/libOpenNI.so)
[2.873s] -- looking for PCL_COMMON
[2.875s] -- Found PCL_COMMON: /usr/lib/x86_64-linux-gnu/libpcl_common.so  
[2.876s] -- looking for PCL_KDTREE
[2.877s] -- Found PCL_KDTREE: /usr/lib/x86_64-linux-gnu/libpcl_kdtree.so  
[2.878s] -- looking for PCL_OCTREE
[2.880s] -- Found PCL_OCTREE: /usr/lib/x86_64-linux-gnu/libpcl_octree.so  
[2.880s] -- looking for PCL_SEARCH
[2.882s] -- Found PCL_SEARCH: /usr/lib/x86_64-linux-gnu/libpcl_search.so  
[2.883s] -- looking for PCL_SAMPLE_CONSENSUS
[2.885s] -- Found PCL_SAMPLE_CONSENSUS: /usr/lib/x86_64-linux-gnu/libpcl_sample_consensus.so  
[2.885s] -- looking for PCL_FILTERS
[2.887s] -- Found PCL_FILTERS: /usr/lib/x86_64-linux-gnu/libpcl_filters.so  
[2.888s] -- looking for PCL_2D
[2.888s] -- Found PCL_2D: /usr/include/pcl-1.10  
[2.889s] -- looking for PCL_GEOMETRY
[2.889s] -- Found PCL_GEOMETRY: /usr/include/pcl-1.10  
[2.890s] -- looking for PCL_IO
[2.891s] -- Found PCL_IO: /usr/lib/x86_64-linux-gnu/libpcl_io.so  
[2.892s] -- looking for PCL_FEATURES
[2.894s] -- Found PCL_FEATURES: /usr/lib/x86_64-linux-gnu/libpcl_features.so  
[2.895s] -- looking for PCL_ML
[2.897s] -- Found PCL_ML: /usr/lib/x86_64-linux-gnu/libpcl_ml.so  
[2.897s] -- looking for PCL_SEGMENTATION
[2.899s] -- Found PCL_SEGMENTATION: /usr/lib/x86_64-linux-gnu/libpcl_segmentation.so  
[2.900s] -- looking for PCL_VISUALIZATION
[2.902s] -- Found PCL_VISUALIZATION: /usr/lib/x86_64-linux-gnu/libpcl_visualization.so  
[2.903s] -- looking for PCL_SURFACE
[2.905s] -- Found PCL_SURFACE: /usr/lib/x86_64-linux-gnu/libpcl_surface.so  
[2.906s] -- looking for PCL_REGISTRATION
[2.908s] -- Found PCL_REGISTRATION: /usr/lib/x86_64-linux-gnu/libpcl_registration.so  
[2.909s] -- looking for PCL_KEYPOINTS
[2.911s] -- Found PCL_KEYPOINTS: /usr/lib/x86_64-linux-gnu/libpcl_keypoints.so  
[2.912s] -- looking for PCL_TRACKING
[2.913s] -- Found PCL_TRACKING: /usr/lib/x86_64-linux-gnu/libpcl_tracking.so  
[2.914s] -- looking for PCL_RECOGNITION
[2.916s] -- Found PCL_RECOGNITION: /usr/lib/x86_64-linux-gnu/libpcl_recognition.so  
[2.916s] -- looking for PCL_STEREO
[2.918s] -- Found PCL_STEREO: /usr/lib/x86_64-linux-gnu/libpcl_stereo.so  
[2.919s] -- looking for PCL_APPS
[2.920s] -- Found PCL_APPS: /usr/lib/x86_64-linux-gnu/libpcl_apps.so  
[2.921s] -- looking for PCL_IN_HAND_SCANNER
[2.922s] -- Found PCL_IN_HAND_SCANNER: /usr/include/pcl-1.10  
[2.923s] -- looking for PCL_POINT_CLOUD_EDITOR
[2.923s] -- Found PCL_POINT_CLOUD_EDITOR: /usr/include/pcl-1.10  
[2.924s] -- looking for PCL_OUTOFCORE
[2.925s] -- Found PCL_OUTOFCORE: /usr/lib/x86_64-linux-gnu/libpcl_outofcore.so  
[2.926s] -- looking for PCL_PEOPLE
[2.928s] -- Found PCL_PEOPLE: /usr/lib/x86_64-linux-gnu/libpcl_people.so  
[2.931s] -- Found PCL: pcl_common;pcl_kdtree;pcl_octree;pcl_search;pcl_sample_consensus;pcl_filters;pcl_io;pcl_features;pcl_ml;pcl_segmentation;pcl_visualization;pcl_surface;pcl_registration;pcl_keypoints;pcl_tracking;pcl_recognition;pcl_stereo;pcl_apps;pcl_outofcore;pcl_people;/usr/lib/x86_64-linux-gnu/libboost_system.so;/usr/lib/x86_64-linux-gnu/libboost_filesystem.so;/usr/lib/x86_64-linux-gnu/libboost_date_time.so;/usr/lib/x86_64-linux-gnu/libboost_iostreams.so;/usr/lib/x86_64-linux-gnu/libboost_regex.so;optimized;/usr/lib/x86_64-linux-gnu/libqhull.so;debug;/usr/lib/x86_64-linux-gnu/libqhull.so;/usr/lib/libOpenNI.so;/usr/lib/libOpenNI2.so;vtkChartsCore;vtkCommonColor;vtkCommonCore;vtksys;vtkCommonDataModel;vtkCommonMath;vtkCommonMisc;vtkCommonSystem;vtkCommonTransforms;vtkCommonExecutionModel;vtkFiltersGeneral;vtkCommonComputationalGeometry;vtkFiltersCore;vtkInfovisCore;vtkFiltersExtraction;vtkFiltersStatistics;vtkImagingFourier;vtkImagingCore;vtkalglib;vtkRenderingContext2D;vtkRenderingCore;vtkFiltersGeometry;vtkFiltersSources;vtkRenderingFreeType;/usr/lib/x86_64-linux-gnu/libfreetype.so;/usr/lib/x86_64-linux-gnu/libz.so;vtkFiltersModeling;vtkImagingSources;vtkInteractionStyle;vtkInteractionWidgets;vtkFiltersHybrid;vtkImagingColor;vtkImagingGeneral;vtkImagingHybrid;vtkIOImage;vtkDICOMParser;vtkmetaio;/usr/lib/x86_64-linux-gnu/libjpeg.so;/usr/lib/x86_64-linux-gnu/libpng.so;/usr/lib/x86_64-linux-gnu/libtiff.so;vtkRenderingAnnotation;vtkRenderingVolume;vtkIOXML;vtkIOCore;vtkIOXMLParser;/usr/lib/x86_64-linux-gnu/libexpat.so;vtkIOGeometry;vtkIOLegacy;vtkIOPLY;vtkRenderingLOD;vtkViewsContext2D;vtkViewsCore;vtkRenderingContextOpenGL2;vtkRenderingOpenGL2;FLANN::FLANN  
[2.948s] -- Found ament_cmake: 0.9.9 (/opt/ros/foxy/share/ament_cmake/cmake)
[3.017s] -- Found PythonInterp: /usr/bin/python3 (found suitable version "3.8.10", minimum required is "3") 
[3.017s] -- Using PYTHON_EXECUTABLE: /usr/bin/python3
[3.592s] -- Found geometry_msgs: 2.0.4 (/opt/ros/foxy/share/geometry_msgs/cmake)
[3.679s] -- Using all available rosidl_typesupport_c: rosidl_typesupport_fastrtps_c;rosidl_typesupport_introspection_c
[3.710s] -- Found rosidl_adapter: 1.2.1 (/opt/ros/foxy/share/rosidl_adapter/cmake)
[4.114s] -- Found OpenSSL: /usr/lib/x86_64-linux-gnu/libcrypto.so (found version "1.1.1f")  
[4.182s] -- Found FastRTPS: /opt/ros/foxy/include  
[4.416s] -- Using all available rosidl_typesupport_cpp: rosidl_typesupport_fastrtps_cpp;rosidl_typesupport_introspection_cpp
[4.586s] -- Found grasping_msgs: 0.4.0 (/home/user/ros2_ws/install/grasping_msgs/share/grasping_msgs/cmake)
[8.682s] -- Found pcl_conversions: 2.2.1 (/home/user/ros2_ws/install/pcl_conversions/share/pcl_conversions/cmake)
[9.076s] -- Found rmw_implementation_cmake: 1.0.3 (/opt/ros/foxy/share/rmw_implementation_cmake/cmake)
[9.080s] -- Using RMW implementation 'rmw_fastrtps_cpp' as default
[9.082s] -- Looking for pthread.h
[9.250s] -- Looking for pthread.h - found
[9.251s] -- Performing Test CMAKE_HAVE_LIBC_PTHREAD
[9.452s] -- Performing Test CMAKE_HAVE_LIBC_PTHREAD - Failed
[9.452s] -- Looking for pthread_create in pthreads
[9.575s] -- Looking for pthread_create in pthreads - not found
[9.576s] -- Looking for pthread_create in pthread
[9.728s] -- Looking for pthread_create in pthread - found
[9.730s] -- Found Threads: TRUE  
[10.060s] -- Found pcl_ros: 2.2.1 (/home/user/ros2_ws/install/pcl_ros/share/pcl_ros/cmake)
[10.247s] -- Found eigen3_cmake_module: 0.1.1 (/opt/ros/foxy/share/eigen3_cmake_module/cmake)
[10.250s] -- Found Eigen3: TRUE (found version "3.3.7") 
[11.413s] -- Found ament_cmake_gtest: 0.9.9 (/opt/ros/foxy/share/ament_cmake_gtest/cmake)
[11.422s] -- Found gtest sources under '/opt/ros/foxy/src/gtest_vendor': C++ tests using 'Google Test' will be built
[11.427s] -- Check if compiler accepts -pthread
[11.578s] -- Check if compiler accepts -pthread - yes
[11.667s] -- Found ament_cmake_cpplint: 0.9.6 (/opt/ros/foxy/share/ament_cmake_cpplint/cmake)
[11.786s] -- Configuring done
[12.354s] -- Generating done
[12.359s] -- Build files have been written to: /home/user/ros2_ws/build/simple_grasping
[12.385s] Invoked command in '/home/user/ros2_ws/build/simple_grasping' returned '0': CMAKE_PREFIX_PATH=/home/user/ros2_ws/install/pcl_ros:/home/user/ros2_ws/install/tf2_geometry_msgs:/home/user/ros2_ws/install/tf2_ros:/home/user/ros2_ws/install/tf2_py:/home/user/ros2_ws/install/tf2_msgs:/home/user/ros2_ws/install/tf2:/home/user/ros2_ws/install/pcl_conversions:/home/user/ros2_ws/install/grasping_msgs:/home/simulations/ros2_sims_ws/install/ros1_bridge:/home/user/ros2_ws/install/ur_e_description:/home/user/ros2_ws/install/ur3e_moveit2_config:/home/user/ros2_ws/install/geometry2:/home/user/ros2_ws/install/tf2_tools:/home/user/ros2_ws/install/tf2_sensor_msgs:/home/user/ros2_ws/install/test_tf2:/home/user/ros2_ws/install/tf2_kdl:/home/user/ros2_ws/install/simple_grasping:/home/user/ros2_ws/install/perception_pcl:/home/user/ros2_ws/install/tf2_eigen:/home/user/ros2_ws/install/tf2_bullet:/home/user/ros2_ws/install/tf2_eigen_kdl:/home/user/ros2_ws/install/start_bridge:/home/user/ros2_ws/install/ros2_control_demos:/home/user/ros2_ws/install/ros2_control_demo_bringup:/home/user/ros2_ws/install/rrbot_description:/home/user/ros2_ws/install/ros2_control_demo_hardware:/home/user/ros2_ws/install/project_part2:/home/user/ros2_ws/install/project_custom_interfaces:/home/user/ros2_ws/install/my_rb1_description:/home/user/ros2_ws/install/my_moveit2_config:/home/user/ros2_ws/install/moveit2_scripts:/home/user/ros2_ws/install/diffbot_description:/home/user/ros2_ws/install/examples_tf2_py:/home/user/ros2_ws/install/ros2_control_test_nodes:/home/user/ros2_ws/install/project_topics_pkg:/home/user/ros2_ws/install/project_services_and_actions:/home/user/ros2_ws/install/path_planner_server:/home/user/ros2_ws/install/localization_server:/home/user/ros2_ws/install/map_server:/home/user/ros2_ws/install/cartographer_slam:/opt/ros/foxy LD_LIBRARY_PATH=/home/user/ros2_ws/install/pcl_ros/lib:/home/user/ros2_ws/install/tf2_ros/lib:/home/user/ros2_ws/install/tf2_msgs/lib:/home/user/ros2_ws/install/tf2/lib:/home/user/ros2_ws/install/grasping_msgs/lib:/usr/local/cuda-10.2/lib64:/home/user/.catkin_ws_python3/src/TensorRT-7.0.0.11/lib:/home/simulations/ros2_sims_ws/install/ros1_bridge/lib:/home/user/ros2_ws/install/simple_grasping/lib:/home/user/ros2_ws/install/tf2_bullet/lib:/home/user/ros2_ws/install/tf2_eigen_kdl/lib:/home/user/ros2_ws/install/ros2_control_demo_hardware/lib:/home/user/ros2_ws/install/project_part2/lib:/home/user/ros2_ws/install/project_custom_interfaces/lib:/opt/ros/foxy/opt/yaml_cpp_vendor/lib:/opt/ros/foxy/opt/rviz_ogre_vendor/lib:/opt/ros/foxy/lib/x86_64-linux-gnu:/opt/ros/foxy/lib:/usr/local/cuda-10.2/lib64:/home/user/.catkin_ws_python3/src/TensorRT-7.0.0.11/lib:/usr/local/nvidia/lib:/usr/local/nvidia/lib64:/usr/lib/x86_64-linux-gnu/gazebo-11/plugins:/usr/lib/x86_64-linux-gnu/gazebo-11/plugins PYTHONPATH=/home/user/ros2_ws/install/tf2_ros/lib/python3.8/site-packages:/home/user/ros2_ws/install/tf2_py/lib/python3.8/site-packages:/home/user/ros2_ws/install/tf2_msgs/lib/python3.8/site-packages:/home/user/ros2_ws/install/grasping_msgs/lib/python3.8/site-packages:/home/simulations/ros2_sims_ws/install/ros1_bridge/lib/python3.8/site-packages:/home/user/ros2_ws/install/tf2_kdl/lib/python3.8/site-packages:/home/user/ros2_ws/install/examples_tf2_py/lib/python3.8/site-packages:/home/user/ros2_ws/install/ros2_control_test_nodes/lib/python3.8/site-packages:/home/user/ros2_ws/install/project_topics_pkg/lib/python3.8/site-packages:/home/user/ros2_ws/install/project_services_and_actions/lib/python3.8/site-packages:/home/user/ros2_ws/install/project_custom_interfaces/lib/python3.8/site-packages:/home/user/ros2_ws/install/path_planner_server/lib/python3.8/site-packages:/home/user/ros2_ws/install/localization_server/lib/python3.8/site-packages:/home/user/ros2_ws/install/map_server/lib/python3.8/site-packages:/home/user/ros2_ws/install/cartographer_slam/lib/python3.8/site-packages:/opt/ros/foxy/lib/python3.8/site-packages _=/usr/bin/env /usr/bin/cmake /home/user/ros2_ws/src/perception_ros2/simple_grasping -DCMAKE_INSTALL_PREFIX=/home/user/ros2_ws/install/simple_grasping
[12.387s] Invoking command in '/home/user/ros2_ws/build/simple_grasping': CMAKE_PREFIX_PATH=/home/user/ros2_ws/install/pcl_ros:/home/user/ros2_ws/install/tf2_geometry_msgs:/home/user/ros2_ws/install/tf2_ros:/home/user/ros2_ws/install/tf2_py:/home/user/ros2_ws/install/tf2_msgs:/home/user/ros2_ws/install/tf2:/home/user/ros2_ws/install/pcl_conversions:/home/user/ros2_ws/install/grasping_msgs:/home/simulations/ros2_sims_ws/install/ros1_bridge:/home/user/ros2_ws/install/ur_e_description:/home/user/ros2_ws/install/ur3e_moveit2_config:/home/user/ros2_ws/install/geometry2:/home/user/ros2_ws/install/tf2_tools:/home/user/ros2_ws/install/tf2_sensor_msgs:/home/user/ros2_ws/install/test_tf2:/home/user/ros2_ws/install/tf2_kdl:/home/user/ros2_ws/install/simple_grasping:/home/user/ros2_ws/install/perception_pcl:/home/user/ros2_ws/install/tf2_eigen:/home/user/ros2_ws/install/tf2_bullet:/home/user/ros2_ws/install/tf2_eigen_kdl:/home/user/ros2_ws/install/start_bridge:/home/user/ros2_ws/install/ros2_control_demos:/home/user/ros2_ws/install/ros2_control_demo_bringup:/home/user/ros2_ws/install/rrbot_description:/home/user/ros2_ws/install/ros2_control_demo_hardware:/home/user/ros2_ws/install/project_part2:/home/user/ros2_ws/install/project_custom_interfaces:/home/user/ros2_ws/install/my_rb1_description:/home/user/ros2_ws/install/my_moveit2_config:/home/user/ros2_ws/install/moveit2_scripts:/home/user/ros2_ws/install/diffbot_description:/home/user/ros2_ws/install/examples_tf2_py:/home/user/ros2_ws/install/ros2_control_test_nodes:/home/user/ros2_ws/install/project_topics_pkg:/home/user/ros2_ws/install/project_services_and_actions:/home/user/ros2_ws/install/path_planner_server:/home/user/ros2_ws/install/localization_server:/home/user/ros2_ws/install/map_server:/home/user/ros2_ws/install/cartographer_slam:/opt/ros/foxy LD_LIBRARY_PATH=/home/user/ros2_ws/install/pcl_ros/lib:/home/user/ros2_ws/install/tf2_ros/lib:/home/user/ros2_ws/install/tf2_msgs/lib:/home/user/ros2_ws/install/tf2/lib:/home/user/ros2_ws/install/grasping_msgs/lib:/usr/local/cuda-10.2/lib64:/home/user/.catkin_ws_python3/src/TensorRT-7.0.0.11/lib:/home/simulations/ros2_sims_ws/install/ros1_bridge/lib:/home/user/ros2_ws/install/simple_grasping/lib:/home/user/ros2_ws/install/tf2_bullet/lib:/home/user/ros2_ws/install/tf2_eigen_kdl/lib:/home/user/ros2_ws/install/ros2_control_demo_hardware/lib:/home/user/ros2_ws/install/project_part2/lib:/home/user/ros2_ws/install/project_custom_interfaces/lib:/opt/ros/foxy/opt/yaml_cpp_vendor/lib:/opt/ros/foxy/opt/rviz_ogre_vendor/lib:/opt/ros/foxy/lib/x86_64-linux-gnu:/opt/ros/foxy/lib:/usr/local/cuda-10.2/lib64:/home/user/.catkin_ws_python3/src/TensorRT-7.0.0.11/lib:/usr/local/nvidia/lib:/usr/local/nvidia/lib64:/usr/lib/x86_64-linux-gnu/gazebo-11/plugins:/usr/lib/x86_64-linux-gnu/gazebo-11/plugins PYTHONPATH=/home/user/ros2_ws/install/tf2_ros/lib/python3.8/site-packages:/home/user/ros2_ws/install/tf2_py/lib/python3.8/site-packages:/home/user/ros2_ws/install/tf2_msgs/lib/python3.8/site-packages:/home/user/ros2_ws/install/grasping_msgs/lib/python3.8/site-packages:/home/simulations/ros2_sims_ws/install/ros1_bridge/lib/python3.8/site-packages:/home/user/ros2_ws/install/tf2_kdl/lib/python3.8/site-packages:/home/user/ros2_ws/install/examples_tf2_py/lib/python3.8/site-packages:/home/user/ros2_ws/install/ros2_control_test_nodes/lib/python3.8/site-packages:/home/user/ros2_ws/install/project_topics_pkg/lib/python3.8/site-packages:/home/user/ros2_ws/install/project_services_and_actions/lib/python3.8/site-packages:/home/user/ros2_ws/install/project_custom_interfaces/lib/python3.8/site-packages:/home/user/ros2_ws/install/path_planner_server/lib/python3.8/site-packages:/home/user/ros2_ws/install/localization_server/lib/python3.8/site-packages:/home/user/ros2_ws/install/map_server/lib/python3.8/site-packages:/home/user/ros2_ws/install/cartographer_slam/lib/python3.8/site-packages:/opt/ros/foxy/lib/python3.8/site-packages _=/usr/bin/env /usr/bin/cmake --build /home/user/ros2_ws/build/simple_grasping -- -j8 -l8
[12.464s] [35m[1mScanning dependencies of target basic_grasping_perception_node[0m
[12.535s] [  5%] [32mBuilding CXX object CMakeFiles/basic_grasping_perception_node.dir/rclcpp_components/node_main_basic_grasping_perception_node.cpp.o[0m
[15.808s] [ 10%] [32m[1mLinking CXX executable basic_grasping_perception_node[0m
[15.990s] [ 10%] Built target basic_grasping_perception_node
[16.012s] [35m[1mScanning dependencies of target gtest_main[0m
[16.066s] [ 15%] [32mBuilding CXX object gtest/CMakeFiles/gtest_main.dir/src/gtest_main.cc.o[0m
[17.166s] [ 21%] [32m[1mLinking CXX static library libgtest_main.a[0m
[17.226s] [ 21%] Built target gtest_main
[17.266s] [35m[1mScanning dependencies of target gtest[0m
[17.296s] [ 26%] [32mBuilding CXX object gtest/CMakeFiles/gtest.dir/src/gtest-all.cc.o[0m
[22.075s] [ 31%] [32m[1mLinking CXX static library libgtest.a[0m
[22.207s] [ 31%] Built target gtest
[22.229s] [35m[1mScanning dependencies of target grasp_planner_node[0m
[22.320s] [ 36%] [32mBuilding CXX object CMakeFiles/grasp_planner_node.dir/rclcpp_components/node_main_grasp_planner_node.cpp.o[0m
[25.518s] [ 42%] [32m[1mLinking CXX executable grasp_planner_node[0m
[25.713s] [ 42%] Built target grasp_planner_node
[25.788s] [35m[1mScanning dependencies of target simple_grasping[0m
[26.232s] [ 47%] [32mBuilding CXX object CMakeFiles/simple_grasping.dir/src/cloud_tools.cpp.o[0m
[30.605s] [01m[K/home/user/ros2_ws/src/perception_ros2/simple_grasping/src/cloud_tools.cpp:[m[K In function '[01m[Kvoid simple_grasping::colorizeCloud(pcl::PointCloud<pcl::PointXYZRGB>&, float)[m[K':
[30.605s] [01m[K/home/user/ros2_ws/src/perception_ros2/simple_grasping/src/cloud_tools.cpp:75:31:[m[K [01;35m[Kwarning: [m[K'[01m[Kvoid pcl::getFields(const pcl::PointCloud<PointT>&, std::vector<pcl::PCLPointField>&) [with PointT = pcl::PointXYZRGB][m[K' is deprecated: use getFields<PointT> () with return value instead [[01;35m[K-Wdeprecated-declarations[m[K]
[30.605s]    75 |   pcl::getFields(cloud, fields[01;35m[K)[m[K;
[30.605s]       |                               [01;35m[K^[m[K
[30.605s] In file included from [01m[K/usr/include/pcl-1.10/pcl/common/io.h:586[m[K,
[30.606s]                  from [01m[K/home/user/ros2_ws/src/perception_ros2/simple_grasping/src/cloud_tools.cpp:38[m[K:
[30.606s] [01m[K/usr/include/pcl-1.10/pcl/common/impl/io.hpp:81:1:[m[K [01;36m[Knote: [m[Kdeclared here
[30.606s]    81 | [01;36m[Kpcl[m[K::getFields (const pcl::PointCloud<PointT> &, std::vector<pcl::PCLPointField> &fields)
[30.606s]       | [01;36m[K^~~[m[K
[30.606s] [01m[K/home/user/ros2_ws/src/perception_ros2/simple_grasping/src/cloud_tools.cpp:75:31:[m[K [01;35m[Kwarning: [m[K'[01m[Kvoid pcl::getFields(const pcl::PointCloud<PointT>&, std::vector<pcl::PCLPointField>&) [with PointT = pcl::PointXYZRGB][m[K' is deprecated: use getFields<PointT> () with return value instead [[01;35m[K-Wdeprecated-declarations[m[K]
[30.607s]    75 |   pcl::getFields(cloud, fields[01;35m[K)[m[K;
[30.607s]       |                               [01;35m[K^[m[K
[30.607s] In file included from [01m[K/usr/include/pcl-1.10/pcl/common/io.h:586[m[K,
[30.607s]                  from [01m[K/home/user/ros2_ws/src/perception_ros2/simple_grasping/src/cloud_tools.cpp:38[m[K:
[30.607s] [01m[K/usr/include/pcl-1.10/pcl/common/impl/io.hpp:81:1:[m[K [01;36m[Knote: [m[Kdeclared here
[30.608s]    81 | [01;36m[Kpcl[m[K::getFields (const pcl::PointCloud<PointT> &, std::vector<pcl::PCLPointField> &fields)
[30.608s]       | [01;36m[K^~~[m[K
[31.093s] [ 52%] [32mBuilding CXX object CMakeFiles/simple_grasping.dir/src/shape_grasp_planner.cpp.o[0m
[37.726s] [ 57%] [32mBuilding CXX object CMakeFiles/simple_grasping.dir/src/shape_extraction.cpp.o[0m
[63.994s] [ 63%] [32mBuilding CXX object CMakeFiles/simple_grasping.dir/src/object_support_segmentation.cpp.o[0m
[82.977s] [ 68%] [32m[1mLinking CXX shared library libsimple_grasping.so[0m
[85.326s] [ 68%] Built target simple_grasping
[85.345s] [35m[1mScanning dependencies of target basic_grasping_perception[0m
[85.576s] [ 73%] [32mBuilding CXX object CMakeFiles/basic_grasping_perception.dir/src/basic_grasping_perception.cpp.o[0m
[111.518s] [ 78%] [32m[1mLinking CXX shared library libbasic_grasping_perception.so[0m
[115.579s] [ 78%] Built target basic_grasping_perception
[115.598s] [35m[1mScanning dependencies of target grasp_planner[0m
[115.600s] [35m[1mScanning dependencies of target simple_grasping_test_shape_extraction[0m
[115.690s] [ 84%] [32mBuilding CXX object CMakeFiles/simple_grasping_test_shape_extraction.dir/test/test_shape_extraction.cpp.o[0m
[115.730s] [ 89%] [32mBuilding CXX object CMakeFiles/grasp_planner.dir/src/grasp_planner_node.cpp.o[0m
[121.277s] [ 94%] [32m[1mLinking CXX executable simple_grasping_test_shape_extraction[0m
[121.536s] [100%] [32m[1mLinking CXX shared library libgrasp_planner.so[0m
[123.011s] [100%] Built target grasp_planner
[123.321s] [100%] Built target simple_grasping_test_shape_extraction
[123.341s] Invoked command in '/home/user/ros2_ws/build/simple_grasping' returned '0': CMAKE_PREFIX_PATH=/home/user/ros2_ws/install/pcl_ros:/home/user/ros2_ws/install/tf2_geometry_msgs:/home/user/ros2_ws/install/tf2_ros:/home/user/ros2_ws/install/tf2_py:/home/user/ros2_ws/install/tf2_msgs:/home/user/ros2_ws/install/tf2:/home/user/ros2_ws/install/pcl_conversions:/home/user/ros2_ws/install/grasping_msgs:/home/simulations/ros2_sims_ws/install/ros1_bridge:/home/user/ros2_ws/install/ur_e_description:/home/user/ros2_ws/install/ur3e_moveit2_config:/home/user/ros2_ws/install/geometry2:/home/user/ros2_ws/install/tf2_tools:/home/user/ros2_ws/install/tf2_sensor_msgs:/home/user/ros2_ws/install/test_tf2:/home/user/ros2_ws/install/tf2_kdl:/home/user/ros2_ws/install/simple_grasping:/home/user/ros2_ws/install/perception_pcl:/home/user/ros2_ws/install/tf2_eigen:/home/user/ros2_ws/install/tf2_bullet:/home/user/ros2_ws/install/tf2_eigen_kdl:/home/user/ros2_ws/install/start_bridge:/home/user/ros2_ws/install/ros2_control_demos:/home/user/ros2_ws/install/ros2_control_demo_bringup:/home/user/ros2_ws/install/rrbot_description:/home/user/ros2_ws/install/ros2_control_demo_hardware:/home/user/ros2_ws/install/project_part2:/home/user/ros2_ws/install/project_custom_interfaces:/home/user/ros2_ws/install/my_rb1_description:/home/user/ros2_ws/install/my_moveit2_config:/home/user/ros2_ws/install/moveit2_scripts:/home/user/ros2_ws/install/diffbot_description:/home/user/ros2_ws/install/examples_tf2_py:/home/user/ros2_ws/install/ros2_control_test_nodes:/home/user/ros2_ws/install/project_topics_pkg:/home/user/ros2_ws/install/project_services_and_actions:/home/user/ros2_ws/install/path_planner_server:/home/user/ros2_ws/install/localization_server:/home/user/ros2_ws/install/map_server:/home/user/ros2_ws/install/cartographer_slam:/opt/ros/foxy LD_LIBRARY_PATH=/home/user/ros2_ws/install/pcl_ros/lib:/home/user/ros2_ws/install/tf2_ros/lib:/home/user/ros2_ws/install/tf2_msgs/lib:/home/user/ros2_ws/install/tf2/lib:/home/user/ros2_ws/install/grasping_msgs/lib:/usr/local/cuda-10.2/lib64:/home/user/.catkin_ws_python3/src/TensorRT-7.0.0.11/lib:/home/simulations/ros2_sims_ws/install/ros1_bridge/lib:/home/user/ros2_ws/install/simple_grasping/lib:/home/user/ros2_ws/install/tf2_bullet/lib:/home/user/ros2_ws/install/tf2_eigen_kdl/lib:/home/user/ros2_ws/install/ros2_control_demo_hardware/lib:/home/user/ros2_ws/install/project_part2/lib:/home/user/ros2_ws/install/project_custom_interfaces/lib:/opt/ros/foxy/opt/yaml_cpp_vendor/lib:/opt/ros/foxy/opt/rviz_ogre_vendor/lib:/opt/ros/foxy/lib/x86_64-linux-gnu:/opt/ros/foxy/lib:/usr/local/cuda-10.2/lib64:/home/user/.catkin_ws_python3/src/TensorRT-7.0.0.11/lib:/usr/local/nvidia/lib:/usr/local/nvidia/lib64:/usr/lib/x86_64-linux-gnu/gazebo-11/plugins:/usr/lib/x86_64-linux-gnu/gazebo-11/plugins PYTHONPATH=/home/user/ros2_ws/install/tf2_ros/lib/python3.8/site-packages:/home/user/ros2_ws/install/tf2_py/lib/python3.8/site-packages:/home/user/ros2_ws/install/tf2_msgs/lib/python3.8/site-packages:/home/user/ros2_ws/install/grasping_msgs/lib/python3.8/site-packages:/home/simulations/ros2_sims_ws/install/ros1_bridge/lib/python3.8/site-packages:/home/user/ros2_ws/install/tf2_kdl/lib/python3.8/site-packages:/home/user/ros2_ws/install/examples_tf2_py/lib/python3.8/site-packages:/home/user/ros2_ws/install/ros2_control_test_nodes/lib/python3.8/site-packages:/home/user/ros2_ws/install/project_topics_pkg/lib/python3.8/site-packages:/home/user/ros2_ws/install/project_services_and_actions/lib/python3.8/site-packages:/home/user/ros2_ws/install/project_custom_interfaces/lib/python3.8/site-packages:/home/user/ros2_ws/install/path_planner_server/lib/python3.8/site-packages:/home/user/ros2_ws/install/localization_server/lib/python3.8/site-packages:/home/user/ros2_ws/install/map_server/lib/python3.8/site-packages:/home/user/ros2_ws/install/cartographer_slam/lib/python3.8/site-packages:/opt/ros/foxy/lib/python3.8/site-packages _=/usr/bin/env /usr/bin/cmake --build /home/user/ros2_ws/build/simple_grasping -- -j8 -l8
[123.555s] Invoking command in '/home/user/ros2_ws/build/simple_grasping': CMAKE_PREFIX_PATH=/home/user/ros2_ws/install/pcl_ros:/home/user/ros2_ws/install/tf2_geometry_msgs:/home/user/ros2_ws/install/tf2_ros:/home/user/ros2_ws/install/tf2_py:/home/user/ros2_ws/install/tf2_msgs:/home/user/ros2_ws/install/tf2:/home/user/ros2_ws/install/pcl_conversions:/home/user/ros2_ws/install/grasping_msgs:/home/simulations/ros2_sims_ws/install/ros1_bridge:/home/user/ros2_ws/install/ur_e_description:/home/user/ros2_ws/install/ur3e_moveit2_config:/home/user/ros2_ws/install/geometry2:/home/user/ros2_ws/install/tf2_tools:/home/user/ros2_ws/install/tf2_sensor_msgs:/home/user/ros2_ws/install/test_tf2:/home/user/ros2_ws/install/tf2_kdl:/home/user/ros2_ws/install/simple_grasping:/home/user/ros2_ws/install/perception_pcl:/home/user/ros2_ws/install/tf2_eigen:/home/user/ros2_ws/install/tf2_bullet:/home/user/ros2_ws/install/tf2_eigen_kdl:/home/user/ros2_ws/install/start_bridge:/home/user/ros2_ws/install/ros2_control_demos:/home/user/ros2_ws/install/ros2_control_demo_bringup:/home/user/ros2_ws/install/rrbot_description:/home/user/ros2_ws/install/ros2_control_demo_hardware:/home/user/ros2_ws/install/project_part2:/home/user/ros2_ws/install/project_custom_interfaces:/home/user/ros2_ws/install/my_rb1_description:/home/user/ros2_ws/install/my_moveit2_config:/home/user/ros2_ws/install/moveit2_scripts:/home/user/ros2_ws/install/diffbot_description:/home/user/ros2_ws/install/examples_tf2_py:/home/user/ros2_ws/install/ros2_control_test_nodes:/home/user/ros2_ws/install/project_topics_pkg:/home/user/ros2_ws/install/project_services_and_actions:/home/user/ros2_ws/install/path_planner_server:/home/user/ros2_ws/install/localization_server:/home/user/ros2_ws/install/map_server:/home/user/ros2_ws/install/cartographer_slam:/opt/ros/foxy LD_LIBRARY_PATH=/home/user/ros2_ws/install/pcl_ros/lib:/home/user/ros2_ws/install/tf2_ros/lib:/home/user/ros2_ws/install/tf2_msgs/lib:/home/user/ros2_ws/install/tf2/lib:/home/user/ros2_ws/install/grasping_msgs/lib:/usr/local/cuda-10.2/lib64:/home/user/.catkin_ws_python3/src/TensorRT-7.0.0.11/lib:/home/simulations/ros2_sims_ws/install/ros1_bridge/lib:/home/user/ros2_ws/install/simple_grasping/lib:/home/user/ros2_ws/install/tf2_bullet/lib:/home/user/ros2_ws/install/tf2_eigen_kdl/lib:/home/user/ros2_ws/install/ros2_control_demo_hardware/lib:/home/user/ros2_ws/install/project_part2/lib:/home/user/ros2_ws/install/project_custom_interfaces/lib:/opt/ros/foxy/opt/yaml_cpp_vendor/lib:/opt/ros/foxy/opt/rviz_ogre_vendor/lib:/opt/ros/foxy/lib/x86_64-linux-gnu:/opt/ros/foxy/lib:/usr/local/cuda-10.2/lib64:/home/user/.catkin_ws_python3/src/TensorRT-7.0.0.11/lib:/usr/local/nvidia/lib:/usr/local/nvidia/lib64:/usr/lib/x86_64-linux-gnu/gazebo-11/plugins:/usr/lib/x86_64-linux-gnu/gazebo-11/plugins PYTHONPATH=/home/user/ros2_ws/install/tf2_ros/lib/python3.8/site-packages:/home/user/ros2_ws/install/tf2_py/lib/python3.8/site-packages:/home/user/ros2_ws/install/tf2_msgs/lib/python3.8/site-packages:/home/user/ros2_ws/install/grasping_msgs/lib/python3.8/site-packages:/home/simulations/ros2_sims_ws/install/ros1_bridge/lib/python3.8/site-packages:/home/user/ros2_ws/install/tf2_kdl/lib/python3.8/site-packages:/home/user/ros2_ws/install/examples_tf2_py/lib/python3.8/site-packages:/home/user/ros2_ws/install/ros2_control_test_nodes/lib/python3.8/site-packages:/home/user/ros2_ws/install/project_topics_pkg/lib/python3.8/site-packages:/home/user/ros2_ws/install/project_services_and_actions/lib/python3.8/site-packages:/home/user/ros2_ws/install/project_custom_interfaces/lib/python3.8/site-packages:/home/user/ros2_ws/install/path_planner_server/lib/python3.8/site-packages:/home/user/ros2_ws/install/localization_server/lib/python3.8/site-packages:/home/user/ros2_ws/install/map_server/lib/python3.8/site-packages:/home/user/ros2_ws/install/cartographer_slam/lib/python3.8/site-packages:/opt/ros/foxy/lib/python3.8/site-packages _=/usr/bin/env /usr/bin/cmake --install /home/user/ros2_ws/build/simple_grasping
[123.570s] -- Install configuration: ""
[123.570s] -- Installing: /home/user/ros2_ws/install/simple_grasping/lib/simple_grasping/basic_grasping_perception_node
[123.572s] -- Set runtime path of "/home/user/ros2_ws/install/simple_grasping/lib/simple_grasping/basic_grasping_perception_node" to ""
[123.572s] -- Installing: /home/user/ros2_ws/install/simple_grasping/lib/simple_grasping/grasp_planner_node
[123.573s] -- Set runtime path of "/home/user/ros2_ws/install/simple_grasping/lib/simple_grasping/grasp_planner_node" to ""
[123.573s] -- Installing: /home/user/ros2_ws/install/simple_grasping/include
[123.574s] -- Installing: /home/user/ros2_ws/install/simple_grasping/include/simple_grasping
[123.574s] -- Installing: /home/user/ros2_ws/install/simple_grasping/include/simple_grasping/shape_extraction.h
[123.574s] -- Installing: /home/user/ros2_ws/install/simple_grasping/include/simple_grasping/object_support_segmentation.h
[123.574s] -- Installing: /home/user/ros2_ws/install/simple_grasping/include/simple_grasping/shape_grasp_planner.h
[123.575s] -- Installing: /home/user/ros2_ws/install/simple_grasping/include/simple_grasping/cloud_tools.h
[123.575s] -- Installing: /home/user/ros2_ws/install/simple_grasping/lib/simple_grasping/do_perception.py
[123.576s] -- Installing: /home/user/ros2_ws/install/simple_grasping/lib/libsimple_grasping.so
[123.594s] -- Set runtime path of "/home/user/ros2_ws/install/simple_grasping/lib/libsimple_grasping.so" to ""
[123.594s] -- Installing: /home/user/ros2_ws/install/simple_grasping/lib/libbasic_grasping_perception.so
[123.611s] -- Set runtime path of "/home/user/ros2_ws/install/simple_grasping/lib/libbasic_grasping_perception.so" to ""
[123.612s] -- Installing: /home/user/ros2_ws/install/simple_grasping/lib/libgrasp_planner.so
[123.616s] -- Set runtime path of "/home/user/ros2_ws/install/simple_grasping/lib/libgrasp_planner.so" to ""
[123.617s] -- Installing: /home/user/ros2_ws/install/simple_grasping/share/simple_grasping/environment/library_path.sh
[123.618s] -- Installing: /home/user/ros2_ws/install/simple_grasping/share/simple_grasping/environment/library_path.dsv
[123.624s] -- Installing: /home/user/ros2_ws/install/simple_grasping/share/ament_index/resource_index/package_run_dependencies/simple_grasping
[123.625s] -- Installing: /home/user/ros2_ws/install/simple_grasping/share/ament_index/resource_index/parent_prefix_path/simple_grasping
[123.626s] -- Installing: /home/user/ros2_ws/install/simple_grasping/share/simple_grasping/environment/ament_prefix_path.sh
[123.627s] -- Installing: /home/user/ros2_ws/install/simple_grasping/share/simple_grasping/environment/ament_prefix_path.dsv
[123.627s] -- Installing: /home/user/ros2_ws/install/simple_grasping/share/simple_grasping/environment/path.sh
[123.628s] -- Installing: /home/user/ros2_ws/install/simple_grasping/share/simple_grasping/environment/path.dsv
[123.628s] -- Installing: /home/user/ros2_ws/install/simple_grasping/share/simple_grasping/local_setup.bash
[123.630s] -- Installing: /home/user/ros2_ws/install/simple_grasping/share/simple_grasping/local_setup.sh
[123.631s] -- Installing: /home/user/ros2_ws/install/simple_grasping/share/simple_grasping/local_setup.zsh
[123.631s] -- Installing: /home/user/ros2_ws/install/simple_grasping/share/simple_grasping/local_setup.dsv
[123.631s] -- Installing: /home/user/ros2_ws/install/simple_grasping/share/simple_grasping/package.dsv
[123.632s] -- Installing: /home/user/ros2_ws/install/simple_grasping/share/ament_index/resource_index/packages/simple_grasping
[123.632s] -- Installing: /home/user/ros2_ws/install/simple_grasping/share/ament_index/resource_index/rclcpp_components/simple_grasping
[123.632s] -- Installing: /home/user/ros2_ws/install/simple_grasping/share/simple_grasping/cmake/ament_cmake_export_include_directories-extras.cmake
[123.633s] -- Installing: /home/user/ros2_ws/install/simple_grasping/share/simple_grasping/cmake/ament_cmake_export_libraries-extras.cmake
[123.634s] -- Installing: /home/user/ros2_ws/install/simple_grasping/share/simple_grasping/cmake/ament_cmake_export_dependencies-extras.cmake
[123.634s] -- Installing: /home/user/ros2_ws/install/simple_grasping/share/simple_grasping/cmake/simple_graspingConfig.cmake
[123.634s] -- Installing: /home/user/ros2_ws/install/simple_grasping/share/simple_grasping/cmake/simple_graspingConfig-version.cmake
[123.634s] -- Installing: /home/user/ros2_ws/install/simple_grasping/share/simple_grasping/package.xml
[123.639s] Invoked command in '/home/user/ros2_ws/build/simple_grasping' returned '0': CMAKE_PREFIX_PATH=/home/user/ros2_ws/install/pcl_ros:/home/user/ros2_ws/install/tf2_geometry_msgs:/home/user/ros2_ws/install/tf2_ros:/home/user/ros2_ws/install/tf2_py:/home/user/ros2_ws/install/tf2_msgs:/home/user/ros2_ws/install/tf2:/home/user/ros2_ws/install/pcl_conversions:/home/user/ros2_ws/install/grasping_msgs:/home/simulations/ros2_sims_ws/install/ros1_bridge:/home/user/ros2_ws/install/ur_e_description:/home/user/ros2_ws/install/ur3e_moveit2_config:/home/user/ros2_ws/install/geometry2:/home/user/ros2_ws/install/tf2_tools:/home/user/ros2_ws/install/tf2_sensor_msgs:/home/user/ros2_ws/install/test_tf2:/home/user/ros2_ws/install/tf2_kdl:/home/user/ros2_ws/install/simple_grasping:/home/user/ros2_ws/install/perception_pcl:/home/user/ros2_ws/install/tf2_eigen:/home/user/ros2_ws/install/tf2_bullet:/home/user/ros2_ws/install/tf2_eigen_kdl:/home/user/ros2_ws/install/start_bridge:/home/user/ros2_ws/install/ros2_control_demos:/home/user/ros2_ws/install/ros2_control_demo_bringup:/home/user/ros2_ws/install/rrbot_description:/home/user/ros2_ws/install/ros2_control_demo_hardware:/home/user/ros2_ws/install/project_part2:/home/user/ros2_ws/install/project_custom_interfaces:/home/user/ros2_ws/install/my_rb1_description:/home/user/ros2_ws/install/my_moveit2_config:/home/user/ros2_ws/install/moveit2_scripts:/home/user/ros2_ws/install/diffbot_description:/home/user/ros2_ws/install/examples_tf2_py:/home/user/ros2_ws/install/ros2_control_test_nodes:/home/user/ros2_ws/install/project_topics_pkg:/home/user/ros2_ws/install/project_services_and_actions:/home/user/ros2_ws/install/path_planner_server:/home/user/ros2_ws/install/localization_server:/home/user/ros2_ws/install/map_server:/home/user/ros2_ws/install/cartographer_slam:/opt/ros/foxy LD_LIBRARY_PATH=/home/user/ros2_ws/install/pcl_ros/lib:/home/user/ros2_ws/install/tf2_ros/lib:/home/user/ros2_ws/install/tf2_msgs/lib:/home/user/ros2_ws/install/tf2/lib:/home/user/ros2_ws/install/grasping_msgs/lib:/usr/local/cuda-10.2/lib64:/home/user/.catkin_ws_python3/src/TensorRT-7.0.0.11/lib:/home/simulations/ros2_sims_ws/install/ros1_bridge/lib:/home/user/ros2_ws/install/simple_grasping/lib:/home/user/ros2_ws/install/tf2_bullet/lib:/home/user/ros2_ws/install/tf2_eigen_kdl/lib:/home/user/ros2_ws/install/ros2_control_demo_hardware/lib:/home/user/ros2_ws/install/project_part2/lib:/home/user/ros2_ws/install/project_custom_interfaces/lib:/opt/ros/foxy/opt/yaml_cpp_vendor/lib:/opt/ros/foxy/opt/rviz_ogre_vendor/lib:/opt/ros/foxy/lib/x86_64-linux-gnu:/opt/ros/foxy/lib:/usr/local/cuda-10.2/lib64:/home/user/.catkin_ws_python3/src/TensorRT-7.0.0.11/lib:/usr/local/nvidia/lib:/usr/local/nvidia/lib64:/usr/lib/x86_64-linux-gnu/gazebo-11/plugins:/usr/lib/x86_64-linux-gnu/gazebo-11/plugins PYTHONPATH=/home/user/ros2_ws/install/tf2_ros/lib/python3.8/site-packages:/home/user/ros2_ws/install/tf2_py/lib/python3.8/site-packages:/home/user/ros2_ws/install/tf2_msgs/lib/python3.8/site-packages:/home/user/ros2_ws/install/grasping_msgs/lib/python3.8/site-packages:/home/simulations/ros2_sims_ws/install/ros1_bridge/lib/python3.8/site-packages:/home/user/ros2_ws/install/tf2_kdl/lib/python3.8/site-packages:/home/user/ros2_ws/install/examples_tf2_py/lib/python3.8/site-packages:/home/user/ros2_ws/install/ros2_control_test_nodes/lib/python3.8/site-packages:/home/user/ros2_ws/install/project_topics_pkg/lib/python3.8/site-packages:/home/user/ros2_ws/install/project_services_and_actions/lib/python3.8/site-packages:/home/user/ros2_ws/install/project_custom_interfaces/lib/python3.8/site-packages:/home/user/ros2_ws/install/path_planner_server/lib/python3.8/site-packages:/home/user/ros2_ws/install/localization_server/lib/python3.8/site-packages:/home/user/ros2_ws/install/map_server/lib/python3.8/site-packages:/home/user/ros2_ws/install/cartographer_slam/lib/python3.8/site-packages:/opt/ros/foxy/lib/python3.8/site-packages _=/usr/bin/env /usr/bin/cmake --install /home/user/ros2_ws/build/simple_grasping
