[0.401s] Invoking command in '/home/steven/ros2_ws/src/first_stage/src/first_stage_rg2': PYTHONPATH=/home/steven/ros2_ws/src/first_stage/build/first_stage_rg2/prefix_override:/usr/lib/python3/dist-packages/colcon_core/task/python/colcon_distutils_commands:/home/steven/ros2_ws/src/first_stage/install/first_stage_rg2/lib/python3.10/site-packages:${PYTHONPATH} /usr/bin/python3 -W ignore:setup.py install is deprecated setup.py egg_info --egg-base ../../build/first_stage_rg2 build --build-base /home/steven/ros2_ws/src/first_stage/build/first_stage_rg2/build install --record /home/steven/ros2_ws/src/first_stage/build/first_stage_rg2/install.log --single-version-externally-managed install_data
[0.548s] running egg_info
[0.548s] writing ../../build/first_stage_rg2/first_stage_rg2.egg-info/PKG-INFO
[0.548s] writing dependency_links to ../../build/first_stage_rg2/first_stage_rg2.egg-info/dependency_links.txt
[0.548s] writing entry points to ../../build/first_stage_rg2/first_stage_rg2.egg-info/entry_points.txt
[0.548s] writing requirements to ../../build/first_stage_rg2/first_stage_rg2.egg-info/requires.txt
[0.548s] writing top-level names to ../../build/first_stage_rg2/first_stage_rg2.egg-info/top_level.txt
[0.549s] reading manifest file '../../build/first_stage_rg2/first_stage_rg2.egg-info/SOURCES.txt'
[0.549s] adding license file 'LICENSE'
[0.550s] writing manifest file '../../build/first_stage_rg2/first_stage_rg2.egg-info/SOURCES.txt'
[0.550s] running build
[0.550s] running build_py
[0.550s] copying first_stage_rg2/first_stage_rg2_ros2.py -> /home/steven/ros2_ws/src/first_stage/build/first_stage_rg2/build/lib/first_stage_rg2
[0.550s] running install
[0.551s] running install_lib
[0.551s] copying /home/steven/ros2_ws/src/first_stage/build/first_stage_rg2/build/lib/first_stage_rg2/first_stage_rg2_ros2.py -> /home/steven/ros2_ws/src/first_stage/install/first_stage_rg2/lib/python3.10/site-packages/first_stage_rg2
[0.552s] byte-compiling /home/steven/ros2_ws/src/first_stage/install/first_stage_rg2/lib/python3.10/site-packages/first_stage_rg2/first_stage_rg2_ros2.py to first_stage_rg2_ros2.cpython-310.pyc
[0.553s]   File "/home/steven/ros2_ws/src/first_stage/install/first_stage_rg2/lib/python3.10/site-packages/first_stage_rg2/first_stage_rg2_ros2.py", line 286
[0.553s]     if self.grip_force > 1  # 例如，你設定的最小夾取力量
[0.553s]                             ^^^^^^^^^^^^^^^^^^^^^^^^^^^^^^^^^^^^^^^^^
[0.553s] SyntaxError: expected ':'
[0.553s] 
[0.553s] running install_data
[0.553s] running install_egg_info
[0.554s] removing '/home/steven/ros2_ws/src/first_stage/install/first_stage_rg2/lib/python3.10/site-packages/first_stage_rg2-0.0.0-py3.10.egg-info' (and everything under it)
[0.554s] Copying ../../build/first_stage_rg2/first_stage_rg2.egg-info to /home/steven/ros2_ws/src/first_stage/install/first_stage_rg2/lib/python3.10/site-packages/first_stage_rg2-0.0.0-py3.10.egg-info
[0.554s] running install_scripts
[0.566s] Installing rg2_node script to /home/steven/ros2_ws/src/first_stage/install/first_stage_rg2/lib/first_stage_rg2
[0.566s] writing list of installed files to '/home/steven/ros2_ws/src/first_stage/build/first_stage_rg2/install.log'
[0.584s] Invoked command in '/home/steven/ros2_ws/src/first_stage/src/first_stage_rg2' returned '0': PYTHONPATH=/home/steven/ros2_ws/src/first_stage/build/first_stage_rg2/prefix_override:/usr/lib/python3/dist-packages/colcon_core/task/python/colcon_distutils_commands:/home/steven/ros2_ws/src/first_stage/install/first_stage_rg2/lib/python3.10/site-packages:${PYTHONPATH} /usr/bin/python3 -W ignore:setup.py install is deprecated setup.py egg_info --egg-base ../../build/first_stage_rg2 build --build-base /home/steven/ros2_ws/src/first_stage/build/first_stage_rg2/build install --record /home/steven/ros2_ws/src/first_stage/build/first_stage_rg2/install.log --single-version-externally-managed install_data
