[1.905s] Invoking command in '/home/user/ros2_ws/src/universal_robot_ros2/moveit2/moveit_configs_utils': PYTHONPATH=/home/user/ros2_ws/build/moveit_configs_utils/prefix_override:/home/user/ros2_ws/install/moveit_configs_utils/lib/python3.10/site-packages:${PYTHONPATH} _=/usr/bin/env /usr/bin/python3 setup.py egg_info --egg-base ../../../../build/moveit_configs_utils build --build-base /home/user/ros2_ws/build/moveit_configs_utils/build install --record /home/user/ros2_ws/build/moveit_configs_utils/install.log --single-version-externally-managed
[2.639s] running egg_info
[2.641s] writing ../../../../build/moveit_configs_utils/moveit_configs_utils.egg-info/PKG-INFO
[2.642s] writing dependency_links to ../../../../build/moveit_configs_utils/moveit_configs_utils.egg-info/dependency_links.txt
[2.642s] writing entry points to ../../../../build/moveit_configs_utils/moveit_configs_utils.egg-info/entry_points.txt
[2.642s] writing requirements to ../../../../build/moveit_configs_utils/moveit_configs_utils.egg-info/requires.txt
[2.643s] writing top-level names to ../../../../build/moveit_configs_utils/moveit_configs_utils.egg-info/top_level.txt
[2.648s] reading manifest file '../../../../build/moveit_configs_utils/moveit_configs_utils.egg-info/SOURCES.txt'
[2.649s] writing manifest file '../../../../build/moveit_configs_utils/moveit_configs_utils.egg-info/SOURCES.txt'
[2.650s] running build
[2.650s] running build_py
[2.652s] running install
[2.653s] /usr/lib/python3/dist-packages/setuptools/command/install.py:34: SetuptoolsDeprecationWarning: setup.py install is deprecated. Use build and pip and other standards-based tools.
[2.653s]   warnings.warn(
[2.654s] running install_lib
[2.664s] running install_data
[2.666s] running install_egg_info
[2.672s] removing '/home/user/ros2_ws/install/moveit_configs_utils/lib/python3.10/site-packages/moveit_configs_utils-2.5.3-py3.10.egg-info' (and everything under it)
[2.683s] Copying ../../../../build/moveit_configs_utils/moveit_configs_utils.egg-info to /home/user/ros2_ws/install/moveit_configs_utils/lib/python3.10/site-packages/moveit_configs_utils-2.5.3-py3.10.egg-info
[2.733s] running install_scripts
[2.819s] writing list of installed files to '/home/user/ros2_ws/build/moveit_configs_utils/install.log'
[2.883s] Invoked command in '/home/user/ros2_ws/src/universal_robot_ros2/moveit2/moveit_configs_utils' returned '0': PYTHONPATH=/home/user/ros2_ws/build/moveit_configs_utils/prefix_override:/home/user/ros2_ws/install/moveit_configs_utils/lib/python3.10/site-packages:${PYTHONPATH} _=/usr/bin/env /usr/bin/python3 setup.py egg_info --egg-base ../../../../build/moveit_configs_utils build --build-base /home/user/ros2_ws/build/moveit_configs_utils/build install --record /home/user/ros2_ws/build/moveit_configs_utils/install.log --single-version-externally-managed
