running egg_info
writing ../../build/first_stage_rg2/first_stage_rg2.egg-info/PKG-INFO
writing dependency_links to ../../build/first_stage_rg2/first_stage_rg2.egg-info/dependency_links.txt
writing entry points to ../../build/first_stage_rg2/first_stage_rg2.egg-info/entry_points.txt
writing requirements to ../../build/first_stage_rg2/first_stage_rg2.egg-info/requires.txt
writing top-level names to ../../build/first_stage_rg2/first_stage_rg2.egg-info/top_level.txt
reading manifest file '../../build/first_stage_rg2/first_stage_rg2.egg-info/SOURCES.txt'
adding license file 'LICENSE'
writing manifest file '../../build/first_stage_rg2/first_stage_rg2.egg-info/SOURCES.txt'
running build
running build_py
copying first_stage_rg2/first_stage_rg2_ros2.py -> /home/steven/ros2_ws/src/first_stage/build/first_stage_rg2/build/lib/first_stage_rg2
running install
running install_lib
copying /home/steven/ros2_ws/src/first_stage/build/first_stage_rg2/build/lib/first_stage_rg2/first_stage_rg2_ros2.py -> /home/steven/ros2_ws/src/first_stage/install/first_stage_rg2/lib/python3.10/site-packages/first_stage_rg2
byte-compiling /home/steven/ros2_ws/src/first_stage/install/first_stage_rg2/lib/python3.10/site-packages/first_stage_rg2/first_stage_rg2_ros2.py to first_stage_rg2_ros2.cpython-310.pyc
running install_data
Sorry: IndentationError: expected an indented block after function definition on line 57 (first_stage_rg2_ros2.py, line 60)
running install_egg_info
removing '/home/steven/ros2_ws/src/first_stage/install/first_stage_rg2/lib/python3.10/site-packages/first_stage_rg2-0.0.0-py3.10.egg-info' (and everything under it)
Copying ../../build/first_stage_rg2/first_stage_rg2.egg-info to /home/steven/ros2_ws/src/first_stage/install/first_stage_rg2/lib/python3.10/site-packages/first_stage_rg2-0.0.0-py3.10.egg-info
running install_scripts
Installing rg2_node script to /home/steven/ros2_ws/src/first_stage/install/first_stage_rg2/lib/first_stage_rg2
writing list of installed files to '/home/steven/ros2_ws/src/first_stage/build/first_stage_rg2/install.log'
