[0.057s] Invoking command in '/home/user/ros2_ws/build/robotnik_sensors': CMAKE_PREFIX_PATH=/home/user/ros2_ws/install/gazebo_grasp_plugin_ros:/home/user/ros2_ws/install/ros2test:/home/user/ros2_ws/install/moveit_configs_utils:/home/simulations/ros2_sims_ws/install/rclrs_tests:/home/simulations/ros2_sims_ws/install/examples_rclrs_minimal_client_service:/home/simulations/ros2_sims_ws/install/sensor_msgs_py:/home/simulations/ros2_sims_ws/install/examples_rclrs_minimal_pub_sub:/home/simulations/ros2_sims_ws/install/examples_rclrs_message_demo:/home/simulations/ros2_sims_ws/install/rclrs:/home/simulations/ros2_sims_ws/install/rosidl_runtime_rs:/home/user/ros2_ws/install/robotiq_85_driver:/opt/ros/humble:/home/user/ros2_ws/install/gazebo_grasp_plugin:/home/user/ros2_ws/install/gazebo_version_helpers:/home/user/ros2_ws/install/ur3e_moveit_config:/home/user/ros2_ws/install/test_moveit_config:/home/user/ros2_ws/install/test2_moveit_config:/home/user/ros2_ws/install/my_moveit_config:/home/user/ros2_ws/install/my_moveit2_config:/home/user/ros2_ws/install/simple_grasping:/home/user/ros2_ws/install/ros_testing:/home/user/ros2_ws/install/robotnik_sensors_gazebo:/home/user/ros2_ws/install/robotnik_sensors:/home/user/ros2_ws/install/pilz_industrial_motion_planner_testutils:/home/user/ros2_ws/install/moveit_runtime:/home/user/ros2_ws/install/moveit:/home/user/ros2_ws/install/moveit_planners:/home/user/ros2_ws/install/pilz_industrial_motion_planner:/home/user/ros2_ws/install/moveit_ros_control_interface:/home/user/ros2_ws/install/moveit_plugins:/home/user/ros2_ws/install/moveit_simple_controller_manager:/home/user/ros2_ws/install/moveit_setup_assistant:/home/user/ros2_ws/install/moveit_setup_srdf_plugins:/home/user/ros2_ws/install/moveit_setup_core_plugins:/home/user/ros2_ws/install/moveit_setup_controllers:/home/user/ros2_ws/install/moveit_setup_app_plugins:/home/user/ros2_ws/install/moveit_setup_framework:/home/user/ros2_ws/install/moveit_servo:/home/user/ros2_ws/install/moveit_ros:/home/user/ros2_ws/install/moveit_ros_visualization:/home/user/ros2_ws/install/moveit_hybrid_planning:/home/user/ros2_ws/install/moveit2_scripts:/home/user/ros2_ws/install/moveit_ros_planning_interface:/home/user/ros2_ws/install/moveit_ros_benchmarks:/home/user/ros2_ws/install/moveit_ros_warehouse:/home/user/ros2_ws/install/moveit_ros_robot_interaction:/home/user/ros2_ws/install/moveit_ros_perception:/home/user/ros2_ws/install/moveit_resources_prbt_pg70_support:/home/user/ros2_ws/install/moveit_resources_prbt_moveit_config:/home/user/ros2_ws/install/moveit_ros_move_group:/home/user/ros2_ws/install/moveit_planners_ompl:/home/user/ros2_ws/install/moveit_ros_planning:/home/user/ros2_ws/install/moveit_ros_occupancy_map_monitor:/home/user/ros2_ws/install/moveit_resources_prbt_support:/home/user/ros2_ws/install/moveit_resources_prbt_ikfast_manipulator_plugin:/home/user/ros2_ws/install/moveit_planners_chomp:/home/user/ros2_ws/install/moveit_kinematics:/home/user/ros2_ws/install/moveit_chomp_optimizer_adapter:/home/user/ros2_ws/install/chomp_motion_planner:/home/user/ros2_ws/install/moveit_core:/home/user/ros2_ws/install/moveit_common:/home/simulations/ros2_sims_ws/install/common_interfaces:/home/simulations/ros2_sims_ws/install/visualization_msgs:/home/simulations/ros2_sims_ws/install/test_msgs:/home/simulations/ros2_sims_ws/install/example_interfaces:/home/simulations/ros2_sims_ws/install/action_msgs:/home/simulations/ros2_sims_ws/install/unique_identifier_msgs:/home/simulations/ros2_sims_ws/install/trajectory_msgs:/home/simulations/ros2_sims_ws/install/test_interface_files:/home/simulations/ros2_sims_ws/install/stereo_msgs:/home/simulations/ros2_sims_ws/install/std_srvs:/home/simulations/ros2_sims_ws/install/shape_msgs:/home/simulations/ros2_sims_ws/install/sensor_msgs:/home/simulations/ros2_sims_ws/install/nav_msgs:/home/simulations/ros2_sims_ws/install/diagnostic_msgs:/home/simulations/ros2_sims_ws/install/geometry_msgs:/home/simulations/ros2_sims_ws/install/actionlib_msgs:/home/simulations/ros2_sims_ws/install/std_msgs:/home/simulations/ros2_sims_ws/install/statistics_msgs:/home/simulations/ros2_sims_ws/install/rosgraph_msgs:/home/simulations/ros2_sims_ws/install/rclrs_example_msgs:/home/simulations/ros2_sims_ws/install/composition_interfaces:/home/simulations/ros2_sims_ws/install/rcl_interfaces:/home/simulations/ros2_sims_ws/install/lifecycle_msgs:/home/simulations/ros2_sims_ws/install/builtin_interfaces:/home/simulations/ros2_sims_ws/install/rosidl_default_runtime:/home/simulations/ros2_sims_ws/install/rosidl_default_generators:/home/simulations/ros2_sims_ws/install/rosidl_generator_rs:/home/user/ros2_ws/install/ur_simulation_gazebo:/home/user/ros2_ws/install/ur_description:/home/user/ros2_ws/install/the_construct_office_gazebo:/home/user/ros2_ws/install/robotiq_85_gripper:/home/user/ros2_ws/install/robotiq_85_msgs:/home/user/ros2_ws/install/robotiq_85_description:/home/user/ros2_ws/install/rg2_gripper_description:/home/user/ros2_ws/install/gazebo_ros2_control_demos:/home/user/ros2_ws/install/gazebo_ros2_control _=/usr/bin/env /usr/bin/cmake --build /home/user/ros2_ws/build/robotnik_sensors -- -j8 -l8
[0.354s] Invoked command in '/home/user/ros2_ws/build/robotnik_sensors' returned '0': CMAKE_PREFIX_PATH=/home/user/ros2_ws/install/gazebo_grasp_plugin_ros:/home/user/ros2_ws/install/ros2test:/home/user/ros2_ws/install/moveit_configs_utils:/home/simulations/ros2_sims_ws/install/rclrs_tests:/home/simulations/ros2_sims_ws/install/examples_rclrs_minimal_client_service:/home/simulations/ros2_sims_ws/install/sensor_msgs_py:/home/simulations/ros2_sims_ws/install/examples_rclrs_minimal_pub_sub:/home/simulations/ros2_sims_ws/install/examples_rclrs_message_demo:/home/simulations/ros2_sims_ws/install/rclrs:/home/simulations/ros2_sims_ws/install/rosidl_runtime_rs:/home/user/ros2_ws/install/robotiq_85_driver:/opt/ros/humble:/home/user/ros2_ws/install/gazebo_grasp_plugin:/home/user/ros2_ws/install/gazebo_version_helpers:/home/user/ros2_ws/install/ur3e_moveit_config:/home/user/ros2_ws/install/test_moveit_config:/home/user/ros2_ws/install/test2_moveit_config:/home/user/ros2_ws/install/my_moveit_config:/home/user/ros2_ws/install/my_moveit2_config:/home/user/ros2_ws/install/simple_grasping:/home/user/ros2_ws/install/ros_testing:/home/user/ros2_ws/install/robotnik_sensors_gazebo:/home/user/ros2_ws/install/robotnik_sensors:/home/user/ros2_ws/install/pilz_industrial_motion_planner_testutils:/home/user/ros2_ws/install/moveit_runtime:/home/user/ros2_ws/install/moveit:/home/user/ros2_ws/install/moveit_planners:/home/user/ros2_ws/install/pilz_industrial_motion_planner:/home/user/ros2_ws/install/moveit_ros_control_interface:/home/user/ros2_ws/install/moveit_plugins:/home/user/ros2_ws/install/moveit_simple_controller_manager:/home/user/ros2_ws/install/moveit_setup_assistant:/home/user/ros2_ws/install/moveit_setup_srdf_plugins:/home/user/ros2_ws/install/moveit_setup_core_plugins:/home/user/ros2_ws/install/moveit_setup_controllers:/home/user/ros2_ws/install/moveit_setup_app_plugins:/home/user/ros2_ws/install/moveit_setup_framework:/home/user/ros2_ws/install/moveit_servo:/home/user/ros2_ws/install/moveit_ros:/home/user/ros2_ws/install/moveit_ros_visualization:/home/user/ros2_ws/install/moveit_hybrid_planning:/home/user/ros2_ws/install/moveit2_scripts:/home/user/ros2_ws/install/moveit_ros_planning_interface:/home/user/ros2_ws/install/moveit_ros_benchmarks:/home/user/ros2_ws/install/moveit_ros_warehouse:/home/user/ros2_ws/install/moveit_ros_robot_interaction:/home/user/ros2_ws/install/moveit_ros_perception:/home/user/ros2_ws/install/moveit_resources_prbt_pg70_support:/home/user/ros2_ws/install/moveit_resources_prbt_moveit_config:/home/user/ros2_ws/install/moveit_ros_move_group:/home/user/ros2_ws/install/moveit_planners_ompl:/home/user/ros2_ws/install/moveit_ros_planning:/home/user/ros2_ws/install/moveit_ros_occupancy_map_monitor:/home/user/ros2_ws/install/moveit_resources_prbt_support:/home/user/ros2_ws/install/moveit_resources_prbt_ikfast_manipulator_plugin:/home/user/ros2_ws/install/moveit_planners_chomp:/home/user/ros2_ws/install/moveit_kinematics:/home/user/ros2_ws/install/moveit_chomp_optimizer_adapter:/home/user/ros2_ws/install/chomp_motion_planner:/home/user/ros2_ws/install/moveit_core:/home/user/ros2_ws/install/moveit_common:/home/simulations/ros2_sims_ws/install/common_interfaces:/home/simulations/ros2_sims_ws/install/visualization_msgs:/home/simulations/ros2_sims_ws/install/test_msgs:/home/simulations/ros2_sims_ws/install/example_interfaces:/home/simulations/ros2_sims_ws/install/action_msgs:/home/simulations/ros2_sims_ws/install/unique_identifier_msgs:/home/simulations/ros2_sims_ws/install/trajectory_msgs:/home/simulations/ros2_sims_ws/install/test_interface_files:/home/simulations/ros2_sims_ws/install/stereo_msgs:/home/simulations/ros2_sims_ws/install/std_srvs:/home/simulations/ros2_sims_ws/install/shape_msgs:/home/simulations/ros2_sims_ws/install/sensor_msgs:/home/simulations/ros2_sims_ws/install/nav_msgs:/home/simulations/ros2_sims_ws/install/diagnostic_msgs:/home/simulations/ros2_sims_ws/install/geometry_msgs:/home/simulations/ros2_sims_ws/install/actionlib_msgs:/home/simulations/ros2_sims_ws/install/std_msgs:/home/simulations/ros2_sims_ws/install/statistics_msgs:/home/simulations/ros2_sims_ws/install/rosgraph_msgs:/home/simulations/ros2_sims_ws/install/rclrs_example_msgs:/home/simulations/ros2_sims_ws/install/composition_interfaces:/home/simulations/ros2_sims_ws/install/rcl_interfaces:/home/simulations/ros2_sims_ws/install/lifecycle_msgs:/home/simulations/ros2_sims_ws/install/builtin_interfaces:/home/simulations/ros2_sims_ws/install/rosidl_default_runtime:/home/simulations/ros2_sims_ws/install/rosidl_default_generators:/home/simulations/ros2_sims_ws/install/rosidl_generator_rs:/home/user/ros2_ws/install/ur_simulation_gazebo:/home/user/ros2_ws/install/ur_description:/home/user/ros2_ws/install/the_construct_office_gazebo:/home/user/ros2_ws/install/robotiq_85_gripper:/home/user/ros2_ws/install/robotiq_85_msgs:/home/user/ros2_ws/install/robotiq_85_description:/home/user/ros2_ws/install/rg2_gripper_description:/home/user/ros2_ws/install/gazebo_ros2_control_demos:/home/user/ros2_ws/install/gazebo_ros2_control _=/usr/bin/env /usr/bin/cmake --build /home/user/ros2_ws/build/robotnik_sensors -- -j8 -l8
[0.588s] Invoking command in '/home/user/ros2_ws/build/robotnik_sensors': CMAKE_PREFIX_PATH=/home/user/ros2_ws/install/gazebo_grasp_plugin_ros:/home/user/ros2_ws/install/ros2test:/home/user/ros2_ws/install/moveit_configs_utils:/home/simulations/ros2_sims_ws/install/rclrs_tests:/home/simulations/ros2_sims_ws/install/examples_rclrs_minimal_client_service:/home/simulations/ros2_sims_ws/install/sensor_msgs_py:/home/simulations/ros2_sims_ws/install/examples_rclrs_minimal_pub_sub:/home/simulations/ros2_sims_ws/install/examples_rclrs_message_demo:/home/simulations/ros2_sims_ws/install/rclrs:/home/simulations/ros2_sims_ws/install/rosidl_runtime_rs:/home/user/ros2_ws/install/robotiq_85_driver:/opt/ros/humble:/home/user/ros2_ws/install/gazebo_grasp_plugin:/home/user/ros2_ws/install/gazebo_version_helpers:/home/user/ros2_ws/install/ur3e_moveit_config:/home/user/ros2_ws/install/test_moveit_config:/home/user/ros2_ws/install/test2_moveit_config:/home/user/ros2_ws/install/my_moveit_config:/home/user/ros2_ws/install/my_moveit2_config:/home/user/ros2_ws/install/simple_grasping:/home/user/ros2_ws/install/ros_testing:/home/user/ros2_ws/install/robotnik_sensors_gazebo:/home/user/ros2_ws/install/robotnik_sensors:/home/user/ros2_ws/install/pilz_industrial_motion_planner_testutils:/home/user/ros2_ws/install/moveit_runtime:/home/user/ros2_ws/install/moveit:/home/user/ros2_ws/install/moveit_planners:/home/user/ros2_ws/install/pilz_industrial_motion_planner:/home/user/ros2_ws/install/moveit_ros_control_interface:/home/user/ros2_ws/install/moveit_plugins:/home/user/ros2_ws/install/moveit_simple_controller_manager:/home/user/ros2_ws/install/moveit_setup_assistant:/home/user/ros2_ws/install/moveit_setup_srdf_plugins:/home/user/ros2_ws/install/moveit_setup_core_plugins:/home/user/ros2_ws/install/moveit_setup_controllers:/home/user/ros2_ws/install/moveit_setup_app_plugins:/home/user/ros2_ws/install/moveit_setup_framework:/home/user/ros2_ws/install/moveit_servo:/home/user/ros2_ws/install/moveit_ros:/home/user/ros2_ws/install/moveit_ros_visualization:/home/user/ros2_ws/install/moveit_hybrid_planning:/home/user/ros2_ws/install/moveit2_scripts:/home/user/ros2_ws/install/moveit_ros_planning_interface:/home/user/ros2_ws/install/moveit_ros_benchmarks:/home/user/ros2_ws/install/moveit_ros_warehouse:/home/user/ros2_ws/install/moveit_ros_robot_interaction:/home/user/ros2_ws/install/moveit_ros_perception:/home/user/ros2_ws/install/moveit_resources_prbt_pg70_support:/home/user/ros2_ws/install/moveit_resources_prbt_moveit_config:/home/user/ros2_ws/install/moveit_ros_move_group:/home/user/ros2_ws/install/moveit_planners_ompl:/home/user/ros2_ws/install/moveit_ros_planning:/home/user/ros2_ws/install/moveit_ros_occupancy_map_monitor:/home/user/ros2_ws/install/moveit_resources_prbt_support:/home/user/ros2_ws/install/moveit_resources_prbt_ikfast_manipulator_plugin:/home/user/ros2_ws/install/moveit_planners_chomp:/home/user/ros2_ws/install/moveit_kinematics:/home/user/ros2_ws/install/moveit_chomp_optimizer_adapter:/home/user/ros2_ws/install/chomp_motion_planner:/home/user/ros2_ws/install/moveit_core:/home/user/ros2_ws/install/moveit_common:/home/simulations/ros2_sims_ws/install/common_interfaces:/home/simulations/ros2_sims_ws/install/visualization_msgs:/home/simulations/ros2_sims_ws/install/test_msgs:/home/simulations/ros2_sims_ws/install/example_interfaces:/home/simulations/ros2_sims_ws/install/action_msgs:/home/simulations/ros2_sims_ws/install/unique_identifier_msgs:/home/simulations/ros2_sims_ws/install/trajectory_msgs:/home/simulations/ros2_sims_ws/install/test_interface_files:/home/simulations/ros2_sims_ws/install/stereo_msgs:/home/simulations/ros2_sims_ws/install/std_srvs:/home/simulations/ros2_sims_ws/install/shape_msgs:/home/simulations/ros2_sims_ws/install/sensor_msgs:/home/simulations/ros2_sims_ws/install/nav_msgs:/home/simulations/ros2_sims_ws/install/diagnostic_msgs:/home/simulations/ros2_sims_ws/install/geometry_msgs:/home/simulations/ros2_sims_ws/install/actionlib_msgs:/home/simulations/ros2_sims_ws/install/std_msgs:/home/simulations/ros2_sims_ws/install/statistics_msgs:/home/simulations/ros2_sims_ws/install/rosgraph_msgs:/home/simulations/ros2_sims_ws/install/rclrs_example_msgs:/home/simulations/ros2_sims_ws/install/composition_interfaces:/home/simulations/ros2_sims_ws/install/rcl_interfaces:/home/simulations/ros2_sims_ws/install/lifecycle_msgs:/home/simulations/ros2_sims_ws/install/builtin_interfaces:/home/simulations/ros2_sims_ws/install/rosidl_default_runtime:/home/simulations/ros2_sims_ws/install/rosidl_default_generators:/home/simulations/ros2_sims_ws/install/rosidl_generator_rs:/home/user/ros2_ws/install/ur_simulation_gazebo:/home/user/ros2_ws/install/ur_description:/home/user/ros2_ws/install/the_construct_office_gazebo:/home/user/ros2_ws/install/robotiq_85_gripper:/home/user/ros2_ws/install/robotiq_85_msgs:/home/user/ros2_ws/install/robotiq_85_description:/home/user/ros2_ws/install/rg2_gripper_description:/home/user/ros2_ws/install/gazebo_ros2_control_demos:/home/user/ros2_ws/install/gazebo_ros2_control _=/usr/bin/env /usr/bin/cmake --install /home/user/ros2_ws/build/robotnik_sensors
[0.618s] -- Install configuration: ""
[0.619s] -- Up-to-date: /home/user/ros2_ws/install/robotnik_sensors/share/ament_index/resource_index/package_run_dependencies/robotnik_sensors
[0.619s] -- Up-to-date: /home/user/ros2_ws/install/robotnik_sensors/share/ament_index/resource_index/parent_prefix_path/robotnik_sensors
[0.619s] -- Up-to-date: /home/user/ros2_ws/install/robotnik_sensors/share/robotnik_sensors/environment/ament_prefix_path.sh
[0.619s] -- Up-to-date: /home/user/ros2_ws/install/robotnik_sensors/share/robotnik_sensors/environment/ament_prefix_path.dsv
[0.620s] -- Up-to-date: /home/user/ros2_ws/install/robotnik_sensors/share/robotnik_sensors/environment/path.sh
[0.620s] -- Up-to-date: /home/user/ros2_ws/install/robotnik_sensors/share/robotnik_sensors/environment/path.dsv
[0.620s] -- Up-to-date: /home/user/ros2_ws/install/robotnik_sensors/share/robotnik_sensors/local_setup.bash
[0.621s] -- Up-to-date: /home/user/ros2_ws/install/robotnik_sensors/share/robotnik_sensors/local_setup.sh
[0.621s] -- Up-to-date: /home/user/ros2_ws/install/robotnik_sensors/share/robotnik_sensors/local_setup.zsh
[0.621s] -- Up-to-date: /home/user/ros2_ws/install/robotnik_sensors/share/robotnik_sensors/local_setup.dsv
[0.622s] -- Installing: /home/user/ros2_ws/install/robotnik_sensors/share/robotnik_sensors/package.dsv
[0.622s] -- Up-to-date: /home/user/ros2_ws/install/robotnik_sensors/share/ament_index/resource_index/packages/robotnik_sensors
[0.623s] -- Up-to-date: /home/user/ros2_ws/install/robotnik_sensors/share/robotnik_sensors/cmake/robotnik_sensorsConfig.cmake
[0.623s] -- Up-to-date: /home/user/ros2_ws/install/robotnik_sensors/share/robotnik_sensors/cmake/robotnik_sensorsConfig-version.cmake
[0.623s] -- Up-to-date: /home/user/ros2_ws/install/robotnik_sensors/share/robotnik_sensors/package.xml
[0.623s] -- Up-to-date: /home/user/ros2_ws/install/robotnik_sensors/share/robotnik_sensors//meshes
[0.624s] -- Up-to-date: /home/user/ros2_ws/install/robotnik_sensors/share/robotnik_sensors//meshes/kinectv2.dae
[0.624s] -- Up-to-date: /home/user/ros2_ws/install/robotnik_sensors/share/robotnik_sensors//meshes/sick_outdoorscan3.stl
[0.624s] -- Up-to-date: /home/user/ros2_ws/install/robotnik_sensors/share/robotnik_sensors//meshes/orbbec_astra.stl
[0.624s] -- Up-to-date: /home/user/ros2_ws/install/robotnik_sensors/share/robotnik_sensors//meshes/intel_d435_color.dae
[0.624s] -- Up-to-date: /home/user/ros2_ws/install/robotnik_sensors/share/robotnik_sensors//meshes/asus_xtion_pro_live.dae
[0.625s] -- Up-to-date: /home/user/ros2_ws/install/robotnik_sensors/share/robotnik_sensors//meshes/axis_q8641_n2-1.STL
[0.625s] -- Up-to-date: /home/user/ros2_ws/install/robotnik_sensors/share/robotnik_sensors//meshes/kinect.jpg
[0.626s] -- Up-to-date: /home/user/ros2_ws/install/robotnik_sensors/share/robotnik_sensors//meshes/sick_tim571.dae
[0.632s] -- Up-to-date: /home/user/ros2_ws/install/robotnik_sensors/share/robotnik_sensors//meshes/orbbec_astra_embedded_s.stl
[0.632s] -- Up-to-date: /home/user/ros2_ws/install/robotnik_sensors/share/robotnik_sensors//meshes/antenna_3GO16.stl
[0.632s] -- Up-to-date: /home/user/ros2_ws/install/robotnik_sensors/share/robotnik_sensors//meshes/zedm.stl
[0.633s] -- Up-to-date: /home/user/ros2_ws/install/robotnik_sensors/share/robotnik_sensors//meshes/sick_mls.stl
[0.633s] -- Up-to-date: /home/user/ros2_ws/install/robotnik_sensors/share/robotnik_sensors//meshes/yujin_yrl.stl
[0.633s] -- Up-to-date: /home/user/ros2_ws/install/robotnik_sensors/share/robotnik_sensors//meshes/axis_q8641_n1-1.STL
[0.633s] -- Up-to-date: /home/user/ros2_ws/install/robotnik_sensors/share/robotnik_sensors//meshes/antenna_ANN_MB.stl
[0.633s] -- Up-to-date: /home/user/ros2_ws/install/robotnik_sensors/share/robotnik_sensors//meshes/sick_s300.stl
[0.633s] -- Up-to-date: /home/user/ros2_ws/install/robotnik_sensors/share/robotnik_sensors//meshes/asus_xtion_pro_live.png
[0.634s] -- Up-to-date: /home/user/ros2_ws/install/robotnik_sensors/share/robotnik_sensors//meshes/sick_s300.png
[0.634s] -- Up-to-date: /home/user/ros2_ws/install/robotnik_sensors/share/robotnik_sensors//meshes/sick_tim551.dae
[0.634s] -- Up-to-date: /home/user/ros2_ws/install/robotnik_sensors/share/robotnik_sensors//meshes/zed.stl
[0.634s] -- Up-to-date: /home/user/ros2_ws/install/robotnik_sensors/share/robotnik_sensors//meshes/hokuyo.png
[0.634s] -- Up-to-date: /home/user/ros2_ws/install/robotnik_sensors/share/robotnik_sensors//meshes/viper.dae
[0.634s] -- Up-to-date: /home/user/ros2_ws/install/robotnik_sensors/share/robotnik_sensors//meshes/rs_bpearl.stl
[0.635s] -- Up-to-date: /home/user/ros2_ws/install/robotnik_sensors/share/robotnik_sensors//meshes/intel_d435.png
[0.635s] -- Up-to-date: /home/user/ros2_ws/install/robotnik_sensors/share/robotnik_sensors//meshes/kinect.dae
[0.635s] -- Up-to-date: /home/user/ros2_ws/install/robotnik_sensors/share/robotnik_sensors//meshes/orbbec_astra_embedded_s.dae
[0.635s] -- Up-to-date: /home/user/ros2_ws/install/robotnik_sensors/share/robotnik_sensors//meshes/sick_tim551.stl
[0.635s] -- Up-to-date: /home/user/ros2_ws/install/robotnik_sensors/share/robotnik_sensors//meshes/sick_tim571.stl
[0.635s] -- Up-to-date: /home/user/ros2_ws/install/robotnik_sensors/share/robotnik_sensors//meshes/axis_p5512.dae
[0.635s] -- Up-to-date: /home/user/ros2_ws/install/robotnik_sensors/share/robotnik_sensors//meshes/hokuyo_utm_30lx.dae
[0.636s] -- Up-to-date: /home/user/ros2_ws/install/robotnik_sensors/share/robotnik_sensors//meshes/pointgrey_bumblebee2.dae
[0.636s] -- Up-to-date: /home/user/ros2_ws/install/robotnik_sensors/share/robotnik_sensors//meshes/hokuyo3d.dae
[0.636s] -- Up-to-date: /home/user/ros2_ws/install/robotnik_sensors/share/robotnik_sensors//meshes/axis_p5514.dae
[0.636s] -- Up-to-date: /home/user/ros2_ws/install/robotnik_sensors/share/robotnik_sensors//meshes/rplidar_a2.stl
[0.636s] -- Up-to-date: /home/user/ros2_ws/install/robotnik_sensors/share/robotnik_sensors//meshes/ueye_cp_gige.stl
[0.637s] -- Up-to-date: /home/user/ros2_ws/install/robotnik_sensors/share/robotnik_sensors//meshes/hokuyo_ust_20lx.dae
[0.637s] -- Up-to-date: /home/user/ros2_ws/install/robotnik_sensors/share/robotnik_sensors//meshes/axis_m5525.dae
[0.637s] -- Up-to-date: /home/user/ros2_ws/install/robotnik_sensors/share/robotnik_sensors//meshes/benewake_ce30d.stl
[0.637s] -- Up-to-date: /home/user/ros2_ws/install/robotnik_sensors/share/robotnik_sensors//meshes/hokuyo3d.jpg
[0.638s] -- Up-to-date: /home/user/ros2_ws/install/robotnik_sensors/share/robotnik_sensors//meshes/viper.stl
[0.638s] -- Up-to-date: /home/user/ros2_ws/install/robotnik_sensors/share/robotnik_sensors//meshes/intel_r430.stl
[0.638s] -- Up-to-date: /home/user/ros2_ws/install/robotnik_sensors/share/robotnik_sensors//meshes/teraranger_tr_duo.stl
[0.642s] -- Up-to-date: /home/user/ros2_ws/install/robotnik_sensors/share/robotnik_sensors//meshes/sick_microscan3.stl
[0.642s] -- Up-to-date: /home/user/ros2_ws/install/robotnik_sensors/share/robotnik_sensors//meshes/hokuyo_urg_04lx.dae
[0.642s] -- Up-to-date: /home/user/ros2_ws/install/robotnik_sensors/share/robotnik_sensors//meshes/intel_d435.dae
[0.642s] -- Up-to-date: /home/user/ros2_ws/install/robotnik_sensors/share/robotnik_sensors//meshes/kinectv2_nobase.dae
[0.642s] -- Up-to-date: /home/user/ros2_ws/install/robotnik_sensors/share/robotnik_sensors//meshes/rplidar.dae
[0.643s] -- Up-to-date: /home/user/ros2_ws/install/robotnik_sensors/share/robotnik_sensors//meshes/hokuyo3d.stl
[0.643s] -- Up-to-date: /home/user/ros2_ws/install/robotnik_sensors/share/robotnik_sensors//meshes/axis_p5514.stl
[0.643s] -- Up-to-date: /home/user/ros2_ws/install/robotnik_sensors/share/robotnik_sensors//meshes/zed2.stl
[0.643s] -- Up-to-date: /home/user/ros2_ws/install/robotnik_sensors/share/robotnik_sensors//meshes/teraranger_tr_duo.dae
[0.643s] -- Up-to-date: /home/user/ros2_ws/install/robotnik_sensors/share/robotnik_sensors//meshes/rplidar_a2.dae
[0.643s] -- Up-to-date: /home/user/ros2_ws/install/robotnik_sensors/share/robotnik_sensors//meshes/rslidar.dae
[0.644s] -- Up-to-date: /home/user/ros2_ws/install/robotnik_sensors/share/robotnik_sensors//meshes/hokuyo_ust_10lx.dae
[0.644s] -- Up-to-date: /home/user/ros2_ws/install/robotnik_sensors/share/robotnik_sensors//meshes/sick_outdoorscan3.dae
[0.644s] -- Up-to-date: /home/user/ros2_ws/install/robotnik_sensors/share/robotnik_sensors//meshes/lidar_mast.STL
[0.644s] -- Up-to-date: /home/user/ros2_ws/install/robotnik_sensors/share/robotnik_sensors//meshes/hokuyo_urg_04lx.stl
[0.644s] -- Up-to-date: /home/user/ros2_ws/install/robotnik_sensors/share/robotnik_sensors//meshes/ueye_cp_gige.dae
[0.644s] -- Up-to-date: /home/user/ros2_ws/install/robotnik_sensors/share/robotnik_sensors//meshes/rs_bpearl.dae
[0.645s] -- Up-to-date: /home/user/ros2_ws/install/robotnik_sensors/share/robotnik_sensors//meshes/axis_m5013.stl
[0.645s] -- Up-to-date: /home/user/ros2_ws/install/robotnik_sensors/share/robotnik_sensors//meshes/sick_s300_color.dae
[0.645s] -- Up-to-date: /home/user/ros2_ws/install/robotnik_sensors/share/robotnik_sensors//meshes/axis_m5013.dae
[0.645s] -- Up-to-date: /home/user/ros2_ws/install/robotnik_sensors/share/robotnik_sensors//meshes/orbbec_astra.dae
[0.645s] -- Up-to-date: /home/user/ros2_ws/install/robotnik_sensors/share/robotnik_sensors//meshes/benewake_ce30d.dae
[0.645s] -- Up-to-date: /home/user/ros2_ws/install/robotnik_sensors/share/robotnik_sensors//meshes/rslidar.stl
[0.646s] -- Up-to-date: /home/user/ros2_ws/install/robotnik_sensors/share/robotnik_sensors//meshes/sick_microscan3.dae
[0.646s] -- Up-to-date: /home/user/ros2_ws/install/robotnik_sensors/share/robotnik_sensors//meshes/sick_s3000.stl
[0.646s] -- Up-to-date: /home/user/ros2_ws/install/robotnik_sensors/share/robotnik_sensors//meshes/ydlidar_4f.dae
[0.646s] -- Up-to-date: /home/user/ros2_ws/install/robotnik_sensors/share/robotnik_sensors//meshes/sick_s300.dae
[0.646s] -- Up-to-date: /home/user/ros2_ws/install/robotnik_sensors/share/robotnik_sensors//meshes/velodyne_vlp16.stl
[0.646s] -- Up-to-date: /home/user/ros2_ws/install/robotnik_sensors/share/robotnik_sensors//meshes/intel_d435.stl
[0.647s] -- Up-to-date: /home/user/ros2_ws/install/robotnik_sensors/share/robotnik_sensors//meshes/fotonic_e.stl
[0.647s] -- Up-to-date: /home/user/ros2_ws/install/robotnik_sensors/share/robotnik_sensors//meshes/intel_r430.dae
[0.647s] -- Up-to-date: /home/user/ros2_ws/install/robotnik_sensors/share/robotnik_sensors//meshes/axis_m5525.stl
[0.647s] -- Up-to-date: /home/user/ros2_ws/install/robotnik_sensors/share/robotnik_sensors//meshes/camera_axis_q8641.STL
[0.647s] -- Up-to-date: /home/user/ros2_ws/install/robotnik_sensors/share/robotnik_sensors//meshes/kinect.tga
[0.648s] -- Up-to-date: /home/user/ros2_ws/install/robotnik_sensors/share/robotnik_sensors//meshes/hokuyo_utm_30lx.stl
[0.648s] -- Up-to-date: /home/user/ros2_ws/install/robotnik_sensors/share/robotnik_sensors//meshes/sick_s3000.dae
[0.648s] -- Up-to-date: /home/user/ros2_ws/install/robotnik_sensors/share/robotnik_sensors//meshes/rslidar_mems.stl
[0.648s] -- Up-to-date: /home/user/ros2_ws/install/robotnik_sensors/share/robotnik_sensors//meshes/vectornav_vn100.stl
[0.648s] -- Up-to-date: /home/user/ros2_ws/install/robotnik_sensors/share/robotnik_sensors//meshes/kinectv2.stl
[0.648s] -- Up-to-date: /home/user/ros2_ws/install/robotnik_sensors/share/robotnik_sensors//meshes/axis_p5512.stl
[0.649s] -- Up-to-date: /home/user/ros2_ws/install/robotnik_sensors/share/robotnik_sensors//meshes/antenna_3GO16.dae
[0.649s] -- Up-to-date: /home/user/ros2_ws/install/robotnik_sensors/share/robotnik_sensors//meshes/ouster1.STL
[0.649s] -- Up-to-date: /home/user/ros2_ws/install/robotnik_sensors/share/robotnik_sensors//meshes/velodyne_vlp16.dae
[0.649s] -- Up-to-date: /home/user/ros2_ws/install/robotnik_sensors/share/robotnik_sensors//meshes/kinectv2_nobase.stl
[0.649s] -- Up-to-date: /home/user/ros2_ws/install/robotnik_sensors/share/robotnik_sensors//meshes/benewake_ce30.stl
[0.649s] -- Up-to-date: /home/user/ros2_ws/install/robotnik_sensors/share/robotnik_sensors//meshes/sick_nanoscan3.stl
[0.650s] -- Up-to-date: /home/user/ros2_ws/install/robotnik_sensors/share/robotnik_sensors//meshes/ydlidar_4f.png
[0.650s] -- Up-to-date: /home/user/ros2_ws/install/robotnik_sensors/share/robotnik_sensors//urdf
[0.650s] -- Up-to-date: /home/user/ros2_ws/install/robotnik_sensors/share/robotnik_sensors//urdf/sick_microscan3.urdf.xacro
[0.650s] -- Up-to-date: /home/user/ros2_ws/install/robotnik_sensors/share/robotnik_sensors//urdf/pointgrey_bumblebee2.urdf.xacro
[0.650s] -- Up-to-date: /home/user/ros2_ws/install/robotnik_sensors/share/robotnik_sensors//urdf/vectornav.urdf.xacro
[0.650s] -- Up-to-date: /home/user/ros2_ws/install/robotnik_sensors/share/robotnik_sensors//urdf/roboteq_mgs.urdf.xacro
[0.651s] -- Up-to-date: /home/user/ros2_ws/install/robotnik_sensors/share/robotnik_sensors//urdf/intel_d435.urdf.xacro
[0.651s] -- Up-to-date: /home/user/ros2_ws/install/robotnik_sensors/share/robotnik_sensors//urdf/kinect.urdf.xacro
[0.651s] -- Up-to-date: /home/user/ros2_ws/install/robotnik_sensors/share/robotnik_sensors//urdf/ublox.urdf.xacro
[0.651s] -- Up-to-date: /home/user/ros2_ws/install/robotnik_sensors/share/robotnik_sensors//urdf/velodyne_vlp16.urdf.xacro
[0.651s] -- Up-to-date: /home/user/ros2_ws/install/robotnik_sensors/share/robotnik_sensors//urdf/intel_r430.urdf.xacro
[0.651s] -- Up-to-date: /home/user/ros2_ws/install/robotnik_sensors/share/robotnik_sensors//urdf/teraranger_tr_duo.urdf.xacro
[0.651s] -- Up-to-date: /home/user/ros2_ws/install/robotnik_sensors/share/robotnik_sensors//urdf/gps.urdf.xacro
[0.651s] -- Up-to-date: /home/user/ros2_ws/install/robotnik_sensors/share/robotnik_sensors//urdf/rubedos_viper.urdf.xacro
[0.652s] -- Up-to-date: /home/user/ros2_ws/install/robotnik_sensors/share/robotnik_sensors//urdf/rslidar.urdf.xacro
[0.652s] -- Up-to-date: /home/user/ros2_ws/install/robotnik_sensors/share/robotnik_sensors//urdf/rplidar_a2.urdf.xacro
[0.652s] -- Up-to-date: /home/user/ros2_ws/install/robotnik_sensors/share/robotnik_sensors//urdf/sick_tim551.urdf.xacro
[0.652s] -- Up-to-date: /home/user/ros2_ws/install/robotnik_sensors/share/robotnik_sensors//urdf/rslidar_mems.urdf.xacro
[0.652s] -- Up-to-date: /home/user/ros2_ws/install/robotnik_sensors/share/robotnik_sensors//urdf/all_sensors.urdf.xacro
[0.652s] -- Up-to-date: /home/user/ros2_ws/install/robotnik_sensors/share/robotnik_sensors//urdf/fotonic_e.urdf.xacro
[0.652s] -- Up-to-date: /home/user/ros2_ws/install/robotnik_sensors/share/robotnik_sensors//urdf/axis.urdf.xacro
[0.652s] -- Up-to-date: /home/user/ros2_ws/install/robotnik_sensors/share/robotnik_sensors//urdf/kinectv2.urdf.xacro
[0.653s] -- Up-to-date: /home/user/ros2_ws/install/robotnik_sensors/share/robotnik_sensors//urdf/orbbec_astra.urdf.xacro
[0.653s] -- Up-to-date: /home/user/ros2_ws/install/robotnik_sensors/share/robotnik_sensors//urdf/sick_s300.urdf.xacro
[0.653s] -- Up-to-date: /home/user/ros2_ws/install/robotnik_sensors/share/robotnik_sensors//urdf/embedded_s.urdf.xacro
[0.653s] -- Up-to-date: /home/user/ros2_ws/install/robotnik_sensors/share/robotnik_sensors//urdf/axis_q8641.urdf.xacro
[0.653s] -- Up-to-date: /home/user/ros2_ws/install/robotnik_sensors/share/robotnik_sensors//urdf/sick_s3000.urdf.xacro
[0.653s] -- Up-to-date: /home/user/ros2_ws/install/robotnik_sensors/share/robotnik_sensors//urdf/pantilt.urdf.xacro
[0.653s] -- Up-to-date: /home/user/ros2_ws/install/robotnik_sensors/share/robotnik_sensors//urdf/gps_with_mast.urdf.xacro
[0.654s] -- Up-to-date: /home/user/ros2_ws/install/robotnik_sensors/share/robotnik_sensors//urdf/yujin_yrl.urdf.xacro
[0.654s] -- Up-to-date: /home/user/ros2_ws/install/robotnik_sensors/share/robotnik_sensors//urdf/imu_hector_plugin.urdf.xacro
[0.654s] -- Up-to-date: /home/user/ros2_ws/install/robotnik_sensors/share/robotnik_sensors//urdf/utils
[0.654s] -- Up-to-date: /home/user/ros2_ws/install/robotnik_sensors/share/robotnik_sensors//urdf/utils/inertia.urdf.xacro
[0.654s] -- Up-to-date: /home/user/ros2_ws/install/robotnik_sensors/share/robotnik_sensors//urdf/rplidar.urdf.xacro
[0.654s] -- Up-to-date: /home/user/ros2_ws/install/robotnik_sensors/share/robotnik_sensors//urdf/sick_outdoorscan3.urdf.xacro
[0.654s] -- Up-to-date: /home/user/ros2_ws/install/robotnik_sensors/share/robotnik_sensors//urdf/flir_ax8.urdf.xacro
[0.655s] -- Up-to-date: /home/user/ros2_ws/install/robotnik_sensors/share/robotnik_sensors//urdf/imu.urdf.xacro
[0.655s] -- Up-to-date: /home/user/ros2_ws/install/robotnik_sensors/share/robotnik_sensors//urdf/sick_nanoscan3.urdf.xacro
[0.655s] -- Up-to-date: /home/user/ros2_ws/install/robotnik_sensors/share/robotnik_sensors//urdf/benewake_ce30d.urdf.xacro
[0.655s] -- Up-to-date: /home/user/ros2_ws/install/robotnik_sensors/share/robotnik_sensors//urdf/asus_xtion_pro.urdf.xacro
[0.655s] -- Up-to-date: /home/user/ros2_ws/install/robotnik_sensors/share/robotnik_sensors//urdf/ouster1.urdf.xacro
[0.655s] -- Up-to-date: /home/user/ros2_ws/install/robotnik_sensors/share/robotnik_sensors//urdf/ueye_cp_gige.urdf.xacro
[0.655s] -- Up-to-date: /home/user/ros2_ws/install/robotnik_sensors/share/robotnik_sensors//urdf/zed2.urdf.xacro
[0.655s] -- Up-to-date: /home/user/ros2_ws/install/robotnik_sensors/share/robotnik_sensors//urdf/hokuyo_ust10lx.urdf.xacro
[0.656s] -- Up-to-date: /home/user/ros2_ws/install/robotnik_sensors/share/robotnik_sensors//urdf/hokuyo3d.urdf.xacro
[0.656s] -- Up-to-date: /home/user/ros2_ws/install/robotnik_sensors/share/robotnik_sensors//urdf/ydlidar_4f.urdf.xacro
[0.656s] -- Up-to-date: /home/user/ros2_ws/install/robotnik_sensors/share/robotnik_sensors//urdf/hokuyo_utm30lx.urdf.xacro
[0.656s] -- Up-to-date: /home/user/ros2_ws/install/robotnik_sensors/share/robotnik_sensors//urdf/lidar_mast.urdf.xacro
[0.656s] -- Up-to-date: /home/user/ros2_ws/install/robotnik_sensors/share/robotnik_sensors//urdf/axis_m5525.urdf.xacro
[0.656s] -- Up-to-date: /home/user/ros2_ws/install/robotnik_sensors/share/robotnik_sensors//urdf/benewake_ce30.urdf.xacro
[0.656s] -- Up-to-date: /home/user/ros2_ws/install/robotnik_sensors/share/robotnik_sensors//urdf/hokuyo_urg04lx.urdf.xacro
[0.657s] -- Up-to-date: /home/user/ros2_ws/install/robotnik_sensors/share/robotnik_sensors//urdf/azure_kinect.urdf.xacro
[0.657s] -- Up-to-date: /home/user/ros2_ws/install/robotnik_sensors/share/robotnik_sensors//urdf/zed.urdf.xacro
[0.657s] -- Up-to-date: /home/user/ros2_ws/install/robotnik_sensors/share/robotnik_sensors//urdf/axis_m5013.urdf.xacro
[0.657s] -- Up-to-date: /home/user/ros2_ws/install/robotnik_sensors/share/robotnik_sensors//urdf/hokuyo_ust20lx.urdf.xacro
[0.657s] -- Up-to-date: /home/user/ros2_ws/install/robotnik_sensors/share/robotnik_sensors//urdf/sick_tim571.urdf.xacro
[0.657s] -- Up-to-date: /home/user/ros2_ws/install/robotnik_sensors/share/robotnik_sensors//urdf/sick_mls.urdf.xacro
[0.657s] -- Up-to-date: /home/user/ros2_ws/install/robotnik_sensors/share/robotnik_sensors//urdf/rs_bpearl.urdf.xacro
[0.677s] Invoked command in '/home/user/ros2_ws/build/robotnik_sensors' returned '0': CMAKE_PREFIX_PATH=/home/user/ros2_ws/install/gazebo_grasp_plugin_ros:/home/user/ros2_ws/install/ros2test:/home/user/ros2_ws/install/moveit_configs_utils:/home/simulations/ros2_sims_ws/install/rclrs_tests:/home/simulations/ros2_sims_ws/install/examples_rclrs_minimal_client_service:/home/simulations/ros2_sims_ws/install/sensor_msgs_py:/home/simulations/ros2_sims_ws/install/examples_rclrs_minimal_pub_sub:/home/simulations/ros2_sims_ws/install/examples_rclrs_message_demo:/home/simulations/ros2_sims_ws/install/rclrs:/home/simulations/ros2_sims_ws/install/rosidl_runtime_rs:/home/user/ros2_ws/install/robotiq_85_driver:/opt/ros/humble:/home/user/ros2_ws/install/gazebo_grasp_plugin:/home/user/ros2_ws/install/gazebo_version_helpers:/home/user/ros2_ws/install/ur3e_moveit_config:/home/user/ros2_ws/install/test_moveit_config:/home/user/ros2_ws/install/test2_moveit_config:/home/user/ros2_ws/install/my_moveit_config:/home/user/ros2_ws/install/my_moveit2_config:/home/user/ros2_ws/install/simple_grasping:/home/user/ros2_ws/install/ros_testing:/home/user/ros2_ws/install/robotnik_sensors_gazebo:/home/user/ros2_ws/install/robotnik_sensors:/home/user/ros2_ws/install/pilz_industrial_motion_planner_testutils:/home/user/ros2_ws/install/moveit_runtime:/home/user/ros2_ws/install/moveit:/home/user/ros2_ws/install/moveit_planners:/home/user/ros2_ws/install/pilz_industrial_motion_planner:/home/user/ros2_ws/install/moveit_ros_control_interface:/home/user/ros2_ws/install/moveit_plugins:/home/user/ros2_ws/install/moveit_simple_controller_manager:/home/user/ros2_ws/install/moveit_setup_assistant:/home/user/ros2_ws/install/moveit_setup_srdf_plugins:/home/user/ros2_ws/install/moveit_setup_core_plugins:/home/user/ros2_ws/install/moveit_setup_controllers:/home/user/ros2_ws/install/moveit_setup_app_plugins:/home/user/ros2_ws/install/moveit_setup_framework:/home/user/ros2_ws/install/moveit_servo:/home/user/ros2_ws/install/moveit_ros:/home/user/ros2_ws/install/moveit_ros_visualization:/home/user/ros2_ws/install/moveit_hybrid_planning:/home/user/ros2_ws/install/moveit2_scripts:/home/user/ros2_ws/install/moveit_ros_planning_interface:/home/user/ros2_ws/install/moveit_ros_benchmarks:/home/user/ros2_ws/install/moveit_ros_warehouse:/home/user/ros2_ws/install/moveit_ros_robot_interaction:/home/user/ros2_ws/install/moveit_ros_perception:/home/user/ros2_ws/install/moveit_resources_prbt_pg70_support:/home/user/ros2_ws/install/moveit_resources_prbt_moveit_config:/home/user/ros2_ws/install/moveit_ros_move_group:/home/user/ros2_ws/install/moveit_planners_ompl:/home/user/ros2_ws/install/moveit_ros_planning:/home/user/ros2_ws/install/moveit_ros_occupancy_map_monitor:/home/user/ros2_ws/install/moveit_resources_prbt_support:/home/user/ros2_ws/install/moveit_resources_prbt_ikfast_manipulator_plugin:/home/user/ros2_ws/install/moveit_planners_chomp:/home/user/ros2_ws/install/moveit_kinematics:/home/user/ros2_ws/install/moveit_chomp_optimizer_adapter:/home/user/ros2_ws/install/chomp_motion_planner:/home/user/ros2_ws/install/moveit_core:/home/user/ros2_ws/install/moveit_common:/home/simulations/ros2_sims_ws/install/common_interfaces:/home/simulations/ros2_sims_ws/install/visualization_msgs:/home/simulations/ros2_sims_ws/install/test_msgs:/home/simulations/ros2_sims_ws/install/example_interfaces:/home/simulations/ros2_sims_ws/install/action_msgs:/home/simulations/ros2_sims_ws/install/unique_identifier_msgs:/home/simulations/ros2_sims_ws/install/trajectory_msgs:/home/simulations/ros2_sims_ws/install/test_interface_files:/home/simulations/ros2_sims_ws/install/stereo_msgs:/home/simulations/ros2_sims_ws/install/std_srvs:/home/simulations/ros2_sims_ws/install/shape_msgs:/home/simulations/ros2_sims_ws/install/sensor_msgs:/home/simulations/ros2_sims_ws/install/nav_msgs:/home/simulations/ros2_sims_ws/install/diagnostic_msgs:/home/simulations/ros2_sims_ws/install/geometry_msgs:/home/simulations/ros2_sims_ws/install/actionlib_msgs:/home/simulations/ros2_sims_ws/install/std_msgs:/home/simulations/ros2_sims_ws/install/statistics_msgs:/home/simulations/ros2_sims_ws/install/rosgraph_msgs:/home/simulations/ros2_sims_ws/install/rclrs_example_msgs:/home/simulations/ros2_sims_ws/install/composition_interfaces:/home/simulations/ros2_sims_ws/install/rcl_interfaces:/home/simulations/ros2_sims_ws/install/lifecycle_msgs:/home/simulations/ros2_sims_ws/install/builtin_interfaces:/home/simulations/ros2_sims_ws/install/rosidl_default_runtime:/home/simulations/ros2_sims_ws/install/rosidl_default_generators:/home/simulations/ros2_sims_ws/install/rosidl_generator_rs:/home/user/ros2_ws/install/ur_simulation_gazebo:/home/user/ros2_ws/install/ur_description:/home/user/ros2_ws/install/the_construct_office_gazebo:/home/user/ros2_ws/install/robotiq_85_gripper:/home/user/ros2_ws/install/robotiq_85_msgs:/home/user/ros2_ws/install/robotiq_85_description:/home/user/ros2_ws/install/rg2_gripper_description:/home/user/ros2_ws/install/gazebo_ros2_control_demos:/home/user/ros2_ws/install/gazebo_ros2_control _=/usr/bin/env /usr/bin/cmake --install /home/user/ros2_ws/build/robotnik_sensors
