[0.092s] Invoking command in '/home/user/ros2_ws/build/gazebo_grasp_plugin': AMENT_PREFIX_PATH=/home/user/ros2_ws/install/gazebo_version_helpers:${AMENT_PREFIX_PATH} CMAKE_PREFIX_PATH=/home/user/ros2_ws/install/gazebo_version_helpers:/home/user/ros2_ws/install/ur3e_moveit_config:/home/user/ros2_ws/install/test_moveit_config:/home/user/ros2_ws/install/test2_moveit_config:/home/user/ros2_ws/install/my_moveit_config:/home/user/ros2_ws/install/my_moveit2_config:/home/user/ros2_ws/install/simple_grasping:/home/user/ros2_ws/install/ros_testing:/home/user/ros2_ws/install/robotnik_sensors_gazebo:/home/user/ros2_ws/install/robotnik_sensors:/home/user/ros2_ws/install/pilz_industrial_motion_planner_testutils:/home/user/ros2_ws/install/moveit_runtime:/home/user/ros2_ws/install/moveit:/home/user/ros2_ws/install/moveit_planners:/home/user/ros2_ws/install/pilz_industrial_motion_planner:/home/user/ros2_ws/install/moveit_ros_control_interface:/home/user/ros2_ws/install/moveit_plugins:/home/user/ros2_ws/install/moveit_simple_controller_manager:/home/user/ros2_ws/install/moveit_setup_assistant:/home/user/ros2_ws/install/moveit_setup_srdf_plugins:/home/user/ros2_ws/install/moveit_setup_core_plugins:/home/user/ros2_ws/install/moveit_setup_controllers:/home/user/ros2_ws/install/moveit_setup_app_plugins:/home/user/ros2_ws/install/moveit_setup_framework:/home/user/ros2_ws/install/moveit_servo:/home/user/ros2_ws/install/moveit_ros:/home/user/ros2_ws/install/moveit_ros_visualization:/home/user/ros2_ws/install/moveit_hybrid_planning:/home/user/ros2_ws/install/moveit2_scripts:/home/user/ros2_ws/install/moveit_ros_planning_interface:/home/user/ros2_ws/install/moveit_ros_benchmarks:/home/user/ros2_ws/install/moveit_ros_warehouse:/home/user/ros2_ws/install/moveit_ros_robot_interaction:/home/user/ros2_ws/install/moveit_ros_perception:/home/user/ros2_ws/install/moveit_resources_prbt_pg70_support:/home/user/ros2_ws/install/moveit_resources_prbt_moveit_config:/home/user/ros2_ws/install/moveit_ros_move_group:/home/user/ros2_ws/install/moveit_planners_ompl:/home/user/ros2_ws/install/moveit_ros_planning:/home/user/ros2_ws/install/moveit_ros_occupancy_map_monitor:/home/user/ros2_ws/install/moveit_resources_prbt_support:/home/user/ros2_ws/install/moveit_resources_prbt_ikfast_manipulator_plugin:/home/user/ros2_ws/install/moveit_planners_chomp:/home/user/ros2_ws/install/moveit_kinematics:/home/user/ros2_ws/install/moveit_chomp_optimizer_adapter:/home/user/ros2_ws/install/chomp_motion_planner:/home/user/ros2_ws/install/moveit_core:/home/user/ros2_ws/install/moveit_common:/home/simulations/ros2_sims_ws/install/common_interfaces:/home/simulations/ros2_sims_ws/install/visualization_msgs:/home/simulations/ros2_sims_ws/install/test_msgs:/home/simulations/ros2_sims_ws/install/example_interfaces:/home/simulations/ros2_sims_ws/install/action_msgs:/home/simulations/ros2_sims_ws/install/unique_identifier_msgs:/home/simulations/ros2_sims_ws/install/trajectory_msgs:/home/simulations/ros2_sims_ws/install/test_interface_files:/home/simulations/ros2_sims_ws/install/stereo_msgs:/home/simulations/ros2_sims_ws/install/std_srvs:/home/simulations/ros2_sims_ws/install/shape_msgs:/home/simulations/ros2_sims_ws/install/sensor_msgs:/home/simulations/ros2_sims_ws/install/nav_msgs:/home/simulations/ros2_sims_ws/install/diagnostic_msgs:/home/simulations/ros2_sims_ws/install/geometry_msgs:/home/simulations/ros2_sims_ws/install/actionlib_msgs:/home/simulations/ros2_sims_ws/install/std_msgs:/home/simulations/ros2_sims_ws/install/statistics_msgs:/home/simulations/ros2_sims_ws/install/rosgraph_msgs:/home/simulations/ros2_sims_ws/install/rclrs_example_msgs:/home/simulations/ros2_sims_ws/install/composition_interfaces:/home/simulations/ros2_sims_ws/install/rcl_interfaces:/home/simulations/ros2_sims_ws/install/lifecycle_msgs:/home/simulations/ros2_sims_ws/install/builtin_interfaces:/home/simulations/ros2_sims_ws/install/rosidl_default_runtime:/home/simulations/ros2_sims_ws/install/rosidl_default_generators:/home/simulations/ros2_sims_ws/install/rosidl_generator_rs:/home/user/ros2_ws/install/ur_simulation_gazebo:/home/user/ros2_ws/install/ur_description:/home/user/ros2_ws/install/the_construct_office_gazebo:/home/user/ros2_ws/install/robotiq_85_gripper:/home/user/ros2_ws/install/robotiq_85_msgs:/home/user/ros2_ws/install/robotiq_85_description:/home/user/ros2_ws/install/rg2_gripper_description:/home/user/ros2_ws/install/gazebo_ros2_control_demos:/home/user/ros2_ws/install/gazebo_ros2_control:/home/user/ros2_ws/install/ros2test:/home/user/ros2_ws/install/moveit_configs_utils:/home/simulations/ros2_sims_ws/install/rclrs_tests:/home/simulations/ros2_sims_ws/install/examples_rclrs_minimal_client_service:/home/simulations/ros2_sims_ws/install/sensor_msgs_py:/home/simulations/ros2_sims_ws/install/examples_rclrs_minimal_pub_sub:/home/simulations/ros2_sims_ws/install/examples_rclrs_message_demo:/home/simulations/ros2_sims_ws/install/rclrs:/home/simulations/ros2_sims_ws/install/rosidl_runtime_rs:/home/user/ros2_ws/install/robotiq_85_driver:/opt/ros/humble LD_LIBRARY_PATH=/home/user/ros2_ws/install/gazebo_version_helpers/lib:/home/user/ros2_ws/install/simple_grasping/lib:/home/user/ros2_ws/install/pilz_industrial_motion_planner_testutils/lib:/home/user/ros2_ws/install/pilz_industrial_motion_planner/lib:/home/user/ros2_ws/install/moveit_ros_control_interface/lib:/home/user/ros2_ws/install/moveit_simple_controller_manager/lib:/home/user/ros2_ws/install/moveit_setup_assistant/lib:/home/user/ros2_ws/install/moveit_setup_srdf_plugins/lib:/home/user/ros2_ws/install/moveit_setup_core_plugins/lib:/home/user/ros2_ws/install/moveit_setup_controllers/lib:/home/user/ros2_ws/install/moveit_setup_app_plugins/lib:/home/user/ros2_ws/install/moveit_setup_framework/lib:/home/user/ros2_ws/install/moveit_servo/lib:/home/user/ros2_ws/install/moveit_ros_visualization/lib:/home/user/ros2_ws/install/moveit_hybrid_planning/lib:/home/user/ros2_ws/install/moveit_ros_planning_interface/lib:/home/user/ros2_ws/install/moveit_ros_benchmarks/lib:/home/user/ros2_ws/install/moveit_ros_warehouse/lib:/home/user/ros2_ws/install/moveit_ros_robot_interaction/lib:/home/user/ros2_ws/install/moveit_ros_perception/lib:/home/user/ros2_ws/install/moveit_ros_move_group/lib:/home/user/ros2_ws/install/moveit_planners_ompl/lib:/home/user/ros2_ws/install/moveit_ros_planning/lib:/home/user/ros2_ws/install/moveit_ros_occupancy_map_monitor/lib:/home/user/ros2_ws/install/moveit_resources_prbt_ikfast_manipulator_plugin/lib:/home/user/ros2_ws/install/moveit_planners_chomp/lib:/home/user/ros2_ws/install/moveit_kinematics/lib:/home/user/ros2_ws/install/moveit_chomp_optimizer_adapter/lib:/home/user/ros2_ws/install/chomp_motion_planner/lib:/home/user/ros2_ws/install/moveit_core/lib:/usr/local/cuda-10.2/lib64:/home/user/.catkin_ws_python3/src/TensorRT-7.0.0.11/lib:/home/simulations/ros2_sims_ws/install/visualization_msgs/lib:/home/simulations/ros2_sims_ws/install/test_msgs/lib:/home/simulations/ros2_sims_ws/install/example_interfaces/lib:/home/simulations/ros2_sims_ws/install/action_msgs/lib:/home/simulations/ros2_sims_ws/install/unique_identifier_msgs/lib:/home/simulations/ros2_sims_ws/install/trajectory_msgs/lib:/home/simulations/ros2_sims_ws/install/stereo_msgs/lib:/home/simulations/ros2_sims_ws/install/std_srvs/lib:/home/simulations/ros2_sims_ws/install/shape_msgs/lib:/home/simulations/ros2_sims_ws/install/sensor_msgs/lib:/home/simulations/ros2_sims_ws/install/nav_msgs/lib:/home/simulations/ros2_sims_ws/install/diagnostic_msgs/lib:/home/simulations/ros2_sims_ws/install/geometry_msgs/lib:/home/simulations/ros2_sims_ws/install/actionlib_msgs/lib:/home/simulations/ros2_sims_ws/install/std_msgs/lib:/home/simulations/ros2_sims_ws/install/statistics_msgs/lib:/home/simulations/ros2_sims_ws/install/rosgraph_msgs/lib:/home/simulations/ros2_sims_ws/install/rclrs_example_msgs/lib:/home/simulations/ros2_sims_ws/install/composition_interfaces/lib:/home/simulations/ros2_sims_ws/install/rcl_interfaces/lib:/home/simulations/ros2_sims_ws/install/lifecycle_msgs/lib:/home/simulations/ros2_sims_ws/install/builtin_interfaces/lib:/home/user/ros2_ws/install/robotiq_85_msgs/lib:/home/user/ros2_ws/install/gazebo_ros2_control/lib:/opt/ros/humble/opt/rviz_ogre_vendor/lib:/opt/ros/humble/lib/x86_64-linux-gnu:/opt/ros/humble/lib:/usr/local/cuda-10.2/lib64:/home/user/.catkin_ws_python3/src/TensorRT-7.0.0.11/lib:/usr/lib/x86_64-linux-gnu/gazebo-11/plugins:/usr/lib/x86_64-linux-gnu/gazebo-11/plugins:/usr/lib/x86_64-linux-gnu/gazebo-11/plugins _=/usr/bin/env /usr/bin/cmake --build /home/user/ros2_ws/build/gazebo_grasp_plugin -- -j8 -l8
[0.228s] -- Found ament_cmake: 1.3.4 (/opt/ros/humble/share/ament_cmake/cmake)
[0.742s] -- Found gazebo_dev: 3.7.0 (/opt/ros/humble/share/gazebo_dev/cmake)
[0.831s] -- Found DART: /usr/include (Required is at least version "6.6") found components: dart 
[0.962s] -- Looking for ignition-math6 -- found version 6.12.0
[0.976s] -- Searching for dependencies of ignition-math6
[0.977s] -- Looking for OGRE...
[1.000s] -- Found Ogre Ghadamon (1.9.0)
[1.000s] -- Found OGRE: optimized;/usr/lib/x86_64-linux-gnu/libOgreMain.so;debug;/usr/lib/x86_64-linux-gnu/libOgreMain.so
[1.022s] -- Looking for OGRE_Paging...
[1.022s] -- Found OGRE_Paging: optimized;/usr/lib/x86_64-linux-gnu/libOgrePaging.so;debug;/usr/lib/x86_64-linux-gnu/libOgrePaging.so
[1.022s] -- Looking for OGRE_Terrain...
[1.022s] -- Found OGRE_Terrain: optimized;/usr/lib/x86_64-linux-gnu/libOgreTerrain.so;debug;/usr/lib/x86_64-linux-gnu/libOgreTerrain.so
[1.022s] -- Looking for OGRE_Property...
[1.024s] -- Found OGRE_Property: optimized;/usr/lib/x86_64-linux-gnu/libOgreProperty.so;debug;/usr/lib/x86_64-linux-gnu/libOgreProperty.so
[1.024s] -- Looking for OGRE_RTShaderSystem...
[1.025s] -- Found OGRE_RTShaderSystem: optimized;/usr/lib/x86_64-linux-gnu/libOgreRTShaderSystem.so;debug;/usr/lib/x86_64-linux-gnu/libOgreRTShaderSystem.so
[1.025s] -- Looking for OGRE_Volume...
[1.025s] -- Found OGRE_Volume: optimized;/usr/lib/x86_64-linux-gnu/libOgreVolume.so;debug;/usr/lib/x86_64-linux-gnu/libOgreVolume.so
[1.026s] -- Looking for OGRE_Overlay...
[1.026s] -- Found OGRE_Overlay: optimized;/usr/lib/x86_64-linux-gnu/libOgreOverlay.so;debug;/usr/lib/x86_64-linux-gnu/libOgreOverlay.so
[2.194s] -- Looking for ignition-math6 -- found version 6.12.0
[2.194s] -- Looking for ignition-transport8 -- found version 8.2.1
[2.195s] -- Searching for dependencies of ignition-transport8
[2.294s] -- Found Protobuf: /usr/lib/x86_64-linux-gnu/libprotobuf.so (found suitable version "3.12.4", minimum required is "3") 
[2.307s] -- Config-file not installed for ZeroMQ -- checking for pkg-config
[2.322s] -- Checking for module 'libzmq >= 4'
[2.399s] --   Found libzmq , version 4.3.4
[2.555s] -- Checking for module 'uuid'
[2.610s] --   Found uuid, version 2.37.2
[2.756s] -- Looking for ignition-msgs5 -- found version 5.8.1
[2.756s] -- Searching for dependencies of ignition-msgs5
[2.827s] -- Looking for ignition-math6 -- found version 6.12.0
[2.838s] -- Checking for module 'tinyxml2'
[2.877s] --   Found tinyxml2, version 9.0.0
[3.000s] -- Looking for ignition-msgs5 -- found version 5.8.1
[3.000s] -- Looking for ignition-common3 -- found version 3.14.0
[3.001s] -- Searching for dependencies of ignition-common3
[3.003s] -- Looking for dlfcn.h - found
[3.003s] -- Looking for libdl - found
[3.003s] -- Searching for <ignition-common3> component [graphics]
[3.004s] -- Looking for ignition-common3-graphics -- found version 3.14.0
[3.004s] -- Searching for dependencies of ignition-common3-graphics
[3.004s] -- Looking for ignition-math6 -- found version 6.12.0
[3.004s] -- Looking for ignition-fuel_tools4 -- found version 4.4.0
[3.005s] -- Searching for dependencies of ignition-fuel_tools4
[3.091s] -- Checking for module 'jsoncpp'
[3.131s] --   Found jsoncpp, version 1.9.5
[3.222s] -- Checking for module 'libzip'
[3.263s] --   Found libzip, version 1.7.3
[3.341s] -- Looking for ignition-common3 -- found version 3.14.0
[3.342s] -- Looking for ignition-math6 -- found version 6.12.0
[3.342s] -- Looking for ignition-msgs5 -- found version 5.8.1
[3.344s] -- Gazebo version: 11.10
[3.345s] -- Found gazebo_ros: 3.7.0 (/opt/ros/humble/share/gazebo_ros/cmake)
[3.395s] -- Found rosidl_generator_c: 3.1.4 (/opt/ros/humble/share/rosidl_generator_c/cmake)
[3.399s] -- Found rosidl_adapter: 3.1.4 (/opt/ros/humble/share/rosidl_adapter/cmake)
[3.406s] -- Found rosidl_generator_cpp: 3.1.4 (/opt/ros/humble/share/rosidl_generator_cpp/cmake)
[3.425s] -- Using all available rosidl_typesupport_c: rosidl_typesupport_fastrtps_c;rosidl_typesupport_introspection_c
[3.449s] -- Using all available rosidl_typesupport_cpp: rosidl_typesupport_fastrtps_cpp;rosidl_typesupport_introspection_cpp
[3.529s] -- Found rmw_implementation_cmake: 6.1.1 (/opt/ros/humble/share/rmw_implementation_cmake/cmake)
[3.536s] -- Found rmw_fastrtps_cpp: 6.2.2 (/opt/ros/humble/share/rmw_fastrtps_cpp/cmake)
[3.853s] -- Using RMW implementation 'rmw_fastrtps_cpp' as default
[4.261s] -- Found geometry_msgs: 4.2.3 (/home/simulations/ros2_sims_ws/install/geometry_msgs/share/geometry_msgs/cmake)
[4.360s] -- Found gazebo_version_helpers: 0.0.0 (/home/user/ros2_ws/install/gazebo_version_helpers/share/gazebo_version_helpers/cmake)
[4.390s] -- Found Protobuf: /usr/lib/x86_64-linux-gnu/libprotobuf.so (found version "3.12.4") 
[4.736s] -- Configuring done
[4.794s] -- Generating done
[4.795s] -- Build files have been written to: /home/user/ros2_ws/build/gazebo_grasp_plugin
[4.865s] [35m[1mConsolidate compiler generated dependencies of target gazebo_grasp_msgs[0m
[4.914s] [ 50%] Built target gazebo_grasp_msgs
[4.970s] [35m[1mConsolidate compiler generated dependencies of target gazebo_grasp_fix[0m
[5.115s] [100%] Built target gazebo_grasp_fix
[5.154s] Invoked command in '/home/user/ros2_ws/build/gazebo_grasp_plugin' returned '0': AMENT_PREFIX_PATH=/home/user/ros2_ws/install/gazebo_version_helpers:${AMENT_PREFIX_PATH} CMAKE_PREFIX_PATH=/home/user/ros2_ws/install/gazebo_version_helpers:/home/user/ros2_ws/install/ur3e_moveit_config:/home/user/ros2_ws/install/test_moveit_config:/home/user/ros2_ws/install/test2_moveit_config:/home/user/ros2_ws/install/my_moveit_config:/home/user/ros2_ws/install/my_moveit2_config:/home/user/ros2_ws/install/simple_grasping:/home/user/ros2_ws/install/ros_testing:/home/user/ros2_ws/install/robotnik_sensors_gazebo:/home/user/ros2_ws/install/robotnik_sensors:/home/user/ros2_ws/install/pilz_industrial_motion_planner_testutils:/home/user/ros2_ws/install/moveit_runtime:/home/user/ros2_ws/install/moveit:/home/user/ros2_ws/install/moveit_planners:/home/user/ros2_ws/install/pilz_industrial_motion_planner:/home/user/ros2_ws/install/moveit_ros_control_interface:/home/user/ros2_ws/install/moveit_plugins:/home/user/ros2_ws/install/moveit_simple_controller_manager:/home/user/ros2_ws/install/moveit_setup_assistant:/home/user/ros2_ws/install/moveit_setup_srdf_plugins:/home/user/ros2_ws/install/moveit_setup_core_plugins:/home/user/ros2_ws/install/moveit_setup_controllers:/home/user/ros2_ws/install/moveit_setup_app_plugins:/home/user/ros2_ws/install/moveit_setup_framework:/home/user/ros2_ws/install/moveit_servo:/home/user/ros2_ws/install/moveit_ros:/home/user/ros2_ws/install/moveit_ros_visualization:/home/user/ros2_ws/install/moveit_hybrid_planning:/home/user/ros2_ws/install/moveit2_scripts:/home/user/ros2_ws/install/moveit_ros_planning_interface:/home/user/ros2_ws/install/moveit_ros_benchmarks:/home/user/ros2_ws/install/moveit_ros_warehouse:/home/user/ros2_ws/install/moveit_ros_robot_interaction:/home/user/ros2_ws/install/moveit_ros_perception:/home/user/ros2_ws/install/moveit_resources_prbt_pg70_support:/home/user/ros2_ws/install/moveit_resources_prbt_moveit_config:/home/user/ros2_ws/install/moveit_ros_move_group:/home/user/ros2_ws/install/moveit_planners_ompl:/home/user/ros2_ws/install/moveit_ros_planning:/home/user/ros2_ws/install/moveit_ros_occupancy_map_monitor:/home/user/ros2_ws/install/moveit_resources_prbt_support:/home/user/ros2_ws/install/moveit_resources_prbt_ikfast_manipulator_plugin:/home/user/ros2_ws/install/moveit_planners_chomp:/home/user/ros2_ws/install/moveit_kinematics:/home/user/ros2_ws/install/moveit_chomp_optimizer_adapter:/home/user/ros2_ws/install/chomp_motion_planner:/home/user/ros2_ws/install/moveit_core:/home/user/ros2_ws/install/moveit_common:/home/simulations/ros2_sims_ws/install/common_interfaces:/home/simulations/ros2_sims_ws/install/visualization_msgs:/home/simulations/ros2_sims_ws/install/test_msgs:/home/simulations/ros2_sims_ws/install/example_interfaces:/home/simulations/ros2_sims_ws/install/action_msgs:/home/simulations/ros2_sims_ws/install/unique_identifier_msgs:/home/simulations/ros2_sims_ws/install/trajectory_msgs:/home/simulations/ros2_sims_ws/install/test_interface_files:/home/simulations/ros2_sims_ws/install/stereo_msgs:/home/simulations/ros2_sims_ws/install/std_srvs:/home/simulations/ros2_sims_ws/install/shape_msgs:/home/simulations/ros2_sims_ws/install/sensor_msgs:/home/simulations/ros2_sims_ws/install/nav_msgs:/home/simulations/ros2_sims_ws/install/diagnostic_msgs:/home/simulations/ros2_sims_ws/install/geometry_msgs:/home/simulations/ros2_sims_ws/install/actionlib_msgs:/home/simulations/ros2_sims_ws/install/std_msgs:/home/simulations/ros2_sims_ws/install/statistics_msgs:/home/simulations/ros2_sims_ws/install/rosgraph_msgs:/home/simulations/ros2_sims_ws/install/rclrs_example_msgs:/home/simulations/ros2_sims_ws/install/composition_interfaces:/home/simulations/ros2_sims_ws/install/rcl_interfaces:/home/simulations/ros2_sims_ws/install/lifecycle_msgs:/home/simulations/ros2_sims_ws/install/builtin_interfaces:/home/simulations/ros2_sims_ws/install/rosidl_default_runtime:/home/simulations/ros2_sims_ws/install/rosidl_default_generators:/home/simulations/ros2_sims_ws/install/rosidl_generator_rs:/home/user/ros2_ws/install/ur_simulation_gazebo:/home/user/ros2_ws/install/ur_description:/home/user/ros2_ws/install/the_construct_office_gazebo:/home/user/ros2_ws/install/robotiq_85_gripper:/home/user/ros2_ws/install/robotiq_85_msgs:/home/user/ros2_ws/install/robotiq_85_description:/home/user/ros2_ws/install/rg2_gripper_description:/home/user/ros2_ws/install/gazebo_ros2_control_demos:/home/user/ros2_ws/install/gazebo_ros2_control:/home/user/ros2_ws/install/ros2test:/home/user/ros2_ws/install/moveit_configs_utils:/home/simulations/ros2_sims_ws/install/rclrs_tests:/home/simulations/ros2_sims_ws/install/examples_rclrs_minimal_client_service:/home/simulations/ros2_sims_ws/install/sensor_msgs_py:/home/simulations/ros2_sims_ws/install/examples_rclrs_minimal_pub_sub:/home/simulations/ros2_sims_ws/install/examples_rclrs_message_demo:/home/simulations/ros2_sims_ws/install/rclrs:/home/simulations/ros2_sims_ws/install/rosidl_runtime_rs:/home/user/ros2_ws/install/robotiq_85_driver:/opt/ros/humble LD_LIBRARY_PATH=/home/user/ros2_ws/install/gazebo_version_helpers/lib:/home/user/ros2_ws/install/simple_grasping/lib:/home/user/ros2_ws/install/pilz_industrial_motion_planner_testutils/lib:/home/user/ros2_ws/install/pilz_industrial_motion_planner/lib:/home/user/ros2_ws/install/moveit_ros_control_interface/lib:/home/user/ros2_ws/install/moveit_simple_controller_manager/lib:/home/user/ros2_ws/install/moveit_setup_assistant/lib:/home/user/ros2_ws/install/moveit_setup_srdf_plugins/lib:/home/user/ros2_ws/install/moveit_setup_core_plugins/lib:/home/user/ros2_ws/install/moveit_setup_controllers/lib:/home/user/ros2_ws/install/moveit_setup_app_plugins/lib:/home/user/ros2_ws/install/moveit_setup_framework/lib:/home/user/ros2_ws/install/moveit_servo/lib:/home/user/ros2_ws/install/moveit_ros_visualization/lib:/home/user/ros2_ws/install/moveit_hybrid_planning/lib:/home/user/ros2_ws/install/moveit_ros_planning_interface/lib:/home/user/ros2_ws/install/moveit_ros_benchmarks/lib:/home/user/ros2_ws/install/moveit_ros_warehouse/lib:/home/user/ros2_ws/install/moveit_ros_robot_interaction/lib:/home/user/ros2_ws/install/moveit_ros_perception/lib:/home/user/ros2_ws/install/moveit_ros_move_group/lib:/home/user/ros2_ws/install/moveit_planners_ompl/lib:/home/user/ros2_ws/install/moveit_ros_planning/lib:/home/user/ros2_ws/install/moveit_ros_occupancy_map_monitor/lib:/home/user/ros2_ws/install/moveit_resources_prbt_ikfast_manipulator_plugin/lib:/home/user/ros2_ws/install/moveit_planners_chomp/lib:/home/user/ros2_ws/install/moveit_kinematics/lib:/home/user/ros2_ws/install/moveit_chomp_optimizer_adapter/lib:/home/user/ros2_ws/install/chomp_motion_planner/lib:/home/user/ros2_ws/install/moveit_core/lib:/usr/local/cuda-10.2/lib64:/home/user/.catkin_ws_python3/src/TensorRT-7.0.0.11/lib:/home/simulations/ros2_sims_ws/install/visualization_msgs/lib:/home/simulations/ros2_sims_ws/install/test_msgs/lib:/home/simulations/ros2_sims_ws/install/example_interfaces/lib:/home/simulations/ros2_sims_ws/install/action_msgs/lib:/home/simulations/ros2_sims_ws/install/unique_identifier_msgs/lib:/home/simulations/ros2_sims_ws/install/trajectory_msgs/lib:/home/simulations/ros2_sims_ws/install/stereo_msgs/lib:/home/simulations/ros2_sims_ws/install/std_srvs/lib:/home/simulations/ros2_sims_ws/install/shape_msgs/lib:/home/simulations/ros2_sims_ws/install/sensor_msgs/lib:/home/simulations/ros2_sims_ws/install/nav_msgs/lib:/home/simulations/ros2_sims_ws/install/diagnostic_msgs/lib:/home/simulations/ros2_sims_ws/install/geometry_msgs/lib:/home/simulations/ros2_sims_ws/install/actionlib_msgs/lib:/home/simulations/ros2_sims_ws/install/std_msgs/lib:/home/simulations/ros2_sims_ws/install/statistics_msgs/lib:/home/simulations/ros2_sims_ws/install/rosgraph_msgs/lib:/home/simulations/ros2_sims_ws/install/rclrs_example_msgs/lib:/home/simulations/ros2_sims_ws/install/composition_interfaces/lib:/home/simulations/ros2_sims_ws/install/rcl_interfaces/lib:/home/simulations/ros2_sims_ws/install/lifecycle_msgs/lib:/home/simulations/ros2_sims_ws/install/builtin_interfaces/lib:/home/user/ros2_ws/install/robotiq_85_msgs/lib:/home/user/ros2_ws/install/gazebo_ros2_control/lib:/opt/ros/humble/opt/rviz_ogre_vendor/lib:/opt/ros/humble/lib/x86_64-linux-gnu:/opt/ros/humble/lib:/usr/local/cuda-10.2/lib64:/home/user/.catkin_ws_python3/src/TensorRT-7.0.0.11/lib:/usr/lib/x86_64-linux-gnu/gazebo-11/plugins:/usr/lib/x86_64-linux-gnu/gazebo-11/plugins:/usr/lib/x86_64-linux-gnu/gazebo-11/plugins _=/usr/bin/env /usr/bin/cmake --build /home/user/ros2_ws/build/gazebo_grasp_plugin -- -j8 -l8
[5.406s] Invoking command in '/home/user/ros2_ws/build/gazebo_grasp_plugin': AMENT_PREFIX_PATH=/home/user/ros2_ws/install/gazebo_version_helpers:${AMENT_PREFIX_PATH} CMAKE_PREFIX_PATH=/home/user/ros2_ws/install/gazebo_version_helpers:/home/user/ros2_ws/install/ur3e_moveit_config:/home/user/ros2_ws/install/test_moveit_config:/home/user/ros2_ws/install/test2_moveit_config:/home/user/ros2_ws/install/my_moveit_config:/home/user/ros2_ws/install/my_moveit2_config:/home/user/ros2_ws/install/simple_grasping:/home/user/ros2_ws/install/ros_testing:/home/user/ros2_ws/install/robotnik_sensors_gazebo:/home/user/ros2_ws/install/robotnik_sensors:/home/user/ros2_ws/install/pilz_industrial_motion_planner_testutils:/home/user/ros2_ws/install/moveit_runtime:/home/user/ros2_ws/install/moveit:/home/user/ros2_ws/install/moveit_planners:/home/user/ros2_ws/install/pilz_industrial_motion_planner:/home/user/ros2_ws/install/moveit_ros_control_interface:/home/user/ros2_ws/install/moveit_plugins:/home/user/ros2_ws/install/moveit_simple_controller_manager:/home/user/ros2_ws/install/moveit_setup_assistant:/home/user/ros2_ws/install/moveit_setup_srdf_plugins:/home/user/ros2_ws/install/moveit_setup_core_plugins:/home/user/ros2_ws/install/moveit_setup_controllers:/home/user/ros2_ws/install/moveit_setup_app_plugins:/home/user/ros2_ws/install/moveit_setup_framework:/home/user/ros2_ws/install/moveit_servo:/home/user/ros2_ws/install/moveit_ros:/home/user/ros2_ws/install/moveit_ros_visualization:/home/user/ros2_ws/install/moveit_hybrid_planning:/home/user/ros2_ws/install/moveit2_scripts:/home/user/ros2_ws/install/moveit_ros_planning_interface:/home/user/ros2_ws/install/moveit_ros_benchmarks:/home/user/ros2_ws/install/moveit_ros_warehouse:/home/user/ros2_ws/install/moveit_ros_robot_interaction:/home/user/ros2_ws/install/moveit_ros_perception:/home/user/ros2_ws/install/moveit_resources_prbt_pg70_support:/home/user/ros2_ws/install/moveit_resources_prbt_moveit_config:/home/user/ros2_ws/install/moveit_ros_move_group:/home/user/ros2_ws/install/moveit_planners_ompl:/home/user/ros2_ws/install/moveit_ros_planning:/home/user/ros2_ws/install/moveit_ros_occupancy_map_monitor:/home/user/ros2_ws/install/moveit_resources_prbt_support:/home/user/ros2_ws/install/moveit_resources_prbt_ikfast_manipulator_plugin:/home/user/ros2_ws/install/moveit_planners_chomp:/home/user/ros2_ws/install/moveit_kinematics:/home/user/ros2_ws/install/moveit_chomp_optimizer_adapter:/home/user/ros2_ws/install/chomp_motion_planner:/home/user/ros2_ws/install/moveit_core:/home/user/ros2_ws/install/moveit_common:/home/simulations/ros2_sims_ws/install/common_interfaces:/home/simulations/ros2_sims_ws/install/visualization_msgs:/home/simulations/ros2_sims_ws/install/test_msgs:/home/simulations/ros2_sims_ws/install/example_interfaces:/home/simulations/ros2_sims_ws/install/action_msgs:/home/simulations/ros2_sims_ws/install/unique_identifier_msgs:/home/simulations/ros2_sims_ws/install/trajectory_msgs:/home/simulations/ros2_sims_ws/install/test_interface_files:/home/simulations/ros2_sims_ws/install/stereo_msgs:/home/simulations/ros2_sims_ws/install/std_srvs:/home/simulations/ros2_sims_ws/install/shape_msgs:/home/simulations/ros2_sims_ws/install/sensor_msgs:/home/simulations/ros2_sims_ws/install/nav_msgs:/home/simulations/ros2_sims_ws/install/diagnostic_msgs:/home/simulations/ros2_sims_ws/install/geometry_msgs:/home/simulations/ros2_sims_ws/install/actionlib_msgs:/home/simulations/ros2_sims_ws/install/std_msgs:/home/simulations/ros2_sims_ws/install/statistics_msgs:/home/simulations/ros2_sims_ws/install/rosgraph_msgs:/home/simulations/ros2_sims_ws/install/rclrs_example_msgs:/home/simulations/ros2_sims_ws/install/composition_interfaces:/home/simulations/ros2_sims_ws/install/rcl_interfaces:/home/simulations/ros2_sims_ws/install/lifecycle_msgs:/home/simulations/ros2_sims_ws/install/builtin_interfaces:/home/simulations/ros2_sims_ws/install/rosidl_default_runtime:/home/simulations/ros2_sims_ws/install/rosidl_default_generators:/home/simulations/ros2_sims_ws/install/rosidl_generator_rs:/home/user/ros2_ws/install/ur_simulation_gazebo:/home/user/ros2_ws/install/ur_description:/home/user/ros2_ws/install/the_construct_office_gazebo:/home/user/ros2_ws/install/robotiq_85_gripper:/home/user/ros2_ws/install/robotiq_85_msgs:/home/user/ros2_ws/install/robotiq_85_description:/home/user/ros2_ws/install/rg2_gripper_description:/home/user/ros2_ws/install/gazebo_ros2_control_demos:/home/user/ros2_ws/install/gazebo_ros2_control:/home/user/ros2_ws/install/ros2test:/home/user/ros2_ws/install/moveit_configs_utils:/home/simulations/ros2_sims_ws/install/rclrs_tests:/home/simulations/ros2_sims_ws/install/examples_rclrs_minimal_client_service:/home/simulations/ros2_sims_ws/install/sensor_msgs_py:/home/simulations/ros2_sims_ws/install/examples_rclrs_minimal_pub_sub:/home/simulations/ros2_sims_ws/install/examples_rclrs_message_demo:/home/simulations/ros2_sims_ws/install/rclrs:/home/simulations/ros2_sims_ws/install/rosidl_runtime_rs:/home/user/ros2_ws/install/robotiq_85_driver:/opt/ros/humble LD_LIBRARY_PATH=/home/user/ros2_ws/install/gazebo_version_helpers/lib:/home/user/ros2_ws/install/simple_grasping/lib:/home/user/ros2_ws/install/pilz_industrial_motion_planner_testutils/lib:/home/user/ros2_ws/install/pilz_industrial_motion_planner/lib:/home/user/ros2_ws/install/moveit_ros_control_interface/lib:/home/user/ros2_ws/install/moveit_simple_controller_manager/lib:/home/user/ros2_ws/install/moveit_setup_assistant/lib:/home/user/ros2_ws/install/moveit_setup_srdf_plugins/lib:/home/user/ros2_ws/install/moveit_setup_core_plugins/lib:/home/user/ros2_ws/install/moveit_setup_controllers/lib:/home/user/ros2_ws/install/moveit_setup_app_plugins/lib:/home/user/ros2_ws/install/moveit_setup_framework/lib:/home/user/ros2_ws/install/moveit_servo/lib:/home/user/ros2_ws/install/moveit_ros_visualization/lib:/home/user/ros2_ws/install/moveit_hybrid_planning/lib:/home/user/ros2_ws/install/moveit_ros_planning_interface/lib:/home/user/ros2_ws/install/moveit_ros_benchmarks/lib:/home/user/ros2_ws/install/moveit_ros_warehouse/lib:/home/user/ros2_ws/install/moveit_ros_robot_interaction/lib:/home/user/ros2_ws/install/moveit_ros_perception/lib:/home/user/ros2_ws/install/moveit_ros_move_group/lib:/home/user/ros2_ws/install/moveit_planners_ompl/lib:/home/user/ros2_ws/install/moveit_ros_planning/lib:/home/user/ros2_ws/install/moveit_ros_occupancy_map_monitor/lib:/home/user/ros2_ws/install/moveit_resources_prbt_ikfast_manipulator_plugin/lib:/home/user/ros2_ws/install/moveit_planners_chomp/lib:/home/user/ros2_ws/install/moveit_kinematics/lib:/home/user/ros2_ws/install/moveit_chomp_optimizer_adapter/lib:/home/user/ros2_ws/install/chomp_motion_planner/lib:/home/user/ros2_ws/install/moveit_core/lib:/usr/local/cuda-10.2/lib64:/home/user/.catkin_ws_python3/src/TensorRT-7.0.0.11/lib:/home/simulations/ros2_sims_ws/install/visualization_msgs/lib:/home/simulations/ros2_sims_ws/install/test_msgs/lib:/home/simulations/ros2_sims_ws/install/example_interfaces/lib:/home/simulations/ros2_sims_ws/install/action_msgs/lib:/home/simulations/ros2_sims_ws/install/unique_identifier_msgs/lib:/home/simulations/ros2_sims_ws/install/trajectory_msgs/lib:/home/simulations/ros2_sims_ws/install/stereo_msgs/lib:/home/simulations/ros2_sims_ws/install/std_srvs/lib:/home/simulations/ros2_sims_ws/install/shape_msgs/lib:/home/simulations/ros2_sims_ws/install/sensor_msgs/lib:/home/simulations/ros2_sims_ws/install/nav_msgs/lib:/home/simulations/ros2_sims_ws/install/diagnostic_msgs/lib:/home/simulations/ros2_sims_ws/install/geometry_msgs/lib:/home/simulations/ros2_sims_ws/install/actionlib_msgs/lib:/home/simulations/ros2_sims_ws/install/std_msgs/lib:/home/simulations/ros2_sims_ws/install/statistics_msgs/lib:/home/simulations/ros2_sims_ws/install/rosgraph_msgs/lib:/home/simulations/ros2_sims_ws/install/rclrs_example_msgs/lib:/home/simulations/ros2_sims_ws/install/composition_interfaces/lib:/home/simulations/ros2_sims_ws/install/rcl_interfaces/lib:/home/simulations/ros2_sims_ws/install/lifecycle_msgs/lib:/home/simulations/ros2_sims_ws/install/builtin_interfaces/lib:/home/user/ros2_ws/install/robotiq_85_msgs/lib:/home/user/ros2_ws/install/gazebo_ros2_control/lib:/opt/ros/humble/opt/rviz_ogre_vendor/lib:/opt/ros/humble/lib/x86_64-linux-gnu:/opt/ros/humble/lib:/usr/local/cuda-10.2/lib64:/home/user/.catkin_ws_python3/src/TensorRT-7.0.0.11/lib:/usr/lib/x86_64-linux-gnu/gazebo-11/plugins:/usr/lib/x86_64-linux-gnu/gazebo-11/plugins:/usr/lib/x86_64-linux-gnu/gazebo-11/plugins _=/usr/bin/env /usr/bin/cmake --install /home/user/ros2_ws/build/gazebo_grasp_plugin
[5.452s] -- Install configuration: ""
[5.452s] -- Up-to-date: /home/user/ros2_ws/install/gazebo_grasp_plugin/share/gazebo_grasp_plugin/environment/library_path.sh
[5.452s] -- Installing: /home/user/ros2_ws/install/gazebo_grasp_plugin/share/gazebo_grasp_plugin/environment/library_path.dsv
[5.458s] -- Installing: /home/user/ros2_ws/install/gazebo_grasp_plugin/lib/libgazebo_grasp_fix.so
[5.459s] -- Set runtime path of "/home/user/ros2_ws/install/gazebo_grasp_plugin/lib/libgazebo_grasp_fix.so" to ""
[5.459s] -- Installing: /home/user/ros2_ws/install/gazebo_grasp_plugin/lib/libgazebo_grasp_msgs.so
[5.459s] -- Up-to-date: /home/user/ros2_ws/install/gazebo_grasp_plugin/include
[5.459s] -- Up-to-date: /home/user/ros2_ws/install/gazebo_grasp_plugin/include/gazebo_grasp_plugin
[5.459s] -- Up-to-date: /home/user/ros2_ws/install/gazebo_grasp_plugin/include/gazebo_grasp_plugin/GazeboGraspGripper.h
[5.459s] -- Up-to-date: /home/user/ros2_ws/install/gazebo_grasp_plugin/include/gazebo_grasp_plugin/GazeboGraspFix.h
[5.460s] -- Up-to-date: /home/user/ros2_ws/install/gazebo_grasp_plugin/include/gazebo_grasp_plugin/gazebo_grasp_plugin
[5.460s] -- Up-to-date: /home/user/ros2_ws/install/gazebo_grasp_plugin/include/gazebo_grasp_plugin/gazebo_grasp_plugin/grasp_event.pb.h
[5.460s] -- Up-to-date: /home/user/ros2_ws/install/gazebo_grasp_plugin/include/gazebo_grasp_plugin/gazebo_grasp_plugin/ament_cmake_package_templates
[5.464s] -- Up-to-date: /home/user/ros2_ws/install/gazebo_grasp_plugin/include/gazebo_grasp_plugin/gazebo_grasp_plugin/ament_cmake_core
[5.464s] -- Up-to-date: /home/user/ros2_ws/install/gazebo_grasp_plugin/include/gazebo_grasp_plugin/gazebo_grasp_plugin/ament_cmake_core/stamps
[5.464s] -- Up-to-date: /home/user/ros2_ws/install/gazebo_grasp_plugin/include/gazebo_grasp_plugin/gazebo_grasp_plugin/ament_cmake_environment_hooks
[5.464s] -- Up-to-date: /home/user/ros2_ws/install/gazebo_grasp_plugin/include/gazebo_grasp_plugin/gazebo_grasp_plugin/ament_cmake_export_targets
[5.464s] -- Up-to-date: /home/user/ros2_ws/install/gazebo_grasp_plugin/include/gazebo_grasp_plugin/gazebo_grasp_plugin/ament_cmake_export_include_directories
[5.464s] -- Up-to-date: /home/user/ros2_ws/install/gazebo_grasp_plugin/include/gazebo_grasp_plugin/gazebo_grasp_plugin/msgs
[5.465s] -- Up-to-date: /home/user/ros2_ws/install/gazebo_grasp_plugin/include/gazebo_grasp_plugin/gazebo_grasp_plugin/msgs/grasp_event.pb.h
[5.465s] -- Up-to-date: /home/user/ros2_ws/install/gazebo_grasp_plugin/include/gazebo_grasp_plugin/gazebo_grasp_plugin/CMakeFiles
[5.465s] -- Up-to-date: /home/user/ros2_ws/install/gazebo_grasp_plugin/include/gazebo_grasp_plugin/gazebo_grasp_plugin/CMakeFiles/3.22.1
[5.465s] -- Up-to-date: /home/user/ros2_ws/install/gazebo_grasp_plugin/include/gazebo_grasp_plugin/gazebo_grasp_plugin/CMakeFiles/3.22.1/CompilerIdC
[5.465s] -- Up-to-date: /home/user/ros2_ws/install/gazebo_grasp_plugin/include/gazebo_grasp_plugin/gazebo_grasp_plugin/CMakeFiles/3.22.1/CompilerIdC/tmp
[5.465s] -- Up-to-date: /home/user/ros2_ws/install/gazebo_grasp_plugin/include/gazebo_grasp_plugin/gazebo_grasp_plugin/CMakeFiles/3.22.1/CompilerIdCXX
[5.466s] -- Up-to-date: /home/user/ros2_ws/install/gazebo_grasp_plugin/include/gazebo_grasp_plugin/gazebo_grasp_plugin/CMakeFiles/3.22.1/CompilerIdCXX/tmp
[5.466s] -- Up-to-date: /home/user/ros2_ws/install/gazebo_grasp_plugin/include/gazebo_grasp_plugin/gazebo_grasp_plugin/CMakeFiles/Export
[5.469s] -- Up-to-date: /home/user/ros2_ws/install/gazebo_grasp_plugin/include/gazebo_grasp_plugin/gazebo_grasp_plugin/CMakeFiles/Export/share
[5.470s] -- Up-to-date: /home/user/ros2_ws/install/gazebo_grasp_plugin/include/gazebo_grasp_plugin/gazebo_grasp_plugin/CMakeFiles/Export/share/gazebo_grasp_plugin
[5.470s] -- Up-to-date: /home/user/ros2_ws/install/gazebo_grasp_plugin/include/gazebo_grasp_plugin/gazebo_grasp_plugin/CMakeFiles/Export/share/gazebo_grasp_plugin/cmake
[5.471s] -- Up-to-date: /home/user/ros2_ws/install/gazebo_grasp_plugin/include/gazebo_grasp_plugin/gazebo_grasp_plugin/CMakeFiles/gazebo_grasp_msgs.dir
[5.471s] -- Up-to-date: /home/user/ros2_ws/install/gazebo_grasp_plugin/include/gazebo_grasp_plugin/gazebo_grasp_plugin/CMakeFiles/gazebo_grasp_plugin_uninstall.dir
[5.472s] -- Up-to-date: /home/user/ros2_ws/install/gazebo_grasp_plugin/include/gazebo_grasp_plugin/gazebo_grasp_plugin/CMakeFiles/gazebo_grasp_fix.dir
[5.472s] -- Up-to-date: /home/user/ros2_ws/install/gazebo_grasp_plugin/include/gazebo_grasp_plugin/gazebo_grasp_plugin/CMakeFiles/gazebo_grasp_fix.dir/src
[5.473s] -- Up-to-date: /home/user/ros2_ws/install/gazebo_grasp_plugin/include/gazebo_grasp_plugin/gazebo_grasp_plugin/CMakeFiles/CMakeTmp
[5.474s] -- Up-to-date: /home/user/ros2_ws/install/gazebo_grasp_plugin/include/gazebo_grasp_plugin/gazebo_grasp_plugin/CMakeFiles/uninstall.dir
[5.476s] -- Up-to-date: /home/user/ros2_ws/install/gazebo_grasp_plugin/include/gazebo_grasp_plugin/gazebo_grasp_plugin/ament_cmake_index
[5.477s] -- Up-to-date: /home/user/ros2_ws/install/gazebo_grasp_plugin/include/gazebo_grasp_plugin/gazebo_grasp_plugin/ament_cmake_index/share
[5.477s] -- Up-to-date: /home/user/ros2_ws/install/gazebo_grasp_plugin/include/gazebo_grasp_plugin/gazebo_grasp_plugin/ament_cmake_index/share/ament_index
[5.477s] -- Up-to-date: /home/user/ros2_ws/install/gazebo_grasp_plugin/include/gazebo_grasp_plugin/gazebo_grasp_plugin/ament_cmake_index/share/ament_index/resource_index
[5.478s] -- Up-to-date: /home/user/ros2_ws/install/gazebo_grasp_plugin/include/gazebo_grasp_plugin/gazebo_grasp_plugin/ament_cmake_index/share/ament_index/resource_index/packages
[5.478s] -- Up-to-date: /home/user/ros2_ws/install/gazebo_grasp_plugin/include/gazebo_grasp_plugin/gazebo_grasp_plugin/ament_cmake_index/share/ament_index/resource_index/parent_prefix_path
[5.479s] -- Up-to-date: /home/user/ros2_ws/install/gazebo_grasp_plugin/include/gazebo_grasp_plugin/gazebo_grasp_plugin/ament_cmake_index/share/ament_index/resource_index/package_run_dependencies
[5.479s] -- Up-to-date: /home/user/ros2_ws/install/gazebo_grasp_plugin/include/gazebo_grasp_plugin/gazebo_grasp_plugin/ament_cmake_export_libraries
[5.480s] -- Up-to-date: /home/user/ros2_ws/install/gazebo_grasp_plugin/include/gazebo_grasp_plugin/gazebo_grasp_plugin/ament_cmake_export_dependencies
[5.481s] -- Up-to-date: /home/user/ros2_ws/install/gazebo_grasp_plugin/include/gazebo_grasp_plugin/gazebo_grasp_plugin/ament_cmake_uninstall_target
[5.481s] -- Up-to-date: /home/user/ros2_ws/install/gazebo_grasp_plugin/share/ament_index/resource_index/package_run_dependencies/gazebo_grasp_plugin
[5.482s] -- Up-to-date: /home/user/ros2_ws/install/gazebo_grasp_plugin/share/ament_index/resource_index/parent_prefix_path/gazebo_grasp_plugin
[5.482s] -- Up-to-date: /home/user/ros2_ws/install/gazebo_grasp_plugin/share/gazebo_grasp_plugin/environment/ament_prefix_path.sh
[5.482s] -- Installing: /home/user/ros2_ws/install/gazebo_grasp_plugin/share/gazebo_grasp_plugin/environment/ament_prefix_path.dsv
[5.483s] -- Up-to-date: /home/user/ros2_ws/install/gazebo_grasp_plugin/share/gazebo_grasp_plugin/environment/path.sh
[5.484s] -- Installing: /home/user/ros2_ws/install/gazebo_grasp_plugin/share/gazebo_grasp_plugin/environment/path.dsv
[5.485s] -- Up-to-date: /home/user/ros2_ws/install/gazebo_grasp_plugin/share/gazebo_grasp_plugin/local_setup.bash
[5.485s] -- Up-to-date: /home/user/ros2_ws/install/gazebo_grasp_plugin/share/gazebo_grasp_plugin/local_setup.sh
[5.485s] -- Up-to-date: /home/user/ros2_ws/install/gazebo_grasp_plugin/share/gazebo_grasp_plugin/local_setup.zsh
[5.489s] -- Installing: /home/user/ros2_ws/install/gazebo_grasp_plugin/share/gazebo_grasp_plugin/local_setup.dsv
[5.489s] -- Installing: /home/user/ros2_ws/install/gazebo_grasp_plugin/share/gazebo_grasp_plugin/package.dsv
[5.490s] -- Up-to-date: /home/user/ros2_ws/install/gazebo_grasp_plugin/share/ament_index/resource_index/packages/gazebo_grasp_plugin
[5.490s] -- Up-to-date: /home/user/ros2_ws/install/gazebo_grasp_plugin/share/gazebo_grasp_plugin/cmake/gazebo_grasp_fixExport.cmake
[5.491s] -- Installing: /home/user/ros2_ws/install/gazebo_grasp_plugin/share/gazebo_grasp_plugin/cmake/gazebo_grasp_fixExport-noconfig.cmake
[5.491s] -- Up-to-date: /home/user/ros2_ws/install/gazebo_grasp_plugin/share/gazebo_grasp_plugin/cmake/ament_cmake_export_targets-extras.cmake
[5.492s] -- Up-to-date: /home/user/ros2_ws/install/gazebo_grasp_plugin/share/gazebo_grasp_plugin/cmake/ament_cmake_export_include_directories-extras.cmake
[5.492s] -- Up-to-date: /home/user/ros2_ws/install/gazebo_grasp_plugin/share/gazebo_grasp_plugin/cmake/ament_cmake_export_libraries-extras.cmake
[5.492s] -- Up-to-date: /home/user/ros2_ws/install/gazebo_grasp_plugin/share/gazebo_grasp_plugin/cmake/ament_cmake_export_dependencies-extras.cmake
[5.493s] -- Up-to-date: /home/user/ros2_ws/install/gazebo_grasp_plugin/share/gazebo_grasp_plugin/cmake/gazebo_grasp_pluginConfig.cmake
[5.493s] -- Up-to-date: /home/user/ros2_ws/install/gazebo_grasp_plugin/share/gazebo_grasp_plugin/cmake/gazebo_grasp_pluginConfig-version.cmake
[5.493s] -- Up-to-date: /home/user/ros2_ws/install/gazebo_grasp_plugin/share/gazebo_grasp_plugin/package.xml
[5.494s] Invoked command in '/home/user/ros2_ws/build/gazebo_grasp_plugin' returned '0': AMENT_PREFIX_PATH=/home/user/ros2_ws/install/gazebo_version_helpers:${AMENT_PREFIX_PATH} CMAKE_PREFIX_PATH=/home/user/ros2_ws/install/gazebo_version_helpers:/home/user/ros2_ws/install/ur3e_moveit_config:/home/user/ros2_ws/install/test_moveit_config:/home/user/ros2_ws/install/test2_moveit_config:/home/user/ros2_ws/install/my_moveit_config:/home/user/ros2_ws/install/my_moveit2_config:/home/user/ros2_ws/install/simple_grasping:/home/user/ros2_ws/install/ros_testing:/home/user/ros2_ws/install/robotnik_sensors_gazebo:/home/user/ros2_ws/install/robotnik_sensors:/home/user/ros2_ws/install/pilz_industrial_motion_planner_testutils:/home/user/ros2_ws/install/moveit_runtime:/home/user/ros2_ws/install/moveit:/home/user/ros2_ws/install/moveit_planners:/home/user/ros2_ws/install/pilz_industrial_motion_planner:/home/user/ros2_ws/install/moveit_ros_control_interface:/home/user/ros2_ws/install/moveit_plugins:/home/user/ros2_ws/install/moveit_simple_controller_manager:/home/user/ros2_ws/install/moveit_setup_assistant:/home/user/ros2_ws/install/moveit_setup_srdf_plugins:/home/user/ros2_ws/install/moveit_setup_core_plugins:/home/user/ros2_ws/install/moveit_setup_controllers:/home/user/ros2_ws/install/moveit_setup_app_plugins:/home/user/ros2_ws/install/moveit_setup_framework:/home/user/ros2_ws/install/moveit_servo:/home/user/ros2_ws/install/moveit_ros:/home/user/ros2_ws/install/moveit_ros_visualization:/home/user/ros2_ws/install/moveit_hybrid_planning:/home/user/ros2_ws/install/moveit2_scripts:/home/user/ros2_ws/install/moveit_ros_planning_interface:/home/user/ros2_ws/install/moveit_ros_benchmarks:/home/user/ros2_ws/install/moveit_ros_warehouse:/home/user/ros2_ws/install/moveit_ros_robot_interaction:/home/user/ros2_ws/install/moveit_ros_perception:/home/user/ros2_ws/install/moveit_resources_prbt_pg70_support:/home/user/ros2_ws/install/moveit_resources_prbt_moveit_config:/home/user/ros2_ws/install/moveit_ros_move_group:/home/user/ros2_ws/install/moveit_planners_ompl:/home/user/ros2_ws/install/moveit_ros_planning:/home/user/ros2_ws/install/moveit_ros_occupancy_map_monitor:/home/user/ros2_ws/install/moveit_resources_prbt_support:/home/user/ros2_ws/install/moveit_resources_prbt_ikfast_manipulator_plugin:/home/user/ros2_ws/install/moveit_planners_chomp:/home/user/ros2_ws/install/moveit_kinematics:/home/user/ros2_ws/install/moveit_chomp_optimizer_adapter:/home/user/ros2_ws/install/chomp_motion_planner:/home/user/ros2_ws/install/moveit_core:/home/user/ros2_ws/install/moveit_common:/home/simulations/ros2_sims_ws/install/common_interfaces:/home/simulations/ros2_sims_ws/install/visualization_msgs:/home/simulations/ros2_sims_ws/install/test_msgs:/home/simulations/ros2_sims_ws/install/example_interfaces:/home/simulations/ros2_sims_ws/install/action_msgs:/home/simulations/ros2_sims_ws/install/unique_identifier_msgs:/home/simulations/ros2_sims_ws/install/trajectory_msgs:/home/simulations/ros2_sims_ws/install/test_interface_files:/home/simulations/ros2_sims_ws/install/stereo_msgs:/home/simulations/ros2_sims_ws/install/std_srvs:/home/simulations/ros2_sims_ws/install/shape_msgs:/home/simulations/ros2_sims_ws/install/sensor_msgs:/home/simulations/ros2_sims_ws/install/nav_msgs:/home/simulations/ros2_sims_ws/install/diagnostic_msgs:/home/simulations/ros2_sims_ws/install/geometry_msgs:/home/simulations/ros2_sims_ws/install/actionlib_msgs:/home/simulations/ros2_sims_ws/install/std_msgs:/home/simulations/ros2_sims_ws/install/statistics_msgs:/home/simulations/ros2_sims_ws/install/rosgraph_msgs:/home/simulations/ros2_sims_ws/install/rclrs_example_msgs:/home/simulations/ros2_sims_ws/install/composition_interfaces:/home/simulations/ros2_sims_ws/install/rcl_interfaces:/home/simulations/ros2_sims_ws/install/lifecycle_msgs:/home/simulations/ros2_sims_ws/install/builtin_interfaces:/home/simulations/ros2_sims_ws/install/rosidl_default_runtime:/home/simulations/ros2_sims_ws/install/rosidl_default_generators:/home/simulations/ros2_sims_ws/install/rosidl_generator_rs:/home/user/ros2_ws/install/ur_simulation_gazebo:/home/user/ros2_ws/install/ur_description:/home/user/ros2_ws/install/the_construct_office_gazebo:/home/user/ros2_ws/install/robotiq_85_gripper:/home/user/ros2_ws/install/robotiq_85_msgs:/home/user/ros2_ws/install/robotiq_85_description:/home/user/ros2_ws/install/rg2_gripper_description:/home/user/ros2_ws/install/gazebo_ros2_control_demos:/home/user/ros2_ws/install/gazebo_ros2_control:/home/user/ros2_ws/install/ros2test:/home/user/ros2_ws/install/moveit_configs_utils:/home/simulations/ros2_sims_ws/install/rclrs_tests:/home/simulations/ros2_sims_ws/install/examples_rclrs_minimal_client_service:/home/simulations/ros2_sims_ws/install/sensor_msgs_py:/home/simulations/ros2_sims_ws/install/examples_rclrs_minimal_pub_sub:/home/simulations/ros2_sims_ws/install/examples_rclrs_message_demo:/home/simulations/ros2_sims_ws/install/rclrs:/home/simulations/ros2_sims_ws/install/rosidl_runtime_rs:/home/user/ros2_ws/install/robotiq_85_driver:/opt/ros/humble LD_LIBRARY_PATH=/home/user/ros2_ws/install/gazebo_version_helpers/lib:/home/user/ros2_ws/install/simple_grasping/lib:/home/user/ros2_ws/install/pilz_industrial_motion_planner_testutils/lib:/home/user/ros2_ws/install/pilz_industrial_motion_planner/lib:/home/user/ros2_ws/install/moveit_ros_control_interface/lib:/home/user/ros2_ws/install/moveit_simple_controller_manager/lib:/home/user/ros2_ws/install/moveit_setup_assistant/lib:/home/user/ros2_ws/install/moveit_setup_srdf_plugins/lib:/home/user/ros2_ws/install/moveit_setup_core_plugins/lib:/home/user/ros2_ws/install/moveit_setup_controllers/lib:/home/user/ros2_ws/install/moveit_setup_app_plugins/lib:/home/user/ros2_ws/install/moveit_setup_framework/lib:/home/user/ros2_ws/install/moveit_servo/lib:/home/user/ros2_ws/install/moveit_ros_visualization/lib:/home/user/ros2_ws/install/moveit_hybrid_planning/lib:/home/user/ros2_ws/install/moveit_ros_planning_interface/lib:/home/user/ros2_ws/install/moveit_ros_benchmarks/lib:/home/user/ros2_ws/install/moveit_ros_warehouse/lib:/home/user/ros2_ws/install/moveit_ros_robot_interaction/lib:/home/user/ros2_ws/install/moveit_ros_perception/lib:/home/user/ros2_ws/install/moveit_ros_move_group/lib:/home/user/ros2_ws/install/moveit_planners_ompl/lib:/home/user/ros2_ws/install/moveit_ros_planning/lib:/home/user/ros2_ws/install/moveit_ros_occupancy_map_monitor/lib:/home/user/ros2_ws/install/moveit_resources_prbt_ikfast_manipulator_plugin/lib:/home/user/ros2_ws/install/moveit_planners_chomp/lib:/home/user/ros2_ws/install/moveit_kinematics/lib:/home/user/ros2_ws/install/moveit_chomp_optimizer_adapter/lib:/home/user/ros2_ws/install/chomp_motion_planner/lib:/home/user/ros2_ws/install/moveit_core/lib:/usr/local/cuda-10.2/lib64:/home/user/.catkin_ws_python3/src/TensorRT-7.0.0.11/lib:/home/simulations/ros2_sims_ws/install/visualization_msgs/lib:/home/simulations/ros2_sims_ws/install/test_msgs/lib:/home/simulations/ros2_sims_ws/install/example_interfaces/lib:/home/simulations/ros2_sims_ws/install/action_msgs/lib:/home/simulations/ros2_sims_ws/install/unique_identifier_msgs/lib:/home/simulations/ros2_sims_ws/install/trajectory_msgs/lib:/home/simulations/ros2_sims_ws/install/stereo_msgs/lib:/home/simulations/ros2_sims_ws/install/std_srvs/lib:/home/simulations/ros2_sims_ws/install/shape_msgs/lib:/home/simulations/ros2_sims_ws/install/sensor_msgs/lib:/home/simulations/ros2_sims_ws/install/nav_msgs/lib:/home/simulations/ros2_sims_ws/install/diagnostic_msgs/lib:/home/simulations/ros2_sims_ws/install/geometry_msgs/lib:/home/simulations/ros2_sims_ws/install/actionlib_msgs/lib:/home/simulations/ros2_sims_ws/install/std_msgs/lib:/home/simulations/ros2_sims_ws/install/statistics_msgs/lib:/home/simulations/ros2_sims_ws/install/rosgraph_msgs/lib:/home/simulations/ros2_sims_ws/install/rclrs_example_msgs/lib:/home/simulations/ros2_sims_ws/install/composition_interfaces/lib:/home/simulations/ros2_sims_ws/install/rcl_interfaces/lib:/home/simulations/ros2_sims_ws/install/lifecycle_msgs/lib:/home/simulations/ros2_sims_ws/install/builtin_interfaces/lib:/home/user/ros2_ws/install/robotiq_85_msgs/lib:/home/user/ros2_ws/install/gazebo_ros2_control/lib:/opt/ros/humble/opt/rviz_ogre_vendor/lib:/opt/ros/humble/lib/x86_64-linux-gnu:/opt/ros/humble/lib:/usr/local/cuda-10.2/lib64:/home/user/.catkin_ws_python3/src/TensorRT-7.0.0.11/lib:/usr/lib/x86_64-linux-gnu/gazebo-11/plugins:/usr/lib/x86_64-linux-gnu/gazebo-11/plugins:/usr/lib/x86_64-linux-gnu/gazebo-11/plugins _=/usr/bin/env /usr/bin/cmake --install /home/user/ros2_ws/build/gazebo_grasp_plugin
