[  2%] [34m[1mGenerating Rust code for ROS interfaces[0m
[ 12%] Built target robotiq_85_msgs__rosidl_generator_c
[ 15%] Built target robotiq_85_msgs__cpp
[ 15%] Built target ament_cmake_python_copy_robotiq_85_msgs
[ 25%] Built target robotiq_85_msgs__rosidl_typesupport_c
[ 35%] Built target robotiq_85_msgs__rosidl_typesupport_introspection_c
[ 45%] Built target robotiq_85_msgs__rosidl_typesupport_fastrtps_c
[ 55%] Built target robotiq_85_msgs__rosidl_typesupport_introspection_cpp
[ 65%] Built target robotiq_85_msgs__rosidl_typesupport_cpp
[ 75%] Built target robotiq_85_msgs__rosidl_typesupport_fastrtps_cpp
[ 75%] Built target robotiq_85_msgs__rs
[ 75%] Built target robotiq_85_msgs
running egg_info
writing robotiq_85_msgs.egg-info/PKG-INFO
writing dependency_links to robotiq_85_msgs.egg-info/dependency_links.txt
writing top-level names to robotiq_85_msgs.egg-info/top_level.txt
reading manifest file 'robotiq_85_msgs.egg-info/SOURCES.txt'
writing manifest file 'robotiq_85_msgs.egg-info/SOURCES.txt'
[ 77%] Built target robotiq_85_msgs__py
[ 77%] Built target ament_cmake_python_build_robotiq_85_msgs_egg
[ 85%] Built target robotiq_85_msgs__rosidl_generator_py
[ 90%] Built target robotiq_85_msgs__rosidl_typesupport_fastrtps_c__pyext
[ 95%] Built target robotiq_85_msgs__rosidl_typesupport_introspection_c__pyext
[100%] Built target robotiq_85_msgs__rosidl_typesupport_c__pyext
