[0.237s] Invoking command in '/home/user/ros2_ws/build/tf2_msgs': CMAKE_PREFIX_PATH=${CMAKE_PREFIX_PATH}:/home/simulations/ros2_sims_ws/install/rclrs_tests:/home/simulations/ros2_sims_ws/install/examples_rclrs_minimal_client_service:/home/simulations/ros2_sims_ws/install/sensor_msgs_py:/home/simulations/ros2_sims_ws/install/examples_rclrs_minimal_pub_sub:/home/simulations/ros2_sims_ws/install/examples_rclrs_message_demo:/home/simulations/ros2_sims_ws/install/rclrs:/home/simulations/ros2_sims_ws/install/rosidl_runtime_rs:/home/user/ros2_ws/install/ros2test:/home/user/ros2_ws/install/robotiq_85_driver:/home/user/ros2_ws/install/moveit_configs_utils:/opt/ros/humble _=/usr/bin/env /usr/bin/cmake /home/user/ros2_ws/src/perception_ros2/geometry2/tf2_msgs -DCMAKE_INSTALL_PREFIX=/home/user/ros2_ws/install/tf2_msgs
[11.186s] -- The C compiler identification is GNU 11.3.0
[15.245s] -- The CXX compiler identification is GNU 11.3.0
[15.259s] -- Detecting C compiler ABI info
[15.528s] -- Detecting C compiler ABI info - done
[15.545s] -- Check for working C compiler: /usr/bin/cc - skipped
[15.545s] -- Detecting C compile features
[15.546s] -- Detecting C compile features - done
[15.551s] -- Detecting CXX compiler ABI info
[16.001s] -- Detecting CXX compiler ABI info - done
[16.017s] -- Check for working CXX compiler: /usr/bin/c++ - skipped
[16.018s] -- Detecting CXX compile features
[16.019s] -- Detecting CXX compile features - done
[16.043s] -- Found ament_cmake: 1.3.4 (/opt/ros/humble/share/ament_cmake/cmake)
[16.414s] -- Found Python3: /usr/bin/python3.10 (found version "3.10.6") found components: Interpreter 
[16.737s] -- Found rosidl_default_generators: 1.2.0 (/home/simulations/ros2_sims_ws/install/rosidl_default_generators/share/rosidl_default_generators/cmake)
[17.057s] -- Using all available rosidl_typesupport_c: rosidl_typesupport_fastrtps_c;rosidl_typesupport_introspection_c
[17.112s] -- Found rosidl_adapter: 3.1.4 (/opt/ros/humble/share/rosidl_adapter/cmake)
[17.336s] -- Using all available rosidl_typesupport_cpp: rosidl_typesupport_fastrtps_cpp;rosidl_typesupport_introspection_cpp
[17.482s] -- Found builtin_interfaces: 1.2.1 (/home/simulations/ros2_sims_ws/install/builtin_interfaces/share/builtin_interfaces/cmake)
[17.516s] -- Found action_msgs: 1.2.1 (/home/simulations/ros2_sims_ws/install/action_msgs/share/action_msgs/cmake)
[17.900s] -- Found std_msgs: 4.2.3 (/home/simulations/ros2_sims_ws/install/std_msgs/share/std_msgs/cmake)
[18.180s] -- Found geometry_msgs: 4.2.3 (/home/simulations/ros2_sims_ws/install/geometry_msgs/share/geometry_msgs/cmake)
[18.913s] -- Found ament_cmake_cppcheck: 0.12.6 (/opt/ros/humble/share/ament_cmake_cppcheck/cmake)
[18.931s] -- Found ament_cmake_cpplint: 0.12.6 (/opt/ros/humble/share/ament_cmake_cpplint/cmake)
[18.948s] -- Found ament_cmake_uncrustify: 0.12.6 (/opt/ros/humble/share/ament_cmake_uncrustify/cmake)
[18.967s] -- Found ament_cmake_ros: 0.10.0 (/opt/ros/humble/share/ament_cmake_ros/cmake)
[19.399s] -- Using all available rosidl_typesupport_c: rosidl_typesupport_fastrtps_c;rosidl_typesupport_introspection_c
[19.903s] -- Using all available rosidl_typesupport_cpp: rosidl_typesupport_fastrtps_cpp;rosidl_typesupport_introspection_cpp
[19.925s] -- Found rmw_implementation_cmake: 6.1.1 (/opt/ros/humble/share/rmw_implementation_cmake/cmake)
[20.563s] -- Found OpenSSL: /usr/lib/x86_64-linux-gnu/libcrypto.so (found version "3.0.2")  
[20.624s] -- Found FastRTPS: /opt/ros/humble/include  
[20.769s] [33mCMake Warning at /home/simulations/ros2_sims_ws/install/rosidl_generator_rs/share/rosidl_generator_rs/cmake/rosidl_generator_rs_generate_interfaces.cmake:62 (message):
[20.769s]   Rust actions generation is not implemented
[20.769s] Call Stack (most recent call first):
[20.770s]   /opt/ros/humble/share/ament_cmake_core/cmake/core/ament_execute_extensions.cmake:48 (include)
[20.770s]   /opt/ros/humble/share/rosidl_cmake/cmake/rosidl_generate_interfaces.cmake:286 (ament_execute_extensions)
[20.770s]   CMakeLists.txt:19 (rosidl_generate_interfaces)
[20.770s] 
[20.770s] [0m
[20.976s] -- Found PythonInterp: /usr/bin/python3 (found suitable version "3.10.6", minimum required is "3.6") 
[20.992s] -- Found python_cmake_module: 0.10.0 (/opt/ros/humble/share/python_cmake_module/cmake)
[21.222s] -- Found PythonLibs: /usr/lib/x86_64-linux-gnu/libpython3.10.so (found suitable version "3.10.6", minimum required is "3.5") 
[21.223s] -- Using PYTHON_EXECUTABLE: /usr/bin/python3
[21.223s] -- Using PYTHON_INCLUDE_DIRS: /usr/include/python3.10
[21.223s] -- Using PYTHON_LIBRARIES: /usr/lib/x86_64-linux-gnu/libpython3.10.so
[21.255s] -- Found PythonExtra: .so  
[21.521s] -- Found ament_cmake_flake8: 0.12.6 (/opt/ros/humble/share/ament_cmake_flake8/cmake)
[21.542s] -- Found ament_cmake_pep257: 0.12.6 (/opt/ros/humble/share/ament_cmake_pep257/cmake)
[21.556s] -- Configuring done
[21.617s] -- Generating done
[21.622s] -- Build files have been written to: /home/user/ros2_ws/build/tf2_msgs
[21.635s] Invoked command in '/home/user/ros2_ws/build/tf2_msgs' returned '0': CMAKE_PREFIX_PATH=${CMAKE_PREFIX_PATH}:/home/simulations/ros2_sims_ws/install/rclrs_tests:/home/simulations/ros2_sims_ws/install/examples_rclrs_minimal_client_service:/home/simulations/ros2_sims_ws/install/sensor_msgs_py:/home/simulations/ros2_sims_ws/install/examples_rclrs_minimal_pub_sub:/home/simulations/ros2_sims_ws/install/examples_rclrs_message_demo:/home/simulations/ros2_sims_ws/install/rclrs:/home/simulations/ros2_sims_ws/install/rosidl_runtime_rs:/home/user/ros2_ws/install/ros2test:/home/user/ros2_ws/install/robotiq_85_driver:/home/user/ros2_ws/install/moveit_configs_utils:/opt/ros/humble _=/usr/bin/env /usr/bin/cmake /home/user/ros2_ws/src/perception_ros2/geometry2/tf2_msgs -DCMAKE_INSTALL_PREFIX=/home/user/ros2_ws/install/tf2_msgs
[21.637s] Invoking command in '/home/user/ros2_ws/build/tf2_msgs': CMAKE_PREFIX_PATH=${CMAKE_PREFIX_PATH}:/home/simulations/ros2_sims_ws/install/rclrs_tests:/home/simulations/ros2_sims_ws/install/examples_rclrs_minimal_client_service:/home/simulations/ros2_sims_ws/install/sensor_msgs_py:/home/simulations/ros2_sims_ws/install/examples_rclrs_minimal_pub_sub:/home/simulations/ros2_sims_ws/install/examples_rclrs_message_demo:/home/simulations/ros2_sims_ws/install/rclrs:/home/simulations/ros2_sims_ws/install/rosidl_runtime_rs:/home/user/ros2_ws/install/ros2test:/home/user/ros2_ws/install/robotiq_85_driver:/home/user/ros2_ws/install/moveit_configs_utils:/opt/ros/humble _=/usr/bin/env /usr/bin/cmake --build /home/user/ros2_ws/build/tf2_msgs -- -j8 -l8
[21.727s] [  1%] [34m[1mGenerating C code for ROS interfaces[0m
[21.748s] [  3%] [34m[1mGenerating Rust code for ROS interfaces[0m
[21.754s] [  5%] [34m[1mGenerating C++ code for ROS interfaces[0m
[21.784s] [  5%] Built target ament_cmake_python_copy_tf2_msgs
[22.425s] running egg_info
[22.425s] creating tf2_msgs.egg-info
[22.426s] writing tf2_msgs.egg-info/PKG-INFO
[22.426s] writing dependency_links to tf2_msgs.egg-info/dependency_links.txt
[22.426s] writing top-level names to tf2_msgs.egg-info/top_level.txt
[22.427s] writing manifest file 'tf2_msgs.egg-info/SOURCES.txt'
[22.430s] reading manifest file 'tf2_msgs.egg-info/SOURCES.txt'
[22.431s] writing manifest file 'tf2_msgs.egg-info/SOURCES.txt'
[22.493s] [  5%] Built target ament_cmake_python_build_tf2_msgs_egg
[22.497s] [  5%] Built target tf2_msgs__rs
[23.012s] [  5%] Built target tf2_msgs__cpp
[23.047s] [  7%] [34m[1mGenerating C++ type support dispatch for ROS interfaces[0m
[23.052s] [  8%] [34m[1mGenerating C++ type support for eProsima Fast-RTPS[0m
[23.052s] [ 10%] [34m[1mGenerating C++ introspection for ROS interfaces[0m
[23.353s] [ 12%] [32mBuilding C object CMakeFiles/tf2_msgs__rosidl_generator_c.dir/rosidl_generator_c/tf2_msgs/msg/detail/tf_message__functions.c.o[0m
[23.353s] [ 14%] [32mBuilding C object CMakeFiles/tf2_msgs__rosidl_generator_c.dir/rosidl_generator_c/tf2_msgs/msg/detail/tf2_error__functions.c.o[0m
[23.360s] [ 16%] [32mBuilding C object CMakeFiles/tf2_msgs__rosidl_generator_c.dir/rosidl_generator_c/tf2_msgs/srv/detail/frame_graph__functions.c.o[0m
[23.383s] [ 17%] [32mBuilding C object CMakeFiles/tf2_msgs__rosidl_generator_c.dir/rosidl_generator_c/tf2_msgs/action/detail/lookup_transform__functions.c.o[0m
[24.230s] [ 19%] [32mBuilding CXX object CMakeFiles/tf2_msgs__rosidl_typesupport_cpp.dir/rosidl_typesupport_cpp/tf2_msgs/msg/tf_message__type_support.cpp.o[0m
[24.296s] [ 21%] [32mBuilding CXX object CMakeFiles/tf2_msgs__rosidl_typesupport_cpp.dir/rosidl_typesupport_cpp/tf2_msgs/srv/frame_graph__type_support.cpp.o[0m
[24.320s] [ 23%] [32mBuilding CXX object CMakeFiles/tf2_msgs__rosidl_typesupport_cpp.dir/rosidl_typesupport_cpp/tf2_msgs/msg/tf2_error__type_support.cpp.o[0m
[24.493s] [ 25%] [32m[1mLinking C shared library libtf2_msgs__rosidl_generator_c.so[0m
[24.518s] [ 26%] [32mBuilding CXX object CMakeFiles/tf2_msgs__rosidl_typesupport_cpp.dir/rosidl_typesupport_cpp/tf2_msgs/action/lookup_transform__type_support.cpp.o[0m
[24.658s] [ 28%] [32mBuilding CXX object CMakeFiles/tf2_msgs__rosidl_typesupport_introspection_cpp.dir/rosidl_typesupport_introspection_cpp/tf2_msgs/msg/detail/tf2_error__type_support.cpp.o[0m
[24.691s] [ 30%] [32mBuilding CXX object CMakeFiles/tf2_msgs__rosidl_typesupport_fastrtps_cpp.dir/rosidl_typesupport_fastrtps_cpp/tf2_msgs/msg/detail/dds_fastrtps/tf2_error__type_support.cpp.o[0m
[24.718s] [ 32%] [32mBuilding CXX object CMakeFiles/tf2_msgs__rosidl_typesupport_introspection_cpp.dir/rosidl_typesupport_introspection_cpp/tf2_msgs/msg/detail/tf_message__type_support.cpp.o[0m
[25.045s] [ 32%] Built target tf2_msgs__rosidl_generator_c
[25.115s] [ 33%] [34m[1mGenerating C type support for eProsima Fast-RTPS[0m
[25.141s] [ 35%] [32mBuilding CXX object CMakeFiles/tf2_msgs__rosidl_typesupport_fastrtps_cpp.dir/rosidl_typesupport_fastrtps_cpp/tf2_msgs/msg/detail/dds_fastrtps/tf_message__type_support.cpp.o[0m
[25.369s] [ 37%] [32mBuilding CXX object CMakeFiles/tf2_msgs__rosidl_typesupport_fastrtps_cpp.dir/rosidl_typesupport_fastrtps_cpp/tf2_msgs/srv/detail/dds_fastrtps/frame_graph__type_support.cpp.o[0m
[25.878s] [ 39%] [34m[1mGenerating C introspection for ROS interfaces[0m
[26.379s] [ 41%] [32mBuilding CXX object CMakeFiles/tf2_msgs__rosidl_typesupport_fastrtps_cpp.dir/rosidl_typesupport_fastrtps_cpp/tf2_msgs/action/detail/dds_fastrtps/lookup_transform__type_support.cpp.o[0m
[26.545s] [ 42%] [32mBuilding CXX object CMakeFiles/tf2_msgs__rosidl_typesupport_introspection_cpp.dir/rosidl_typesupport_introspection_cpp/tf2_msgs/srv/detail/frame_graph__type_support.cpp.o[0m
[26.629s] [ 44%] [32mBuilding CXX object CMakeFiles/tf2_msgs__rosidl_typesupport_introspection_cpp.dir/rosidl_typesupport_introspection_cpp/tf2_msgs/action/detail/lookup_transform__type_support.cpp.o[0m
[26.762s] [ 46%] [34m[1mGenerating C type support dispatch for ROS interfaces[0m
[26.943s] [ 48%] [32m[1mLinking CXX shared library libtf2_msgs__rosidl_typesupport_cpp.so[0m
[27.236s] [ 48%] Built target tf2_msgs__rosidl_typesupport_cpp
[27.561s] [ 50%] [32mBuilding CXX object CMakeFiles/tf2_msgs__rosidl_typesupport_fastrtps_c.dir/rosidl_typesupport_fastrtps_c/tf2_msgs/msg/detail/tf2_error__type_support_c.cpp.o[0m
[27.575s] [ 51%] [32mBuilding CXX object CMakeFiles/tf2_msgs__rosidl_typesupport_fastrtps_c.dir/rosidl_typesupport_fastrtps_c/tf2_msgs/msg/detail/tf_message__type_support_c.cpp.o[0m
[27.576s] [ 53%] [32mBuilding CXX object CMakeFiles/tf2_msgs__rosidl_typesupport_fastrtps_c.dir/rosidl_typesupport_fastrtps_c/tf2_msgs/srv/detail/frame_graph__type_support_c.cpp.o[0m
[27.622s] [ 55%] [32mBuilding CXX object CMakeFiles/tf2_msgs__rosidl_typesupport_fastrtps_c.dir/rosidl_typesupport_fastrtps_c/tf2_msgs/action/detail/lookup_transform__type_support_c.cpp.o[0m
[28.244s] [ 57%] [32m[1mLinking CXX shared library libtf2_msgs__rosidl_typesupport_fastrtps_cpp.so[0m
[28.897s] [ 58%] [32mBuilding C object CMakeFiles/tf2_msgs__rosidl_typesupport_introspection_c.dir/rosidl_typesupport_introspection_c/tf2_msgs/msg/detail/tf2_error__type_support.c.o[0m
[28.935s] [ 60%] [32mBuilding C object CMakeFiles/tf2_msgs__rosidl_typesupport_introspection_c.dir/rosidl_typesupport_introspection_c/tf2_msgs/msg/detail/tf_message__type_support.c.o[0m
[28.956s] [ 62%] [32mBuilding C object CMakeFiles/tf2_msgs__rosidl_typesupport_introspection_c.dir/rosidl_typesupport_introspection_c/tf2_msgs/srv/detail/frame_graph__type_support.c.o[0m
[28.964s] [ 64%] [32mBuilding C object CMakeFiles/tf2_msgs__rosidl_typesupport_introspection_c.dir/rosidl_typesupport_introspection_c/tf2_msgs/action/detail/lookup_transform__type_support.c.o[0m
[28.988s] [ 64%] Built target tf2_msgs__rosidl_typesupport_fastrtps_cpp
[29.004s] [ 66%] [32m[1mLinking CXX shared library libtf2_msgs__rosidl_typesupport_fastrtps_c.so[0m
[29.007s] [ 67%] [32mBuilding CXX object CMakeFiles/tf2_msgs__rosidl_typesupport_c.dir/rosidl_typesupport_c/tf2_msgs/msg/tf2_error__type_support.cpp.o[0m
[29.045s] [ 69%] [32m[1mLinking CXX shared library libtf2_msgs__rosidl_typesupport_introspection_cpp.so[0m
[29.049s] [ 71%] [32mBuilding CXX object CMakeFiles/tf2_msgs__rosidl_typesupport_c.dir/rosidl_typesupport_c/tf2_msgs/msg/tf_message__type_support.cpp.o[0m
[29.203s] [ 73%] [32mBuilding CXX object CMakeFiles/tf2_msgs__rosidl_typesupport_c.dir/rosidl_typesupport_c/tf2_msgs/srv/frame_graph__type_support.cpp.o[0m
[29.208s] [ 75%] [32mBuilding CXX object CMakeFiles/tf2_msgs__rosidl_typesupport_c.dir/rosidl_typesupport_c/tf2_msgs/action/lookup_transform__type_support.cpp.o[0m
[29.358s] [ 76%] [32m[1mLinking C shared library libtf2_msgs__rosidl_typesupport_introspection_c.so[0m
[29.363s] [ 76%] Built target tf2_msgs__rosidl_typesupport_fastrtps_c
[29.404s] [ 76%] Built target tf2_msgs__rosidl_typesupport_introspection_cpp
[29.437s] [ 78%] [32m[1mLinking CXX shared library libtf2_msgs__rosidl_typesupport_c.so[0m
[29.470s] [ 78%] Built target tf2_msgs__rosidl_typesupport_introspection_c
[29.540s] [ 78%] Built target tf2_msgs__rosidl_typesupport_c
[29.584s] [ 78%] Built target tf2_msgs
[29.639s] [ 80%] [34m[1mGenerating Python code for ROS interfaces[0m
[33.474s] [ 80%] Built target tf2_msgs__py
[33.663s] [ 83%] [32mBuilding C object CMakeFiles/tf2_msgs__rosidl_generator_py.dir/rosidl_generator_py/tf2_msgs/msg/_tf2_error_s.c.o[0m
[33.664s] [ 85%] [32mBuilding C object CMakeFiles/tf2_msgs__rosidl_generator_py.dir/rosidl_generator_py/tf2_msgs/srv/_frame_graph_s.c.o[0m
[33.666s] [ 85%] [32mBuilding C object CMakeFiles/tf2_msgs__rosidl_generator_py.dir/rosidl_generator_py/tf2_msgs/msg/_tf_message_s.c.o[0m
[33.683s] [ 87%] [32mBuilding C object CMakeFiles/tf2_msgs__rosidl_generator_py.dir/rosidl_generator_py/tf2_msgs/action/_lookup_transform_s.c.o[0m
[36.097s] [ 89%] [32m[1mLinking C shared library rosidl_generator_py/tf2_msgs/libtf2_msgs__rosidl_generator_py.so[0m
[36.168s] [ 89%] Built target tf2_msgs__rosidl_generator_py
[36.214s] [ 91%] [32mBuilding C object CMakeFiles/tf2_msgs__rosidl_typesupport_c__pyext.dir/rosidl_generator_py/tf2_msgs/_tf2_msgs_s.ep.rosidl_typesupport_c.c.o[0m
[36.227s] [ 92%] [32mBuilding C object CMakeFiles/tf2_msgs__rosidl_typesupport_fastrtps_c__pyext.dir/rosidl_generator_py/tf2_msgs/_tf2_msgs_s.ep.rosidl_typesupport_fastrtps_c.c.o[0m
[36.230s] [ 94%] [32mBuilding C object CMakeFiles/tf2_msgs__rosidl_typesupport_introspection_c__pyext.dir/rosidl_generator_py/tf2_msgs/_tf2_msgs_s.ep.rosidl_typesupport_introspection_c.c.o[0m
[36.416s] [ 96%] [32m[1mLinking C shared library rosidl_generator_py/tf2_msgs/tf2_msgs_s__rosidl_typesupport_introspection_c.cpython-310-x86_64-linux-gnu.so[0m
[36.417s] [ 98%] [32m[1mLinking C shared library rosidl_generator_py/tf2_msgs/tf2_msgs_s__rosidl_typesupport_c.cpython-310-x86_64-linux-gnu.so[0m
[36.424s] [100%] [32m[1mLinking C shared library rosidl_generator_py/tf2_msgs/tf2_msgs_s__rosidl_typesupport_fastrtps_c.cpython-310-x86_64-linux-gnu.so[0m
[36.510s] [100%] Built target tf2_msgs__rosidl_typesupport_c__pyext
[36.513s] [100%] Built target tf2_msgs__rosidl_typesupport_fastrtps_c__pyext
[36.518s] [100%] Built target tf2_msgs__rosidl_typesupport_introspection_c__pyext
[36.535s] Invoked command in '/home/user/ros2_ws/build/tf2_msgs' returned '0': CMAKE_PREFIX_PATH=${CMAKE_PREFIX_PATH}:/home/simulations/ros2_sims_ws/install/rclrs_tests:/home/simulations/ros2_sims_ws/install/examples_rclrs_minimal_client_service:/home/simulations/ros2_sims_ws/install/sensor_msgs_py:/home/simulations/ros2_sims_ws/install/examples_rclrs_minimal_pub_sub:/home/simulations/ros2_sims_ws/install/examples_rclrs_message_demo:/home/simulations/ros2_sims_ws/install/rclrs:/home/simulations/ros2_sims_ws/install/rosidl_runtime_rs:/home/user/ros2_ws/install/ros2test:/home/user/ros2_ws/install/robotiq_85_driver:/home/user/ros2_ws/install/moveit_configs_utils:/opt/ros/humble _=/usr/bin/env /usr/bin/cmake --build /home/user/ros2_ws/build/tf2_msgs -- -j8 -l8
[36.987s] Invoking command in '/home/user/ros2_ws/build/tf2_msgs': CMAKE_PREFIX_PATH=${CMAKE_PREFIX_PATH}:/home/simulations/ros2_sims_ws/install/rclrs_tests:/home/simulations/ros2_sims_ws/install/examples_rclrs_minimal_client_service:/home/simulations/ros2_sims_ws/install/sensor_msgs_py:/home/simulations/ros2_sims_ws/install/examples_rclrs_minimal_pub_sub:/home/simulations/ros2_sims_ws/install/examples_rclrs_message_demo:/home/simulations/ros2_sims_ws/install/rclrs:/home/simulations/ros2_sims_ws/install/rosidl_runtime_rs:/home/user/ros2_ws/install/ros2test:/home/user/ros2_ws/install/robotiq_85_driver:/home/user/ros2_ws/install/moveit_configs_utils:/opt/ros/humble _=/usr/bin/env /usr/bin/cmake --install /home/user/ros2_ws/build/tf2_msgs
[37.001s] -- Install configuration: ""
[37.001s] -- Installing: /home/user/ros2_ws/install/tf2_msgs/share/ament_index/resource_index/rosidl_interfaces/tf2_msgs
[37.001s] -- Installing: /home/user/ros2_ws/install/tf2_msgs/include/tf2_msgs/tf2_msgs
[37.001s] -- Installing: /home/user/ros2_ws/install/tf2_msgs/include/tf2_msgs/tf2_msgs/srv
[37.001s] -- Installing: /home/user/ros2_ws/install/tf2_msgs/include/tf2_msgs/tf2_msgs/srv/detail
[37.002s] -- Installing: /home/user/ros2_ws/install/tf2_msgs/include/tf2_msgs/tf2_msgs/srv/detail/frame_graph__type_support.h
[37.002s] -- Installing: /home/user/ros2_ws/install/tf2_msgs/include/tf2_msgs/tf2_msgs/srv/detail/frame_graph__functions.c
[37.002s] -- Installing: /home/user/ros2_ws/install/tf2_msgs/include/tf2_msgs/tf2_msgs/srv/detail/frame_graph__struct.h
[37.002s] -- Installing: /home/user/ros2_ws/install/tf2_msgs/include/tf2_msgs/tf2_msgs/srv/detail/frame_graph__functions.h
[37.002s] -- Installing: /home/user/ros2_ws/install/tf2_msgs/include/tf2_msgs/tf2_msgs/srv/frame_graph.h
[37.002s] -- Installing: /home/user/ros2_ws/install/tf2_msgs/include/tf2_msgs/tf2_msgs/msg
[37.003s] -- Installing: /home/user/ros2_ws/install/tf2_msgs/include/tf2_msgs/tf2_msgs/msg/detail
[37.003s] -- Installing: /home/user/ros2_ws/install/tf2_msgs/include/tf2_msgs/tf2_msgs/msg/detail/tf2_error__type_support.h
[37.003s] -- Installing: /home/user/ros2_ws/install/tf2_msgs/include/tf2_msgs/tf2_msgs/msg/detail/tf_message__functions.h
[37.003s] -- Installing: /home/user/ros2_ws/install/tf2_msgs/include/tf2_msgs/tf2_msgs/msg/detail/tf_message__type_support.h
[37.003s] -- Installing: /home/user/ros2_ws/install/tf2_msgs/include/tf2_msgs/tf2_msgs/msg/detail/tf2_error__functions.c
[37.004s] -- Installing: /home/user/ros2_ws/install/tf2_msgs/include/tf2_msgs/tf2_msgs/msg/detail/tf2_error__struct.h
[37.004s] -- Installing: /home/user/ros2_ws/install/tf2_msgs/include/tf2_msgs/tf2_msgs/msg/detail/tf_message__struct.h
[37.004s] -- Installing: /home/user/ros2_ws/install/tf2_msgs/include/tf2_msgs/tf2_msgs/msg/detail/tf2_error__functions.h
[37.004s] -- Installing: /home/user/ros2_ws/install/tf2_msgs/include/tf2_msgs/tf2_msgs/msg/detail/tf_message__functions.c
[37.004s] -- Installing: /home/user/ros2_ws/install/tf2_msgs/include/tf2_msgs/tf2_msgs/msg/rosidl_generator_c__visibility_control.h
[37.005s] -- Installing: /home/user/ros2_ws/install/tf2_msgs/include/tf2_msgs/tf2_msgs/msg/tf_message.h
[37.005s] -- Installing: /home/user/ros2_ws/install/tf2_msgs/include/tf2_msgs/tf2_msgs/msg/tf2_error.h
[37.005s] -- Installing: /home/user/ros2_ws/install/tf2_msgs/include/tf2_msgs/tf2_msgs/action
[37.005s] -- Installing: /home/user/ros2_ws/install/tf2_msgs/include/tf2_msgs/tf2_msgs/action/detail
[37.005s] -- Installing: /home/user/ros2_ws/install/tf2_msgs/include/tf2_msgs/tf2_msgs/action/detail/lookup_transform__functions.h
[37.006s] -- Installing: /home/user/ros2_ws/install/tf2_msgs/include/tf2_msgs/tf2_msgs/action/detail/lookup_transform__functions.c
[37.006s] -- Installing: /home/user/ros2_ws/install/tf2_msgs/include/tf2_msgs/tf2_msgs/action/detail/lookup_transform__type_support.h
[37.006s] -- Installing: /home/user/ros2_ws/install/tf2_msgs/include/tf2_msgs/tf2_msgs/action/detail/lookup_transform__struct.h
[37.006s] -- Installing: /home/user/ros2_ws/install/tf2_msgs/include/tf2_msgs/tf2_msgs/action/lookup_transform.h
[37.007s] -- Installing: /home/user/ros2_ws/install/tf2_msgs/share/tf2_msgs/environment/library_path.sh
[37.007s] -- Installing: /home/user/ros2_ws/install/tf2_msgs/share/tf2_msgs/environment/library_path.dsv
[37.007s] -- Installing: /home/user/ros2_ws/install/tf2_msgs/lib/libtf2_msgs__rosidl_generator_c.so
[37.008s] -- Set runtime path of "/home/user/ros2_ws/install/tf2_msgs/lib/libtf2_msgs__rosidl_generator_c.so" to ""
[37.008s] -- Up-to-date: /home/user/ros2_ws/install/tf2_msgs/include/tf2_msgs/tf2_msgs
[37.008s] -- Up-to-date: /home/user/ros2_ws/install/tf2_msgs/include/tf2_msgs/tf2_msgs/srv
[37.009s] -- Up-to-date: /home/user/ros2_ws/install/tf2_msgs/include/tf2_msgs/tf2_msgs/srv/detail
[37.009s] -- Installing: /home/user/ros2_ws/install/tf2_msgs/include/tf2_msgs/tf2_msgs/srv/detail/frame_graph__rosidl_typesupport_fastrtps_c.h
[37.009s] -- Up-to-date: /home/user/ros2_ws/install/tf2_msgs/include/tf2_msgs/tf2_msgs/msg
[37.009s] -- Up-to-date: /home/user/ros2_ws/install/tf2_msgs/include/tf2_msgs/tf2_msgs/msg/detail
[37.009s] -- Installing: /home/user/ros2_ws/install/tf2_msgs/include/tf2_msgs/tf2_msgs/msg/detail/tf_message__rosidl_typesupport_fastrtps_c.h
[37.009s] -- Installing: /home/user/ros2_ws/install/tf2_msgs/include/tf2_msgs/tf2_msgs/msg/detail/tf2_error__rosidl_typesupport_fastrtps_c.h
[37.009s] -- Installing: /home/user/ros2_ws/install/tf2_msgs/include/tf2_msgs/tf2_msgs/msg/rosidl_typesupport_fastrtps_c__visibility_control.h
[37.010s] -- Up-to-date: /home/user/ros2_ws/install/tf2_msgs/include/tf2_msgs/tf2_msgs/action
[37.010s] -- Up-to-date: /home/user/ros2_ws/install/tf2_msgs/include/tf2_msgs/tf2_msgs/action/detail
[37.010s] -- Installing: /home/user/ros2_ws/install/tf2_msgs/include/tf2_msgs/tf2_msgs/action/detail/lookup_transform__rosidl_typesupport_fastrtps_c.h
[37.010s] -- Installing: /home/user/ros2_ws/install/tf2_msgs/lib/libtf2_msgs__rosidl_typesupport_fastrtps_c.so
[37.011s] -- Set runtime path of "/home/user/ros2_ws/install/tf2_msgs/lib/libtf2_msgs__rosidl_typesupport_fastrtps_c.so" to ""
[37.011s] -- Up-to-date: /home/user/ros2_ws/install/tf2_msgs/include/tf2_msgs/tf2_msgs
[37.011s] -- Up-to-date: /home/user/ros2_ws/install/tf2_msgs/include/tf2_msgs/tf2_msgs/srv
[37.011s] -- Up-to-date: /home/user/ros2_ws/install/tf2_msgs/include/tf2_msgs/tf2_msgs/srv/detail
[37.011s] -- Installing: /home/user/ros2_ws/install/tf2_msgs/include/tf2_msgs/tf2_msgs/srv/detail/frame_graph__type_support.c
[37.012s] -- Installing: /home/user/ros2_ws/install/tf2_msgs/include/tf2_msgs/tf2_msgs/srv/detail/frame_graph__rosidl_typesupport_introspection_c.h
[37.012s] -- Up-to-date: /home/user/ros2_ws/install/tf2_msgs/include/tf2_msgs/tf2_msgs/msg
[37.012s] -- Up-to-date: /home/user/ros2_ws/install/tf2_msgs/include/tf2_msgs/tf2_msgs/msg/detail
[37.012s] -- Installing: /home/user/ros2_ws/install/tf2_msgs/include/tf2_msgs/tf2_msgs/msg/detail/tf_message__type_support.c
[37.012s] -- Installing: /home/user/ros2_ws/install/tf2_msgs/include/tf2_msgs/tf2_msgs/msg/detail/tf_message__rosidl_typesupport_introspection_c.h
[37.012s] -- Installing: /home/user/ros2_ws/install/tf2_msgs/include/tf2_msgs/tf2_msgs/msg/detail/tf2_error__rosidl_typesupport_introspection_c.h
[37.012s] -- Installing: /home/user/ros2_ws/install/tf2_msgs/include/tf2_msgs/tf2_msgs/msg/detail/tf2_error__type_support.c
[37.012s] -- Installing: /home/user/ros2_ws/install/tf2_msgs/include/tf2_msgs/tf2_msgs/msg/rosidl_typesupport_introspection_c__visibility_control.h
[37.013s] -- Up-to-date: /home/user/ros2_ws/install/tf2_msgs/include/tf2_msgs/tf2_msgs/action
[37.013s] -- Up-to-date: /home/user/ros2_ws/install/tf2_msgs/include/tf2_msgs/tf2_msgs/action/detail
[37.013s] -- Installing: /home/user/ros2_ws/install/tf2_msgs/include/tf2_msgs/tf2_msgs/action/detail/lookup_transform__type_support.c
[37.013s] -- Installing: /home/user/ros2_ws/install/tf2_msgs/include/tf2_msgs/tf2_msgs/action/detail/lookup_transform__rosidl_typesupport_introspection_c.h
[37.014s] -- Installing: /home/user/ros2_ws/install/tf2_msgs/lib/libtf2_msgs__rosidl_typesupport_introspection_c.so
[37.014s] -- Set runtime path of "/home/user/ros2_ws/install/tf2_msgs/lib/libtf2_msgs__rosidl_typesupport_introspection_c.so" to ""
[37.014s] -- Installing: /home/user/ros2_ws/install/tf2_msgs/lib/libtf2_msgs__rosidl_typesupport_c.so
[37.015s] -- Set runtime path of "/home/user/ros2_ws/install/tf2_msgs/lib/libtf2_msgs__rosidl_typesupport_c.so" to ""
[37.015s] -- Up-to-date: /home/user/ros2_ws/install/tf2_msgs/include/tf2_msgs/tf2_msgs
[37.015s] -- Up-to-date: /home/user/ros2_ws/install/tf2_msgs/include/tf2_msgs/tf2_msgs/srv
[37.015s] -- Up-to-date: /home/user/ros2_ws/install/tf2_msgs/include/tf2_msgs/tf2_msgs/srv/detail
[37.015s] -- Installing: /home/user/ros2_ws/install/tf2_msgs/include/tf2_msgs/tf2_msgs/srv/detail/frame_graph__traits.hpp
[37.015s] -- Installing: /home/user/ros2_ws/install/tf2_msgs/include/tf2_msgs/tf2_msgs/srv/detail/frame_graph__struct.hpp
[37.016s] -- Installing: /home/user/ros2_ws/install/tf2_msgs/include/tf2_msgs/tf2_msgs/srv/detail/frame_graph__builder.hpp
[37.016s] -- Installing: /home/user/ros2_ws/install/tf2_msgs/include/tf2_msgs/tf2_msgs/srv/frame_graph.hpp
[37.016s] -- Up-to-date: /home/user/ros2_ws/install/tf2_msgs/include/tf2_msgs/tf2_msgs/msg
[37.016s] -- Up-to-date: /home/user/ros2_ws/install/tf2_msgs/include/tf2_msgs/tf2_msgs/msg/detail
[37.016s] -- Installing: /home/user/ros2_ws/install/tf2_msgs/include/tf2_msgs/tf2_msgs/msg/detail/tf2_error__struct.hpp
[37.016s] -- Installing: /home/user/ros2_ws/install/tf2_msgs/include/tf2_msgs/tf2_msgs/msg/detail/tf_message__struct.hpp
[37.016s] -- Installing: /home/user/ros2_ws/install/tf2_msgs/include/tf2_msgs/tf2_msgs/msg/detail/tf_message__traits.hpp
[37.017s] -- Installing: /home/user/ros2_ws/install/tf2_msgs/include/tf2_msgs/tf2_msgs/msg/detail/tf2_error__builder.hpp
[37.017s] -- Installing: /home/user/ros2_ws/install/tf2_msgs/include/tf2_msgs/tf2_msgs/msg/detail/tf_message__builder.hpp
[37.017s] -- Installing: /home/user/ros2_ws/install/tf2_msgs/include/tf2_msgs/tf2_msgs/msg/detail/tf2_error__traits.hpp
[37.017s] -- Installing: /home/user/ros2_ws/install/tf2_msgs/include/tf2_msgs/tf2_msgs/msg/tf2_error.hpp
[37.018s] -- Installing: /home/user/ros2_ws/install/tf2_msgs/include/tf2_msgs/tf2_msgs/msg/tf_message.hpp
[37.018s] -- Up-to-date: /home/user/ros2_ws/install/tf2_msgs/include/tf2_msgs/tf2_msgs/action
[37.018s] -- Up-to-date: /home/user/ros2_ws/install/tf2_msgs/include/tf2_msgs/tf2_msgs/action/detail
[37.018s] -- Installing: /home/user/ros2_ws/install/tf2_msgs/include/tf2_msgs/tf2_msgs/action/detail/lookup_transform__struct.hpp
[37.018s] -- Installing: /home/user/ros2_ws/install/tf2_msgs/include/tf2_msgs/tf2_msgs/action/detail/lookup_transform__traits.hpp
[37.019s] -- Installing: /home/user/ros2_ws/install/tf2_msgs/include/tf2_msgs/tf2_msgs/action/detail/lookup_transform__builder.hpp
[37.019s] -- Installing: /home/user/ros2_ws/install/tf2_msgs/include/tf2_msgs/tf2_msgs/action/lookup_transform.hpp
[37.019s] -- Up-to-date: /home/user/ros2_ws/install/tf2_msgs/include/tf2_msgs/tf2_msgs
[37.019s] -- Up-to-date: /home/user/ros2_ws/install/tf2_msgs/include/tf2_msgs/tf2_msgs/srv
[37.019s] -- Up-to-date: /home/user/ros2_ws/install/tf2_msgs/include/tf2_msgs/tf2_msgs/srv/detail
[37.020s] -- Installing: /home/user/ros2_ws/install/tf2_msgs/include/tf2_msgs/tf2_msgs/srv/detail/dds_fastrtps
[37.020s] -- Installing: /home/user/ros2_ws/install/tf2_msgs/include/tf2_msgs/tf2_msgs/srv/detail/frame_graph__rosidl_typesupport_fastrtps_cpp.hpp
[37.020s] -- Up-to-date: /home/user/ros2_ws/install/tf2_msgs/include/tf2_msgs/tf2_msgs/msg
[37.020s] -- Up-to-date: /home/user/ros2_ws/install/tf2_msgs/include/tf2_msgs/tf2_msgs/msg/detail
[37.020s] -- Installing: /home/user/ros2_ws/install/tf2_msgs/include/tf2_msgs/tf2_msgs/msg/detail/tf_message__rosidl_typesupport_fastrtps_cpp.hpp
[37.020s] -- Installing: /home/user/ros2_ws/install/tf2_msgs/include/tf2_msgs/tf2_msgs/msg/detail/dds_fastrtps
[37.020s] -- Installing: /home/user/ros2_ws/install/tf2_msgs/include/tf2_msgs/tf2_msgs/msg/detail/tf2_error__rosidl_typesupport_fastrtps_cpp.hpp
[37.021s] -- Installing: /home/user/ros2_ws/install/tf2_msgs/include/tf2_msgs/tf2_msgs/msg/rosidl_typesupport_fastrtps_cpp__visibility_control.h
[37.021s] -- Up-to-date: /home/user/ros2_ws/install/tf2_msgs/include/tf2_msgs/tf2_msgs/action
[37.021s] -- Up-to-date: /home/user/ros2_ws/install/tf2_msgs/include/tf2_msgs/tf2_msgs/action/detail
[37.021s] -- Installing: /home/user/ros2_ws/install/tf2_msgs/include/tf2_msgs/tf2_msgs/action/detail/lookup_transform__rosidl_typesupport_fastrtps_cpp.hpp
[37.021s] -- Installing: /home/user/ros2_ws/install/tf2_msgs/include/tf2_msgs/tf2_msgs/action/detail/dds_fastrtps
[37.021s] -- Installing: /home/user/ros2_ws/install/tf2_msgs/lib/libtf2_msgs__rosidl_typesupport_fastrtps_cpp.so
[37.022s] -- Set runtime path of "/home/user/ros2_ws/install/tf2_msgs/lib/libtf2_msgs__rosidl_typesupport_fastrtps_cpp.so" to ""
[37.022s] -- Up-to-date: /home/user/ros2_ws/install/tf2_msgs/include/tf2_msgs/tf2_msgs
[37.022s] -- Up-to-date: /home/user/ros2_ws/install/tf2_msgs/include/tf2_msgs/tf2_msgs/srv
[37.022s] -- Up-to-date: /home/user/ros2_ws/install/tf2_msgs/include/tf2_msgs/tf2_msgs/srv/detail
[37.023s] -- Installing: /home/user/ros2_ws/install/tf2_msgs/include/tf2_msgs/tf2_msgs/srv/detail/frame_graph__type_support.cpp
[37.023s] -- Installing: /home/user/ros2_ws/install/tf2_msgs/include/tf2_msgs/tf2_msgs/srv/detail/frame_graph__rosidl_typesupport_introspection_cpp.hpp
[37.023s] -- Up-to-date: /home/user/ros2_ws/install/tf2_msgs/include/tf2_msgs/tf2_msgs/msg
[37.023s] -- Up-to-date: /home/user/ros2_ws/install/tf2_msgs/include/tf2_msgs/tf2_msgs/msg/detail
[37.023s] -- Installing: /home/user/ros2_ws/install/tf2_msgs/include/tf2_msgs/tf2_msgs/msg/detail/tf2_error__rosidl_typesupport_introspection_cpp.hpp
[37.023s] -- Installing: /home/user/ros2_ws/install/tf2_msgs/include/tf2_msgs/tf2_msgs/msg/detail/tf_message__type_support.cpp
[37.023s] -- Installing: /home/user/ros2_ws/install/tf2_msgs/include/tf2_msgs/tf2_msgs/msg/detail/tf_message__rosidl_typesupport_introspection_cpp.hpp
[37.023s] -- Installing: /home/user/ros2_ws/install/tf2_msgs/include/tf2_msgs/tf2_msgs/msg/detail/tf2_error__type_support.cpp
[37.024s] -- Up-to-date: /home/user/ros2_ws/install/tf2_msgs/include/tf2_msgs/tf2_msgs/action
[37.024s] -- Up-to-date: /home/user/ros2_ws/install/tf2_msgs/include/tf2_msgs/tf2_msgs/action/detail
[37.024s] -- Installing: /home/user/ros2_ws/install/tf2_msgs/include/tf2_msgs/tf2_msgs/action/detail/lookup_transform__rosidl_typesupport_introspection_cpp.hpp
[37.024s] -- Installing: /home/user/ros2_ws/install/tf2_msgs/include/tf2_msgs/tf2_msgs/action/detail/lookup_transform__type_support.cpp
[37.024s] -- Installing: /home/user/ros2_ws/install/tf2_msgs/lib/libtf2_msgs__rosidl_typesupport_introspection_cpp.so
[37.025s] -- Set runtime path of "/home/user/ros2_ws/install/tf2_msgs/lib/libtf2_msgs__rosidl_typesupport_introspection_cpp.so" to ""
[37.025s] -- Installing: /home/user/ros2_ws/install/tf2_msgs/lib/libtf2_msgs__rosidl_typesupport_cpp.so
[37.025s] -- Set runtime path of "/home/user/ros2_ws/install/tf2_msgs/lib/libtf2_msgs__rosidl_typesupport_cpp.so" to ""
[37.025s] -- Installing: /home/user/ros2_ws/install/tf2_msgs/share/ament_index/resource_index/rust_packages/tf2_msgs
[37.026s] -- Installing: /home/user/ros2_ws/install/tf2_msgs/share/tf2_msgs/rust
[37.026s] -- Installing: /home/user/ros2_ws/install/tf2_msgs/share/tf2_msgs/rust/Cargo.toml
[37.026s] -- Installing: /home/user/ros2_ws/install/tf2_msgs/share/tf2_msgs/rust/src
[37.026s] -- Installing: /home/user/ros2_ws/install/tf2_msgs/share/tf2_msgs/rust/src/msg.rs
[37.026s] -- Installing: /home/user/ros2_ws/install/tf2_msgs/share/tf2_msgs/rust/src/srv.rs
[37.026s] -- Installing: /home/user/ros2_ws/install/tf2_msgs/share/tf2_msgs/rust/src/lib.rs
[37.026s] -- Installing: /home/user/ros2_ws/install/tf2_msgs/share/tf2_msgs/rust/build.rs
[37.027s] -- Up-to-date: /home/user/ros2_ws/install/tf2_msgs/share/tf2_msgs/rust
[37.027s] -- Up-to-date: /home/user/ros2_ws/install/tf2_msgs/share/tf2_msgs/rust/Cargo.toml
[37.027s] -- Up-to-date: /home/user/ros2_ws/install/tf2_msgs/share/tf2_msgs/rust/src
[37.027s] -- Up-to-date: /home/user/ros2_ws/install/tf2_msgs/share/tf2_msgs/rust/src/msg.rs
[37.027s] -- Up-to-date: /home/user/ros2_ws/install/tf2_msgs/share/tf2_msgs/rust/src/srv.rs
[37.028s] -- Up-to-date: /home/user/ros2_ws/install/tf2_msgs/share/tf2_msgs/rust/src/lib.rs
[37.028s] -- Up-to-date: /home/user/ros2_ws/install/tf2_msgs/share/tf2_msgs/rust/build.rs
[37.028s] -- Up-to-date: /home/user/ros2_ws/install/tf2_msgs/share/tf2_msgs/rust
[37.028s] -- Up-to-date: /home/user/ros2_ws/install/tf2_msgs/share/tf2_msgs/rust/Cargo.toml
[37.028s] -- Up-to-date: /home/user/ros2_ws/install/tf2_msgs/share/tf2_msgs/rust/src
[37.028s] -- Up-to-date: /home/user/ros2_ws/install/tf2_msgs/share/tf2_msgs/rust/src/msg.rs
[37.028s] -- Up-to-date: /home/user/ros2_ws/install/tf2_msgs/share/tf2_msgs/rust/src/srv.rs
[37.028s] -- Up-to-date: /home/user/ros2_ws/install/tf2_msgs/share/tf2_msgs/rust/src/lib.rs
[37.028s] -- Up-to-date: /home/user/ros2_ws/install/tf2_msgs/share/tf2_msgs/rust/build.rs
[37.029s] -- Installing: /home/user/ros2_ws/install/tf2_msgs/share/tf2_msgs/environment/pythonpath.sh
[37.029s] -- Installing: /home/user/ros2_ws/install/tf2_msgs/share/tf2_msgs/environment/pythonpath.dsv
[37.029s] -- Installing: /home/user/ros2_ws/install/tf2_msgs/local/lib/python3.10/dist-packages/tf2_msgs-0.13.12-py3.10.egg-info
[37.029s] -- Installing: /home/user/ros2_ws/install/tf2_msgs/local/lib/python3.10/dist-packages/tf2_msgs-0.13.12-py3.10.egg-info/PKG-INFO
[37.029s] -- Installing: /home/user/ros2_ws/install/tf2_msgs/local/lib/python3.10/dist-packages/tf2_msgs-0.13.12-py3.10.egg-info/top_level.txt
[37.029s] -- Installing: /home/user/ros2_ws/install/tf2_msgs/local/lib/python3.10/dist-packages/tf2_msgs-0.13.12-py3.10.egg-info/SOURCES.txt
[37.029s] -- Installing: /home/user/ros2_ws/install/tf2_msgs/local/lib/python3.10/dist-packages/tf2_msgs-0.13.12-py3.10.egg-info/dependency_links.txt
[37.029s] -- Installing: /home/user/ros2_ws/install/tf2_msgs/local/lib/python3.10/dist-packages/tf2_msgs
[37.029s] -- Installing: /home/user/ros2_ws/install/tf2_msgs/local/lib/python3.10/dist-packages/tf2_msgs/libtf2_msgs__rosidl_generator_py.so
[37.030s] -- Installing: /home/user/ros2_ws/install/tf2_msgs/local/lib/python3.10/dist-packages/tf2_msgs/srv
[37.030s] -- Installing: /home/user/ros2_ws/install/tf2_msgs/local/lib/python3.10/dist-packages/tf2_msgs/srv/_frame_graph_s.c
[37.030s] -- Installing: /home/user/ros2_ws/install/tf2_msgs/local/lib/python3.10/dist-packages/tf2_msgs/srv/__init__.py
[37.030s] -- Installing: /home/user/ros2_ws/install/tf2_msgs/local/lib/python3.10/dist-packages/tf2_msgs/srv/_frame_graph.py
[37.030s] -- Installing: /home/user/ros2_ws/install/tf2_msgs/local/lib/python3.10/dist-packages/tf2_msgs/msg
[37.030s] -- Installing: /home/user/ros2_ws/install/tf2_msgs/local/lib/python3.10/dist-packages/tf2_msgs/msg/_tf2_error.py
[37.030s] -- Installing: /home/user/ros2_ws/install/tf2_msgs/local/lib/python3.10/dist-packages/tf2_msgs/msg/__init__.py
[37.030s] -- Installing: /home/user/ros2_ws/install/tf2_msgs/local/lib/python3.10/dist-packages/tf2_msgs/msg/_tf_message_s.c
[37.031s] -- Installing: /home/user/ros2_ws/install/tf2_msgs/local/lib/python3.10/dist-packages/tf2_msgs/msg/_tf_message.py
[37.031s] -- Installing: /home/user/ros2_ws/install/tf2_msgs/local/lib/python3.10/dist-packages/tf2_msgs/msg/_tf2_error_s.c
[37.031s] -- Installing: /home/user/ros2_ws/install/tf2_msgs/local/lib/python3.10/dist-packages/tf2_msgs/tf2_msgs_s__rosidl_typesupport_c.cpython-310-x86_64-linux-gnu.so
[37.031s] -- Installing: /home/user/ros2_ws/install/tf2_msgs/local/lib/python3.10/dist-packages/tf2_msgs/__init__.py
[37.031s] -- Installing: /home/user/ros2_ws/install/tf2_msgs/local/lib/python3.10/dist-packages/tf2_msgs/_tf2_msgs_s.ep.rosidl_typesupport_introspection_c.c
[37.031s] -- Installing: /home/user/ros2_ws/install/tf2_msgs/local/lib/python3.10/dist-packages/tf2_msgs/_tf2_msgs_s.ep.rosidl_typesupport_c.c
[37.031s] -- Installing: /home/user/ros2_ws/install/tf2_msgs/local/lib/python3.10/dist-packages/tf2_msgs/tf2_msgs_s__rosidl_typesupport_introspection_c.cpython-310-x86_64-linux-gnu.so
[37.032s] -- Installing: /home/user/ros2_ws/install/tf2_msgs/local/lib/python3.10/dist-packages/tf2_msgs/tf2_msgs_s__rosidl_typesupport_fastrtps_c.cpython-310-x86_64-linux-gnu.so
[37.032s] -- Installing: /home/user/ros2_ws/install/tf2_msgs/local/lib/python3.10/dist-packages/tf2_msgs/_tf2_msgs_s.ep.rosidl_typesupport_fastrtps_c.c
[37.032s] -- Installing: /home/user/ros2_ws/install/tf2_msgs/local/lib/python3.10/dist-packages/tf2_msgs/action
[37.032s] -- Installing: /home/user/ros2_ws/install/tf2_msgs/local/lib/python3.10/dist-packages/tf2_msgs/action/_lookup_transform.py
[37.032s] -- Installing: /home/user/ros2_ws/install/tf2_msgs/local/lib/python3.10/dist-packages/tf2_msgs/action/__init__.py
[37.033s] -- Installing: /home/user/ros2_ws/install/tf2_msgs/local/lib/python3.10/dist-packages/tf2_msgs/action/_lookup_transform_s.c
[37.100s] Listing '/home/user/ros2_ws/install/tf2_msgs/local/lib/python3.10/dist-packages/tf2_msgs'...
[37.100s] Compiling '/home/user/ros2_ws/install/tf2_msgs/local/lib/python3.10/dist-packages/tf2_msgs/__init__.py'...
[37.100s] Listing '/home/user/ros2_ws/install/tf2_msgs/local/lib/python3.10/dist-packages/tf2_msgs/action'...
[37.100s] Compiling '/home/user/ros2_ws/install/tf2_msgs/local/lib/python3.10/dist-packages/tf2_msgs/action/__init__.py'...
[37.100s] Compiling '/home/user/ros2_ws/install/tf2_msgs/local/lib/python3.10/dist-packages/tf2_msgs/action/_lookup_transform.py'...
[37.100s] Listing '/home/user/ros2_ws/install/tf2_msgs/local/lib/python3.10/dist-packages/tf2_msgs/msg'...
[37.100s] Compiling '/home/user/ros2_ws/install/tf2_msgs/local/lib/python3.10/dist-packages/tf2_msgs/msg/__init__.py'...
[37.101s] Compiling '/home/user/ros2_ws/install/tf2_msgs/local/lib/python3.10/dist-packages/tf2_msgs/msg/_tf2_error.py'...
[37.101s] Compiling '/home/user/ros2_ws/install/tf2_msgs/local/lib/python3.10/dist-packages/tf2_msgs/msg/_tf_message.py'...
[37.101s] Listing '/home/user/ros2_ws/install/tf2_msgs/local/lib/python3.10/dist-packages/tf2_msgs/srv'...
[37.101s] Compiling '/home/user/ros2_ws/install/tf2_msgs/local/lib/python3.10/dist-packages/tf2_msgs/srv/__init__.py'...
[37.101s] Compiling '/home/user/ros2_ws/install/tf2_msgs/local/lib/python3.10/dist-packages/tf2_msgs/srv/_frame_graph.py'...
[37.104s] -- Installing: /home/user/ros2_ws/install/tf2_msgs/local/lib/python3.10/dist-packages/tf2_msgs/tf2_msgs_s__rosidl_typesupport_fastrtps_c.cpython-310-x86_64-linux-gnu.so
[37.105s] -- Set runtime path of "/home/user/ros2_ws/install/tf2_msgs/local/lib/python3.10/dist-packages/tf2_msgs/tf2_msgs_s__rosidl_typesupport_fastrtps_c.cpython-310-x86_64-linux-gnu.so" to ""
[37.105s] -- Installing: /home/user/ros2_ws/install/tf2_msgs/local/lib/python3.10/dist-packages/tf2_msgs/tf2_msgs_s__rosidl_typesupport_introspection_c.cpython-310-x86_64-linux-gnu.so
[37.106s] -- Set runtime path of "/home/user/ros2_ws/install/tf2_msgs/local/lib/python3.10/dist-packages/tf2_msgs/tf2_msgs_s__rosidl_typesupport_introspection_c.cpython-310-x86_64-linux-gnu.so" to ""
[37.106s] -- Installing: /home/user/ros2_ws/install/tf2_msgs/local/lib/python3.10/dist-packages/tf2_msgs/tf2_msgs_s__rosidl_typesupport_c.cpython-310-x86_64-linux-gnu.so
[37.106s] -- Set runtime path of "/home/user/ros2_ws/install/tf2_msgs/local/lib/python3.10/dist-packages/tf2_msgs/tf2_msgs_s__rosidl_typesupport_c.cpython-310-x86_64-linux-gnu.so" to ""
[37.106s] -- Installing: /home/user/ros2_ws/install/tf2_msgs/lib/libtf2_msgs__rosidl_generator_py.so
[37.107s] -- Set runtime path of "/home/user/ros2_ws/install/tf2_msgs/lib/libtf2_msgs__rosidl_generator_py.so" to ""
[37.107s] -- Installing: /home/user/ros2_ws/install/tf2_msgs/share/tf2_msgs/msg/TF2Error.idl
[37.107s] -- Installing: /home/user/ros2_ws/install/tf2_msgs/share/tf2_msgs/msg/TFMessage.idl
[37.107s] -- Installing: /home/user/ros2_ws/install/tf2_msgs/share/tf2_msgs/srv/FrameGraph.idl
[37.108s] -- Installing: /home/user/ros2_ws/install/tf2_msgs/share/tf2_msgs/action/LookupTransform.idl
[37.108s] -- Installing: /home/user/ros2_ws/install/tf2_msgs/share/tf2_msgs/msg/TF2Error.msg
[37.108s] -- Installing: /home/user/ros2_ws/install/tf2_msgs/share/tf2_msgs/msg/TFMessage.msg
[37.108s] -- Installing: /home/user/ros2_ws/install/tf2_msgs/share/tf2_msgs/srv/FrameGraph.srv
[37.108s] -- Installing: /home/user/ros2_ws/install/tf2_msgs/share/tf2_msgs/srv/FrameGraph_Request.msg
[37.109s] -- Installing: /home/user/ros2_ws/install/tf2_msgs/share/tf2_msgs/srv/FrameGraph_Response.msg
[37.109s] -- Installing: /home/user/ros2_ws/install/tf2_msgs/share/tf2_msgs/action/LookupTransform.action
[37.109s] -- Installing: /home/user/ros2_ws/install/tf2_msgs/share/tf2_msgs/tfmessage_bridge_mapping_rule.yaml
[37.109s] -- Installing: /home/user/ros2_ws/install/tf2_msgs/share/ament_index/resource_index/package_run_dependencies/tf2_msgs
[37.109s] -- Installing: /home/user/ros2_ws/install/tf2_msgs/share/ament_index/resource_index/parent_prefix_path/tf2_msgs
[37.110s] -- Installing: /home/user/ros2_ws/install/tf2_msgs/share/tf2_msgs/environment/ament_prefix_path.sh
[37.110s] -- Installing: /home/user/ros2_ws/install/tf2_msgs/share/tf2_msgs/environment/ament_prefix_path.dsv
[37.110s] -- Installing: /home/user/ros2_ws/install/tf2_msgs/share/tf2_msgs/environment/path.sh
[37.110s] -- Installing: /home/user/ros2_ws/install/tf2_msgs/share/tf2_msgs/environment/path.dsv
[37.110s] -- Installing: /home/user/ros2_ws/install/tf2_msgs/share/tf2_msgs/local_setup.bash
[37.111s] -- Installing: /home/user/ros2_ws/install/tf2_msgs/share/tf2_msgs/local_setup.sh
[37.111s] -- Installing: /home/user/ros2_ws/install/tf2_msgs/share/tf2_msgs/local_setup.zsh
[37.111s] -- Installing: /home/user/ros2_ws/install/tf2_msgs/share/tf2_msgs/local_setup.dsv
[37.111s] -- Installing: /home/user/ros2_ws/install/tf2_msgs/share/tf2_msgs/package.dsv
[37.111s] -- Installing: /home/user/ros2_ws/install/tf2_msgs/share/ament_index/resource_index/packages/tf2_msgs
[37.112s] -- Installing: /home/user/ros2_ws/install/tf2_msgs/share/tf2_msgs/cmake/export_tf2_msgs__rosidl_generator_cExport.cmake
[37.112s] -- Installing: /home/user/ros2_ws/install/tf2_msgs/share/tf2_msgs/cmake/export_tf2_msgs__rosidl_generator_cExport-noconfig.cmake
[37.112s] -- Installing: /home/user/ros2_ws/install/tf2_msgs/share/tf2_msgs/cmake/export_tf2_msgs__rosidl_typesupport_fastrtps_cExport.cmake
[37.112s] -- Installing: /home/user/ros2_ws/install/tf2_msgs/share/tf2_msgs/cmake/export_tf2_msgs__rosidl_typesupport_fastrtps_cExport-noconfig.cmake
[37.112s] -- Installing: /home/user/ros2_ws/install/tf2_msgs/share/tf2_msgs/cmake/tf2_msgs__rosidl_typesupport_introspection_cExport.cmake
[37.113s] -- Installing: /home/user/ros2_ws/install/tf2_msgs/share/tf2_msgs/cmake/tf2_msgs__rosidl_typesupport_introspection_cExport-noconfig.cmake
[37.113s] -- Installing: /home/user/ros2_ws/install/tf2_msgs/share/tf2_msgs/cmake/tf2_msgs__rosidl_typesupport_cExport.cmake
[37.113s] -- Installing: /home/user/ros2_ws/install/tf2_msgs/share/tf2_msgs/cmake/tf2_msgs__rosidl_typesupport_cExport-noconfig.cmake
[37.113s] -- Installing: /home/user/ros2_ws/install/tf2_msgs/share/tf2_msgs/cmake/export_tf2_msgs__rosidl_generator_cppExport.cmake
[37.114s] -- Installing: /home/user/ros2_ws/install/tf2_msgs/share/tf2_msgs/cmake/export_tf2_msgs__rosidl_typesupport_fastrtps_cppExport.cmake
[37.114s] -- Installing: /home/user/ros2_ws/install/tf2_msgs/share/tf2_msgs/cmake/export_tf2_msgs__rosidl_typesupport_fastrtps_cppExport-noconfig.cmake
[37.114s] -- Installing: /home/user/ros2_ws/install/tf2_msgs/share/tf2_msgs/cmake/tf2_msgs__rosidl_typesupport_introspection_cppExport.cmake
[37.114s] -- Installing: /home/user/ros2_ws/install/tf2_msgs/share/tf2_msgs/cmake/tf2_msgs__rosidl_typesupport_introspection_cppExport-noconfig.cmake
[37.114s] -- Installing: /home/user/ros2_ws/install/tf2_msgs/share/tf2_msgs/cmake/tf2_msgs__rosidl_typesupport_cppExport.cmake
[37.114s] -- Installing: /home/user/ros2_ws/install/tf2_msgs/share/tf2_msgs/cmake/tf2_msgs__rosidl_typesupport_cppExport-noconfig.cmake
[37.115s] -- Installing: /home/user/ros2_ws/install/tf2_msgs/share/tf2_msgs/cmake/export_tf2_msgs__rosidl_generator_pyExport.cmake
[37.115s] -- Installing: /home/user/ros2_ws/install/tf2_msgs/share/tf2_msgs/cmake/export_tf2_msgs__rosidl_generator_pyExport-noconfig.cmake
[37.115s] -- Installing: /home/user/ros2_ws/install/tf2_msgs/share/tf2_msgs/cmake/rosidl_cmake-extras.cmake
[37.115s] -- Installing: /home/user/ros2_ws/install/tf2_msgs/share/tf2_msgs/cmake/ament_cmake_export_dependencies-extras.cmake
[37.115s] -- Installing: /home/user/ros2_ws/install/tf2_msgs/share/tf2_msgs/cmake/ament_cmake_export_include_directories-extras.cmake
[37.116s] -- Installing: /home/user/ros2_ws/install/tf2_msgs/share/tf2_msgs/cmake/ament_cmake_export_libraries-extras.cmake
[37.116s] -- Installing: /home/user/ros2_ws/install/tf2_msgs/share/tf2_msgs/cmake/ament_cmake_export_targets-extras.cmake
[37.116s] -- Installing: /home/user/ros2_ws/install/tf2_msgs/share/tf2_msgs/cmake/rosidl_cmake_export_typesupport_targets-extras.cmake
[37.116s] -- Installing: /home/user/ros2_ws/install/tf2_msgs/share/tf2_msgs/cmake/rosidl_cmake_export_typesupport_libraries-extras.cmake
[37.116s] -- Installing: /home/user/ros2_ws/install/tf2_msgs/share/tf2_msgs/cmake/tf2_msgsConfig.cmake
[37.117s] -- Installing: /home/user/ros2_ws/install/tf2_msgs/share/tf2_msgs/cmake/tf2_msgsConfig-version.cmake
[37.117s] -- Installing: /home/user/ros2_ws/install/tf2_msgs/share/tf2_msgs/package.xml
[37.122s] Invoked command in '/home/user/ros2_ws/build/tf2_msgs' returned '0': CMAKE_PREFIX_PATH=${CMAKE_PREFIX_PATH}:/home/simulations/ros2_sims_ws/install/rclrs_tests:/home/simulations/ros2_sims_ws/install/examples_rclrs_minimal_client_service:/home/simulations/ros2_sims_ws/install/sensor_msgs_py:/home/simulations/ros2_sims_ws/install/examples_rclrs_minimal_pub_sub:/home/simulations/ros2_sims_ws/install/examples_rclrs_message_demo:/home/simulations/ros2_sims_ws/install/rclrs:/home/simulations/ros2_sims_ws/install/rosidl_runtime_rs:/home/user/ros2_ws/install/ros2test:/home/user/ros2_ws/install/robotiq_85_driver:/home/user/ros2_ws/install/moveit_configs_utils:/opt/ros/humble _=/usr/bin/env /usr/bin/cmake --install /home/user/ros2_ws/build/tf2_msgs
