[35m[1mConsolidate compiler generated dependencies of target first_stage_endeffector[0m
[ 50%] [32mBuilding CXX object CMakeFiles/first_stage_endeffector.dir/src/first_stage_endeffector.cpp.o[0m
[01m[K/home/steven/ros2_ws/src/first_stage/src/first_stage_endeffector/src/first_stage_endeffector.cpp:[m[K In member function ‘[01m[Kvoid RobotController::coordinatesCallback(geometry_msgs::msg::Point_<std::allocator<void> >::SharedPtr)[m[K’:
[01m[K/home/steven/ros2_ws/src/first_stage/src/first_stage_endeffector/src/first_stage_endeffector.cpp:142:11:[m[K [01;31m[Kerror: [m[Kredeclaration of ‘[01m[Kint gripper_width[m[K’
  142 |       int [01;31m[Kgripper_width[m[K = -8;
      |           [01;31m[K^~~~~~~~~~~~~[m[K
[01m[K/home/steven/ros2_ws/src/first_stage/src/first_stage_endeffector/src/first_stage_endeffector.cpp:108:11:[m[K [01;36m[Knote: [m[K‘[01m[Kint gripper_width[m[K’ previously declared here
  108 |       int [01;36m[Kgripper_width[m[K = 30;
      |           [01;36m[K^~~~~~~~~~~~~[m[K
[01m[K/home/steven/ros2_ws/src/first_stage/src/first_stage_endeffector/src/first_stage_endeffector.cpp:143:11:[m[K [01;31m[Kerror: [m[Kredeclaration of ‘[01m[Kint gripper_force[m[K’
  143 |       int [01;31m[Kgripper_force[m[K = 10;
      |           [01;31m[K^~~~~~~~~~~~~[m[K
[01m[K/home/steven/ros2_ws/src/first_stage/src/first_stage_endeffector/src/first_stage_endeffector.cpp:109:11:[m[K [01;36m[Knote: [m[K‘[01m[Kint gripper_force[m[K’ previously declared here
  109 |       int [01;36m[Kgripper_force[m[K = 10;
      |           [01;36m[K^~~~~~~~~~~~~[m[K
[01m[K/home/steven/ros2_ws/src/first_stage/src/first_stage_endeffector/src/first_stage_endeffector.cpp:224:11:[m[K [01;31m[Kerror: [m[Kredeclaration of ‘[01m[Kint gripper_width[m[K’
  224 |       int [01;31m[Kgripper_width[m[K = 15; // 鬆開夾爪的寬度
      |           [01;31m[K^~~~~~~~~~~~~[m[K
[01m[K/home/steven/ros2_ws/src/first_stage/src/first_stage_endeffector/src/first_stage_endeffector.cpp:108:11:[m[K [01;36m[Knote: [m[K‘[01m[Kint gripper_width[m[K’ previously declared here
  108 |       int [01;36m[Kgripper_width[m[K = 30;
      |           [01;36m[K^~~~~~~~~~~~~[m[K
[01m[K/home/steven/ros2_ws/src/first_stage/src/first_stage_endeffector/src/first_stage_endeffector.cpp:225:11:[m[K [01;31m[Kerror: [m[Kredeclaration of ‘[01m[Kint gripper_force[m[K’
  225 |       int [01;31m[Kgripper_force[m[K = 10; // 鬆開夾爪的力度
      |           [01;31m[K^~~~~~~~~~~~~[m[K
[01m[K/home/steven/ros2_ws/src/first_stage/src/first_stage_endeffector/src/first_stage_endeffector.cpp:109:11:[m[K [01;36m[Knote: [m[K‘[01m[Kint gripper_force[m[K’ previously declared here
  109 |       int [01;36m[Kgripper_force[m[K = 10;
      |           [01;36m[K^~~~~~~~~~~~~[m[K
gmake[2]: *** [CMakeFiles/first_stage_endeffector.dir/build.make:76：CMakeFiles/first_stage_endeffector.dir/src/first_stage_endeffector.cpp.o] 錯誤 1
gmake[1]: *** [CMakeFiles/Makefile2:137：CMakeFiles/first_stage_endeffector.dir/all] 錯誤 2
gmake: *** [Makefile:146：all] 錯誤 2
