[0.126s] Invoking command in '/home/user/ros2_ws/build/moveit_common': CMAKE_PREFIX_PATH=${CMAKE_PREFIX_PATH}:/home/simulations/ros2_sims_ws/install/rclrs_tests:/home/simulations/ros2_sims_ws/install/examples_rclrs_minimal_client_service:/home/simulations/ros2_sims_ws/install/sensor_msgs_py:/home/simulations/ros2_sims_ws/install/examples_rclrs_minimal_pub_sub:/home/simulations/ros2_sims_ws/install/examples_rclrs_message_demo:/home/simulations/ros2_sims_ws/install/rclrs:/home/simulations/ros2_sims_ws/install/rosidl_runtime_rs:/home/user/ros2_ws/install/ros2test:/home/user/ros2_ws/install/robotiq_85_driver:/home/user/ros2_ws/install/moveit_configs_utils:/opt/ros/humble _=/usr/bin/env /usr/bin/cmake /home/user/ros2_ws/src/universal_robot_ros2/moveit2/moveit_common -DCMAKE_INSTALL_PREFIX=/home/user/ros2_ws/install/moveit_common
[0.933s] -- Found ament_cmake: 1.3.4 (/opt/ros/humble/share/ament_cmake/cmake)
[1.115s] -- Found Python3: /usr/bin/python3.10 (found version "3.10.6") found components: Interpreter 
[1.446s] -- Found ament_lint_auto: 0.12.6 (/opt/ros/humble/share/ament_lint_auto/cmake)
[1.718s] -- Added test 'copyright' to check source files copyright and LICENSE
[1.729s] -- Added test 'lint_cmake' to check CMake code style
[1.735s] -- Added test 'xmllint' to check XML markup files
[1.744s] -- Configuring done
[1.750s] -- Generating done
[1.752s] -- Build files have been written to: /home/user/ros2_ws/build/moveit_common
[1.756s] Invoked command in '/home/user/ros2_ws/build/moveit_common' returned '0': CMAKE_PREFIX_PATH=${CMAKE_PREFIX_PATH}:/home/simulations/ros2_sims_ws/install/rclrs_tests:/home/simulations/ros2_sims_ws/install/examples_rclrs_minimal_client_service:/home/simulations/ros2_sims_ws/install/sensor_msgs_py:/home/simulations/ros2_sims_ws/install/examples_rclrs_minimal_pub_sub:/home/simulations/ros2_sims_ws/install/examples_rclrs_message_demo:/home/simulations/ros2_sims_ws/install/rclrs:/home/simulations/ros2_sims_ws/install/rosidl_runtime_rs:/home/user/ros2_ws/install/ros2test:/home/user/ros2_ws/install/robotiq_85_driver:/home/user/ros2_ws/install/moveit_configs_utils:/opt/ros/humble _=/usr/bin/env /usr/bin/cmake /home/user/ros2_ws/src/universal_robot_ros2/moveit2/moveit_common -DCMAKE_INSTALL_PREFIX=/home/user/ros2_ws/install/moveit_common
[1.760s] Invoking command in '/home/user/ros2_ws/build/moveit_common': CMAKE_PREFIX_PATH=${CMAKE_PREFIX_PATH}:/home/simulations/ros2_sims_ws/install/rclrs_tests:/home/simulations/ros2_sims_ws/install/examples_rclrs_minimal_client_service:/home/simulations/ros2_sims_ws/install/sensor_msgs_py:/home/simulations/ros2_sims_ws/install/examples_rclrs_minimal_pub_sub:/home/simulations/ros2_sims_ws/install/examples_rclrs_message_demo:/home/simulations/ros2_sims_ws/install/rclrs:/home/simulations/ros2_sims_ws/install/rosidl_runtime_rs:/home/user/ros2_ws/install/ros2test:/home/user/ros2_ws/install/robotiq_85_driver:/home/user/ros2_ws/install/moveit_configs_utils:/opt/ros/humble _=/usr/bin/env /usr/bin/cmake --build /home/user/ros2_ws/build/moveit_common -- -j8 -l8
[2.168s] Invoked command in '/home/user/ros2_ws/build/moveit_common' returned '0': CMAKE_PREFIX_PATH=${CMAKE_PREFIX_PATH}:/home/simulations/ros2_sims_ws/install/rclrs_tests:/home/simulations/ros2_sims_ws/install/examples_rclrs_minimal_client_service:/home/simulations/ros2_sims_ws/install/sensor_msgs_py:/home/simulations/ros2_sims_ws/install/examples_rclrs_minimal_pub_sub:/home/simulations/ros2_sims_ws/install/examples_rclrs_message_demo:/home/simulations/ros2_sims_ws/install/rclrs:/home/simulations/ros2_sims_ws/install/rosidl_runtime_rs:/home/user/ros2_ws/install/ros2test:/home/user/ros2_ws/install/robotiq_85_driver:/home/user/ros2_ws/install/moveit_configs_utils:/opt/ros/humble _=/usr/bin/env /usr/bin/cmake --build /home/user/ros2_ws/build/moveit_common -- -j8 -l8
[2.268s] Invoking command in '/home/user/ros2_ws/build/moveit_common': CMAKE_PREFIX_PATH=${CMAKE_PREFIX_PATH}:/home/simulations/ros2_sims_ws/install/rclrs_tests:/home/simulations/ros2_sims_ws/install/examples_rclrs_minimal_client_service:/home/simulations/ros2_sims_ws/install/sensor_msgs_py:/home/simulations/ros2_sims_ws/install/examples_rclrs_minimal_pub_sub:/home/simulations/ros2_sims_ws/install/examples_rclrs_message_demo:/home/simulations/ros2_sims_ws/install/rclrs:/home/simulations/ros2_sims_ws/install/rosidl_runtime_rs:/home/user/ros2_ws/install/ros2test:/home/user/ros2_ws/install/robotiq_85_driver:/home/user/ros2_ws/install/moveit_configs_utils:/opt/ros/humble _=/usr/bin/env /usr/bin/cmake --install /home/user/ros2_ws/build/moveit_common
[9.068s] -- Install configuration: ""
[9.068s] -- Installing: /home/user/ros2_ws/install/moveit_common/share/ament_index/resource_index/package_run_dependencies/moveit_common
[9.068s] -- Installing: /home/user/ros2_ws/install/moveit_common/share/ament_index/resource_index/parent_prefix_path/moveit_common
[9.069s] -- Installing: /home/user/ros2_ws/install/moveit_common/share/moveit_common/environment/ament_prefix_path.sh
[9.069s] -- Installing: /home/user/ros2_ws/install/moveit_common/share/moveit_common/environment/ament_prefix_path.dsv
[9.069s] -- Installing: /home/user/ros2_ws/install/moveit_common/share/moveit_common/environment/path.sh
[9.070s] -- Installing: /home/user/ros2_ws/install/moveit_common/share/moveit_common/environment/path.dsv
[9.070s] -- Installing: /home/user/ros2_ws/install/moveit_common/share/moveit_common/local_setup.bash
[9.070s] -- Installing: /home/user/ros2_ws/install/moveit_common/share/moveit_common/local_setup.sh
[9.070s] -- Installing: /home/user/ros2_ws/install/moveit_common/share/moveit_common/local_setup.zsh
[9.070s] -- Installing: /home/user/ros2_ws/install/moveit_common/share/moveit_common/local_setup.dsv
[9.071s] -- Installing: /home/user/ros2_ws/install/moveit_common/share/moveit_common/package.dsv
[9.071s] -- Installing: /home/user/ros2_ws/install/moveit_common/share/ament_index/resource_index/packages/moveit_common
[9.071s] -- Installing: /home/user/ros2_ws/install/moveit_common/share/moveit_common/cmake/moveit_common-extras.cmake
[9.072s] -- Installing: /home/user/ros2_ws/install/moveit_common/share/moveit_common/cmake/moveit_commonConfig.cmake
[9.072s] -- Installing: /home/user/ros2_ws/install/moveit_common/share/moveit_common/cmake/moveit_commonConfig-version.cmake
[9.072s] -- Installing: /home/user/ros2_ws/install/moveit_common/share/moveit_common/package.xml
[9.072s] -- Up-to-date: /home/user/ros2_ws/install/moveit_common/share/moveit_common/cmake
[9.073s] -- Installing: /home/user/ros2_ws/install/moveit_common/share/moveit_common/cmake/moveit_package.cmake
[9.075s] Invoked command in '/home/user/ros2_ws/build/moveit_common' returned '0': CMAKE_PREFIX_PATH=${CMAKE_PREFIX_PATH}:/home/simulations/ros2_sims_ws/install/rclrs_tests:/home/simulations/ros2_sims_ws/install/examples_rclrs_minimal_client_service:/home/simulations/ros2_sims_ws/install/sensor_msgs_py:/home/simulations/ros2_sims_ws/install/examples_rclrs_minimal_pub_sub:/home/simulations/ros2_sims_ws/install/examples_rclrs_message_demo:/home/simulations/ros2_sims_ws/install/rclrs:/home/simulations/ros2_sims_ws/install/rosidl_runtime_rs:/home/user/ros2_ws/install/ros2test:/home/user/ros2_ws/install/robotiq_85_driver:/home/user/ros2_ws/install/moveit_configs_utils:/opt/ros/humble _=/usr/bin/env /usr/bin/cmake --install /home/user/ros2_ws/build/moveit_common
