[0.067s] DEBUG:colcon:Command line arguments: ['/usr/bin/colcon', 'build']
[0.067s] DEBUG:colcon:Parsed command line arguments: Namespace(log_base=None, log_level=None, verb_name='build', build_base='build', install_base='install', merge_install=False, symlink_install=False, test_result_base=None, continue_on_error=False, executor='parallel', parallel_workers=32, event_handlers=None, ignore_user_meta=False, metas=['./colcon.meta'], base_paths=['.'], packages_ignore=None, packages_ignore_regex=None, paths=None, packages_up_to=None, packages_up_to_regex=None, packages_above=None, packages_above_and_dependencies=None, packages_above_depth=None, packages_select_by_dep=None, packages_skip_by_dep=None, packages_skip_up_to=None, packages_select_build_failed=False, packages_skip_build_finished=False, packages_select_test_failures=False, packages_skip_test_passed=False, packages_select=None, packages_skip=None, packages_select_regex=None, packages_skip_regex=None, packages_start=None, packages_end=None, allow_overriding=[], cmake_args=None, cmake_target=None, cmake_target_skip_unavailable=False, cmake_clean_cache=False, cmake_clean_first=False, cmake_force_configure=False, ament_cmake_args=None, catkin_cmake_args=None, catkin_skip_building_tests=False, mixin_files=None, mixin=None, verb_parser=<colcon_mixin.mixin.mixin_argument.MixinArgumentDecorator object at 0x70348538efb0>, verb_extension=<colcon_core.verb.build.BuildVerb object at 0x70348538ead0>, main=<bound method BuildVerb.main of <colcon_core.verb.build.BuildVerb object at 0x70348538ead0>>, mixin_verb=('build',))
[0.168s] Level 1:colcon.colcon_core.package_discovery:discover_packages(colcon_meta) check parameters
[0.168s] Level 1:colcon.colcon_core.package_discovery:discover_packages(recursive) check parameters
[0.168s] Level 1:colcon.colcon_core.package_discovery:discover_packages(ignore) check parameters
[0.168s] Level 1:colcon.colcon_core.package_discovery:discover_packages(path) check parameters
[0.168s] Level 1:colcon.colcon_core.package_discovery:discover_packages(colcon_meta) discover
[0.168s] Level 1:colcon.colcon_core.package_discovery:discover_packages(recursive) discover
[0.168s] INFO:colcon.colcon_core.package_discovery:Crawling recursively for packages in '/home/steven/ros2_ws/src/first_stage'
[0.168s] Level 1:colcon.colcon_core.package_identification:_identify(.) by extensions ['ignore', 'ignore_ament_install']
[0.168s] Level 1:colcon.colcon_core.package_identification:_identify(.) by extension 'ignore'
[0.168s] Level 1:colcon.colcon_core.package_identification:_identify(.) by extension 'ignore_ament_install'
[0.168s] Level 1:colcon.colcon_core.package_identification:_identify(.) by extensions ['colcon_pkg']
[0.168s] Level 1:colcon.colcon_core.package_identification:_identify(.) by extension 'colcon_pkg'
[0.168s] Level 1:colcon.colcon_core.package_identification:_identify(.) by extensions ['colcon_meta']
[0.168s] Level 1:colcon.colcon_core.package_identification:_identify(.) by extension 'colcon_meta'
[0.168s] Level 1:colcon.colcon_core.package_identification:_identify(.) by extensions ['ros']
[0.168s] Level 1:colcon.colcon_core.package_identification:_identify(.) by extension 'ros'
[0.181s] Level 1:colcon.colcon_core.package_identification:_identify(.) by extensions ['cmake', 'python']
[0.181s] Level 1:colcon.colcon_core.package_identification:_identify(.) by extension 'cmake'
[0.181s] Level 1:colcon.colcon_core.package_identification:_identify(.) by extension 'python'
[0.181s] Level 1:colcon.colcon_core.package_identification:_identify(.) by extensions ['python_setup_py']
[0.181s] Level 1:colcon.colcon_core.package_identification:_identify(.) by extension 'python_setup_py'
[0.181s] Level 1:colcon.colcon_core.package_identification:_identify(build) by extensions ['ignore', 'ignore_ament_install']
[0.181s] Level 1:colcon.colcon_core.package_identification:_identify(build) by extension 'ignore'
[0.181s] Level 1:colcon.colcon_core.package_identification:_identify(build) ignored
[0.181s] Level 1:colcon.colcon_core.package_identification:_identify(install) by extensions ['ignore', 'ignore_ament_install']
[0.181s] Level 1:colcon.colcon_core.package_identification:_identify(install) by extension 'ignore'
[0.181s] Level 1:colcon.colcon_core.package_identification:_identify(install) ignored
[0.181s] Level 1:colcon.colcon_core.package_identification:_identify(log) by extensions ['ignore', 'ignore_ament_install']
[0.181s] Level 1:colcon.colcon_core.package_identification:_identify(log) by extension 'ignore'
[0.181s] Level 1:colcon.colcon_core.package_identification:_identify(log) ignored
[0.181s] Level 1:colcon.colcon_core.package_identification:_identify(src) by extensions ['ignore', 'ignore_ament_install']
[0.181s] Level 1:colcon.colcon_core.package_identification:_identify(src) by extension 'ignore'
[0.181s] Level 1:colcon.colcon_core.package_identification:_identify(src) by extension 'ignore_ament_install'
[0.181s] Level 1:colcon.colcon_core.package_identification:_identify(src) by extensions ['colcon_pkg']
[0.181s] Level 1:colcon.colcon_core.package_identification:_identify(src) by extension 'colcon_pkg'
[0.181s] Level 1:colcon.colcon_core.package_identification:_identify(src) by extensions ['colcon_meta']
[0.181s] Level 1:colcon.colcon_core.package_identification:_identify(src) by extension 'colcon_meta'
[0.181s] Level 1:colcon.colcon_core.package_identification:_identify(src) by extensions ['ros']
[0.181s] Level 1:colcon.colcon_core.package_identification:_identify(src) by extension 'ros'
[0.182s] Level 1:colcon.colcon_core.package_identification:_identify(src) by extensions ['cmake', 'python']
[0.182s] Level 1:colcon.colcon_core.package_identification:_identify(src) by extension 'cmake'
[0.182s] Level 1:colcon.colcon_core.package_identification:_identify(src) by extension 'python'
[0.182s] Level 1:colcon.colcon_core.package_identification:_identify(src) by extensions ['python_setup_py']
[0.182s] Level 1:colcon.colcon_core.package_identification:_identify(src) by extension 'python_setup_py'
[0.182s] Level 1:colcon.colcon_core.package_identification:_identify(src/first_stage_endeffector) by extensions ['ignore', 'ignore_ament_install']
[0.182s] Level 1:colcon.colcon_core.package_identification:_identify(src/first_stage_endeffector) by extension 'ignore'
[0.182s] Level 1:colcon.colcon_core.package_identification:_identify(src/first_stage_endeffector) by extension 'ignore_ament_install'
[0.182s] Level 1:colcon.colcon_core.package_identification:_identify(src/first_stage_endeffector) by extensions ['colcon_pkg']
[0.182s] Level 1:colcon.colcon_core.package_identification:_identify(src/first_stage_endeffector) by extension 'colcon_pkg'
[0.182s] Level 1:colcon.colcon_core.package_identification:_identify(src/first_stage_endeffector) by extensions ['colcon_meta']
[0.182s] Level 1:colcon.colcon_core.package_identification:_identify(src/first_stage_endeffector) by extension 'colcon_meta'
[0.182s] Level 1:colcon.colcon_core.package_identification:_identify(src/first_stage_endeffector) by extensions ['ros']
[0.182s] Level 1:colcon.colcon_core.package_identification:_identify(src/first_stage_endeffector) by extension 'ros'
[0.183s] DEBUG:colcon.colcon_core.package_identification:Package 'src/first_stage_endeffector' with type 'ros.ament_cmake' and name 'first_stage_endeffector'
[0.183s] Level 1:colcon.colcon_core.package_identification:_identify(src/first_stage_rg2) by extensions ['ignore', 'ignore_ament_install']
[0.183s] Level 1:colcon.colcon_core.package_identification:_identify(src/first_stage_rg2) by extension 'ignore'
[0.183s] Level 1:colcon.colcon_core.package_identification:_identify(src/first_stage_rg2) by extension 'ignore_ament_install'
[0.184s] Level 1:colcon.colcon_core.package_identification:_identify(src/first_stage_rg2) by extensions ['colcon_pkg']
[0.184s] Level 1:colcon.colcon_core.package_identification:_identify(src/first_stage_rg2) by extension 'colcon_pkg'
[0.184s] Level 1:colcon.colcon_core.package_identification:_identify(src/first_stage_rg2) by extensions ['colcon_meta']
[0.184s] Level 1:colcon.colcon_core.package_identification:_identify(src/first_stage_rg2) by extension 'colcon_meta'
[0.184s] Level 1:colcon.colcon_core.package_identification:_identify(src/first_stage_rg2) by extensions ['ros']
[0.184s] Level 1:colcon.colcon_core.package_identification:_identify(src/first_stage_rg2) by extension 'ros'
[0.184s] DEBUG:colcon.colcon_core.package_identification:Package 'src/first_stage_rg2' with type 'ros.ament_python' and name 'first_stage_rg2'
[0.184s] Level 1:colcon.colcon_core.package_discovery:discover_packages(recursive) using defaults
[0.184s] Level 1:colcon.colcon_core.package_discovery:discover_packages(ignore) discover
[0.184s] Level 1:colcon.colcon_core.package_discovery:discover_packages(ignore) using defaults
[0.184s] Level 1:colcon.colcon_core.package_discovery:discover_packages(path) discover
[0.184s] Level 1:colcon.colcon_core.package_discovery:discover_packages(path) using defaults
[0.195s] Level 1:colcon.colcon_core.package_discovery:discover_packages(prefix_path) check parameters
[0.195s] Level 1:colcon.colcon_core.package_discovery:discover_packages(prefix_path) discover
[0.197s] DEBUG:colcon.colcon_installed_package_information.package_discovery:Found 2 installed packages in /home/steven/ros2_ws/src/first_stage/install
[0.197s] DEBUG:colcon.colcon_installed_package_information.package_discovery:Found 1 installed packages in /home/steven/ros2_ws/src/first_stage/src/first_stage_endeffector/install
[0.198s] DEBUG:colcon.colcon_installed_package_information.package_discovery:Found 54 installed packages in /home/steven/ros2_ws/install
[0.198s] DEBUG:colcon.colcon_installed_package_information.package_discovery:Found 1 installed packages in /home/steven/Documents/IIIIIIIII_TEST/first_stage/src/first_stage_endeffector/install
[0.198s] DEBUG:colcon.colcon_installed_package_information.package_discovery:Found 1 installed packages in /home/steven/Documents/IIIIIIIII_TEST/command_endeffector_cartesian/install
[0.199s] DEBUG:colcon.colcon_installed_package_information.package_discovery:Found 55 installed packages in /home/steven/ws_moveit2/install
[0.201s] DEBUG:colcon.colcon_installed_package_information.package_discovery:Found 374 installed packages in /opt/ros/humble
[0.203s] Level 1:colcon.colcon_core.package_discovery:discover_packages(prefix_path) using defaults
[0.230s] Level 5:colcon.colcon_core.verb:set package 'first_stage_endeffector' build argument 'cmake_args' from command line to 'None'
[0.230s] Level 5:colcon.colcon_core.verb:set package 'first_stage_endeffector' build argument 'cmake_target' from command line to 'None'
[0.230s] Level 5:colcon.colcon_core.verb:set package 'first_stage_endeffector' build argument 'cmake_target_skip_unavailable' from command line to 'False'
[0.230s] Level 5:colcon.colcon_core.verb:set package 'first_stage_endeffector' build argument 'cmake_clean_cache' from command line to 'False'
[0.230s] Level 5:colcon.colcon_core.verb:set package 'first_stage_endeffector' build argument 'cmake_clean_first' from command line to 'False'
[0.230s] Level 5:colcon.colcon_core.verb:set package 'first_stage_endeffector' build argument 'cmake_force_configure' from command line to 'False'
[0.230s] Level 5:colcon.colcon_core.verb:set package 'first_stage_endeffector' build argument 'ament_cmake_args' from command line to 'None'
[0.230s] Level 5:colcon.colcon_core.verb:set package 'first_stage_endeffector' build argument 'catkin_cmake_args' from command line to 'None'
[0.230s] Level 5:colcon.colcon_core.verb:set package 'first_stage_endeffector' build argument 'catkin_skip_building_tests' from command line to 'False'
[0.230s] DEBUG:colcon.colcon_core.verb:Building package 'first_stage_endeffector' with the following arguments: {'ament_cmake_args': None, 'build_base': '/home/steven/ros2_ws/src/first_stage/build/first_stage_endeffector', 'catkin_cmake_args': None, 'catkin_skip_building_tests': False, 'cmake_args': None, 'cmake_clean_cache': False, 'cmake_clean_first': False, 'cmake_force_configure': False, 'cmake_target': None, 'cmake_target_skip_unavailable': False, 'install_base': '/home/steven/ros2_ws/src/first_stage/install/first_stage_endeffector', 'merge_install': False, 'path': '/home/steven/ros2_ws/src/first_stage/src/first_stage_endeffector', 'symlink_install': False, 'test_result_base': None}
[0.230s] Level 5:colcon.colcon_core.verb:set package 'first_stage_rg2' build argument 'cmake_args' from command line to 'None'
[0.230s] Level 5:colcon.colcon_core.verb:set package 'first_stage_rg2' build argument 'cmake_target' from command line to 'None'
[0.230s] Level 5:colcon.colcon_core.verb:set package 'first_stage_rg2' build argument 'cmake_target_skip_unavailable' from command line to 'False'
[0.230s] Level 5:colcon.colcon_core.verb:set package 'first_stage_rg2' build argument 'cmake_clean_cache' from command line to 'False'
[0.230s] Level 5:colcon.colcon_core.verb:set package 'first_stage_rg2' build argument 'cmake_clean_first' from command line to 'False'
[0.230s] Level 5:colcon.colcon_core.verb:set package 'first_stage_rg2' build argument 'cmake_force_configure' from command line to 'False'
[0.230s] Level 5:colcon.colcon_core.verb:set package 'first_stage_rg2' build argument 'ament_cmake_args' from command line to 'None'
[0.230s] Level 5:colcon.colcon_core.verb:set package 'first_stage_rg2' build argument 'catkin_cmake_args' from command line to 'None'
[0.230s] Level 5:colcon.colcon_core.verb:set package 'first_stage_rg2' build argument 'catkin_skip_building_tests' from command line to 'False'
[0.230s] DEBUG:colcon.colcon_core.verb:Building package 'first_stage_rg2' with the following arguments: {'ament_cmake_args': None, 'build_base': '/home/steven/ros2_ws/src/first_stage/build/first_stage_rg2', 'catkin_cmake_args': None, 'catkin_skip_building_tests': False, 'cmake_args': None, 'cmake_clean_cache': False, 'cmake_clean_first': False, 'cmake_force_configure': False, 'cmake_target': None, 'cmake_target_skip_unavailable': False, 'install_base': '/home/steven/ros2_ws/src/first_stage/install/first_stage_rg2', 'merge_install': False, 'path': '/home/steven/ros2_ws/src/first_stage/src/first_stage_rg2', 'symlink_install': False, 'test_result_base': None}
[0.230s] INFO:colcon.colcon_core.executor:Executing jobs using 'parallel' executor
[0.231s] DEBUG:colcon.colcon_parallel_executor.executor.parallel:run_until_complete
[0.231s] INFO:colcon.colcon_ros.task.ament_cmake.build:Building ROS package in '/home/steven/ros2_ws/src/first_stage/src/first_stage_endeffector' with build type 'ament_cmake'
[0.231s] INFO:colcon.colcon_cmake.task.cmake.build:Building CMake package in '/home/steven/ros2_ws/src/first_stage/src/first_stage_endeffector'
[0.232s] INFO:colcon.colcon_core.plugin_system:Skipping extension 'colcon_core.shell.bat': Not used on non-Windows systems
[0.232s] INFO:colcon.colcon_core.shell:Skip shell extension 'powershell' for command environment: Not usable outside of PowerShell
[0.232s] DEBUG:colcon.colcon_core.shell:Skip shell extension 'dsv' for command environment
[0.237s] INFO:colcon.colcon_ros.task.ament_python.build:Building ROS package in '/home/steven/ros2_ws/src/first_stage/src/first_stage_rg2' with build type 'ament_python'
[0.237s] Level 1:colcon.colcon_core.shell:create_environment_hook('first_stage_rg2', 'ament_prefix_path')
[0.237s] INFO:colcon.colcon_core.shell:Creating environment hook '/home/steven/ros2_ws/src/first_stage/install/first_stage_rg2/share/first_stage_rg2/hook/ament_prefix_path.ps1'
[0.238s] INFO:colcon.colcon_core.shell:Creating environment descriptor '/home/steven/ros2_ws/src/first_stage/install/first_stage_rg2/share/first_stage_rg2/hook/ament_prefix_path.dsv'
[0.238s] INFO:colcon.colcon_core.shell:Creating environment hook '/home/steven/ros2_ws/src/first_stage/install/first_stage_rg2/share/first_stage_rg2/hook/ament_prefix_path.sh'
[0.238s] INFO:colcon.colcon_core.shell:Skip shell extension 'powershell' for command environment: Not usable outside of PowerShell
[0.238s] DEBUG:colcon.colcon_core.shell:Skip shell extension 'dsv' for command environment
[0.245s] DEBUG:colcon.colcon_core.event_handler.log_command:Invoking command in '/home/steven/ros2_ws/src/first_stage/build/first_stage_endeffector': CMAKE_PREFIX_PATH=${CMAKE_PREFIX_PATH}:/home/steven/ros2_ws/src/first_stage/install/first_stage_rg2:/home/steven/ros2_ws/install/zed_receiver:/home/steven/ros2_ws/install/zed_camera_publisher:/home/steven/ros2_ws/install/yolov8_realsense:/home/steven/ros2_ws/install/ur5_control:/home/steven/ros2_ws/install/ur5:/home/steven/ros2_ws/install/udp_publisher:/home/steven/ros2_ws/install/rg2:/home/steven/ros2_ws/install/moveit_configs_utils:/home/steven/ros2_ws/install/lego_grasping:/home/steven/ros2_ws/install/first_stage_rg2:/home/steven/ws_moveit2/install/moveit_configs_utils:/home/steven/ws_moveit2/install/launch_param_builder:/opt/ros/humble /usr/bin/cmake --build /home/steven/ros2_ws/src/first_stage/build/first_stage_endeffector -- -j32 -l32
[0.389s] INFO:colcon.colcon_core.task.python.build:Building Python package in '/home/steven/ros2_ws/src/first_stage/src/first_stage_rg2'
[0.390s] INFO:colcon.colcon_core.shell:Skip shell extension 'powershell' for command environment: Not usable outside of PowerShell
[0.390s] DEBUG:colcon.colcon_core.shell:Skip shell extension 'dsv' for command environment
[0.628s] DEBUG:colcon.colcon_core.event_handler.log_command:Invoking command in '/home/steven/ros2_ws/src/first_stage/src/first_stage_rg2': PYTHONPATH=/home/steven/ros2_ws/src/first_stage/build/first_stage_rg2/prefix_override:/usr/lib/python3/dist-packages/colcon_core/task/python/colcon_distutils_commands:/home/steven/ros2_ws/src/first_stage/install/first_stage_rg2/lib/python3.10/site-packages:${PYTHONPATH} /usr/bin/python3 -W ignore:setup.py install is deprecated setup.py egg_info --egg-base ../../build/first_stage_rg2 build --build-base /home/steven/ros2_ws/src/first_stage/build/first_stage_rg2/build install --record /home/steven/ros2_ws/src/first_stage/build/first_stage_rg2/install.log --single-version-externally-managed install_data
[0.800s] DEBUG:colcon.colcon_core.event_handler.log_command:Invoked command in '/home/steven/ros2_ws/src/first_stage/src/first_stage_rg2' returned '0': PYTHONPATH=/home/steven/ros2_ws/src/first_stage/build/first_stage_rg2/prefix_override:/usr/lib/python3/dist-packages/colcon_core/task/python/colcon_distutils_commands:/home/steven/ros2_ws/src/first_stage/install/first_stage_rg2/lib/python3.10/site-packages:${PYTHONPATH} /usr/bin/python3 -W ignore:setup.py install is deprecated setup.py egg_info --egg-base ../../build/first_stage_rg2 build --build-base /home/steven/ros2_ws/src/first_stage/build/first_stage_rg2/build install --record /home/steven/ros2_ws/src/first_stage/build/first_stage_rg2/install.log --single-version-externally-managed install_data
[0.802s] Level 1:colcon.colcon_core.environment:checking '/home/steven/ros2_ws/src/first_stage/install/first_stage_rg2' for CMake module files
[0.802s] Level 1:colcon.colcon_core.environment:checking '/home/steven/ros2_ws/src/first_stage/install/first_stage_rg2' for CMake config files
[0.803s] Level 1:colcon.colcon_core.environment:checking '/home/steven/ros2_ws/src/first_stage/install/first_stage_rg2/lib'
[0.803s] Level 1:colcon.colcon_core.environment:checking '/home/steven/ros2_ws/src/first_stage/install/first_stage_rg2/bin'
[0.803s] Level 1:colcon.colcon_core.environment:checking '/home/steven/ros2_ws/src/first_stage/install/first_stage_rg2/lib/pkgconfig/first_stage_rg2.pc'
[0.803s] Level 1:colcon.colcon_core.environment:checking '/home/steven/ros2_ws/src/first_stage/install/first_stage_rg2/lib/python3.10/site-packages'
[0.803s] Level 1:colcon.colcon_core.shell:create_environment_hook('first_stage_rg2', 'pythonpath')
[0.803s] INFO:colcon.colcon_core.shell:Creating environment hook '/home/steven/ros2_ws/src/first_stage/install/first_stage_rg2/share/first_stage_rg2/hook/pythonpath.ps1'
[0.804s] INFO:colcon.colcon_core.shell:Creating environment descriptor '/home/steven/ros2_ws/src/first_stage/install/first_stage_rg2/share/first_stage_rg2/hook/pythonpath.dsv'
[0.804s] INFO:colcon.colcon_core.shell:Creating environment hook '/home/steven/ros2_ws/src/first_stage/install/first_stage_rg2/share/first_stage_rg2/hook/pythonpath.sh'
[0.805s] Level 1:colcon.colcon_core.environment:checking '/home/steven/ros2_ws/src/first_stage/install/first_stage_rg2/bin'
[0.805s] Level 1:colcon.colcon_core.environment:create_environment_scripts_only(first_stage_rg2)
[0.805s] INFO:colcon.colcon_core.shell:Creating package script '/home/steven/ros2_ws/src/first_stage/install/first_stage_rg2/share/first_stage_rg2/package.ps1'
[0.806s] INFO:colcon.colcon_core.shell:Creating package descriptor '/home/steven/ros2_ws/src/first_stage/install/first_stage_rg2/share/first_stage_rg2/package.dsv'
[0.806s] INFO:colcon.colcon_core.shell:Creating package script '/home/steven/ros2_ws/src/first_stage/install/first_stage_rg2/share/first_stage_rg2/package.sh'
[0.806s] INFO:colcon.colcon_core.shell:Creating package script '/home/steven/ros2_ws/src/first_stage/install/first_stage_rg2/share/first_stage_rg2/package.bash'
[0.807s] INFO:colcon.colcon_core.shell:Creating package script '/home/steven/ros2_ws/src/first_stage/install/first_stage_rg2/share/first_stage_rg2/package.zsh'
[0.807s] Level 1:colcon.colcon_core.environment:create_file_with_runtime_dependencies(/home/steven/ros2_ws/src/first_stage/install/first_stage_rg2/share/colcon-core/packages/first_stage_rg2)
[11.692s] DEBUG:colcon.colcon_core.event_handler.log_command:Invoked command in '/home/steven/ros2_ws/src/first_stage/build/first_stage_endeffector' returned '0': CMAKE_PREFIX_PATH=${CMAKE_PREFIX_PATH}:/home/steven/ros2_ws/src/first_stage/install/first_stage_rg2:/home/steven/ros2_ws/install/zed_receiver:/home/steven/ros2_ws/install/zed_camera_publisher:/home/steven/ros2_ws/install/yolov8_realsense:/home/steven/ros2_ws/install/ur5_control:/home/steven/ros2_ws/install/ur5:/home/steven/ros2_ws/install/udp_publisher:/home/steven/ros2_ws/install/rg2:/home/steven/ros2_ws/install/moveit_configs_utils:/home/steven/ros2_ws/install/lego_grasping:/home/steven/ros2_ws/install/first_stage_rg2:/home/steven/ws_moveit2/install/moveit_configs_utils:/home/steven/ws_moveit2/install/launch_param_builder:/opt/ros/humble /usr/bin/cmake --build /home/steven/ros2_ws/src/first_stage/build/first_stage_endeffector -- -j32 -l32
[11.729s] DEBUG:colcon.colcon_core.event_handler.log_command:Invoking command in '/home/steven/ros2_ws/src/first_stage/build/first_stage_endeffector': CMAKE_PREFIX_PATH=${CMAKE_PREFIX_PATH}:/home/steven/ros2_ws/src/first_stage/install/first_stage_rg2:/home/steven/ros2_ws/install/zed_receiver:/home/steven/ros2_ws/install/zed_camera_publisher:/home/steven/ros2_ws/install/yolov8_realsense:/home/steven/ros2_ws/install/ur5_control:/home/steven/ros2_ws/install/ur5:/home/steven/ros2_ws/install/udp_publisher:/home/steven/ros2_ws/install/rg2:/home/steven/ros2_ws/install/moveit_configs_utils:/home/steven/ros2_ws/install/lego_grasping:/home/steven/ros2_ws/install/first_stage_rg2:/home/steven/ws_moveit2/install/moveit_configs_utils:/home/steven/ws_moveit2/install/launch_param_builder:/opt/ros/humble /usr/bin/cmake --install /home/steven/ros2_ws/src/first_stage/build/first_stage_endeffector
[11.743s] Level 1:colcon.colcon_core.environment:create_environment_scripts_only(first_stage_endeffector)
[11.743s] Level 1:colcon.colcon_core.environment:checking '/home/steven/ros2_ws/src/first_stage/install/first_stage_endeffector' for CMake module files
[11.743s] DEBUG:colcon.colcon_core.event_handler.log_command:Invoked command in '/home/steven/ros2_ws/src/first_stage/build/first_stage_endeffector' returned '0': CMAKE_PREFIX_PATH=${CMAKE_PREFIX_PATH}:/home/steven/ros2_ws/src/first_stage/install/first_stage_rg2:/home/steven/ros2_ws/install/zed_receiver:/home/steven/ros2_ws/install/zed_camera_publisher:/home/steven/ros2_ws/install/yolov8_realsense:/home/steven/ros2_ws/install/ur5_control:/home/steven/ros2_ws/install/ur5:/home/steven/ros2_ws/install/udp_publisher:/home/steven/ros2_ws/install/rg2:/home/steven/ros2_ws/install/moveit_configs_utils:/home/steven/ros2_ws/install/lego_grasping:/home/steven/ros2_ws/install/first_stage_rg2:/home/steven/ws_moveit2/install/moveit_configs_utils:/home/steven/ws_moveit2/install/launch_param_builder:/opt/ros/humble /usr/bin/cmake --install /home/steven/ros2_ws/src/first_stage/build/first_stage_endeffector
[11.744s] Level 1:colcon.colcon_core.environment:checking '/home/steven/ros2_ws/src/first_stage/install/first_stage_endeffector' for CMake config files
[11.744s] Level 1:colcon.colcon_core.shell:create_environment_hook('first_stage_endeffector', 'cmake_prefix_path')
[11.744s] INFO:colcon.colcon_core.shell:Creating environment hook '/home/steven/ros2_ws/src/first_stage/install/first_stage_endeffector/share/first_stage_endeffector/hook/cmake_prefix_path.ps1'
[11.745s] INFO:colcon.colcon_core.shell:Creating environment descriptor '/home/steven/ros2_ws/src/first_stage/install/first_stage_endeffector/share/first_stage_endeffector/hook/cmake_prefix_path.dsv'
[11.745s] INFO:colcon.colcon_core.shell:Creating environment hook '/home/steven/ros2_ws/src/first_stage/install/first_stage_endeffector/share/first_stage_endeffector/hook/cmake_prefix_path.sh'
[11.745s] Level 1:colcon.colcon_core.environment:checking '/home/steven/ros2_ws/src/first_stage/install/first_stage_endeffector/lib'
[11.745s] Level 1:colcon.colcon_core.environment:checking '/home/steven/ros2_ws/src/first_stage/install/first_stage_endeffector/bin'
[11.745s] Level 1:colcon.colcon_core.environment:checking '/home/steven/ros2_ws/src/first_stage/install/first_stage_endeffector/lib/pkgconfig/first_stage_endeffector.pc'
[11.745s] Level 1:colcon.colcon_core.environment:checking '/home/steven/ros2_ws/src/first_stage/install/first_stage_endeffector/lib/python3.10/site-packages'
[11.746s] Level 1:colcon.colcon_core.environment:checking '/home/steven/ros2_ws/src/first_stage/install/first_stage_endeffector/bin'
[11.746s] INFO:colcon.colcon_core.shell:Creating package script '/home/steven/ros2_ws/src/first_stage/install/first_stage_endeffector/share/first_stage_endeffector/package.ps1'
[11.746s] INFO:colcon.colcon_core.shell:Creating package descriptor '/home/steven/ros2_ws/src/first_stage/install/first_stage_endeffector/share/first_stage_endeffector/package.dsv'
[11.746s] INFO:colcon.colcon_core.shell:Creating package script '/home/steven/ros2_ws/src/first_stage/install/first_stage_endeffector/share/first_stage_endeffector/package.sh'
[11.747s] INFO:colcon.colcon_core.shell:Creating package script '/home/steven/ros2_ws/src/first_stage/install/first_stage_endeffector/share/first_stage_endeffector/package.bash'
[11.747s] INFO:colcon.colcon_core.shell:Creating package script '/home/steven/ros2_ws/src/first_stage/install/first_stage_endeffector/share/first_stage_endeffector/package.zsh'
[11.747s] Level 1:colcon.colcon_core.environment:create_file_with_runtime_dependencies(/home/steven/ros2_ws/src/first_stage/install/first_stage_endeffector/share/colcon-core/packages/first_stage_endeffector)
[11.773s] Level 1:colcon.colcon_core.environment:create_environment_scripts_only(first_stage_endeffector)
[11.773s] Level 1:colcon.colcon_core.environment:checking '/home/steven/ros2_ws/src/first_stage/install/first_stage_endeffector' for CMake module files
[11.774s] Level 1:colcon.colcon_core.environment:checking '/home/steven/ros2_ws/src/first_stage/install/first_stage_endeffector' for CMake config files
[11.774s] Level 1:colcon.colcon_core.shell:create_environment_hook('first_stage_endeffector', 'cmake_prefix_path')
[11.774s] INFO:colcon.colcon_core.shell:Creating environment hook '/home/steven/ros2_ws/src/first_stage/install/first_stage_endeffector/share/first_stage_endeffector/hook/cmake_prefix_path.ps1'
[11.775s] INFO:colcon.colcon_core.shell:Creating environment descriptor '/home/steven/ros2_ws/src/first_stage/install/first_stage_endeffector/share/first_stage_endeffector/hook/cmake_prefix_path.dsv'
[11.775s] INFO:colcon.colcon_core.shell:Creating environment hook '/home/steven/ros2_ws/src/first_stage/install/first_stage_endeffector/share/first_stage_endeffector/hook/cmake_prefix_path.sh'
[11.775s] Level 1:colcon.colcon_core.environment:checking '/home/steven/ros2_ws/src/first_stage/install/first_stage_endeffector/lib'
[11.775s] Level 1:colcon.colcon_core.environment:checking '/home/steven/ros2_ws/src/first_stage/install/first_stage_endeffector/bin'
[11.775s] Level 1:colcon.colcon_core.environment:checking '/home/steven/ros2_ws/src/first_stage/install/first_stage_endeffector/lib/pkgconfig/first_stage_endeffector.pc'
[11.775s] Level 1:colcon.colcon_core.environment:checking '/home/steven/ros2_ws/src/first_stage/install/first_stage_endeffector/lib/python3.10/site-packages'
[11.776s] Level 1:colcon.colcon_core.environment:checking '/home/steven/ros2_ws/src/first_stage/install/first_stage_endeffector/bin'
[11.776s] INFO:colcon.colcon_core.shell:Creating package script '/home/steven/ros2_ws/src/first_stage/install/first_stage_endeffector/share/first_stage_endeffector/package.ps1'
[11.776s] INFO:colcon.colcon_core.shell:Creating package descriptor '/home/steven/ros2_ws/src/first_stage/install/first_stage_endeffector/share/first_stage_endeffector/package.dsv'
[11.776s] INFO:colcon.colcon_core.shell:Creating package script '/home/steven/ros2_ws/src/first_stage/install/first_stage_endeffector/share/first_stage_endeffector/package.sh'
[11.776s] INFO:colcon.colcon_core.shell:Creating package script '/home/steven/ros2_ws/src/first_stage/install/first_stage_endeffector/share/first_stage_endeffector/package.bash'
[11.777s] INFO:colcon.colcon_core.shell:Creating package script '/home/steven/ros2_ws/src/first_stage/install/first_stage_endeffector/share/first_stage_endeffector/package.zsh'
[11.777s] Level 1:colcon.colcon_core.environment:create_file_with_runtime_dependencies(/home/steven/ros2_ws/src/first_stage/install/first_stage_endeffector/share/colcon-core/packages/first_stage_endeffector)
[11.777s] DEBUG:colcon.colcon_parallel_executor.executor.parallel:closing loop
[11.777s] DEBUG:colcon.colcon_parallel_executor.executor.parallel:loop closed
[11.777s] DEBUG:colcon.colcon_parallel_executor.executor.parallel:run_until_complete finished with '0'
[11.777s] DEBUG:colcon.colcon_core.event_reactor:joining thread
[11.781s] INFO:colcon.colcon_core.plugin_system:Skipping extension 'colcon_notification.desktop_notification.terminal_notifier': Not used on non-Darwin systems
[11.781s] INFO:colcon.colcon_core.plugin_system:Skipping extension 'colcon_notification.desktop_notification.win32': Not used on non-Windows systems
[11.781s] INFO:colcon.colcon_notification.desktop_notification:Sending desktop notification using 'notify2'
[11.791s] DEBUG:colcon.colcon_core.event_reactor:joined thread
[11.791s] INFO:colcon.colcon_core.shell:Creating prefix script '/home/steven/ros2_ws/src/first_stage/install/local_setup.ps1'
[11.792s] INFO:colcon.colcon_core.shell:Creating prefix util module '/home/steven/ros2_ws/src/first_stage/install/_local_setup_util_ps1.py'
[11.792s] INFO:colcon.colcon_core.shell:Creating prefix chain script '/home/steven/ros2_ws/src/first_stage/install/setup.ps1'
[11.796s] INFO:colcon.colcon_core.shell:Creating prefix script '/home/steven/ros2_ws/src/first_stage/install/local_setup.sh'
[11.797s] INFO:colcon.colcon_core.shell:Creating prefix util module '/home/steven/ros2_ws/src/first_stage/install/_local_setup_util_sh.py'
[11.797s] INFO:colcon.colcon_core.shell:Creating prefix chain script '/home/steven/ros2_ws/src/first_stage/install/setup.sh'
[11.799s] INFO:colcon.colcon_core.shell:Creating prefix script '/home/steven/ros2_ws/src/first_stage/install/local_setup.bash'
[11.799s] INFO:colcon.colcon_core.shell:Creating prefix chain script '/home/steven/ros2_ws/src/first_stage/install/setup.bash'
[11.801s] INFO:colcon.colcon_core.shell:Creating prefix script '/home/steven/ros2_ws/src/first_stage/install/local_setup.zsh'
[11.802s] INFO:colcon.colcon_core.shell:Creating prefix chain script '/home/steven/ros2_ws/src/first_stage/install/setup.zsh'
