[0.009s] Invoking command in '/home/steven/ws_moveit2/build/moveit_ros_occupancy_map_monitor': AMENT_PREFIX_PATH=/home/steven/ws_moveit2/install/moveit_core:/home/steven/ws_moveit2/install/srdfdom:/home/steven/ws_moveit2/install/moveit_common:${AMENT_PREFIX_PATH} CMAKE_PREFIX_PATH=/home/steven/ws_moveit2/install/moveit_core:/home/steven/ws_moveit2/install/srdfdom:/home/steven/ws_moveit2/install/moveit_common:/opt/ros/humble LD_LIBRARY_PATH=/home/steven/ws_moveit2/install/moveit_core/lib:/home/steven/ws_moveit2/install/srdfdom/lib:/opt/ros/humble/opt/rviz_ogre_vendor/lib:/opt/ros/humble/lib/x86_64-linux-gnu:/opt/ros/humble/lib:/usr/local/cuda-12.3/lib64 PATH=/home/steven/ws_moveit2/install/moveit_core/bin:${PATH} PYTHONPATH=/home/steven/ws_moveit2/install/srdfdom/local/lib/python3.10/dist-packages:${PYTHONPATH} /usr/bin/cmake /home/steven/ws_moveit2/src/moveit2/moveit_ros/occupancy_map_monitor -DCMAKE_BUILD_TYPE=Release -DCMAKE_INSTALL_PREFIX=/home/steven/ws_moveit2/install/moveit_ros_occupancy_map_monitor
[0.031s] -- The C compiler identification is GNU 11.4.0
[0.054s] -- The CXX compiler identification is GNU 11.4.0
[0.058s] -- Detecting C compiler ABI info
[0.089s] -- Detecting C compiler ABI info - done
[0.093s] -- Check for working C compiler: /usr/bin/cc - skipped
[0.093s] -- Detecting C compile features
[0.094s] -- Detecting C compile features - done
[0.095s] -- Detecting CXX compiler ABI info
[0.130s] -- Detecting CXX compiler ABI info - done
[0.134s] -- Check for working CXX compiler: /usr/bin/c++ - skipped
[0.134s] -- Detecting CXX compile features
[0.135s] -- Detecting CXX compile features - done
[0.135s] -- Found moveit_common: 2.5.5 (/home/steven/ws_moveit2/install/moveit_common/share/moveit_common/cmake)
[0.136s] -- Found ament_cmake: 1.3.9 (/opt/ros/humble/share/ament_cmake/cmake)
[0.201s] -- Found Python3: /usr/bin/python3 (found version "3.10.12") found components: Interpreter 
[0.273s] -- Found libdw: /usr/lib/x86_64-linux-gnu/libdw.so  
[0.275s] -- Could NOT find libbfd (missing: LIBBFD_LIBRARY LIBBFD_INCLUDE_DIR) 
[0.276s] -- BACKWARD_HAS_UNWIND=1
[0.276s] -- BACKWARD_HAS_BACKTRACE=0
[0.276s] -- BACKWARD_HAS_BACKTRACE_SYMBOL=0
[0.276s] -- BACKWARD_HAS_DW=1
[0.276s] -- BACKWARD_HAS_BFD=0
[0.276s] -- Found Backward: /opt/ros/humble/share/backward_ros/cmake  
[0.276s] -- Found moveit_core: 2.5.5 (/home/steven/ws_moveit2/install/moveit_core/share/moveit_core/cmake)
[0.375s] -- Found Boost: /usr/lib/x86_64-linux-gnu/cmake/Boost-1.74.0/BoostConfig.cmake (found version "1.74.0") found components: chrono date_time filesystem iostreams program_options regex serialization system thread 
[0.393s] -- Found parameter_traits: 0.3.8 (/opt/ros/humble/share/parameter_traits/cmake)
[0.409s] -- Found rosidl_generator_c: 3.1.5 (/opt/ros/humble/share/rosidl_generator_c/cmake)
[0.411s] -- Found rosidl_adapter: 3.1.5 (/opt/ros/humble/share/rosidl_adapter/cmake)
[0.415s] -- Found rosidl_generator_cpp: 3.1.5 (/opt/ros/humble/share/rosidl_generator_cpp/cmake)
[0.421s] -- Using all available rosidl_typesupport_c: rosidl_typesupport_fastrtps_c;rosidl_typesupport_introspection_c
[0.429s] -- Using all available rosidl_typesupport_cpp: rosidl_typesupport_fastrtps_cpp;rosidl_typesupport_introspection_cpp
[0.460s] -- Found rmw_implementation_cmake: 6.1.2 (/opt/ros/humble/share/rmw_implementation_cmake/cmake)
[0.461s] -- Found rmw_fastrtps_cpp: 6.2.6 (/opt/ros/humble/share/rmw_fastrtps_cpp/cmake)
[0.501s] -- Found OpenSSL: /usr/lib/x86_64-linux-gnu/libcrypto.so (found version "3.0.2")  
[0.511s] -- Found FastRTPS: /opt/ros/humble/include  
[0.531s] -- Using RMW implementation 'rmw_fastrtps_cpp' as default
[0.535s] -- Found Threads: TRUE  
[0.613s] -- Found Eigen3: TRUE (found version "3.4.0") 
[0.614s] -- Found rclcpp_lifecycle: 16.0.9 (/opt/ros/humble/share/rclcpp_lifecycle/cmake)
[0.634s] -- Found Boost: /usr/lib/x86_64-linux-gnu/cmake/Boost-1.74.0/BoostConfig.cmake (found version "1.74.0") found components: filesystem 
[0.692s] -- library: /usr/lib/x86_64-linux-gnu/libcurl.so
[0.830s] -- Ensuring Eigen3 include directory is part of orocos-kdl CMake target
[1.315s] -- Found ament_lint_auto: 0.12.11 (/opt/ros/humble/share/ament_lint_auto/cmake)
[1.322s] -- Found gmock sources under '/opt/ros/humble/src/gmock_vendor': C++ tests using 'Google Mock' will be built
[1.324s] -- Found ament_cmake_gtest: 1.3.9 (/opt/ros/humble/share/ament_cmake_gtest/cmake)
[1.324s] -- Found gtest sources under '/opt/ros/humble/src/gtest_vendor': C++ tests using 'Google Test' will be built
[1.327s] -- Added test 'cppcheck' to perform static code analysis on C / C++ code
[1.327s] -- Configured cppcheck include dirs: /home/steven/ws_moveit2/src/moveit2/moveit_ros/occupancy_map_monitor/include
[1.327s] -- Configured cppcheck exclude dirs and/or files: 
[1.327s] -- Added test 'lint_cmake' to check CMake code style
[1.327s] -- Added test 'xmllint' to check XML markup files
[1.328s] -- Configuring done
[1.349s] -- Generating done
[1.350s] -- Build files have been written to: /home/steven/ws_moveit2/build/moveit_ros_occupancy_map_monitor
[1.358s] Invoked command in '/home/steven/ws_moveit2/build/moveit_ros_occupancy_map_monitor' returned '0': AMENT_PREFIX_PATH=/home/steven/ws_moveit2/install/moveit_core:/home/steven/ws_moveit2/install/srdfdom:/home/steven/ws_moveit2/install/moveit_common:${AMENT_PREFIX_PATH} CMAKE_PREFIX_PATH=/home/steven/ws_moveit2/install/moveit_core:/home/steven/ws_moveit2/install/srdfdom:/home/steven/ws_moveit2/install/moveit_common:/opt/ros/humble LD_LIBRARY_PATH=/home/steven/ws_moveit2/install/moveit_core/lib:/home/steven/ws_moveit2/install/srdfdom/lib:/opt/ros/humble/opt/rviz_ogre_vendor/lib:/opt/ros/humble/lib/x86_64-linux-gnu:/opt/ros/humble/lib:/usr/local/cuda-12.3/lib64 PATH=/home/steven/ws_moveit2/install/moveit_core/bin:${PATH} PYTHONPATH=/home/steven/ws_moveit2/install/srdfdom/local/lib/python3.10/dist-packages:${PYTHONPATH} /usr/bin/cmake /home/steven/ws_moveit2/src/moveit2/moveit_ros/occupancy_map_monitor -DCMAKE_BUILD_TYPE=Release -DCMAKE_INSTALL_PREFIX=/home/steven/ws_moveit2/install/moveit_ros_occupancy_map_monitor
[1.359s] Invoking command in '/home/steven/ws_moveit2/build/moveit_ros_occupancy_map_monitor': AMENT_PREFIX_PATH=/home/steven/ws_moveit2/install/moveit_core:/home/steven/ws_moveit2/install/srdfdom:/home/steven/ws_moveit2/install/moveit_common:${AMENT_PREFIX_PATH} CMAKE_PREFIX_PATH=/home/steven/ws_moveit2/install/moveit_core:/home/steven/ws_moveit2/install/srdfdom:/home/steven/ws_moveit2/install/moveit_common:/opt/ros/humble LD_LIBRARY_PATH=/home/steven/ws_moveit2/install/moveit_core/lib:/home/steven/ws_moveit2/install/srdfdom/lib:/opt/ros/humble/opt/rviz_ogre_vendor/lib:/opt/ros/humble/lib/x86_64-linux-gnu:/opt/ros/humble/lib:/usr/local/cuda-12.3/lib64 PATH=/home/steven/ws_moveit2/install/moveit_core/bin:${PATH} PYTHONPATH=/home/steven/ws_moveit2/install/srdfdom/local/lib/python3.10/dist-packages:${PYTHONPATH} /usr/bin/cmake --build /home/steven/ws_moveit2/build/moveit_ros_occupancy_map_monitor -- -j32 -l32
[1.383s] [  7%] [32mBuilding CXX object CMakeFiles/moveit_ros_occupancy_map_monitor.dir/src/occupancy_map_monitor.cpp.o[0m
[1.384s] [ 23%] [32mBuilding CXX object CMakeFiles/moveit_ros_occupancy_map_monitor.dir/src/occupancy_map_monitor_middleware_handle.cpp.o[0m
[1.384s] [ 23%] [32mBuilding CXX object CMakeFiles/moveit_ros_occupancy_map_monitor.dir/src/occupancy_map_updater.cpp.o[0m
[1.386s] [ 38%] [32mBuilding CXX object gmock/CMakeFiles/gmock.dir/opt/ros/humble/src/gtest_vendor/src/gtest-all.cc.o[0m
[1.386s] [ 38%] [32mBuilding CXX object gmock/CMakeFiles/gmock_main.dir/src/gmock_main.cc.o[0m
[1.386s] [ 46%] [32mBuilding CXX object gmock/CMakeFiles/gmock.dir/src/gmock-all.cc.o[0m
[2.327s] [ 53%] [32m[1mLinking CXX static library libgmock_main.a[0m
[2.356s] [ 53%] Built target gmock_main
[6.049s] [ 61%] [32m[1mLinking CXX static library libgmock.a[0m
[6.070s] [ 61%] Built target gmock
[6.913s] [ 69%] [32m[1mLinking CXX shared library libmoveit_ros_occupancy_map_monitor.so[0m
[7.022s] [ 69%] Built target moveit_ros_occupancy_map_monitor
[7.032s] [ 76%] [32mBuilding CXX object CMakeFiles/occupancy_map_monitor_tests.dir/test/occupancy_map_monitor_tests.cpp.o[0m
[7.033s] [ 84%] [32mBuilding CXX object CMakeFiles/moveit_ros_occupancy_map_server.dir/src/occupancy_map_server.cpp.o[0m
[10.326s] [ 92%] [32m[1mLinking CXX executable occupancy_map_monitor_tests[0m
[10.442s] [ 92%] Built target occupancy_map_monitor_tests
[13.042s] [100%] [32m[1mLinking CXX executable moveit_ros_occupancy_map_server[0m
[13.157s] [100%] Built target moveit_ros_occupancy_map_server
[13.163s] Invoked command in '/home/steven/ws_moveit2/build/moveit_ros_occupancy_map_monitor' returned '0': AMENT_PREFIX_PATH=/home/steven/ws_moveit2/install/moveit_core:/home/steven/ws_moveit2/install/srdfdom:/home/steven/ws_moveit2/install/moveit_common:${AMENT_PREFIX_PATH} CMAKE_PREFIX_PATH=/home/steven/ws_moveit2/install/moveit_core:/home/steven/ws_moveit2/install/srdfdom:/home/steven/ws_moveit2/install/moveit_common:/opt/ros/humble LD_LIBRARY_PATH=/home/steven/ws_moveit2/install/moveit_core/lib:/home/steven/ws_moveit2/install/srdfdom/lib:/opt/ros/humble/opt/rviz_ogre_vendor/lib:/opt/ros/humble/lib/x86_64-linux-gnu:/opt/ros/humble/lib:/usr/local/cuda-12.3/lib64 PATH=/home/steven/ws_moveit2/install/moveit_core/bin:${PATH} PYTHONPATH=/home/steven/ws_moveit2/install/srdfdom/local/lib/python3.10/dist-packages:${PYTHONPATH} /usr/bin/cmake --build /home/steven/ws_moveit2/build/moveit_ros_occupancy_map_monitor -- -j32 -l32
[13.178s] Invoking command in '/home/steven/ws_moveit2/build/moveit_ros_occupancy_map_monitor': AMENT_PREFIX_PATH=/home/steven/ws_moveit2/install/moveit_core:/home/steven/ws_moveit2/install/srdfdom:/home/steven/ws_moveit2/install/moveit_common:${AMENT_PREFIX_PATH} CMAKE_PREFIX_PATH=/home/steven/ws_moveit2/install/moveit_core:/home/steven/ws_moveit2/install/srdfdom:/home/steven/ws_moveit2/install/moveit_common:/opt/ros/humble LD_LIBRARY_PATH=/home/steven/ws_moveit2/install/moveit_core/lib:/home/steven/ws_moveit2/install/srdfdom/lib:/opt/ros/humble/opt/rviz_ogre_vendor/lib:/opt/ros/humble/lib/x86_64-linux-gnu:/opt/ros/humble/lib:/usr/local/cuda-12.3/lib64 PATH=/home/steven/ws_moveit2/install/moveit_core/bin:${PATH} PYTHONPATH=/home/steven/ws_moveit2/install/srdfdom/local/lib/python3.10/dist-packages:${PYTHONPATH} /usr/bin/cmake --install /home/steven/ws_moveit2/build/moveit_ros_occupancy_map_monitor
[13.182s] -- Install configuration: "Release"
[13.182s] -- Installing: /home/steven/ws_moveit2/install/moveit_ros_occupancy_map_monitor/lib/libmoveit_ros_occupancy_map_monitor.so.2.5.5
[13.183s] -- Set runtime path of "/home/steven/ws_moveit2/install/moveit_ros_occupancy_map_monitor/lib/libmoveit_ros_occupancy_map_monitor.so.2.5.5" to ""
[13.183s] -- Installing: /home/steven/ws_moveit2/install/moveit_ros_occupancy_map_monitor/lib/libmoveit_ros_occupancy_map_monitor.so
[13.183s] -- Installing: /home/steven/ws_moveit2/install/moveit_ros_occupancy_map_monitor/lib/moveit_ros_occupancy_map_monitor/moveit_ros_occupancy_map_server
[13.183s] -- Set runtime path of "/home/steven/ws_moveit2/install/moveit_ros_occupancy_map_monitor/lib/moveit_ros_occupancy_map_monitor/moveit_ros_occupancy_map_server" to ""
[13.183s] -- Installing: /home/steven/ws_moveit2/install/moveit_ros_occupancy_map_monitor/include
[13.183s] -- Installing: /home/steven/ws_moveit2/install/moveit_ros_occupancy_map_monitor/include/moveit
[13.183s] -- Installing: /home/steven/ws_moveit2/install/moveit_ros_occupancy_map_monitor/include/moveit/occupancy_map_monitor
[13.183s] -- Installing: /home/steven/ws_moveit2/install/moveit_ros_occupancy_map_monitor/include/moveit/occupancy_map_monitor/occupancy_map_monitor.h
[13.183s] -- Installing: /home/steven/ws_moveit2/install/moveit_ros_occupancy_map_monitor/include/moveit/occupancy_map_monitor/occupancy_map_updater.h
[13.183s] -- Installing: /home/steven/ws_moveit2/install/moveit_ros_occupancy_map_monitor/include/moveit/occupancy_map_monitor/occupancy_map_monitor_middleware_handle.hpp
[13.183s] -- Installing: /home/steven/ws_moveit2/install/moveit_ros_occupancy_map_monitor/share/moveit_ros_occupancy_map_monitor/environment/library_path.sh
[13.183s] -- Installing: /home/steven/ws_moveit2/install/moveit_ros_occupancy_map_monitor/share/moveit_ros_occupancy_map_monitor/environment/library_path.dsv
[13.183s] -- Installing: /home/steven/ws_moveit2/install/moveit_ros_occupancy_map_monitor/share/ament_index/resource_index/package_run_dependencies/moveit_ros_occupancy_map_monitor
[13.183s] -- Installing: /home/steven/ws_moveit2/install/moveit_ros_occupancy_map_monitor/share/ament_index/resource_index/parent_prefix_path/moveit_ros_occupancy_map_monitor
[13.184s] -- Installing: /home/steven/ws_moveit2/install/moveit_ros_occupancy_map_monitor/share/moveit_ros_occupancy_map_monitor/environment/ament_prefix_path.sh
[13.184s] -- Installing: /home/steven/ws_moveit2/install/moveit_ros_occupancy_map_monitor/share/moveit_ros_occupancy_map_monitor/environment/ament_prefix_path.dsv
[13.184s] -- Installing: /home/steven/ws_moveit2/install/moveit_ros_occupancy_map_monitor/share/moveit_ros_occupancy_map_monitor/environment/path.sh
[13.184s] -- Installing: /home/steven/ws_moveit2/install/moveit_ros_occupancy_map_monitor/share/moveit_ros_occupancy_map_monitor/environment/path.dsv
[13.184s] -- Installing: /home/steven/ws_moveit2/install/moveit_ros_occupancy_map_monitor/share/moveit_ros_occupancy_map_monitor/local_setup.bash
[13.184s] -- Installing: /home/steven/ws_moveit2/install/moveit_ros_occupancy_map_monitor/share/moveit_ros_occupancy_map_monitor/local_setup.sh
[13.184s] -- Installing: /home/steven/ws_moveit2/install/moveit_ros_occupancy_map_monitor/share/moveit_ros_occupancy_map_monitor/local_setup.zsh
[13.184s] -- Installing: /home/steven/ws_moveit2/install/moveit_ros_occupancy_map_monitor/share/moveit_ros_occupancy_map_monitor/local_setup.dsv
[13.184s] -- Installing: /home/steven/ws_moveit2/install/moveit_ros_occupancy_map_monitor/share/moveit_ros_occupancy_map_monitor/package.dsv
[13.184s] -- Installing: /home/steven/ws_moveit2/install/moveit_ros_occupancy_map_monitor/share/ament_index/resource_index/packages/moveit_ros_occupancy_map_monitor
[13.184s] -- Installing: /home/steven/ws_moveit2/install/moveit_ros_occupancy_map_monitor/share/moveit_ros_occupancy_map_monitor/cmake/export_moveit_ros_occupancy_map_monitorExport.cmake
[13.184s] -- Installing: /home/steven/ws_moveit2/install/moveit_ros_occupancy_map_monitor/share/moveit_ros_occupancy_map_monitor/cmake/export_moveit_ros_occupancy_map_monitorExport-release.cmake
[13.184s] -- Installing: /home/steven/ws_moveit2/install/moveit_ros_occupancy_map_monitor/share/moveit_ros_occupancy_map_monitor/cmake/ament_cmake_export_targets-extras.cmake
[13.184s] -- Installing: /home/steven/ws_moveit2/install/moveit_ros_occupancy_map_monitor/share/moveit_ros_occupancy_map_monitor/cmake/ament_cmake_export_dependencies-extras.cmake
[13.184s] -- Installing: /home/steven/ws_moveit2/install/moveit_ros_occupancy_map_monitor/share/moveit_ros_occupancy_map_monitor/cmake/moveit_ros_occupancy_map_monitorConfig.cmake
[13.184s] -- Installing: /home/steven/ws_moveit2/install/moveit_ros_occupancy_map_monitor/share/moveit_ros_occupancy_map_monitor/cmake/moveit_ros_occupancy_map_monitorConfig-version.cmake
[13.184s] -- Installing: /home/steven/ws_moveit2/install/moveit_ros_occupancy_map_monitor/share/moveit_ros_occupancy_map_monitor/package.xml
[13.185s] Invoked command in '/home/steven/ws_moveit2/build/moveit_ros_occupancy_map_monitor' returned '0': AMENT_PREFIX_PATH=/home/steven/ws_moveit2/install/moveit_core:/home/steven/ws_moveit2/install/srdfdom:/home/steven/ws_moveit2/install/moveit_common:${AMENT_PREFIX_PATH} CMAKE_PREFIX_PATH=/home/steven/ws_moveit2/install/moveit_core:/home/steven/ws_moveit2/install/srdfdom:/home/steven/ws_moveit2/install/moveit_common:/opt/ros/humble LD_LIBRARY_PATH=/home/steven/ws_moveit2/install/moveit_core/lib:/home/steven/ws_moveit2/install/srdfdom/lib:/opt/ros/humble/opt/rviz_ogre_vendor/lib:/opt/ros/humble/lib/x86_64-linux-gnu:/opt/ros/humble/lib:/usr/local/cuda-12.3/lib64 PATH=/home/steven/ws_moveit2/install/moveit_core/bin:${PATH} PYTHONPATH=/home/steven/ws_moveit2/install/srdfdom/local/lib/python3.10/dist-packages:${PYTHONPATH} /usr/bin/cmake --install /home/steven/ws_moveit2/build/moveit_ros_occupancy_map_monitor
