[0.008s] Invoking command in '/home/steven/ros2_ws/src/first_stage/src/first_stage_endeffector/build/first_stage_endeffector': CMAKE_PREFIX_PATH=${CMAKE_PREFIX_PATH}:/home/steven/ws_moveit2/install/moveit_configs_utils:/home/steven/ws_moveit2/install/launch_param_builder:/opt/ros/humble /usr/bin/cmake --build /home/steven/ros2_ws/src/first_stage/src/first_stage_endeffector/build/first_stage_endeffector -- -j32 -l32
[0.027s] -- Found ament_cmake: 1.3.10 (/opt/ros/humble/share/ament_cmake/cmake)
[0.093s] -- Found rclcpp: 16.0.10 (/opt/ros/humble/share/rclcpp/cmake)
[0.106s] -- Found rosidl_generator_c: 3.1.5 (/opt/ros/humble/share/rosidl_generator_c/cmake)
[0.107s] -- Found rosidl_adapter: 3.1.5 (/opt/ros/humble/share/rosidl_adapter/cmake)
[0.109s] -- Found rosidl_generator_cpp: 3.1.5 (/opt/ros/humble/share/rosidl_generator_cpp/cmake)
[0.114s] -- Using all available rosidl_typesupport_c: rosidl_typesupport_fastrtps_c;rosidl_typesupport_introspection_c
[0.120s] -- Using all available rosidl_typesupport_cpp: rosidl_typesupport_fastrtps_cpp;rosidl_typesupport_introspection_cpp
[0.134s] -- Found rmw_implementation_cmake: 6.1.2 (/opt/ros/humble/share/rmw_implementation_cmake/cmake)
[0.135s] -- Found rmw_fastrtps_cpp: 6.2.7 (/opt/ros/humble/share/rmw_fastrtps_cpp/cmake)
[0.198s] -- Using RMW implementation 'rmw_fastrtps_cpp' as default
[0.222s] -- Found Boost: /usr/lib/x86_64-linux-gnu/cmake/Boost-1.74.0/BoostConfig.cmake (found version "1.74.0") found components: system filesystem date_time thread 
[0.222s] -- Found control_msgs: 4.6.0 (/opt/ros/humble/share/control_msgs/cmake)
[0.260s] -- Found moveit_common: 2.5.5 (/home/steven/ws_moveit2/install/moveit_common/share/moveit_common/cmake)
[0.260s] -- Found moveit_core: 2.5.5 (/home/steven/ws_moveit2/install/moveit_core/share/moveit_core/cmake)
[0.264s] -- Found Boost: /usr/lib/x86_64-linux-gnu/cmake/Boost-1.74.0/BoostConfig.cmake (found version "1.74.0") found components: chrono date_time filesystem iostreams program_options regex serialization system thread 
[0.277s] -- Found parameter_traits: 0.3.8 (/opt/ros/humble/share/parameter_traits/cmake)
[0.280s] -- Found rclcpp_lifecycle: 16.0.10 (/opt/ros/humble/share/rclcpp_lifecycle/cmake)
[0.289s] -- Found Boost: /usr/lib/x86_64-linux-gnu/cmake/Boost-1.74.0/BoostConfig.cmake (found version "1.74.0") found components: filesystem 
[0.306s] -- library: /usr/lib/x86_64-linux-gnu/libcurl.so
[0.323s] -- Ensuring Eigen3 include directory is part of orocos-kdl CMake target
[0.394s] -- Found moveit_ros_planning: 2.5.5 (/home/steven/ws_moveit2/install/moveit_ros_planning/share/moveit_ros_planning/cmake)
[0.397s] -- Found Boost: /usr/lib/x86_64-linux-gnu/cmake/Boost-1.74.0/BoostConfig.cmake (found version "1.74.0") found components: system filesystem date_time program_options thread chrono 
[0.409s] -- Found moveit_ros_planning_interface: 2.5.5 (/home/steven/ws_moveit2/install/moveit_ros_planning_interface/share/moveit_ros_planning_interface/cmake)
[0.411s] -- Found Boost: /usr/lib/x86_64-linux-gnu/cmake/Boost-1.74.0/BoostConfig.cmake (found version "1.74.0") found components: date_time filesystem program_options system thread 
[0.418s] -- Found Boost: /usr/lib/x86_64-linux-gnu/cmake/Boost-1.74.0/BoostConfig.cmake (found version "1.74.0") found components: thread system filesystem regex date_time program_options 
[0.428s] -- Found Boost: /usr/lib/x86_64-linux-gnu/cmake/Boost-1.74.0/BoostConfig.cmake (found version "1.74.0") found components: system filesystem date_time program_options thread 
[0.440s] -- Found moveit_servo: 2.5.5 (/home/steven/ws_moveit2/install/moveit_servo/share/moveit_servo/cmake)
[0.453s] -- Found interactive_markers: 2.3.2 (/opt/ros/humble/share/interactive_markers/cmake)
[0.454s] -- Found rviz_visual_tools: 4.1.4 (/opt/ros/humble/share/rviz_visual_tools/cmake)
[0.462s] -- Setting assimp_DIR to: '/opt/ros/humble/share/rviz_assimp_vendor/cmake/../../../opt/rviz_assimp_vendor/lib/cmake/assimp-4.1'
[0.465s] -- Setting OGRE_DIR to: '/opt/ros/humble/share/rviz_ogre_vendor/cmake/../../../opt/rviz_ogre_vendor/lib/OGRE/cmake'
[0.466s] -- Found OGRE
[0.466s] --   static     : OFF
[0.466s] --   components : HLMS;MeshLodGenerator;Overlay;Paging;Property;RTShaderSystem;Terrain;Volume
[0.466s] --   plugins    : Plugin_BSPSceneManager;Plugin_OctreeSceneManager;Plugin_PCZSceneManager;Plugin_ParticleFX;RenderSystem_GL;RenderSystem_GL3Plus;Codec_STBI
[0.466s] --   media      : /opt/ros/humble/opt/rviz_ogre_vendor/share/OGRE/Media
[0.466s] -- OGRE_LIBRARIES: OgreHLMS;OgreMeshLodGenerator;OgreOverlay;OgrePaging;OgreProperty;OgreRTShaderSystem;OgreTerrain;OgreVolume;OgreMain
[0.466s] -- OGRE_LIBRARY_DIRS: /opt/ros/humble/opt/rviz_ogre_vendor/lib
[0.466s] -- OGRE_PLUGINS: Plugin_BSPSceneManager;Plugin_OctreeSceneManager;Plugin_PCZSceneManager;Plugin_ParticleFX;RenderSystem_GL;RenderSystem_GL3Plus;Codec_STBI
[0.466s] -- OGRE_PLUGIN_DIR: /opt/ros/humble/opt/rviz_ogre_vendor/lib/OGRE
[0.466s] -- rviz_ogre_vendor::OgreOverlay for IMPORTED_LOCATION_RELEASE: /opt/ros/humble/opt/rviz_ogre_vendor/lib/libOgreOverlay.so
[0.466s] -- rviz_ogre_vendor::OgreOverlay for IMPORTED_LOCATION_DEBUG: /opt/ros/humble/opt/rviz_ogre_vendor/lib/libOgreOverlay.so
[0.466s] -- rviz_ogre_vendor::OgreMain for IMPORTED_LOCATION_RELEASE: /opt/ros/humble/opt/rviz_ogre_vendor/lib/libOgreMain.so
[0.466s] -- rviz_ogre_vendor::OgreMain for IMPORTED_LOCATION_DEBUG: /opt/ros/humble/opt/rviz_ogre_vendor/lib/libOgreMain.so
[0.517s] -- Found moveit_visual_tools: 4.1.0 (/home/steven/ws_moveit2/install/moveit_visual_tools/share/moveit_visual_tools/cmake)
[0.539s] -- Found ament_lint_auto: 0.12.11 (/opt/ros/humble/share/ament_lint_auto/cmake)
[0.613s] -- Added test 'cppcheck' to perform static code analysis on C / C++ code
[0.613s] -- Configured cppcheck include dirs: 
[0.613s] -- Configured cppcheck exclude dirs and/or files: 
[0.619s] -- Added test 'flake8' to check Python code syntax and style conventions
[0.629s] -- Added test 'lint_cmake' to check CMake code style
[0.634s] -- Added test 'pep257' to check Python code against some of the docstring style conventions in PEP 257
[0.675s] -- Added test 'uncrustify' to check C / C++ code style
[0.675s] -- Configured uncrustify additional arguments: 
[0.680s] -- Added test 'xmllint' to check XML markup files
[0.681s] -- Configuring done
[0.699s] -- Generating done
[0.700s] -- Build files have been written to: /home/steven/ros2_ws/src/first_stage/src/first_stage_endeffector/build/first_stage_endeffector
[0.722s] [35m[1mConsolidate compiler generated dependencies of target first_stage_endeffector[0m
[0.738s] [ 50%] [32mBuilding CXX object CMakeFiles/first_stage_endeffector.dir/src/first_stage_endeffector.cpp.o[0m
[11.052s] [100%] [32m[1mLinking CXX executable first_stage_endeffector[0m
[11.744s] [100%] Built target first_stage_endeffector
[11.752s] Invoked command in '/home/steven/ros2_ws/src/first_stage/src/first_stage_endeffector/build/first_stage_endeffector' returned '0': CMAKE_PREFIX_PATH=${CMAKE_PREFIX_PATH}:/home/steven/ws_moveit2/install/moveit_configs_utils:/home/steven/ws_moveit2/install/launch_param_builder:/opt/ros/humble /usr/bin/cmake --build /home/steven/ros2_ws/src/first_stage/src/first_stage_endeffector/build/first_stage_endeffector -- -j32 -l32
[11.779s] Invoking command in '/home/steven/ros2_ws/src/first_stage/src/first_stage_endeffector/build/first_stage_endeffector': CMAKE_PREFIX_PATH=${CMAKE_PREFIX_PATH}:/home/steven/ws_moveit2/install/moveit_configs_utils:/home/steven/ws_moveit2/install/launch_param_builder:/opt/ros/humble /usr/bin/cmake --install /home/steven/ros2_ws/src/first_stage/src/first_stage_endeffector/build/first_stage_endeffector
[11.786s] -- Install configuration: ""
[11.786s] -- Installing: /home/steven/ros2_ws/src/first_stage/src/first_stage_endeffector/install/first_stage_endeffector/lib/first_stage_endeffector/first_stage_endeffector
[11.796s] -- Set runtime path of "/home/steven/ros2_ws/src/first_stage/src/first_stage_endeffector/install/first_stage_endeffector/lib/first_stage_endeffector/first_stage_endeffector" to ""
[11.796s] -- Up-to-date: /home/steven/ros2_ws/src/first_stage/src/first_stage_endeffector/install/first_stage_endeffector/share/first_stage_endeffector/launch
[11.796s] -- Up-to-date: /home/steven/ros2_ws/src/first_stage/src/first_stage_endeffector/install/first_stage_endeffector/share/first_stage_endeffector/launch/first_stage_endeffector.launch.py
[11.796s] -- Up-to-date: /home/steven/ros2_ws/src/first_stage/src/first_stage_endeffector/install/first_stage_endeffector/share/ament_index/resource_index/package_run_dependencies/first_stage_endeffector
[11.796s] -- Installing: /home/steven/ros2_ws/src/first_stage/src/first_stage_endeffector/install/first_stage_endeffector/share/ament_index/resource_index/parent_prefix_path/first_stage_endeffector
[11.796s] -- Installing: /home/steven/ros2_ws/src/first_stage/src/first_stage_endeffector/install/first_stage_endeffector/share/first_stage_endeffector/environment/ament_prefix_path.sh
[11.796s] -- Installing: /home/steven/ros2_ws/src/first_stage/src/first_stage_endeffector/install/first_stage_endeffector/share/first_stage_endeffector/environment/ament_prefix_path.dsv
[11.797s] -- Installing: /home/steven/ros2_ws/src/first_stage/src/first_stage_endeffector/install/first_stage_endeffector/share/first_stage_endeffector/environment/path.sh
[11.797s] -- Installing: /home/steven/ros2_ws/src/first_stage/src/first_stage_endeffector/install/first_stage_endeffector/share/first_stage_endeffector/environment/path.dsv
[11.797s] -- Up-to-date: /home/steven/ros2_ws/src/first_stage/src/first_stage_endeffector/install/first_stage_endeffector/share/first_stage_endeffector/local_setup.bash
[11.797s] -- Up-to-date: /home/steven/ros2_ws/src/first_stage/src/first_stage_endeffector/install/first_stage_endeffector/share/first_stage_endeffector/local_setup.sh
[11.797s] -- Up-to-date: /home/steven/ros2_ws/src/first_stage/src/first_stage_endeffector/install/first_stage_endeffector/share/first_stage_endeffector/local_setup.zsh
[11.797s] -- Installing: /home/steven/ros2_ws/src/first_stage/src/first_stage_endeffector/install/first_stage_endeffector/share/first_stage_endeffector/local_setup.dsv
[11.797s] -- Installing: /home/steven/ros2_ws/src/first_stage/src/first_stage_endeffector/install/first_stage_endeffector/share/first_stage_endeffector/package.dsv
[11.797s] -- Up-to-date: /home/steven/ros2_ws/src/first_stage/src/first_stage_endeffector/install/first_stage_endeffector/share/ament_index/resource_index/packages/first_stage_endeffector
[11.797s] -- Up-to-date: /home/steven/ros2_ws/src/first_stage/src/first_stage_endeffector/install/first_stage_endeffector/share/first_stage_endeffector/cmake/first_stage_endeffectorConfig.cmake
[11.797s] -- Up-to-date: /home/steven/ros2_ws/src/first_stage/src/first_stage_endeffector/install/first_stage_endeffector/share/first_stage_endeffector/cmake/first_stage_endeffectorConfig-version.cmake
[11.797s] -- Up-to-date: /home/steven/ros2_ws/src/first_stage/src/first_stage_endeffector/install/first_stage_endeffector/share/first_stage_endeffector/package.xml
[11.798s] Invoked command in '/home/steven/ros2_ws/src/first_stage/src/first_stage_endeffector/build/first_stage_endeffector' returned '0': CMAKE_PREFIX_PATH=${CMAKE_PREFIX_PATH}:/home/steven/ws_moveit2/install/moveit_configs_utils:/home/steven/ws_moveit2/install/launch_param_builder:/opt/ros/humble /usr/bin/cmake --install /home/steven/ros2_ws/src/first_stage/src/first_stage_endeffector/build/first_stage_endeffector
