[0.836s] Invoking command in '/home/user/ros2_ws/build/gazebo_version_helpers': CMAKE_PREFIX_PATH=${CMAKE_PREFIX_PATH}:/home/user/ros2_ws/install/ros2test:/home/user/ros2_ws/install/moveit_configs_utils:/home/simulations/ros2_sims_ws/install/rclrs_tests:/home/simulations/ros2_sims_ws/install/examples_rclrs_minimal_client_service:/home/simulations/ros2_sims_ws/install/sensor_msgs_py:/home/simulations/ros2_sims_ws/install/examples_rclrs_minimal_pub_sub:/home/simulations/ros2_sims_ws/install/examples_rclrs_message_demo:/home/simulations/ros2_sims_ws/install/rclrs:/home/simulations/ros2_sims_ws/install/rosidl_runtime_rs:/home/user/ros2_ws/install/robotiq_85_driver:/opt/ros/humble _=/usr/bin/env /usr/bin/cmake /home/user/ros2_ws/src/universal_robot_ros2/gazebo-pkgs/gazebo_version_helpers -DCMAKE_INSTALL_PREFIX=/home/user/ros2_ws/install/gazebo_version_helpers
[0.993s] -- The C compiler identification is GNU 11.3.0
[1.143s] -- The CXX compiler identification is GNU 11.3.0
[1.178s] -- Detecting C compiler ABI info
[1.460s] -- Detecting C compiler ABI info - done
[1.472s] -- Check for working C compiler: /usr/bin/cc - skipped
[1.472s] -- Detecting C compile features
[1.473s] -- Detecting C compile features - done
[1.479s] -- Detecting CXX compiler ABI info
[1.766s] -- Detecting CXX compiler ABI info - done
[1.799s] -- Check for working CXX compiler: /usr/bin/c++ - skipped
[1.799s] -- Detecting CXX compile features
[1.799s] -- Detecting CXX compile features - done
[1.843s] -- Found ament_cmake: 1.3.4 (/opt/ros/humble/share/ament_cmake/cmake)
[2.711s] -- Found Python3: /usr/bin/python3.10 (found version "3.10.6") found components: Interpreter 
[3.383s] -- Found gazebo_ros_pkgs: 3.7.0 (/opt/ros/humble/share/gazebo_ros_pkgs/cmake)
[3.416s] -- Found rclcpp: 16.0.4 (/opt/ros/humble/share/rclcpp/cmake)
[3.781s] -- Found rosidl_generator_c: 3.1.4 (/opt/ros/humble/share/rosidl_generator_c/cmake)
[3.843s] -- Found rosidl_adapter: 3.1.4 (/opt/ros/humble/share/rosidl_adapter/cmake)
[3.907s] -- Found rosidl_generator_cpp: 3.1.4 (/opt/ros/humble/share/rosidl_generator_cpp/cmake)
[3.962s] -- Using all available rosidl_typesupport_c: rosidl_typesupport_fastrtps_c;rosidl_typesupport_introspection_c
[4.069s] -- Using all available rosidl_typesupport_cpp: rosidl_typesupport_fastrtps_cpp;rosidl_typesupport_introspection_cpp
[4.420s] -- Found rmw_implementation_cmake: 6.1.1 (/opt/ros/humble/share/rmw_implementation_cmake/cmake)
[4.441s] -- Found rmw_fastrtps_cpp: 6.2.2 (/opt/ros/humble/share/rmw_fastrtps_cpp/cmake)
[4.745s] -- Found OpenSSL: /usr/lib/x86_64-linux-gnu/libcrypto.so (found version "3.0.2")  
[4.806s] -- Found FastRTPS: /opt/ros/humble/include  
[4.911s] -- Using RMW implementation 'rmw_fastrtps_cpp' as default
[4.967s] -- Looking for pthread.h
[5.092s] -- Looking for pthread.h - found
[5.092s] -- Performing Test CMAKE_HAVE_LIBC_PTHREAD
[5.308s] -- Performing Test CMAKE_HAVE_LIBC_PTHREAD - Success
[5.310s] -- Found Threads: TRUE  
[5.742s] [33mCMake Warning (dev) at /usr/share/cmake-3.22/Modules/FindPackageHandleStandardArgs.cmake:438 (message):
[5.742s]   The package name passed to `find_package_handle_standard_args` (PkgConfig)
[5.745s]   does not match the name of the calling package (gazebo).  This can lead to
[5.746s]   problems in calling code that expects `find_package` result variables
[5.746s]   (e.g., `_FOUND`) to follow a certain pattern.
[5.746s] Call Stack (most recent call first):
[5.747s]   /usr/share/cmake-3.22/Modules/FindPkgConfig.cmake:99 (find_package_handle_standard_args)
[5.747s]   /usr/lib/x86_64-linux-gnu/cmake/gazebo/gazebo-config.cmake:72 (include)
[5.747s]   CMakeLists.txt:18 (find_package)
[5.747s] This warning is for project developers.  Use -Wno-dev to suppress it.
[5.747s] [0m
[5.747s] -- Found PkgConfig: /usr/bin/pkg-config (found version "0.29.2") 
[5.747s] -- Checking for module 'bullet>=2.82'
[5.786s] --   Found bullet, version 3.05
[6.143s] -- Found fcl: /usr/include (found suitable version "0.7.0", minimum required is "0.5.0") 
[6.388s] -- Found assimp: /usr/include (found version "5.2.0") 
[6.560s] -- Found DART: /usr/include (Required is at least version "6.6") found components: dart 
[6.744s] -- Found Boost: /usr/lib/x86_64-linux-gnu/cmake/Boost-1.74.0/BoostConfig.cmake (found suitable version "1.74.0", minimum required is "1.40.0") found components: thread system filesystem program_options regex iostreams date_time 
[6.790s] -- Found Protobuf: /usr/lib/x86_64-linux-gnu/libprotobuf.so (found version "3.12.4") 
[6.851s] -- Looking for ignition-math6 -- found version 6.12.0
[6.892s] -- Searching for dependencies of ignition-math6
[6.895s] -- Looking for OGRE...
[6.895s] -- OGRE_PREFIX_WATCH changed.
[6.909s] -- Checking for module 'OGRE'
[6.985s] --   Found OGRE, version 1.9.0
[7.083s] -- Found Ogre Ghadamon (1.9.0)
[7.117s] -- Found OGRE: optimized;/usr/lib/x86_64-linux-gnu/libOgreMain.so;debug;/usr/lib/x86_64-linux-gnu/libOgreMain.so
[7.129s] -- Looking for OGRE_Paging...
[7.153s] -- Found OGRE_Paging: optimized;/usr/lib/x86_64-linux-gnu/libOgrePaging.so;debug;/usr/lib/x86_64-linux-gnu/libOgrePaging.so
[7.153s] -- Looking for OGRE_Terrain...
[7.177s] -- Found OGRE_Terrain: optimized;/usr/lib/x86_64-linux-gnu/libOgreTerrain.so;debug;/usr/lib/x86_64-linux-gnu/libOgreTerrain.so
[7.177s] -- Looking for OGRE_Property...
[7.204s] -- Found OGRE_Property: optimized;/usr/lib/x86_64-linux-gnu/libOgreProperty.so;debug;/usr/lib/x86_64-linux-gnu/libOgreProperty.so
[7.204s] -- Looking for OGRE_RTShaderSystem...
[7.230s] -- Found OGRE_RTShaderSystem: optimized;/usr/lib/x86_64-linux-gnu/libOgreRTShaderSystem.so;debug;/usr/lib/x86_64-linux-gnu/libOgreRTShaderSystem.so
[7.230s] -- Looking for OGRE_Volume...
[7.253s] -- Found OGRE_Volume: optimized;/usr/lib/x86_64-linux-gnu/libOgreVolume.so;debug;/usr/lib/x86_64-linux-gnu/libOgreVolume.so
[7.253s] -- Looking for OGRE_Overlay...
[7.275s] -- Found OGRE_Overlay: optimized;/usr/lib/x86_64-linux-gnu/libOgreOverlay.so;debug;/usr/lib/x86_64-linux-gnu/libOgreOverlay.so
[8.041s] -- Looking for ignition-math6 -- found version 6.12.0
[8.071s] -- Looking for ignition-transport8 -- found version 8.2.1
[8.072s] -- Searching for dependencies of ignition-transport8
[8.179s] -- Found Protobuf: /usr/lib/x86_64-linux-gnu/libprotobuf.so (found suitable version "3.12.4", minimum required is "3") 
[8.264s] -- Config-file not installed for ZeroMQ -- checking for pkg-config
[8.274s] -- Checking for module 'libzmq >= 4'
[8.374s] --   Found libzmq , version 4.3.4
[8.496s] -- Found ZeroMQ: TRUE (Required is at least version "4") 
[8.509s] -- Checking for module 'uuid'
[8.560s] --   Found uuid, version 2.37.2
[8.683s] -- Found UUID: TRUE  
[8.693s] -- Looking for ignition-msgs5 -- found version 5.8.1
[8.694s] -- Searching for dependencies of ignition-msgs5
[8.751s] -- Looking for ignition-math6 -- found version 6.12.0
[8.764s] -- Checking for module 'tinyxml2'
[8.812s] --   Found tinyxml2, version 9.0.0
[8.914s] -- Looking for ignition-msgs5 -- found version 5.8.1
[8.934s] -- Looking for ignition-common3 -- found version 3.14.0
[8.934s] -- Searching for dependencies of ignition-common3
[8.936s] -- Looking for dlfcn.h - found
[8.939s] -- Looking for libdl - found
[8.941s] -- Found DL: TRUE  
[8.977s] -- Found tinyobjloader: /usr/lib/x86_64-linux-gnu/cmake/tinyobjloader/tinyobjloader-config.cmake (found version "2.0.0") 
[8.978s] -- Searching for <ignition-common3> component [graphics]
[8.996s] -- Looking for ignition-common3-graphics -- found version 3.14.0
[8.997s] -- Searching for dependencies of ignition-common3-graphics
[8.998s] -- Looking for ignition-math6 -- found version 6.12.0
[9.018s] -- Looking for ignition-fuel_tools4 -- found version 4.4.0
[9.018s] -- Searching for dependencies of ignition-fuel_tools4
[9.233s] -- Found CURL: /usr/lib/x86_64-linux-gnu/libcurl.so (found version "7.81.0")  
[9.260s] -- Checking for module 'jsoncpp'
[9.295s] --   Found jsoncpp, version 1.9.5
[9.372s] -- Found JSONCPP: TRUE  
[9.382s] -- Checking for module 'libzip'
[9.426s] --   Found libzip, version 1.7.3
[9.511s] -- Found ZIP: TRUE  
[9.511s] -- Looking for ignition-common3 -- found version 3.14.0
[9.512s] -- Looking for ignition-math6 -- found version 6.12.0
[9.512s] -- Looking for ignition-msgs5 -- found version 5.8.1
[9.672s] -- Configuring done
[9.687s] -- Generating done
[9.689s] -- Build files have been written to: /home/user/ros2_ws/build/gazebo_version_helpers
[9.705s] Invoked command in '/home/user/ros2_ws/build/gazebo_version_helpers' returned '0': CMAKE_PREFIX_PATH=${CMAKE_PREFIX_PATH}:/home/user/ros2_ws/install/ros2test:/home/user/ros2_ws/install/moveit_configs_utils:/home/simulations/ros2_sims_ws/install/rclrs_tests:/home/simulations/ros2_sims_ws/install/examples_rclrs_minimal_client_service:/home/simulations/ros2_sims_ws/install/sensor_msgs_py:/home/simulations/ros2_sims_ws/install/examples_rclrs_minimal_pub_sub:/home/simulations/ros2_sims_ws/install/examples_rclrs_message_demo:/home/simulations/ros2_sims_ws/install/rclrs:/home/simulations/ros2_sims_ws/install/rosidl_runtime_rs:/home/user/ros2_ws/install/robotiq_85_driver:/opt/ros/humble _=/usr/bin/env /usr/bin/cmake /home/user/ros2_ws/src/universal_robot_ros2/gazebo-pkgs/gazebo_version_helpers -DCMAKE_INSTALL_PREFIX=/home/user/ros2_ws/install/gazebo_version_helpers
[9.708s] Invoking command in '/home/user/ros2_ws/build/gazebo_version_helpers': CMAKE_PREFIX_PATH=${CMAKE_PREFIX_PATH}:/home/user/ros2_ws/install/ros2test:/home/user/ros2_ws/install/moveit_configs_utils:/home/simulations/ros2_sims_ws/install/rclrs_tests:/home/simulations/ros2_sims_ws/install/examples_rclrs_minimal_client_service:/home/simulations/ros2_sims_ws/install/sensor_msgs_py:/home/simulations/ros2_sims_ws/install/examples_rclrs_minimal_pub_sub:/home/simulations/ros2_sims_ws/install/examples_rclrs_message_demo:/home/simulations/ros2_sims_ws/install/rclrs:/home/simulations/ros2_sims_ws/install/rosidl_runtime_rs:/home/user/ros2_ws/install/robotiq_85_driver:/opt/ros/humble _=/usr/bin/env /usr/bin/cmake --build /home/user/ros2_ws/build/gazebo_version_helpers -- -j8 -l8
[9.840s] [ 50%] [32mBuilding CXX object CMakeFiles/gazebo_version_helpers.dir/src/GazeboVersionHelpers.cpp.o[0m
[25.348s] [100%] [32m[1mLinking CXX shared library libgazebo_version_helpers.so[0m
[25.524s] [100%] Built target gazebo_version_helpers
[25.541s] Invoked command in '/home/user/ros2_ws/build/gazebo_version_helpers' returned '0': CMAKE_PREFIX_PATH=${CMAKE_PREFIX_PATH}:/home/user/ros2_ws/install/ros2test:/home/user/ros2_ws/install/moveit_configs_utils:/home/simulations/ros2_sims_ws/install/rclrs_tests:/home/simulations/ros2_sims_ws/install/examples_rclrs_minimal_client_service:/home/simulations/ros2_sims_ws/install/sensor_msgs_py:/home/simulations/ros2_sims_ws/install/examples_rclrs_minimal_pub_sub:/home/simulations/ros2_sims_ws/install/examples_rclrs_message_demo:/home/simulations/ros2_sims_ws/install/rclrs:/home/simulations/ros2_sims_ws/install/rosidl_runtime_rs:/home/user/ros2_ws/install/robotiq_85_driver:/opt/ros/humble _=/usr/bin/env /usr/bin/cmake --build /home/user/ros2_ws/build/gazebo_version_helpers -- -j8 -l8
[25.617s] Invoking command in '/home/user/ros2_ws/build/gazebo_version_helpers': CMAKE_PREFIX_PATH=${CMAKE_PREFIX_PATH}:/home/user/ros2_ws/install/ros2test:/home/user/ros2_ws/install/moveit_configs_utils:/home/simulations/ros2_sims_ws/install/rclrs_tests:/home/simulations/ros2_sims_ws/install/examples_rclrs_minimal_client_service:/home/simulations/ros2_sims_ws/install/sensor_msgs_py:/home/simulations/ros2_sims_ws/install/examples_rclrs_minimal_pub_sub:/home/simulations/ros2_sims_ws/install/examples_rclrs_message_demo:/home/simulations/ros2_sims_ws/install/rclrs:/home/simulations/ros2_sims_ws/install/rosidl_runtime_rs:/home/user/ros2_ws/install/robotiq_85_driver:/opt/ros/humble _=/usr/bin/env /usr/bin/cmake --install /home/user/ros2_ws/build/gazebo_version_helpers
[25.632s] -- Install configuration: ""
[25.632s] -- Installing: /home/user/ros2_ws/install/gazebo_version_helpers/lib/libgazebo_version_helpers.so
[25.634s] -- Set runtime path of "/home/user/ros2_ws/install/gazebo_version_helpers/lib/libgazebo_version_helpers.so" to ""
[25.634s] -- Installing: /home/user/ros2_ws/install/gazebo_version_helpers/include
[25.634s] -- Installing: /home/user/ros2_ws/install/gazebo_version_helpers/include/gazebo_version_helpers
[25.634s] -- Installing: /home/user/ros2_ws/install/gazebo_version_helpers/include/gazebo_version_helpers/GazeboVersionHelpers.h
[25.634s] -- Installing: /home/user/ros2_ws/install/gazebo_version_helpers/share/gazebo_version_helpers/environment/library_path.sh
[25.635s] -- Installing: /home/user/ros2_ws/install/gazebo_version_helpers/share/gazebo_version_helpers/environment/library_path.dsv
[25.635s] -- Installing: /home/user/ros2_ws/install/gazebo_version_helpers/share/ament_index/resource_index/package_run_dependencies/gazebo_version_helpers
[25.635s] -- Installing: /home/user/ros2_ws/install/gazebo_version_helpers/share/ament_index/resource_index/parent_prefix_path/gazebo_version_helpers
[25.635s] -- Installing: /home/user/ros2_ws/install/gazebo_version_helpers/share/gazebo_version_helpers/environment/ament_prefix_path.sh
[25.636s] -- Installing: /home/user/ros2_ws/install/gazebo_version_helpers/share/gazebo_version_helpers/environment/ament_prefix_path.dsv
[25.636s] -- Installing: /home/user/ros2_ws/install/gazebo_version_helpers/share/gazebo_version_helpers/environment/path.sh
[25.636s] -- Installing: /home/user/ros2_ws/install/gazebo_version_helpers/share/gazebo_version_helpers/environment/path.dsv
[25.636s] -- Installing: /home/user/ros2_ws/install/gazebo_version_helpers/share/gazebo_version_helpers/local_setup.bash
[25.637s] -- Installing: /home/user/ros2_ws/install/gazebo_version_helpers/share/gazebo_version_helpers/local_setup.sh
[25.637s] -- Installing: /home/user/ros2_ws/install/gazebo_version_helpers/share/gazebo_version_helpers/local_setup.zsh
[25.637s] -- Installing: /home/user/ros2_ws/install/gazebo_version_helpers/share/gazebo_version_helpers/local_setup.dsv
[25.637s] -- Installing: /home/user/ros2_ws/install/gazebo_version_helpers/share/gazebo_version_helpers/package.dsv
[25.638s] -- Installing: /home/user/ros2_ws/install/gazebo_version_helpers/share/ament_index/resource_index/packages/gazebo_version_helpers
[25.638s] -- Installing: /home/user/ros2_ws/install/gazebo_version_helpers/share/gazebo_version_helpers/cmake/ament_cmake_export_include_directories-extras.cmake
[25.638s] -- Installing: /home/user/ros2_ws/install/gazebo_version_helpers/share/gazebo_version_helpers/cmake/ament_cmake_export_libraries-extras.cmake
[25.639s] -- Installing: /home/user/ros2_ws/install/gazebo_version_helpers/share/gazebo_version_helpers/cmake/ament_cmake_export_dependencies-extras.cmake
[25.639s] -- Installing: /home/user/ros2_ws/install/gazebo_version_helpers/share/gazebo_version_helpers/cmake/gazebo_version_helpersConfig.cmake
[25.639s] -- Installing: /home/user/ros2_ws/install/gazebo_version_helpers/share/gazebo_version_helpers/cmake/gazebo_version_helpersConfig-version.cmake
[25.639s] -- Installing: /home/user/ros2_ws/install/gazebo_version_helpers/share/gazebo_version_helpers/package.xml
[25.644s] Invoked command in '/home/user/ros2_ws/build/gazebo_version_helpers' returned '0': CMAKE_PREFIX_PATH=${CMAKE_PREFIX_PATH}:/home/user/ros2_ws/install/ros2test:/home/user/ros2_ws/install/moveit_configs_utils:/home/simulations/ros2_sims_ws/install/rclrs_tests:/home/simulations/ros2_sims_ws/install/examples_rclrs_minimal_client_service:/home/simulations/ros2_sims_ws/install/sensor_msgs_py:/home/simulations/ros2_sims_ws/install/examples_rclrs_minimal_pub_sub:/home/simulations/ros2_sims_ws/install/examples_rclrs_message_demo:/home/simulations/ros2_sims_ws/install/rclrs:/home/simulations/ros2_sims_ws/install/rosidl_runtime_rs:/home/user/ros2_ws/install/robotiq_85_driver:/opt/ros/humble _=/usr/bin/env /usr/bin/cmake --install /home/user/ros2_ws/build/gazebo_version_helpers
