[0.322s] Invoking command in '/home/steven/ros2_ws/src/eye_in_hand_realsense': PYTHONPATH=/home/steven/ros2_ws/src/eye_in_hand_realsense/build/eye_in_hand_realsense/prefix_override:/usr/lib/python3/dist-packages/colcon_core/task/python/colcon_distutils_commands:/home/steven/ros2_ws/src/eye_in_hand_realsense/install/eye_in_hand_realsense/lib/python3.10/site-packages:${PYTHONPATH} /usr/bin/python3 -W ignore:setup.py install is deprecated setup.py egg_info --egg-base build/eye_in_hand_realsense build --build-base /home/steven/ros2_ws/src/eye_in_hand_realsense/build/eye_in_hand_realsense/build install --record /home/steven/ros2_ws/src/eye_in_hand_realsense/build/eye_in_hand_realsense/install.log --single-version-externally-managed install_data
[0.439s] running egg_info
[0.439s] writing build/eye_in_hand_realsense/eye_in_hand_realsense.egg-info/PKG-INFO
[0.439s] writing dependency_links to build/eye_in_hand_realsense/eye_in_hand_realsense.egg-info/dependency_links.txt
[0.439s] writing entry points to build/eye_in_hand_realsense/eye_in_hand_realsense.egg-info/entry_points.txt
[0.439s] writing requirements to build/eye_in_hand_realsense/eye_in_hand_realsense.egg-info/requires.txt
[0.439s] writing top-level names to build/eye_in_hand_realsense/eye_in_hand_realsense.egg-info/top_level.txt
[0.440s] reading manifest file 'build/eye_in_hand_realsense/eye_in_hand_realsense.egg-info/SOURCES.txt'
[0.441s] writing manifest file 'build/eye_in_hand_realsense/eye_in_hand_realsense.egg-info/SOURCES.txt'
[0.441s] running build
[0.441s] running build_py
[0.441s] running install
[0.441s] running install_lib
[0.442s] running install_data
[0.442s] running install_egg_info
[0.443s] removing '/home/steven/ros2_ws/src/eye_in_hand_realsense/install/eye_in_hand_realsense/lib/python3.10/site-packages/eye_in_hand_realsense-0.0.0-py3.10.egg-info' (and everything under it)
[0.443s] Copying build/eye_in_hand_realsense/eye_in_hand_realsense.egg-info to /home/steven/ros2_ws/src/eye_in_hand_realsense/install/eye_in_hand_realsense/lib/python3.10/site-packages/eye_in_hand_realsense-0.0.0-py3.10.egg-info
[0.443s] running install_scripts
[0.453s] Installing yolo_eye_in_hand script to /home/steven/ros2_ws/src/eye_in_hand_realsense/install/eye_in_hand_realsense/lib/eye_in_hand_realsense
[0.453s] writing list of installed files to '/home/steven/ros2_ws/src/eye_in_hand_realsense/build/eye_in_hand_realsense/install.log'
[0.464s] Invoked command in '/home/steven/ros2_ws/src/eye_in_hand_realsense' returned '0': PYTHONPATH=/home/steven/ros2_ws/src/eye_in_hand_realsense/build/eye_in_hand_realsense/prefix_override:/usr/lib/python3/dist-packages/colcon_core/task/python/colcon_distutils_commands:/home/steven/ros2_ws/src/eye_in_hand_realsense/install/eye_in_hand_realsense/lib/python3.10/site-packages:${PYTHONPATH} /usr/bin/python3 -W ignore:setup.py install is deprecated setup.py egg_info --egg-base build/eye_in_hand_realsense build --build-base /home/steven/ros2_ws/src/eye_in_hand_realsense/build/eye_in_hand_realsense/build install --record /home/steven/ros2_ws/src/eye_in_hand_realsense/build/eye_in_hand_realsense/install.log --single-version-externally-managed install_data
