[0.254s] Invoking command in '/home/user/ros2_ws/build/gazebo_world_plugin_loader': _=/usr/bin/env /usr/bin/cmake /home/user/ros2_ws/src/gazebo-pkgs/gazebo_world_plugin_loader -DCATKIN_INSTALL_INTO_PREFIX_ROOT=0 -DCMAKE_INSTALL_PREFIX=/home/user/ros2_ws/install/gazebo_world_plugin_loader
[0.307s] [0mCMake Deprecation Warning at CMakeLists.txt:1 (cmake_minimum_required):
[0.307s]   Compatibility with CMake < 2.8.12 will be removed from a future version of
[0.309s]   CMake.
[0.309s] 
[0.309s]   Update the VERSION argument <min> value or use a ...<max> suffix to tell
[0.309s]   CMake that the project does not need compatibility with older versions.
[0.310s] 
[0.310s] [0m
[0.685s] -- The C compiler identification is GNU 11.3.0
[0.916s] -- The CXX compiler identification is GNU 11.3.0
[0.940s] -- Detecting C compiler ABI info
[1.403s] -- Detecting C compiler ABI info - done
[1.419s] -- Check for working C compiler: /usr/bin/cc - skipped
[1.422s] -- Detecting C compile features
[1.426s] -- Detecting C compile features - done
[1.443s] -- Detecting CXX compiler ABI info
[1.816s] -- Detecting CXX compiler ABI info - done
[1.836s] -- Check for working CXX compiler: /usr/bin/c++ - skipped
[1.837s] -- Detecting CXX compile features
[1.839s] -- Detecting CXX compile features - done
[1.895s] [31mCMake Error at CMakeLists.txt:7 (find_package):
[1.895s]   By not providing "Findcatkin.cmake" in CMAKE_MODULE_PATH this project has
[1.895s]   asked CMake to find a package configuration file provided by "catkin", but
[1.895s]   CMake did not find one.
[1.896s] 
[1.896s]   Could not find a package configuration file provided by "catkin" with any
[1.896s]   of the following names:
[1.896s] 
[1.896s]     catkinConfig.cmake
[1.896s]     catkin-config.cmake
[1.896s] 
[1.897s]   Add the installation prefix of "catkin" to CMAKE_PREFIX_PATH or set
[1.897s]   "catkin_DIR" to a directory containing one of the above files.  If "catkin"
[1.897s]   provides a separate development package or SDK, be sure it has been
[1.897s]   installed.
[1.897s] 
[1.897s] [0m
[1.897s] -- Configuring incomplete, errors occurred!
[1.897s] See also "/home/user/ros2_ws/build/gazebo_world_plugin_loader/CMakeFiles/CMakeOutput.log".
