[35m[1mConsolidate compiler generated dependencies of target first_stage_endeffector[0m
[ 50%] [32mBuilding CXX object CMakeFiles/first_stage_endeffector.dir/src/first_stage_endeffector.cpp.o[0m
[01m[K/home/steven/ros2_ws/src/first_stage/src/first_stage_endeffector/src/first_stage_endeffector.cpp:242:8:[m[K [01;31m[Kerror: [m[K‘[01m[Kvoid RobotController::coordinatesCallback(geometry_msgs::msg::Point_<std::allocator<void> >::SharedPtr)[m[K’ cannot be overloaded with ‘[01m[Kvoid RobotController::coordinatesCallback(geometry_msgs::msg::Point_<std::allocator<void> >::SharedPtr)[m[K’
  242 |   void [01;31m[KcoordinatesCallback[m[K(const geometry_msgs::msg::Point::SharedPtr msg)
      |        [01;31m[K^~~~~~~~~~~~~~~~~~~[m[K
[01m[K/home/steven/ros2_ws/src/first_stage/src/first_stage_endeffector/src/first_stage_endeffector.cpp:80:8:[m[K [01;36m[Knote: [m[Kprevious declaration ‘[01m[Kvoid RobotController::coordinatesCallback(geometry_msgs::msg::Point_<std::allocator<void> >::SharedPtr)[m[K’
   80 |   void [01;36m[KcoordinatesCallback[m[K(const geometry_msgs::msg::Point::SharedPtr msg)
      |        [01;36m[K^~~~~~~~~~~~~~~~~~~[m[K
[01m[K/home/steven/ros2_ws/src/first_stage/src/first_stage_endeffector/src/first_stage_endeffector.cpp:255:8:[m[K [01;31m[Kerror: [m[K‘[01m[Kvoid RobotController::orientationCallback(geometry_msgs::msg::Quaternion_<std::allocator<void> >::SharedPtr)[m[K’ cannot be overloaded with ‘[01m[Kvoid RobotController::orientationCallback(geometry_msgs::msg::Quaternion_<std::allocator<void> >::SharedPtr)[m[K’
  255 |   void [01;31m[KorientationCallback[m[K(const geometry_msgs::msg::Quaternion::SharedPtr msg)
      |        [01;31m[K^~~~~~~~~~~~~~~~~~~[m[K
[01m[K/home/steven/ros2_ws/src/first_stage/src/first_stage_endeffector/src/first_stage_endeffector.cpp:91:8:[m[K [01;36m[Knote: [m[Kprevious declaration ‘[01m[Kvoid RobotController::orientationCallback(geometry_msgs::msg::Quaternion_<std::allocator<void> >::SharedPtr)[m[K’
   91 |   void [01;36m[KorientationCallback[m[K(const geometry_msgs::msg::Quaternion::SharedPtr msg)
      |        [01;36m[K^~~~~~~~~~~~~~~~~~~[m[K
[01m[K/home/steven/ros2_ws/src/first_stage/src/first_stage_endeffector/src/first_stage_endeffector.cpp:384:31:[m[K [01;31m[Kerror: [m[Kredeclaration of ‘[01m[Kbool RobotController::orientation_received[m[K’
  384 |   bool orientation_received = [01;31m[Kfalse[m[K;
      |                               [01;31m[K^~~~~[m[K
[01m[K/home/steven/ros2_ws/src/first_stage/src/first_stage_endeffector/src/first_stage_endeffector.cpp:376:8:[m[K [01;36m[Knote: [m[Kprevious declaration ‘[01m[Kbool RobotController::orientation_received[m[K’
  376 |   bool [01;36m[Korientation_received[m[K = false;
      |        [01;36m[K^~~~~~~~~~~~~~~~~~~~[m[K
gmake[2]: *** [CMakeFiles/first_stage_endeffector.dir/build.make:76：CMakeFiles/first_stage_endeffector.dir/src/first_stage_endeffector.cpp.o] 錯誤 1
gmake[1]: *** [CMakeFiles/Makefile2:137：CMakeFiles/first_stage_endeffector.dir/all] 錯誤 2
gmake: *** [Makefile:146：all] 錯誤 2
