[0.063s] Invoking command in '/home/user/ros2_ws/build/my_moveit2_config': CMAKE_PREFIX_PATH=${CMAKE_PREFIX_PATH}:/opt/ros/foxy _=/usr/bin/env /usr/bin/cmake --build /home/user/ros2_ws/build/my_moveit2_config -- -j8 -l8
[0.157s] Invoked command in '/home/user/ros2_ws/build/my_moveit2_config' returned '0': CMAKE_PREFIX_PATH=${CMAKE_PREFIX_PATH}:/opt/ros/foxy _=/usr/bin/env /usr/bin/cmake --build /home/user/ros2_ws/build/my_moveit2_config -- -j8 -l8
[0.308s] Invoking command in '/home/user/ros2_ws/build/my_moveit2_config': CMAKE_PREFIX_PATH=${CMAKE_PREFIX_PATH}:/opt/ros/foxy _=/usr/bin/env /usr/bin/cmake --install /home/user/ros2_ws/build/my_moveit2_config
[0.327s] -- Install configuration: ""
[0.328s] -- Up-to-date: /home/user/ros2_ws/install/my_moveit2_config/share/ament_index/resource_index/package_run_dependencies/my_moveit2_config
[0.328s] -- Up-to-date: /home/user/ros2_ws/install/my_moveit2_config/share/ament_index/resource_index/parent_prefix_path/my_moveit2_config
[0.328s] -- Up-to-date: /home/user/ros2_ws/install/my_moveit2_config/share/my_moveit2_config/environment/ament_prefix_path.sh
[0.328s] -- Up-to-date: /home/user/ros2_ws/install/my_moveit2_config/share/my_moveit2_config/environment/ament_prefix_path.dsv
[0.329s] -- Up-to-date: /home/user/ros2_ws/install/my_moveit2_config/share/my_moveit2_config/environment/path.sh
[0.329s] -- Up-to-date: /home/user/ros2_ws/install/my_moveit2_config/share/my_moveit2_config/environment/path.dsv
[0.329s] -- Up-to-date: /home/user/ros2_ws/install/my_moveit2_config/share/my_moveit2_config/local_setup.bash
[0.330s] -- Up-to-date: /home/user/ros2_ws/install/my_moveit2_config/share/my_moveit2_config/local_setup.sh
[0.330s] -- Up-to-date: /home/user/ros2_ws/install/my_moveit2_config/share/my_moveit2_config/local_setup.zsh
[0.330s] -- Up-to-date: /home/user/ros2_ws/install/my_moveit2_config/share/my_moveit2_config/local_setup.dsv
[0.331s] -- Installing: /home/user/ros2_ws/install/my_moveit2_config/share/my_moveit2_config/package.dsv
[0.331s] -- Up-to-date: /home/user/ros2_ws/install/my_moveit2_config/share/ament_index/resource_index/packages/my_moveit2_config
[0.331s] -- Up-to-date: /home/user/ros2_ws/install/my_moveit2_config/share/my_moveit2_config/cmake/my_moveit2_configConfig.cmake
[0.332s] -- Up-to-date: /home/user/ros2_ws/install/my_moveit2_config/share/my_moveit2_config/cmake/my_moveit2_configConfig-version.cmake
[0.332s] -- Up-to-date: /home/user/ros2_ws/install/my_moveit2_config/share/my_moveit2_config/package.xml
[0.332s] -- Up-to-date: /home/user/ros2_ws/install/my_moveit2_config/share/my_moveit2_config/config
[0.333s] -- Up-to-date: /home/user/ros2_ws/install/my_moveit2_config/share/my_moveit2_config/config/ros_controllers.yaml
[0.333s] -- Up-to-date: /home/user/ros2_ws/install/my_moveit2_config/share/my_moveit2_config/config/chomp_planning.yaml
[0.333s] -- Up-to-date: /home/user/ros2_ws/install/my_moveit2_config/share/my_moveit2_config/config/sensors_3d.yaml
[0.334s] -- Up-to-date: /home/user/ros2_ws/install/my_moveit2_config/share/my_moveit2_config/config/cartesian_limits.yaml
[0.334s] -- Up-to-date: /home/user/ros2_ws/install/my_moveit2_config/share/my_moveit2_config/config/kinematics.yaml
[0.334s] -- Up-to-date: /home/user/ros2_ws/install/my_moveit2_config/share/my_moveit2_config/config/ur3e.srdf
[0.335s] -- Up-to-date: /home/user/ros2_ws/install/my_moveit2_config/share/my_moveit2_config/config/ompl_planning.yaml
[0.335s] -- Up-to-date: /home/user/ros2_ws/install/my_moveit2_config/share/my_moveit2_config/config/joint_limits.yaml
[0.336s] -- Up-to-date: /home/user/ros2_ws/install/my_moveit2_config/share/my_moveit2_config/config/fake_controllers.yaml
[0.336s] -- Up-to-date: /home/user/ros2_ws/install/my_moveit2_config/share/my_moveit2_config/config/controllers.yaml
[0.336s] -- Up-to-date: /home/user/ros2_ws/install/my_moveit2_config/share/my_moveit2_config/launch
[0.336s] -- Up-to-date: /home/user/ros2_ws/install/my_moveit2_config/share/my_moveit2_config/launch/my_planning_execution.launch.py
[0.337s] -- Up-to-date: /home/user/ros2_ws/install/my_moveit2_config/share/my_moveit2_config/rviz
[0.338s] -- Up-to-date: /home/user/ros2_ws/install/my_moveit2_config/share/my_moveit2_config/rviz/view_robot.rviz
[0.376s] Invoked command in '/home/user/ros2_ws/build/my_moveit2_config' returned '0': CMAKE_PREFIX_PATH=${CMAKE_PREFIX_PATH}:/opt/ros/foxy _=/usr/bin/env /usr/bin/cmake --install /home/user/ros2_ws/build/my_moveit2_config
