[0.051s] Invoking command in '/home/user/ros2_ws/build/simple_grasping': CMAKE_PREFIX_PATH=${CMAKE_PREFIX_PATH}:/home/user/ros2_ws/install/ros2test:/home/user/ros2_ws/install/moveit_configs_utils:/home/simulations/ros2_sims_ws/install/rclrs_tests:/home/simulations/ros2_sims_ws/install/examples_rclrs_minimal_client_service:/home/simulations/ros2_sims_ws/install/sensor_msgs_py:/home/simulations/ros2_sims_ws/install/examples_rclrs_minimal_pub_sub:/home/simulations/ros2_sims_ws/install/examples_rclrs_message_demo:/home/simulations/ros2_sims_ws/install/rclrs:/home/simulations/ros2_sims_ws/install/rosidl_runtime_rs:/home/user/ros2_ws/install/robotiq_85_driver:/opt/ros/humble _=/usr/bin/env /usr/bin/cmake --build /home/user/ros2_ws/build/simple_grasping -- -j8 -l8
[0.309s] [ 10%] Built target gtest
[0.313s] [ 21%] Built target gtest_main
[0.375s] [ 31%] Built target grasp_planner_node
[0.377s] [ 42%] Built target basic_grasping_perception_node
[1.738s] [ 68%] Built target simple_grasping
[1.862s] [ 78%] Built target simple_grasping_test_shape_extraction
[1.883s] [ 89%] Built target basic_grasping_perception
[1.885s] [100%] Built target grasp_planner
[1.921s] Invoked command in '/home/user/ros2_ws/build/simple_grasping' returned '0': CMAKE_PREFIX_PATH=${CMAKE_PREFIX_PATH}:/home/user/ros2_ws/install/ros2test:/home/user/ros2_ws/install/moveit_configs_utils:/home/simulations/ros2_sims_ws/install/rclrs_tests:/home/simulations/ros2_sims_ws/install/examples_rclrs_minimal_client_service:/home/simulations/ros2_sims_ws/install/sensor_msgs_py:/home/simulations/ros2_sims_ws/install/examples_rclrs_minimal_pub_sub:/home/simulations/ros2_sims_ws/install/examples_rclrs_message_demo:/home/simulations/ros2_sims_ws/install/rclrs:/home/simulations/ros2_sims_ws/install/rosidl_runtime_rs:/home/user/ros2_ws/install/robotiq_85_driver:/opt/ros/humble _=/usr/bin/env /usr/bin/cmake --build /home/user/ros2_ws/build/simple_grasping -- -j8 -l8
[2.310s] Invoking command in '/home/user/ros2_ws/build/simple_grasping': CMAKE_PREFIX_PATH=${CMAKE_PREFIX_PATH}:/home/user/ros2_ws/install/ros2test:/home/user/ros2_ws/install/moveit_configs_utils:/home/simulations/ros2_sims_ws/install/rclrs_tests:/home/simulations/ros2_sims_ws/install/examples_rclrs_minimal_client_service:/home/simulations/ros2_sims_ws/install/sensor_msgs_py:/home/simulations/ros2_sims_ws/install/examples_rclrs_minimal_pub_sub:/home/simulations/ros2_sims_ws/install/examples_rclrs_message_demo:/home/simulations/ros2_sims_ws/install/rclrs:/home/simulations/ros2_sims_ws/install/rosidl_runtime_rs:/home/user/ros2_ws/install/robotiq_85_driver:/opt/ros/humble _=/usr/bin/env /usr/bin/cmake --install /home/user/ros2_ws/build/simple_grasping
[2.332s] -- Install configuration: ""
[2.332s] -- Up-to-date: /home/user/ros2_ws/install/simple_grasping/lib/simple_grasping/basic_grasping_perception_node
[2.332s] -- Up-to-date: /home/user/ros2_ws/install/simple_grasping/lib/simple_grasping/grasp_planner_node
[2.333s] -- Up-to-date: /home/user/ros2_ws/install/simple_grasping/include
[2.333s] -- Up-to-date: /home/user/ros2_ws/install/simple_grasping/include/simple_grasping
[2.333s] -- Up-to-date: /home/user/ros2_ws/install/simple_grasping/include/simple_grasping/shape_extraction.h
[2.333s] -- Up-to-date: /home/user/ros2_ws/install/simple_grasping/include/simple_grasping/object_support_segmentation.h
[2.334s] -- Up-to-date: /home/user/ros2_ws/install/simple_grasping/include/simple_grasping/shape_grasp_planner.h
[2.334s] -- Up-to-date: /home/user/ros2_ws/install/simple_grasping/include/simple_grasping/cloud_tools.h
[2.334s] -- Up-to-date: /home/user/ros2_ws/install/simple_grasping/lib/simple_grasping/do_perception.py
[2.334s] -- Up-to-date: /home/user/ros2_ws/install/simple_grasping/lib/libsimple_grasping.so
[2.334s] -- Up-to-date: /home/user/ros2_ws/install/simple_grasping/lib/libbasic_grasping_perception.so
[2.335s] -- Up-to-date: /home/user/ros2_ws/install/simple_grasping/lib/libgrasp_planner.so
[2.335s] -- Up-to-date: /home/user/ros2_ws/install/simple_grasping/share/simple_grasping/environment/library_path.sh
[2.336s] -- Up-to-date: /home/user/ros2_ws/install/simple_grasping/share/simple_grasping/environment/library_path.dsv
[2.336s] -- Up-to-date: /home/user/ros2_ws/install/simple_grasping/share/ament_index/resource_index/package_run_dependencies/simple_grasping
[2.337s] -- Up-to-date: /home/user/ros2_ws/install/simple_grasping/share/ament_index/resource_index/parent_prefix_path/simple_grasping
[2.337s] -- Up-to-date: /home/user/ros2_ws/install/simple_grasping/share/simple_grasping/environment/ament_prefix_path.sh
[2.339s] -- Up-to-date: /home/user/ros2_ws/install/simple_grasping/share/simple_grasping/environment/ament_prefix_path.dsv
[2.339s] -- Up-to-date: /home/user/ros2_ws/install/simple_grasping/share/simple_grasping/environment/path.sh
[2.339s] -- Up-to-date: /home/user/ros2_ws/install/simple_grasping/share/simple_grasping/environment/path.dsv
[2.339s] -- Up-to-date: /home/user/ros2_ws/install/simple_grasping/share/simple_grasping/local_setup.bash
[2.340s] -- Up-to-date: /home/user/ros2_ws/install/simple_grasping/share/simple_grasping/local_setup.sh
[2.340s] -- Up-to-date: /home/user/ros2_ws/install/simple_grasping/share/simple_grasping/local_setup.zsh
[2.340s] -- Up-to-date: /home/user/ros2_ws/install/simple_grasping/share/simple_grasping/local_setup.dsv
[2.340s] -- Installing: /home/user/ros2_ws/install/simple_grasping/share/simple_grasping/package.dsv
[2.340s] -- Up-to-date: /home/user/ros2_ws/install/simple_grasping/share/ament_index/resource_index/packages/simple_grasping
[2.341s] -- Up-to-date: /home/user/ros2_ws/install/simple_grasping/share/ament_index/resource_index/rclcpp_components/simple_grasping
[2.341s] -- Up-to-date: /home/user/ros2_ws/install/simple_grasping/share/simple_grasping/cmake/ament_cmake_export_include_directories-extras.cmake
[2.341s] -- Up-to-date: /home/user/ros2_ws/install/simple_grasping/share/simple_grasping/cmake/ament_cmake_export_libraries-extras.cmake
[2.341s] -- Up-to-date: /home/user/ros2_ws/install/simple_grasping/share/simple_grasping/cmake/ament_cmake_export_dependencies-extras.cmake
[2.341s] -- Up-to-date: /home/user/ros2_ws/install/simple_grasping/share/simple_grasping/cmake/simple_graspingConfig.cmake
[2.342s] -- Up-to-date: /home/user/ros2_ws/install/simple_grasping/share/simple_grasping/cmake/simple_graspingConfig-version.cmake
[2.342s] -- Up-to-date: /home/user/ros2_ws/install/simple_grasping/share/simple_grasping/package.xml
[2.826s] Invoked command in '/home/user/ros2_ws/build/simple_grasping' returned '0': CMAKE_PREFIX_PATH=${CMAKE_PREFIX_PATH}:/home/user/ros2_ws/install/ros2test:/home/user/ros2_ws/install/moveit_configs_utils:/home/simulations/ros2_sims_ws/install/rclrs_tests:/home/simulations/ros2_sims_ws/install/examples_rclrs_minimal_client_service:/home/simulations/ros2_sims_ws/install/sensor_msgs_py:/home/simulations/ros2_sims_ws/install/examples_rclrs_minimal_pub_sub:/home/simulations/ros2_sims_ws/install/examples_rclrs_message_demo:/home/simulations/ros2_sims_ws/install/rclrs:/home/simulations/ros2_sims_ws/install/rosidl_runtime_rs:/home/user/ros2_ws/install/robotiq_85_driver:/opt/ros/humble _=/usr/bin/env /usr/bin/cmake --install /home/user/ros2_ws/build/simple_grasping
