[35m[1mConsolidate compiler generated dependencies of target first_stage_endeffector[0m
[ 50%] [32mBuilding CXX object CMakeFiles/first_stage_endeffector.dir/src/first_stage_endeffector.cpp.o[0m
[01m[K/home/steven/ros2_ws/src/first_stage/src/first_stage_endeffector/src/first_stage_endeffector.cpp:239:8:[m[K [01;31m[Kerror: [m[K‘[01m[Kbool RobotController::graspObject()[m[K’ cannot be overloaded with ‘[01m[Kbool RobotController::graspObject()[m[K’
  239 |   bool [01;31m[KgraspObject[m[K()
      |        [01;31m[K^~~~~~~~~~~[m[K
[01m[K/home/steven/ros2_ws/src/first_stage/src/first_stage_endeffector/src/first_stage_endeffector.cpp:141:8:[m[K [01;36m[Knote: [m[Kprevious declaration ‘[01m[Kbool RobotController::graspObject()[m[K’
  141 |   bool [01;36m[KgraspObject[m[K()
      |        [01;36m[K^~~~~~~~~~~[m[K
[01m[K/home/steven/ros2_ws/src/first_stage/src/first_stage_endeffector/src/first_stage_endeffector.cpp:[m[K In member function ‘[01m[Kvoid RobotController::coordinatesCallback(geometry_msgs::msg::Point_<std::allocator<void> >::SharedPtr)[m[K’:
[01m[K/home/steven/ros2_ws/src/first_stage/src/first_stage_endeffector/src/first_stage_endeffector.cpp:491:11:[m[K [01;31m[Kerror: [m[K‘[01m[Korientation_received_[m[K’ was not declared in this scope; did you mean ‘[01m[Korientation_type_[m[K’?
  491 |       if ([01;31m[Korientation_received_[m[K) {
      |           [01;31m[K^~~~~~~~~~~~~~~~~~~~~[m[K
      |           [32m[Korientation_type_[m[K
[01m[K/home/steven/ros2_ws/src/first_stage/src/first_stage_endeffector/src/first_stage_endeffector.cpp:[m[K In member function ‘[01m[Kvoid RobotController::orientationCallback(geometry_msgs::msg::Quaternion_<std::allocator<void> >::SharedPtr)[m[K’:
[01m[K/home/steven/ros2_ws/src/first_stage/src/first_stage_endeffector/src/first_stage_endeffector.cpp:501:7:[m[K [01;31m[Kerror: [m[K‘[01m[Korientation_received_[m[K’ was not declared in this scope; did you mean ‘[01m[Korientation_type_[m[K’?
  501 |       [01;31m[Korientation_received_[m[K = true;
      |       [01;31m[K^~~~~~~~~~~~~~~~~~~~~[m[K
      |       [32m[Korientation_type_[m[K
gmake[2]: *** [CMakeFiles/first_stage_endeffector.dir/build.make:76：CMakeFiles/first_stage_endeffector.dir/src/first_stage_endeffector.cpp.o] 錯誤 1
gmake[1]: *** [CMakeFiles/Makefile2:137：CMakeFiles/first_stage_endeffector.dir/all] 錯誤 2
gmake: *** [Makefile:146：all] 錯誤 2
