[0.014s] Invoking command in '/home/steven/ws_moveit2/build/pilz_industrial_motion_planner': AMENT_PREFIX_PATH=/home/steven/ws_moveit2/install/moveit_resources_prbt_pg70_support:/home/steven/ws_moveit2/install/moveit_ros_planning_interface:/home/steven/ws_moveit2/install/moveit_resources_prbt_moveit_config:/home/steven/ws_moveit2/install/moveit_ros_move_group:/home/steven/ws_moveit2/install/moveit_ros_warehouse:/home/steven/ws_moveit2/install/moveit_kinematics:/home/steven/ws_moveit2/install/moveit_ros_planning:/home/steven/ws_moveit2/install/pilz_industrial_motion_planner_testutils:/home/steven/ws_moveit2/install/moveit_ros_occupancy_map_monitor:/home/steven/ws_moveit2/install/moveit_resources_prbt_ikfast_manipulator_plugin:/home/steven/ws_moveit2/install/moveit_core:/home/steven/ws_moveit2/install/moveit_resources_panda_moveit_config:/home/steven/ws_moveit2/install/moveit_configs_utils:/home/steven/ws_moveit2/install/srdfdom:/home/steven/ws_moveit2/install/moveit_resources_prbt_support:/home/steven/ws_moveit2/install/moveit_resources_panda_description:/home/steven/ws_moveit2/install/moveit_common:/home/steven/ws_moveit2/install/launch_param_builder:${AMENT_PREFIX_PATH} CMAKE_PREFIX_PATH=/home/steven/ws_moveit2/install/moveit_resources_prbt_pg70_support:/home/steven/ws_moveit2/install/moveit_ros_planning_interface:/home/steven/ws_moveit2/install/moveit_resources_prbt_moveit_config:/home/steven/ws_moveit2/install/moveit_ros_move_group:/home/steven/ws_moveit2/install/moveit_ros_warehouse:/home/steven/ws_moveit2/install/moveit_kinematics:/home/steven/ws_moveit2/install/moveit_ros_planning:/home/steven/ws_moveit2/install/pilz_industrial_motion_planner_testutils:/home/steven/ws_moveit2/install/moveit_ros_occupancy_map_monitor:/home/steven/ws_moveit2/install/moveit_resources_prbt_ikfast_manipulator_plugin:/home/steven/ws_moveit2/install/moveit_core:/home/steven/ws_moveit2/install/moveit_resources_panda_moveit_config:/home/steven/ws_moveit2/install/srdfdom:/home/steven/ws_moveit2/install/moveit_resources_prbt_support:/home/steven/ws_moveit2/install/moveit_resources_panda_description:/home/steven/ws_moveit2/install/moveit_common:/opt/ros/humble LD_LIBRARY_PATH=/home/steven/ws_moveit2/install/moveit_ros_planning_interface/lib:/home/steven/ws_moveit2/install/moveit_ros_move_group/lib:/home/steven/ws_moveit2/install/moveit_ros_warehouse/lib:/home/steven/ws_moveit2/install/moveit_kinematics/lib:/home/steven/ws_moveit2/install/moveit_ros_planning/lib:/home/steven/ws_moveit2/install/pilz_industrial_motion_planner_testutils/lib:/home/steven/ws_moveit2/install/moveit_ros_occupancy_map_monitor/lib:/home/steven/ws_moveit2/install/moveit_resources_prbt_ikfast_manipulator_plugin/lib:/home/steven/ws_moveit2/install/moveit_core/lib:/home/steven/ws_moveit2/install/srdfdom/lib:/opt/ros/humble/opt/rviz_ogre_vendor/lib:/opt/ros/humble/lib/x86_64-linux-gnu:/opt/ros/humble/lib:/usr/local/cuda-12.3/lib64 PATH=/home/steven/ws_moveit2/install/moveit_core/bin:${PATH} PYTHONPATH=/home/steven/ws_moveit2/install/moveit_configs_utils/lib/python3.10/site-packages:/home/steven/ws_moveit2/install/srdfdom/local/lib/python3.10/dist-packages:/home/steven/ws_moveit2/install/launch_param_builder/lib/python3.10/site-packages:${PYTHONPATH} /usr/bin/cmake /home/steven/ws_moveit2/src/moveit2/moveit_planners/pilz_industrial_motion_planner -DCMAKE_BUILD_TYPE=Release -DCMAKE_INSTALL_PREFIX=/home/steven/ws_moveit2/install/pilz_industrial_motion_planner
[0.036s] -- The C compiler identification is GNU 11.4.0
[0.060s] -- The CXX compiler identification is GNU 11.4.0
[0.063s] -- Detecting C compiler ABI info
[0.092s] -- Detecting C compiler ABI info - done
[0.097s] -- Check for working C compiler: /usr/bin/cc - skipped
[0.097s] -- Detecting C compile features
[0.098s] -- Detecting C compile features - done
[0.099s] -- Detecting CXX compiler ABI info
[0.131s] -- Detecting CXX compiler ABI info - done
[0.136s] -- Check for working CXX compiler: /usr/bin/c++ - skipped
[0.136s] -- Detecting CXX compile features
[0.137s] -- Detecting CXX compile features - done
[0.138s] -- Found moveit_common: 2.5.5 (/home/steven/ws_moveit2/install/moveit_common/share/moveit_common/cmake)
[0.140s] -- Found ament_cmake: 1.3.9 (/opt/ros/humble/share/ament_cmake/cmake)
[0.208s] -- Found Python3: /usr/bin/python3 (found version "3.10.12") found components: Interpreter 
[0.283s] -- Found libdw: /usr/lib/x86_64-linux-gnu/libdw.so  
[0.285s] -- Could NOT find libbfd (missing: LIBBFD_LIBRARY LIBBFD_INCLUDE_DIR) 
[0.286s] -- BACKWARD_HAS_UNWIND=1
[0.286s] -- BACKWARD_HAS_BACKTRACE=0
[0.286s] -- BACKWARD_HAS_BACKTRACE_SYMBOL=0
[0.286s] -- BACKWARD_HAS_DW=1
[0.286s] -- BACKWARD_HAS_BFD=0
[0.286s] -- Found Backward: /opt/ros/humble/share/backward_ros/cmake  
[0.287s] -- Found eigen3_cmake_module: 0.1.1 (/opt/ros/humble/share/eigen3_cmake_module/cmake)
[0.290s] -- Found Eigen3: TRUE (found version "3.4.0") 
[0.291s] -- Found geometry_msgs: 4.2.3 (/opt/ros/humble/share/geometry_msgs/cmake)
[0.308s] -- Found rosidl_generator_c: 3.1.5 (/opt/ros/humble/share/rosidl_generator_c/cmake)
[0.311s] -- Found rosidl_adapter: 3.1.5 (/opt/ros/humble/share/rosidl_adapter/cmake)
[0.316s] -- Found rosidl_generator_cpp: 3.1.5 (/opt/ros/humble/share/rosidl_generator_cpp/cmake)
[0.323s] -- Using all available rosidl_typesupport_c: rosidl_typesupport_fastrtps_c;rosidl_typesupport_introspection_c
[0.332s] -- Using all available rosidl_typesupport_cpp: rosidl_typesupport_fastrtps_cpp;rosidl_typesupport_introspection_cpp
[0.384s] -- Found moveit_core: 2.5.5 (/home/steven/ws_moveit2/install/moveit_core/share/moveit_core/cmake)
[0.492s] -- Found Boost: /usr/lib/x86_64-linux-gnu/cmake/Boost-1.74.0/BoostConfig.cmake (found version "1.74.0") found components: chrono date_time filesystem iostreams program_options regex serialization system thread 
[0.512s] -- Found parameter_traits: 0.3.8 (/opt/ros/humble/share/parameter_traits/cmake)
[0.544s] -- Found rmw_implementation_cmake: 6.1.2 (/opt/ros/humble/share/rmw_implementation_cmake/cmake)
[0.546s] -- Found rmw_fastrtps_cpp: 6.2.6 (/opt/ros/humble/share/rmw_fastrtps_cpp/cmake)
[0.591s] -- Found OpenSSL: /usr/lib/x86_64-linux-gnu/libcrypto.so (found version "3.0.2")  
[0.602s] -- Found FastRTPS: /opt/ros/humble/include  
[0.623s] -- Using RMW implementation 'rmw_fastrtps_cpp' as default
[0.629s] -- Found Threads: TRUE  
[0.697s] -- Found rclcpp_lifecycle: 16.0.9 (/opt/ros/humble/share/rclcpp_lifecycle/cmake)
[0.719s] -- Found Boost: /usr/lib/x86_64-linux-gnu/cmake/Boost-1.74.0/BoostConfig.cmake (found version "1.74.0") found components: filesystem 
[0.761s] -- library: /usr/lib/x86_64-linux-gnu/libcurl.so
[0.900s] -- Ensuring Eigen3 include directory is part of orocos-kdl CMake target
[1.387s] -- Found moveit_ros_move_group: 2.5.5 (/home/steven/ws_moveit2/install/moveit_ros_move_group/share/moveit_ros_move_group/cmake)
[1.389s] -- Found Boost: /usr/lib/x86_64-linux-gnu/cmake/Boost-1.74.0/BoostConfig.cmake (found version "1.74.0") found components: system filesystem date_time program_options thread 
[1.538s] -- Found Boost: /usr/lib/x86_64-linux-gnu/cmake/Boost-1.74.0/BoostConfig.cmake (found version "1.74.0") found components: system filesystem date_time program_options thread chrono 
[1.693s] -- Found moveit_ros_planning_interface: 2.5.5 (/home/steven/ws_moveit2/install/moveit_ros_planning_interface/share/moveit_ros_planning_interface/cmake)
[1.696s] -- Found Boost: /usr/lib/x86_64-linux-gnu/cmake/Boost-1.74.0/BoostConfig.cmake (found version "1.74.0") found components: date_time filesystem program_options system thread 
[1.780s] -- Found Boost: /usr/lib/x86_64-linux-gnu/cmake/Boost-1.74.0/BoostConfig.cmake (found version "1.74.0") found components: thread system filesystem regex date_time program_options 
[1.957s] -- Found tf2_eigen_kdl: 0.25.6 (/opt/ros/humble/share/tf2_eigen_kdl/cmake)
[1.961s] -- Found Boost: /usr/lib/x86_64-linux-gnu/cmake/Boost-1.74.0/BoostConfig.cmake (found version "1.74.0")  
[2.001s] -- Found ament_cmake_gtest: 1.3.9 (/opt/ros/humble/share/ament_cmake_gtest/cmake)
[2.003s] -- Found ament_cmake_gmock: 1.3.9 (/opt/ros/humble/share/ament_cmake_gmock/cmake)
[2.004s] -- Found ros_testing: 0.4.0 (/opt/ros/humble/share/ros_testing/cmake)
[2.005s] -- Found launch_testing_ament_cmake: 1.0.6 (/opt/ros/humble/share/launch_testing_ament_cmake/cmake)
[2.006s] -- Found python_cmake_module: 0.10.0 (/opt/ros/humble/share/python_cmake_module/cmake)
[2.016s] -- Found PythonInterp: /usr/bin/python3 (found suitable version "3.10.12", minimum required is "3.6") 
[2.018s] -- Found PythonLibs: /usr/lib/x86_64-linux-gnu/libpython3.10.so (found suitable version "3.10.12", minimum required is "3.5") 
[2.018s] -- Using PYTHON_EXECUTABLE: /usr/bin/python3
[2.018s] -- Using PYTHON_INCLUDE_DIRS: /usr/include/python3.10
[2.018s] -- Using PYTHON_LIBRARIES: /usr/lib/x86_64-linux-gnu/libpython3.10.so
[2.028s] -- Found PythonExtra: .so  
[2.028s] -- Found moveit_resources_prbt_support: 2.5.5 (/home/steven/ws_moveit2/install/moveit_resources_prbt_support/share/moveit_resources_prbt_support/cmake)
[2.029s] -- Found moveit_resources_prbt_moveit_config: 2.5.5 (/home/steven/ws_moveit2/install/moveit_resources_prbt_moveit_config/share/moveit_resources_prbt_moveit_config/cmake)
[2.031s] -- Found Boost: /usr/lib/x86_64-linux-gnu/cmake/Boost-1.74.0/BoostConfig.cmake (found version "1.74.0") found components: thread 
[2.031s] -- Found pilz_industrial_motion_planner_testutils: 2.5.5 (/home/steven/ws_moveit2/install/pilz_industrial_motion_planner_testutils/share/pilz_industrial_motion_planner_testutils/cmake)
[2.090s] -- Found gtest sources under '/opt/ros/humble/src/gtest_vendor': C++ tests using 'Google Test' will be built
[2.108s] -- Found gmock sources under '/opt/ros/humble/src/gmock_vendor': C++ tests using 'Google Mock' will be built
[2.111s] -- Found ament_lint_auto: 0.12.11 (/opt/ros/humble/share/ament_lint_auto/cmake)
[2.185s] -- Found launch_testing_ament_cmake: 1.0.6 (/opt/ros/humble/share/launch_testing_ament_cmake/cmake)
[2.185s] -- Found python_cmake_module: 0.10.0 (/opt/ros/humble/share/python_cmake_module/cmake)
[2.197s] -- Using PYTHON_EXECUTABLE: /usr/bin/python3
[2.197s] -- Using PYTHON_INCLUDE_DIRS: /usr/include/python3.10
[2.197s] -- Using PYTHON_LIBRARIES: /usr/lib/x86_64-linux-gnu/libpython3.10.so
[2.202s] -- Added test 'cppcheck' to perform static code analysis on C / C++ code
[2.202s] -- Configured cppcheck include dirs: /home/steven/ws_moveit2/src/moveit2/moveit_planners/pilz_industrial_motion_planner/include
[2.202s] -- Configured cppcheck exclude dirs and/or files: 
[2.203s] -- Added test 'pep257' to check Python code against some of the docstring style conventions in PEP 257
[2.203s] -- Added test 'xmllint' to check XML markup files
[2.204s] -- Configuring done
[2.420s] -- Generating done
[2.422s] -- Build files have been written to: /home/steven/ws_moveit2/build/pilz_industrial_motion_planner
[2.444s] Invoked command in '/home/steven/ws_moveit2/build/pilz_industrial_motion_planner' returned '0': AMENT_PREFIX_PATH=/home/steven/ws_moveit2/install/moveit_resources_prbt_pg70_support:/home/steven/ws_moveit2/install/moveit_ros_planning_interface:/home/steven/ws_moveit2/install/moveit_resources_prbt_moveit_config:/home/steven/ws_moveit2/install/moveit_ros_move_group:/home/steven/ws_moveit2/install/moveit_ros_warehouse:/home/steven/ws_moveit2/install/moveit_kinematics:/home/steven/ws_moveit2/install/moveit_ros_planning:/home/steven/ws_moveit2/install/pilz_industrial_motion_planner_testutils:/home/steven/ws_moveit2/install/moveit_ros_occupancy_map_monitor:/home/steven/ws_moveit2/install/moveit_resources_prbt_ikfast_manipulator_plugin:/home/steven/ws_moveit2/install/moveit_core:/home/steven/ws_moveit2/install/moveit_resources_panda_moveit_config:/home/steven/ws_moveit2/install/moveit_configs_utils:/home/steven/ws_moveit2/install/srdfdom:/home/steven/ws_moveit2/install/moveit_resources_prbt_support:/home/steven/ws_moveit2/install/moveit_resources_panda_description:/home/steven/ws_moveit2/install/moveit_common:/home/steven/ws_moveit2/install/launch_param_builder:${AMENT_PREFIX_PATH} CMAKE_PREFIX_PATH=/home/steven/ws_moveit2/install/moveit_resources_prbt_pg70_support:/home/steven/ws_moveit2/install/moveit_ros_planning_interface:/home/steven/ws_moveit2/install/moveit_resources_prbt_moveit_config:/home/steven/ws_moveit2/install/moveit_ros_move_group:/home/steven/ws_moveit2/install/moveit_ros_warehouse:/home/steven/ws_moveit2/install/moveit_kinematics:/home/steven/ws_moveit2/install/moveit_ros_planning:/home/steven/ws_moveit2/install/pilz_industrial_motion_planner_testutils:/home/steven/ws_moveit2/install/moveit_ros_occupancy_map_monitor:/home/steven/ws_moveit2/install/moveit_resources_prbt_ikfast_manipulator_plugin:/home/steven/ws_moveit2/install/moveit_core:/home/steven/ws_moveit2/install/moveit_resources_panda_moveit_config:/home/steven/ws_moveit2/install/srdfdom:/home/steven/ws_moveit2/install/moveit_resources_prbt_support:/home/steven/ws_moveit2/install/moveit_resources_panda_description:/home/steven/ws_moveit2/install/moveit_common:/opt/ros/humble LD_LIBRARY_PATH=/home/steven/ws_moveit2/install/moveit_ros_planning_interface/lib:/home/steven/ws_moveit2/install/moveit_ros_move_group/lib:/home/steven/ws_moveit2/install/moveit_ros_warehouse/lib:/home/steven/ws_moveit2/install/moveit_kinematics/lib:/home/steven/ws_moveit2/install/moveit_ros_planning/lib:/home/steven/ws_moveit2/install/pilz_industrial_motion_planner_testutils/lib:/home/steven/ws_moveit2/install/moveit_ros_occupancy_map_monitor/lib:/home/steven/ws_moveit2/install/moveit_resources_prbt_ikfast_manipulator_plugin/lib:/home/steven/ws_moveit2/install/moveit_core/lib:/home/steven/ws_moveit2/install/srdfdom/lib:/opt/ros/humble/opt/rviz_ogre_vendor/lib:/opt/ros/humble/lib/x86_64-linux-gnu:/opt/ros/humble/lib:/usr/local/cuda-12.3/lib64 PATH=/home/steven/ws_moveit2/install/moveit_core/bin:${PATH} PYTHONPATH=/home/steven/ws_moveit2/install/moveit_configs_utils/lib/python3.10/site-packages:/home/steven/ws_moveit2/install/srdfdom/local/lib/python3.10/dist-packages:/home/steven/ws_moveit2/install/launch_param_builder/lib/python3.10/site-packages:${PYTHONPATH} /usr/bin/cmake /home/steven/ws_moveit2/src/moveit2/moveit_planners/pilz_industrial_motion_planner -DCMAKE_BUILD_TYPE=Release -DCMAKE_INSTALL_PREFIX=/home/steven/ws_moveit2/install/pilz_industrial_motion_planner
[2.445s] Invoking command in '/home/steven/ws_moveit2/build/pilz_industrial_motion_planner': AMENT_PREFIX_PATH=/home/steven/ws_moveit2/install/moveit_resources_prbt_pg70_support:/home/steven/ws_moveit2/install/moveit_ros_planning_interface:/home/steven/ws_moveit2/install/moveit_resources_prbt_moveit_config:/home/steven/ws_moveit2/install/moveit_ros_move_group:/home/steven/ws_moveit2/install/moveit_ros_warehouse:/home/steven/ws_moveit2/install/moveit_kinematics:/home/steven/ws_moveit2/install/moveit_ros_planning:/home/steven/ws_moveit2/install/pilz_industrial_motion_planner_testutils:/home/steven/ws_moveit2/install/moveit_ros_occupancy_map_monitor:/home/steven/ws_moveit2/install/moveit_resources_prbt_ikfast_manipulator_plugin:/home/steven/ws_moveit2/install/moveit_core:/home/steven/ws_moveit2/install/moveit_resources_panda_moveit_config:/home/steven/ws_moveit2/install/moveit_configs_utils:/home/steven/ws_moveit2/install/srdfdom:/home/steven/ws_moveit2/install/moveit_resources_prbt_support:/home/steven/ws_moveit2/install/moveit_resources_panda_description:/home/steven/ws_moveit2/install/moveit_common:/home/steven/ws_moveit2/install/launch_param_builder:${AMENT_PREFIX_PATH} CMAKE_PREFIX_PATH=/home/steven/ws_moveit2/install/moveit_resources_prbt_pg70_support:/home/steven/ws_moveit2/install/moveit_ros_planning_interface:/home/steven/ws_moveit2/install/moveit_resources_prbt_moveit_config:/home/steven/ws_moveit2/install/moveit_ros_move_group:/home/steven/ws_moveit2/install/moveit_ros_warehouse:/home/steven/ws_moveit2/install/moveit_kinematics:/home/steven/ws_moveit2/install/moveit_ros_planning:/home/steven/ws_moveit2/install/pilz_industrial_motion_planner_testutils:/home/steven/ws_moveit2/install/moveit_ros_occupancy_map_monitor:/home/steven/ws_moveit2/install/moveit_resources_prbt_ikfast_manipulator_plugin:/home/steven/ws_moveit2/install/moveit_core:/home/steven/ws_moveit2/install/moveit_resources_panda_moveit_config:/home/steven/ws_moveit2/install/srdfdom:/home/steven/ws_moveit2/install/moveit_resources_prbt_support:/home/steven/ws_moveit2/install/moveit_resources_panda_description:/home/steven/ws_moveit2/install/moveit_common:/opt/ros/humble LD_LIBRARY_PATH=/home/steven/ws_moveit2/install/moveit_ros_planning_interface/lib:/home/steven/ws_moveit2/install/moveit_ros_move_group/lib:/home/steven/ws_moveit2/install/moveit_ros_warehouse/lib:/home/steven/ws_moveit2/install/moveit_kinematics/lib:/home/steven/ws_moveit2/install/moveit_ros_planning/lib:/home/steven/ws_moveit2/install/pilz_industrial_motion_planner_testutils/lib:/home/steven/ws_moveit2/install/moveit_ros_occupancy_map_monitor/lib:/home/steven/ws_moveit2/install/moveit_resources_prbt_ikfast_manipulator_plugin/lib:/home/steven/ws_moveit2/install/moveit_core/lib:/home/steven/ws_moveit2/install/srdfdom/lib:/opt/ros/humble/opt/rviz_ogre_vendor/lib:/opt/ros/humble/lib/x86_64-linux-gnu:/opt/ros/humble/lib:/usr/local/cuda-12.3/lib64 PATH=/home/steven/ws_moveit2/install/moveit_core/bin:${PATH} PYTHONPATH=/home/steven/ws_moveit2/install/moveit_configs_utils/lib/python3.10/site-packages:/home/steven/ws_moveit2/install/srdfdom/local/lib/python3.10/dist-packages:/home/steven/ws_moveit2/install/launch_param_builder/lib/python3.10/site-packages:${PYTHONPATH} /usr/bin/cmake --build /home/steven/ws_moveit2/build/pilz_industrial_motion_planner -- -j32 -l32
[2.477s] [  1%] [32mBuilding CXX object CMakeFiles/planning_context_loader_base.dir/src/planning_context_loader.cpp.o[0m
[2.481s] [  3%] [32mBuilding CXX object CMakeFiles/joint_limits_common.dir/src/limits_container.cpp.o[0m
[2.482s] [  6%] [32mBuilding CXX object gtest/CMakeFiles/gtest_main.dir/src/gtest_main.cc.o[0m
[2.482s] [  8%] [32mBuilding CXX object CMakeFiles/joint_limits_common.dir/src/joint_limits_validator.cpp.o[0m
[2.482s] [  8%] [32mBuilding CXX object CMakeFiles/trajectory_generation_common.dir/src/trajectory_functions.cpp.o[0m
[2.482s] [  8%] [32mBuilding CXX object gtest/CMakeFiles/gtest.dir/src/gtest-all.cc.o[0m
[2.482s] [  8%] [32mBuilding CXX object CMakeFiles/joint_limits_common.dir/src/joint_limits_aggregator.cpp.o[0m
[2.482s] [  9%] [32mBuilding CXX object CMakeFiles/joint_limits_common.dir/src/joint_limits_container.cpp.o[0m
[2.482s] [ 10%] [32mBuilding CXX object CMakeFiles/joint_limits_common.dir/src/cartesian_limits_aggregator.cpp.o[0m
[2.482s] [ 12%] [32mBuilding CXX object gmock/CMakeFiles/gmock.dir/opt/ros/humble/src/gtest_vendor/src/gtest-all.cc.o[0m
[2.482s] [ 13%] [32mBuilding CXX object CMakeFiles/trajectory_generation_common.dir/src/trajectory_generator.cpp.o[0m
[2.482s] [ 18%] [32mBuilding CXX object CMakeFiles/trajectory_generation_common.dir/src/trajectory_blender_transition_window.cpp.o[0m
[2.483s] [ 18%] [32mBuilding CXX object gmock/CMakeFiles/gmock_main.dir/src/gmock_main.cc.o[0m
[2.483s] [ 18%] [32mBuilding CXX object gmock/CMakeFiles/gmock.dir/src/gmock-all.cc.o[0m
[2.483s] [ 18%] [32mBuilding CXX object CMakeFiles/joint_limits_common.dir/src/cartesian_limit.cpp.o[0m
[3.268s] [ 19%] [32m[1mLinking CXX static library libgtest_main.a[0m
[3.300s] [ 19%] Built target gtest_main
[3.446s] [ 20%] [32m[1mLinking CXX static library libgmock_main.a[0m
[3.467s] [ 20%] Built target gmock_main
[8.435s] [ 21%] [32m[1mLinking CXX shared library libjoint_limits_common.so[0m
[8.994s] [ 21%] Built target joint_limits_common
[9.000s] [ 22%] [32m[1mLinking CXX shared library libplanning_context_loader_base.so[0m
[9.052s] [ 24%] [32m[1mLinking CXX static library libgtest.a[0m
[9.091s] [ 24%] Built target gtest
[9.115s] [ 28%] [32mBuilding CXX object test/unit_tests/CMakeFiles/unittest_joint_limits_validator.dir/src/unittest_joint_limits_validator.cpp.o[0m
[9.115s] [ 28%] [32mBuilding CXX object test/unit_tests/CMakeFiles/unittest_joint_limits_container.dir/src/unittest_joint_limits_container.cpp.o[0m
[9.115s] [ 28%] [32mBuilding CXX object test/unit_tests/CMakeFiles/unittest_cartesian_limits_aggregator.dir/src/unittest_cartesian_limits_aggregator.cpp.o[0m
[9.116s] [ 28%] [32mBuilding CXX object test/unit_tests/CMakeFiles/unittest_joint_limits_aggregator.dir/src/unittest_joint_limits_aggregator.cpp.o[0m
[9.116s] [ 30%] [32mBuilding CXX object test/unit_tests/CMakeFiles/unittest_joint_limit.dir/src/unittest_joint_limit.cpp.o[0m
[9.120s] [ 31%] [32m[1mLinking CXX static library libgmock.a[0m
[9.160s] [ 31%] Built target gmock
[10.229s] [ 32%] [32m[1mLinking CXX executable unittest_joint_limits_container[0m
[10.350s] [ 32%] Built target unittest_joint_limits_container
[10.893s] [ 33%] [32m[1mLinking CXX executable unittest_joint_limits_validator[0m
[11.079s] [ 33%] Built target unittest_joint_limits_validator
[11.140s] [ 34%] [32m[1mLinking CXX executable unittest_cartesian_limits_aggregator[0m
[11.373s] [ 34%] Built target unittest_cartesian_limits_aggregator
[11.544s] [ 36%] [32m[1mLinking CXX shared library libtrajectory_generation_common.so[0m
[11.674s] [ 36%] Built target trajectory_generation_common
[11.687s] [ 37%] [32mBuilding CXX object CMakeFiles/command_list_manager.dir/src/plan_components_builder.cpp.o[0m
[11.689s] [ 38%] [32mBuilding CXX object CMakeFiles/command_list_manager.dir/src/command_list_manager.cpp.o[0m
[11.692s] [ 39%] [32mBuilding CXX object test/CMakeFiles/pilz_industrial_motion_planner_test_utils.dir/test_utils.cpp.o[0m
[13.175s] [ 40%] [32m[1mLinking CXX executable unittest_joint_limit[0m
[13.425s] [ 40%] Built target unittest_joint_limit
[16.164s] [ 42%] [32m[1mLinking CXX executable unittest_joint_limits_aggregator[0m
[16.432s] [ 42%] Built target unittest_joint_limits_aggregator
[16.452s] [ 42%] Built target planning_context_loader_base
[16.464s] [ 43%] [32mBuilding CXX object CMakeFiles/pilz_industrial_motion_planner.dir/src/pilz_industrial_motion_planner.cpp.o[0m
[16.471s] [ 46%] [32mBuilding CXX object CMakeFiles/planning_context_loader_circ.dir/src/path_circle_generator.cpp.o[0m
[16.471s] [ 46%] [32mBuilding CXX object CMakeFiles/planning_context_loader_ptp.dir/src/trajectory_generator_ptp.cpp.o[0m
[16.471s] [ 46%] [32mBuilding CXX object CMakeFiles/planning_context_loader_lin.dir/src/trajectory_generator_lin.cpp.o[0m
[16.471s] [ 49%] [32mBuilding CXX object CMakeFiles/planning_context_loader_lin.dir/src/planning_context_loader_lin.cpp.o[0m
[16.471s] [ 50%] [32mBuilding CXX object CMakeFiles/planning_context_loader_circ.dir/src/trajectory_generator_circ.cpp.o[0m
[16.471s] [ 51%] [32mBuilding CXX object CMakeFiles/planning_context_loader_ptp.dir/src/velocity_profile_atrap.cpp.o[0m
[16.471s] [ 53%] [32mBuilding CXX object CMakeFiles/planning_context_loader_ptp.dir/src/planning_context_loader_ptp.cpp.o[0m
[16.471s] [ 54%] [32mBuilding CXX object CMakeFiles/planning_context_loader_circ.dir/src/planning_context_loader_circ.cpp.o[0m
[16.471s] [ 54%] [32mBuilding CXX object CMakeFiles/planning_context_loader_lin.dir/src/velocity_profile_atrap.cpp.o[0m
[21.463s] [ 55%] [32m[1mLinking CXX shared library libcommand_list_manager.so[0m
[21.642s] [ 55%] Built target command_list_manager
[21.663s] [ 57%] [32mBuilding CXX object CMakeFiles/sequence_capability.dir/src/move_group_sequence_service.cpp.o[0m
[21.663s] [ 57%] [32mBuilding CXX object CMakeFiles/sequence_capability.dir/src/move_group_sequence_action.cpp.o[0m
[23.542s] [ 59%] [32m[1mLinking CXX shared library libpilz_industrial_motion_planner.so[0m
[23.664s] [ 59%] Built target pilz_industrial_motion_planner
[23.678s] [ 60%] [32mBuilding CXX object test/unit_tests/CMakeFiles/unittest_velocity_profile_atrap.dir/__/__/src/velocity_profile_atrap.cpp.o[0m
[23.680s] [ 61%] [32mBuilding CXX object test/unit_tests/CMakeFiles/unittest_velocity_profile_atrap.dir/src/unittest_velocity_profile_atrap.cpp.o[0m
[23.684s] [ 62%] [32mBuilding CXX object test/unit_tests/CMakeFiles/unittest_trajectory_generator.dir/src/unittest_trajectory_generator.cpp.o[0m
[23.684s] [ 66%] [32mBuilding CXX object test/unit_tests/CMakeFiles/unittest_pilz_industrial_motion_planner.dir/src/unittest_pilz_industrial_motion_planner.cpp.o[0m
[23.684s] [ 66%] [32mBuilding CXX object test/unit_tests/CMakeFiles/unittest_trajectory_generator.dir/__/__/src/trajectory_generator.cpp.o[0m
[23.684s] [ 66%] [32mBuilding CXX object test/unit_tests/CMakeFiles/unittest_get_solver_tip_frame.dir/src/unittest_get_solver_tip_frame.cpp.o[0m
[24.561s] [ 67%] [32m[1mLinking CXX shared library libplanning_context_loader_circ.so[0m
[24.778s] [ 67%] Built target planning_context_loader_circ
[25.416s] [ 69%] [32m[1mLinking CXX shared library libplanning_context_loader_ptp.so[0m
[25.416s] [ 69%] [32m[1mLinking CXX shared library libplanning_context_loader_lin.so[0m
[25.537s] [ 71%] [32m[1mLinking CXX static library libpilz_industrial_motion_planner_test_utils.a[0m
[25.574s] [ 71%] Built target pilz_industrial_motion_planner_test_utils
[25.598s] [ 74%] [32mBuilding CXX object test/unit_tests/CMakeFiles/unittest_trajectory_functions.dir/src/unittest_trajectory_functions.cpp.o[0m
[25.598s] [ 74%] [32mBuilding CXX object test/unit_tests/CMakeFiles/unittest_planning_context_loaders.dir/src/unittest_planning_context_loaders.cpp.o[0m
[25.598s] [ 74%] [32mBuilding CXX object test/unit_tests/CMakeFiles/unittest_trajectory_generator_circ.dir/src/unittest_trajectory_generator_circ.cpp.o[0m
[25.647s] [ 74%] Built target planning_context_loader_ptp
[25.647s] [ 74%] Built target planning_context_loader_lin
[25.668s] [ 81%] [32mBuilding CXX object test/unit_tests/CMakeFiles/unittest_trajectory_generator_lin.dir/src/unittest_trajectory_generator_lin.cpp.o[0m
[25.668s] [ 81%] [32mBuilding CXX object test/unit_tests/CMakeFiles/unittest_trajectory_blender_transition_window.dir/src/unittest_trajectory_blender_transition_window.cpp.o[0m
[25.668s] [ 81%] [32mBuilding CXX object test/unit_tests/CMakeFiles/unittest_trajectory_generator_ptp.dir/src/unittest_trajectory_generator_ptp.cpp.o[0m
[25.668s] [ 81%] [32mBuilding CXX object test/unit_tests/CMakeFiles/unittest_trajectory_generator_common.dir/src/unittest_trajectory_generator_common.cpp.o[0m
[25.668s] [ 81%] [32mBuilding CXX object test/unit_tests/CMakeFiles/unittest_pilz_industrial_motion_planner_direct.dir/src/unittest_pilz_industrial_motion_planner_direct.cpp.o[0m
[25.668s] [ 81%] [32mBuilding CXX object test/unit_tests/CMakeFiles/unittest_trajectory_blender_transition_window.dir/__/__/src/trajectory_blender_transition_window.cpp.o[0m
[25.668s] [ 83%] [32mBuilding CXX object test/unit_tests/CMakeFiles/unittest_planning_context.dir/src/unittest_planning_context.cpp.o[0m
[26.422s] [ 84%] [32m[1mLinking CXX executable unittest_velocity_profile_atrap[0m
[26.643s] [ 84%] Built target unittest_velocity_profile_atrap
[28.496s] [ 85%] [32m[1mLinking CXX executable unittest_get_solver_tip_frame[0m
[28.633s] [ 85%] Built target unittest_get_solver_tip_frame
[33.444s] [ 86%] [32m[1mLinking CXX executable unittest_trajectory_generator[0m
[33.447s] [ 87%] [32m[1mLinking CXX executable unittest_pilz_industrial_motion_planner_direct[0m
[33.678s] [ 87%] Built target unittest_trajectory_generator
[33.763s] [ 87%] Built target unittest_pilz_industrial_motion_planner_direct
[35.106s] [ 89%] [32m[1mLinking CXX shared library libsequence_capability.so[0m
[35.333s] [ 89%] Built target sequence_capability
[35.819s] [ 90%] [32m[1mLinking CXX executable unittest_planning_context_loaders[0m
[35.882s] [ 91%] [32m[1mLinking CXX executable unittest_trajectory_generator_common[0m
[36.027s] [ 91%] Built target unittest_planning_context_loaders
[36.112s] [ 91%] Built target unittest_trajectory_generator_common
[36.784s] [ 92%] [32m[1mLinking CXX executable unittest_pilz_industrial_motion_planner[0m
[36.957s] [ 92%] Built target unittest_pilz_industrial_motion_planner
[37.221s] [ 93%] [32m[1mLinking CXX executable unittest_trajectory_functions[0m
[37.237s] [ 95%] [32m[1mLinking CXX executable unittest_trajectory_generator_lin[0m
[37.325s] [ 96%] [32m[1mLinking CXX executable unittest_planning_context[0m
[37.434s] [ 96%] Built target unittest_trajectory_generator_lin
[37.508s] [ 96%] Built target unittest_trajectory_functions
[37.527s] [ 96%] Built target unittest_planning_context
[37.687s] [ 97%] [32m[1mLinking CXX executable unittest_trajectory_blender_transition_window[0m
[37.876s] [ 97%] Built target unittest_trajectory_blender_transition_window
[38.286s] [ 98%] [32m[1mLinking CXX executable unittest_trajectory_generator_ptp[0m
[38.467s] [ 98%] Built target unittest_trajectory_generator_ptp
[38.906s] [100%] [32m[1mLinking CXX executable unittest_trajectory_generator_circ[0m
[39.089s] [100%] Built target unittest_trajectory_generator_circ
[39.096s] Invoked command in '/home/steven/ws_moveit2/build/pilz_industrial_motion_planner' returned '0': AMENT_PREFIX_PATH=/home/steven/ws_moveit2/install/moveit_resources_prbt_pg70_support:/home/steven/ws_moveit2/install/moveit_ros_planning_interface:/home/steven/ws_moveit2/install/moveit_resources_prbt_moveit_config:/home/steven/ws_moveit2/install/moveit_ros_move_group:/home/steven/ws_moveit2/install/moveit_ros_warehouse:/home/steven/ws_moveit2/install/moveit_kinematics:/home/steven/ws_moveit2/install/moveit_ros_planning:/home/steven/ws_moveit2/install/pilz_industrial_motion_planner_testutils:/home/steven/ws_moveit2/install/moveit_ros_occupancy_map_monitor:/home/steven/ws_moveit2/install/moveit_resources_prbt_ikfast_manipulator_plugin:/home/steven/ws_moveit2/install/moveit_core:/home/steven/ws_moveit2/install/moveit_resources_panda_moveit_config:/home/steven/ws_moveit2/install/moveit_configs_utils:/home/steven/ws_moveit2/install/srdfdom:/home/steven/ws_moveit2/install/moveit_resources_prbt_support:/home/steven/ws_moveit2/install/moveit_resources_panda_description:/home/steven/ws_moveit2/install/moveit_common:/home/steven/ws_moveit2/install/launch_param_builder:${AMENT_PREFIX_PATH} CMAKE_PREFIX_PATH=/home/steven/ws_moveit2/install/moveit_resources_prbt_pg70_support:/home/steven/ws_moveit2/install/moveit_ros_planning_interface:/home/steven/ws_moveit2/install/moveit_resources_prbt_moveit_config:/home/steven/ws_moveit2/install/moveit_ros_move_group:/home/steven/ws_moveit2/install/moveit_ros_warehouse:/home/steven/ws_moveit2/install/moveit_kinematics:/home/steven/ws_moveit2/install/moveit_ros_planning:/home/steven/ws_moveit2/install/pilz_industrial_motion_planner_testutils:/home/steven/ws_moveit2/install/moveit_ros_occupancy_map_monitor:/home/steven/ws_moveit2/install/moveit_resources_prbt_ikfast_manipulator_plugin:/home/steven/ws_moveit2/install/moveit_core:/home/steven/ws_moveit2/install/moveit_resources_panda_moveit_config:/home/steven/ws_moveit2/install/srdfdom:/home/steven/ws_moveit2/install/moveit_resources_prbt_support:/home/steven/ws_moveit2/install/moveit_resources_panda_description:/home/steven/ws_moveit2/install/moveit_common:/opt/ros/humble LD_LIBRARY_PATH=/home/steven/ws_moveit2/install/moveit_ros_planning_interface/lib:/home/steven/ws_moveit2/install/moveit_ros_move_group/lib:/home/steven/ws_moveit2/install/moveit_ros_warehouse/lib:/home/steven/ws_moveit2/install/moveit_kinematics/lib:/home/steven/ws_moveit2/install/moveit_ros_planning/lib:/home/steven/ws_moveit2/install/pilz_industrial_motion_planner_testutils/lib:/home/steven/ws_moveit2/install/moveit_ros_occupancy_map_monitor/lib:/home/steven/ws_moveit2/install/moveit_resources_prbt_ikfast_manipulator_plugin/lib:/home/steven/ws_moveit2/install/moveit_core/lib:/home/steven/ws_moveit2/install/srdfdom/lib:/opt/ros/humble/opt/rviz_ogre_vendor/lib:/opt/ros/humble/lib/x86_64-linux-gnu:/opt/ros/humble/lib:/usr/local/cuda-12.3/lib64 PATH=/home/steven/ws_moveit2/install/moveit_core/bin:${PATH} PYTHONPATH=/home/steven/ws_moveit2/install/moveit_configs_utils/lib/python3.10/site-packages:/home/steven/ws_moveit2/install/srdfdom/local/lib/python3.10/dist-packages:/home/steven/ws_moveit2/install/launch_param_builder/lib/python3.10/site-packages:${PYTHONPATH} /usr/bin/cmake --build /home/steven/ws_moveit2/build/pilz_industrial_motion_planner -- -j32 -l32
[39.130s] Invoking command in '/home/steven/ws_moveit2/build/pilz_industrial_motion_planner': AMENT_PREFIX_PATH=/home/steven/ws_moveit2/install/moveit_resources_prbt_pg70_support:/home/steven/ws_moveit2/install/moveit_ros_planning_interface:/home/steven/ws_moveit2/install/moveit_resources_prbt_moveit_config:/home/steven/ws_moveit2/install/moveit_ros_move_group:/home/steven/ws_moveit2/install/moveit_ros_warehouse:/home/steven/ws_moveit2/install/moveit_kinematics:/home/steven/ws_moveit2/install/moveit_ros_planning:/home/steven/ws_moveit2/install/pilz_industrial_motion_planner_testutils:/home/steven/ws_moveit2/install/moveit_ros_occupancy_map_monitor:/home/steven/ws_moveit2/install/moveit_resources_prbt_ikfast_manipulator_plugin:/home/steven/ws_moveit2/install/moveit_core:/home/steven/ws_moveit2/install/moveit_resources_panda_moveit_config:/home/steven/ws_moveit2/install/moveit_configs_utils:/home/steven/ws_moveit2/install/srdfdom:/home/steven/ws_moveit2/install/moveit_resources_prbt_support:/home/steven/ws_moveit2/install/moveit_resources_panda_description:/home/steven/ws_moveit2/install/moveit_common:/home/steven/ws_moveit2/install/launch_param_builder:${AMENT_PREFIX_PATH} CMAKE_PREFIX_PATH=/home/steven/ws_moveit2/install/moveit_resources_prbt_pg70_support:/home/steven/ws_moveit2/install/moveit_ros_planning_interface:/home/steven/ws_moveit2/install/moveit_resources_prbt_moveit_config:/home/steven/ws_moveit2/install/moveit_ros_move_group:/home/steven/ws_moveit2/install/moveit_ros_warehouse:/home/steven/ws_moveit2/install/moveit_kinematics:/home/steven/ws_moveit2/install/moveit_ros_planning:/home/steven/ws_moveit2/install/pilz_industrial_motion_planner_testutils:/home/steven/ws_moveit2/install/moveit_ros_occupancy_map_monitor:/home/steven/ws_moveit2/install/moveit_resources_prbt_ikfast_manipulator_plugin:/home/steven/ws_moveit2/install/moveit_core:/home/steven/ws_moveit2/install/moveit_resources_panda_moveit_config:/home/steven/ws_moveit2/install/srdfdom:/home/steven/ws_moveit2/install/moveit_resources_prbt_support:/home/steven/ws_moveit2/install/moveit_resources_panda_description:/home/steven/ws_moveit2/install/moveit_common:/opt/ros/humble LD_LIBRARY_PATH=/home/steven/ws_moveit2/install/moveit_ros_planning_interface/lib:/home/steven/ws_moveit2/install/moveit_ros_move_group/lib:/home/steven/ws_moveit2/install/moveit_ros_warehouse/lib:/home/steven/ws_moveit2/install/moveit_kinematics/lib:/home/steven/ws_moveit2/install/moveit_ros_planning/lib:/home/steven/ws_moveit2/install/pilz_industrial_motion_planner_testutils/lib:/home/steven/ws_moveit2/install/moveit_ros_occupancy_map_monitor/lib:/home/steven/ws_moveit2/install/moveit_resources_prbt_ikfast_manipulator_plugin/lib:/home/steven/ws_moveit2/install/moveit_core/lib:/home/steven/ws_moveit2/install/srdfdom/lib:/opt/ros/humble/opt/rviz_ogre_vendor/lib:/opt/ros/humble/lib/x86_64-linux-gnu:/opt/ros/humble/lib:/usr/local/cuda-12.3/lib64 PATH=/home/steven/ws_moveit2/install/moveit_core/bin:${PATH} PYTHONPATH=/home/steven/ws_moveit2/install/moveit_configs_utils/lib/python3.10/site-packages:/home/steven/ws_moveit2/install/srdfdom/local/lib/python3.10/dist-packages:/home/steven/ws_moveit2/install/launch_param_builder/lib/python3.10/site-packages:${PYTHONPATH} /usr/bin/cmake --install /home/steven/ws_moveit2/build/pilz_industrial_motion_planner
[39.134s] -- Install configuration: "Release"
[39.134s] -- Installing: /home/steven/ws_moveit2/install/pilz_industrial_motion_planner/share/pilz_industrial_motion_planner/plugins/pilz_industrial_motion_planner_plugin_description.xml
[39.134s] -- Installing: /home/steven/ws_moveit2/install/pilz_industrial_motion_planner/share/pilz_industrial_motion_planner/plugins/sequence_capability_plugin_description.xml
[39.134s] -- Installing: /home/steven/ws_moveit2/install/pilz_industrial_motion_planner/share/pilz_industrial_motion_planner/plugins/planning_context_plugin_description.xml
[39.134s] -- Installing: /home/steven/ws_moveit2/install/pilz_industrial_motion_planner/lib/libpilz_industrial_motion_planner.so
[39.134s] -- Set runtime path of "/home/steven/ws_moveit2/install/pilz_industrial_motion_planner/lib/libpilz_industrial_motion_planner.so" to ""
[39.135s] -- Installing: /home/steven/ws_moveit2/install/pilz_industrial_motion_planner/lib/libjoint_limits_common.so
[39.135s] -- Set runtime path of "/home/steven/ws_moveit2/install/pilz_industrial_motion_planner/lib/libjoint_limits_common.so" to ""
[39.135s] -- Installing: /home/steven/ws_moveit2/install/pilz_industrial_motion_planner/lib/libplanning_context_loader_base.so
[39.135s] -- Set runtime path of "/home/steven/ws_moveit2/install/pilz_industrial_motion_planner/lib/libplanning_context_loader_base.so" to ""
[39.135s] -- Installing: /home/steven/ws_moveit2/install/pilz_industrial_motion_planner/lib/libplanning_context_loader_ptp.so
[39.135s] -- Set runtime path of "/home/steven/ws_moveit2/install/pilz_industrial_motion_planner/lib/libplanning_context_loader_ptp.so" to ""
[39.135s] -- Installing: /home/steven/ws_moveit2/install/pilz_industrial_motion_planner/lib/libplanning_context_loader_lin.so
[39.135s] -- Set runtime path of "/home/steven/ws_moveit2/install/pilz_industrial_motion_planner/lib/libplanning_context_loader_lin.so" to ""
[39.135s] -- Installing: /home/steven/ws_moveit2/install/pilz_industrial_motion_planner/lib/libplanning_context_loader_circ.so
[39.135s] -- Set runtime path of "/home/steven/ws_moveit2/install/pilz_industrial_motion_planner/lib/libplanning_context_loader_circ.so" to ""
[39.135s] -- Installing: /home/steven/ws_moveit2/install/pilz_industrial_motion_planner/lib/libcommand_list_manager.so
[39.135s] -- Set runtime path of "/home/steven/ws_moveit2/install/pilz_industrial_motion_planner/lib/libcommand_list_manager.so" to ""
[39.135s] -- Installing: /home/steven/ws_moveit2/install/pilz_industrial_motion_planner/lib/libsequence_capability.so
[39.136s] -- Set runtime path of "/home/steven/ws_moveit2/install/pilz_industrial_motion_planner/lib/libsequence_capability.so" to ""
[39.136s] -- Installing: /home/steven/ws_moveit2/install/pilz_industrial_motion_planner/lib/libtrajectory_generation_common.so
[39.136s] -- Set runtime path of "/home/steven/ws_moveit2/install/pilz_industrial_motion_planner/lib/libtrajectory_generation_common.so" to ""
[39.136s] -- Installing: /home/steven/ws_moveit2/install/pilz_industrial_motion_planner/include
[39.136s] -- Installing: /home/steven/ws_moveit2/install/pilz_industrial_motion_planner/include/pilz_industrial_motion_planner
[39.136s] -- Installing: /home/steven/ws_moveit2/install/pilz_industrial_motion_planner/include/pilz_industrial_motion_planner/trajectory_blender_transition_window.h
[39.136s] -- Installing: /home/steven/ws_moveit2/install/pilz_industrial_motion_planner/include/pilz_industrial_motion_planner/joint_limits_extension.h
[39.136s] -- Installing: /home/steven/ws_moveit2/install/pilz_industrial_motion_planner/include/pilz_industrial_motion_planner/planning_context_lin.h
[39.136s] -- Installing: /home/steven/ws_moveit2/install/pilz_industrial_motion_planner/include/pilz_industrial_motion_planner/planning_context_loader.h
[39.136s] -- Installing: /home/steven/ws_moveit2/install/pilz_industrial_motion_planner/include/pilz_industrial_motion_planner/planning_context_loader_lin.h
[39.136s] -- Installing: /home/steven/ws_moveit2/install/pilz_industrial_motion_planner/include/pilz_industrial_motion_planner/command_list_manager.h
[39.137s] -- Installing: /home/steven/ws_moveit2/install/pilz_industrial_motion_planner/include/pilz_industrial_motion_planner/trajectory_blend_response.h
[39.137s] -- Installing: /home/steven/ws_moveit2/install/pilz_industrial_motion_planner/include/pilz_industrial_motion_planner/trajectory_functions.h
[39.137s] -- Installing: /home/steven/ws_moveit2/install/pilz_industrial_motion_planner/include/pilz_industrial_motion_planner/trajectory_blender.h
[39.137s] -- Installing: /home/steven/ws_moveit2/install/pilz_industrial_motion_planner/include/pilz_industrial_motion_planner/cartesian_trajectory_point.h
[39.137s] -- Installing: /home/steven/ws_moveit2/install/pilz_industrial_motion_planner/include/pilz_industrial_motion_planner/pilz_industrial_motion_planner.h
[39.137s] -- Installing: /home/steven/ws_moveit2/install/pilz_industrial_motion_planner/include/pilz_industrial_motion_planner/cartesian_limit.h
[39.137s] -- Installing: /home/steven/ws_moveit2/install/pilz_industrial_motion_planner/include/pilz_industrial_motion_planner/trajectory_generation_exceptions.h
[39.137s] -- Installing: /home/steven/ws_moveit2/install/pilz_industrial_motion_planner/include/pilz_industrial_motion_planner/joint_limits_aggregator.h
[39.137s] -- Installing: /home/steven/ws_moveit2/install/pilz_industrial_motion_planner/include/pilz_industrial_motion_planner/path_circle_generator.h
[39.137s] -- Installing: /home/steven/ws_moveit2/install/pilz_industrial_motion_planner/include/pilz_industrial_motion_planner/trajectory_blend_request.h
[39.137s] -- Installing: /home/steven/ws_moveit2/install/pilz_industrial_motion_planner/include/pilz_industrial_motion_planner/trajectory_generator_ptp.h
[39.137s] -- Installing: /home/steven/ws_moveit2/install/pilz_industrial_motion_planner/include/pilz_industrial_motion_planner/planning_context_ptp.h
[39.137s] -- Installing: /home/steven/ws_moveit2/install/pilz_industrial_motion_planner/include/pilz_industrial_motion_planner/plan_components_builder.h
[39.137s] -- Installing: /home/steven/ws_moveit2/install/pilz_industrial_motion_planner/include/pilz_industrial_motion_planner/limits_container.h
[39.137s] -- Installing: /home/steven/ws_moveit2/install/pilz_industrial_motion_planner/include/pilz_industrial_motion_planner/planning_context_base.h
[39.137s] -- Installing: /home/steven/ws_moveit2/install/pilz_industrial_motion_planner/include/pilz_industrial_motion_planner/cartesian_limits_aggregator.h
[39.137s] -- Installing: /home/steven/ws_moveit2/install/pilz_industrial_motion_planner/include/pilz_industrial_motion_planner/trajectory_generator_circ.h
[39.137s] -- Installing: /home/steven/ws_moveit2/install/pilz_industrial_motion_planner/include/pilz_industrial_motion_planner/planning_context_loader_ptp.h
[39.137s] -- Installing: /home/steven/ws_moveit2/install/pilz_industrial_motion_planner/include/pilz_industrial_motion_planner/planning_exceptions.h
[39.138s] -- Installing: /home/steven/ws_moveit2/install/pilz_industrial_motion_planner/include/pilz_industrial_motion_planner/planning_context_loader_circ.h
[39.138s] -- Installing: /home/steven/ws_moveit2/install/pilz_industrial_motion_planner/include/pilz_industrial_motion_planner/joint_limits_container.h
[39.138s] -- Installing: /home/steven/ws_moveit2/install/pilz_industrial_motion_planner/include/pilz_industrial_motion_planner/trajectory_generator_lin.h
[39.138s] -- Installing: /home/steven/ws_moveit2/install/pilz_industrial_motion_planner/include/pilz_industrial_motion_planner/trajectory_generator.h
[39.138s] -- Installing: /home/steven/ws_moveit2/install/pilz_industrial_motion_planner/include/pilz_industrial_motion_planner/tip_frame_getter.h
[39.138s] -- Installing: /home/steven/ws_moveit2/install/pilz_industrial_motion_planner/include/pilz_industrial_motion_planner/move_group_sequence_action.h
[39.138s] -- Installing: /home/steven/ws_moveit2/install/pilz_industrial_motion_planner/include/pilz_industrial_motion_planner/joint_limits_interface_extension.h
[39.138s] -- Installing: /home/steven/ws_moveit2/install/pilz_industrial_motion_planner/include/pilz_industrial_motion_planner/velocity_profile_atrap.h
[39.138s] -- Installing: /home/steven/ws_moveit2/install/pilz_industrial_motion_planner/include/pilz_industrial_motion_planner/joint_limits_validator.h
[39.138s] -- Installing: /home/steven/ws_moveit2/install/pilz_industrial_motion_planner/include/pilz_industrial_motion_planner/planning_context_circ.h
[39.138s] -- Installing: /home/steven/ws_moveit2/install/pilz_industrial_motion_planner/include/pilz_industrial_motion_planner/capability_names.h
[39.138s] -- Installing: /home/steven/ws_moveit2/install/pilz_industrial_motion_planner/include/pilz_industrial_motion_planner/cartesian_trajectory.h
[39.138s] -- Installing: /home/steven/ws_moveit2/install/pilz_industrial_motion_planner/include/pilz_industrial_motion_planner/move_group_sequence_service.h
[39.138s] -- Installing: /home/steven/ws_moveit2/install/pilz_industrial_motion_planner/include/joint_limits_copy
[39.138s] -- Installing: /home/steven/ws_moveit2/install/pilz_industrial_motion_planner/include/joint_limits_copy/joint_limits.hpp
[39.138s] -- Installing: /home/steven/ws_moveit2/install/pilz_industrial_motion_planner/include/joint_limits_copy/joint_limits_rosparam.hpp
[39.138s] -- Installing: /home/steven/ws_moveit2/install/pilz_industrial_motion_planner/share/pilz_industrial_motion_planner/environment/library_path.sh
[39.138s] -- Installing: /home/steven/ws_moveit2/install/pilz_industrial_motion_planner/share/pilz_industrial_motion_planner/environment/library_path.dsv
[39.138s] -- Installing: /home/steven/ws_moveit2/install/pilz_industrial_motion_planner/lib/pilz_industrial_motion_planner/unittest_pilz_industrial_motion_planner_direct
[39.138s] -- Set runtime path of "/home/steven/ws_moveit2/install/pilz_industrial_motion_planner/lib/pilz_industrial_motion_planner/unittest_pilz_industrial_motion_planner_direct" to ""
[39.138s] -- Installing: /home/steven/ws_moveit2/install/pilz_industrial_motion_planner/lib/pilz_industrial_motion_planner/unittest_velocity_profile_atrap
[39.139s] -- Set runtime path of "/home/steven/ws_moveit2/install/pilz_industrial_motion_planner/lib/pilz_industrial_motion_planner/unittest_velocity_profile_atrap" to ""
[39.139s] -- Installing: /home/steven/ws_moveit2/install/pilz_industrial_motion_planner/lib/pilz_industrial_motion_planner/unittest_trajectory_generator
[39.139s] -- Set runtime path of "/home/steven/ws_moveit2/install/pilz_industrial_motion_planner/lib/pilz_industrial_motion_planner/unittest_trajectory_generator" to ""
[39.139s] -- Installing: /home/steven/ws_moveit2/install/pilz_industrial_motion_planner/lib/pilz_industrial_motion_planner/unittest_trajectory_functions
[39.140s] -- Set runtime path of "/home/steven/ws_moveit2/install/pilz_industrial_motion_planner/lib/pilz_industrial_motion_planner/unittest_trajectory_functions" to ""
[39.140s] -- Installing: /home/steven/ws_moveit2/install/pilz_industrial_motion_planner/lib/pilz_industrial_motion_planner/unittest_trajectory_blender_transition_window
[39.140s] -- Set runtime path of "/home/steven/ws_moveit2/install/pilz_industrial_motion_planner/lib/pilz_industrial_motion_planner/unittest_trajectory_blender_transition_window" to ""
[39.140s] -- Installing: /home/steven/ws_moveit2/install/pilz_industrial_motion_planner/lib/pilz_industrial_motion_planner/unittest_trajectory_generator_common
[39.141s] -- Set runtime path of "/home/steven/ws_moveit2/install/pilz_industrial_motion_planner/lib/pilz_industrial_motion_planner/unittest_trajectory_generator_common" to ""
[39.141s] -- Installing: /home/steven/ws_moveit2/install/pilz_industrial_motion_planner/lib/pilz_industrial_motion_planner/unittest_trajectory_generator_circ
[39.141s] -- Set runtime path of "/home/steven/ws_moveit2/install/pilz_industrial_motion_planner/lib/pilz_industrial_motion_planner/unittest_trajectory_generator_circ" to ""
[39.142s] -- Installing: /home/steven/ws_moveit2/install/pilz_industrial_motion_planner/lib/pilz_industrial_motion_planner/unittest_trajectory_generator_lin
[39.143s] -- Set runtime path of "/home/steven/ws_moveit2/install/pilz_industrial_motion_planner/lib/pilz_industrial_motion_planner/unittest_trajectory_generator_lin" to ""
[39.143s] -- Installing: /home/steven/ws_moveit2/install/pilz_industrial_motion_planner/lib/pilz_industrial_motion_planner/unittest_trajectory_generator_ptp
[39.143s] -- Set runtime path of "/home/steven/ws_moveit2/install/pilz_industrial_motion_planner/lib/pilz_industrial_motion_planner/unittest_trajectory_generator_ptp" to ""
[39.143s] -- Installing: /home/steven/ws_moveit2/install/pilz_industrial_motion_planner/lib/pilz_industrial_motion_planner/unittest_pilz_industrial_motion_planner
[39.144s] -- Set runtime path of "/home/steven/ws_moveit2/install/pilz_industrial_motion_planner/lib/pilz_industrial_motion_planner/unittest_pilz_industrial_motion_planner" to ""
[39.144s] -- Installing: /home/steven/ws_moveit2/install/pilz_industrial_motion_planner/lib/pilz_industrial_motion_planner/unittest_joint_limit
[39.144s] -- Set runtime path of "/home/steven/ws_moveit2/install/pilz_industrial_motion_planner/lib/pilz_industrial_motion_planner/unittest_joint_limit" to ""
[39.144s] -- Installing: /home/steven/ws_moveit2/install/pilz_industrial_motion_planner/lib/pilz_industrial_motion_planner/unittest_joint_limits_aggregator
[39.144s] -- Set runtime path of "/home/steven/ws_moveit2/install/pilz_industrial_motion_planner/lib/pilz_industrial_motion_planner/unittest_joint_limits_aggregator" to ""
[39.144s] -- Installing: /home/steven/ws_moveit2/install/pilz_industrial_motion_planner/lib/pilz_industrial_motion_planner/unittest_joint_limits_container
[39.145s] -- Set runtime path of "/home/steven/ws_moveit2/install/pilz_industrial_motion_planner/lib/pilz_industrial_motion_planner/unittest_joint_limits_container" to ""
[39.145s] -- Installing: /home/steven/ws_moveit2/install/pilz_industrial_motion_planner/lib/pilz_industrial_motion_planner/unittest_joint_limits_validator
[39.145s] -- Set runtime path of "/home/steven/ws_moveit2/install/pilz_industrial_motion_planner/lib/pilz_industrial_motion_planner/unittest_joint_limits_validator" to ""
[39.145s] -- Installing: /home/steven/ws_moveit2/install/pilz_industrial_motion_planner/lib/pilz_industrial_motion_planner/unittest_cartesian_limits_aggregator
[39.145s] -- Set runtime path of "/home/steven/ws_moveit2/install/pilz_industrial_motion_planner/lib/pilz_industrial_motion_planner/unittest_cartesian_limits_aggregator" to ""
[39.145s] -- Installing: /home/steven/ws_moveit2/install/pilz_industrial_motion_planner/lib/pilz_industrial_motion_planner/unittest_planning_context_loaders
[39.146s] -- Set runtime path of "/home/steven/ws_moveit2/install/pilz_industrial_motion_planner/lib/pilz_industrial_motion_planner/unittest_planning_context_loaders" to ""
[39.146s] -- Installing: /home/steven/ws_moveit2/install/pilz_industrial_motion_planner/lib/pilz_industrial_motion_planner/unittest_planning_context
[39.147s] -- Set runtime path of "/home/steven/ws_moveit2/install/pilz_industrial_motion_planner/lib/pilz_industrial_motion_planner/unittest_planning_context" to ""
[39.147s] -- Installing: /home/steven/ws_moveit2/install/pilz_industrial_motion_planner/lib/pilz_industrial_motion_planner/unittest_get_solver_tip_frame
[39.147s] -- Set runtime path of "/home/steven/ws_moveit2/install/pilz_industrial_motion_planner/lib/pilz_industrial_motion_planner/unittest_get_solver_tip_frame" to ""
[39.147s] -- Installing: /home/steven/ws_moveit2/install/pilz_industrial_motion_planner/share/pilz_industrial_motion_planner/config
[39.147s] -- Installing: /home/steven/ws_moveit2/install/pilz_industrial_motion_planner/share/pilz_industrial_motion_planner/config/unittest_trajectory_generator_circ.yaml
[39.147s] -- Installing: /home/steven/ws_moveit2/install/pilz_industrial_motion_planner/share/pilz_industrial_motion_planner/config/unittest_trajectory_generator_common.yaml
[39.147s] -- Installing: /home/steven/ws_moveit2/install/pilz_industrial_motion_planner/share/pilz_industrial_motion_planner/config/unittest_cartesian_limits_aggregator.yaml
[39.147s] -- Installing: /home/steven/ws_moveit2/install/pilz_industrial_motion_planner/share/pilz_industrial_motion_planner/config/unittest_trajectory_blender_transition_window.yaml
[39.147s] -- Installing: /home/steven/ws_moveit2/install/pilz_industrial_motion_planner/share/pilz_industrial_motion_planner/config/unittest_trajectory_functions.yaml
[39.148s] -- Installing: /home/steven/ws_moveit2/install/pilz_industrial_motion_planner/share/pilz_industrial_motion_planner/config/unittest_joint_limit_config.yaml
[39.148s] -- Installing: /home/steven/ws_moveit2/install/pilz_industrial_motion_planner/share/pilz_industrial_motion_planner/config/unittest_trajectory_generator_lin.yaml
[39.148s] -- Installing: /home/steven/ws_moveit2/install/pilz_industrial_motion_planner/share/pilz_industrial_motion_planner/config/unittest_joint_limits_aggregator.yaml
[39.148s] -- Installing: /home/steven/ws_moveit2/install/pilz_industrial_motion_planner/share/pilz_industrial_motion_planner/config/unittest_trajectory_generator_ptp.yaml
[39.148s] -- Installing: /home/steven/ws_moveit2/install/pilz_industrial_motion_planner/share/pilz_industrial_motion_planner/launch
[39.148s] -- Installing: /home/steven/ws_moveit2/install/pilz_industrial_motion_planner/share/pilz_industrial_motion_planner/launch/unittest_planning_context_loaders.test.py
[39.148s] -- Installing: /home/steven/ws_moveit2/install/pilz_industrial_motion_planner/share/pilz_industrial_motion_planner/launch/unittest_joint_limits_aggregator.test.py
[39.148s] -- Installing: /home/steven/ws_moveit2/install/pilz_industrial_motion_planner/share/pilz_industrial_motion_planner/launch/unittest_planning_context.test.py
[39.148s] -- Installing: /home/steven/ws_moveit2/install/pilz_industrial_motion_planner/share/pilz_industrial_motion_planner/launch/unittest_pilz_industrial_motion_planner.test.py
[39.148s] -- Installing: /home/steven/ws_moveit2/install/pilz_industrial_motion_planner/share/pilz_industrial_motion_planner/launch/unittest_joint_limit.test.py
[39.148s] -- Installing: /home/steven/ws_moveit2/install/pilz_industrial_motion_planner/share/pilz_industrial_motion_planner/launch/unittest_trajectory_functions.test.py
[39.148s] -- Installing: /home/steven/ws_moveit2/install/pilz_industrial_motion_planner/share/pilz_industrial_motion_planner/launch/unittest_trajectory_generator_circ.test.py
[39.148s] -- Installing: /home/steven/ws_moveit2/install/pilz_industrial_motion_planner/share/pilz_industrial_motion_planner/launch/unittest_trajectory_blender_transition_window.test.py
[39.148s] -- Installing: /home/steven/ws_moveit2/install/pilz_industrial_motion_planner/share/pilz_industrial_motion_planner/launch/common_parameters.py
[39.148s] -- Installing: /home/steven/ws_moveit2/install/pilz_industrial_motion_planner/share/pilz_industrial_motion_planner/launch/unittest_cartesian_limits_aggregator.test.py
[39.148s] -- Installing: /home/steven/ws_moveit2/install/pilz_industrial_motion_planner/share/pilz_industrial_motion_planner/launch/unittest_trajectory_generator_common.test.py
[39.148s] -- Installing: /home/steven/ws_moveit2/install/pilz_industrial_motion_planner/share/pilz_industrial_motion_planner/launch/unittest_trajectory_generator_lin.test.py
[39.148s] -- Installing: /home/steven/ws_moveit2/install/pilz_industrial_motion_planner/share/pilz_industrial_motion_planner/launch/unittest_trajectory_generator_ptp.test.py
[39.148s] -- Installing: /home/steven/ws_moveit2/install/pilz_industrial_motion_planner/share/pilz_industrial_motion_planner/test_data
[39.149s] -- Installing: /home/steven/ws_moveit2/install/pilz_industrial_motion_planner/share/pilz_industrial_motion_planner/test_data/concept_testdata.png
[39.149s] -- Installing: /home/steven/ws_moveit2/install/pilz_industrial_motion_planner/share/pilz_industrial_motion_planner/test_data/frankaemika_panda
[39.149s] -- Installing: /home/steven/ws_moveit2/install/pilz_industrial_motion_planner/share/pilz_industrial_motion_planner/test_data/frankaemika_panda/testdata_sequence.xml
[39.149s] -- Installing: /home/steven/ws_moveit2/install/pilz_industrial_motion_planner/share/pilz_industrial_motion_planner/test_data/prbt
[39.149s] -- Installing: /home/steven/ws_moveit2/install/pilz_industrial_motion_planner/share/pilz_industrial_motion_planner/test_data/prbt/testdata_deprecated.xml
[39.149s] -- Installing: /home/steven/ws_moveit2/install/pilz_industrial_motion_planner/share/pilz_industrial_motion_planner/test_data/prbt/testdata_sequence.xml
[39.149s] -- Installing: /home/steven/ws_moveit2/install/pilz_industrial_motion_planner/share/pilz_industrial_motion_planner/test_data/prbt/testdata_with_gripper.xml
[39.149s] -- Installing: /home/steven/ws_moveit2/install/pilz_industrial_motion_planner/share/pilz_industrial_motion_planner/test_data/concept_testdata.odp
[39.149s] -- Installing: /home/steven/ws_moveit2/install/pilz_industrial_motion_planner/share/pilz_industrial_motion_planner/test_data/testpoints.py
[39.149s] -- Installing: /home/steven/ws_moveit2/install/pilz_industrial_motion_planner/share/ament_index/resource_index/package_run_dependencies/pilz_industrial_motion_planner
[39.149s] -- Installing: /home/steven/ws_moveit2/install/pilz_industrial_motion_planner/share/ament_index/resource_index/parent_prefix_path/pilz_industrial_motion_planner
[39.149s] -- Installing: /home/steven/ws_moveit2/install/pilz_industrial_motion_planner/share/pilz_industrial_motion_planner/environment/ament_prefix_path.sh
[39.149s] -- Installing: /home/steven/ws_moveit2/install/pilz_industrial_motion_planner/share/pilz_industrial_motion_planner/environment/ament_prefix_path.dsv
[39.149s] -- Installing: /home/steven/ws_moveit2/install/pilz_industrial_motion_planner/share/pilz_industrial_motion_planner/environment/path.sh
[39.149s] -- Installing: /home/steven/ws_moveit2/install/pilz_industrial_motion_planner/share/pilz_industrial_motion_planner/environment/path.dsv
[39.149s] -- Installing: /home/steven/ws_moveit2/install/pilz_industrial_motion_planner/share/pilz_industrial_motion_planner/local_setup.bash
[39.149s] -- Installing: /home/steven/ws_moveit2/install/pilz_industrial_motion_planner/share/pilz_industrial_motion_planner/local_setup.sh
[39.149s] -- Installing: /home/steven/ws_moveit2/install/pilz_industrial_motion_planner/share/pilz_industrial_motion_planner/local_setup.zsh
[39.149s] -- Installing: /home/steven/ws_moveit2/install/pilz_industrial_motion_planner/share/pilz_industrial_motion_planner/local_setup.dsv
[39.149s] -- Installing: /home/steven/ws_moveit2/install/pilz_industrial_motion_planner/share/pilz_industrial_motion_planner/package.dsv
[39.149s] -- Installing: /home/steven/ws_moveit2/install/pilz_industrial_motion_planner/share/ament_index/resource_index/packages/pilz_industrial_motion_planner
[39.150s] -- Installing: /home/steven/ws_moveit2/install/pilz_industrial_motion_planner/share/ament_index/resource_index/moveit_core__pluginlib__plugin/pilz_industrial_motion_planner
[39.150s] -- Installing: /home/steven/ws_moveit2/install/pilz_industrial_motion_planner/share/ament_index/resource_index/moveit_ros_move_group__pluginlib__plugin/pilz_industrial_motion_planner
[39.150s] -- Installing: /home/steven/ws_moveit2/install/pilz_industrial_motion_planner/share/ament_index/resource_index/pilz_industrial_motion_planner__pluginlib__plugin/pilz_industrial_motion_planner
[39.150s] -- Installing: /home/steven/ws_moveit2/install/pilz_industrial_motion_planner/share/pilz_industrial_motion_planner/cmake/pilz_industrial_motion_plannerTargetsExport.cmake
[39.150s] -- Installing: /home/steven/ws_moveit2/install/pilz_industrial_motion_planner/share/pilz_industrial_motion_planner/cmake/pilz_industrial_motion_plannerTargetsExport-release.cmake
[39.150s] -- Installing: /home/steven/ws_moveit2/install/pilz_industrial_motion_planner/share/pilz_industrial_motion_planner/cmake/ament_cmake_export_include_directories-extras.cmake
[39.150s] -- Installing: /home/steven/ws_moveit2/install/pilz_industrial_motion_planner/share/pilz_industrial_motion_planner/cmake/ament_cmake_export_targets-extras.cmake
[39.150s] -- Installing: /home/steven/ws_moveit2/install/pilz_industrial_motion_planner/share/pilz_industrial_motion_planner/cmake/ament_cmake_export_dependencies-extras.cmake
[39.150s] -- Installing: /home/steven/ws_moveit2/install/pilz_industrial_motion_planner/share/pilz_industrial_motion_planner/cmake/pilz_industrial_motion_plannerConfig.cmake
[39.150s] -- Installing: /home/steven/ws_moveit2/install/pilz_industrial_motion_planner/share/pilz_industrial_motion_planner/cmake/pilz_industrial_motion_plannerConfig-version.cmake
[39.150s] -- Installing: /home/steven/ws_moveit2/install/pilz_industrial_motion_planner/share/pilz_industrial_motion_planner/package.xml
[39.151s] Invoked command in '/home/steven/ws_moveit2/build/pilz_industrial_motion_planner' returned '0': AMENT_PREFIX_PATH=/home/steven/ws_moveit2/install/moveit_resources_prbt_pg70_support:/home/steven/ws_moveit2/install/moveit_ros_planning_interface:/home/steven/ws_moveit2/install/moveit_resources_prbt_moveit_config:/home/steven/ws_moveit2/install/moveit_ros_move_group:/home/steven/ws_moveit2/install/moveit_ros_warehouse:/home/steven/ws_moveit2/install/moveit_kinematics:/home/steven/ws_moveit2/install/moveit_ros_planning:/home/steven/ws_moveit2/install/pilz_industrial_motion_planner_testutils:/home/steven/ws_moveit2/install/moveit_ros_occupancy_map_monitor:/home/steven/ws_moveit2/install/moveit_resources_prbt_ikfast_manipulator_plugin:/home/steven/ws_moveit2/install/moveit_core:/home/steven/ws_moveit2/install/moveit_resources_panda_moveit_config:/home/steven/ws_moveit2/install/moveit_configs_utils:/home/steven/ws_moveit2/install/srdfdom:/home/steven/ws_moveit2/install/moveit_resources_prbt_support:/home/steven/ws_moveit2/install/moveit_resources_panda_description:/home/steven/ws_moveit2/install/moveit_common:/home/steven/ws_moveit2/install/launch_param_builder:${AMENT_PREFIX_PATH} CMAKE_PREFIX_PATH=/home/steven/ws_moveit2/install/moveit_resources_prbt_pg70_support:/home/steven/ws_moveit2/install/moveit_ros_planning_interface:/home/steven/ws_moveit2/install/moveit_resources_prbt_moveit_config:/home/steven/ws_moveit2/install/moveit_ros_move_group:/home/steven/ws_moveit2/install/moveit_ros_warehouse:/home/steven/ws_moveit2/install/moveit_kinematics:/home/steven/ws_moveit2/install/moveit_ros_planning:/home/steven/ws_moveit2/install/pilz_industrial_motion_planner_testutils:/home/steven/ws_moveit2/install/moveit_ros_occupancy_map_monitor:/home/steven/ws_moveit2/install/moveit_resources_prbt_ikfast_manipulator_plugin:/home/steven/ws_moveit2/install/moveit_core:/home/steven/ws_moveit2/install/moveit_resources_panda_moveit_config:/home/steven/ws_moveit2/install/srdfdom:/home/steven/ws_moveit2/install/moveit_resources_prbt_support:/home/steven/ws_moveit2/install/moveit_resources_panda_description:/home/steven/ws_moveit2/install/moveit_common:/opt/ros/humble LD_LIBRARY_PATH=/home/steven/ws_moveit2/install/moveit_ros_planning_interface/lib:/home/steven/ws_moveit2/install/moveit_ros_move_group/lib:/home/steven/ws_moveit2/install/moveit_ros_warehouse/lib:/home/steven/ws_moveit2/install/moveit_kinematics/lib:/home/steven/ws_moveit2/install/moveit_ros_planning/lib:/home/steven/ws_moveit2/install/pilz_industrial_motion_planner_testutils/lib:/home/steven/ws_moveit2/install/moveit_ros_occupancy_map_monitor/lib:/home/steven/ws_moveit2/install/moveit_resources_prbt_ikfast_manipulator_plugin/lib:/home/steven/ws_moveit2/install/moveit_core/lib:/home/steven/ws_moveit2/install/srdfdom/lib:/opt/ros/humble/opt/rviz_ogre_vendor/lib:/opt/ros/humble/lib/x86_64-linux-gnu:/opt/ros/humble/lib:/usr/local/cuda-12.3/lib64 PATH=/home/steven/ws_moveit2/install/moveit_core/bin:${PATH} PYTHONPATH=/home/steven/ws_moveit2/install/moveit_configs_utils/lib/python3.10/site-packages:/home/steven/ws_moveit2/install/srdfdom/local/lib/python3.10/dist-packages:/home/steven/ws_moveit2/install/launch_param_builder/lib/python3.10/site-packages:${PYTHONPATH} /usr/bin/cmake --install /home/steven/ws_moveit2/build/pilz_industrial_motion_planner
