[1.385s] Invoking command in '/home/user/ros2_ws/build/robotiq_85_msgs': CMAKE_PREFIX_PATH=${CMAKE_PREFIX_PATH}:/home/simulations/ros2_sims_ws/install/rclrs_tests:/home/simulations/ros2_sims_ws/install/examples_rclrs_minimal_client_service:/home/simulations/ros2_sims_ws/install/sensor_msgs_py:/home/simulations/ros2_sims_ws/install/examples_rclrs_minimal_pub_sub:/home/simulations/ros2_sims_ws/install/examples_rclrs_message_demo:/home/simulations/ros2_sims_ws/install/rclrs:/home/simulations/ros2_sims_ws/install/rosidl_runtime_rs:/home/user/ros2_ws/install/ros2test:/home/user/ros2_ws/install/robotiq_85_driver:/home/user/ros2_ws/install/moveit_configs_utils:/opt/ros/humble _=/usr/bin/env /usr/bin/cmake --build /home/user/ros2_ws/build/robotiq_85_msgs -- -j8 -l8
[1.751s] [  2%] [34m[1mGenerating Rust code for ROS interfaces[0m
[2.835s] [  2%] Built target robotiq_85_msgs__rs
[3.037s] [  2%] Built target ament_cmake_python_copy_robotiq_85_msgs
[3.260s] [  5%] Built target robotiq_85_msgs__cpp
[4.096s] running egg_info
[4.096s] writing robotiq_85_msgs.egg-info/PKG-INFO
[4.096s] writing dependency_links to robotiq_85_msgs.egg-info/dependency_links.txt
[4.096s] writing top-level names to robotiq_85_msgs.egg-info/top_level.txt
[4.097s] reading manifest file 'robotiq_85_msgs.egg-info/SOURCES.txt'
[4.098s] writing manifest file 'robotiq_85_msgs.egg-info/SOURCES.txt'
[4.216s] [  5%] Built target ament_cmake_python_build_robotiq_85_msgs_egg
[4.288s] [ 15%] Built target robotiq_85_msgs__rosidl_typesupport_cpp
[4.460s] [ 25%] Built target robotiq_85_msgs__rosidl_typesupport_introspection_cpp
[4.629s] [ 35%] Built target robotiq_85_msgs__rosidl_typesupport_fastrtps_cpp
[4.780s] [ 45%] Built target robotiq_85_msgs__rosidl_generator_c
[4.875s] [ 55%] Built target robotiq_85_msgs__rosidl_typesupport_fastrtps_c
[4.953s] [ 65%] Built target robotiq_85_msgs__rosidl_typesupport_c
[5.033s] [ 75%] Built target robotiq_85_msgs__rosidl_typesupport_introspection_c
[5.140s] [ 75%] Built target robotiq_85_msgs
[5.213s] [ 77%] Built target robotiq_85_msgs__py
[5.330s] [ 85%] Built target robotiq_85_msgs__rosidl_generator_py
[5.486s] [ 90%] Built target robotiq_85_msgs__rosidl_typesupport_fastrtps_c__pyext
[5.575s] [ 95%] Built target robotiq_85_msgs__rosidl_typesupport_c__pyext
[5.654s] [100%] Built target robotiq_85_msgs__rosidl_typesupport_introspection_c__pyext
