[0.961s] Invoking command in '/home/user/ros2_ws/build/robotiq_85_msgs': CMAKE_PREFIX_PATH=${CMAKE_PREFIX_PATH}:/home/simulations/ros2_sims_ws/install/rclrs_tests:/home/simulations/ros2_sims_ws/install/examples_rclrs_minimal_client_service:/home/simulations/ros2_sims_ws/install/sensor_msgs_py:/home/simulations/ros2_sims_ws/install/examples_rclrs_minimal_pub_sub:/home/simulations/ros2_sims_ws/install/examples_rclrs_message_demo:/home/simulations/ros2_sims_ws/install/rclrs:/home/simulations/ros2_sims_ws/install/rosidl_runtime_rs:/home/user/ros2_ws/install/ros2test:/home/user/ros2_ws/install/robotiq_85_driver:/home/user/ros2_ws/install/moveit_configs_utils:/opt/ros/humble _=/usr/bin/env /usr/bin/cmake --build /home/user/ros2_ws/build/robotiq_85_msgs -- -j8 -l8
[5.796s] [  2%] Built target robotiq_85_msgs__cpp
[5.796s] [  5%] [34m[1mGenerating Rust code for ROS interfaces[0m
[5.822s] [  5%] Built target ament_cmake_python_copy_robotiq_85_msgs
[6.142s] [ 15%] Built target robotiq_85_msgs__rosidl_typesupport_introspection_cpp
[6.142s] [ 25%] Built target robotiq_85_msgs__rosidl_typesupport_cpp
[6.143s] [ 35%] Built target robotiq_85_msgs__rosidl_typesupport_fastrtps_cpp
[6.143s] [ 45%] Built target robotiq_85_msgs__rosidl_generator_c
[6.274s] [ 55%] Built target robotiq_85_msgs__rosidl_typesupport_c
[6.289s] [ 65%] Built target robotiq_85_msgs__rosidl_typesupport_fastrtps_c
[6.292s] [ 75%] Built target robotiq_85_msgs__rosidl_typesupport_introspection_c
[6.375s] running egg_info
[6.376s] writing robotiq_85_msgs.egg-info/PKG-INFO
[6.379s] writing dependency_links to robotiq_85_msgs.egg-info/dependency_links.txt
[6.380s] writing top-level names to robotiq_85_msgs.egg-info/top_level.txt
[6.382s] reading manifest file 'robotiq_85_msgs.egg-info/SOURCES.txt'
[6.387s] writing manifest file 'robotiq_85_msgs.egg-info/SOURCES.txt'
[6.417s] [ 75%] Built target ament_cmake_python_build_robotiq_85_msgs_egg
[6.871s] [ 75%] Built target robotiq_85_msgs__rs
[6.891s] [ 75%] Built target robotiq_85_msgs
[7.020s] [ 77%] Built target robotiq_85_msgs__py
[7.244s] [ 85%] Built target robotiq_85_msgs__rosidl_generator_py
[7.358s] [ 90%] Built target robotiq_85_msgs__rosidl_typesupport_introspection_c__pyext
[7.359s] [ 95%] Built target robotiq_85_msgs__rosidl_typesupport_c__pyext
[7.359s] [100%] Built target robotiq_85_msgs__rosidl_typesupport_fastrtps_c__pyext
