[0.302s] Invoking command in '/home/user/ros2_ws/build/tf2': CMAKE_PREFIX_PATH=${CMAKE_PREFIX_PATH}:/home/simulations/ros2_sims_ws/install/rclrs_tests:/home/simulations/ros2_sims_ws/install/examples_rclrs_minimal_client_service:/home/simulations/ros2_sims_ws/install/sensor_msgs_py:/home/simulations/ros2_sims_ws/install/examples_rclrs_minimal_pub_sub:/home/simulations/ros2_sims_ws/install/examples_rclrs_message_demo:/home/simulations/ros2_sims_ws/install/rclrs:/home/simulations/ros2_sims_ws/install/rosidl_runtime_rs:/home/user/ros2_ws/install/ros2test:/home/user/ros2_ws/install/robotiq_85_driver:/home/user/ros2_ws/install/moveit_configs_utils:/opt/ros/humble _=/usr/bin/env /usr/bin/cmake /home/user/ros2_ws/src/perception_ros2/geometry2/tf2 -DCMAKE_INSTALL_PREFIX=/home/user/ros2_ws/install/tf2
[11.358s] -- The C compiler identification is GNU 11.3.0
[15.425s] -- The CXX compiler identification is GNU 11.3.0
[15.435s] -- Detecting C compiler ABI info
[15.696s] -- Detecting C compiler ABI info - done
[15.710s] -- Check for working C compiler: /usr/bin/cc - skipped
[15.711s] -- Detecting C compile features
[15.712s] -- Detecting C compile features - done
[15.717s] -- Detecting CXX compiler ABI info
[16.174s] -- Detecting CXX compiler ABI info - done
[16.183s] -- Check for working CXX compiler: /usr/bin/c++ - skipped
[16.183s] -- Detecting CXX compile features
[16.184s] -- Detecting CXX compile features - done
[16.200s] -- Found ament_cmake: 1.3.4 (/opt/ros/humble/share/ament_cmake/cmake)
[16.571s] -- Found Python3: /usr/bin/python3.10 (found version "3.10.6") found components: Interpreter 
[16.914s] -- Found console_bridge_vendor: 1.4.1 (/opt/ros/humble/share/console_bridge_vendor/cmake)
[16.982s] -- Found geometry_msgs: 4.2.3 (/home/simulations/ros2_sims_ws/install/geometry_msgs/share/geometry_msgs/cmake)
[17.376s] -- Found rosidl_generator_c: 3.1.4 (/opt/ros/humble/share/rosidl_generator_c/cmake)
[17.409s] -- Found rosidl_adapter: 3.1.4 (/opt/ros/humble/share/rosidl_adapter/cmake)
[17.448s] -- Found rosidl_generator_cpp: 3.1.4 (/opt/ros/humble/share/rosidl_generator_cpp/cmake)
[17.510s] -- Using all available rosidl_typesupport_c: rosidl_typesupport_fastrtps_c;rosidl_typesupport_introspection_c
[17.578s] -- Using all available rosidl_typesupport_cpp: rosidl_typesupport_fastrtps_cpp;rosidl_typesupport_introspection_cpp
[18.452s] -- Found ament_cmake_gtest: 1.3.4 (/opt/ros/humble/share/ament_cmake_gtest/cmake)
[18.473s] -- Found gtest sources under '/opt/ros/humble/src/gtest_vendor': C++ tests using 'Google Test' will be built
[18.946s] -- Looking for pthread.h
[20.143s] -- Looking for pthread.h - found
[20.143s] -- Performing Test CMAKE_HAVE_LIBC_PTHREAD
[20.266s] -- Performing Test CMAKE_HAVE_LIBC_PTHREAD - Success
[20.268s] -- Found Threads: TRUE  
[20.392s] -- Configuring done
[22.028s] -- Generating done
[22.032s] -- Build files have been written to: /home/user/ros2_ws/build/tf2
[22.041s] Invoked command in '/home/user/ros2_ws/build/tf2' returned '0': CMAKE_PREFIX_PATH=${CMAKE_PREFIX_PATH}:/home/simulations/ros2_sims_ws/install/rclrs_tests:/home/simulations/ros2_sims_ws/install/examples_rclrs_minimal_client_service:/home/simulations/ros2_sims_ws/install/sensor_msgs_py:/home/simulations/ros2_sims_ws/install/examples_rclrs_minimal_pub_sub:/home/simulations/ros2_sims_ws/install/examples_rclrs_message_demo:/home/simulations/ros2_sims_ws/install/rclrs:/home/simulations/ros2_sims_ws/install/rosidl_runtime_rs:/home/user/ros2_ws/install/ros2test:/home/user/ros2_ws/install/robotiq_85_driver:/home/user/ros2_ws/install/moveit_configs_utils:/opt/ros/humble _=/usr/bin/env /usr/bin/cmake /home/user/ros2_ws/src/perception_ros2/geometry2/tf2 -DCMAKE_INSTALL_PREFIX=/home/user/ros2_ws/install/tf2
[22.042s] Invoking command in '/home/user/ros2_ws/build/tf2': CMAKE_PREFIX_PATH=${CMAKE_PREFIX_PATH}:/home/simulations/ros2_sims_ws/install/rclrs_tests:/home/simulations/ros2_sims_ws/install/examples_rclrs_minimal_client_service:/home/simulations/ros2_sims_ws/install/sensor_msgs_py:/home/simulations/ros2_sims_ws/install/examples_rclrs_minimal_pub_sub:/home/simulations/ros2_sims_ws/install/examples_rclrs_message_demo:/home/simulations/ros2_sims_ws/install/rclrs:/home/simulations/ros2_sims_ws/install/rosidl_runtime_rs:/home/user/ros2_ws/install/ros2test:/home/user/ros2_ws/install/robotiq_85_driver:/home/user/ros2_ws/install/moveit_configs_utils:/opt/ros/humble _=/usr/bin/env /usr/bin/cmake --build /home/user/ros2_ws/build/tf2 -- -j8 -l8
[22.252s] [  5%] [32mBuilding CXX object CMakeFiles/tf2.dir/src/cache.cpp.o[0m
[22.270s] [ 11%] [32mBuilding CXX object gtest/CMakeFiles/gtest_main.dir/src/gtest_main.cc.o[0m
[22.291s] [ 17%] [32mBuilding CXX object gtest/CMakeFiles/gtest.dir/src/gtest-all.cc.o[0m
[22.327s] [ 23%] [32mBuilding CXX object CMakeFiles/tf2.dir/src/time.cpp.o[0m
[22.330s] [ 29%] [32mBuilding CXX object CMakeFiles/tf2.dir/src/static_cache.cpp.o[0m
[22.332s] [ 35%] [32mBuilding CXX object CMakeFiles/tf2.dir/src/buffer_core.cpp.o[0m
[27.929s] [ 41%] [32m[1mLinking CXX static library libgtest_main.a[0m
[29.260s] [ 47%] [32m[1mLinking CXX shared library libtf2.so[0m
[29.636s] [ 47%] Built target tf2
[33.364s] [ 52%] [32m[1mLinking CXX static library libgtest.a[0m
[45.392s] [ 52%] Built target gtest_main
[45.747s] [ 52%] Built target gtest
[45.809s] [ 58%] [32mBuilding CXX object CMakeFiles/test_cache_unittest.dir/test/cache_unittest.cpp.o[0m
[45.815s] [ 64%] [32mBuilding CXX object CMakeFiles/test_simple.dir/test/simple_tf2_core.cpp.o[0m
[45.816s] [ 70%] [32mBuilding CXX object CMakeFiles/test_time.dir/test/test_time.cpp.o[0m
[45.819s] [ 76%] [32mBuilding CXX object CMakeFiles/test_static_cache_unittest.dir/test/static_cache_test.cpp.o[0m
[46.939s] [ 82%] [32m[1mLinking CXX executable test_static_cache_unittest[0m
[47.138s] [ 88%] [32m[1mLinking CXX executable test_time[0m
[47.316s] [ 88%] Built target test_time
[47.330s] [ 94%] [32m[1mLinking CXX executable test_cache_unittest[0m
[47.359s] [100%] [32m[1mLinking CXX executable test_simple[0m
[47.515s] [100%] Built target test_cache_unittest
[47.554s] [100%] Built target test_simple
[47.568s] [100%] Built target test_static_cache_unittest
[47.584s] Invoked command in '/home/user/ros2_ws/build/tf2' returned '0': CMAKE_PREFIX_PATH=${CMAKE_PREFIX_PATH}:/home/simulations/ros2_sims_ws/install/rclrs_tests:/home/simulations/ros2_sims_ws/install/examples_rclrs_minimal_client_service:/home/simulations/ros2_sims_ws/install/sensor_msgs_py:/home/simulations/ros2_sims_ws/install/examples_rclrs_minimal_pub_sub:/home/simulations/ros2_sims_ws/install/examples_rclrs_message_demo:/home/simulations/ros2_sims_ws/install/rclrs:/home/simulations/ros2_sims_ws/install/rosidl_runtime_rs:/home/user/ros2_ws/install/ros2test:/home/user/ros2_ws/install/robotiq_85_driver:/home/user/ros2_ws/install/moveit_configs_utils:/opt/ros/humble _=/usr/bin/env /usr/bin/cmake --build /home/user/ros2_ws/build/tf2 -- -j8 -l8
[47.745s] Invoking command in '/home/user/ros2_ws/build/tf2': CMAKE_PREFIX_PATH=${CMAKE_PREFIX_PATH}:/home/simulations/ros2_sims_ws/install/rclrs_tests:/home/simulations/ros2_sims_ws/install/examples_rclrs_minimal_client_service:/home/simulations/ros2_sims_ws/install/sensor_msgs_py:/home/simulations/ros2_sims_ws/install/examples_rclrs_minimal_pub_sub:/home/simulations/ros2_sims_ws/install/examples_rclrs_message_demo:/home/simulations/ros2_sims_ws/install/rclrs:/home/simulations/ros2_sims_ws/install/rosidl_runtime_rs:/home/user/ros2_ws/install/ros2test:/home/user/ros2_ws/install/robotiq_85_driver:/home/user/ros2_ws/install/moveit_configs_utils:/opt/ros/humble _=/usr/bin/env /usr/bin/cmake --install /home/user/ros2_ws/build/tf2
[47.759s] -- Install configuration: ""
[47.760s] -- Installing: /home/user/ros2_ws/install/tf2/lib/libtf2.so
[47.762s] -- Set runtime path of "/home/user/ros2_ws/install/tf2/lib/libtf2.so" to ""
[47.762s] -- Installing: /home/user/ros2_ws/install/tf2/include/tf2
[47.762s] -- Installing: /home/user/ros2_ws/install/tf2/include/tf2/buffer_core.h
[47.762s] -- Installing: /home/user/ros2_ws/install/tf2/include/tf2/exceptions.h
[47.763s] -- Installing: /home/user/ros2_ws/install/tf2/include/tf2/time.h
[47.763s] -- Installing: /home/user/ros2_ws/install/tf2/include/tf2/buffer_core_interface.h
[47.763s] -- Installing: /home/user/ros2_ws/install/tf2/include/tf2/transform_datatypes.h
[47.763s] -- Installing: /home/user/ros2_ws/install/tf2/include/tf2/convert.h
[47.764s] -- Installing: /home/user/ros2_ws/install/tf2/include/tf2/utils.h
[47.764s] -- Installing: /home/user/ros2_ws/install/tf2/include/tf2/LinearMath
[47.764s] -- Installing: /home/user/ros2_ws/install/tf2/include/tf2/LinearMath/Transform.h
[47.764s] -- Installing: /home/user/ros2_ws/install/tf2/include/tf2/LinearMath/Quaternion.h
[47.764s] -- Installing: /home/user/ros2_ws/install/tf2/include/tf2/LinearMath/Scalar.h
[47.765s] -- Installing: /home/user/ros2_ws/install/tf2/include/tf2/LinearMath/QuadWord.h
[47.765s] -- Installing: /home/user/ros2_ws/install/tf2/include/tf2/LinearMath/Matrix3x3.h
[47.765s] -- Installing: /home/user/ros2_ws/install/tf2/include/tf2/LinearMath/Vector3.h
[47.765s] -- Installing: /home/user/ros2_ws/install/tf2/include/tf2/LinearMath/MinMax.h
[47.766s] -- Installing: /home/user/ros2_ws/install/tf2/include/tf2/transform_storage.h
[47.766s] -- Installing: /home/user/ros2_ws/install/tf2/include/tf2/impl
[47.766s] -- Installing: /home/user/ros2_ws/install/tf2/include/tf2/impl/convert.h
[47.766s] -- Installing: /home/user/ros2_ws/install/tf2/include/tf2/impl/utils.h
[47.766s] -- Installing: /home/user/ros2_ws/install/tf2/include/tf2/visibility_control.h
[47.766s] -- Installing: /home/user/ros2_ws/install/tf2/include/tf2/time_cache.h
[47.767s] -- Installing: /home/user/ros2_ws/install/tf2/share/tf2/environment/library_path.sh
[47.767s] -- Installing: /home/user/ros2_ws/install/tf2/share/tf2/environment/library_path.dsv
[47.768s] -- Installing: /home/user/ros2_ws/install/tf2/share/ament_index/resource_index/package_run_dependencies/tf2
[47.768s] -- Installing: /home/user/ros2_ws/install/tf2/share/ament_index/resource_index/parent_prefix_path/tf2
[47.768s] -- Installing: /home/user/ros2_ws/install/tf2/share/tf2/environment/ament_prefix_path.sh
[47.768s] -- Installing: /home/user/ros2_ws/install/tf2/share/tf2/environment/ament_prefix_path.dsv
[47.769s] -- Installing: /home/user/ros2_ws/install/tf2/share/tf2/environment/path.sh
[47.769s] -- Installing: /home/user/ros2_ws/install/tf2/share/tf2/environment/path.dsv
[47.769s] -- Installing: /home/user/ros2_ws/install/tf2/share/tf2/local_setup.bash
[47.769s] -- Installing: /home/user/ros2_ws/install/tf2/share/tf2/local_setup.sh
[47.770s] -- Installing: /home/user/ros2_ws/install/tf2/share/tf2/local_setup.zsh
[47.770s] -- Installing: /home/user/ros2_ws/install/tf2/share/tf2/local_setup.dsv
[47.770s] -- Installing: /home/user/ros2_ws/install/tf2/share/tf2/package.dsv
[47.770s] -- Installing: /home/user/ros2_ws/install/tf2/share/ament_index/resource_index/packages/tf2
[47.771s] -- Installing: /home/user/ros2_ws/install/tf2/share/tf2/cmake/tf2Export.cmake
[47.771s] -- Installing: /home/user/ros2_ws/install/tf2/share/tf2/cmake/tf2Export-noconfig.cmake
[47.772s] -- Installing: /home/user/ros2_ws/install/tf2/share/tf2/cmake/ament_cmake_export_dependencies-extras.cmake
[47.772s] -- Installing: /home/user/ros2_ws/install/tf2/share/tf2/cmake/ament_cmake_export_include_directories-extras.cmake
[47.772s] -- Installing: /home/user/ros2_ws/install/tf2/share/tf2/cmake/ament_cmake_export_libraries-extras.cmake
[47.772s] -- Installing: /home/user/ros2_ws/install/tf2/share/tf2/cmake/ament_cmake_export_targets-extras.cmake
[47.772s] -- Installing: /home/user/ros2_ws/install/tf2/share/tf2/cmake/tf2Config.cmake
[47.773s] -- Installing: /home/user/ros2_ws/install/tf2/share/tf2/cmake/tf2Config-version.cmake
[47.773s] -- Installing: /home/user/ros2_ws/install/tf2/share/tf2/package.xml
[47.777s] Invoked command in '/home/user/ros2_ws/build/tf2' returned '0': CMAKE_PREFIX_PATH=${CMAKE_PREFIX_PATH}:/home/simulations/ros2_sims_ws/install/rclrs_tests:/home/simulations/ros2_sims_ws/install/examples_rclrs_minimal_client_service:/home/simulations/ros2_sims_ws/install/sensor_msgs_py:/home/simulations/ros2_sims_ws/install/examples_rclrs_minimal_pub_sub:/home/simulations/ros2_sims_ws/install/examples_rclrs_message_demo:/home/simulations/ros2_sims_ws/install/rclrs:/home/simulations/ros2_sims_ws/install/rosidl_runtime_rs:/home/user/ros2_ws/install/ros2test:/home/user/ros2_ws/install/robotiq_85_driver:/home/user/ros2_ws/install/moveit_configs_utils:/opt/ros/humble _=/usr/bin/env /usr/bin/cmake --install /home/user/ros2_ws/build/tf2
