[0.294s] Invoking command in '/home/steven/ros2_ws/src/rg2_ros2/src/rg2': PYTHONPATH=/home/steven/ros2_ws/src/rg2_ros2/build/rg2/prefix_override:/usr/lib/python3/dist-packages/colcon_core/task/python/colcon_distutils_commands:/home/steven/ros2_ws/src/rg2_ros2/install/rg2/lib/python3.10/site-packages:${PYTHONPATH} /usr/bin/python3 -W ignore:setup.py install is deprecated setup.py egg_info --egg-base ../../build/rg2 build --build-base /home/steven/ros2_ws/src/rg2_ros2/build/rg2/build install --record /home/steven/ros2_ws/src/rg2_ros2/build/rg2/install.log --single-version-externally-managed install_data
[0.400s] running egg_info
[0.400s] writing ../../build/rg2/rg2.egg-info/PKG-INFO
[0.400s] writing dependency_links to ../../build/rg2/rg2.egg-info/dependency_links.txt
[0.400s] writing entry points to ../../build/rg2/rg2.egg-info/entry_points.txt
[0.400s] writing requirements to ../../build/rg2/rg2.egg-info/requires.txt
[0.400s] writing top-level names to ../../build/rg2/rg2.egg-info/top_level.txt
[0.401s] reading manifest file '../../build/rg2/rg2.egg-info/SOURCES.txt'
[0.401s] adding license file 'LICENSE'
[0.402s] writing manifest file '../../build/rg2/rg2.egg-info/SOURCES.txt'
[0.402s] running build
[0.402s] running build_py
[0.402s] running install
[0.402s] running install_lib
[0.402s] running install_data
[0.402s] running install_egg_info
[0.403s] removing '/home/steven/ros2_ws/src/rg2_ros2/install/rg2/lib/python3.10/site-packages/rg2-0.0.0-py3.10.egg-info' (and everything under it)
[0.403s] Copying ../../build/rg2/rg2.egg-info to /home/steven/ros2_ws/src/rg2_ros2/install/rg2/lib/python3.10/site-packages/rg2-0.0.0-py3.10.egg-info
[0.404s] running install_scripts
[0.413s] Installing test_node script to /home/steven/ros2_ws/src/rg2_ros2/install/rg2/lib/rg2
[0.413s] writing list of installed files to '/home/steven/ros2_ws/src/rg2_ros2/build/rg2/install.log'
[0.422s] Invoked command in '/home/steven/ros2_ws/src/rg2_ros2/src/rg2' returned '0': PYTHONPATH=/home/steven/ros2_ws/src/rg2_ros2/build/rg2/prefix_override:/usr/lib/python3/dist-packages/colcon_core/task/python/colcon_distutils_commands:/home/steven/ros2_ws/src/rg2_ros2/install/rg2/lib/python3.10/site-packages:${PYTHONPATH} /usr/bin/python3 -W ignore:setup.py install is deprecated setup.py egg_info --egg-base ../../build/rg2 build --build-base /home/steven/ros2_ws/src/rg2_ros2/build/rg2/build install --record /home/steven/ros2_ws/src/rg2_ros2/build/rg2/install.log --single-version-externally-managed install_data
