[1.351s] Invoking command in '/home/user/ros2_ws/build/moveit_resources_prbt_support': CMAKE_PREFIX_PATH=${CMAKE_PREFIX_PATH}:/home/user/ros2_ws/install/ros2test:/home/user/ros2_ws/install/moveit_configs_utils:/home/simulations/ros2_sims_ws/install/rclrs_tests:/home/simulations/ros2_sims_ws/install/examples_rclrs_minimal_client_service:/home/simulations/ros2_sims_ws/install/sensor_msgs_py:/home/simulations/ros2_sims_ws/install/examples_rclrs_minimal_pub_sub:/home/simulations/ros2_sims_ws/install/examples_rclrs_message_demo:/home/simulations/ros2_sims_ws/install/rclrs:/home/simulations/ros2_sims_ws/install/rosidl_runtime_rs:/home/user/ros2_ws/install/robotiq_85_driver:/opt/ros/humble _=/usr/bin/env /usr/bin/cmake --build /home/user/ros2_ws/build/moveit_resources_prbt_support -- -j8 -l8
[3.502s] Invoked command in '/home/user/ros2_ws/build/moveit_resources_prbt_support' returned '0': CMAKE_PREFIX_PATH=${CMAKE_PREFIX_PATH}:/home/user/ros2_ws/install/ros2test:/home/user/ros2_ws/install/moveit_configs_utils:/home/simulations/ros2_sims_ws/install/rclrs_tests:/home/simulations/ros2_sims_ws/install/examples_rclrs_minimal_client_service:/home/simulations/ros2_sims_ws/install/sensor_msgs_py:/home/simulations/ros2_sims_ws/install/examples_rclrs_minimal_pub_sub:/home/simulations/ros2_sims_ws/install/examples_rclrs_message_demo:/home/simulations/ros2_sims_ws/install/rclrs:/home/simulations/ros2_sims_ws/install/rosidl_runtime_rs:/home/user/ros2_ws/install/robotiq_85_driver:/opt/ros/humble _=/usr/bin/env /usr/bin/cmake --build /home/user/ros2_ws/build/moveit_resources_prbt_support -- -j8 -l8
[3.663s] Invoking command in '/home/user/ros2_ws/build/moveit_resources_prbt_support': CMAKE_PREFIX_PATH=${CMAKE_PREFIX_PATH}:/home/user/ros2_ws/install/ros2test:/home/user/ros2_ws/install/moveit_configs_utils:/home/simulations/ros2_sims_ws/install/rclrs_tests:/home/simulations/ros2_sims_ws/install/examples_rclrs_minimal_client_service:/home/simulations/ros2_sims_ws/install/sensor_msgs_py:/home/simulations/ros2_sims_ws/install/examples_rclrs_minimal_pub_sub:/home/simulations/ros2_sims_ws/install/examples_rclrs_message_demo:/home/simulations/ros2_sims_ws/install/rclrs:/home/simulations/ros2_sims_ws/install/rosidl_runtime_rs:/home/user/ros2_ws/install/robotiq_85_driver:/opt/ros/humble _=/usr/bin/env /usr/bin/cmake --install /home/user/ros2_ws/build/moveit_resources_prbt_support
[3.681s] -- Install configuration: ""
[3.727s] -- Up-to-date: /home/user/ros2_ws/install/moveit_resources_prbt_support/share/ament_index/resource_index/package_run_dependencies/moveit_resources_prbt_support
[3.727s] -- Up-to-date: /home/user/ros2_ws/install/moveit_resources_prbt_support/share/ament_index/resource_index/parent_prefix_path/moveit_resources_prbt_support
[3.727s] -- Up-to-date: /home/user/ros2_ws/install/moveit_resources_prbt_support/share/moveit_resources_prbt_support/environment/ament_prefix_path.sh
[3.727s] -- Up-to-date: /home/user/ros2_ws/install/moveit_resources_prbt_support/share/moveit_resources_prbt_support/environment/ament_prefix_path.dsv
[3.727s] -- Up-to-date: /home/user/ros2_ws/install/moveit_resources_prbt_support/share/moveit_resources_prbt_support/environment/path.sh
[3.727s] -- Up-to-date: /home/user/ros2_ws/install/moveit_resources_prbt_support/share/moveit_resources_prbt_support/environment/path.dsv
[3.728s] -- Up-to-date: /home/user/ros2_ws/install/moveit_resources_prbt_support/share/moveit_resources_prbt_support/local_setup.bash
[3.728s] -- Up-to-date: /home/user/ros2_ws/install/moveit_resources_prbt_support/share/moveit_resources_prbt_support/local_setup.sh
[3.728s] -- Up-to-date: /home/user/ros2_ws/install/moveit_resources_prbt_support/share/moveit_resources_prbt_support/local_setup.zsh
[3.728s] -- Up-to-date: /home/user/ros2_ws/install/moveit_resources_prbt_support/share/moveit_resources_prbt_support/local_setup.dsv
[3.728s] -- Installing: /home/user/ros2_ws/install/moveit_resources_prbt_support/share/moveit_resources_prbt_support/package.dsv
[3.728s] -- Up-to-date: /home/user/ros2_ws/install/moveit_resources_prbt_support/share/ament_index/resource_index/packages/moveit_resources_prbt_support
[3.729s] -- Up-to-date: /home/user/ros2_ws/install/moveit_resources_prbt_support/share/moveit_resources_prbt_support/cmake/moveit_resources_prbt_supportConfig.cmake
[3.729s] -- Up-to-date: /home/user/ros2_ws/install/moveit_resources_prbt_support/share/moveit_resources_prbt_support/cmake/moveit_resources_prbt_supportConfig-version.cmake
[3.729s] -- Up-to-date: /home/user/ros2_ws/install/moveit_resources_prbt_support/share/moveit_resources_prbt_support/package.xml
[3.729s] -- Up-to-date: /home/user/ros2_ws/install/moveit_resources_prbt_support/share/moveit_resources_prbt_support/urdf
[3.729s] -- Up-to-date: /home/user/ros2_ws/install/moveit_resources_prbt_support/share/moveit_resources_prbt_support/urdf/prbt.ros2_control.xacro
[3.729s] -- Up-to-date: /home/user/ros2_ws/install/moveit_resources_prbt_support/share/moveit_resources_prbt_support/urdf/prbt.xacro
[3.729s] -- Up-to-date: /home/user/ros2_ws/install/moveit_resources_prbt_support/share/moveit_resources_prbt_support/urdf/simple_gripper_brackets.urdf.xacro
[3.729s] -- Up-to-date: /home/user/ros2_ws/install/moveit_resources_prbt_support/share/moveit_resources_prbt_support/urdf/prbt_macro.xacro
[3.729s] -- Up-to-date: /home/user/ros2_ws/install/moveit_resources_prbt_support/share/moveit_resources_prbt_support/meshes
[3.729s] -- Up-to-date: /home/user/ros2_ws/install/moveit_resources_prbt_support/share/moveit_resources_prbt_support/meshes/link_4.stl
[3.730s] -- Up-to-date: /home/user/ros2_ws/install/moveit_resources_prbt_support/share/moveit_resources_prbt_support/meshes/link_5.stl
[3.730s] -- Up-to-date: /home/user/ros2_ws/install/moveit_resources_prbt_support/share/moveit_resources_prbt_support/meshes/link_3.dae
[3.730s] -- Up-to-date: /home/user/ros2_ws/install/moveit_resources_prbt_support/share/moveit_resources_prbt_support/meshes/link_4.dae
[3.730s] -- Up-to-date: /home/user/ros2_ws/install/moveit_resources_prbt_support/share/moveit_resources_prbt_support/meshes/link_3.stl
[3.730s] -- Up-to-date: /home/user/ros2_ws/install/moveit_resources_prbt_support/share/moveit_resources_prbt_support/meshes/flange.dae
[3.730s] -- Up-to-date: /home/user/ros2_ws/install/moveit_resources_prbt_support/share/moveit_resources_prbt_support/meshes/link_1.dae
[3.730s] -- Up-to-date: /home/user/ros2_ws/install/moveit_resources_prbt_support/share/moveit_resources_prbt_support/meshes/link_2.dae
[3.730s] -- Up-to-date: /home/user/ros2_ws/install/moveit_resources_prbt_support/share/moveit_resources_prbt_support/meshes/foot.stl
[3.730s] -- Up-to-date: /home/user/ros2_ws/install/moveit_resources_prbt_support/share/moveit_resources_prbt_support/meshes/link_1.stl
[3.731s] -- Up-to-date: /home/user/ros2_ws/install/moveit_resources_prbt_support/share/moveit_resources_prbt_support/meshes/link_5.dae
[3.731s] -- Up-to-date: /home/user/ros2_ws/install/moveit_resources_prbt_support/share/moveit_resources_prbt_support/meshes/link_2.stl
[3.731s] -- Up-to-date: /home/user/ros2_ws/install/moveit_resources_prbt_support/share/moveit_resources_prbt_support/meshes/flange.stl
[3.731s] -- Up-to-date: /home/user/ros2_ws/install/moveit_resources_prbt_support/share/moveit_resources_prbt_support/meshes/foot.dae
[3.731s] -- Up-to-date: /home/user/ros2_ws/install/moveit_resources_prbt_support/share/moveit_resources_prbt_support/config
[3.731s] -- Up-to-date: /home/user/ros2_ws/install/moveit_resources_prbt_support/share/moveit_resources_prbt_support/config/manipulator_controller.yaml
[3.731s] -- Up-to-date: /home/user/ros2_ws/install/moveit_resources_prbt_support/share/moveit_resources_prbt_support/config/prbt_0_1.dcf
[3.731s] -- Up-to-date: /home/user/ros2_ws/install/moveit_resources_prbt_support/share/moveit_resources_prbt_support/config/manipulator_driver.yaml
[3.883s] Invoked command in '/home/user/ros2_ws/build/moveit_resources_prbt_support' returned '0': CMAKE_PREFIX_PATH=${CMAKE_PREFIX_PATH}:/home/user/ros2_ws/install/ros2test:/home/user/ros2_ws/install/moveit_configs_utils:/home/simulations/ros2_sims_ws/install/rclrs_tests:/home/simulations/ros2_sims_ws/install/examples_rclrs_minimal_client_service:/home/simulations/ros2_sims_ws/install/sensor_msgs_py:/home/simulations/ros2_sims_ws/install/examples_rclrs_minimal_pub_sub:/home/simulations/ros2_sims_ws/install/examples_rclrs_message_demo:/home/simulations/ros2_sims_ws/install/rclrs:/home/simulations/ros2_sims_ws/install/rosidl_runtime_rs:/home/user/ros2_ws/install/robotiq_85_driver:/opt/ros/humble _=/usr/bin/env /usr/bin/cmake --install /home/user/ros2_ws/build/moveit_resources_prbt_support
