running develop
Removing /home/steven/ros2_ws/src/command_everyjoints/install/ur5/lib/python3.10/site-packages/ur5.egg-link (link to .)
running egg_info
writing ../../build/ur5/ur5.egg-info/PKG-INFO
writing dependency_links to ../../build/ur5/ur5.egg-info/dependency_links.txt
writing entry points to ../../build/ur5/ur5.egg-info/entry_points.txt
writing requirements to ../../build/ur5/ur5.egg-info/requires.txt
writing top-level names to ../../build/ur5/ur5.egg-info/top_level.txt
reading manifest file '../../build/ur5/ur5.egg-info/SOURCES.txt'
adding license file 'LICENSE'
writing manifest file '../../build/ur5/ur5.egg-info/SOURCES.txt'
running build
running build_py
creating /home/steven/ros2_ws/src/command_everyjoints/build/ur5/build
creating /home/steven/ros2_ws/src/command_everyjoints/build/ur5/build/lib
creating /home/steven/ros2_ws/src/command_everyjoints/build/ur5/build/lib/ur5
copying ur5/__init__.py -> /home/steven/ros2_ws/src/command_everyjoints/build/ur5/build/lib/ur5
copying ur5/test.py -> /home/steven/ros2_ws/src/command_everyjoints/build/ur5/build/lib/ur5
running install
running install_lib
creating /home/steven/ros2_ws/src/command_everyjoints/install/ur5/lib/python3.10/site-packages/ur5
copying /home/steven/ros2_ws/src/command_everyjoints/build/ur5/build/lib/ur5/__init__.py -> /home/steven/ros2_ws/src/command_everyjoints/install/ur5/lib/python3.10/site-packages/ur5
copying /home/steven/ros2_ws/src/command_everyjoints/build/ur5/build/lib/ur5/test.py -> /home/steven/ros2_ws/src/command_everyjoints/install/ur5/lib/python3.10/site-packages/ur5
byte-compiling /home/steven/ros2_ws/src/command_everyjoints/install/ur5/lib/python3.10/site-packages/ur5/__init__.py to __init__.cpython-310.pyc
byte-compiling /home/steven/ros2_ws/src/command_everyjoints/install/ur5/lib/python3.10/site-packages/ur5/test.py to test.cpython-310.pyc
running install_data
copying resource/ur5 -> /home/steven/ros2_ws/src/command_everyjoints/install/ur5/share/ament_index/resource_index/packages
copying package.xml -> /home/steven/ros2_ws/src/command_everyjoints/install/ur5/share/ur5
running install_egg_info
Copying ../../build/ur5/ur5.egg-info to /home/steven/ros2_ws/src/command_everyjoints/install/ur5/lib/python3.10/site-packages/ur5-0.0.0-py3.10.egg-info
running install_scripts
Installing test_node script to /home/steven/ros2_ws/src/command_everyjoints/install/ur5/lib/ur5
writing list of installed files to '/home/steven/ros2_ws/src/command_everyjoints/build/ur5/install.log'
