[0.830s] Invoking command in '/home/user/ros2_ws/build/robotiq_85_description': CMAKE_PREFIX_PATH=${CMAKE_PREFIX_PATH}:/home/simulations/ros2_sims_ws/install/rclrs_tests:/home/simulations/ros2_sims_ws/install/examples_rclrs_minimal_client_service:/home/simulations/ros2_sims_ws/install/sensor_msgs_py:/home/simulations/ros2_sims_ws/install/examples_rclrs_minimal_pub_sub:/home/simulations/ros2_sims_ws/install/examples_rclrs_message_demo:/home/simulations/ros2_sims_ws/install/rclrs:/home/simulations/ros2_sims_ws/install/rosidl_runtime_rs:/home/user/ros2_ws/install/ros2test:/home/user/ros2_ws/install/robotiq_85_driver:/home/user/ros2_ws/install/moveit_configs_utils:/opt/ros/humble _=/usr/bin/env /usr/bin/cmake --build /home/user/ros2_ws/build/robotiq_85_description -- -j8 -l8
[0.932s] Invoked command in '/home/user/ros2_ws/build/robotiq_85_description' returned '0': CMAKE_PREFIX_PATH=${CMAKE_PREFIX_PATH}:/home/simulations/ros2_sims_ws/install/rclrs_tests:/home/simulations/ros2_sims_ws/install/examples_rclrs_minimal_client_service:/home/simulations/ros2_sims_ws/install/sensor_msgs_py:/home/simulations/ros2_sims_ws/install/examples_rclrs_minimal_pub_sub:/home/simulations/ros2_sims_ws/install/examples_rclrs_message_demo:/home/simulations/ros2_sims_ws/install/rclrs:/home/simulations/ros2_sims_ws/install/rosidl_runtime_rs:/home/user/ros2_ws/install/ros2test:/home/user/ros2_ws/install/robotiq_85_driver:/home/user/ros2_ws/install/moveit_configs_utils:/opt/ros/humble _=/usr/bin/env /usr/bin/cmake --build /home/user/ros2_ws/build/robotiq_85_description -- -j8 -l8
[1.070s] Invoking command in '/home/user/ros2_ws/build/robotiq_85_description': CMAKE_PREFIX_PATH=${CMAKE_PREFIX_PATH}:/home/simulations/ros2_sims_ws/install/rclrs_tests:/home/simulations/ros2_sims_ws/install/examples_rclrs_minimal_client_service:/home/simulations/ros2_sims_ws/install/sensor_msgs_py:/home/simulations/ros2_sims_ws/install/examples_rclrs_minimal_pub_sub:/home/simulations/ros2_sims_ws/install/examples_rclrs_message_demo:/home/simulations/ros2_sims_ws/install/rclrs:/home/simulations/ros2_sims_ws/install/rosidl_runtime_rs:/home/user/ros2_ws/install/ros2test:/home/user/ros2_ws/install/robotiq_85_driver:/home/user/ros2_ws/install/moveit_configs_utils:/opt/ros/humble _=/usr/bin/env /usr/bin/cmake --install /home/user/ros2_ws/build/robotiq_85_description
[1.222s] -- Install configuration: ""
[1.222s] -- Up-to-date: /home/user/ros2_ws/install/robotiq_85_description/share/robotiq_85_description/config
[1.223s] -- Up-to-date: /home/user/ros2_ws/install/robotiq_85_description/share/robotiq_85_description/config/gripper_controller.yaml
[1.223s] -- Up-to-date: /home/user/ros2_ws/install/robotiq_85_description/share/robotiq_85_description/config/gripper_controller2.yaml
[1.223s] -- Up-to-date: /home/user/ros2_ws/install/robotiq_85_description/share/robotiq_85_description/config/view_gripper.rviz
[1.224s] -- Up-to-date: /home/user/ros2_ws/install/robotiq_85_description/share/robotiq_85_description/launch
[1.224s] -- Up-to-date: /home/user/ros2_ws/install/robotiq_85_description/share/robotiq_85_description/launch/gazebo.launch.py
[1.224s] -- Up-to-date: /home/user/ros2_ws/install/robotiq_85_description/share/robotiq_85_description/launch/view_gripper.launch.py
[1.224s] -- Up-to-date: /home/user/ros2_ws/install/robotiq_85_description/share/robotiq_85_description/launch/gripper_sim.launch.py
[1.225s] -- Up-to-date: /home/user/ros2_ws/install/robotiq_85_description/share/robotiq_85_description/launch/spawn_robot.launch.py
[1.237s] -- Up-to-date: /home/user/ros2_ws/install/robotiq_85_description/share/robotiq_85_description/meshes
[1.238s] -- Up-to-date: /home/user/ros2_ws/install/robotiq_85_description/share/robotiq_85_description/meshes/collision
[1.239s] -- Up-to-date: /home/user/ros2_ws/install/robotiq_85_description/share/robotiq_85_description/meshes/collision/ur_to_robotiq_adapter.stl
[1.239s] -- Up-to-date: /home/user/ros2_ws/install/robotiq_85_description/share/robotiq_85_description/meshes/collision/robotiq_85_finger_link.stl
[1.239s] -- Up-to-date: /home/user/ros2_ws/install/robotiq_85_description/share/robotiq_85_description/meshes/collision/robotiq_85_base_link.stl
[1.239s] -- Up-to-date: /home/user/ros2_ws/install/robotiq_85_description/share/robotiq_85_description/meshes/collision/robotiq_85_finger_tip_link.stl
[1.240s] -- Up-to-date: /home/user/ros2_ws/install/robotiq_85_description/share/robotiq_85_description/meshes/collision/robotiq_85_inner_knuckle_link.stl
[1.241s] -- Up-to-date: /home/user/ros2_ws/install/robotiq_85_description/share/robotiq_85_description/meshes/collision/robotiq_85_knuckle_link.stl
[1.241s] -- Up-to-date: /home/user/ros2_ws/install/robotiq_85_description/share/robotiq_85_description/meshes/visual
[1.242s] -- Up-to-date: /home/user/ros2_ws/install/robotiq_85_description/share/robotiq_85_description/meshes/visual/robotiq_85_knuckle_link.dae
[1.242s] -- Up-to-date: /home/user/ros2_ws/install/robotiq_85_description/share/robotiq_85_description/meshes/visual/robotiq_85_base_link.dae
[1.242s] -- Up-to-date: /home/user/ros2_ws/install/robotiq_85_description/share/robotiq_85_description/meshes/visual/robotiq_85_inner_knuckle_link.dae
[1.245s] -- Up-to-date: /home/user/ros2_ws/install/robotiq_85_description/share/robotiq_85_description/meshes/visual/ur_to_robotiq_adapter.dae
[1.245s] -- Up-to-date: /home/user/ros2_ws/install/robotiq_85_description/share/robotiq_85_description/meshes/visual/robotiq_85_finger_link.dae
[1.246s] -- Up-to-date: /home/user/ros2_ws/install/robotiq_85_description/share/robotiq_85_description/meshes/visual/robotiq_85_finger_tip_link.dae
[1.246s] -- Up-to-date: /home/user/ros2_ws/install/robotiq_85_description/share/robotiq_85_description/urdf
[1.247s] -- Up-to-date: /home/user/ros2_ws/install/robotiq_85_description/share/robotiq_85_description/urdf/robotiq_85_gripper_macro_gz.urdf.xacro
[1.247s] -- Up-to-date: /home/user/ros2_ws/install/robotiq_85_description/share/robotiq_85_description/urdf/robotiq_arg85_description.urdf.xacro
[1.248s] -- Up-to-date: /home/user/ros2_ws/install/robotiq_85_description/share/robotiq_85_description/urdf/robotiq_85_gripper_gz.ros2_control.xacro
[1.248s] -- Up-to-date: /home/user/ros2_ws/install/robotiq_85_description/share/robotiq_85_description/urdf/robotiq_85_gripper.transmission.xacro
[1.249s] -- Up-to-date: /home/user/ros2_ws/install/robotiq_85_description/share/robotiq_85_description/urdf/right_robotiq_85_gripper.urdf.xacro
[1.249s] -- Up-to-date: /home/user/ros2_ws/install/robotiq_85_description/share/robotiq_85_description/urdf/robotiq_85_gripper.urdf.xacro
[1.249s] -- Up-to-date: /home/user/ros2_ws/install/robotiq_85_description/share/robotiq_85_description/urdf/robotiq_85_gripper.ros2_control.xacro
[1.250s] -- Up-to-date: /home/user/ros2_ws/install/robotiq_85_description/share/robotiq_85_description/urdf/robotiq_85_gripper_sim_base.urdf.xacro
[1.250s] -- Up-to-date: /home/user/ros2_ws/install/robotiq_85_description/share/robotiq_85_description/urdf/robotiq_85_gripper_macro.urdf.xacro
[1.250s] -- Up-to-date: /home/user/ros2_ws/install/robotiq_85_description/share/robotiq_85_description/urdf/left_robotiq_85_gripper.urdf.xacro
[1.250s] -- Up-to-date: /home/user/ros2_ws/install/robotiq_85_description/share/robotiq_85_description/urdf/ur_to_robotiq_adapter.urdf.xacro
[1.251s] -- Up-to-date: /home/user/ros2_ws/install/robotiq_85_description/share/robotiq_85_description/worlds
[1.251s] -- Up-to-date: /home/user/ros2_ws/install/robotiq_85_description/share/ament_index/resource_index/package_run_dependencies/robotiq_85_description
[1.251s] -- Up-to-date: /home/user/ros2_ws/install/robotiq_85_description/share/ament_index/resource_index/parent_prefix_path/robotiq_85_description
[1.251s] -- Up-to-date: /home/user/ros2_ws/install/robotiq_85_description/share/robotiq_85_description/environment/ament_prefix_path.sh
[1.251s] -- Up-to-date: /home/user/ros2_ws/install/robotiq_85_description/share/robotiq_85_description/environment/ament_prefix_path.dsv
[1.252s] -- Up-to-date: /home/user/ros2_ws/install/robotiq_85_description/share/robotiq_85_description/environment/path.sh
[1.252s] -- Up-to-date: /home/user/ros2_ws/install/robotiq_85_description/share/robotiq_85_description/environment/path.dsv
[1.253s] -- Up-to-date: /home/user/ros2_ws/install/robotiq_85_description/share/robotiq_85_description/local_setup.bash
[1.253s] -- Up-to-date: /home/user/ros2_ws/install/robotiq_85_description/share/robotiq_85_description/local_setup.sh
[1.257s] -- Up-to-date: /home/user/ros2_ws/install/robotiq_85_description/share/robotiq_85_description/local_setup.zsh
[1.257s] -- Up-to-date: /home/user/ros2_ws/install/robotiq_85_description/share/robotiq_85_description/local_setup.dsv
[1.258s] -- Installing: /home/user/ros2_ws/install/robotiq_85_description/share/robotiq_85_description/package.dsv
[1.258s] -- Up-to-date: /home/user/ros2_ws/install/robotiq_85_description/share/ament_index/resource_index/packages/robotiq_85_description
[1.258s] -- Up-to-date: /home/user/ros2_ws/install/robotiq_85_description/share/robotiq_85_description/cmake/robotiq_85_descriptionConfig.cmake
[1.259s] -- Up-to-date: /home/user/ros2_ws/install/robotiq_85_description/share/robotiq_85_description/cmake/robotiq_85_descriptionConfig-version.cmake
[1.259s] -- Up-to-date: /home/user/ros2_ws/install/robotiq_85_description/share/robotiq_85_description/package.xml
[1.262s] Invoked command in '/home/user/ros2_ws/build/robotiq_85_description' returned '0': CMAKE_PREFIX_PATH=${CMAKE_PREFIX_PATH}:/home/simulations/ros2_sims_ws/install/rclrs_tests:/home/simulations/ros2_sims_ws/install/examples_rclrs_minimal_client_service:/home/simulations/ros2_sims_ws/install/sensor_msgs_py:/home/simulations/ros2_sims_ws/install/examples_rclrs_minimal_pub_sub:/home/simulations/ros2_sims_ws/install/examples_rclrs_message_demo:/home/simulations/ros2_sims_ws/install/rclrs:/home/simulations/ros2_sims_ws/install/rosidl_runtime_rs:/home/user/ros2_ws/install/ros2test:/home/user/ros2_ws/install/robotiq_85_driver:/home/user/ros2_ws/install/moveit_configs_utils:/opt/ros/humble _=/usr/bin/env /usr/bin/cmake --install /home/user/ros2_ws/build/robotiq_85_description
