[0.324s] Invoking command in '/home/yujian/blob_ws/src/blob_detector': PYTHONPATH=/home/yujian/blob_ws/build/blob_detector/prefix_override:/usr/lib/python3/dist-packages/colcon_core/task/python/colcon_distutils_commands:/home/yujian/blob_ws/install/blob_detector/lib/python3.10/site-packages:${PYTHONPATH} /usr/bin/python3 -W ignore:setup.py install is deprecated -W ignore:easy_install command is deprecated setup.py egg_info --egg-base ../../build/blob_detector build --build-base /home/yujian/blob_ws/build/blob_detector/build install --record /home/yujian/blob_ws/build/blob_detector/install.log --single-version-externally-managed install_data
[0.446s] running egg_info
[0.446s] writing ../../build/blob_detector/blob_detector.egg-info/PKG-INFO
[0.446s] writing dependency_links to ../../build/blob_detector/blob_detector.egg-info/dependency_links.txt
[0.446s] writing entry points to ../../build/blob_detector/blob_detector.egg-info/entry_points.txt
[0.446s] writing requirements to ../../build/blob_detector/blob_detector.egg-info/requires.txt
[0.446s] writing top-level names to ../../build/blob_detector/blob_detector.egg-info/top_level.txt
[0.447s] reading manifest file '../../build/blob_detector/blob_detector.egg-info/SOURCES.txt'
[0.447s] writing manifest file '../../build/blob_detector/blob_detector.egg-info/SOURCES.txt'
[0.447s] running build
[0.447s] running build_py
[0.447s] copying blob_detector/visual_particle.py -> /home/yujian/blob_ws/build/blob_detector/build/lib/blob_detector
[0.447s] copying blob_detector/particle_try.py -> /home/yujian/blob_ws/build/blob_detector/build/lib/blob_detector
[0.447s] running install
[0.447s] running install_lib
[0.448s] copying /home/yujian/blob_ws/build/blob_detector/build/lib/blob_detector/visual_particle.py -> /home/yujian/blob_ws/install/blob_detector/lib/python3.10/site-packages/blob_detector
[0.448s] copying /home/yujian/blob_ws/build/blob_detector/build/lib/blob_detector/particle_try.py -> /home/yujian/blob_ws/install/blob_detector/lib/python3.10/site-packages/blob_detector
[0.448s] byte-compiling /home/yujian/blob_ws/install/blob_detector/lib/python3.10/site-packages/blob_detector/visual_particle.py to visual_particle.cpython-310.pyc
[0.449s] byte-compiling /home/yujian/blob_ws/install/blob_detector/lib/python3.10/site-packages/blob_detector/particle_try.py to particle_try.cpython-310.pyc
[0.450s] running install_data
[0.450s] running install_egg_info
[0.451s] removing '/home/yujian/blob_ws/install/blob_detector/lib/python3.10/site-packages/blob_detector-0.0.1-py3.10.egg-info' (and everything under it)
[0.451s] Copying ../../build/blob_detector/blob_detector.egg-info to /home/yujian/blob_ws/install/blob_detector/lib/python3.10/site-packages/blob_detector-0.0.1-py3.10.egg-info
[0.452s] running install_scripts
[0.463s] Installing blob_detector_node script to /home/yujian/blob_ws/install/blob_detector/lib/blob_detector
[0.463s] Installing visual_particle script to /home/yujian/blob_ws/install/blob_detector/lib/blob_detector
[0.463s] writing list of installed files to '/home/yujian/blob_ws/build/blob_detector/install.log'
[0.477s] Invoked command in '/home/yujian/blob_ws/src/blob_detector' returned '0': PYTHONPATH=/home/yujian/blob_ws/build/blob_detector/prefix_override:/usr/lib/python3/dist-packages/colcon_core/task/python/colcon_distutils_commands:/home/yujian/blob_ws/install/blob_detector/lib/python3.10/site-packages:${PYTHONPATH} /usr/bin/python3 -W ignore:setup.py install is deprecated -W ignore:easy_install command is deprecated setup.py egg_info --egg-base ../../build/blob_detector build --build-base /home/yujian/blob_ws/build/blob_detector/build install --record /home/yujian/blob_ws/build/blob_detector/install.log --single-version-externally-managed install_data
