[35m[1mConsolidate compiler generated dependencies of target first_stage_endeffector[0m
[ 50%] [32mBuilding CXX object CMakeFiles/first_stage_endeffector.dir/src/first_stage_endeffector.cpp.o[0m
[01m[K/home/steven/ros2_ws/src/first_stage/src/first_stage_endeffector/src/first_stage_endeffector.cpp:[m[K In member function ‘[01m[Kvoid RobotController::coordinatesCallback(geometry_msgs::msg::Point_<std::allocator<void> >::SharedPtr)[m[K’:
[01m[K/home/steven/ros2_ws/src/first_stage/src/first_stage_endeffector/src/first_stage_endeffector.cpp:173:7:[m[K [01;31m[Kerror: [m[K‘[01m[Kcurrent_state_arm[m[K’ was not declared in this scope
  173 |       [01;31m[Kcurrent_state_arm[m[K = move_group_arm.getCurrentState(10);
      |       [01;31m[K^~~~~~~~~~~~~~~~~[m[K
[01m[K/home/steven/ros2_ws/src/first_stage/src/first_stage_endeffector/src/first_stage_endeffector.cpp:173:42:[m[K [01;31m[Kerror: [m[K‘[01m[Kclass std::shared_ptr<moveit::planning_interface::MoveGroupInterface>[m[K’ has no member named ‘[01m[KgetCurrentState[m[K’
  173 |       current_state_arm = move_group_arm.[01;31m[KgetCurrentState[m[K(10);
      |                                          [01;31m[K^~~~~~~~~~~~~~~[m[K
[01m[K/home/steven/ros2_ws/src/first_stage/src/first_stage_endeffector/src/first_stage_endeffector.cpp:174:50:[m[K [01;31m[Kerror: [m[K‘[01m[Kjoint_model_group_arm[m[K’ was not declared in this scope
  174 |       current_state_arm->copyJointGroupPositions([01;31m[Kjoint_model_group_arm[m[K, joint_group_positions_arm);
      |                                                  [01;31m[K^~~~~~~~~~~~~~~~~~~~~[m[K
[01m[K/home/steven/ros2_ws/src/first_stage/src/first_stage_endeffector/src/first_stage_endeffector.cpp:174:73:[m[K [01;31m[Kerror: [m[K‘[01m[Kjoint_group_positions_arm[m[K’ was not declared in this scope
  174 |       current_state_arm->copyJointGroupPositions(joint_model_group_arm, [01;31m[Kjoint_group_positions_arm[m[K);
      |                                                                         [01;31m[K^~~~~~~~~~~~~~~~~~~~~~~~~[m[K
[01m[K/home/steven/ros2_ws/src/first_stage/src/first_stage_endeffector/src/first_stage_endeffector.cpp:184:7:[m[K [01;31m[Kerror: [m[K‘[01m[Ktarget_pose4[m[K’ was not declared in this scope; did you mean ‘[01m[Ktarget_pose1[m[K’?
  184 |       [01;31m[Ktarget_pose4[m[K.orientation.x = 1.0;//quaternion.getX();
      |       [01;31m[K^~~~~~~~~~~~[m[K
      |       [32m[Ktarget_pose1[m[K
[01m[K/home/steven/ros2_ws/src/first_stage/src/first_stage_endeffector/src/first_stage_endeffector.cpp:192:22:[m[K [01;31m[Kerror: [m[K‘[01m[Kclass std::shared_ptr<moveit::planning_interface::MoveGroupInterface>[m[K’ has no member named ‘[01m[KsetPoseTarget[m[K’
  192 |       move_group_arm.[01;31m[KsetPoseTarget[m[K(target_pose4);//設定目標 指令
      |                      [01;31m[K^~~~~~~~~~~~~[m[K
[01m[K/home/steven/ros2_ws/src/first_stage/src/first_stage_endeffector/src/first_stage_endeffector.cpp:193:7:[m[K [01;31m[Kerror: [m[K‘[01m[Ksuccess_arm[m[K’ was not declared in this scope; did you mean ‘[01m[Ksuccess[m[K’?
  193 |       [01;31m[Ksuccess_arm[m[K = (move_group_arm.plan(my_plan_arm) == moveit::core::MoveItErrorCode::SUCCESS);
      |       [01;31m[K^~~~~~~~~~~[m[K
      |       [32m[Ksuccess[m[K
[01m[K/home/steven/ros2_ws/src/first_stage/src/first_stage_endeffector/src/first_stage_endeffector.cpp:193:37:[m[K [01;31m[Kerror: [m[K‘[01m[Kclass std::shared_ptr<moveit::planning_interface::MoveGroupInterface>[m[K’ has no member named ‘[01m[Kplan[m[K’
  193 |       success_arm = (move_group_arm.[01;31m[Kplan[m[K(my_plan_arm) == moveit::core::MoveItErrorCode::SUCCESS);
      |                                     [01;31m[K^~~~[m[K
[01m[K/home/steven/ros2_ws/src/first_stage/src/first_stage_endeffector/src/first_stage_endeffector.cpp:193:42:[m[K [01;31m[Kerror: [m[K‘[01m[Kmy_plan_arm[m[K’ was not declared in this scope; did you mean ‘[01m[Kmy_plan[m[K’?
  193 |       success_arm = (move_group_arm.plan([01;31m[Kmy_plan_arm[m[K) == moveit::core::MoveItErrorCode::SUCCESS);
      |                                          [01;31m[K^~~~~~~~~~~[m[K
      |                                          [32m[Kmy_plan[m[K
[01m[K/home/steven/ros2_ws/src/first_stage/src/first_stage_endeffector/src/first_stage_endeffector.cpp:198:22:[m[K [01;31m[Kerror: [m[K‘[01m[Kclass std::shared_ptr<moveit::planning_interface::MoveGroupInterface>[m[K’ has no member named ‘[01m[Kexecute[m[K’
  198 |       move_group_arm.[01;31m[Kexecute[m[K(my_plan_arm);
      |                      [01;31m[K^~~~~~~[m[K
[01m[K/home/steven/ros2_ws/src/first_stage/src/first_stage_endeffector/src/first_stage_endeffector.cpp:201:51:[m[K [01;31m[Kerror: [m[K‘[01m[Kmax_attempts[m[K’ was not declared in this scope
  201 |         while(success_arm == false && attempts2 < [01;31m[Kmax_attempts[m[K){
      |                                                   [01;31m[K^~~~~~~~~~~~[m[K
[01m[K/home/steven/ros2_ws/src/first_stage/src/first_stage_endeffector/src/first_stage_endeffector.cpp:202:39:[m[K [01;31m[Kerror: [m[K‘[01m[Kclass std::shared_ptr<moveit::planning_interface::MoveGroupInterface>[m[K’ has no member named ‘[01m[Kplan[m[K’
  202 |         success_arm = (move_group_arm.[01;31m[Kplan[m[K(my_plan_arm) == moveit::core::MoveItErrorCode::SUCCESS);
      |                                       [01;31m[K^~~~[m[K
[01m[K/home/steven/ros2_ws/src/first_stage/src/first_stage_endeffector/src/first_stage_endeffector.cpp:205:24:[m[K [01;31m[Kerror: [m[K‘[01m[Kclass std::shared_ptr<moveit::planning_interface::MoveGroupInterface>[m[K’ has no member named ‘[01m[Kexecute[m[K’
  205 |         move_group_arm.[01;31m[Kexecute[m[K(my_plan_arm);
      |                        [01;31m[K^~~~~~~[m[K
gmake[2]: *** [CMakeFiles/first_stage_endeffector.dir/build.make:76：CMakeFiles/first_stage_endeffector.dir/src/first_stage_endeffector.cpp.o] 錯誤 1
gmake[1]: *** [CMakeFiles/Makefile2:137：CMakeFiles/first_stage_endeffector.dir/all] 錯誤 2
gmake: *** [Makefile:146：all] 錯誤 2
