[0.015s] Invoking command in '/home/steven/ros2_ws/src/first_stage/build/first_stage_endeffector': CMAKE_PREFIX_PATH=${CMAKE_PREFIX_PATH}:/home/steven/Documents/IIIIIIIII_TEST/first_stage/src/first_stage_endeffector/install/first_stage_endeffector:/home/steven/ros2_ws/install/zed_receiver:/home/steven/ros2_ws/install/zed_camera_publisher:/home/steven/ros2_ws/install/yolov8_realsense:/home/steven/ros2_ws/install/ur5_control:/home/steven/ros2_ws/install/ur5:/home/steven/ros2_ws/install/udp_publisher:/home/steven/ros2_ws/install/rg2:/home/steven/ros2_ws/install/moveit_configs_utils:/home/steven/ros2_ws/install/lego_grasping:/home/steven/ros2_ws/install/first_stage_rg2:/home/steven/ros2_ws/src/first_stage/install/first_stage_rg2:/home/steven/Documents/IIIIIIIII_TEST/first_stage/install/first_stage_rg2:/home/steven/ws_moveit2/install/moveit_configs_utils:/home/steven/ws_moveit2/install/launch_param_builder:/opt/ros/humble /usr/bin/cmake --build /home/steven/ros2_ws/src/first_stage/build/first_stage_endeffector -- -j32 -l32
[0.058s] [35m[1mConsolidate compiler generated dependencies of target first_stage_endeffector[0m
[0.079s] [ 50%] [32mBuilding CXX object CMakeFiles/first_stage_endeffector.dir/src/first_stage_endeffector.cpp.o[0m
[10.558s] [100%] [32m[1mLinking CXX executable first_stage_endeffector[0m
[11.154s] [100%] Built target first_stage_endeffector
[11.163s] Invoked command in '/home/steven/ros2_ws/src/first_stage/build/first_stage_endeffector' returned '0': CMAKE_PREFIX_PATH=${CMAKE_PREFIX_PATH}:/home/steven/Documents/IIIIIIIII_TEST/first_stage/src/first_stage_endeffector/install/first_stage_endeffector:/home/steven/ros2_ws/install/zed_receiver:/home/steven/ros2_ws/install/zed_camera_publisher:/home/steven/ros2_ws/install/yolov8_realsense:/home/steven/ros2_ws/install/ur5_control:/home/steven/ros2_ws/install/ur5:/home/steven/ros2_ws/install/udp_publisher:/home/steven/ros2_ws/install/rg2:/home/steven/ros2_ws/install/moveit_configs_utils:/home/steven/ros2_ws/install/lego_grasping:/home/steven/ros2_ws/install/first_stage_rg2:/home/steven/ros2_ws/src/first_stage/install/first_stage_rg2:/home/steven/Documents/IIIIIIIII_TEST/first_stage/install/first_stage_rg2:/home/steven/ws_moveit2/install/moveit_configs_utils:/home/steven/ws_moveit2/install/launch_param_builder:/opt/ros/humble /usr/bin/cmake --build /home/steven/ros2_ws/src/first_stage/build/first_stage_endeffector -- -j32 -l32
[11.198s] Invoking command in '/home/steven/ros2_ws/src/first_stage/build/first_stage_endeffector': CMAKE_PREFIX_PATH=${CMAKE_PREFIX_PATH}:/home/steven/Documents/IIIIIIIII_TEST/first_stage/src/first_stage_endeffector/install/first_stage_endeffector:/home/steven/ros2_ws/install/zed_receiver:/home/steven/ros2_ws/install/zed_camera_publisher:/home/steven/ros2_ws/install/yolov8_realsense:/home/steven/ros2_ws/install/ur5_control:/home/steven/ros2_ws/install/ur5:/home/steven/ros2_ws/install/udp_publisher:/home/steven/ros2_ws/install/rg2:/home/steven/ros2_ws/install/moveit_configs_utils:/home/steven/ros2_ws/install/lego_grasping:/home/steven/ros2_ws/install/first_stage_rg2:/home/steven/ros2_ws/src/first_stage/install/first_stage_rg2:/home/steven/Documents/IIIIIIIII_TEST/first_stage/install/first_stage_rg2:/home/steven/ws_moveit2/install/moveit_configs_utils:/home/steven/ws_moveit2/install/launch_param_builder:/opt/ros/humble /usr/bin/cmake --install /home/steven/ros2_ws/src/first_stage/build/first_stage_endeffector
[11.204s] -- Install configuration: ""
[11.204s] -- Installing: /home/steven/ros2_ws/src/first_stage/install/first_stage_endeffector/lib/first_stage_endeffector/first_stage_endeffector
[11.207s] -- Set runtime path of "/home/steven/ros2_ws/src/first_stage/install/first_stage_endeffector/lib/first_stage_endeffector/first_stage_endeffector" to ""
[11.207s] -- Up-to-date: /home/steven/ros2_ws/src/first_stage/install/first_stage_endeffector/share/first_stage_endeffector/launch
[11.207s] -- Up-to-date: /home/steven/ros2_ws/src/first_stage/install/first_stage_endeffector/share/first_stage_endeffector/launch/first_stage_endeffector.launch.py
[11.207s] -- Up-to-date: /home/steven/ros2_ws/src/first_stage/install/first_stage_endeffector/share/ament_index/resource_index/package_run_dependencies/first_stage_endeffector
[11.207s] -- Up-to-date: /home/steven/ros2_ws/src/first_stage/install/first_stage_endeffector/share/ament_index/resource_index/parent_prefix_path/first_stage_endeffector
[11.207s] -- Up-to-date: /home/steven/ros2_ws/src/first_stage/install/first_stage_endeffector/share/first_stage_endeffector/environment/ament_prefix_path.sh
[11.208s] -- Up-to-date: /home/steven/ros2_ws/src/first_stage/install/first_stage_endeffector/share/first_stage_endeffector/environment/ament_prefix_path.dsv
[11.208s] -- Up-to-date: /home/steven/ros2_ws/src/first_stage/install/first_stage_endeffector/share/first_stage_endeffector/environment/path.sh
[11.208s] -- Up-to-date: /home/steven/ros2_ws/src/first_stage/install/first_stage_endeffector/share/first_stage_endeffector/environment/path.dsv
[11.208s] -- Up-to-date: /home/steven/ros2_ws/src/first_stage/install/first_stage_endeffector/share/first_stage_endeffector/local_setup.bash
[11.208s] -- Up-to-date: /home/steven/ros2_ws/src/first_stage/install/first_stage_endeffector/share/first_stage_endeffector/local_setup.sh
[11.208s] -- Up-to-date: /home/steven/ros2_ws/src/first_stage/install/first_stage_endeffector/share/first_stage_endeffector/local_setup.zsh
[11.208s] -- Up-to-date: /home/steven/ros2_ws/src/first_stage/install/first_stage_endeffector/share/first_stage_endeffector/local_setup.dsv
[11.208s] -- Installing: /home/steven/ros2_ws/src/first_stage/install/first_stage_endeffector/share/first_stage_endeffector/package.dsv
[11.208s] -- Up-to-date: /home/steven/ros2_ws/src/first_stage/install/first_stage_endeffector/share/ament_index/resource_index/packages/first_stage_endeffector
[11.208s] -- Up-to-date: /home/steven/ros2_ws/src/first_stage/install/first_stage_endeffector/share/first_stage_endeffector/cmake/first_stage_endeffectorConfig.cmake
[11.208s] -- Up-to-date: /home/steven/ros2_ws/src/first_stage/install/first_stage_endeffector/share/first_stage_endeffector/cmake/first_stage_endeffectorConfig-version.cmake
[11.208s] -- Up-to-date: /home/steven/ros2_ws/src/first_stage/install/first_stage_endeffector/share/first_stage_endeffector/package.xml
[11.210s] Invoked command in '/home/steven/ros2_ws/src/first_stage/build/first_stage_endeffector' returned '0': CMAKE_PREFIX_PATH=${CMAKE_PREFIX_PATH}:/home/steven/Documents/IIIIIIIII_TEST/first_stage/src/first_stage_endeffector/install/first_stage_endeffector:/home/steven/ros2_ws/install/zed_receiver:/home/steven/ros2_ws/install/zed_camera_publisher:/home/steven/ros2_ws/install/yolov8_realsense:/home/steven/ros2_ws/install/ur5_control:/home/steven/ros2_ws/install/ur5:/home/steven/ros2_ws/install/udp_publisher:/home/steven/ros2_ws/install/rg2:/home/steven/ros2_ws/install/moveit_configs_utils:/home/steven/ros2_ws/install/lego_grasping:/home/steven/ros2_ws/install/first_stage_rg2:/home/steven/ros2_ws/src/first_stage/install/first_stage_rg2:/home/steven/Documents/IIIIIIIII_TEST/first_stage/install/first_stage_rg2:/home/steven/ws_moveit2/install/moveit_configs_utils:/home/steven/ws_moveit2/install/launch_param_builder:/opt/ros/humble /usr/bin/cmake --install /home/steven/ros2_ws/src/first_stage/build/first_stage_endeffector
