[0.213s] Invoking command in '/home/user/ros2_ws/build/yet_moveit_config': _=/usr/bin/env /usr/bin/cmake /home/user/ros2_ws/src/yet_moveit_config -DCMAKE_INSTALL_PREFIX=/home/user/ros2_ws/install/yet_moveit_config
[0.250s] -- Found ament_cmake: 1.3.4 (/opt/ros/humble/share/ament_cmake/cmake)
[0.979s] Error parsing '/home/user/ros2_ws/src/yet_moveit_config/package.xml':
[0.980s] Traceback (most recent call last):
[0.980s]   File "/opt/ros/humble/share/ament_cmake_core/cmake/core/package_xml_2_cmake.py", line 150, in <module>
[0.980s]     main()
[0.987s]   File "/opt/ros/humble/share/ament_cmake_core/cmake/core/package_xml_2_cmake.py", line 53, in main
[0.987s]     raise e
[0.987s]   File "/opt/ros/humble/share/ament_cmake_core/cmake/core/package_xml_2_cmake.py", line 49, in main
[0.987s]     package = parse_package_string(
[0.987s]   File "/usr/local/lib/python3.10/dist-packages/catkin_pkg/package.py", line 788, in parse_package_string
[0.988s]     pkg.validate(warnings=warnings)
[0.988s]   File "/usr/local/lib/python3.10/dist-packages/catkin_pkg/package.py", line 330, in validate
[0.989s]     raise InvalidPackage('\n'.join(errors), self.filename)
[0.990s] catkin_pkg.package.InvalidPackage: Error(s) in package '/home/user/ros2_ws/src/yet_moveit_config/package.xml':
[0.990s] Invalid email "aezquerro" for person "aezquerro"
[0.990s] Invalid email "aezquerro" for person "aezquerro"
[1.015s] -- Configuring incomplete, errors occurred!
[1.016s] See also "/home/user/ros2_ws/build/yet_moveit_config/CMakeFiles/CMakeOutput.log".
[1.016s] [31mCMake Error at /opt/ros/humble/share/ament_cmake_core/cmake/core/ament_package_xml.cmake:95 (message):
[1.016s]   execute_process(/usr/bin/python3.10
[1.016s]   /opt/ros/humble/share/ament_cmake_core/cmake/core/package_xml_2_cmake.py
[1.016s]   /home/user/ros2_ws/src/yet_moveit_config/package.xml
[1.016s]   /home/user/ros2_ws/build/yet_moveit_config/ament_cmake_core/package.cmake)
[1.017s]   returned error code 1
[1.017s] Call Stack (most recent call first):
[1.017s]   /opt/ros/humble/share/ament_cmake_core/cmake/core/ament_package_xml.cmake:49 (_ament_package_xml)
[1.017s]   /opt/ros/humble/share/ament_cmake_core/cmake/core/ament_package.cmake:63 (ament_package_xml)
[1.017s]   CMakeLists.txt:6 (ament_package)
[1.017s] 
[1.017s] [0m
[1.055s] Invoked command in '/home/user/ros2_ws/build/yet_moveit_config' returned '1': _=/usr/bin/env /usr/bin/cmake /home/user/ros2_ws/src/yet_moveit_config -DCMAKE_INSTALL_PREFIX=/home/user/ros2_ws/install/yet_moveit_config
