[ 25%] Built target test_trajectory
[35m[1mConsolidate compiler generated dependencies of target test_trajectory3[0m
[ 37%] [32mBuilding CXX object CMakeFiles/test_trajectory3.dir/src/test_trajectory3.cpp.o[0m
[01m[K/home/user/ros2_ws/src/moveit2_scripts/src/test_trajectory3.cpp:[m[K In member function '[01m[Kvoid TestTrajectory::go_position1()[m[K':
[01m[K/home/user/ros2_ws/src/moveit2_scripts/src/test_trajectory3.cpp:66:10:[m[K [01;35m[Kwarning: [m[Kunused variable '[01m[Ksuccess_arm[m[K' [[01;35m[K]8;;https://gcc.gnu.org/onlinedocs/gcc/Warning-Options.html#index-Wunused-variable-Wunused-variable]8;;[m[K]
   66 |     bool [01;35m[Ksuccess_arm[m[K = (move_group_arm.plan(my_plan_arm) ==
      |          [01;35m[K^~~~~~~~~~~[m[K
[01m[K/home/user/ros2_ws/src/moveit2_scripts/src/test_trajectory3.cpp:[m[K In member function '[01m[Kvoid TestTrajectory::go_position2()[m[K':
[01m[K/home/user/ros2_ws/src/moveit2_scripts/src/test_trajectory3.cpp:86:10:[m[K [01;35m[Kwarning: [m[Kunused variable '[01m[Ksuccess_arm[m[K' [[01;35m[K]8;;https://gcc.gnu.org/onlinedocs/gcc/Warning-Options.html#index-Wunused-variable-Wunused-variable]8;;[m[K]
   86 |     bool [01;35m[Ksuccess_arm[m[K =
      |          [01;35m[K^~~~~~~~~~~[m[K
[ 50%] [32m[1mLinking CXX executable test_trajectory3[0m
[ 50%] Built target test_trajectory3
[ 75%] Built target exec_traj
[100%] Built target test_trajectory2
-- Install configuration: ""
-- Up-to-date: /home/user/ros2_ws/install/moveit2_scripts/lib/moveit2_scripts/test_trajectory
-- Up-to-date: /home/user/ros2_ws/install/moveit2_scripts/lib/moveit2_scripts/test_trajectory2
-- Up-to-date: /home/user/ros2_ws/install/moveit2_scripts/lib/moveit2_scripts/exec_traj
-- Installing: /home/user/ros2_ws/install/moveit2_scripts/lib/moveit2_scripts/test_trajectory3
-- Set runtime path of "/home/user/ros2_ws/install/moveit2_scripts/lib/moveit2_scripts/test_trajectory3" to ""
-- Up-to-date: /home/user/ros2_ws/install/moveit2_scripts/share/moveit2_scripts/launch
-- Up-to-date: /home/user/ros2_ws/install/moveit2_scripts/share/moveit2_scripts/launch/test_trajectory.launch.py
-- Up-to-date: /home/user/ros2_ws/install/moveit2_scripts/share/ament_index/resource_index/package_run_dependencies/moveit2_scripts
-- Up-to-date: /home/user/ros2_ws/install/moveit2_scripts/share/ament_index/resource_index/parent_prefix_path/moveit2_scripts
-- Up-to-date: /home/user/ros2_ws/install/moveit2_scripts/share/moveit2_scripts/environment/ament_prefix_path.sh
-- Up-to-date: /home/user/ros2_ws/install/moveit2_scripts/share/moveit2_scripts/environment/ament_prefix_path.dsv
-- Up-to-date: /home/user/ros2_ws/install/moveit2_scripts/share/moveit2_scripts/environment/path.sh
-- Up-to-date: /home/user/ros2_ws/install/moveit2_scripts/share/moveit2_scripts/environment/path.dsv
-- Up-to-date: /home/user/ros2_ws/install/moveit2_scripts/share/moveit2_scripts/local_setup.bash
-- Up-to-date: /home/user/ros2_ws/install/moveit2_scripts/share/moveit2_scripts/local_setup.sh
-- Up-to-date: /home/user/ros2_ws/install/moveit2_scripts/share/moveit2_scripts/local_setup.zsh
-- Up-to-date: /home/user/ros2_ws/install/moveit2_scripts/share/moveit2_scripts/local_setup.dsv
-- Installing: /home/user/ros2_ws/install/moveit2_scripts/share/moveit2_scripts/package.dsv
-- Up-to-date: /home/user/ros2_ws/install/moveit2_scripts/share/ament_index/resource_index/packages/moveit2_scripts
-- Up-to-date: /home/user/ros2_ws/install/moveit2_scripts/share/moveit2_scripts/cmake/moveit2_scriptsConfig.cmake
-- Up-to-date: /home/user/ros2_ws/install/moveit2_scripts/share/moveit2_scripts/cmake/moveit2_scriptsConfig-version.cmake
-- Up-to-date: /home/user/ros2_ws/install/moveit2_scripts/share/moveit2_scripts/package.xml
