[0.052s] Invoking command in '/home/user/ros2_ws/build/moveit_core': CMAKE_PREFIX_PATH=/home/user/ros2_ws/install/moveit_common:/home/simulations/ros2_sims_ws/install/common_interfaces:/home/simulations/ros2_sims_ws/install/visualization_msgs:/home/simulations/ros2_sims_ws/install/test_msgs:/home/simulations/ros2_sims_ws/install/example_interfaces:/home/simulations/ros2_sims_ws/install/action_msgs:/home/simulations/ros2_sims_ws/install/unique_identifier_msgs:/home/simulations/ros2_sims_ws/install/trajectory_msgs:/home/simulations/ros2_sims_ws/install/test_interface_files:/home/simulations/ros2_sims_ws/install/stereo_msgs:/home/simulations/ros2_sims_ws/install/std_srvs:/home/simulations/ros2_sims_ws/install/shape_msgs:/home/simulations/ros2_sims_ws/install/sensor_msgs:/home/simulations/ros2_sims_ws/install/nav_msgs:/home/simulations/ros2_sims_ws/install/diagnostic_msgs:/home/simulations/ros2_sims_ws/install/geometry_msgs:/home/simulations/ros2_sims_ws/install/actionlib_msgs:/home/simulations/ros2_sims_ws/install/std_msgs:/home/simulations/ros2_sims_ws/install/statistics_msgs:/home/simulations/ros2_sims_ws/install/rosgraph_msgs:/home/simulations/ros2_sims_ws/install/rclrs_example_msgs:/home/simulations/ros2_sims_ws/install/composition_interfaces:/home/simulations/ros2_sims_ws/install/rcl_interfaces:/home/simulations/ros2_sims_ws/install/lifecycle_msgs:/home/simulations/ros2_sims_ws/install/builtin_interfaces:/home/simulations/ros2_sims_ws/install/rosidl_default_runtime:/home/simulations/ros2_sims_ws/install/rosidl_default_generators:/home/simulations/ros2_sims_ws/install/rosidl_generator_rs:/home/user/ros2_ws/install/ur_simulation_gazebo:/home/user/ros2_ws/install/ur3e_moveit_config:/home/user/ros2_ws/install/my_moveit2_config:/home/user/ros2_ws/install/ur_description:/home/user/ros2_ws/install/the_construct_office_gazebo:/home/user/ros2_ws/install/ros_testing:/home/user/ros2_ws/install/robotnik_sensors_gazebo:/home/user/ros2_ws/install/robotnik_sensors:/home/user/ros2_ws/install/robotiq_85_gripper:/home/user/ros2_ws/install/robotiq_85_msgs:/home/user/ros2_ws/install/robotiq_85_description:/home/user/ros2_ws/install/rg2_gripper_description:/home/user/ros2_ws/install/pilz_industrial_motion_planner_testutils:/home/user/ros2_ws/install/moveit_runtime:/home/user/ros2_ws/install/moveit:/home/user/ros2_ws/install/moveit_planners:/home/user/ros2_ws/install/pilz_industrial_motion_planner:/home/user/ros2_ws/install/moveit_ros_control_interface:/home/user/ros2_ws/install/moveit_plugins:/home/user/ros2_ws/install/moveit_simple_controller_manager:/home/user/ros2_ws/install/moveit_setup_assistant:/home/user/ros2_ws/install/moveit_setup_srdf_plugins:/home/user/ros2_ws/install/moveit_setup_core_plugins:/home/user/ros2_ws/install/moveit_setup_controllers:/home/user/ros2_ws/install/moveit_setup_app_plugins:/home/user/ros2_ws/install/moveit_setup_framework:/home/user/ros2_ws/install/moveit_servo:/home/user/ros2_ws/install/moveit_ros:/home/user/ros2_ws/install/moveit_ros_visualization:/home/user/ros2_ws/install/moveit_hybrid_planning:/home/user/ros2_ws/install/moveit_ros_planning_interface:/home/user/ros2_ws/install/moveit_ros_benchmarks:/home/user/ros2_ws/install/moveit_ros_warehouse:/home/user/ros2_ws/install/moveit_ros_robot_interaction:/home/user/ros2_ws/install/moveit_ros_perception:/home/user/ros2_ws/install/moveit_resources_prbt_pg70_support:/home/user/ros2_ws/install/moveit_resources_prbt_moveit_config:/home/user/ros2_ws/install/moveit_ros_move_group:/home/user/ros2_ws/install/moveit_planners_ompl:/home/user/ros2_ws/install/moveit_ros_planning:/home/user/ros2_ws/install/moveit_ros_occupancy_map_monitor:/home/user/ros2_ws/install/moveit_resources_prbt_support:/home/user/ros2_ws/install/moveit_resources_prbt_ikfast_manipulator_plugin:/home/user/ros2_ws/install/moveit_planners_chomp:/home/user/ros2_ws/install/moveit_kinematics:/home/user/ros2_ws/install/moveit_chomp_optimizer_adapter:/home/user/ros2_ws/install/chomp_motion_planner:/home/user/ros2_ws/install/moveit_core:/home/user/ros2_ws/install/gazebo_ros2_control_demos:/home/user/ros2_ws/install/gazebo_ros2_control:/home/simulations/ros2_sims_ws/install/rclrs_tests:/home/simulations/ros2_sims_ws/install/examples_rclrs_minimal_client_service:/home/simulations/ros2_sims_ws/install/sensor_msgs_py:/home/simulations/ros2_sims_ws/install/examples_rclrs_minimal_pub_sub:/home/simulations/ros2_sims_ws/install/examples_rclrs_message_demo:/home/simulations/ros2_sims_ws/install/rclrs:/home/simulations/ros2_sims_ws/install/rosidl_runtime_rs:/home/user/ros2_ws/install/ros2test:/home/user/ros2_ws/install/robotiq_85_driver:/home/user/ros2_ws/install/moveit_configs_utils:/opt/ros/humble _=/usr/bin/env /usr/bin/cmake /home/user/ros2_ws/src/universal_robot_ros2/moveit2/moveit_core -DCMAKE_INSTALL_PREFIX=/home/user/ros2_ws/install/moveit_core
[0.210s] -- The CXX compiler identification is GNU 11.3.0
[0.219s] -- Detecting CXX compiler ABI info
[0.375s] -- Detecting CXX compiler ABI info - done
[0.389s] -- Check for working CXX compiler: /usr/bin/c++ - skipped
[0.389s] -- Detecting CXX compile features
[0.390s] -- Detecting CXX compile features - done
[0.391s] -- Found moveit_common: 2.5.4 (/home/user/ros2_ws/install/moveit_common/share/moveit_common/cmake)
[0.404s] -- Found ament_cmake: 1.3.4 (/opt/ros/humble/share/ament_cmake/cmake)
[0.943s] -- Found Python3: /usr/bin/python3.10 (found version "3.10.6") found components: Interpreter 
[1.562s] -- Found libdw: /usr/lib/x86_64-linux-gnu/libdw.so  
[1.739s] -- Could NOT find libbfd (missing: LIBBFD_LIBRARY LIBBFD_INCLUDE_DIR) 
[1.740s] -- BACKWARD_HAS_UNWIND=1
[1.740s] -- BACKWARD_HAS_BACKTRACE=0
[1.740s] -- BACKWARD_HAS_BACKTRACE_SYMBOL=0
[1.740s] -- BACKWARD_HAS_DW=1
[1.740s] -- BACKWARD_HAS_BFD=0
[1.741s] -- Found Backward: /opt/ros/humble/share/backward_ros/cmake  
[1.742s] [0mmoveit_core: You did not request a specific build type: Choosing 'Release' for maximum performance[0m
[1.742s] -- Found rclcpp: 16.0.4 (/opt/ros/humble/share/rclcpp/cmake)
[1.974s] -- Found rosidl_generator_c: 3.1.4 (/opt/ros/humble/share/rosidl_generator_c/cmake)
[2.009s] -- Found rosidl_adapter: 3.1.4 (/opt/ros/humble/share/rosidl_adapter/cmake)
[2.060s] -- Found rosidl_generator_cpp: 3.1.4 (/opt/ros/humble/share/rosidl_generator_cpp/cmake)
[2.128s] -- Using all available rosidl_typesupport_c: rosidl_typesupport_fastrtps_c;rosidl_typesupport_introspection_c
[2.201s] -- Using all available rosidl_typesupport_cpp: rosidl_typesupport_fastrtps_cpp;rosidl_typesupport_introspection_cpp
[2.647s] -- Found rmw_implementation_cmake: 6.1.1 (/opt/ros/humble/share/rmw_implementation_cmake/cmake)
[2.670s] -- Found rmw_fastrtps_cpp: 6.2.2 (/opt/ros/humble/share/rmw_fastrtps_cpp/cmake)
[3.283s] -- Found OpenSSL: /usr/lib/x86_64-linux-gnu/libcrypto.so (found version "3.0.2")  
[3.350s] -- Found FastRTPS: /opt/ros/humble/include  
[3.459s] -- Using RMW implementation 'rmw_fastrtps_cpp' as default
[3.627s] -- Looking for C++ include pthread.h
[4.413s] -- Looking for C++ include pthread.h - found
[4.413s] -- Performing Test CMAKE_HAVE_LIBC_PTHREAD
[4.704s] -- Performing Test CMAKE_HAVE_LIBC_PTHREAD - Success
[4.706s] -- Found Threads: TRUE  
[5.107s] -- Found eigen3_cmake_module: 0.1.1 (/opt/ros/humble/share/eigen3_cmake_module/cmake)
[5.250s] -- Found Eigen3: TRUE (found version "3.4.0") 
[5.258s] -- Found PkgConfig: /usr/bin/pkg-config (found version "0.29.2") 
[5.260s] -- Checking for module 'fcl>=0.5.0'
[5.375s] --   Found fcl, version 0.7.0
[5.593s] -- Found Bullet: /usr/lib/x86_64-linux-gnu/libBulletDynamics.so (Required is at least version "2.87") 
[5.604s] -- Found angles: 1.15.0 (/opt/ros/humble/share/angles/cmake)
[5.838s] -- Found urdf: 2.6.0 (/opt/ros/humble/share/urdf/cmake)
[5.952s] -- Found tf2_eigen: 0.25.2 (/opt/ros/humble/share/tf2_eigen/cmake)
[7.016s] -- Found tf2_kdl: 0.25.2 (/opt/ros/humble/share/tf2_kdl/cmake)
[7.102s] -- Ensuring Eigen3 include directory is part of orocos-kdl CMake target
[7.146s] -- Found tf2_geometry_msgs: 0.25.2 (/opt/ros/humble/share/tf2_geometry_msgs/cmake)
[7.192s] -- Found eigen_stl_containers: 1.0.0 (/opt/ros/humble/share/eigen_stl_containers/cmake)
[7.213s] -- Found generate_parameter_library: 0.3.3 (/opt/ros/humble/share/generate_parameter_library/cmake)
[7.232s] -- Found parameter_traits: 0.3.3 (/opt/ros/humble/share/parameter_traits/cmake)
[7.342s] -- Found rclcpp_lifecycle: 16.0.4 (/opt/ros/humble/share/rclcpp_lifecycle/cmake)
[7.425s] -- Found geometric_shapes: 2.1.3 (/opt/ros/humble/share/geometric_shapes/cmake)
[7.461s] -- Found Boost: /usr/lib/x86_64-linux-gnu/cmake/Boost-1.74.0/BoostConfig.cmake (found version "1.74.0") found components: filesystem 
[7.677s] -- library: /usr/lib/x86_64-linux-gnu/libcurl.so
[8.321s] -- Found kdl_parser: 2.6.4 (/opt/ros/humble/share/kdl_parser/cmake)
[8.342s] -- Found moveit_msgs: 2.2.1 (/opt/ros/humble/share/moveit_msgs/cmake)
[9.370s] -- Found srdfdom: 2.0.4 (/opt/ros/humble/share/srdfdom/cmake)
[9.378s] -- Found common_interfaces: 4.2.3 (/home/simulations/ros2_sims_ws/install/common_interfaces/share/common_interfaces/cmake)
[9.491s] -- Found Boost: /usr/lib/x86_64-linux-gnu/cmake/Boost-1.74.0/BoostConfig.cmake (found version "1.74.0") found components: chrono date_time filesystem iostreams program_options regex serialization system thread 
[9.494s] --  *** Building MoveIt 2.5.4-Alpha ***
[9.504s] -- Performing Test COMPILER_HAS_HIDDEN_VISIBILITY
[9.659s] -- Performing Test COMPILER_HAS_HIDDEN_VISIBILITY - Success
[9.659s] -- Performing Test COMPILER_HAS_HIDDEN_INLINE_VISIBILITY
[9.811s] -- Performing Test COMPILER_HAS_HIDDEN_INLINE_VISIBILITY - Success
[9.811s] -- Performing Test COMPILER_HAS_DEPRECATED_ATTR
[9.991s] -- Performing Test COMPILER_HAS_DEPRECATED_ATTR - Success
[10.033s] -- Found ament_cmake_gtest: 1.3.4 (/opt/ros/humble/share/ament_cmake_gtest/cmake)
[10.046s] -- Found gtest sources under '/opt/ros/humble/src/gtest_vendor': C++ tests using 'Google Test' will be built
[10.098s] -- The C compiler identification is GNU 11.3.0
[10.108s] -- Detecting C compiler ABI info
[10.248s] -- Detecting C compiler ABI info - done
[10.257s] -- Check for working C compiler: /usr/bin/cc - skipped
[10.257s] -- Detecting C compile features
[10.258s] -- Detecting C compile features - done
[10.306s] -- Found ament_cmake_gmock: 1.3.4 (/opt/ros/humble/share/ament_cmake_gmock/cmake)
[10.322s] -- Found gmock sources under '/opt/ros/humble/src/gmock_vendor': C++ tests using 'Google Mock' will be built
[10.330s] -- Found ament_cmake_gtest: 1.3.4 (/opt/ros/humble/share/ament_cmake_gtest/cmake)
[10.331s] -- Found gtest sources under '/opt/ros/humble/src/gtest_vendor': C++ tests using 'Google Test' will be built
[10.370s] -- Found ament_cmake_gtest: 1.3.4 (/opt/ros/humble/share/ament_cmake_gtest/cmake)
[10.371s] -- Found gtest sources under '/opt/ros/humble/src/gtest_vendor': C++ tests using 'Google Test' will be built
[10.463s] -- Found ament_cmake_gtest: 1.3.4 (/opt/ros/humble/share/ament_cmake_gtest/cmake)
[10.464s] -- Found gtest sources under '/opt/ros/humble/src/gtest_vendor': C++ tests using 'Google Test' will be built
[10.504s] -- Found ament_lint_auto: 0.12.6 (/opt/ros/humble/share/ament_lint_auto/cmake)
[10.505s] -- Found ament_cmake_gtest: 1.3.4 (/opt/ros/humble/share/ament_cmake_gtest/cmake)
[10.506s] -- Found gtest sources under '/opt/ros/humble/src/gtest_vendor': C++ tests using 'Google Test' will be built
[10.588s] -- Found ament_cmake_gtest: 1.3.4 (/opt/ros/humble/share/ament_cmake_gtest/cmake)
[10.589s] -- Found gtest sources under '/opt/ros/humble/src/gtest_vendor': C++ tests using 'Google Test' will be built
[10.643s] -- Found ament_cmake_gtest: 1.3.4 (/opt/ros/humble/share/ament_cmake_gtest/cmake)
[10.644s] -- Found gtest sources under '/opt/ros/humble/src/gtest_vendor': C++ tests using 'Google Test' will be built
[10.700s] -- Found ament_cmake_gtest: 1.3.4 (/opt/ros/humble/share/ament_cmake_gtest/cmake)
[10.703s] -- Found gtest sources under '/opt/ros/humble/src/gtest_vendor': C++ tests using 'Google Test' will be built
[10.738s] -- Found gtest sources under '/opt/ros/humble/src/gtest_vendor': C++ tests using 'Google Test' will be built
[10.769s] -- Found gtest sources under '/opt/ros/humble/src/gtest_vendor': C++ tests using 'Google Test' will be built
[10.818s] -- Found ament_cmake_gtest: 1.3.4 (/opt/ros/humble/share/ament_cmake_gtest/cmake)
[10.820s] -- Found gtest sources under '/opt/ros/humble/src/gtest_vendor': C++ tests using 'Google Test' will be built
[10.942s] -- Found gtest sources under '/opt/ros/humble/src/gtest_vendor': C++ tests using 'Google Test' will be built
[11.032s] -- Found gtest sources under '/opt/ros/humble/src/gtest_vendor': C++ tests using 'Google Test' will be built
[11.080s] -- Found gtest sources under '/opt/ros/humble/src/gtest_vendor': C++ tests using 'Google Test' will be built
[11.090s] -- Found ament_lint_auto: 0.12.6 (/opt/ros/humble/share/ament_lint_auto/cmake)
[11.201s] -- Added test 'cppcheck' to perform static code analysis on C / C++ code
[11.202s] -- Configured cppcheck include dirs: /home/user/ros2_ws/src/universal_robot_ros2/moveit2/moveit_core/exceptions/include;/home/user/ros2_ws/src/universal_robot_ros2/moveit2/moveit_core/collision_detection/include;/home/user/ros2_ws/src/universal_robot_ros2/moveit2/moveit_core/collision_detection_fcl/include;/home/user/ros2_ws/src/universal_robot_ros2/moveit2/moveit_core/collision_detection_bullet/include;/home/user/ros2_ws/src/universal_robot_ros2/moveit2/moveit_core/constraint_samplers/include;/home/user/ros2_ws/src/universal_robot_ros2/moveit2/moveit_core/controller_manager/include;/home/user/ros2_ws/src/universal_robot_ros2/moveit2/moveit_core/distance_field/include;/home/user/ros2_ws/src/universal_robot_ros2/moveit2/moveit_core/collision_distance_field/include;/home/user/ros2_ws/src/universal_robot_ros2/moveit2/moveit_core/dynamics_solver/include;/home/user/ros2_ws/src/universal_robot_ros2/moveit2/moveit_core/kinematics_base/include;/home/user/ros2_ws/src/universal_robot_ros2/moveit2/moveit_core/kinematics_metrics/include;/home/user/ros2_ws/src/universal_robot_ros2/moveit2/moveit_core/robot_model/include;/home/user/ros2_ws/src/universal_robot_ros2/moveit2/moveit_core/transforms/include;/home/user/ros2_ws/src/universal_robot_ros2/moveit2/moveit_core/robot_state/include;/home/user/ros2_ws/src/universal_robot_ros2/moveit2/moveit_core/robot_trajectory/include;/home/user/ros2_ws/src/universal_robot_ros2/moveit2/moveit_core/kinematic_constraints/include;/home/user/ros2_ws/src/universal_robot_ros2/moveit2/moveit_core/macros/include;/home/user/ros2_ws/src/universal_robot_ros2/moveit2/moveit_core/online_signal_smoothing/include;/home/user/ros2_ws/src/universal_robot_ros2/moveit2/moveit_core/planning_interface/include;/home/user/ros2_ws/src/universal_robot_ros2/moveit2/moveit_core/planning_request_adapter/include;/home/user/ros2_ws/src/universal_robot_ros2/moveit2/moveit_core/planning_scene/include;/home/user/ros2_ws/src/universal_robot_ros2/moveit2/moveit_core/sensor_manager/include;/home/user/ros2_ws/src/universal_robot_ros2/moveit2/moveit_core/trajectory_processing/include;/home/user/ros2_ws/src/universal_robot_ros2/moveit2/moveit_core/utils/include
[11.203s] -- Configured cppcheck exclude dirs and/or files: 
[11.208s] -- Added test 'pep257' to check Python code against some of the docstring style conventions in PEP 257
[11.215s] -- Added test 'xmllint' to check XML markup files
[11.224s] -- Configuring done
[13.219s] -- Generating done
[13.235s] -- Build files have been written to: /home/user/ros2_ws/build/moveit_core
[13.283s] Invoked command in '/home/user/ros2_ws/build/moveit_core' returned '0': CMAKE_PREFIX_PATH=/home/user/ros2_ws/install/moveit_common:/home/simulations/ros2_sims_ws/install/common_interfaces:/home/simulations/ros2_sims_ws/install/visualization_msgs:/home/simulations/ros2_sims_ws/install/test_msgs:/home/simulations/ros2_sims_ws/install/example_interfaces:/home/simulations/ros2_sims_ws/install/action_msgs:/home/simulations/ros2_sims_ws/install/unique_identifier_msgs:/home/simulations/ros2_sims_ws/install/trajectory_msgs:/home/simulations/ros2_sims_ws/install/test_interface_files:/home/simulations/ros2_sims_ws/install/stereo_msgs:/home/simulations/ros2_sims_ws/install/std_srvs:/home/simulations/ros2_sims_ws/install/shape_msgs:/home/simulations/ros2_sims_ws/install/sensor_msgs:/home/simulations/ros2_sims_ws/install/nav_msgs:/home/simulations/ros2_sims_ws/install/diagnostic_msgs:/home/simulations/ros2_sims_ws/install/geometry_msgs:/home/simulations/ros2_sims_ws/install/actionlib_msgs:/home/simulations/ros2_sims_ws/install/std_msgs:/home/simulations/ros2_sims_ws/install/statistics_msgs:/home/simulations/ros2_sims_ws/install/rosgraph_msgs:/home/simulations/ros2_sims_ws/install/rclrs_example_msgs:/home/simulations/ros2_sims_ws/install/composition_interfaces:/home/simulations/ros2_sims_ws/install/rcl_interfaces:/home/simulations/ros2_sims_ws/install/lifecycle_msgs:/home/simulations/ros2_sims_ws/install/builtin_interfaces:/home/simulations/ros2_sims_ws/install/rosidl_default_runtime:/home/simulations/ros2_sims_ws/install/rosidl_default_generators:/home/simulations/ros2_sims_ws/install/rosidl_generator_rs:/home/user/ros2_ws/install/ur_simulation_gazebo:/home/user/ros2_ws/install/ur3e_moveit_config:/home/user/ros2_ws/install/my_moveit2_config:/home/user/ros2_ws/install/ur_description:/home/user/ros2_ws/install/the_construct_office_gazebo:/home/user/ros2_ws/install/ros_testing:/home/user/ros2_ws/install/robotnik_sensors_gazebo:/home/user/ros2_ws/install/robotnik_sensors:/home/user/ros2_ws/install/robotiq_85_gripper:/home/user/ros2_ws/install/robotiq_85_msgs:/home/user/ros2_ws/install/robotiq_85_description:/home/user/ros2_ws/install/rg2_gripper_description:/home/user/ros2_ws/install/pilz_industrial_motion_planner_testutils:/home/user/ros2_ws/install/moveit_runtime:/home/user/ros2_ws/install/moveit:/home/user/ros2_ws/install/moveit_planners:/home/user/ros2_ws/install/pilz_industrial_motion_planner:/home/user/ros2_ws/install/moveit_ros_control_interface:/home/user/ros2_ws/install/moveit_plugins:/home/user/ros2_ws/install/moveit_simple_controller_manager:/home/user/ros2_ws/install/moveit_setup_assistant:/home/user/ros2_ws/install/moveit_setup_srdf_plugins:/home/user/ros2_ws/install/moveit_setup_core_plugins:/home/user/ros2_ws/install/moveit_setup_controllers:/home/user/ros2_ws/install/moveit_setup_app_plugins:/home/user/ros2_ws/install/moveit_setup_framework:/home/user/ros2_ws/install/moveit_servo:/home/user/ros2_ws/install/moveit_ros:/home/user/ros2_ws/install/moveit_ros_visualization:/home/user/ros2_ws/install/moveit_hybrid_planning:/home/user/ros2_ws/install/moveit_ros_planning_interface:/home/user/ros2_ws/install/moveit_ros_benchmarks:/home/user/ros2_ws/install/moveit_ros_warehouse:/home/user/ros2_ws/install/moveit_ros_robot_interaction:/home/user/ros2_ws/install/moveit_ros_perception:/home/user/ros2_ws/install/moveit_resources_prbt_pg70_support:/home/user/ros2_ws/install/moveit_resources_prbt_moveit_config:/home/user/ros2_ws/install/moveit_ros_move_group:/home/user/ros2_ws/install/moveit_planners_ompl:/home/user/ros2_ws/install/moveit_ros_planning:/home/user/ros2_ws/install/moveit_ros_occupancy_map_monitor:/home/user/ros2_ws/install/moveit_resources_prbt_support:/home/user/ros2_ws/install/moveit_resources_prbt_ikfast_manipulator_plugin:/home/user/ros2_ws/install/moveit_planners_chomp:/home/user/ros2_ws/install/moveit_kinematics:/home/user/ros2_ws/install/moveit_chomp_optimizer_adapter:/home/user/ros2_ws/install/chomp_motion_planner:/home/user/ros2_ws/install/moveit_core:/home/user/ros2_ws/install/gazebo_ros2_control_demos:/home/user/ros2_ws/install/gazebo_ros2_control:/home/simulations/ros2_sims_ws/install/rclrs_tests:/home/simulations/ros2_sims_ws/install/examples_rclrs_minimal_client_service:/home/simulations/ros2_sims_ws/install/sensor_msgs_py:/home/simulations/ros2_sims_ws/install/examples_rclrs_minimal_pub_sub:/home/simulations/ros2_sims_ws/install/examples_rclrs_message_demo:/home/simulations/ros2_sims_ws/install/rclrs:/home/simulations/ros2_sims_ws/install/rosidl_runtime_rs:/home/user/ros2_ws/install/ros2test:/home/user/ros2_ws/install/robotiq_85_driver:/home/user/ros2_ws/install/moveit_configs_utils:/opt/ros/humble _=/usr/bin/env /usr/bin/cmake /home/user/ros2_ws/src/universal_robot_ros2/moveit2/moveit_core -DCMAKE_INSTALL_PREFIX=/home/user/ros2_ws/install/moveit_core
[13.285s] Invoking command in '/home/user/ros2_ws/build/moveit_core': CMAKE_PREFIX_PATH=/home/user/ros2_ws/install/moveit_common:/home/simulations/ros2_sims_ws/install/common_interfaces:/home/simulations/ros2_sims_ws/install/visualization_msgs:/home/simulations/ros2_sims_ws/install/test_msgs:/home/simulations/ros2_sims_ws/install/example_interfaces:/home/simulations/ros2_sims_ws/install/action_msgs:/home/simulations/ros2_sims_ws/install/unique_identifier_msgs:/home/simulations/ros2_sims_ws/install/trajectory_msgs:/home/simulations/ros2_sims_ws/install/test_interface_files:/home/simulations/ros2_sims_ws/install/stereo_msgs:/home/simulations/ros2_sims_ws/install/std_srvs:/home/simulations/ros2_sims_ws/install/shape_msgs:/home/simulations/ros2_sims_ws/install/sensor_msgs:/home/simulations/ros2_sims_ws/install/nav_msgs:/home/simulations/ros2_sims_ws/install/diagnostic_msgs:/home/simulations/ros2_sims_ws/install/geometry_msgs:/home/simulations/ros2_sims_ws/install/actionlib_msgs:/home/simulations/ros2_sims_ws/install/std_msgs:/home/simulations/ros2_sims_ws/install/statistics_msgs:/home/simulations/ros2_sims_ws/install/rosgraph_msgs:/home/simulations/ros2_sims_ws/install/rclrs_example_msgs:/home/simulations/ros2_sims_ws/install/composition_interfaces:/home/simulations/ros2_sims_ws/install/rcl_interfaces:/home/simulations/ros2_sims_ws/install/lifecycle_msgs:/home/simulations/ros2_sims_ws/install/builtin_interfaces:/home/simulations/ros2_sims_ws/install/rosidl_default_runtime:/home/simulations/ros2_sims_ws/install/rosidl_default_generators:/home/simulations/ros2_sims_ws/install/rosidl_generator_rs:/home/user/ros2_ws/install/ur_simulation_gazebo:/home/user/ros2_ws/install/ur3e_moveit_config:/home/user/ros2_ws/install/my_moveit2_config:/home/user/ros2_ws/install/ur_description:/home/user/ros2_ws/install/the_construct_office_gazebo:/home/user/ros2_ws/install/ros_testing:/home/user/ros2_ws/install/robotnik_sensors_gazebo:/home/user/ros2_ws/install/robotnik_sensors:/home/user/ros2_ws/install/robotiq_85_gripper:/home/user/ros2_ws/install/robotiq_85_msgs:/home/user/ros2_ws/install/robotiq_85_description:/home/user/ros2_ws/install/rg2_gripper_description:/home/user/ros2_ws/install/pilz_industrial_motion_planner_testutils:/home/user/ros2_ws/install/moveit_runtime:/home/user/ros2_ws/install/moveit:/home/user/ros2_ws/install/moveit_planners:/home/user/ros2_ws/install/pilz_industrial_motion_planner:/home/user/ros2_ws/install/moveit_ros_control_interface:/home/user/ros2_ws/install/moveit_plugins:/home/user/ros2_ws/install/moveit_simple_controller_manager:/home/user/ros2_ws/install/moveit_setup_assistant:/home/user/ros2_ws/install/moveit_setup_srdf_plugins:/home/user/ros2_ws/install/moveit_setup_core_plugins:/home/user/ros2_ws/install/moveit_setup_controllers:/home/user/ros2_ws/install/moveit_setup_app_plugins:/home/user/ros2_ws/install/moveit_setup_framework:/home/user/ros2_ws/install/moveit_servo:/home/user/ros2_ws/install/moveit_ros:/home/user/ros2_ws/install/moveit_ros_visualization:/home/user/ros2_ws/install/moveit_hybrid_planning:/home/user/ros2_ws/install/moveit_ros_planning_interface:/home/user/ros2_ws/install/moveit_ros_benchmarks:/home/user/ros2_ws/install/moveit_ros_warehouse:/home/user/ros2_ws/install/moveit_ros_robot_interaction:/home/user/ros2_ws/install/moveit_ros_perception:/home/user/ros2_ws/install/moveit_resources_prbt_pg70_support:/home/user/ros2_ws/install/moveit_resources_prbt_moveit_config:/home/user/ros2_ws/install/moveit_ros_move_group:/home/user/ros2_ws/install/moveit_planners_ompl:/home/user/ros2_ws/install/moveit_ros_planning:/home/user/ros2_ws/install/moveit_ros_occupancy_map_monitor:/home/user/ros2_ws/install/moveit_resources_prbt_support:/home/user/ros2_ws/install/moveit_resources_prbt_ikfast_manipulator_plugin:/home/user/ros2_ws/install/moveit_planners_chomp:/home/user/ros2_ws/install/moveit_kinematics:/home/user/ros2_ws/install/moveit_chomp_optimizer_adapter:/home/user/ros2_ws/install/chomp_motion_planner:/home/user/ros2_ws/install/moveit_core:/home/user/ros2_ws/install/gazebo_ros2_control_demos:/home/user/ros2_ws/install/gazebo_ros2_control:/home/simulations/ros2_sims_ws/install/rclrs_tests:/home/simulations/ros2_sims_ws/install/examples_rclrs_minimal_client_service:/home/simulations/ros2_sims_ws/install/sensor_msgs_py:/home/simulations/ros2_sims_ws/install/examples_rclrs_minimal_pub_sub:/home/simulations/ros2_sims_ws/install/examples_rclrs_message_demo:/home/simulations/ros2_sims_ws/install/rclrs:/home/simulations/ros2_sims_ws/install/rosidl_runtime_rs:/home/user/ros2_ws/install/ros2test:/home/user/ros2_ws/install/robotiq_85_driver:/home/user/ros2_ws/install/moveit_configs_utils:/opt/ros/humble _=/usr/bin/env /usr/bin/cmake --build /home/user/ros2_ws/build/moveit_core -- -j8 -l8
[13.441s] [  1%] [32mBuilding CXX object distance_field/CMakeFiles/moveit_distance_field.dir/src/distance_field.cpp.o[0m
[13.445s] [  1%] [32mBuilding CXX object kinematics_base/CMakeFiles/moveit_kinematics_base.dir/src/kinematics_base.cpp.o[0m
[13.448s] [  1%] [32mBuilding CXX object exceptions/CMakeFiles/moveit_exceptions.dir/src/exceptions.cpp.o[0m
[13.452s] [  1%] [32mBuilding CXX object transforms/CMakeFiles/moveit_transforms.dir/src/transforms.cpp.o[0m
[13.455s] [  2%] [32mBuilding CXX object gtest/CMakeFiles/gtest_main.dir/src/gtest_main.cc.o[0m
[13.479s] [  2%] [32mBuilding CXX object gtest/CMakeFiles/gtest.dir/src/gtest-all.cc.o[0m
[13.481s] [  3%] [32mBuilding CXX object utils/CMakeFiles/moveit_utils.dir/src/lexical_casts.cpp.o[0m
[13.486s] [  3%] [32mBuilding CXX object gmock/CMakeFiles/gmock.dir/opt/ros/humble/src/gtest_vendor/src/gtest-all.cc.o[0m
[15.308s] [  3%] [32mBuilding CXX object utils/CMakeFiles/moveit_utils.dir/src/message_checks.cpp.o[0m
[15.343s] [  4%] [32m[1mLinking CXX shared library libmoveit_exceptions.so[0m
[15.652s] [  4%] Built target moveit_exceptions
[15.677s] [  5%] [32mBuilding CXX object utils/CMakeFiles/moveit_utils.dir/src/rclcpp_utils.cpp.o[0m
[15.826s] [  5%] [32m[1mLinking CXX static library libgtest_main.a[0m
[16.149s] [  6%] [32mBuilding CXX object gmock/CMakeFiles/gmock.dir/src/gmock-all.cc.o[0m
[17.614s] [  6%] [32m[1mLinking CXX shared library libmoveit_utils.so[0m
[20.000s] [  6%] Built target moveit_utils
[20.170s] [  6%] [32mBuilding CXX object gmock/CMakeFiles/gmock_main.dir/src/gmock_main.cc.o[0m
[21.664s] [  6%] [32mBuilding CXX object online_signal_smoothing/CMakeFiles/moveit_smoothing_base.dir/src/smoothing_base_class.cpp.o[0m
[22.758s] [  7%] [32m[1mLinking CXX static library libgmock_main.a[0m
[25.624s] [  8%] [32m[1mLinking CXX shared library libmoveit_kinematics_base.so[0m
[26.382s] [  8%] Built target gtest_main
[26.409s] [  8%] Built target gmock_main
[26.537s] [  9%] [34m[1mRunning `/opt/ros/humble/bin/generate_parameter_library_py /home/user/ros2_ws/build/moveit_core/online_signal_smoothing/moveit_butterworth_parameters/include//moveit_butterworth_parameters.hpp /home/user/ros2_ws/src/universal_robot_ros2/moveit2/moveit_core/online_signal_smoothing/src/butterworth_parameters.yaml `[0m
[26.586s] [  9%] Built target moveit_kinematics_base
[26.589s] [ 10%] [32mBuilding CXX object version/CMakeFiles/moveit_version.dir/version.cpp.o[0m
[26.623s] [ 10%] [32mBuilding CXX object distance_field/CMakeFiles/moveit_distance_field.dir/src/find_internal_points.cpp.o[0m
[26.822s] [ 11%] [32m[1mLinking CXX executable moveit_version[0m
[27.120s] [ 11%] Built target moveit_version
[27.161s] [ 12%] [32m[1mLinking CXX shared library libmoveit_smoothing_base.so[0m
[27.220s] [ 13%] [32m[1mLinking CXX static library libgtest.a[0m
[27.225s] [ 14%] [32mBuilding CXX object robot_model/CMakeFiles/moveit_robot_model.dir/src/aabb.cpp.o[0m
[27.491s] [ 14%] Built target gtest
[27.500s] [ 14%] Built target moveit_smoothing_base
[27.509s] [ 15%] [32m[1mLinking CXX static library libgmock.a[0m
[27.517s] [ 15%] [32mBuilding CXX object robot_model/CMakeFiles/moveit_robot_model.dir/src/fixed_joint_model.cpp.o[0m
[27.545s] [ 16%] [32mBuilding CXX object robot_model/CMakeFiles/moveit_robot_model.dir/src/floating_joint_model.cpp.o[0m
[27.688s] [ 16%] Built target moveit_butterworth_parameters
[27.760s] [ 17%] [32mBuilding CXX object robot_model/CMakeFiles/moveit_robot_model.dir/src/joint_model.cpp.o[0m
[27.825s] [ 17%] Built target gmock
[27.891s] [ 17%] [32mBuilding CXX object robot_model/CMakeFiles/moveit_robot_model.dir/src/joint_model_group.cpp.o[0m
[29.597s] [ 18%] [32m[1mLinking CXX shared library libmoveit_transforms.so[0m
[30.266s] [ 19%] [32mBuilding CXX object distance_field/CMakeFiles/moveit_distance_field.dir/src/propagation_distance_field.cpp.o[0m
[30.349s] [ 19%] Built target moveit_transforms
[30.393s] [ 20%] [32mBuilding CXX object robot_model/CMakeFiles/moveit_robot_model.dir/src/link_model.cpp.o[0m
[30.509s] [ 20%] [32mBuilding CXX object transforms/CMakeFiles/test_transforms.dir/test/test_transforms.cpp.o[0m
[31.254s] [ 20%] [32mBuilding CXX object robot_model/CMakeFiles/moveit_robot_model.dir/src/planar_joint_model.cpp.o[0m
[32.285s] [ 21%] [32mBuilding CXX object robot_model/CMakeFiles/moveit_robot_model.dir/src/prismatic_joint_model.cpp.o[0m
[34.158s] [ 22%] [32mBuilding CXX object robot_model/CMakeFiles/moveit_robot_model.dir/src/revolute_joint_model.cpp.o[0m
[37.346s] [ 22%] [32mBuilding CXX object robot_model/CMakeFiles/moveit_robot_model.dir/src/robot_model.cpp.o[0m
[38.491s] [ 23%] [32m[1mLinking CXX executable test_transforms[0m
[38.952s] [ 23%] Built target test_transforms
[44.294s] [ 23%] [32m[1mLinking CXX shared library libmoveit_distance_field.so[0m
[44.545s] [ 23%] Built target moveit_distance_field
[44.586s] [ 24%] [32mBuilding CXX object distance_field/CMakeFiles/test_voxel_grid.dir/test/test_voxel_grid.cpp.o[0m
[44.592s] [ 24%] [32mBuilding CXX object distance_field/CMakeFiles/test_distance_field.dir/test/test_distance_field.cpp.o[0m
[50.509s] [ 24%] [32m[1mLinking CXX executable test_voxel_grid[0m
[50.753s] [ 24%] Built target test_voxel_grid
[51.073s] [ 25%] [32m[1mLinking CXX shared library libmoveit_robot_model.so[0m
[51.286s] [ 25%] Built target moveit_robot_model
[51.335s] [ 26%] [32mBuilding CXX object online_signal_smoothing/CMakeFiles/moveit_butterworth_filter.dir/src/butterworth_filter.cpp.o[0m
[51.347s] [ 27%] [32mBuilding CXX object robot_state/CMakeFiles/moveit_robot_state.dir/src/attached_body.cpp.o[0m
[51.347s] [ 27%] [32mBuilding CXX object robot_state/CMakeFiles/moveit_robot_state.dir/src/robot_state.cpp.o[0m
[51.348s] [ 28%] [32mBuilding CXX object utils/CMakeFiles/moveit_test_utils.dir/src/robot_model_test_utils.cpp.o[0m
[51.360s] [ 29%] [32mBuilding CXX object robot_state/CMakeFiles/moveit_robot_state.dir/src/conversions.cpp.o[0m
[51.364s] [ 29%] [32mBuilding CXX object robot_state/CMakeFiles/moveit_robot_state.dir/src/cartesian_interpolator.cpp.o[0m
[65.710s] [ 30%] [32m[1mLinking CXX executable test_distance_field[0m
[66.614s] [ 30%] Built target test_distance_field
[68.904s] [ 30%] [32m[1mLinking CXX shared library libmoveit_butterworth_filter.so[0m
[69.170s] [ 30%] Built target moveit_butterworth_filter
[69.231s] [ 30%] [32mBuilding CXX object online_signal_smoothing/CMakeFiles/test_butterworth_filter.dir/test/test_butterworth_filter.cpp.o[0m
[72.705s] [ 30%] [32m[1mLinking CXX shared library libmoveit_test_utils.so[0m
[72.935s] [ 30%] Built target moveit_test_utils
[72.989s] [ 31%] [32mBuilding CXX object robot_model/CMakeFiles/test_robot_model.dir/test/test.cpp.o[0m
[77.650s] [ 32%] [32m[1mLinking CXX executable test_butterworth_filter[0m
[77.853s] [ 32%] Built target test_butterworth_filter
[79.962s] [ 32%] [32m[1mLinking CXX executable test_robot_model[0m
[80.265s] [ 32%] Built target test_robot_model
[88.477s] [ 33%] [32m[1mLinking CXX shared library libmoveit_robot_state.so[0m
[88.728s] [ 33%] Built target moveit_robot_state
[88.817s] [ 34%] [32mBuilding CXX object dynamics_solver/CMakeFiles/moveit_dynamics_solver.dir/src/dynamics_solver.cpp.o[0m
[88.817s] [ 35%] [32mBuilding CXX object robot_state/CMakeFiles/test_robot_state.dir/test/robot_state_test.cpp.o[0m
[88.821s] [ 35%] [32mBuilding CXX object robot_trajectory/CMakeFiles/moveit_robot_trajectory.dir/src/robot_trajectory.cpp.o[0m
[88.823s] [ 35%] [32mBuilding CXX object robot_state/CMakeFiles/test_robot_state_complex.dir/test/test_kinematic_complex.cpp.o[0m
[88.828s] [ 36%] [32mBuilding CXX object collision_detection/CMakeFiles/moveit_collision_detection.dir/src/allvalid/collision_env_allvalid.cpp.o[0m
[88.834s] [ 36%] [32mBuilding CXX object robot_state/CMakeFiles/test_robot_state_benchmark.dir/test/robot_state_benchmark.cpp.o[0m
[88.837s] [ 36%] [32mBuilding CXX object kinematics_metrics/CMakeFiles/moveit_kinematics_metrics.dir/src/kinematics_metrics.cpp.o[0m
[88.847s] [ 36%] [32mBuilding CXX object robot_state/CMakeFiles/test_aabb.dir/test/test_aabb.cpp.o[0m
[100.324s] [ 36%] [32mBuilding CXX object collision_detection/CMakeFiles/moveit_collision_detection.dir/src/collision_common.cpp.o[0m
[102.440s] [ 37%] [32m[1mLinking CXX shared library libmoveit_dynamics_solver.so[0m
[102.822s] [ 37%] Built target moveit_dynamics_solver
[102.888s] [ 37%] [32mBuilding CXX object robot_state/CMakeFiles/test_cartesian_interpolator.dir/test/test_cartesian_interpolator.cpp.o[0m
[103.753s] [ 38%] [32m[1mLinking CXX executable test_robot_state_benchmark[0m
[104.361s] [ 38%] Built target test_robot_state_benchmark
[104.385s] [ 39%] [32mBuilding CXX object collision_detection/CMakeFiles/moveit_collision_detection.dir/src/collision_matrix.cpp.o[0m
[106.145s] [ 40%] [32m[1mLinking CXX executable test_aabb[0m
[106.723s] [ 40%] Built target test_aabb
[106.750s] [ 40%] [32mBuilding CXX object collision_detection/CMakeFiles/moveit_collision_detection.dir/src/collision_octomap_filter.cpp.o[0m
[107.037s] [ 41%] [32m[1mLinking CXX executable test_robot_state_complex[0m
[107.590s] [ 41%] Built target test_robot_state_complex
[107.615s] [ 42%] [32mBuilding CXX object collision_detection/CMakeFiles/moveit_collision_detection.dir/src/collision_tools.cpp.o[0m
[107.982s] [ 43%] [32m[1mLinking CXX shared library libmoveit_robot_trajectory.so[0m
[108.377s] [ 43%] Built target moveit_robot_trajectory
[108.445s] [ 44%] [32mBuilding CXX object trajectory_processing/CMakeFiles/moveit_trajectory_processing.dir/src/iterative_time_parameterization.cpp.o[0m
[109.723s] [ 45%] [32mBuilding CXX object collision_detection/CMakeFiles/moveit_collision_detection.dir/src/world.cpp.o[0m
[110.829s] [ 46%] [32m[1mLinking CXX executable test_robot_state[0m
[111.431s] [ 46%] Built target test_robot_state
[111.494s] [ 47%] [32mBuilding CXX object planning_interface/CMakeFiles/moveit_planning_interface.dir/src/planning_interface.cpp.o[0m
[115.771s] [ 48%] [32m[1mLinking CXX executable test_cartesian_interpolator[0m
[115.922s] [ 48%] [32mBuilding CXX object collision_detection/CMakeFiles/moveit_collision_detection.dir/src/world_diff.cpp.o[0m
[116.306s] [ 48%] Built target test_cartesian_interpolator
[116.481s] [ 49%] [32mBuilding CXX object robot_trajectory/CMakeFiles/test_robot_trajectory.dir/test/test_robot_trajectory.cpp.o[0m
[118.123s] [ 50%] [32mBuilding CXX object collision_detection/CMakeFiles/moveit_collision_detection.dir/src/collision_env.cpp.o[0m
[118.898s] [ 50%] [32mBuilding CXX object collision_detection/CMakeFiles/moveit_collision_detection.dir/src/collision_plugin_cache.cpp.o[0m
[120.367s] [ 50%] [32mBuilding CXX object planning_interface/CMakeFiles/moveit_planning_interface.dir/src/planning_response.cpp.o[0m
[122.823s] [ 50%] [32mBuilding CXX object trajectory_processing/CMakeFiles/moveit_trajectory_processing.dir/src/iterative_spline_parameterization.cpp.o[0m
[123.176s] [ 51%] [32mBuilding CXX object trajectory_processing/CMakeFiles/moveit_trajectory_processing.dir/src/ruckig_traj_smoothing.cpp.o[0m
[126.590s] [ 52%] [32m[1mLinking CXX shared library libmoveit_kinematics_metrics.so[0m
[126.982s] [ 52%] Built target moveit_kinematics_metrics
[127.005s] [ 53%] [32mBuilding CXX object trajectory_processing/CMakeFiles/moveit_trajectory_processing.dir/src/trajectory_tools.cpp.o[0m
[128.527s] [ 53%] [32mBuilding CXX object trajectory_processing/CMakeFiles/moveit_trajectory_processing.dir/src/time_optimal_trajectory_generation.cpp.o[0m
[133.292s] [ 54%] [32m[1mLinking CXX shared library libmoveit_planning_interface.so[0m
[133.496s] [ 54%] Built target moveit_planning_interface
[133.753s] [ 54%] [32m[1mLinking CXX executable test_robot_trajectory[0m
[134.277s] [ 54%] Built target test_robot_trajectory
[139.968s] [ 55%] [32m[1mLinking CXX shared library libmoveit_collision_detection.so[0m
[140.197s] [ 55%] Built target moveit_collision_detection
[140.251s] [ 55%] [32mBuilding CXX object collision_detection_fcl/CMakeFiles/moveit_collision_detection_fcl.dir/src/collision_common.cpp.o[0m
[140.251s] [ 55%] [32mBuilding CXX object collision_detection/CMakeFiles/test_all_valid.dir/test/test_all_valid.cpp.o[0m
[140.252s] [ 56%] [32mBuilding CXX object collision_detection_fcl/CMakeFiles/moveit_collision_detection_fcl.dir/src/collision_env_fcl.cpp.o[0m
[140.261s] [ 57%] [32mBuilding CXX object collision_detection/CMakeFiles/test_world_diff.dir/test/test_world_diff.cpp.o[0m
[140.263s] [ 58%] [32mBuilding CXX object collision_detection/CMakeFiles/test_world.dir/test/test_world.cpp.o[0m
[140.265s] [ 58%] [32mBuilding CXX object collision_detection_bullet/CMakeFiles/moveit_collision_detection_bullet.dir/src/bullet_integration/bullet_discrete_bvh_manager.cpp.o[0m
[140.266s] [ 59%] [32mBuilding CXX object collision_detection_bullet/CMakeFiles/moveit_collision_detection_bullet.dir/src/bullet_integration/bullet_utils.cpp.o[0m
[140.920s] [ 60%] [32m[1mLinking CXX shared library libmoveit_trajectory_processing.so[0m
[141.166s] [ 60%] Built target moveit_trajectory_processing
[141.187s] [ 61%] [32mBuilding CXX object collision_detection_bullet/CMakeFiles/moveit_collision_detection_bullet.dir/src/bullet_integration/bullet_cast_bvh_manager.cpp.o[0m
[149.872s] [ 62%] [32m[1mLinking CXX executable test_world_diff[0m
[150.382s] [ 62%] Built target test_world_diff
[150.521s] [ 62%] [32mBuilding CXX object trajectory_processing/CMakeFiles/test_time_parameterization.dir/test/test_time_parameterization.cpp.o[0m
[151.501s] [ 62%] [32mBuilding CXX object collision_detection_bullet/CMakeFiles/moveit_collision_detection_bullet.dir/src/collision_env_bullet.cpp.o[0m
[152.174s] [ 62%] [32m[1mLinking CXX executable test_world[0m
[152.487s] [ 63%] [32mBuilding CXX object collision_detection_bullet/CMakeFiles/moveit_collision_detection_bullet.dir/src/bullet_integration/bullet_bvh_manager.cpp.o[0m
[152.652s] [ 63%] Built target test_world
[152.713s] [ 64%] [32mBuilding CXX object trajectory_processing/CMakeFiles/test_time_optimal_trajectory_generation.dir/test/test_time_optimal_trajectory_generation.cpp.o[0m
[153.518s] [ 65%] [32m[1mLinking CXX executable test_all_valid[0m
[154.090s] [ 65%] Built target test_all_valid
[154.160s] [ 66%] [32mBuilding CXX object trajectory_processing/CMakeFiles/test_ruckig_traj_smoothing.dir/test/test_ruckig_traj_smoothing.cpp.o[0m
[155.983s] [ 67%] [32mBuilding CXX object collision_detection_bullet/CMakeFiles/moveit_collision_detection_bullet.dir/src/bullet_integration/contact_checker_common.cpp.o[0m
[156.101s] [ 67%] [32mBuilding CXX object collision_detection_bullet/CMakeFiles/moveit_collision_detection_bullet.dir/src/bullet_integration/ros_bullet_utils.cpp.o[0m
[159.158s] [ 68%] [32m[1mLinking CXX shared library libmoveit_collision_detection_fcl.so[0m
[159.632s] [ 68%] Built target moveit_collision_detection_fcl
[159.694s] [ 68%] [32mBuilding CXX object kinematic_constraints/CMakeFiles/moveit_kinematic_constraints.dir/src/kinematic_constraint.cpp.o[0m
[163.292s] [ 69%] [32mBuilding CXX object kinematic_constraints/CMakeFiles/moveit_kinematic_constraints.dir/src/utils.cpp.o[0m
[166.284s] [ 70%] [32mBuilding CXX object collision_detection_fcl/CMakeFiles/test_fcl_collision_env.dir/test/test_fcl_env.cpp.o[0m
[166.391s] [ 71%] [32mBuilding CXX object collision_detection_fcl/CMakeFiles/test_fcl_collision_detection.dir/test/test_fcl_collision_detection_pr2.cpp.o[0m
[166.437s] [ 72%] [32m[1mLinking CXX executable test_time_parameterization[0m
[166.964s] [ 73%] [32m[1mLinking CXX shared library libmoveit_collision_detection_bullet.so[0m
[167.024s] [ 73%] Built target test_time_parameterization
[167.093s] [ 74%] [32mBuilding CXX object collision_detection_fcl/CMakeFiles/test_fcl_collision_detection_panda.dir/test/test_fcl_collision_detection_panda.cpp.o[0m
[167.387s] [ 74%] Built target moveit_collision_detection_bullet
[167.507s] [ 75%] [32mBuilding CXX object collision_detection_bullet/CMakeFiles/test_bullet_collision_detection.dir/test/test_bullet_collision_detection_pr2.cpp.o[0m
[169.516s] [ 75%] [32m[1mLinking CXX executable test_ruckig_traj_smoothing[0m
[170.095s] [ 75%] Built target test_ruckig_traj_smoothing
[170.158s] [ 76%] [32mBuilding CXX object collision_detection_bullet/CMakeFiles/test_bullet_collision_detection_panda.dir/test/test_bullet_collision_detection_panda.cpp.o[0m
[171.047s] [ 77%] [32m[1mLinking CXX executable test_time_optimal_trajectory_generation[0m
[171.632s] [ 77%] Built target test_time_optimal_trajectory_generation
[171.699s] [ 78%] [32mBuilding CXX object collision_detection_bullet/CMakeFiles/test_bullet_continuous_collision_checking.dir/test/test_bullet_continuous_collision_checking.cpp.o[0m
[184.594s] [ 79%] [32m[1mLinking CXX executable test_fcl_collision_env[0m
[185.186s] [ 79%] Built target test_fcl_collision_env
[186.335s] [ 79%] [32m[1mLinking CXX executable test_fcl_collision_detection_panda[0m
[186.895s] [ 79%] Built target test_fcl_collision_detection_panda
[187.010s] [ 79%] [32m[1mLinking CXX executable test_fcl_collision_detection[0m
[187.013s] [ 80%] [32m[1mLinking CXX shared library libmoveit_kinematic_constraints.so[0m
[187.093s] [ 80%] [32m[1mLinking CXX executable test_bullet_collision_detection_panda[0m
[187.300s] [ 80%] Built target moveit_kinematic_constraints
[187.351s] [ 81%] [32mBuilding CXX object planning_scene/CMakeFiles/moveit_planning_scene.dir/src/planning_scene.cpp.o[0m
[187.502s] [ 81%] Built target test_bullet_collision_detection_panda
[187.551s] [ 81%] [32mBuilding CXX object kinematic_constraints/CMakeFiles/test_orientation_constraints.dir/test/test_orientation_constraints.cpp.o[0m
[187.601s] [ 81%] Built target test_fcl_collision_detection
[187.668s] [ 81%] [32mBuilding CXX object kinematic_constraints/CMakeFiles/test_constraints.dir/test/test_constraints.cpp.o[0m
[187.883s] [ 81%] [32m[1mLinking CXX executable test_bullet_collision_detection[0m
[188.349s] [ 81%] Built target test_bullet_collision_detection
[190.309s] [ 82%] [32m[1mLinking CXX executable test_bullet_continuous_collision_checking[0m
[190.746s] [ 82%] Built target test_bullet_continuous_collision_checking
[199.565s] [ 83%] [32m[1mLinking CXX executable test_orientation_constraints[0m
[199.933s] [ 83%] Built target test_orientation_constraints
[201.815s] [ 84%] [32m[1mLinking CXX executable test_constraints[0m
[202.157s] [ 84%] Built target test_constraints
[209.296s] [ 84%] [32m[1mLinking CXX shared library libmoveit_planning_scene.so[0m
[209.569s] [ 84%] Built target moveit_planning_scene
[209.634s] [ 84%] [32mBuilding CXX object collision_distance_field/CMakeFiles/moveit_collision_distance_field.dir/src/collision_distance_field_types.cpp.o[0m
[209.638s] [ 84%] [32mBuilding CXX object collision_detection_bullet/CMakeFiles/collision_detector_bullet_plugin.dir/src/collision_detector_bullet_plugin_loader.cpp.o[0m
[209.639s] [ 84%] [32mBuilding CXX object planning_scene/CMakeFiles/test_multi_threaded.dir/test/test_multi_threaded.cpp.o[0m
[209.639s] [ 84%] [32mBuilding CXX object constraint_samplers/CMakeFiles/moveit_constraint_samplers.dir/src/constraint_sampler.cpp.o[0m
[209.645s] [ 84%] [32mBuilding CXX object planning_request_adapter/CMakeFiles/moveit_planning_request_adapter.dir/src/planning_request_adapter.cpp.o[0m
[209.650s] [ 85%] [32mBuilding CXX object planning_scene/CMakeFiles/test_planning_scene.dir/test/test_planning_scene.cpp.o[0m
[209.651s] [ 86%] [32mBuilding CXX object planning_scene/CMakeFiles/test_collision_objects.dir/test/test_collision_objects.cpp.o[0m
[220.464s] [ 87%] [32mBuilding CXX object collision_distance_field/CMakeFiles/moveit_collision_distance_field.dir/src/collision_common_distance_field.cpp.o[0m
[222.032s] [ 88%] [32m[1mLinking CXX shared library libmoveit_planning_request_adapter.so[0m
[222.100s] [ 89%] [32mBuilding CXX object constraint_samplers/CMakeFiles/moveit_constraint_samplers.dir/src/constraint_sampler_manager.cpp.o[0m
[222.348s] [ 89%] Built target moveit_planning_request_adapter
[222.380s] [ 89%] [32mBuilding CXX object constraint_samplers/CMakeFiles/moveit_constraint_samplers.dir/src/constraint_sampler_tools.cpp.o[0m
[222.418s] [ 89%] [32mBuilding CXX object collision_detection_fcl/CMakeFiles/collision_detector_fcl_plugin.dir/src/collision_detector_fcl_plugin_loader.cpp.o[0m
[224.810s] [ 90%] [32m[1mLinking CXX shared library libcollision_detector_bullet_plugin.so[0m
[225.184s] [ 90%] Built target collision_detector_bullet_plugin
[225.209s] [ 91%] [32mBuilding CXX object constraint_samplers/CMakeFiles/moveit_constraint_samplers.dir/src/default_constraint_samplers.cpp.o[0m
[226.788s] [ 92%] [32m[1mLinking CXX executable test_multi_threaded[0m
[227.356s] [ 92%] Built target test_multi_threaded
[227.381s] [ 92%] [32mBuilding CXX object constraint_samplers/CMakeFiles/moveit_constraint_samplers.dir/src/union_constraint_sampler.cpp.o[0m
[231.877s] [ 92%] [32m[1mLinking CXX executable test_collision_objects[0m
[232.515s] [ 92%] Built target test_collision_objects
[232.540s] [ 92%] [32mBuilding CXX object collision_distance_field/CMakeFiles/moveit_collision_distance_field.dir/src/collision_env_distance_field.cpp.o[0m
[236.282s] [ 93%] [32mBuilding CXX object collision_distance_field/CMakeFiles/moveit_collision_distance_field.dir/src/collision_env_hybrid.cpp.o[0m
[238.297s] [ 93%] [32m[1mLinking CXX executable test_planning_scene[0m
[238.874s] [ 93%] Built target test_planning_scene
[239.510s] [ 94%] [32m[1mLinking CXX shared library libcollision_detector_fcl_plugin.so[0m
[239.779s] [ 94%] Built target collision_detector_fcl_plugin
[243.163s] [ 95%] [32m[1mLinking CXX shared library libmoveit_constraint_samplers.so[0m
[243.384s] [ 95%] Built target moveit_constraint_samplers
[243.429s] [ 96%] [32mBuilding CXX object constraint_samplers/CMakeFiles/test_constraint_samplers.dir/test/pr2_arm_ik.cpp.o[0m
[243.429s] [ 96%] [32mBuilding CXX object constraint_samplers/CMakeFiles/test_constraint_samplers.dir/test/test_constraint_samplers.cpp.o[0m
[243.434s] [ 97%] [32mBuilding CXX object constraint_samplers/CMakeFiles/test_constraint_samplers.dir/test/pr2_arm_kinematics_plugin.cpp.o[0m
[252.664s] [ 98%] [32m[1mLinking CXX shared library libmoveit_collision_distance_field.so[0m
[252.925s] [ 98%] Built target moveit_collision_distance_field
[252.978s] [ 99%] [32mBuilding CXX object collision_distance_field/CMakeFiles/test_collision_distance_field.dir/test/test_collision_distance_field.cpp.o[0m
[260.642s] [100%] [32m[1mLinking CXX executable test_constraint_samplers[0m
[261.043s] [100%] Built target test_constraint_samplers
[265.458s] [100%] [32m[1mLinking CXX executable test_collision_distance_field[0m
[265.791s] [100%] Built target test_collision_distance_field
[265.807s] Invoked command in '/home/user/ros2_ws/build/moveit_core' returned '0': CMAKE_PREFIX_PATH=/home/user/ros2_ws/install/moveit_common:/home/simulations/ros2_sims_ws/install/common_interfaces:/home/simulations/ros2_sims_ws/install/visualization_msgs:/home/simulations/ros2_sims_ws/install/test_msgs:/home/simulations/ros2_sims_ws/install/example_interfaces:/home/simulations/ros2_sims_ws/install/action_msgs:/home/simulations/ros2_sims_ws/install/unique_identifier_msgs:/home/simulations/ros2_sims_ws/install/trajectory_msgs:/home/simulations/ros2_sims_ws/install/test_interface_files:/home/simulations/ros2_sims_ws/install/stereo_msgs:/home/simulations/ros2_sims_ws/install/std_srvs:/home/simulations/ros2_sims_ws/install/shape_msgs:/home/simulations/ros2_sims_ws/install/sensor_msgs:/home/simulations/ros2_sims_ws/install/nav_msgs:/home/simulations/ros2_sims_ws/install/diagnostic_msgs:/home/simulations/ros2_sims_ws/install/geometry_msgs:/home/simulations/ros2_sims_ws/install/actionlib_msgs:/home/simulations/ros2_sims_ws/install/std_msgs:/home/simulations/ros2_sims_ws/install/statistics_msgs:/home/simulations/ros2_sims_ws/install/rosgraph_msgs:/home/simulations/ros2_sims_ws/install/rclrs_example_msgs:/home/simulations/ros2_sims_ws/install/composition_interfaces:/home/simulations/ros2_sims_ws/install/rcl_interfaces:/home/simulations/ros2_sims_ws/install/lifecycle_msgs:/home/simulations/ros2_sims_ws/install/builtin_interfaces:/home/simulations/ros2_sims_ws/install/rosidl_default_runtime:/home/simulations/ros2_sims_ws/install/rosidl_default_generators:/home/simulations/ros2_sims_ws/install/rosidl_generator_rs:/home/user/ros2_ws/install/ur_simulation_gazebo:/home/user/ros2_ws/install/ur3e_moveit_config:/home/user/ros2_ws/install/my_moveit2_config:/home/user/ros2_ws/install/ur_description:/home/user/ros2_ws/install/the_construct_office_gazebo:/home/user/ros2_ws/install/ros_testing:/home/user/ros2_ws/install/robotnik_sensors_gazebo:/home/user/ros2_ws/install/robotnik_sensors:/home/user/ros2_ws/install/robotiq_85_gripper:/home/user/ros2_ws/install/robotiq_85_msgs:/home/user/ros2_ws/install/robotiq_85_description:/home/user/ros2_ws/install/rg2_gripper_description:/home/user/ros2_ws/install/pilz_industrial_motion_planner_testutils:/home/user/ros2_ws/install/moveit_runtime:/home/user/ros2_ws/install/moveit:/home/user/ros2_ws/install/moveit_planners:/home/user/ros2_ws/install/pilz_industrial_motion_planner:/home/user/ros2_ws/install/moveit_ros_control_interface:/home/user/ros2_ws/install/moveit_plugins:/home/user/ros2_ws/install/moveit_simple_controller_manager:/home/user/ros2_ws/install/moveit_setup_assistant:/home/user/ros2_ws/install/moveit_setup_srdf_plugins:/home/user/ros2_ws/install/moveit_setup_core_plugins:/home/user/ros2_ws/install/moveit_setup_controllers:/home/user/ros2_ws/install/moveit_setup_app_plugins:/home/user/ros2_ws/install/moveit_setup_framework:/home/user/ros2_ws/install/moveit_servo:/home/user/ros2_ws/install/moveit_ros:/home/user/ros2_ws/install/moveit_ros_visualization:/home/user/ros2_ws/install/moveit_hybrid_planning:/home/user/ros2_ws/install/moveit_ros_planning_interface:/home/user/ros2_ws/install/moveit_ros_benchmarks:/home/user/ros2_ws/install/moveit_ros_warehouse:/home/user/ros2_ws/install/moveit_ros_robot_interaction:/home/user/ros2_ws/install/moveit_ros_perception:/home/user/ros2_ws/install/moveit_resources_prbt_pg70_support:/home/user/ros2_ws/install/moveit_resources_prbt_moveit_config:/home/user/ros2_ws/install/moveit_ros_move_group:/home/user/ros2_ws/install/moveit_planners_ompl:/home/user/ros2_ws/install/moveit_ros_planning:/home/user/ros2_ws/install/moveit_ros_occupancy_map_monitor:/home/user/ros2_ws/install/moveit_resources_prbt_support:/home/user/ros2_ws/install/moveit_resources_prbt_ikfast_manipulator_plugin:/home/user/ros2_ws/install/moveit_planners_chomp:/home/user/ros2_ws/install/moveit_kinematics:/home/user/ros2_ws/install/moveit_chomp_optimizer_adapter:/home/user/ros2_ws/install/chomp_motion_planner:/home/user/ros2_ws/install/moveit_core:/home/user/ros2_ws/install/gazebo_ros2_control_demos:/home/user/ros2_ws/install/gazebo_ros2_control:/home/simulations/ros2_sims_ws/install/rclrs_tests:/home/simulations/ros2_sims_ws/install/examples_rclrs_minimal_client_service:/home/simulations/ros2_sims_ws/install/sensor_msgs_py:/home/simulations/ros2_sims_ws/install/examples_rclrs_minimal_pub_sub:/home/simulations/ros2_sims_ws/install/examples_rclrs_message_demo:/home/simulations/ros2_sims_ws/install/rclrs:/home/simulations/ros2_sims_ws/install/rosidl_runtime_rs:/home/user/ros2_ws/install/ros2test:/home/user/ros2_ws/install/robotiq_85_driver:/home/user/ros2_ws/install/moveit_configs_utils:/opt/ros/humble _=/usr/bin/env /usr/bin/cmake --build /home/user/ros2_ws/build/moveit_core -- -j8 -l8
[266.047s] Invoking command in '/home/user/ros2_ws/build/moveit_core': CMAKE_PREFIX_PATH=/home/user/ros2_ws/install/moveit_common:/home/simulations/ros2_sims_ws/install/common_interfaces:/home/simulations/ros2_sims_ws/install/visualization_msgs:/home/simulations/ros2_sims_ws/install/test_msgs:/home/simulations/ros2_sims_ws/install/example_interfaces:/home/simulations/ros2_sims_ws/install/action_msgs:/home/simulations/ros2_sims_ws/install/unique_identifier_msgs:/home/simulations/ros2_sims_ws/install/trajectory_msgs:/home/simulations/ros2_sims_ws/install/test_interface_files:/home/simulations/ros2_sims_ws/install/stereo_msgs:/home/simulations/ros2_sims_ws/install/std_srvs:/home/simulations/ros2_sims_ws/install/shape_msgs:/home/simulations/ros2_sims_ws/install/sensor_msgs:/home/simulations/ros2_sims_ws/install/nav_msgs:/home/simulations/ros2_sims_ws/install/diagnostic_msgs:/home/simulations/ros2_sims_ws/install/geometry_msgs:/home/simulations/ros2_sims_ws/install/actionlib_msgs:/home/simulations/ros2_sims_ws/install/std_msgs:/home/simulations/ros2_sims_ws/install/statistics_msgs:/home/simulations/ros2_sims_ws/install/rosgraph_msgs:/home/simulations/ros2_sims_ws/install/rclrs_example_msgs:/home/simulations/ros2_sims_ws/install/composition_interfaces:/home/simulations/ros2_sims_ws/install/rcl_interfaces:/home/simulations/ros2_sims_ws/install/lifecycle_msgs:/home/simulations/ros2_sims_ws/install/builtin_interfaces:/home/simulations/ros2_sims_ws/install/rosidl_default_runtime:/home/simulations/ros2_sims_ws/install/rosidl_default_generators:/home/simulations/ros2_sims_ws/install/rosidl_generator_rs:/home/user/ros2_ws/install/ur_simulation_gazebo:/home/user/ros2_ws/install/ur3e_moveit_config:/home/user/ros2_ws/install/my_moveit2_config:/home/user/ros2_ws/install/ur_description:/home/user/ros2_ws/install/the_construct_office_gazebo:/home/user/ros2_ws/install/ros_testing:/home/user/ros2_ws/install/robotnik_sensors_gazebo:/home/user/ros2_ws/install/robotnik_sensors:/home/user/ros2_ws/install/robotiq_85_gripper:/home/user/ros2_ws/install/robotiq_85_msgs:/home/user/ros2_ws/install/robotiq_85_description:/home/user/ros2_ws/install/rg2_gripper_description:/home/user/ros2_ws/install/pilz_industrial_motion_planner_testutils:/home/user/ros2_ws/install/moveit_runtime:/home/user/ros2_ws/install/moveit:/home/user/ros2_ws/install/moveit_planners:/home/user/ros2_ws/install/pilz_industrial_motion_planner:/home/user/ros2_ws/install/moveit_ros_control_interface:/home/user/ros2_ws/install/moveit_plugins:/home/user/ros2_ws/install/moveit_simple_controller_manager:/home/user/ros2_ws/install/moveit_setup_assistant:/home/user/ros2_ws/install/moveit_setup_srdf_plugins:/home/user/ros2_ws/install/moveit_setup_core_plugins:/home/user/ros2_ws/install/moveit_setup_controllers:/home/user/ros2_ws/install/moveit_setup_app_plugins:/home/user/ros2_ws/install/moveit_setup_framework:/home/user/ros2_ws/install/moveit_servo:/home/user/ros2_ws/install/moveit_ros:/home/user/ros2_ws/install/moveit_ros_visualization:/home/user/ros2_ws/install/moveit_hybrid_planning:/home/user/ros2_ws/install/moveit_ros_planning_interface:/home/user/ros2_ws/install/moveit_ros_benchmarks:/home/user/ros2_ws/install/moveit_ros_warehouse:/home/user/ros2_ws/install/moveit_ros_robot_interaction:/home/user/ros2_ws/install/moveit_ros_perception:/home/user/ros2_ws/install/moveit_resources_prbt_pg70_support:/home/user/ros2_ws/install/moveit_resources_prbt_moveit_config:/home/user/ros2_ws/install/moveit_ros_move_group:/home/user/ros2_ws/install/moveit_planners_ompl:/home/user/ros2_ws/install/moveit_ros_planning:/home/user/ros2_ws/install/moveit_ros_occupancy_map_monitor:/home/user/ros2_ws/install/moveit_resources_prbt_support:/home/user/ros2_ws/install/moveit_resources_prbt_ikfast_manipulator_plugin:/home/user/ros2_ws/install/moveit_planners_chomp:/home/user/ros2_ws/install/moveit_kinematics:/home/user/ros2_ws/install/moveit_chomp_optimizer_adapter:/home/user/ros2_ws/install/chomp_motion_planner:/home/user/ros2_ws/install/moveit_core:/home/user/ros2_ws/install/gazebo_ros2_control_demos:/home/user/ros2_ws/install/gazebo_ros2_control:/home/simulations/ros2_sims_ws/install/rclrs_tests:/home/simulations/ros2_sims_ws/install/examples_rclrs_minimal_client_service:/home/simulations/ros2_sims_ws/install/sensor_msgs_py:/home/simulations/ros2_sims_ws/install/examples_rclrs_minimal_pub_sub:/home/simulations/ros2_sims_ws/install/examples_rclrs_message_demo:/home/simulations/ros2_sims_ws/install/rclrs:/home/simulations/ros2_sims_ws/install/rosidl_runtime_rs:/home/user/ros2_ws/install/ros2test:/home/user/ros2_ws/install/robotiq_85_driver:/home/user/ros2_ws/install/moveit_configs_utils:/opt/ros/humble _=/usr/bin/env /usr/bin/cmake --install /home/user/ros2_ws/build/moveit_core
[266.061s] -- Install configuration: "Release"
[266.061s] -- Installing: /home/user/ros2_ws/install/moveit_core/include/moveit/version.h
[266.063s] -- Up-to-date: /home/user/ros2_ws/install/moveit_core/include
[266.063s] -- Up-to-date: /home/user/ros2_ws/install/moveit_core/include/moveit
[266.063s] -- Installing: /home/user/ros2_ws/install/moveit_core/include/moveit/collision_distance_field
[266.064s] -- Installing: /home/user/ros2_ws/install/moveit_core/include/moveit/collision_distance_field/collision_detector_allocator_hybrid.h
[266.064s] -- Installing: /home/user/ros2_ws/install/moveit_core/include/moveit/collision_distance_field/collision_common_distance_field.h
[266.064s] -- Installing: /home/user/ros2_ws/install/moveit_core/include/moveit/collision_distance_field/collision_env_distance_field.h
[266.064s] -- Installing: /home/user/ros2_ws/install/moveit_core/include/moveit/collision_distance_field/collision_detector_allocator_distance_field.h
[266.064s] -- Installing: /home/user/ros2_ws/install/moveit_core/include/moveit/collision_distance_field/collision_distance_field_types.h
[266.065s] -- Installing: /home/user/ros2_ws/install/moveit_core/include/moveit/collision_distance_field/collision_env_hybrid.h
[266.065s] -- Installing: /home/user/ros2_ws/install/moveit_core/include/moveit_collision_distance_field_export.h
[266.067s] -- Up-to-date: /home/user/ros2_ws/install/moveit_core/include
[266.067s] -- Up-to-date: /home/user/ros2_ws/install/moveit_core/include/moveit
[266.067s] -- Installing: /home/user/ros2_ws/install/moveit_core/include/moveit/constraint_samplers
[266.067s] -- Installing: /home/user/ros2_ws/install/moveit_core/include/moveit/constraint_samplers/constraint_sampler_allocator.h
[266.067s] -- Installing: /home/user/ros2_ws/install/moveit_core/include/moveit/constraint_samplers/default_constraint_samplers.h
[266.068s] -- Installing: /home/user/ros2_ws/install/moveit_core/include/moveit/constraint_samplers/constraint_sampler.h
[266.068s] -- Installing: /home/user/ros2_ws/install/moveit_core/include/moveit/constraint_samplers/constraint_sampler_tools.h
[266.068s] -- Installing: /home/user/ros2_ws/install/moveit_core/include/moveit/constraint_samplers/union_constraint_sampler.h
[266.068s] -- Installing: /home/user/ros2_ws/install/moveit_core/include/moveit/constraint_samplers/constraint_sampler_manager.h
[266.070s] -- Up-to-date: /home/user/ros2_ws/install/moveit_core/include
[266.070s] -- Up-to-date: /home/user/ros2_ws/install/moveit_core/include/moveit
[266.071s] -- Installing: /home/user/ros2_ws/install/moveit_core/include/moveit/controller_manager
[266.071s] -- Installing: /home/user/ros2_ws/install/moveit_core/include/moveit/controller_manager/controller_manager.h
[266.072s] -- Up-to-date: /home/user/ros2_ws/install/moveit_core/include
[266.072s] -- Up-to-date: /home/user/ros2_ws/install/moveit_core/include/moveit
[266.072s] -- Installing: /home/user/ros2_ws/install/moveit_core/include/moveit/distance_field
[266.072s] -- Installing: /home/user/ros2_ws/install/moveit_core/include/moveit/distance_field/voxel_grid.h
[266.072s] -- Installing: /home/user/ros2_ws/install/moveit_core/include/moveit/distance_field/distance_field.h
[266.073s] -- Installing: /home/user/ros2_ws/install/moveit_core/include/moveit/distance_field/propagation_distance_field.h
[266.073s] -- Installing: /home/user/ros2_ws/install/moveit_core/include/moveit/distance_field/find_internal_points.h
[266.074s] -- Up-to-date: /home/user/ros2_ws/install/moveit_core/include
[266.074s] -- Up-to-date: /home/user/ros2_ws/install/moveit_core/include/moveit
[266.074s] -- Installing: /home/user/ros2_ws/install/moveit_core/include/moveit/dynamics_solver
[266.074s] -- Installing: /home/user/ros2_ws/install/moveit_core/include/moveit/dynamics_solver/dynamics_solver.h
[266.075s] -- Up-to-date: /home/user/ros2_ws/install/moveit_core/include
[266.075s] -- Up-to-date: /home/user/ros2_ws/install/moveit_core/include/moveit
[266.075s] -- Installing: /home/user/ros2_ws/install/moveit_core/include/moveit/exceptions
[266.075s] -- Installing: /home/user/ros2_ws/install/moveit_core/include/moveit/exceptions/exceptions.h
[266.076s] -- Up-to-date: /home/user/ros2_ws/install/moveit_core/include
[266.076s] -- Up-to-date: /home/user/ros2_ws/install/moveit_core/include/moveit
[266.076s] -- Installing: /home/user/ros2_ws/install/moveit_core/include/moveit/kinematics_base
[266.077s] -- Installing: /home/user/ros2_ws/install/moveit_core/include/moveit/kinematics_base/kinematics_base.h
[266.077s] -- Installing: /home/user/ros2_ws/install/moveit_core/include/moveit_kinematics_base_export.h
[266.078s] -- Up-to-date: /home/user/ros2_ws/install/moveit_core/include
[266.078s] -- Up-to-date: /home/user/ros2_ws/install/moveit_core/include/moveit
[266.078s] -- Installing: /home/user/ros2_ws/install/moveit_core/include/moveit/kinematic_constraints
[266.078s] -- Installing: /home/user/ros2_ws/install/moveit_core/include/moveit/kinematic_constraints/utils.h
[266.078s] -- Installing: /home/user/ros2_ws/install/moveit_core/include/moveit/kinematic_constraints/kinematic_constraint.h
[266.079s] -- Up-to-date: /home/user/ros2_ws/install/moveit_core/include
[266.079s] -- Up-to-date: /home/user/ros2_ws/install/moveit_core/include/moveit
[266.079s] -- Installing: /home/user/ros2_ws/install/moveit_core/include/moveit/kinematics_metrics
[266.079s] -- Installing: /home/user/ros2_ws/install/moveit_core/include/moveit/kinematics_metrics/kinematics_metrics.h
[266.080s] -- Up-to-date: /home/user/ros2_ws/install/moveit_core/include
[266.080s] -- Up-to-date: /home/user/ros2_ws/install/moveit_core/include/moveit
[266.080s] -- Installing: /home/user/ros2_ws/install/moveit_core/include/moveit/macros
[266.081s] -- Installing: /home/user/ros2_ws/install/moveit_core/include/moveit/macros/class_forward.h
[266.081s] -- Installing: /home/user/ros2_ws/install/moveit_core/include/moveit/macros/console_colors.h
[266.081s] -- Installing: /home/user/ros2_ws/install/moveit_core/include/moveit/macros/declare_ptr.h
[266.081s] -- Installing: /home/user/ros2_ws/install/moveit_core/include/moveit/macros/deprecation.h
[266.082s] -- Installing: /home/user/ros2_ws/install/moveit_core/include/moveit_butterworth_parameters
[266.082s] -- Installing: /home/user/ros2_ws/install/moveit_core/include/moveit_butterworth_parameters/moveit_butterworth_parameters.hpp
[266.082s] -- Up-to-date: /home/user/ros2_ws/install/moveit_core/include
[266.083s] -- Up-to-date: /home/user/ros2_ws/install/moveit_core/include/moveit
[266.083s] -- Installing: /home/user/ros2_ws/install/moveit_core/include/moveit/online_signal_smoothing
[266.083s] -- Installing: /home/user/ros2_ws/install/moveit_core/include/moveit/online_signal_smoothing/butterworth_filter.h
[266.083s] -- Installing: /home/user/ros2_ws/install/moveit_core/include/moveit/online_signal_smoothing/smoothing_base_class.h
[266.083s] -- Installing: /home/user/ros2_ws/install/moveit_core/include/moveit_smoothing_base_export.h
[266.083s] -- Installing: /home/user/ros2_ws/install/moveit_core/include/moveit_butterworth_filter_export.h
[266.087s] -- Up-to-date: /home/user/ros2_ws/install/moveit_core/include
[266.087s] -- Up-to-date: /home/user/ros2_ws/install/moveit_core/include/moveit
[266.087s] -- Installing: /home/user/ros2_ws/install/moveit_core/include/moveit/planning_interface
[266.087s] -- Installing: /home/user/ros2_ws/install/moveit_core/include/moveit/planning_interface/planning_request.h
[266.087s] -- Installing: /home/user/ros2_ws/install/moveit_core/include/moveit/planning_interface/planning_interface.h
[266.087s] -- Installing: /home/user/ros2_ws/install/moveit_core/include/moveit/planning_interface/planning_response.h
[266.088s] -- Up-to-date: /home/user/ros2_ws/install/moveit_core/include
[266.088s] -- Up-to-date: /home/user/ros2_ws/install/moveit_core/include/moveit
[266.089s] -- Installing: /home/user/ros2_ws/install/moveit_core/include/moveit/planning_request_adapter
[266.089s] -- Installing: /home/user/ros2_ws/install/moveit_core/include/moveit/planning_request_adapter/planning_request_adapter.h
[266.090s] -- Up-to-date: /home/user/ros2_ws/install/moveit_core/include
[266.090s] -- Up-to-date: /home/user/ros2_ws/install/moveit_core/include/moveit
[266.090s] -- Installing: /home/user/ros2_ws/install/moveit_core/include/moveit/planning_scene
[266.090s] -- Installing: /home/user/ros2_ws/install/moveit_core/include/moveit/planning_scene/planning_scene.h
[266.090s] -- Installing: /home/user/ros2_ws/install/moveit_core/include/moveit_planning_scene_export.h
[266.091s] -- Up-to-date: /home/user/ros2_ws/install/moveit_core/include
[266.091s] -- Up-to-date: /home/user/ros2_ws/install/moveit_core/include/moveit
[266.091s] -- Installing: /home/user/ros2_ws/install/moveit_core/include/moveit/robot_model
[266.092s] -- Installing: /home/user/ros2_ws/install/moveit_core/include/moveit/robot_model/fixed_joint_model.h
[266.092s] -- Installing: /home/user/ros2_ws/install/moveit_core/include/moveit/robot_model/link_model.h
[266.092s] -- Installing: /home/user/ros2_ws/install/moveit_core/include/moveit/robot_model/joint_model.h
[266.092s] -- Installing: /home/user/ros2_ws/install/moveit_core/include/moveit/robot_model/floating_joint_model.h
[266.092s] -- Installing: /home/user/ros2_ws/install/moveit_core/include/moveit/robot_model/planar_joint_model.h
[266.093s] -- Installing: /home/user/ros2_ws/install/moveit_core/include/moveit/robot_model/prismatic_joint_model.h
[266.093s] -- Installing: /home/user/ros2_ws/install/moveit_core/include/moveit/robot_model/robot_model.h
[266.093s] -- Installing: /home/user/ros2_ws/install/moveit_core/include/moveit/robot_model/joint_model_group.h
[266.093s] -- Installing: /home/user/ros2_ws/install/moveit_core/include/moveit/robot_model/revolute_joint_model.h
[266.093s] -- Installing: /home/user/ros2_ws/install/moveit_core/include/moveit/robot_model/aabb.h
[266.094s] -- Up-to-date: /home/user/ros2_ws/install/moveit_core/include
[266.094s] -- Up-to-date: /home/user/ros2_ws/install/moveit_core/include/moveit
[266.094s] -- Installing: /home/user/ros2_ws/install/moveit_core/include/moveit/robot_state
[266.094s] -- Installing: /home/user/ros2_ws/install/moveit_core/include/moveit/robot_state/attached_body.h
[266.094s] -- Installing: /home/user/ros2_ws/install/moveit_core/include/moveit/robot_state/conversions.h
[266.095s] -- Installing: /home/user/ros2_ws/install/moveit_core/include/moveit/robot_state/robot_state.h
[266.095s] -- Installing: /home/user/ros2_ws/install/moveit_core/include/moveit/robot_state/cartesian_interpolator.h
[266.095s] -- Up-to-date: /home/user/ros2_ws/install/moveit_core/include
[266.095s] -- Up-to-date: /home/user/ros2_ws/install/moveit_core/include/moveit
[266.095s] -- Installing: /home/user/ros2_ws/install/moveit_core/include/moveit/robot_trajectory
[266.096s] -- Installing: /home/user/ros2_ws/install/moveit_core/include/moveit/robot_trajectory/robot_trajectory.h
[266.096s] -- Up-to-date: /home/user/ros2_ws/install/moveit_core/include
[266.096s] -- Up-to-date: /home/user/ros2_ws/install/moveit_core/include/moveit
[266.096s] -- Installing: /home/user/ros2_ws/install/moveit_core/include/moveit/sensor_manager
[266.097s] -- Installing: /home/user/ros2_ws/install/moveit_core/include/moveit/sensor_manager/sensor_manager.h
[266.097s] -- Up-to-date: /home/user/ros2_ws/install/moveit_core/include
[266.097s] -- Up-to-date: /home/user/ros2_ws/install/moveit_core/include/moveit
[266.098s] -- Installing: /home/user/ros2_ws/install/moveit_core/include/moveit/trajectory_processing
[266.098s] -- Installing: /home/user/ros2_ws/install/moveit_core/include/moveit/trajectory_processing/ruckig_traj_smoothing.h
[266.098s] -- Installing: /home/user/ros2_ws/install/moveit_core/include/moveit/trajectory_processing/iterative_spline_parameterization.h
[266.098s] -- Installing: /home/user/ros2_ws/install/moveit_core/include/moveit/trajectory_processing/iterative_time_parameterization.h
[266.098s] -- Installing: /home/user/ros2_ws/install/moveit_core/include/moveit/trajectory_processing/time_optimal_trajectory_generation.h
[266.099s] -- Installing: /home/user/ros2_ws/install/moveit_core/include/moveit/trajectory_processing/time_parameterization.h
[266.099s] -- Installing: /home/user/ros2_ws/install/moveit_core/include/moveit/trajectory_processing/trajectory_tools.h
[266.099s] -- Up-to-date: /home/user/ros2_ws/install/moveit_core/include
[266.099s] -- Up-to-date: /home/user/ros2_ws/install/moveit_core/include/moveit
[266.099s] -- Installing: /home/user/ros2_ws/install/moveit_core/include/moveit/transforms
[266.099s] -- Installing: /home/user/ros2_ws/install/moveit_core/include/moveit/transforms/transforms.h
[266.100s] -- Up-to-date: /home/user/ros2_ws/install/moveit_core/include
[266.100s] -- Up-to-date: /home/user/ros2_ws/install/moveit_core/include/moveit
[266.100s] -- Installing: /home/user/ros2_ws/install/moveit_core/include/moveit/utils
[266.101s] -- Installing: /home/user/ros2_ws/install/moveit_core/include/moveit/utils/robot_model_test_utils.h
[266.101s] -- Installing: /home/user/ros2_ws/install/moveit_core/include/moveit/utils/lexical_casts.h
[266.101s] -- Installing: /home/user/ros2_ws/install/moveit_core/include/moveit/utils/rclcpp_utils.h
[266.101s] -- Installing: /home/user/ros2_ws/install/moveit_core/include/moveit/utils/message_checks.h
[266.101s] -- Installing: /home/user/ros2_ws/install/moveit_core/include/moveit/utils/moveit_error_code.h
[266.102s] -- Installing: /home/user/ros2_ws/install/moveit_core/bin/moveit_version
[266.103s] -- Up-to-date: /home/user/ros2_ws/install/moveit_core/include
[266.103s] -- Up-to-date: /home/user/ros2_ws/install/moveit_core/include/moveit
[266.103s] -- Installing: /home/user/ros2_ws/install/moveit_core/include/moveit/collision_detection
[266.104s] -- Installing: /home/user/ros2_ws/install/moveit_core/include/moveit/collision_detection/collision_common.h
[266.104s] -- Installing: /home/user/ros2_ws/install/moveit_core/include/moveit/collision_detection/collision_env.h
[266.104s] -- Installing: /home/user/ros2_ws/install/moveit_core/include/moveit/collision_detection/allvalid
[266.104s] -- Installing: /home/user/ros2_ws/install/moveit_core/include/moveit/collision_detection/allvalid/collision_env_allvalid.h
[266.104s] -- Installing: /home/user/ros2_ws/install/moveit_core/include/moveit/collision_detection/allvalid/collision_detector_allocator_allvalid.h
[266.105s] -- Installing: /home/user/ros2_ws/install/moveit_core/include/moveit/collision_detection/collision_matrix.h
[266.105s] -- Installing: /home/user/ros2_ws/install/moveit_core/include/moveit/collision_detection/collision_plugin_cache.h
[266.105s] -- Installing: /home/user/ros2_ws/install/moveit_core/include/moveit/collision_detection/collision_detector_allocator.h
[266.105s] -- Installing: /home/user/ros2_ws/install/moveit_core/include/moveit/collision_detection/collision_tools.h
[266.105s] -- Installing: /home/user/ros2_ws/install/moveit_core/include/moveit/collision_detection/world.h
[266.105s] -- Installing: /home/user/ros2_ws/install/moveit_core/include/moveit/collision_detection/collision_plugin.h
[266.106s] -- Installing: /home/user/ros2_ws/install/moveit_core/include/moveit/collision_detection/collision_octomap_filter.h
[266.106s] -- Installing: /home/user/ros2_ws/install/moveit_core/include/moveit/collision_detection/test_collision_common_pr2.h
[266.106s] -- Installing: /home/user/ros2_ws/install/moveit_core/include/moveit/collision_detection/world_diff.h
[266.106s] -- Installing: /home/user/ros2_ws/install/moveit_core/include/moveit/collision_detection/test_collision_common_panda.h
[266.107s] -- Installing: /home/user/ros2_ws/install/moveit_core/include/moveit/collision_detection/occupancy_map.h
[266.107s] -- Installing: /home/user/ros2_ws/install/moveit_core/include/moveit_collision_detection_export.h
[266.107s] -- Installing: /home/user/ros2_ws/install/moveit_core/include/moveit_core
[266.107s] -- Installing: /home/user/ros2_ws/install/moveit_core/include/moveit_core/moveit
[266.107s] -- Installing: /home/user/ros2_ws/install/moveit_core/include/moveit_core/moveit/collision_detection_bullet
[266.108s] -- Installing: /home/user/ros2_ws/install/moveit_core/include/moveit_core/moveit/collision_detection_bullet/collision_env_bullet.h
[266.108s] -- Installing: /home/user/ros2_ws/install/moveit_core/include/moveit_core/moveit/collision_detection_bullet/bullet_integration
[266.108s] -- Installing: /home/user/ros2_ws/install/moveit_core/include/moveit_core/moveit/collision_detection_bullet/bullet_integration/bullet_discrete_bvh_manager.h
[266.108s] -- Installing: /home/user/ros2_ws/install/moveit_core/include/moveit_core/moveit/collision_detection_bullet/bullet_integration/bullet_utils.h
[266.108s] -- Installing: /home/user/ros2_ws/install/moveit_core/include/moveit_core/moveit/collision_detection_bullet/bullet_integration/contact_checker_common.h
[266.109s] -- Installing: /home/user/ros2_ws/install/moveit_core/include/moveit_core/moveit/collision_detection_bullet/bullet_integration/basic_types.h
[266.109s] -- Installing: /home/user/ros2_ws/install/moveit_core/include/moveit_core/moveit/collision_detection_bullet/bullet_integration/bullet_cast_bvh_manager.h
[266.109s] -- Installing: /home/user/ros2_ws/install/moveit_core/include/moveit_core/moveit/collision_detection_bullet/bullet_integration/bullet_bvh_manager.h
[266.109s] -- Installing: /home/user/ros2_ws/install/moveit_core/include/moveit_core/moveit/collision_detection_bullet/bullet_integration/ros_bullet_utils.h
[266.110s] -- Installing: /home/user/ros2_ws/install/moveit_core/include/moveit_core/moveit/collision_detection_bullet/collision_detector_allocator_bullet.h
[266.110s] -- Installing: /home/user/ros2_ws/install/moveit_core/include/moveit_core/moveit/collision_detection_bullet/collision_detector_bullet_plugin_loader.h
[266.110s] -- Installing: /home/user/ros2_ws/install/moveit_core/include/moveit_core/moveit_collision_detection_bullet_export.h
[266.110s] -- Up-to-date: /home/user/ros2_ws/install/moveit_core/include
[266.110s] -- Up-to-date: /home/user/ros2_ws/install/moveit_core/include/moveit
[266.111s] -- Installing: /home/user/ros2_ws/install/moveit_core/include/moveit/collision_detection_fcl
[266.111s] -- Installing: /home/user/ros2_ws/install/moveit_core/include/moveit/collision_detection_fcl/collision_common.h
[266.111s] -- Installing: /home/user/ros2_ws/install/moveit_core/include/moveit/collision_detection_fcl/collision_detector_fcl_plugin_loader.h
[266.111s] -- Installing: /home/user/ros2_ws/install/moveit_core/include/moveit/collision_detection_fcl/collision_detector_allocator_fcl.h
[266.111s] -- Installing: /home/user/ros2_ws/install/moveit_core/include/moveit/collision_detection_fcl/fcl_compat.h
[266.112s] -- Installing: /home/user/ros2_ws/install/moveit_core/include/moveit/collision_detection_fcl/collision_env_fcl.h
[266.112s] -- Installing: /home/user/ros2_ws/install/moveit_core/include/moveit_collision_detection_fcl_export.h
[266.112s] -- Installing: /home/user/ros2_ws/install/moveit_core/lib/libcollision_detector_bullet_plugin.so.2.5.4
[266.112s] -- Set runtime path of "/home/user/ros2_ws/install/moveit_core/lib/libcollision_detector_bullet_plugin.so.2.5.4" to ""
[266.112s] -- Installing: /home/user/ros2_ws/install/moveit_core/lib/libcollision_detector_bullet_plugin.so
[266.113s] -- Installing: /home/user/ros2_ws/install/moveit_core/lib/libmoveit_butterworth_filter.so.2.5.4
[266.113s] -- Set runtime path of "/home/user/ros2_ws/install/moveit_core/lib/libmoveit_butterworth_filter.so.2.5.4" to ""
[266.113s] -- Installing: /home/user/ros2_ws/install/moveit_core/lib/libmoveit_butterworth_filter.so
[266.113s] -- Installing: /home/user/ros2_ws/install/moveit_core/lib/libmoveit_collision_distance_field.so.2.5.4
[266.113s] -- Set runtime path of "/home/user/ros2_ws/install/moveit_core/lib/libmoveit_collision_distance_field.so.2.5.4" to ""
[266.113s] -- Installing: /home/user/ros2_ws/install/moveit_core/lib/libmoveit_collision_distance_field.so
[266.114s] -- Installing: /home/user/ros2_ws/install/moveit_core/lib/libmoveit_collision_detection.so.2.5.4
[266.114s] -- Set runtime path of "/home/user/ros2_ws/install/moveit_core/lib/libmoveit_collision_detection.so.2.5.4" to ""
[266.114s] -- Installing: /home/user/ros2_ws/install/moveit_core/lib/libmoveit_collision_detection.so
[266.114s] -- Installing: /home/user/ros2_ws/install/moveit_core/lib/libmoveit_collision_detection_fcl.so.2.5.4
[266.115s] -- Set runtime path of "/home/user/ros2_ws/install/moveit_core/lib/libmoveit_collision_detection_fcl.so.2.5.4" to ""
[266.115s] -- Installing: /home/user/ros2_ws/install/moveit_core/lib/libmoveit_collision_detection_fcl.so
[266.115s] -- Installing: /home/user/ros2_ws/install/moveit_core/lib/libmoveit_collision_detection_bullet.so.2.5.4
[266.116s] -- Set runtime path of "/home/user/ros2_ws/install/moveit_core/lib/libmoveit_collision_detection_bullet.so.2.5.4" to ""
[266.116s] -- Installing: /home/user/ros2_ws/install/moveit_core/lib/libmoveit_collision_detection_bullet.so
[266.117s] -- Installing: /home/user/ros2_ws/install/moveit_core/lib/libmoveit_dynamics_solver.so.2.5.4
[266.117s] -- Set runtime path of "/home/user/ros2_ws/install/moveit_core/lib/libmoveit_dynamics_solver.so.2.5.4" to ""
[266.117s] -- Installing: /home/user/ros2_ws/install/moveit_core/lib/libmoveit_dynamics_solver.so
[266.117s] -- Installing: /home/user/ros2_ws/install/moveit_core/lib/libmoveit_constraint_samplers.so.2.5.4
[266.118s] -- Set runtime path of "/home/user/ros2_ws/install/moveit_core/lib/libmoveit_constraint_samplers.so.2.5.4" to ""
[266.118s] -- Installing: /home/user/ros2_ws/install/moveit_core/lib/libmoveit_constraint_samplers.so
[266.118s] -- Installing: /home/user/ros2_ws/install/moveit_core/lib/libmoveit_distance_field.so.2.5.4
[266.119s] -- Set runtime path of "/home/user/ros2_ws/install/moveit_core/lib/libmoveit_distance_field.so.2.5.4" to ""
[266.119s] -- Installing: /home/user/ros2_ws/install/moveit_core/lib/libmoveit_distance_field.so
[266.119s] -- Installing: /home/user/ros2_ws/install/moveit_core/lib/libmoveit_exceptions.so.2.5.4
[266.120s] -- Set runtime path of "/home/user/ros2_ws/install/moveit_core/lib/libmoveit_exceptions.so.2.5.4" to ""
[266.120s] -- Installing: /home/user/ros2_ws/install/moveit_core/lib/libmoveit_exceptions.so
[266.120s] -- Installing: /home/user/ros2_ws/install/moveit_core/lib/libmoveit_kinematics_base.so
[266.120s] -- Set runtime path of "/home/user/ros2_ws/install/moveit_core/lib/libmoveit_kinematics_base.so" to ""
[266.121s] -- Installing: /home/user/ros2_ws/install/moveit_core/lib/libmoveit_kinematic_constraints.so.2.5.4
[266.121s] -- Set runtime path of "/home/user/ros2_ws/install/moveit_core/lib/libmoveit_kinematic_constraints.so.2.5.4" to ""
[266.122s] -- Installing: /home/user/ros2_ws/install/moveit_core/lib/libmoveit_kinematic_constraints.so
[266.122s] -- Installing: /home/user/ros2_ws/install/moveit_core/lib/libmoveit_kinematics_metrics.so.2.5.4
[266.122s] -- Set runtime path of "/home/user/ros2_ws/install/moveit_core/lib/libmoveit_kinematics_metrics.so.2.5.4" to ""
[266.122s] -- Installing: /home/user/ros2_ws/install/moveit_core/lib/libmoveit_kinematics_metrics.so
[266.123s] -- Installing: /home/user/ros2_ws/install/moveit_core/lib/libmoveit_planning_interface.so.2.5.4
[266.123s] -- Set runtime path of "/home/user/ros2_ws/install/moveit_core/lib/libmoveit_planning_interface.so.2.5.4" to ""
[266.123s] -- Installing: /home/user/ros2_ws/install/moveit_core/lib/libmoveit_planning_interface.so
[266.124s] -- Installing: /home/user/ros2_ws/install/moveit_core/lib/libmoveit_planning_scene.so.2.5.4
[266.125s] -- Set runtime path of "/home/user/ros2_ws/install/moveit_core/lib/libmoveit_planning_scene.so.2.5.4" to ""
[266.125s] -- Installing: /home/user/ros2_ws/install/moveit_core/lib/libmoveit_planning_scene.so
[266.125s] -- Installing: /home/user/ros2_ws/install/moveit_core/lib/libmoveit_planning_request_adapter.so.2.5.4
[266.125s] -- Set runtime path of "/home/user/ros2_ws/install/moveit_core/lib/libmoveit_planning_request_adapter.so.2.5.4" to ""
[266.126s] -- Installing: /home/user/ros2_ws/install/moveit_core/lib/libmoveit_planning_request_adapter.so
[266.126s] -- Installing: /home/user/ros2_ws/install/moveit_core/lib/libmoveit_robot_model.so.2.5.4
[266.127s] -- Set runtime path of "/home/user/ros2_ws/install/moveit_core/lib/libmoveit_robot_model.so.2.5.4" to ""
[266.127s] -- Installing: /home/user/ros2_ws/install/moveit_core/lib/libmoveit_robot_model.so
[266.127s] -- Installing: /home/user/ros2_ws/install/moveit_core/lib/libmoveit_robot_state.so.2.5.4
[266.128s] -- Set runtime path of "/home/user/ros2_ws/install/moveit_core/lib/libmoveit_robot_state.so.2.5.4" to ""
[266.128s] -- Installing: /home/user/ros2_ws/install/moveit_core/lib/libmoveit_robot_state.so
[266.129s] -- Installing: /home/user/ros2_ws/install/moveit_core/lib/libmoveit_robot_trajectory.so.2.5.4
[266.129s] -- Set runtime path of "/home/user/ros2_ws/install/moveit_core/lib/libmoveit_robot_trajectory.so.2.5.4" to ""
[266.129s] -- Installing: /home/user/ros2_ws/install/moveit_core/lib/libmoveit_robot_trajectory.so
[266.129s] -- Installing: /home/user/ros2_ws/install/moveit_core/lib/libmoveit_smoothing_base.so.2.5.4
[266.130s] -- Set runtime path of "/home/user/ros2_ws/install/moveit_core/lib/libmoveit_smoothing_base.so.2.5.4" to ""
[266.130s] -- Installing: /home/user/ros2_ws/install/moveit_core/lib/libmoveit_smoothing_base.so
[266.130s] -- Installing: /home/user/ros2_ws/install/moveit_core/lib/libmoveit_test_utils.so.2.5.4
[266.131s] -- Set runtime path of "/home/user/ros2_ws/install/moveit_core/lib/libmoveit_test_utils.so.2.5.4" to ""
[266.131s] -- Installing: /home/user/ros2_ws/install/moveit_core/lib/libmoveit_test_utils.so
[266.131s] -- Installing: /home/user/ros2_ws/install/moveit_core/lib/libmoveit_trajectory_processing.so.2.5.4
[266.132s] -- Set runtime path of "/home/user/ros2_ws/install/moveit_core/lib/libmoveit_trajectory_processing.so.2.5.4" to ""
[266.132s] -- Installing: /home/user/ros2_ws/install/moveit_core/lib/libmoveit_trajectory_processing.so
[266.132s] -- Installing: /home/user/ros2_ws/install/moveit_core/lib/libmoveit_transforms.so.2.5.4
[266.132s] -- Set runtime path of "/home/user/ros2_ws/install/moveit_core/lib/libmoveit_transforms.so.2.5.4" to ""
[266.133s] -- Installing: /home/user/ros2_ws/install/moveit_core/lib/libmoveit_transforms.so
[266.133s] -- Installing: /home/user/ros2_ws/install/moveit_core/lib/libmoveit_utils.so.2.5.4
[266.133s] -- Set runtime path of "/home/user/ros2_ws/install/moveit_core/lib/libmoveit_utils.so.2.5.4" to ""
[266.133s] -- Installing: /home/user/ros2_ws/install/moveit_core/lib/libmoveit_utils.so
[266.133s] -- Installing: /home/user/ros2_ws/install/moveit_core/share/moveit_core/environment/library_path.sh
[266.134s] -- Installing: /home/user/ros2_ws/install/moveit_core/share/moveit_core/environment/library_path.dsv
[266.134s] -- Installing: /home/user/ros2_ws/install/moveit_core/share/moveit_core/collision_detector_fcl_description.xml
[266.134s] -- Installing: /home/user/ros2_ws/install/moveit_core/share/moveit_core/collision_detector_bullet_description.xml
[266.135s] -- Installing: /home/user/ros2_ws/install/moveit_core/share/moveit_core/filter_plugin_butterworth.xml
[266.135s] -- Installing: /home/user/ros2_ws/install/moveit_core/share/ament_index/resource_index/package_run_dependencies/moveit_core
[266.136s] -- Installing: /home/user/ros2_ws/install/moveit_core/share/ament_index/resource_index/parent_prefix_path/moveit_core
[266.139s] -- Installing: /home/user/ros2_ws/install/moveit_core/share/moveit_core/environment/ament_prefix_path.sh
[266.139s] -- Installing: /home/user/ros2_ws/install/moveit_core/share/moveit_core/environment/ament_prefix_path.dsv
[266.140s] -- Installing: /home/user/ros2_ws/install/moveit_core/share/moveit_core/environment/path.sh
[266.140s] -- Installing: /home/user/ros2_ws/install/moveit_core/share/moveit_core/environment/path.dsv
[266.140s] -- Installing: /home/user/ros2_ws/install/moveit_core/share/moveit_core/local_setup.bash
[266.143s] -- Installing: /home/user/ros2_ws/install/moveit_core/share/moveit_core/local_setup.sh
[266.144s] -- Installing: /home/user/ros2_ws/install/moveit_core/share/moveit_core/local_setup.zsh
[266.146s] -- Installing: /home/user/ros2_ws/install/moveit_core/share/moveit_core/local_setup.dsv
[266.147s] -- Installing: /home/user/ros2_ws/install/moveit_core/share/moveit_core/package.dsv
[266.148s] -- Installing: /home/user/ros2_ws/install/moveit_core/share/ament_index/resource_index/packages/moveit_core
[266.148s] -- Installing: /home/user/ros2_ws/install/moveit_core/share/ament_index/resource_index/moveit_core__pluginlib__plugin/moveit_core
[266.149s] -- Installing: /home/user/ros2_ws/install/moveit_core/share/moveit_core/cmake/export_moveit_coreExport.cmake
[266.151s] -- Installing: /home/user/ros2_ws/install/moveit_core/share/moveit_core/cmake/export_moveit_coreExport-release.cmake
[266.152s] -- Installing: /home/user/ros2_ws/install/moveit_core/share/moveit_core/cmake/ConfigExtras.cmake
[266.152s] -- Installing: /home/user/ros2_ws/install/moveit_core/share/moveit_core/cmake/ament_cmake_export_targets-extras.cmake
[266.153s] -- Installing: /home/user/ros2_ws/install/moveit_core/share/moveit_core/cmake/ament_cmake_export_dependencies-extras.cmake
[266.154s] -- Installing: /home/user/ros2_ws/install/moveit_core/share/moveit_core/cmake/moveit_coreConfig.cmake
[266.154s] -- Installing: /home/user/ros2_ws/install/moveit_core/share/moveit_core/cmake/moveit_coreConfig-version.cmake
[266.155s] -- Installing: /home/user/ros2_ws/install/moveit_core/share/moveit_core/package.xml
[266.160s] Invoked command in '/home/user/ros2_ws/build/moveit_core' returned '0': CMAKE_PREFIX_PATH=/home/user/ros2_ws/install/moveit_common:/home/simulations/ros2_sims_ws/install/common_interfaces:/home/simulations/ros2_sims_ws/install/visualization_msgs:/home/simulations/ros2_sims_ws/install/test_msgs:/home/simulations/ros2_sims_ws/install/example_interfaces:/home/simulations/ros2_sims_ws/install/action_msgs:/home/simulations/ros2_sims_ws/install/unique_identifier_msgs:/home/simulations/ros2_sims_ws/install/trajectory_msgs:/home/simulations/ros2_sims_ws/install/test_interface_files:/home/simulations/ros2_sims_ws/install/stereo_msgs:/home/simulations/ros2_sims_ws/install/std_srvs:/home/simulations/ros2_sims_ws/install/shape_msgs:/home/simulations/ros2_sims_ws/install/sensor_msgs:/home/simulations/ros2_sims_ws/install/nav_msgs:/home/simulations/ros2_sims_ws/install/diagnostic_msgs:/home/simulations/ros2_sims_ws/install/geometry_msgs:/home/simulations/ros2_sims_ws/install/actionlib_msgs:/home/simulations/ros2_sims_ws/install/std_msgs:/home/simulations/ros2_sims_ws/install/statistics_msgs:/home/simulations/ros2_sims_ws/install/rosgraph_msgs:/home/simulations/ros2_sims_ws/install/rclrs_example_msgs:/home/simulations/ros2_sims_ws/install/composition_interfaces:/home/simulations/ros2_sims_ws/install/rcl_interfaces:/home/simulations/ros2_sims_ws/install/lifecycle_msgs:/home/simulations/ros2_sims_ws/install/builtin_interfaces:/home/simulations/ros2_sims_ws/install/rosidl_default_runtime:/home/simulations/ros2_sims_ws/install/rosidl_default_generators:/home/simulations/ros2_sims_ws/install/rosidl_generator_rs:/home/user/ros2_ws/install/ur_simulation_gazebo:/home/user/ros2_ws/install/ur3e_moveit_config:/home/user/ros2_ws/install/my_moveit2_config:/home/user/ros2_ws/install/ur_description:/home/user/ros2_ws/install/the_construct_office_gazebo:/home/user/ros2_ws/install/ros_testing:/home/user/ros2_ws/install/robotnik_sensors_gazebo:/home/user/ros2_ws/install/robotnik_sensors:/home/user/ros2_ws/install/robotiq_85_gripper:/home/user/ros2_ws/install/robotiq_85_msgs:/home/user/ros2_ws/install/robotiq_85_description:/home/user/ros2_ws/install/rg2_gripper_description:/home/user/ros2_ws/install/pilz_industrial_motion_planner_testutils:/home/user/ros2_ws/install/moveit_runtime:/home/user/ros2_ws/install/moveit:/home/user/ros2_ws/install/moveit_planners:/home/user/ros2_ws/install/pilz_industrial_motion_planner:/home/user/ros2_ws/install/moveit_ros_control_interface:/home/user/ros2_ws/install/moveit_plugins:/home/user/ros2_ws/install/moveit_simple_controller_manager:/home/user/ros2_ws/install/moveit_setup_assistant:/home/user/ros2_ws/install/moveit_setup_srdf_plugins:/home/user/ros2_ws/install/moveit_setup_core_plugins:/home/user/ros2_ws/install/moveit_setup_controllers:/home/user/ros2_ws/install/moveit_setup_app_plugins:/home/user/ros2_ws/install/moveit_setup_framework:/home/user/ros2_ws/install/moveit_servo:/home/user/ros2_ws/install/moveit_ros:/home/user/ros2_ws/install/moveit_ros_visualization:/home/user/ros2_ws/install/moveit_hybrid_planning:/home/user/ros2_ws/install/moveit_ros_planning_interface:/home/user/ros2_ws/install/moveit_ros_benchmarks:/home/user/ros2_ws/install/moveit_ros_warehouse:/home/user/ros2_ws/install/moveit_ros_robot_interaction:/home/user/ros2_ws/install/moveit_ros_perception:/home/user/ros2_ws/install/moveit_resources_prbt_pg70_support:/home/user/ros2_ws/install/moveit_resources_prbt_moveit_config:/home/user/ros2_ws/install/moveit_ros_move_group:/home/user/ros2_ws/install/moveit_planners_ompl:/home/user/ros2_ws/install/moveit_ros_planning:/home/user/ros2_ws/install/moveit_ros_occupancy_map_monitor:/home/user/ros2_ws/install/moveit_resources_prbt_support:/home/user/ros2_ws/install/moveit_resources_prbt_ikfast_manipulator_plugin:/home/user/ros2_ws/install/moveit_planners_chomp:/home/user/ros2_ws/install/moveit_kinematics:/home/user/ros2_ws/install/moveit_chomp_optimizer_adapter:/home/user/ros2_ws/install/chomp_motion_planner:/home/user/ros2_ws/install/moveit_core:/home/user/ros2_ws/install/gazebo_ros2_control_demos:/home/user/ros2_ws/install/gazebo_ros2_control:/home/simulations/ros2_sims_ws/install/rclrs_tests:/home/simulations/ros2_sims_ws/install/examples_rclrs_minimal_client_service:/home/simulations/ros2_sims_ws/install/sensor_msgs_py:/home/simulations/ros2_sims_ws/install/examples_rclrs_minimal_pub_sub:/home/simulations/ros2_sims_ws/install/examples_rclrs_message_demo:/home/simulations/ros2_sims_ws/install/rclrs:/home/simulations/ros2_sims_ws/install/rosidl_runtime_rs:/home/user/ros2_ws/install/ros2test:/home/user/ros2_ws/install/robotiq_85_driver:/home/user/ros2_ws/install/moveit_configs_utils:/opt/ros/humble _=/usr/bin/env /usr/bin/cmake --install /home/user/ros2_ws/build/moveit_core
