[0.058s] Invoking command in '/home/user/ros2_ws/build/my_moveit2_config': CMAKE_PREFIX_PATH=${CMAKE_PREFIX_PATH}:/opt/ros/foxy _=/usr/bin/env /usr/bin/cmake /home/user/ros2_ws/src/my_moveit2_config -DCMAKE_INSTALL_PREFIX=/home/user/ros2_ws/install/my_moveit2_config
[3.601s] -- The C compiler identification is GNU 9.3.0
[3.733s] -- The CXX compiler identification is GNU 9.3.0
[3.816s] -- Check for working C compiler: /usr/bin/cc
[3.911s] -- Check for working C compiler: /usr/bin/cc -- works
[3.914s] -- Detecting C compiler ABI info
[4.009s] -- Detecting C compiler ABI info - done
[4.022s] -- Detecting C compile features
[4.119s] -- Detecting C compile features - done
[4.124s] -- Check for working CXX compiler: /usr/bin/c++
[4.214s] -- Check for working CXX compiler: /usr/bin/c++ -- works
[4.216s] -- Detecting CXX compiler ABI info
[4.314s] -- Detecting CXX compiler ABI info - done
[4.327s] -- Detecting CXX compile features
[4.328s] -- Detecting CXX compile features - done
[4.348s] -- Found ament_cmake: 0.9.9 (/opt/ros/foxy/share/ament_cmake/cmake)
[4.481s] -- Found PythonInterp: /usr/bin/python3 (found suitable version "3.8.10", minimum required is "3") 
[4.482s] -- Using PYTHON_EXECUTABLE: /usr/bin/python3
[4.983s] -- Found ament_lint_auto: 0.9.6 (/opt/ros/foxy/share/ament_lint_auto/cmake)
[5.131s] -- Added test 'copyright' to check source files copyright and LICENSE
[5.137s] -- Added test 'flake8' to check Python code syntax and style conventions
[5.139s] -- Added test 'lint_cmake' to check CMake code style
[5.140s] -- Added test 'pep257' to check Python code against some of the style conventions in PEP 257
[5.143s] -- Added test 'xmllint' to check XML markup files
[5.146s] -- Configuring done
[5.148s] -- Generating done
[5.149s] -- Build files have been written to: /home/user/ros2_ws/build/my_moveit2_config
[5.154s] Invoked command in '/home/user/ros2_ws/build/my_moveit2_config' returned '0': CMAKE_PREFIX_PATH=${CMAKE_PREFIX_PATH}:/opt/ros/foxy _=/usr/bin/env /usr/bin/cmake /home/user/ros2_ws/src/my_moveit2_config -DCMAKE_INSTALL_PREFIX=/home/user/ros2_ws/install/my_moveit2_config
[5.157s] Invoking command in '/home/user/ros2_ws/build/my_moveit2_config': CMAKE_PREFIX_PATH=${CMAKE_PREFIX_PATH}:/opt/ros/foxy _=/usr/bin/env /usr/bin/cmake --build /home/user/ros2_ws/build/my_moveit2_config -- -j8 -l8
[5.201s] Invoked command in '/home/user/ros2_ws/build/my_moveit2_config' returned '0': CMAKE_PREFIX_PATH=${CMAKE_PREFIX_PATH}:/opt/ros/foxy _=/usr/bin/env /usr/bin/cmake --build /home/user/ros2_ws/build/my_moveit2_config -- -j8 -l8
[5.236s] Invoking command in '/home/user/ros2_ws/build/my_moveit2_config': CMAKE_PREFIX_PATH=${CMAKE_PREFIX_PATH}:/opt/ros/foxy _=/usr/bin/env /usr/bin/cmake --install /home/user/ros2_ws/build/my_moveit2_config
[5.246s] -- Install configuration: ""
[5.246s] -- Installing: /home/user/ros2_ws/install/my_moveit2_config/share/ament_index/resource_index/package_run_dependencies/my_moveit2_config
[5.247s] -- Installing: /home/user/ros2_ws/install/my_moveit2_config/share/ament_index/resource_index/parent_prefix_path/my_moveit2_config
[5.247s] -- Installing: /home/user/ros2_ws/install/my_moveit2_config/share/my_moveit2_config/environment/ament_prefix_path.sh
[5.247s] -- Installing: /home/user/ros2_ws/install/my_moveit2_config/share/my_moveit2_config/environment/ament_prefix_path.dsv
[5.247s] -- Installing: /home/user/ros2_ws/install/my_moveit2_config/share/my_moveit2_config/environment/path.sh
[5.248s] -- Installing: /home/user/ros2_ws/install/my_moveit2_config/share/my_moveit2_config/environment/path.dsv
[5.248s] -- Installing: /home/user/ros2_ws/install/my_moveit2_config/share/my_moveit2_config/local_setup.bash
[5.248s] -- Installing: /home/user/ros2_ws/install/my_moveit2_config/share/my_moveit2_config/local_setup.sh
[5.249s] -- Installing: /home/user/ros2_ws/install/my_moveit2_config/share/my_moveit2_config/local_setup.zsh
[5.249s] -- Installing: /home/user/ros2_ws/install/my_moveit2_config/share/my_moveit2_config/local_setup.dsv
[5.249s] -- Installing: /home/user/ros2_ws/install/my_moveit2_config/share/my_moveit2_config/package.dsv
[5.250s] -- Installing: /home/user/ros2_ws/install/my_moveit2_config/share/ament_index/resource_index/packages/my_moveit2_config
[5.250s] -- Installing: /home/user/ros2_ws/install/my_moveit2_config/share/my_moveit2_config/cmake/my_moveit2_configConfig.cmake
[5.251s] -- Installing: /home/user/ros2_ws/install/my_moveit2_config/share/my_moveit2_config/cmake/my_moveit2_configConfig-version.cmake
[5.251s] -- Installing: /home/user/ros2_ws/install/my_moveit2_config/share/my_moveit2_config/package.xml
[5.252s] -- Installing: /home/user/ros2_ws/install/my_moveit2_config/share/my_moveit2_config/config
[5.253s] -- Installing: /home/user/ros2_ws/install/my_moveit2_config/share/my_moveit2_config/config/ros_controllers.yaml
[5.253s] -- Installing: /home/user/ros2_ws/install/my_moveit2_config/share/my_moveit2_config/config/chomp_planning.yaml
[5.254s] -- Installing: /home/user/ros2_ws/install/my_moveit2_config/share/my_moveit2_config/config/sensors_3d.yaml
[5.256s] -- Installing: /home/user/ros2_ws/install/my_moveit2_config/share/my_moveit2_config/config/cartesian_limits.yaml
[5.256s] -- Installing: /home/user/ros2_ws/install/my_moveit2_config/share/my_moveit2_config/config/kinematics.yaml
[5.257s] -- Installing: /home/user/ros2_ws/install/my_moveit2_config/share/my_moveit2_config/config/ur3e.srdf
[5.257s] -- Installing: /home/user/ros2_ws/install/my_moveit2_config/share/my_moveit2_config/config/ompl_planning.yaml
[5.257s] -- Installing: /home/user/ros2_ws/install/my_moveit2_config/share/my_moveit2_config/config/joint_limits.yaml
[5.258s] -- Installing: /home/user/ros2_ws/install/my_moveit2_config/share/my_moveit2_config/config/fake_controllers.yaml
[5.258s] -- Installing: /home/user/ros2_ws/install/my_moveit2_config/share/my_moveit2_config/config/controllers.yaml
[5.258s] -- Installing: /home/user/ros2_ws/install/my_moveit2_config/share/my_moveit2_config/launch
[5.258s] -- Installing: /home/user/ros2_ws/install/my_moveit2_config/share/my_moveit2_config/launch/my_planning_execution.launch.py
[5.259s] -- Installing: /home/user/ros2_ws/install/my_moveit2_config/share/my_moveit2_config/rviz
[5.259s] -- Installing: /home/user/ros2_ws/install/my_moveit2_config/share/my_moveit2_config/rviz/view_robot.rviz
[5.291s] Invoked command in '/home/user/ros2_ws/build/my_moveit2_config' returned '0': CMAKE_PREFIX_PATH=${CMAKE_PREFIX_PATH}:/opt/ros/foxy _=/usr/bin/env /usr/bin/cmake --install /home/user/ros2_ws/build/my_moveit2_config
