[0.017s] Invoking command in '/home/steven/ws_moveit2/build/srdfdom': CMAKE_PREFIX_PATH=/opt/ros/humble /usr/bin/cmake /home/steven/ws_moveit2/src/srdfdom -DCMAKE_BUILD_TYPE=Release -DCMAKE_INSTALL_PREFIX=/home/steven/ws_moveit2/install/srdfdom
[0.128s] -- The CXX compiler identification is GNU 11.4.0
[0.128s] -- Detecting CXX compiler ABI info
[0.128s] -- Detecting CXX compiler ABI info - done
[0.128s] -- Check for working CXX compiler: /usr/bin/c++ - skipped
[0.128s] -- Detecting CXX compile features
[0.128s] -- Detecting CXX compile features - done
[0.129s] -- Found Boost: /usr/lib/x86_64-linux-gnu/cmake/Boost-1.74.0/BoostConfig.cmake (found version "1.74.0")  
[0.134s] -- Found ament_cmake: 1.3.9 (/opt/ros/humble/share/ament_cmake/cmake)
[0.207s] -- Found Python3: /usr/bin/python3 (found version "3.10.12") found components: Interpreter 
[0.253s] -- Found urdf: 2.6.0 (/opt/ros/humble/share/urdf/cmake)
[0.290s] -- Found TinyXML2 via Config file: TinyXML2_DIR-NOTFOUND
[0.332s] -- Found ament_cmake_gtest: 1.3.9 (/opt/ros/humble/share/ament_cmake_gtest/cmake)
[0.333s] -- Found ament_cmake_pytest: 1.3.9 (/opt/ros/humble/share/ament_cmake_pytest/cmake)
[0.476s] -- Found gtest sources under '/opt/ros/humble/src/gtest_vendor': C++ tests using 'Google Test' will be built
[0.496s] -- The C compiler identification is GNU 11.4.0
[0.501s] -- Detecting C compiler ABI info
[0.533s] -- Detecting C compiler ABI info - done
[0.539s] -- Check for working C compiler: /usr/bin/cc - skipped
[0.539s] -- Detecting C compile features
[0.539s] -- Detecting C compile features - done
[0.541s] -- Looking for C++ include pthread.h
[0.581s] -- Looking for C++ include pthread.h - found
[0.581s] -- Performing Test CMAKE_HAVE_LIBC_PTHREAD
[0.619s] -- Performing Test CMAKE_HAVE_LIBC_PTHREAD - Success
[0.620s] -- Found Threads: TRUE  
[0.622s] -- Found ament_lint_auto: 0.12.11 (/opt/ros/humble/share/ament_lint_auto/cmake)
[0.629s] -- Configuring done
[0.636s] -- Generating done
[0.637s] -- Build files have been written to: /home/steven/ws_moveit2/build/srdfdom
[0.640s] Invoked command in '/home/steven/ws_moveit2/build/srdfdom' returned '0': CMAKE_PREFIX_PATH=/opt/ros/humble /usr/bin/cmake /home/steven/ws_moveit2/src/srdfdom -DCMAKE_BUILD_TYPE=Release -DCMAKE_INSTALL_PREFIX=/home/steven/ws_moveit2/install/srdfdom
[0.641s] Invoking command in '/home/steven/ws_moveit2/build/srdfdom': CMAKE_PREFIX_PATH=/opt/ros/humble /usr/bin/cmake --build /home/steven/ws_moveit2/build/srdfdom -- -j32 -l32
[0.661s] [  9%] [32mBuilding CXX object CMakeFiles/srdfdom.dir/src/model.cpp.o[0m
[0.661s] [ 18%] [32mBuilding CXX object gtest/CMakeFiles/gtest.dir/src/gtest-all.cc.o[0m
[0.663s] [ 27%] [32mBuilding CXX object CMakeFiles/srdfdom.dir/src/srdf_writer.cpp.o[0m
[0.665s] [ 27%] Built target ament_cmake_python_copy_srdfdom
[0.665s] [ 36%] [32mBuilding CXX object gtest/CMakeFiles/gtest_main.dir/src/gtest_main.cc.o[0m
[0.765s] running egg_info
[0.765s] creating srdfdom.egg-info
[0.765s] writing srdfdom.egg-info/PKG-INFO
[0.765s] writing dependency_links to srdfdom.egg-info/dependency_links.txt
[0.765s] writing top-level names to srdfdom.egg-info/top_level.txt
[0.765s] writing manifest file 'srdfdom.egg-info/SOURCES.txt'
[0.766s] reading manifest file 'srdfdom.egg-info/SOURCES.txt'
[0.766s] writing manifest file 'srdfdom.egg-info/SOURCES.txt'
[0.780s] [ 36%] Built target ament_cmake_python_build_srdfdom_egg
[0.938s] [ 45%] [32m[1mLinking CXX static library libgtest_main.a[0m
[0.954s] [ 45%] Built target gtest_main
[2.120s] [ 54%] [32m[1mLinking CXX shared library libsrdfdom.so[0m
[2.165s] [ 54%] Built target srdfdom
[4.132s] [ 63%] [32m[1mLinking CXX static library libgtest.a[0m
[4.149s] [ 63%] Built target gtest
[4.159s] [ 72%] [32mBuilding CXX object CMakeFiles/test_cpp_C.dir/test/test_parser.cpp.o[0m
[4.159s] [ 81%] [32mBuilding CXX object CMakeFiles/test_cpp_nl_NL.UTF-8.dir/test/test_parser.cpp.o[0m
[5.094s] [ 90%] [32m[1mLinking CXX executable test_cpp_C[0m
[5.098s] [100%] [32m[1mLinking CXX executable test_cpp_nl_NL.UTF-8[0m
[5.138s] [100%] Built target test_cpp_C
[5.140s] [100%] Built target test_cpp_nl_NL.UTF-8
[5.146s] Invoked command in '/home/steven/ws_moveit2/build/srdfdom' returned '0': CMAKE_PREFIX_PATH=/opt/ros/humble /usr/bin/cmake --build /home/steven/ws_moveit2/build/srdfdom -- -j32 -l32
[5.159s] Invoking command in '/home/steven/ws_moveit2/build/srdfdom': CMAKE_PREFIX_PATH=/opt/ros/humble /usr/bin/cmake --install /home/steven/ws_moveit2/build/srdfdom
[5.163s] -- Install configuration: "Release"
[5.163s] -- Installing: /home/steven/ws_moveit2/install/srdfdom/lib/libsrdfdom.so.2.0.4
[5.163s] -- Set runtime path of "/home/steven/ws_moveit2/install/srdfdom/lib/libsrdfdom.so.2.0.4" to ""
[5.163s] -- Installing: /home/steven/ws_moveit2/install/srdfdom/lib/libsrdfdom.so
[5.163s] -- Installing: /home/steven/ws_moveit2/install/srdfdom/include/srdfdom
[5.164s] -- Installing: /home/steven/ws_moveit2/install/srdfdom/include/srdfdom/model.h
[5.164s] -- Installing: /home/steven/ws_moveit2/install/srdfdom/include/srdfdom/visibility_control.h
[5.164s] -- Installing: /home/steven/ws_moveit2/install/srdfdom/include/srdfdom/srdf_writer.h
[5.164s] -- Installing: /home/steven/ws_moveit2/install/srdfdom/lib/srdfdom/display_srdf
[5.164s] -- Installing: /home/steven/ws_moveit2/install/srdfdom/share/srdfdom/environment/pythonpath.sh
[5.164s] -- Installing: /home/steven/ws_moveit2/install/srdfdom/share/srdfdom/environment/pythonpath.dsv
[5.164s] -- Installing: /home/steven/ws_moveit2/install/srdfdom/local/lib/python3.10/dist-packages/srdfdom-2.0.4-py3.10.egg-info
[5.164s] -- Installing: /home/steven/ws_moveit2/install/srdfdom/local/lib/python3.10/dist-packages/srdfdom-2.0.4-py3.10.egg-info/PKG-INFO
[5.164s] -- Installing: /home/steven/ws_moveit2/install/srdfdom/local/lib/python3.10/dist-packages/srdfdom-2.0.4-py3.10.egg-info/dependency_links.txt
[5.164s] -- Installing: /home/steven/ws_moveit2/install/srdfdom/local/lib/python3.10/dist-packages/srdfdom-2.0.4-py3.10.egg-info/top_level.txt
[5.164s] -- Installing: /home/steven/ws_moveit2/install/srdfdom/local/lib/python3.10/dist-packages/srdfdom-2.0.4-py3.10.egg-info/SOURCES.txt
[5.164s] -- Installing: /home/steven/ws_moveit2/install/srdfdom/local/lib/python3.10/dist-packages/srdfdom
[5.164s] -- Installing: /home/steven/ws_moveit2/install/srdfdom/local/lib/python3.10/dist-packages/srdfdom/srdf.py
[5.164s] -- Installing: /home/steven/ws_moveit2/install/srdfdom/local/lib/python3.10/dist-packages/srdfdom/__init__.py
[5.179s] Listing '/home/steven/ws_moveit2/install/srdfdom/local/lib/python3.10/dist-packages/srdfdom'...
[5.179s] Compiling '/home/steven/ws_moveit2/install/srdfdom/local/lib/python3.10/dist-packages/srdfdom/__init__.py'...
[5.179s] Compiling '/home/steven/ws_moveit2/install/srdfdom/local/lib/python3.10/dist-packages/srdfdom/srdf.py'...
[5.181s] -- Installing: /home/steven/ws_moveit2/install/srdfdom/share/srdfdom/environment/library_path.sh
[5.181s] -- Installing: /home/steven/ws_moveit2/install/srdfdom/share/srdfdom/environment/library_path.dsv
[5.181s] -- Installing: /home/steven/ws_moveit2/install/srdfdom/share/ament_index/resource_index/package_run_dependencies/srdfdom
[5.181s] -- Installing: /home/steven/ws_moveit2/install/srdfdom/share/ament_index/resource_index/parent_prefix_path/srdfdom
[5.181s] -- Installing: /home/steven/ws_moveit2/install/srdfdom/share/srdfdom/environment/ament_prefix_path.sh
[5.181s] -- Installing: /home/steven/ws_moveit2/install/srdfdom/share/srdfdom/environment/ament_prefix_path.dsv
[5.182s] -- Installing: /home/steven/ws_moveit2/install/srdfdom/share/srdfdom/environment/path.sh
[5.182s] -- Installing: /home/steven/ws_moveit2/install/srdfdom/share/srdfdom/environment/path.dsv
[5.182s] -- Installing: /home/steven/ws_moveit2/install/srdfdom/share/srdfdom/local_setup.bash
[5.182s] -- Installing: /home/steven/ws_moveit2/install/srdfdom/share/srdfdom/local_setup.sh
[5.182s] -- Installing: /home/steven/ws_moveit2/install/srdfdom/share/srdfdom/local_setup.zsh
[5.182s] -- Installing: /home/steven/ws_moveit2/install/srdfdom/share/srdfdom/local_setup.dsv
[5.182s] -- Installing: /home/steven/ws_moveit2/install/srdfdom/share/srdfdom/package.dsv
[5.182s] -- Installing: /home/steven/ws_moveit2/install/srdfdom/share/ament_index/resource_index/packages/srdfdom
[5.182s] -- Installing: /home/steven/ws_moveit2/install/srdfdom/share/srdfdom/cmake/srdfdomTargetsExport.cmake
[5.182s] -- Installing: /home/steven/ws_moveit2/install/srdfdom/share/srdfdom/cmake/srdfdomTargetsExport-release.cmake
[5.182s] -- Installing: /home/steven/ws_moveit2/install/srdfdom/share/srdfdom/cmake/ament_cmake_export_targets-extras.cmake
[5.182s] -- Installing: /home/steven/ws_moveit2/install/srdfdom/share/srdfdom/cmake/ament_cmake_export_dependencies-extras.cmake
[5.182s] -- Installing: /home/steven/ws_moveit2/install/srdfdom/share/srdfdom/cmake/srdfdomConfig.cmake
[5.182s] -- Installing: /home/steven/ws_moveit2/install/srdfdom/share/srdfdom/cmake/srdfdomConfig-version.cmake
[5.182s] -- Installing: /home/steven/ws_moveit2/install/srdfdom/share/srdfdom/package.xml
[5.184s] Invoked command in '/home/steven/ws_moveit2/build/srdfdom' returned '0': CMAKE_PREFIX_PATH=/opt/ros/humble /usr/bin/cmake --install /home/steven/ws_moveit2/build/srdfdom
