[0.007s] Invoking command in '/home/steven/ws_moveit2/build/moveit_resources_panda_moveit_config': AMENT_PREFIX_PATH=/home/steven/ws_moveit2/install/moveit_resources_panda_description:${AMENT_PREFIX_PATH} CMAKE_PREFIX_PATH=/home/steven/ws_moveit2/install/moveit_resources_panda_description:/opt/ros/humble /usr/bin/cmake /home/steven/ws_moveit2/src/moveit_resources/panda_moveit_config -DCMAKE_BUILD_TYPE=Release -DCMAKE_INSTALL_PREFIX=/home/steven/ws_moveit2/install/moveit_resources_panda_moveit_config
[0.031s] -- The C compiler identification is GNU 11.4.0
[0.055s] -- The CXX compiler identification is GNU 11.4.0
[0.058s] -- Detecting C compiler ABI info
[0.088s] -- Detecting C compiler ABI info - done
[0.091s] -- Check for working C compiler: /usr/bin/cc - skipped
[0.092s] -- Detecting C compile features
[0.092s] -- Detecting C compile features - done
[0.093s] -- Detecting CXX compiler ABI info
[0.125s] -- Detecting CXX compiler ABI info - done
[0.130s] -- Check for working CXX compiler: /usr/bin/c++ - skipped
[0.130s] -- Detecting CXX compile features
[0.130s] -- Detecting CXX compile features - done
[0.131s] -- Found ament_cmake: 1.3.9 (/opt/ros/humble/share/ament_cmake/cmake)
[0.200s] -- Found Python3: /usr/bin/python3 (found version "3.10.12") found components: Interpreter 
[0.273s] -- Configuring done
[0.274s] -- Generating done
[0.275s] -- Build files have been written to: /home/steven/ws_moveit2/build/moveit_resources_panda_moveit_config
[0.279s] Invoked command in '/home/steven/ws_moveit2/build/moveit_resources_panda_moveit_config' returned '0': AMENT_PREFIX_PATH=/home/steven/ws_moveit2/install/moveit_resources_panda_description:${AMENT_PREFIX_PATH} CMAKE_PREFIX_PATH=/home/steven/ws_moveit2/install/moveit_resources_panda_description:/opt/ros/humble /usr/bin/cmake /home/steven/ws_moveit2/src/moveit_resources/panda_moveit_config -DCMAKE_BUILD_TYPE=Release -DCMAKE_INSTALL_PREFIX=/home/steven/ws_moveit2/install/moveit_resources_panda_moveit_config
[0.280s] Invoking command in '/home/steven/ws_moveit2/build/moveit_resources_panda_moveit_config': AMENT_PREFIX_PATH=/home/steven/ws_moveit2/install/moveit_resources_panda_description:${AMENT_PREFIX_PATH} CMAKE_PREFIX_PATH=/home/steven/ws_moveit2/install/moveit_resources_panda_description:/opt/ros/humble /usr/bin/cmake --build /home/steven/ws_moveit2/build/moveit_resources_panda_moveit_config -- -j32 -l32
[0.296s] Invoked command in '/home/steven/ws_moveit2/build/moveit_resources_panda_moveit_config' returned '0': AMENT_PREFIX_PATH=/home/steven/ws_moveit2/install/moveit_resources_panda_description:${AMENT_PREFIX_PATH} CMAKE_PREFIX_PATH=/home/steven/ws_moveit2/install/moveit_resources_panda_description:/opt/ros/humble /usr/bin/cmake --build /home/steven/ws_moveit2/build/moveit_resources_panda_moveit_config -- -j32 -l32
[0.306s] Invoking command in '/home/steven/ws_moveit2/build/moveit_resources_panda_moveit_config': AMENT_PREFIX_PATH=/home/steven/ws_moveit2/install/moveit_resources_panda_description:${AMENT_PREFIX_PATH} CMAKE_PREFIX_PATH=/home/steven/ws_moveit2/install/moveit_resources_panda_description:/opt/ros/humble /usr/bin/cmake --install /home/steven/ws_moveit2/build/moveit_resources_panda_moveit_config
[0.309s] -- Install configuration: "Release"
[0.309s] -- Installing: /home/steven/ws_moveit2/install/moveit_resources_panda_moveit_config/share/ament_index/resource_index/package_run_dependencies/moveit_resources_panda_moveit_config
[0.310s] -- Installing: /home/steven/ws_moveit2/install/moveit_resources_panda_moveit_config/share/ament_index/resource_index/parent_prefix_path/moveit_resources_panda_moveit_config
[0.310s] -- Installing: /home/steven/ws_moveit2/install/moveit_resources_panda_moveit_config/share/moveit_resources_panda_moveit_config/environment/ament_prefix_path.sh
[0.310s] -- Installing: /home/steven/ws_moveit2/install/moveit_resources_panda_moveit_config/share/moveit_resources_panda_moveit_config/environment/ament_prefix_path.dsv
[0.310s] -- Installing: /home/steven/ws_moveit2/install/moveit_resources_panda_moveit_config/share/moveit_resources_panda_moveit_config/environment/path.sh
[0.310s] -- Installing: /home/steven/ws_moveit2/install/moveit_resources_panda_moveit_config/share/moveit_resources_panda_moveit_config/environment/path.dsv
[0.310s] -- Installing: /home/steven/ws_moveit2/install/moveit_resources_panda_moveit_config/share/moveit_resources_panda_moveit_config/local_setup.bash
[0.310s] -- Installing: /home/steven/ws_moveit2/install/moveit_resources_panda_moveit_config/share/moveit_resources_panda_moveit_config/local_setup.sh
[0.310s] -- Installing: /home/steven/ws_moveit2/install/moveit_resources_panda_moveit_config/share/moveit_resources_panda_moveit_config/local_setup.zsh
[0.310s] -- Installing: /home/steven/ws_moveit2/install/moveit_resources_panda_moveit_config/share/moveit_resources_panda_moveit_config/local_setup.dsv
[0.310s] -- Installing: /home/steven/ws_moveit2/install/moveit_resources_panda_moveit_config/share/moveit_resources_panda_moveit_config/package.dsv
[0.310s] -- Installing: /home/steven/ws_moveit2/install/moveit_resources_panda_moveit_config/share/ament_index/resource_index/packages/moveit_resources_panda_moveit_config
[0.310s] -- Installing: /home/steven/ws_moveit2/install/moveit_resources_panda_moveit_config/share/moveit_resources_panda_moveit_config/cmake/moveit_resources_panda_moveit_configConfig.cmake
[0.310s] -- Installing: /home/steven/ws_moveit2/install/moveit_resources_panda_moveit_config/share/moveit_resources_panda_moveit_config/cmake/moveit_resources_panda_moveit_configConfig-version.cmake
[0.310s] -- Installing: /home/steven/ws_moveit2/install/moveit_resources_panda_moveit_config/share/moveit_resources_panda_moveit_config/package.xml
[0.310s] -- Installing: /home/steven/ws_moveit2/install/moveit_resources_panda_moveit_config/share/moveit_resources_panda_moveit_config/launch
[0.310s] -- Installing: /home/steven/ws_moveit2/install/moveit_resources_panda_moveit_config/share/moveit_resources_panda_moveit_config/launch/moveit_rviz.launch.py
[0.310s] -- Installing: /home/steven/ws_moveit2/install/moveit_resources_panda_moveit_config/share/moveit_resources_panda_moveit_config/launch/demo.launch.py
[0.310s] -- Installing: /home/steven/ws_moveit2/install/moveit_resources_panda_moveit_config/share/moveit_resources_panda_moveit_config/launch/moveit.rviz
[0.310s] -- Installing: /home/steven/ws_moveit2/install/moveit_resources_panda_moveit_config/share/moveit_resources_panda_moveit_config/launch/moveit_empty.rviz
[0.310s] -- Installing: /home/steven/ws_moveit2/install/moveit_resources_panda_moveit_config/share/moveit_resources_panda_moveit_config/config
[0.310s] -- Installing: /home/steven/ws_moveit2/install/moveit_resources_panda_moveit_config/share/moveit_resources_panda_moveit_config/config/ompl_planning.yaml
[0.310s] -- Installing: /home/steven/ws_moveit2/install/moveit_resources_panda_moveit_config/share/moveit_resources_panda_moveit_config/config/sensors_kinect_depthmap.yaml
[0.310s] -- Installing: /home/steven/ws_moveit2/install/moveit_resources_panda_moveit_config/share/moveit_resources_panda_moveit_config/config/panda_hand.ros2_control.xacro
[0.311s] -- Installing: /home/steven/ws_moveit2/install/moveit_resources_panda_moveit_config/share/moveit_resources_panda_moveit_config/config/pilz_industrial_motion_planner_planning.yaml
[0.311s] -- Installing: /home/steven/ws_moveit2/install/moveit_resources_panda_moveit_config/share/moveit_resources_panda_moveit_config/config/lerp_planning.yaml
[0.311s] -- Installing: /home/steven/ws_moveit2/install/moveit_resources_panda_moveit_config/share/moveit_resources_panda_moveit_config/config/moveit_controllers.yaml
[0.311s] -- Installing: /home/steven/ws_moveit2/install/moveit_resources_panda_moveit_config/share/moveit_resources_panda_moveit_config/config/panda.ros2_control.xacro
[0.311s] -- Installing: /home/steven/ws_moveit2/install/moveit_resources_panda_moveit_config/share/moveit_resources_panda_moveit_config/config/panda.urdf.xacro
[0.311s] -- Installing: /home/steven/ws_moveit2/install/moveit_resources_panda_moveit_config/share/moveit_resources_panda_moveit_config/config/kinematics.yaml
[0.311s] -- Installing: /home/steven/ws_moveit2/install/moveit_resources_panda_moveit_config/share/moveit_resources_panda_moveit_config/config/panda_arm.srdf.xacro
[0.311s] -- Installing: /home/steven/ws_moveit2/install/moveit_resources_panda_moveit_config/share/moveit_resources_panda_moveit_config/config/initial_positions.yaml
[0.311s] -- Installing: /home/steven/ws_moveit2/install/moveit_resources_panda_moveit_config/share/moveit_resources_panda_moveit_config/config/chomp_planning.yaml
[0.311s] -- Installing: /home/steven/ws_moveit2/install/moveit_resources_panda_moveit_config/share/moveit_resources_panda_moveit_config/config/hand.xacro
[0.311s] -- Installing: /home/steven/ws_moveit2/install/moveit_resources_panda_moveit_config/share/moveit_resources_panda_moveit_config/config/joint_limits.yaml
[0.311s] -- Installing: /home/steven/ws_moveit2/install/moveit_resources_panda_moveit_config/share/moveit_resources_panda_moveit_config/config/ros2_controllers.yaml
[0.311s] -- Installing: /home/steven/ws_moveit2/install/moveit_resources_panda_moveit_config/share/moveit_resources_panda_moveit_config/config/panda_arm_hand.srdf.xacro
[0.311s] -- Installing: /home/steven/ws_moveit2/install/moveit_resources_panda_moveit_config/share/moveit_resources_panda_moveit_config/config/gripper_moveit_controllers.yaml
[0.311s] -- Installing: /home/steven/ws_moveit2/install/moveit_resources_panda_moveit_config/share/moveit_resources_panda_moveit_config/config/pilz_cartesian_limits.yaml
[0.311s] -- Installing: /home/steven/ws_moveit2/install/moveit_resources_panda_moveit_config/share/moveit_resources_panda_moveit_config/config/trajopt_planning.yaml
[0.311s] -- Installing: /home/steven/ws_moveit2/install/moveit_resources_panda_moveit_config/share/moveit_resources_panda_moveit_config/config/sensors_kinect_pointcloud.yaml
[0.311s] -- Installing: /home/steven/ws_moveit2/install/moveit_resources_panda_moveit_config/share/moveit_resources_panda_moveit_config/config/panda.srdf
[0.311s] -- Installing: /home/steven/ws_moveit2/install/moveit_resources_panda_moveit_config/share/moveit_resources_panda_moveit_config/config/panda_arm.xacro
[0.311s] -- Installing: /home/steven/ws_moveit2/install/moveit_resources_panda_moveit_config/share/moveit_resources_panda_moveit_config/.setup_assistant
[0.314s] Invoked command in '/home/steven/ws_moveit2/build/moveit_resources_panda_moveit_config' returned '0': AMENT_PREFIX_PATH=/home/steven/ws_moveit2/install/moveit_resources_panda_description:${AMENT_PREFIX_PATH} CMAKE_PREFIX_PATH=/home/steven/ws_moveit2/install/moveit_resources_panda_description:/opt/ros/humble /usr/bin/cmake --install /home/steven/ws_moveit2/build/moveit_resources_panda_moveit_config
