[0.067s] Invoking command in '/home/user/ros2_ws/build/the_construct_office_gazebo': CMAKE_PREFIX_PATH=/home/user/ros2_ws/install/gazebo_grasp_plugin_ros:/home/user/ros2_ws/install/ros2test:/home/user/ros2_ws/install/moveit_configs_utils:/home/simulations/ros2_sims_ws/install/rclrs_tests:/home/simulations/ros2_sims_ws/install/examples_rclrs_minimal_client_service:/home/simulations/ros2_sims_ws/install/sensor_msgs_py:/home/simulations/ros2_sims_ws/install/examples_rclrs_minimal_pub_sub:/home/simulations/ros2_sims_ws/install/examples_rclrs_message_demo:/home/simulations/ros2_sims_ws/install/rclrs:/home/simulations/ros2_sims_ws/install/rosidl_runtime_rs:/home/user/ros2_ws/install/robotiq_85_driver:/opt/ros/humble:/home/user/ros2_ws/install/gazebo_grasp_plugin:/home/user/ros2_ws/install/gazebo_version_helpers:/home/user/ros2_ws/install/ur3e_moveit_config:/home/user/ros2_ws/install/test_moveit_config:/home/user/ros2_ws/install/test2_moveit_config:/home/user/ros2_ws/install/my_moveit_config:/home/user/ros2_ws/install/my_moveit2_config:/home/user/ros2_ws/install/simple_grasping:/home/user/ros2_ws/install/ros_testing:/home/user/ros2_ws/install/robotnik_sensors_gazebo:/home/user/ros2_ws/install/robotnik_sensors:/home/user/ros2_ws/install/pilz_industrial_motion_planner_testutils:/home/user/ros2_ws/install/moveit_runtime:/home/user/ros2_ws/install/moveit:/home/user/ros2_ws/install/moveit_planners:/home/user/ros2_ws/install/pilz_industrial_motion_planner:/home/user/ros2_ws/install/moveit_ros_control_interface:/home/user/ros2_ws/install/moveit_plugins:/home/user/ros2_ws/install/moveit_simple_controller_manager:/home/user/ros2_ws/install/moveit_setup_assistant:/home/user/ros2_ws/install/moveit_setup_srdf_plugins:/home/user/ros2_ws/install/moveit_setup_core_plugins:/home/user/ros2_ws/install/moveit_setup_controllers:/home/user/ros2_ws/install/moveit_setup_app_plugins:/home/user/ros2_ws/install/moveit_setup_framework:/home/user/ros2_ws/install/moveit_servo:/home/user/ros2_ws/install/moveit_ros:/home/user/ros2_ws/install/moveit_ros_visualization:/home/user/ros2_ws/install/moveit_hybrid_planning:/home/user/ros2_ws/install/moveit2_scripts:/home/user/ros2_ws/install/moveit_ros_planning_interface:/home/user/ros2_ws/install/moveit_ros_benchmarks:/home/user/ros2_ws/install/moveit_ros_warehouse:/home/user/ros2_ws/install/moveit_ros_robot_interaction:/home/user/ros2_ws/install/moveit_ros_perception:/home/user/ros2_ws/install/moveit_resources_prbt_pg70_support:/home/user/ros2_ws/install/moveit_resources_prbt_moveit_config:/home/user/ros2_ws/install/moveit_ros_move_group:/home/user/ros2_ws/install/moveit_planners_ompl:/home/user/ros2_ws/install/moveit_ros_planning:/home/user/ros2_ws/install/moveit_ros_occupancy_map_monitor:/home/user/ros2_ws/install/moveit_resources_prbt_support:/home/user/ros2_ws/install/moveit_resources_prbt_ikfast_manipulator_plugin:/home/user/ros2_ws/install/moveit_planners_chomp:/home/user/ros2_ws/install/moveit_kinematics:/home/user/ros2_ws/install/moveit_chomp_optimizer_adapter:/home/user/ros2_ws/install/chomp_motion_planner:/home/user/ros2_ws/install/moveit_core:/home/user/ros2_ws/install/moveit_common:/home/simulations/ros2_sims_ws/install/common_interfaces:/home/simulations/ros2_sims_ws/install/visualization_msgs:/home/simulations/ros2_sims_ws/install/test_msgs:/home/simulations/ros2_sims_ws/install/example_interfaces:/home/simulations/ros2_sims_ws/install/action_msgs:/home/simulations/ros2_sims_ws/install/unique_identifier_msgs:/home/simulations/ros2_sims_ws/install/trajectory_msgs:/home/simulations/ros2_sims_ws/install/test_interface_files:/home/simulations/ros2_sims_ws/install/stereo_msgs:/home/simulations/ros2_sims_ws/install/std_srvs:/home/simulations/ros2_sims_ws/install/shape_msgs:/home/simulations/ros2_sims_ws/install/sensor_msgs:/home/simulations/ros2_sims_ws/install/nav_msgs:/home/simulations/ros2_sims_ws/install/diagnostic_msgs:/home/simulations/ros2_sims_ws/install/geometry_msgs:/home/simulations/ros2_sims_ws/install/actionlib_msgs:/home/simulations/ros2_sims_ws/install/std_msgs:/home/simulations/ros2_sims_ws/install/statistics_msgs:/home/simulations/ros2_sims_ws/install/rosgraph_msgs:/home/simulations/ros2_sims_ws/install/rclrs_example_msgs:/home/simulations/ros2_sims_ws/install/composition_interfaces:/home/simulations/ros2_sims_ws/install/rcl_interfaces:/home/simulations/ros2_sims_ws/install/lifecycle_msgs:/home/simulations/ros2_sims_ws/install/builtin_interfaces:/home/simulations/ros2_sims_ws/install/rosidl_default_runtime:/home/simulations/ros2_sims_ws/install/rosidl_default_generators:/home/simulations/ros2_sims_ws/install/rosidl_generator_rs:/home/user/ros2_ws/install/ur_simulation_gazebo:/home/user/ros2_ws/install/ur_description:/home/user/ros2_ws/install/the_construct_office_gazebo:/home/user/ros2_ws/install/robotiq_85_gripper:/home/user/ros2_ws/install/robotiq_85_msgs:/home/user/ros2_ws/install/robotiq_85_description:/home/user/ros2_ws/install/rg2_gripper_description:/home/user/ros2_ws/install/gazebo_ros2_control_demos:/home/user/ros2_ws/install/gazebo_ros2_control _=/usr/bin/env /usr/bin/cmake --build /home/user/ros2_ws/build/the_construct_office_gazebo -- -j8 -l8
[0.271s] Invoked command in '/home/user/ros2_ws/build/the_construct_office_gazebo' returned '0': CMAKE_PREFIX_PATH=/home/user/ros2_ws/install/gazebo_grasp_plugin_ros:/home/user/ros2_ws/install/ros2test:/home/user/ros2_ws/install/moveit_configs_utils:/home/simulations/ros2_sims_ws/install/rclrs_tests:/home/simulations/ros2_sims_ws/install/examples_rclrs_minimal_client_service:/home/simulations/ros2_sims_ws/install/sensor_msgs_py:/home/simulations/ros2_sims_ws/install/examples_rclrs_minimal_pub_sub:/home/simulations/ros2_sims_ws/install/examples_rclrs_message_demo:/home/simulations/ros2_sims_ws/install/rclrs:/home/simulations/ros2_sims_ws/install/rosidl_runtime_rs:/home/user/ros2_ws/install/robotiq_85_driver:/opt/ros/humble:/home/user/ros2_ws/install/gazebo_grasp_plugin:/home/user/ros2_ws/install/gazebo_version_helpers:/home/user/ros2_ws/install/ur3e_moveit_config:/home/user/ros2_ws/install/test_moveit_config:/home/user/ros2_ws/install/test2_moveit_config:/home/user/ros2_ws/install/my_moveit_config:/home/user/ros2_ws/install/my_moveit2_config:/home/user/ros2_ws/install/simple_grasping:/home/user/ros2_ws/install/ros_testing:/home/user/ros2_ws/install/robotnik_sensors_gazebo:/home/user/ros2_ws/install/robotnik_sensors:/home/user/ros2_ws/install/pilz_industrial_motion_planner_testutils:/home/user/ros2_ws/install/moveit_runtime:/home/user/ros2_ws/install/moveit:/home/user/ros2_ws/install/moveit_planners:/home/user/ros2_ws/install/pilz_industrial_motion_planner:/home/user/ros2_ws/install/moveit_ros_control_interface:/home/user/ros2_ws/install/moveit_plugins:/home/user/ros2_ws/install/moveit_simple_controller_manager:/home/user/ros2_ws/install/moveit_setup_assistant:/home/user/ros2_ws/install/moveit_setup_srdf_plugins:/home/user/ros2_ws/install/moveit_setup_core_plugins:/home/user/ros2_ws/install/moveit_setup_controllers:/home/user/ros2_ws/install/moveit_setup_app_plugins:/home/user/ros2_ws/install/moveit_setup_framework:/home/user/ros2_ws/install/moveit_servo:/home/user/ros2_ws/install/moveit_ros:/home/user/ros2_ws/install/moveit_ros_visualization:/home/user/ros2_ws/install/moveit_hybrid_planning:/home/user/ros2_ws/install/moveit2_scripts:/home/user/ros2_ws/install/moveit_ros_planning_interface:/home/user/ros2_ws/install/moveit_ros_benchmarks:/home/user/ros2_ws/install/moveit_ros_warehouse:/home/user/ros2_ws/install/moveit_ros_robot_interaction:/home/user/ros2_ws/install/moveit_ros_perception:/home/user/ros2_ws/install/moveit_resources_prbt_pg70_support:/home/user/ros2_ws/install/moveit_resources_prbt_moveit_config:/home/user/ros2_ws/install/moveit_ros_move_group:/home/user/ros2_ws/install/moveit_planners_ompl:/home/user/ros2_ws/install/moveit_ros_planning:/home/user/ros2_ws/install/moveit_ros_occupancy_map_monitor:/home/user/ros2_ws/install/moveit_resources_prbt_support:/home/user/ros2_ws/install/moveit_resources_prbt_ikfast_manipulator_plugin:/home/user/ros2_ws/install/moveit_planners_chomp:/home/user/ros2_ws/install/moveit_kinematics:/home/user/ros2_ws/install/moveit_chomp_optimizer_adapter:/home/user/ros2_ws/install/chomp_motion_planner:/home/user/ros2_ws/install/moveit_core:/home/user/ros2_ws/install/moveit_common:/home/simulations/ros2_sims_ws/install/common_interfaces:/home/simulations/ros2_sims_ws/install/visualization_msgs:/home/simulations/ros2_sims_ws/install/test_msgs:/home/simulations/ros2_sims_ws/install/example_interfaces:/home/simulations/ros2_sims_ws/install/action_msgs:/home/simulations/ros2_sims_ws/install/unique_identifier_msgs:/home/simulations/ros2_sims_ws/install/trajectory_msgs:/home/simulations/ros2_sims_ws/install/test_interface_files:/home/simulations/ros2_sims_ws/install/stereo_msgs:/home/simulations/ros2_sims_ws/install/std_srvs:/home/simulations/ros2_sims_ws/install/shape_msgs:/home/simulations/ros2_sims_ws/install/sensor_msgs:/home/simulations/ros2_sims_ws/install/nav_msgs:/home/simulations/ros2_sims_ws/install/diagnostic_msgs:/home/simulations/ros2_sims_ws/install/geometry_msgs:/home/simulations/ros2_sims_ws/install/actionlib_msgs:/home/simulations/ros2_sims_ws/install/std_msgs:/home/simulations/ros2_sims_ws/install/statistics_msgs:/home/simulations/ros2_sims_ws/install/rosgraph_msgs:/home/simulations/ros2_sims_ws/install/rclrs_example_msgs:/home/simulations/ros2_sims_ws/install/composition_interfaces:/home/simulations/ros2_sims_ws/install/rcl_interfaces:/home/simulations/ros2_sims_ws/install/lifecycle_msgs:/home/simulations/ros2_sims_ws/install/builtin_interfaces:/home/simulations/ros2_sims_ws/install/rosidl_default_runtime:/home/simulations/ros2_sims_ws/install/rosidl_default_generators:/home/simulations/ros2_sims_ws/install/rosidl_generator_rs:/home/user/ros2_ws/install/ur_simulation_gazebo:/home/user/ros2_ws/install/ur_description:/home/user/ros2_ws/install/the_construct_office_gazebo:/home/user/ros2_ws/install/robotiq_85_gripper:/home/user/ros2_ws/install/robotiq_85_msgs:/home/user/ros2_ws/install/robotiq_85_description:/home/user/ros2_ws/install/rg2_gripper_description:/home/user/ros2_ws/install/gazebo_ros2_control_demos:/home/user/ros2_ws/install/gazebo_ros2_control _=/usr/bin/env /usr/bin/cmake --build /home/user/ros2_ws/build/the_construct_office_gazebo -- -j8 -l8
[0.419s] Invoking command in '/home/user/ros2_ws/build/the_construct_office_gazebo': CMAKE_PREFIX_PATH=/home/user/ros2_ws/install/gazebo_grasp_plugin_ros:/home/user/ros2_ws/install/ros2test:/home/user/ros2_ws/install/moveit_configs_utils:/home/simulations/ros2_sims_ws/install/rclrs_tests:/home/simulations/ros2_sims_ws/install/examples_rclrs_minimal_client_service:/home/simulations/ros2_sims_ws/install/sensor_msgs_py:/home/simulations/ros2_sims_ws/install/examples_rclrs_minimal_pub_sub:/home/simulations/ros2_sims_ws/install/examples_rclrs_message_demo:/home/simulations/ros2_sims_ws/install/rclrs:/home/simulations/ros2_sims_ws/install/rosidl_runtime_rs:/home/user/ros2_ws/install/robotiq_85_driver:/opt/ros/humble:/home/user/ros2_ws/install/gazebo_grasp_plugin:/home/user/ros2_ws/install/gazebo_version_helpers:/home/user/ros2_ws/install/ur3e_moveit_config:/home/user/ros2_ws/install/test_moveit_config:/home/user/ros2_ws/install/test2_moveit_config:/home/user/ros2_ws/install/my_moveit_config:/home/user/ros2_ws/install/my_moveit2_config:/home/user/ros2_ws/install/simple_grasping:/home/user/ros2_ws/install/ros_testing:/home/user/ros2_ws/install/robotnik_sensors_gazebo:/home/user/ros2_ws/install/robotnik_sensors:/home/user/ros2_ws/install/pilz_industrial_motion_planner_testutils:/home/user/ros2_ws/install/moveit_runtime:/home/user/ros2_ws/install/moveit:/home/user/ros2_ws/install/moveit_planners:/home/user/ros2_ws/install/pilz_industrial_motion_planner:/home/user/ros2_ws/install/moveit_ros_control_interface:/home/user/ros2_ws/install/moveit_plugins:/home/user/ros2_ws/install/moveit_simple_controller_manager:/home/user/ros2_ws/install/moveit_setup_assistant:/home/user/ros2_ws/install/moveit_setup_srdf_plugins:/home/user/ros2_ws/install/moveit_setup_core_plugins:/home/user/ros2_ws/install/moveit_setup_controllers:/home/user/ros2_ws/install/moveit_setup_app_plugins:/home/user/ros2_ws/install/moveit_setup_framework:/home/user/ros2_ws/install/moveit_servo:/home/user/ros2_ws/install/moveit_ros:/home/user/ros2_ws/install/moveit_ros_visualization:/home/user/ros2_ws/install/moveit_hybrid_planning:/home/user/ros2_ws/install/moveit2_scripts:/home/user/ros2_ws/install/moveit_ros_planning_interface:/home/user/ros2_ws/install/moveit_ros_benchmarks:/home/user/ros2_ws/install/moveit_ros_warehouse:/home/user/ros2_ws/install/moveit_ros_robot_interaction:/home/user/ros2_ws/install/moveit_ros_perception:/home/user/ros2_ws/install/moveit_resources_prbt_pg70_support:/home/user/ros2_ws/install/moveit_resources_prbt_moveit_config:/home/user/ros2_ws/install/moveit_ros_move_group:/home/user/ros2_ws/install/moveit_planners_ompl:/home/user/ros2_ws/install/moveit_ros_planning:/home/user/ros2_ws/install/moveit_ros_occupancy_map_monitor:/home/user/ros2_ws/install/moveit_resources_prbt_support:/home/user/ros2_ws/install/moveit_resources_prbt_ikfast_manipulator_plugin:/home/user/ros2_ws/install/moveit_planners_chomp:/home/user/ros2_ws/install/moveit_kinematics:/home/user/ros2_ws/install/moveit_chomp_optimizer_adapter:/home/user/ros2_ws/install/chomp_motion_planner:/home/user/ros2_ws/install/moveit_core:/home/user/ros2_ws/install/moveit_common:/home/simulations/ros2_sims_ws/install/common_interfaces:/home/simulations/ros2_sims_ws/install/visualization_msgs:/home/simulations/ros2_sims_ws/install/test_msgs:/home/simulations/ros2_sims_ws/install/example_interfaces:/home/simulations/ros2_sims_ws/install/action_msgs:/home/simulations/ros2_sims_ws/install/unique_identifier_msgs:/home/simulations/ros2_sims_ws/install/trajectory_msgs:/home/simulations/ros2_sims_ws/install/test_interface_files:/home/simulations/ros2_sims_ws/install/stereo_msgs:/home/simulations/ros2_sims_ws/install/std_srvs:/home/simulations/ros2_sims_ws/install/shape_msgs:/home/simulations/ros2_sims_ws/install/sensor_msgs:/home/simulations/ros2_sims_ws/install/nav_msgs:/home/simulations/ros2_sims_ws/install/diagnostic_msgs:/home/simulations/ros2_sims_ws/install/geometry_msgs:/home/simulations/ros2_sims_ws/install/actionlib_msgs:/home/simulations/ros2_sims_ws/install/std_msgs:/home/simulations/ros2_sims_ws/install/statistics_msgs:/home/simulations/ros2_sims_ws/install/rosgraph_msgs:/home/simulations/ros2_sims_ws/install/rclrs_example_msgs:/home/simulations/ros2_sims_ws/install/composition_interfaces:/home/simulations/ros2_sims_ws/install/rcl_interfaces:/home/simulations/ros2_sims_ws/install/lifecycle_msgs:/home/simulations/ros2_sims_ws/install/builtin_interfaces:/home/simulations/ros2_sims_ws/install/rosidl_default_runtime:/home/simulations/ros2_sims_ws/install/rosidl_default_generators:/home/simulations/ros2_sims_ws/install/rosidl_generator_rs:/home/user/ros2_ws/install/ur_simulation_gazebo:/home/user/ros2_ws/install/ur_description:/home/user/ros2_ws/install/the_construct_office_gazebo:/home/user/ros2_ws/install/robotiq_85_gripper:/home/user/ros2_ws/install/robotiq_85_msgs:/home/user/ros2_ws/install/robotiq_85_description:/home/user/ros2_ws/install/rg2_gripper_description:/home/user/ros2_ws/install/gazebo_ros2_control_demos:/home/user/ros2_ws/install/gazebo_ros2_control _=/usr/bin/env /usr/bin/cmake --install /home/user/ros2_ws/build/the_construct_office_gazebo
[0.455s] -- Install configuration: ""
[0.455s] -- Up-to-date: /home/user/ros2_ws/install/the_construct_office_gazebo/share/ament_index/resource_index/package_run_dependencies/the_construct_office_gazebo
[0.455s] -- Up-to-date: /home/user/ros2_ws/install/the_construct_office_gazebo/share/ament_index/resource_index/parent_prefix_path/the_construct_office_gazebo
[0.456s] -- Up-to-date: /home/user/ros2_ws/install/the_construct_office_gazebo/share/the_construct_office_gazebo/environment/ament_prefix_path.sh
[0.456s] -- Up-to-date: /home/user/ros2_ws/install/the_construct_office_gazebo/share/the_construct_office_gazebo/environment/ament_prefix_path.dsv
[0.456s] -- Up-to-date: /home/user/ros2_ws/install/the_construct_office_gazebo/share/the_construct_office_gazebo/environment/path.sh
[0.456s] -- Up-to-date: /home/user/ros2_ws/install/the_construct_office_gazebo/share/the_construct_office_gazebo/environment/path.dsv
[0.457s] -- Up-to-date: /home/user/ros2_ws/install/the_construct_office_gazebo/share/the_construct_office_gazebo/local_setup.bash
[0.457s] -- Up-to-date: /home/user/ros2_ws/install/the_construct_office_gazebo/share/the_construct_office_gazebo/local_setup.sh
[0.457s] -- Up-to-date: /home/user/ros2_ws/install/the_construct_office_gazebo/share/the_construct_office_gazebo/local_setup.zsh
[0.457s] -- Up-to-date: /home/user/ros2_ws/install/the_construct_office_gazebo/share/the_construct_office_gazebo/local_setup.dsv
[0.457s] -- Installing: /home/user/ros2_ws/install/the_construct_office_gazebo/share/the_construct_office_gazebo/package.dsv
[0.458s] -- Up-to-date: /home/user/ros2_ws/install/the_construct_office_gazebo/share/ament_index/resource_index/packages/the_construct_office_gazebo
[0.458s] -- Up-to-date: /home/user/ros2_ws/install/the_construct_office_gazebo/share/the_construct_office_gazebo/cmake/the_construct_office_gazeboConfig.cmake
[0.458s] -- Up-to-date: /home/user/ros2_ws/install/the_construct_office_gazebo/share/the_construct_office_gazebo/cmake/the_construct_office_gazeboConfig-version.cmake
[0.458s] -- Up-to-date: /home/user/ros2_ws/install/the_construct_office_gazebo/share/the_construct_office_gazebo/package.xml
[0.458s] -- Up-to-date: /home/user/ros2_ws/install/the_construct_office_gazebo/share/the_construct_office_gazebo/launch
[0.458s] -- Up-to-date: /home/user/ros2_ws/install/the_construct_office_gazebo/share/the_construct_office_gazebo/launch/warehouse_ur3e.launch.xml
[0.458s] -- Up-to-date: /home/user/ros2_ws/install/the_construct_office_gazebo/share/the_construct_office_gazebo/launch/empty_ur3e_v2.launch.xml
[0.458s] -- Up-to-date: /home/user/ros2_ws/install/the_construct_office_gazebo/share/the_construct_office_gazebo/launch/empty_ur3e.launch.xml
[0.459s] -- Up-to-date: /home/user/ros2_ws/install/the_construct_office_gazebo/share/the_construct_office_gazebo/launch/start_world_standalone.launch.py
[0.459s] -- Up-to-date: /home/user/ros2_ws/install/the_construct_office_gazebo/share/the_construct_office_gazebo/launch/start_world_empty_standalone.launch.py
[0.459s] -- Up-to-date: /home/user/ros2_ws/install/the_construct_office_gazebo/share/the_construct_office_gazebo/launch/start_world_empty.launch.py
[0.459s] -- Up-to-date: /home/user/ros2_ws/install/the_construct_office_gazebo/share/the_construct_office_gazebo/launch/start_world.launch.py
[0.459s] -- Up-to-date: /home/user/ros2_ws/install/the_construct_office_gazebo/share/the_construct_office_gazebo/launch/start_world_warehouse.launch.py
[0.460s] -- Up-to-date: /home/user/ros2_ws/install/the_construct_office_gazebo/share/the_construct_office_gazebo/models
[0.460s] -- Up-to-date: /home/user/ros2_ws/install/the_construct_office_gazebo/share/the_construct_office_gazebo/models/stool_v2
[0.460s] -- Up-to-date: /home/user/ros2_ws/install/the_construct_office_gazebo/share/the_construct_office_gazebo/models/stool_v2/meshes
[0.461s] -- Up-to-date: /home/user/ros2_ws/install/the_construct_office_gazebo/share/the_construct_office_gazebo/models/stool_v2/meshes/stool_v2.dae
[0.461s] -- Up-to-date: /home/user/ros2_ws/install/the_construct_office_gazebo/share/the_construct_office_gazebo/models/worktop
[0.461s] -- Up-to-date: /home/user/ros2_ws/install/the_construct_office_gazebo/share/the_construct_office_gazebo/models/worktop/model.sdf
[0.461s] -- Up-to-date: /home/user/ros2_ws/install/the_construct_office_gazebo/share/the_construct_office_gazebo/models/worktop/meshes
[0.462s] -- Up-to-date: /home/user/ros2_ws/install/the_construct_office_gazebo/share/the_construct_office_gazebo/models/worktop/meshes/worktop.dae
[0.462s] -- Up-to-date: /home/user/ros2_ws/install/the_construct_office_gazebo/share/the_construct_office_gazebo/models/worktop/meshes/encimera_negra
[0.462s] -- Up-to-date: /home/user/ros2_ws/install/the_construct_office_gazebo/share/the_construct_office_gazebo/models/worktop/meshes/encimera_negra/__auto_3.jpg
[0.462s] -- Up-to-date: /home/user/ros2_ws/install/the_construct_office_gazebo/share/the_construct_office_gazebo/models/worktop/model.config
[0.462s] -- Up-to-date: /home/user/ros2_ws/install/the_construct_office_gazebo/share/the_construct_office_gazebo/models/rb2_simple_cart
[0.462s] -- Up-to-date: /home/user/ros2_ws/install/the_construct_office_gazebo/share/the_construct_office_gazebo/models/rb2_simple_cart/model.sdf
[0.462s] -- Up-to-date: /home/user/ros2_ws/install/the_construct_office_gazebo/share/the_construct_office_gazebo/models/rb2_simple_cart/meshes
[0.463s] -- Up-to-date: /home/user/ros2_ws/install/the_construct_office_gazebo/share/the_construct_office_gazebo/models/rb2_simple_cart/meshes/qr_structure.dae
[0.463s] -- Up-to-date: /home/user/ros2_ws/install/the_construct_office_gazebo/share/the_construct_office_gazebo/models/rb2_simple_cart/meshes/cart_structure.dae
[0.463s] -- Up-to-date: /home/user/ros2_ws/install/the_construct_office_gazebo/share/the_construct_office_gazebo/models/rb2_simple_cart/material
[0.463s] -- Up-to-date: /home/user/ros2_ws/install/the_construct_office_gazebo/share/the_construct_office_gazebo/models/rb2_simple_cart/material/scripts
[0.463s] -- Up-to-date: /home/user/ros2_ws/install/the_construct_office_gazebo/share/the_construct_office_gazebo/models/rb2_simple_cart/material/scripts/marker0_12cm.material
[0.463s] -- Up-to-date: /home/user/ros2_ws/install/the_construct_office_gazebo/share/the_construct_office_gazebo/models/rb2_simple_cart/material/textures
[0.464s] -- Up-to-date: /home/user/ros2_ws/install/the_construct_office_gazebo/share/the_construct_office_gazebo/models/rb2_simple_cart/material/textures/marker0_12cm.png
[0.464s] -- Up-to-date: /home/user/ros2_ws/install/the_construct_office_gazebo/share/the_construct_office_gazebo/models/rb2_simple_cart/model.config
[0.464s] -- Up-to-date: /home/user/ros2_ws/install/the_construct_office_gazebo/share/the_construct_office_gazebo/models/room
[0.464s] -- Up-to-date: /home/user/ros2_ws/install/the_construct_office_gazebo/share/the_construct_office_gazebo/models/room/materials
[0.464s] -- Up-to-date: /home/user/ros2_ws/install/the_construct_office_gazebo/share/the_construct_office_gazebo/models/room/materials/model.sdf
[0.465s] -- Up-to-date: /home/user/ros2_ws/install/the_construct_office_gazebo/share/the_construct_office_gazebo/models/room/materials/model.config
[0.465s] -- Up-to-date: /home/user/ros2_ws/install/the_construct_office_gazebo/share/the_construct_office_gazebo/models/room/materials/scripts
[0.465s] -- Up-to-date: /home/user/ros2_ws/install/the_construct_office_gazebo/share/the_construct_office_gazebo/models/room/materials/scripts/indigo.material
[0.466s] -- Up-to-date: /home/user/ros2_ws/install/the_construct_office_gazebo/share/the_construct_office_gazebo/models/room/materials/scripts/kinetic.material
[0.467s] -- Up-to-date: /home/user/ros2_ws/install/the_construct_office_gazebo/share/the_construct_office_gazebo/models/room/materials/scripts/galactic.material
[0.468s] -- Up-to-date: /home/user/ros2_ws/install/the_construct_office_gazebo/share/the_construct_office_gazebo/models/room/materials/scripts/testing.material
[0.468s] -- Up-to-date: /home/user/ros2_ws/install/the_construct_office_gazebo/share/the_construct_office_gazebo/models/room/materials/scripts/ground.material
[0.468s] -- Up-to-date: /home/user/ros2_ws/install/the_construct_office_gazebo/share/the_construct_office_gazebo/models/room/materials/textures
[0.468s] -- Up-to-date: /home/user/ros2_ws/install/the_construct_office_gazebo/share/the_construct_office_gazebo/models/room/materials/textures/ground_texture_v2.png
[0.469s] -- Up-to-date: /home/user/ros2_ws/install/the_construct_office_gazebo/share/the_construct_office_gazebo/models/room/materials/textures/splintered_wool_texture.jpg
[0.469s] -- Up-to-date: /home/user/ros2_ws/install/the_construct_office_gazebo/share/the_construct_office_gazebo/models/room/materials/textures/galactic.png
[0.469s] -- Up-to-date: /home/user/ros2_ws/install/the_construct_office_gazebo/share/the_construct_office_gazebo/models/room/materials/textures/indigo.jpg
[0.469s] -- Up-to-date: /home/user/ros2_ws/install/the_construct_office_gazebo/share/the_construct_office_gazebo/models/room/materials/textures/kinetic.png
[0.470s] -- Up-to-date: /home/user/ros2_ws/install/the_construct_office_gazebo/share/the_construct_office_gazebo/models/room/model.sdf
[0.470s] -- Up-to-date: /home/user/ros2_ws/install/the_construct_office_gazebo/share/the_construct_office_gazebo/models/room/model.config
[0.470s] -- Up-to-date: /home/user/ros2_ws/install/the_construct_office_gazebo/share/the_construct_office_gazebo/models/tv_v2
[0.470s] -- Up-to-date: /home/user/ros2_ws/install/the_construct_office_gazebo/share/the_construct_office_gazebo/models/tv_v2/meshes
[0.470s] -- Up-to-date: /home/user/ros2_ws/install/the_construct_office_gazebo/share/the_construct_office_gazebo/models/tv_v2/meshes/M_TV_frame_baseColor.jpeg
[0.471s] -- Up-to-date: /home/user/ros2_ws/install/the_construct_office_gazebo/share/the_construct_office_gazebo/models/tv_v2/meshes/alberto.png
[0.471s] -- Up-to-date: /home/user/ros2_ws/install/the_construct_office_gazebo/share/the_construct_office_gazebo/models/tv_v2/meshes/tv_v2.dae
[0.471s] -- Up-to-date: /home/user/ros2_ws/install/the_construct_office_gazebo/share/the_construct_office_gazebo/models/table_v2
[0.471s] -- Up-to-date: /home/user/ros2_ws/install/the_construct_office_gazebo/share/the_construct_office_gazebo/models/table_v2/meshes
[0.471s] -- Up-to-date: /home/user/ros2_ws/install/the_construct_office_gazebo/share/the_construct_office_gazebo/models/table_v2/meshes/marcel-strauss-E7DsoC0mcpw-unsplash.jpg
[0.471s] -- Up-to-date: /home/user/ros2_ws/install/the_construct_office_gazebo/share/the_construct_office_gazebo/models/table_v2/meshes/table_v2.dae
[0.472s] -- Up-to-date: /home/user/ros2_ws/install/the_construct_office_gazebo/share/the_construct_office_gazebo/models/shelf_v2
[0.472s] -- Up-to-date: /home/user/ros2_ws/install/the_construct_office_gazebo/share/the_construct_office_gazebo/models/shelf_v2/meshes
[0.472s] -- Up-to-date: /home/user/ros2_ws/install/the_construct_office_gazebo/share/the_construct_office_gazebo/models/shelf_v2/meshes/shelf_v2.dae
[0.472s] -- Up-to-date: /home/user/ros2_ws/install/the_construct_office_gazebo/share/the_construct_office_gazebo/models/reflective_tag
[0.472s] -- Up-to-date: /home/user/ros2_ws/install/the_construct_office_gazebo/share/the_construct_office_gazebo/models/reflective_tag/model.sdf
[0.473s] -- Up-to-date: /home/user/ros2_ws/install/the_construct_office_gazebo/share/the_construct_office_gazebo/models/reflective_tag/model.config
[0.473s] -- Up-to-date: /home/user/ros2_ws/install/the_construct_office_gazebo/share/the_construct_office_gazebo/models/table
[0.473s] -- Up-to-date: /home/user/ros2_ws/install/the_construct_office_gazebo/share/the_construct_office_gazebo/models/table/model-1_2.sdf
[0.473s] -- Up-to-date: /home/user/ros2_ws/install/the_construct_office_gazebo/share/the_construct_office_gazebo/models/table/model-1_3.sdf
[0.473s] -- Up-to-date: /home/user/ros2_ws/install/the_construct_office_gazebo/share/the_construct_office_gazebo/models/table/model.sdf
[0.474s] -- Up-to-date: /home/user/ros2_ws/install/the_construct_office_gazebo/share/the_construct_office_gazebo/models/table/model-1_4.sdf
[0.474s] -- Up-to-date: /home/user/ros2_ws/install/the_construct_office_gazebo/share/the_construct_office_gazebo/models/table/model.config
[0.474s] -- Up-to-date: /home/user/ros2_ws/install/the_construct_office_gazebo/share/the_construct_office_gazebo/worlds
[0.474s] -- Up-to-date: /home/user/ros2_ws/install/the_construct_office_gazebo/share/the_construct_office_gazebo/worlds/ros2_online_workshop_v2.world
[0.474s] -- Up-to-date: /home/user/ros2_ws/install/the_construct_office_gazebo/share/the_construct_office_gazebo/worlds/rb1_base.world
[0.475s] -- Up-to-date: /home/user/ros2_ws/install/the_construct_office_gazebo/share/the_construct_office_gazebo/worlds/no_roof_small_warehouse
[0.475s] -- Up-to-date: /home/user/ros2_ws/install/the_construct_office_gazebo/share/the_construct_office_gazebo/worlds/no_roof_small_warehouse/no_roof_small_warehouse.world
[0.475s] -- Up-to-date: /home/user/ros2_ws/install/the_construct_office_gazebo/share/the_construct_office_gazebo/worlds/small_warehouse
[0.475s] -- Up-to-date: /home/user/ros2_ws/install/the_construct_office_gazebo/share/the_construct_office_gazebo/worlds/small_warehouse/small_warehouse.world
[0.475s] -- Up-to-date: /home/user/ros2_ws/install/the_construct_office_gazebo/share/the_construct_office_gazebo/worlds/small_warehouse/test.world
[0.476s] -- Up-to-date: /home/user/ros2_ws/install/the_construct_office_gazebo/share/the_construct_office_gazebo/worlds/shelf.stl
[0.476s] -- Up-to-date: /home/user/ros2_ws/install/the_construct_office_gazebo/share/the_construct_office_gazebo/worlds/starbots_complete.world
[0.476s] -- Up-to-date: /home/user/ros2_ws/install/the_construct_office_gazebo/share/the_construct_office_gazebo/worlds/model
[0.476s] -- Up-to-date: /home/user/ros2_ws/install/the_construct_office_gazebo/share/the_construct_office_gazebo/worlds/model/__Metal_Corrugated_Shiny_16.jpg
[0.476s] -- Up-to-date: /home/user/ros2_ws/install/the_construct_office_gazebo/share/the_construct_office_gazebo/worlds/model/__Metal_Corrugated_Shiny_15.jpg
[0.477s] -- Up-to-date: /home/user/ros2_ws/install/the_construct_office_gazebo/share/the_construct_office_gazebo/worlds/model/__Metal_Corrugated_Shiny_12.jpg
[0.477s] -- Up-to-date: /home/user/ros2_ws/install/the_construct_office_gazebo/share/the_construct_office_gazebo/worlds/model/__Mirror_01_9.jpg
[0.477s] -- Up-to-date: /home/user/ros2_ws/install/the_construct_office_gazebo/share/the_construct_office_gazebo/worlds/table2.dae
[0.477s] -- Up-to-date: /home/user/ros2_ws/install/the_construct_office_gazebo/share/the_construct_office_gazebo/worlds/tv.dae
[0.477s] -- Up-to-date: /home/user/ros2_ws/install/the_construct_office_gazebo/share/the_construct_office_gazebo/worlds/table.blend
[0.477s] -- Up-to-date: /home/user/ros2_ws/install/the_construct_office_gazebo/share/the_construct_office_gazebo/worlds/table.dae
[0.478s] -- Up-to-date: /home/user/ros2_ws/install/the_construct_office_gazebo/share/the_construct_office_gazebo/worlds/stool.blend
[0.478s] -- Up-to-date: /home/user/ros2_ws/install/the_construct_office_gazebo/share/the_construct_office_gazebo/worlds/tc_model_readme.txt
[0.478s] -- Up-to-date: /home/user/ros2_ws/install/the_construct_office_gazebo/share/the_construct_office_gazebo/worlds/stool.dae
[0.478s] -- Up-to-date: /home/user/ros2_ws/install/the_construct_office_gazebo/share/the_construct_office_gazebo/worlds/table.stl
[0.478s] -- Up-to-date: /home/user/ros2_ws/install/the_construct_office_gazebo/share/the_construct_office_gazebo/worlds/stoolmetal.png
[0.478s] -- Up-to-date: /home/user/ros2_ws/install/the_construct_office_gazebo/share/the_construct_office_gazebo/worlds/greyseat.png
[0.479s] -- Up-to-date: /home/user/ros2_ws/install/the_construct_office_gazebo/share/the_construct_office_gazebo/worlds/shelf.blend1
[0.479s] -- Up-to-date: /home/user/ros2_ws/install/the_construct_office_gazebo/share/the_construct_office_gazebo/worlds/table.blend1
[0.479s] -- Up-to-date: /home/user/ros2_ws/install/the_construct_office_gazebo/share/the_construct_office_gazebo/worlds/shelf.dae
[0.479s] -- Up-to-date: /home/user/ros2_ws/install/the_construct_office_gazebo/share/the_construct_office_gazebo/worlds/tv_v2.blend1
[0.479s] -- Up-to-date: /home/user/ros2_ws/install/the_construct_office_gazebo/share/the_construct_office_gazebo/worlds/model_shelf
[0.479s] -- Up-to-date: /home/user/ros2_ws/install/the_construct_office_gazebo/share/the_construct_office_gazebo/worlds/model_shelf/black_steel.jpg
[0.480s] -- Up-to-date: /home/user/ros2_ws/install/the_construct_office_gazebo/share/the_construct_office_gazebo/worlds/model_shelf/rubber.jpg
[0.480s] -- Up-to-date: /home/user/ros2_ws/install/the_construct_office_gazebo/share/the_construct_office_gazebo/worlds/model_shelf/brass_tex.jpg
[0.480s] -- Up-to-date: /home/user/ros2_ws/install/the_construct_office_gazebo/share/the_construct_office_gazebo/worlds/model_table
[0.480s] -- Up-to-date: /home/user/ros2_ws/install/the_construct_office_gazebo/share/the_construct_office_gazebo/worlds/model_table/b113_BS_0.jpg
[0.480s] -- Up-to-date: /home/user/ros2_ws/install/the_construct_office_gazebo/share/the_construct_office_gazebo/worlds/model_table/b113_BS.jpg
[0.481s] -- Up-to-date: /home/user/ros2_ws/install/the_construct_office_gazebo/share/the_construct_office_gazebo/worlds/shelf.blend
[0.481s] -- Up-to-date: /home/user/ros2_ws/install/the_construct_office_gazebo/share/the_construct_office_gazebo/worlds/blueseat.png
[0.481s] -- Up-to-date: /home/user/ros2_ws/install/the_construct_office_gazebo/share/the_construct_office_gazebo/worlds/stool.blend1
[0.481s] -- Up-to-date: /home/user/ros2_ws/install/the_construct_office_gazebo/share/the_construct_office_gazebo/worlds/tv_v2.blend
[0.481s] -- Up-to-date: /home/user/ros2_ws/install/the_construct_office_gazebo/share/the_construct_office_gazebo/worlds/rb1_base_office.world
[0.481s] -- Up-to-date: /home/user/ros2_ws/install/the_construct_office_gazebo/share/the_construct_office_gazebo/worlds/stool.stl
[0.482s] -- Up-to-date: /home/user/ros2_ws/install/the_construct_office_gazebo/share/the_construct_office_gazebo/worlds/ros2_online_workshop.world
[0.482s] -- Up-to-date: /home/user/ros2_ws/install/the_construct_office_gazebo/share/the_construct_office_gazebo/worlds/empty_world.world
[0.539s] Invoked command in '/home/user/ros2_ws/build/the_construct_office_gazebo' returned '0': CMAKE_PREFIX_PATH=/home/user/ros2_ws/install/gazebo_grasp_plugin_ros:/home/user/ros2_ws/install/ros2test:/home/user/ros2_ws/install/moveit_configs_utils:/home/simulations/ros2_sims_ws/install/rclrs_tests:/home/simulations/ros2_sims_ws/install/examples_rclrs_minimal_client_service:/home/simulations/ros2_sims_ws/install/sensor_msgs_py:/home/simulations/ros2_sims_ws/install/examples_rclrs_minimal_pub_sub:/home/simulations/ros2_sims_ws/install/examples_rclrs_message_demo:/home/simulations/ros2_sims_ws/install/rclrs:/home/simulations/ros2_sims_ws/install/rosidl_runtime_rs:/home/user/ros2_ws/install/robotiq_85_driver:/opt/ros/humble:/home/user/ros2_ws/install/gazebo_grasp_plugin:/home/user/ros2_ws/install/gazebo_version_helpers:/home/user/ros2_ws/install/ur3e_moveit_config:/home/user/ros2_ws/install/test_moveit_config:/home/user/ros2_ws/install/test2_moveit_config:/home/user/ros2_ws/install/my_moveit_config:/home/user/ros2_ws/install/my_moveit2_config:/home/user/ros2_ws/install/simple_grasping:/home/user/ros2_ws/install/ros_testing:/home/user/ros2_ws/install/robotnik_sensors_gazebo:/home/user/ros2_ws/install/robotnik_sensors:/home/user/ros2_ws/install/pilz_industrial_motion_planner_testutils:/home/user/ros2_ws/install/moveit_runtime:/home/user/ros2_ws/install/moveit:/home/user/ros2_ws/install/moveit_planners:/home/user/ros2_ws/install/pilz_industrial_motion_planner:/home/user/ros2_ws/install/moveit_ros_control_interface:/home/user/ros2_ws/install/moveit_plugins:/home/user/ros2_ws/install/moveit_simple_controller_manager:/home/user/ros2_ws/install/moveit_setup_assistant:/home/user/ros2_ws/install/moveit_setup_srdf_plugins:/home/user/ros2_ws/install/moveit_setup_core_plugins:/home/user/ros2_ws/install/moveit_setup_controllers:/home/user/ros2_ws/install/moveit_setup_app_plugins:/home/user/ros2_ws/install/moveit_setup_framework:/home/user/ros2_ws/install/moveit_servo:/home/user/ros2_ws/install/moveit_ros:/home/user/ros2_ws/install/moveit_ros_visualization:/home/user/ros2_ws/install/moveit_hybrid_planning:/home/user/ros2_ws/install/moveit2_scripts:/home/user/ros2_ws/install/moveit_ros_planning_interface:/home/user/ros2_ws/install/moveit_ros_benchmarks:/home/user/ros2_ws/install/moveit_ros_warehouse:/home/user/ros2_ws/install/moveit_ros_robot_interaction:/home/user/ros2_ws/install/moveit_ros_perception:/home/user/ros2_ws/install/moveit_resources_prbt_pg70_support:/home/user/ros2_ws/install/moveit_resources_prbt_moveit_config:/home/user/ros2_ws/install/moveit_ros_move_group:/home/user/ros2_ws/install/moveit_planners_ompl:/home/user/ros2_ws/install/moveit_ros_planning:/home/user/ros2_ws/install/moveit_ros_occupancy_map_monitor:/home/user/ros2_ws/install/moveit_resources_prbt_support:/home/user/ros2_ws/install/moveit_resources_prbt_ikfast_manipulator_plugin:/home/user/ros2_ws/install/moveit_planners_chomp:/home/user/ros2_ws/install/moveit_kinematics:/home/user/ros2_ws/install/moveit_chomp_optimizer_adapter:/home/user/ros2_ws/install/chomp_motion_planner:/home/user/ros2_ws/install/moveit_core:/home/user/ros2_ws/install/moveit_common:/home/simulations/ros2_sims_ws/install/common_interfaces:/home/simulations/ros2_sims_ws/install/visualization_msgs:/home/simulations/ros2_sims_ws/install/test_msgs:/home/simulations/ros2_sims_ws/install/example_interfaces:/home/simulations/ros2_sims_ws/install/action_msgs:/home/simulations/ros2_sims_ws/install/unique_identifier_msgs:/home/simulations/ros2_sims_ws/install/trajectory_msgs:/home/simulations/ros2_sims_ws/install/test_interface_files:/home/simulations/ros2_sims_ws/install/stereo_msgs:/home/simulations/ros2_sims_ws/install/std_srvs:/home/simulations/ros2_sims_ws/install/shape_msgs:/home/simulations/ros2_sims_ws/install/sensor_msgs:/home/simulations/ros2_sims_ws/install/nav_msgs:/home/simulations/ros2_sims_ws/install/diagnostic_msgs:/home/simulations/ros2_sims_ws/install/geometry_msgs:/home/simulations/ros2_sims_ws/install/actionlib_msgs:/home/simulations/ros2_sims_ws/install/std_msgs:/home/simulations/ros2_sims_ws/install/statistics_msgs:/home/simulations/ros2_sims_ws/install/rosgraph_msgs:/home/simulations/ros2_sims_ws/install/rclrs_example_msgs:/home/simulations/ros2_sims_ws/install/composition_interfaces:/home/simulations/ros2_sims_ws/install/rcl_interfaces:/home/simulations/ros2_sims_ws/install/lifecycle_msgs:/home/simulations/ros2_sims_ws/install/builtin_interfaces:/home/simulations/ros2_sims_ws/install/rosidl_default_runtime:/home/simulations/ros2_sims_ws/install/rosidl_default_generators:/home/simulations/ros2_sims_ws/install/rosidl_generator_rs:/home/user/ros2_ws/install/ur_simulation_gazebo:/home/user/ros2_ws/install/ur_description:/home/user/ros2_ws/install/the_construct_office_gazebo:/home/user/ros2_ws/install/robotiq_85_gripper:/home/user/ros2_ws/install/robotiq_85_msgs:/home/user/ros2_ws/install/robotiq_85_description:/home/user/ros2_ws/install/rg2_gripper_description:/home/user/ros2_ws/install/gazebo_ros2_control_demos:/home/user/ros2_ws/install/gazebo_ros2_control _=/usr/bin/env /usr/bin/cmake --install /home/user/ros2_ws/build/the_construct_office_gazebo
