[0.016s] Invoking command in '/home/steven/ws_moveit2/build/moveit_setup_assistant': AMENT_PREFIX_PATH=/home/steven/ws_moveit2/install/moveit_setup_srdf_plugins:/home/steven/ws_moveit2/install/moveit_setup_core_plugins:/home/steven/ws_moveit2/install/moveit_setup_controllers:/home/steven/ws_moveit2/install/moveit_setup_app_plugins:/home/steven/ws_moveit2/install/moveit_setup_framework:/home/steven/ws_moveit2/install/moveit_ros_visualization:/home/steven/ws_moveit2/install/moveit_ros_planning_interface:/home/steven/ws_moveit2/install/moveit_ros_move_group:/home/steven/ws_moveit2/install/moveit_ros_warehouse:/home/steven/ws_moveit2/install/moveit_ros_robot_interaction:/home/steven/ws_moveit2/install/moveit_kinematics:/home/steven/ws_moveit2/install/moveit_ros_planning:/home/steven/ws_moveit2/install/moveit_ros_occupancy_map_monitor:/home/steven/ws_moveit2/install/moveit_core:/home/steven/ws_moveit2/install/moveit_resources_panda_moveit_config:/home/steven/ws_moveit2/install/moveit_configs_utils:/home/steven/ws_moveit2/install/srdfdom:/home/steven/ws_moveit2/install/moveit_resources_panda_description:/home/steven/ws_moveit2/install/moveit_common:/home/steven/ws_moveit2/install/launch_param_builder:${AMENT_PREFIX_PATH} CMAKE_PREFIX_PATH=/home/steven/ws_moveit2/install/moveit_setup_srdf_plugins:/home/steven/ws_moveit2/install/moveit_setup_core_plugins:/home/steven/ws_moveit2/install/moveit_setup_controllers:/home/steven/ws_moveit2/install/moveit_setup_app_plugins:/home/steven/ws_moveit2/install/moveit_setup_framework:/home/steven/ws_moveit2/install/moveit_ros_visualization:/home/steven/ws_moveit2/install/moveit_ros_planning_interface:/home/steven/ws_moveit2/install/moveit_ros_move_group:/home/steven/ws_moveit2/install/moveit_ros_warehouse:/home/steven/ws_moveit2/install/moveit_ros_robot_interaction:/home/steven/ws_moveit2/install/moveit_kinematics:/home/steven/ws_moveit2/install/moveit_ros_planning:/home/steven/ws_moveit2/install/moveit_ros_occupancy_map_monitor:/home/steven/ws_moveit2/install/moveit_core:/home/steven/ws_moveit2/install/moveit_resources_panda_moveit_config:/home/steven/ws_moveit2/install/srdfdom:/home/steven/ws_moveit2/install/moveit_resources_panda_description:/home/steven/ws_moveit2/install/moveit_common:/opt/ros/humble LD_LIBRARY_PATH=/home/steven/ws_moveit2/install/moveit_setup_srdf_plugins/lib:/home/steven/ws_moveit2/install/moveit_setup_core_plugins/lib:/home/steven/ws_moveit2/install/moveit_setup_controllers/lib:/home/steven/ws_moveit2/install/moveit_setup_app_plugins/lib:/home/steven/ws_moveit2/install/moveit_setup_framework/lib:/home/steven/ws_moveit2/install/moveit_ros_visualization/lib:/home/steven/ws_moveit2/install/moveit_ros_planning_interface/lib:/home/steven/ws_moveit2/install/moveit_ros_move_group/lib:/home/steven/ws_moveit2/install/moveit_ros_warehouse/lib:/home/steven/ws_moveit2/install/moveit_ros_robot_interaction/lib:/home/steven/ws_moveit2/install/moveit_kinematics/lib:/home/steven/ws_moveit2/install/moveit_ros_planning/lib:/home/steven/ws_moveit2/install/moveit_ros_occupancy_map_monitor/lib:/home/steven/ws_moveit2/install/moveit_core/lib:/home/steven/ws_moveit2/install/srdfdom/lib:/opt/ros/humble/opt/rviz_ogre_vendor/lib:/opt/ros/humble/lib/x86_64-linux-gnu:/opt/ros/humble/lib:/usr/local/cuda-12.3/lib64 PATH=/home/steven/ws_moveit2/install/moveit_core/bin:${PATH} PYTHONPATH=/home/steven/ws_moveit2/install/moveit_configs_utils/lib/python3.10/site-packages:/home/steven/ws_moveit2/install/srdfdom/local/lib/python3.10/dist-packages:/home/steven/ws_moveit2/install/launch_param_builder/lib/python3.10/site-packages:${PYTHONPATH} /usr/bin/cmake /home/steven/ws_moveit2/src/moveit2/moveit_setup_assistant/moveit_setup_assistant -DCMAKE_BUILD_TYPE=Release -DCMAKE_INSTALL_PREFIX=/home/steven/ws_moveit2/install/moveit_setup_assistant
[0.041s] -- The C compiler identification is GNU 11.4.0
[0.065s] -- The CXX compiler identification is GNU 11.4.0
[0.069s] -- Detecting C compiler ABI info
[0.100s] -- Detecting C compiler ABI info - done
[0.103s] -- Check for working C compiler: /usr/bin/cc - skipped
[0.103s] -- Detecting C compile features
[0.103s] -- Detecting C compile features - done
[0.104s] -- Detecting CXX compiler ABI info
[0.140s] -- Detecting CXX compiler ABI info - done
[0.144s] -- Check for working CXX compiler: /usr/bin/c++ - skipped
[0.144s] -- Detecting CXX compile features
[0.144s] -- Detecting CXX compile features - done
[0.145s] -- Found moveit_common: 2.5.5 (/home/steven/ws_moveit2/install/moveit_common/share/moveit_common/cmake)
[0.146s] -- Found ament_cmake: 1.3.9 (/opt/ros/humble/share/ament_cmake/cmake)
[0.213s] -- Found Python3: /usr/bin/python3 (found version "3.10.12") found components: Interpreter 
[0.288s] -- Found libdw: /usr/lib/x86_64-linux-gnu/libdw.so  
[0.291s] -- Could NOT find libbfd (missing: LIBBFD_LIBRARY LIBBFD_INCLUDE_DIR) 
[0.291s] -- BACKWARD_HAS_UNWIND=1
[0.291s] -- BACKWARD_HAS_BACKTRACE=0
[0.291s] -- BACKWARD_HAS_BACKTRACE_SYMBOL=0
[0.291s] -- BACKWARD_HAS_DW=1
[0.291s] -- BACKWARD_HAS_BFD=0
[0.291s] -- Found Backward: /opt/ros/humble/share/backward_ros/cmake  
[0.292s] -- Found ament_index_cpp: 1.4.0 (/opt/ros/humble/share/ament_index_cpp/cmake)
[0.298s] -- Found Boost: /usr/lib/x86_64-linux-gnu/cmake/Boost-1.74.0/BoostConfig.cmake (found version "1.74.0") found components: program_options 
[0.299s] -- Found moveit_setup_framework: 2.5.5 (/home/steven/ws_moveit2/install/moveit_setup_framework/share/moveit_setup_framework/cmake)
[0.320s] -- Found rosidl_generator_c: 3.1.5 (/opt/ros/humble/share/rosidl_generator_c/cmake)
[0.323s] -- Found rosidl_adapter: 3.1.5 (/opt/ros/humble/share/rosidl_adapter/cmake)
[0.327s] -- Found rosidl_generator_cpp: 3.1.5 (/opt/ros/humble/share/rosidl_generator_cpp/cmake)
[0.335s] -- Using all available rosidl_typesupport_c: rosidl_typesupport_fastrtps_c;rosidl_typesupport_introspection_c
[0.345s] -- Using all available rosidl_typesupport_cpp: rosidl_typesupport_fastrtps_cpp;rosidl_typesupport_introspection_cpp
[0.381s] -- Found rmw_implementation_cmake: 6.1.2 (/opt/ros/humble/share/rmw_implementation_cmake/cmake)
[0.383s] -- Found rmw_fastrtps_cpp: 6.2.6 (/opt/ros/humble/share/rmw_fastrtps_cpp/cmake)
[0.429s] -- Found OpenSSL: /usr/lib/x86_64-linux-gnu/libcrypto.so (found version "3.0.2")  
[0.440s] -- Found FastRTPS: /opt/ros/humble/include  
[0.463s] -- Using RMW implementation 'rmw_fastrtps_cpp' as default
[0.469s] -- Looking for pthread.h
[0.513s] -- Looking for pthread.h - found
[0.513s] -- Performing Test CMAKE_HAVE_LIBC_PTHREAD
[0.558s] -- Performing Test CMAKE_HAVE_LIBC_PTHREAD - Success
[0.558s] -- Found Threads: TRUE  
[0.658s] -- Found Boost: /usr/lib/x86_64-linux-gnu/cmake/Boost-1.74.0/BoostConfig.cmake (found version "1.74.0") found components: chrono date_time filesystem iostreams program_options regex serialization system thread 
[0.681s] -- Found parameter_traits: 0.3.8 (/opt/ros/humble/share/parameter_traits/cmake)
[0.689s] -- Found Eigen3: TRUE (found version "3.4.0") 
[0.691s] -- Found rclcpp_lifecycle: 16.0.9 (/opt/ros/humble/share/rclcpp_lifecycle/cmake)
[0.713s] -- Found Boost: /usr/lib/x86_64-linux-gnu/cmake/Boost-1.74.0/BoostConfig.cmake (found version "1.74.0") found components: filesystem 
[0.778s] -- library: /usr/lib/x86_64-linux-gnu/libcurl.so
[0.917s] -- Ensuring Eigen3 include directory is part of orocos-kdl CMake target
[1.450s] -- Found Boost: /usr/lib/x86_64-linux-gnu/cmake/Boost-1.74.0/BoostConfig.cmake (found version "1.74.0") found components: system filesystem date_time program_options thread chrono 
[1.690s] -- Found Boost: /usr/lib/x86_64-linux-gnu/cmake/Boost-1.74.0/BoostConfig.cmake (found version "1.74.0") found components: thread date_time system filesystem 
[1.726s] -- Found Boost: /usr/lib/x86_64-linux-gnu/cmake/Boost-1.74.0/BoostConfig.cmake (found version "1.74.0") found components: date_time filesystem program_options system thread 
[1.810s] -- Found Boost: /usr/lib/x86_64-linux-gnu/cmake/Boost-1.74.0/BoostConfig.cmake (found version "1.74.0") found components: thread system filesystem regex date_time program_options 
[1.919s] -- Found Boost: /usr/lib/x86_64-linux-gnu/cmake/Boost-1.74.0/BoostConfig.cmake (found version "1.74.0") found components: system filesystem date_time program_options thread 
[2.416s] -- Setting OGRE_DIR to: '/opt/ros/humble/share/rviz_ogre_vendor/cmake/../../../opt/rviz_ogre_vendor/lib/OGRE/cmake'
[2.416s] -- Found OGRE
[2.416s] --   static     : OFF
[2.416s] --   components : HLMS;MeshLodGenerator;Overlay;Paging;Property;RTShaderSystem;Terrain;Volume
[2.417s] --   plugins    : Plugin_BSPSceneManager;Plugin_OctreeSceneManager;Plugin_PCZSceneManager;Plugin_ParticleFX;RenderSystem_GL;RenderSystem_GL3Plus;Codec_STBI
[2.417s] --   media      : /opt/ros/humble/opt/rviz_ogre_vendor/share/OGRE/Media
[2.417s] -- OGRE_LIBRARIES: OgreHLMS;OgreMeshLodGenerator;OgreOverlay;OgrePaging;OgreProperty;OgreRTShaderSystem;OgreTerrain;OgreVolume;OgreMain
[2.417s] -- OGRE_LIBRARY_DIRS: /opt/ros/humble/opt/rviz_ogre_vendor/lib
[2.417s] -- OGRE_PLUGINS: Plugin_BSPSceneManager;Plugin_OctreeSceneManager;Plugin_PCZSceneManager;Plugin_ParticleFX;RenderSystem_GL;RenderSystem_GL3Plus;Codec_STBI
[2.417s] -- OGRE_PLUGIN_DIR: /opt/ros/humble/opt/rviz_ogre_vendor/lib/OGRE
[2.417s] -- rviz_ogre_vendor::OgreOverlay for IMPORTED_LOCATION_RELEASE: /opt/ros/humble/opt/rviz_ogre_vendor/lib/libOgreOverlay.so
[2.417s] -- rviz_ogre_vendor::OgreOverlay for IMPORTED_LOCATION_DEBUG: /opt/ros/humble/opt/rviz_ogre_vendor/lib/libOgreOverlay.so
[2.417s] -- rviz_ogre_vendor::OgreMain for IMPORTED_LOCATION_RELEASE: /opt/ros/humble/opt/rviz_ogre_vendor/lib/libOgreMain.so
[2.417s] -- rviz_ogre_vendor::OgreMain for IMPORTED_LOCATION_DEBUG: /opt/ros/humble/opt/rviz_ogre_vendor/lib/libOgreMain.so
[2.418s] -- Could not find freeimage library
[2.425s] -- Found ZLIB: /usr/lib/x86_64-linux-gnu/libz.so (found version "1.2.11") 
[2.428s] -- Found OpenGL: /usr/lib/x86_64-linux-gnu/libOpenGL.so   
[2.469s] -- Found X11: /usr/include   
[2.469s] -- Looking for XOpenDisplay in /usr/lib/x86_64-linux-gnu/libX11.so;/usr/lib/x86_64-linux-gnu/libXext.so
[2.516s] -- Looking for XOpenDisplay in /usr/lib/x86_64-linux-gnu/libX11.so;/usr/lib/x86_64-linux-gnu/libXext.so - found
[2.516s] -- Looking for gethostbyname
[2.561s] -- Looking for gethostbyname - found
[2.561s] -- Looking for connect
[2.605s] -- Looking for connect - found
[2.605s] -- Looking for remove
[2.650s] -- Looking for remove - found
[2.650s] -- Looking for shmat
[2.694s] -- Looking for shmat - found
[2.694s] -- Looking for IceConnectionNumber in ICE
[2.739s] -- Looking for IceConnectionNumber in ICE - found
[2.740s] -- rviz_ogre_vendor::RenderSystem_GL for IMPORTED_LOCATION_RELEASE: _render_system_gl_static_library_abs-NOTFOUND
[2.740s] -- rviz_ogre_vendor::RenderSystem_GL for IMPORTED_LOCATION_DEBUG: _render_system_gl_static_library_abs-NOTFOUND
[3.052s] -- Found moveit_setup_srdf_plugins: 2.5.5 (/home/steven/ws_moveit2/install/moveit_setup_srdf_plugins/share/moveit_setup_srdf_plugins/cmake)
[3.061s] -- Found ament_lint_auto: 0.12.11 (/opt/ros/humble/share/ament_lint_auto/cmake)
[3.071s] -- Added test 'lint_cmake' to check CMake code style
[3.072s] -- Added test 'xmllint' to check XML markup files
[3.072s] -- Configuring done
[3.113s] -- Generating done
[3.114s] -- Build files have been written to: /home/steven/ws_moveit2/build/moveit_setup_assistant
[3.123s] Invoked command in '/home/steven/ws_moveit2/build/moveit_setup_assistant' returned '0': AMENT_PREFIX_PATH=/home/steven/ws_moveit2/install/moveit_setup_srdf_plugins:/home/steven/ws_moveit2/install/moveit_setup_core_plugins:/home/steven/ws_moveit2/install/moveit_setup_controllers:/home/steven/ws_moveit2/install/moveit_setup_app_plugins:/home/steven/ws_moveit2/install/moveit_setup_framework:/home/steven/ws_moveit2/install/moveit_ros_visualization:/home/steven/ws_moveit2/install/moveit_ros_planning_interface:/home/steven/ws_moveit2/install/moveit_ros_move_group:/home/steven/ws_moveit2/install/moveit_ros_warehouse:/home/steven/ws_moveit2/install/moveit_ros_robot_interaction:/home/steven/ws_moveit2/install/moveit_kinematics:/home/steven/ws_moveit2/install/moveit_ros_planning:/home/steven/ws_moveit2/install/moveit_ros_occupancy_map_monitor:/home/steven/ws_moveit2/install/moveit_core:/home/steven/ws_moveit2/install/moveit_resources_panda_moveit_config:/home/steven/ws_moveit2/install/moveit_configs_utils:/home/steven/ws_moveit2/install/srdfdom:/home/steven/ws_moveit2/install/moveit_resources_panda_description:/home/steven/ws_moveit2/install/moveit_common:/home/steven/ws_moveit2/install/launch_param_builder:${AMENT_PREFIX_PATH} CMAKE_PREFIX_PATH=/home/steven/ws_moveit2/install/moveit_setup_srdf_plugins:/home/steven/ws_moveit2/install/moveit_setup_core_plugins:/home/steven/ws_moveit2/install/moveit_setup_controllers:/home/steven/ws_moveit2/install/moveit_setup_app_plugins:/home/steven/ws_moveit2/install/moveit_setup_framework:/home/steven/ws_moveit2/install/moveit_ros_visualization:/home/steven/ws_moveit2/install/moveit_ros_planning_interface:/home/steven/ws_moveit2/install/moveit_ros_move_group:/home/steven/ws_moveit2/install/moveit_ros_warehouse:/home/steven/ws_moveit2/install/moveit_ros_robot_interaction:/home/steven/ws_moveit2/install/moveit_kinematics:/home/steven/ws_moveit2/install/moveit_ros_planning:/home/steven/ws_moveit2/install/moveit_ros_occupancy_map_monitor:/home/steven/ws_moveit2/install/moveit_core:/home/steven/ws_moveit2/install/moveit_resources_panda_moveit_config:/home/steven/ws_moveit2/install/srdfdom:/home/steven/ws_moveit2/install/moveit_resources_panda_description:/home/steven/ws_moveit2/install/moveit_common:/opt/ros/humble LD_LIBRARY_PATH=/home/steven/ws_moveit2/install/moveit_setup_srdf_plugins/lib:/home/steven/ws_moveit2/install/moveit_setup_core_plugins/lib:/home/steven/ws_moveit2/install/moveit_setup_controllers/lib:/home/steven/ws_moveit2/install/moveit_setup_app_plugins/lib:/home/steven/ws_moveit2/install/moveit_setup_framework/lib:/home/steven/ws_moveit2/install/moveit_ros_visualization/lib:/home/steven/ws_moveit2/install/moveit_ros_planning_interface/lib:/home/steven/ws_moveit2/install/moveit_ros_move_group/lib:/home/steven/ws_moveit2/install/moveit_ros_warehouse/lib:/home/steven/ws_moveit2/install/moveit_ros_robot_interaction/lib:/home/steven/ws_moveit2/install/moveit_kinematics/lib:/home/steven/ws_moveit2/install/moveit_ros_planning/lib:/home/steven/ws_moveit2/install/moveit_ros_occupancy_map_monitor/lib:/home/steven/ws_moveit2/install/moveit_core/lib:/home/steven/ws_moveit2/install/srdfdom/lib:/opt/ros/humble/opt/rviz_ogre_vendor/lib:/opt/ros/humble/lib/x86_64-linux-gnu:/opt/ros/humble/lib:/usr/local/cuda-12.3/lib64 PATH=/home/steven/ws_moveit2/install/moveit_core/bin:${PATH} PYTHONPATH=/home/steven/ws_moveit2/install/moveit_configs_utils/lib/python3.10/site-packages:/home/steven/ws_moveit2/install/srdfdom/local/lib/python3.10/dist-packages:/home/steven/ws_moveit2/install/launch_param_builder/lib/python3.10/site-packages:${PYTHONPATH} /usr/bin/cmake /home/steven/ws_moveit2/src/moveit2/moveit_setup_assistant/moveit_setup_assistant -DCMAKE_BUILD_TYPE=Release -DCMAKE_INSTALL_PREFIX=/home/steven/ws_moveit2/install/moveit_setup_assistant
[3.124s] Invoking command in '/home/steven/ws_moveit2/build/moveit_setup_assistant': AMENT_PREFIX_PATH=/home/steven/ws_moveit2/install/moveit_setup_srdf_plugins:/home/steven/ws_moveit2/install/moveit_setup_core_plugins:/home/steven/ws_moveit2/install/moveit_setup_controllers:/home/steven/ws_moveit2/install/moveit_setup_app_plugins:/home/steven/ws_moveit2/install/moveit_setup_framework:/home/steven/ws_moveit2/install/moveit_ros_visualization:/home/steven/ws_moveit2/install/moveit_ros_planning_interface:/home/steven/ws_moveit2/install/moveit_ros_move_group:/home/steven/ws_moveit2/install/moveit_ros_warehouse:/home/steven/ws_moveit2/install/moveit_ros_robot_interaction:/home/steven/ws_moveit2/install/moveit_kinematics:/home/steven/ws_moveit2/install/moveit_ros_planning:/home/steven/ws_moveit2/install/moveit_ros_occupancy_map_monitor:/home/steven/ws_moveit2/install/moveit_core:/home/steven/ws_moveit2/install/moveit_resources_panda_moveit_config:/home/steven/ws_moveit2/install/moveit_configs_utils:/home/steven/ws_moveit2/install/srdfdom:/home/steven/ws_moveit2/install/moveit_resources_panda_description:/home/steven/ws_moveit2/install/moveit_common:/home/steven/ws_moveit2/install/launch_param_builder:${AMENT_PREFIX_PATH} CMAKE_PREFIX_PATH=/home/steven/ws_moveit2/install/moveit_setup_srdf_plugins:/home/steven/ws_moveit2/install/moveit_setup_core_plugins:/home/steven/ws_moveit2/install/moveit_setup_controllers:/home/steven/ws_moveit2/install/moveit_setup_app_plugins:/home/steven/ws_moveit2/install/moveit_setup_framework:/home/steven/ws_moveit2/install/moveit_ros_visualization:/home/steven/ws_moveit2/install/moveit_ros_planning_interface:/home/steven/ws_moveit2/install/moveit_ros_move_group:/home/steven/ws_moveit2/install/moveit_ros_warehouse:/home/steven/ws_moveit2/install/moveit_ros_robot_interaction:/home/steven/ws_moveit2/install/moveit_kinematics:/home/steven/ws_moveit2/install/moveit_ros_planning:/home/steven/ws_moveit2/install/moveit_ros_occupancy_map_monitor:/home/steven/ws_moveit2/install/moveit_core:/home/steven/ws_moveit2/install/moveit_resources_panda_moveit_config:/home/steven/ws_moveit2/install/srdfdom:/home/steven/ws_moveit2/install/moveit_resources_panda_description:/home/steven/ws_moveit2/install/moveit_common:/opt/ros/humble LD_LIBRARY_PATH=/home/steven/ws_moveit2/install/moveit_setup_srdf_plugins/lib:/home/steven/ws_moveit2/install/moveit_setup_core_plugins/lib:/home/steven/ws_moveit2/install/moveit_setup_controllers/lib:/home/steven/ws_moveit2/install/moveit_setup_app_plugins/lib:/home/steven/ws_moveit2/install/moveit_setup_framework/lib:/home/steven/ws_moveit2/install/moveit_ros_visualization/lib:/home/steven/ws_moveit2/install/moveit_ros_planning_interface/lib:/home/steven/ws_moveit2/install/moveit_ros_move_group/lib:/home/steven/ws_moveit2/install/moveit_ros_warehouse/lib:/home/steven/ws_moveit2/install/moveit_ros_robot_interaction/lib:/home/steven/ws_moveit2/install/moveit_kinematics/lib:/home/steven/ws_moveit2/install/moveit_ros_planning/lib:/home/steven/ws_moveit2/install/moveit_ros_occupancy_map_monitor/lib:/home/steven/ws_moveit2/install/moveit_core/lib:/home/steven/ws_moveit2/install/srdfdom/lib:/opt/ros/humble/opt/rviz_ogre_vendor/lib:/opt/ros/humble/lib/x86_64-linux-gnu:/opt/ros/humble/lib:/usr/local/cuda-12.3/lib64 PATH=/home/steven/ws_moveit2/install/moveit_core/bin:${PATH} PYTHONPATH=/home/steven/ws_moveit2/install/moveit_configs_utils/lib/python3.10/site-packages:/home/steven/ws_moveit2/install/srdfdom/local/lib/python3.10/dist-packages:/home/steven/ws_moveit2/install/launch_param_builder/lib/python3.10/site-packages:${PYTHONPATH} /usr/bin/cmake --build /home/steven/ws_moveit2/build/moveit_setup_assistant -- -j32 -l32
[3.150s] [  7%] [34m[1mAutomatic MOC for target moveit_setup_assistant[0m
[3.150s] [ 14%] [34m[1mAutomatic MOC for target moveit_setup_assistant_updater[0m
[3.165s] [ 14%] Built target moveit_setup_assistant_autogen
[3.165s] [ 14%] Built target moveit_setup_assistant_updater_autogen
[3.170s] [ 21%] [34m[1mGenerating include/moveit_setup_assistant/moc_navigation_widget.cpp[0m
[3.170s] [ 28%] [34m[1mGenerating include/moveit_setup_assistant/moc_setup_assistant_widget.cpp[0m
[3.174s] [ 35%] [32mBuilding CXX object CMakeFiles/moveit_setup_assistant_updater.dir/moveit_setup_assistant_updater_autogen/mocs_compilation.cpp.o[0m
[3.174s] [ 42%] [32mBuilding CXX object CMakeFiles/moveit_setup_assistant_updater.dir/src/collisions_updater.cpp.o[0m
[3.180s] [ 71%] [32mBuilding CXX object CMakeFiles/moveit_setup_assistant.dir/src/navigation_widget.cpp.o[0m
[3.180s] [ 71%] [32mBuilding CXX object CMakeFiles/moveit_setup_assistant.dir/src/main.cpp.o[0m
[3.180s] [ 71%] [32mBuilding CXX object CMakeFiles/moveit_setup_assistant.dir/src/setup_assistant_widget.cpp.o[0m
[3.180s] [ 78%] [32mBuilding CXX object CMakeFiles/moveit_setup_assistant.dir/include/moveit_setup_assistant/moc_navigation_widget.cpp.o[0m
[3.180s] [ 78%] [32mBuilding CXX object CMakeFiles/moveit_setup_assistant.dir/moveit_setup_assistant_autogen/mocs_compilation.cpp.o[0m
[3.180s] [ 85%] [32mBuilding CXX object CMakeFiles/moveit_setup_assistant.dir/include/moveit_setup_assistant/moc_setup_assistant_widget.cpp.o[0m
[10.253s] [ 92%] [32m[1mLinking CXX executable collisions_updater[0m
[10.601s] [ 92%] Built target moveit_setup_assistant_updater
[11.498s] [100%] [32m[1mLinking CXX executable moveit_setup_assistant[0m
[11.969s] [100%] Built target moveit_setup_assistant
[11.975s] Invoked command in '/home/steven/ws_moveit2/build/moveit_setup_assistant' returned '0': AMENT_PREFIX_PATH=/home/steven/ws_moveit2/install/moveit_setup_srdf_plugins:/home/steven/ws_moveit2/install/moveit_setup_core_plugins:/home/steven/ws_moveit2/install/moveit_setup_controllers:/home/steven/ws_moveit2/install/moveit_setup_app_plugins:/home/steven/ws_moveit2/install/moveit_setup_framework:/home/steven/ws_moveit2/install/moveit_ros_visualization:/home/steven/ws_moveit2/install/moveit_ros_planning_interface:/home/steven/ws_moveit2/install/moveit_ros_move_group:/home/steven/ws_moveit2/install/moveit_ros_warehouse:/home/steven/ws_moveit2/install/moveit_ros_robot_interaction:/home/steven/ws_moveit2/install/moveit_kinematics:/home/steven/ws_moveit2/install/moveit_ros_planning:/home/steven/ws_moveit2/install/moveit_ros_occupancy_map_monitor:/home/steven/ws_moveit2/install/moveit_core:/home/steven/ws_moveit2/install/moveit_resources_panda_moveit_config:/home/steven/ws_moveit2/install/moveit_configs_utils:/home/steven/ws_moveit2/install/srdfdom:/home/steven/ws_moveit2/install/moveit_resources_panda_description:/home/steven/ws_moveit2/install/moveit_common:/home/steven/ws_moveit2/install/launch_param_builder:${AMENT_PREFIX_PATH} CMAKE_PREFIX_PATH=/home/steven/ws_moveit2/install/moveit_setup_srdf_plugins:/home/steven/ws_moveit2/install/moveit_setup_core_plugins:/home/steven/ws_moveit2/install/moveit_setup_controllers:/home/steven/ws_moveit2/install/moveit_setup_app_plugins:/home/steven/ws_moveit2/install/moveit_setup_framework:/home/steven/ws_moveit2/install/moveit_ros_visualization:/home/steven/ws_moveit2/install/moveit_ros_planning_interface:/home/steven/ws_moveit2/install/moveit_ros_move_group:/home/steven/ws_moveit2/install/moveit_ros_warehouse:/home/steven/ws_moveit2/install/moveit_ros_robot_interaction:/home/steven/ws_moveit2/install/moveit_kinematics:/home/steven/ws_moveit2/install/moveit_ros_planning:/home/steven/ws_moveit2/install/moveit_ros_occupancy_map_monitor:/home/steven/ws_moveit2/install/moveit_core:/home/steven/ws_moveit2/install/moveit_resources_panda_moveit_config:/home/steven/ws_moveit2/install/srdfdom:/home/steven/ws_moveit2/install/moveit_resources_panda_description:/home/steven/ws_moveit2/install/moveit_common:/opt/ros/humble LD_LIBRARY_PATH=/home/steven/ws_moveit2/install/moveit_setup_srdf_plugins/lib:/home/steven/ws_moveit2/install/moveit_setup_core_plugins/lib:/home/steven/ws_moveit2/install/moveit_setup_controllers/lib:/home/steven/ws_moveit2/install/moveit_setup_app_plugins/lib:/home/steven/ws_moveit2/install/moveit_setup_framework/lib:/home/steven/ws_moveit2/install/moveit_ros_visualization/lib:/home/steven/ws_moveit2/install/moveit_ros_planning_interface/lib:/home/steven/ws_moveit2/install/moveit_ros_move_group/lib:/home/steven/ws_moveit2/install/moveit_ros_warehouse/lib:/home/steven/ws_moveit2/install/moveit_ros_robot_interaction/lib:/home/steven/ws_moveit2/install/moveit_kinematics/lib:/home/steven/ws_moveit2/install/moveit_ros_planning/lib:/home/steven/ws_moveit2/install/moveit_ros_occupancy_map_monitor/lib:/home/steven/ws_moveit2/install/moveit_core/lib:/home/steven/ws_moveit2/install/srdfdom/lib:/opt/ros/humble/opt/rviz_ogre_vendor/lib:/opt/ros/humble/lib/x86_64-linux-gnu:/opt/ros/humble/lib:/usr/local/cuda-12.3/lib64 PATH=/home/steven/ws_moveit2/install/moveit_core/bin:${PATH} PYTHONPATH=/home/steven/ws_moveit2/install/moveit_configs_utils/lib/python3.10/site-packages:/home/steven/ws_moveit2/install/srdfdom/local/lib/python3.10/dist-packages:/home/steven/ws_moveit2/install/launch_param_builder/lib/python3.10/site-packages:${PYTHONPATH} /usr/bin/cmake --build /home/steven/ws_moveit2/build/moveit_setup_assistant -- -j32 -l32
[11.992s] Invoking command in '/home/steven/ws_moveit2/build/moveit_setup_assistant': AMENT_PREFIX_PATH=/home/steven/ws_moveit2/install/moveit_setup_srdf_plugins:/home/steven/ws_moveit2/install/moveit_setup_core_plugins:/home/steven/ws_moveit2/install/moveit_setup_controllers:/home/steven/ws_moveit2/install/moveit_setup_app_plugins:/home/steven/ws_moveit2/install/moveit_setup_framework:/home/steven/ws_moveit2/install/moveit_ros_visualization:/home/steven/ws_moveit2/install/moveit_ros_planning_interface:/home/steven/ws_moveit2/install/moveit_ros_move_group:/home/steven/ws_moveit2/install/moveit_ros_warehouse:/home/steven/ws_moveit2/install/moveit_ros_robot_interaction:/home/steven/ws_moveit2/install/moveit_kinematics:/home/steven/ws_moveit2/install/moveit_ros_planning:/home/steven/ws_moveit2/install/moveit_ros_occupancy_map_monitor:/home/steven/ws_moveit2/install/moveit_core:/home/steven/ws_moveit2/install/moveit_resources_panda_moveit_config:/home/steven/ws_moveit2/install/moveit_configs_utils:/home/steven/ws_moveit2/install/srdfdom:/home/steven/ws_moveit2/install/moveit_resources_panda_description:/home/steven/ws_moveit2/install/moveit_common:/home/steven/ws_moveit2/install/launch_param_builder:${AMENT_PREFIX_PATH} CMAKE_PREFIX_PATH=/home/steven/ws_moveit2/install/moveit_setup_srdf_plugins:/home/steven/ws_moveit2/install/moveit_setup_core_plugins:/home/steven/ws_moveit2/install/moveit_setup_controllers:/home/steven/ws_moveit2/install/moveit_setup_app_plugins:/home/steven/ws_moveit2/install/moveit_setup_framework:/home/steven/ws_moveit2/install/moveit_ros_visualization:/home/steven/ws_moveit2/install/moveit_ros_planning_interface:/home/steven/ws_moveit2/install/moveit_ros_move_group:/home/steven/ws_moveit2/install/moveit_ros_warehouse:/home/steven/ws_moveit2/install/moveit_ros_robot_interaction:/home/steven/ws_moveit2/install/moveit_kinematics:/home/steven/ws_moveit2/install/moveit_ros_planning:/home/steven/ws_moveit2/install/moveit_ros_occupancy_map_monitor:/home/steven/ws_moveit2/install/moveit_core:/home/steven/ws_moveit2/install/moveit_resources_panda_moveit_config:/home/steven/ws_moveit2/install/srdfdom:/home/steven/ws_moveit2/install/moveit_resources_panda_description:/home/steven/ws_moveit2/install/moveit_common:/opt/ros/humble LD_LIBRARY_PATH=/home/steven/ws_moveit2/install/moveit_setup_srdf_plugins/lib:/home/steven/ws_moveit2/install/moveit_setup_core_plugins/lib:/home/steven/ws_moveit2/install/moveit_setup_controllers/lib:/home/steven/ws_moveit2/install/moveit_setup_app_plugins/lib:/home/steven/ws_moveit2/install/moveit_setup_framework/lib:/home/steven/ws_moveit2/install/moveit_ros_visualization/lib:/home/steven/ws_moveit2/install/moveit_ros_planning_interface/lib:/home/steven/ws_moveit2/install/moveit_ros_move_group/lib:/home/steven/ws_moveit2/install/moveit_ros_warehouse/lib:/home/steven/ws_moveit2/install/moveit_ros_robot_interaction/lib:/home/steven/ws_moveit2/install/moveit_kinematics/lib:/home/steven/ws_moveit2/install/moveit_ros_planning/lib:/home/steven/ws_moveit2/install/moveit_ros_occupancy_map_monitor/lib:/home/steven/ws_moveit2/install/moveit_core/lib:/home/steven/ws_moveit2/install/srdfdom/lib:/opt/ros/humble/opt/rviz_ogre_vendor/lib:/opt/ros/humble/lib/x86_64-linux-gnu:/opt/ros/humble/lib:/usr/local/cuda-12.3/lib64 PATH=/home/steven/ws_moveit2/install/moveit_core/bin:${PATH} PYTHONPATH=/home/steven/ws_moveit2/install/moveit_configs_utils/lib/python3.10/site-packages:/home/steven/ws_moveit2/install/srdfdom/local/lib/python3.10/dist-packages:/home/steven/ws_moveit2/install/launch_param_builder/lib/python3.10/site-packages:${PYTHONPATH} /usr/bin/cmake --install /home/steven/ws_moveit2/build/moveit_setup_assistant
[11.996s] -- Install configuration: "Release"
[11.996s] -- Installing: /home/steven/ws_moveit2/install/moveit_setup_assistant/lib/moveit_setup_assistant/moveit_setup_assistant
[11.996s] -- Set runtime path of "/home/steven/ws_moveit2/install/moveit_setup_assistant/lib/moveit_setup_assistant/moveit_setup_assistant" to ""
[11.996s] -- Installing: /home/steven/ws_moveit2/install/moveit_setup_assistant/lib/moveit_setup_assistant/collisions_updater
[11.997s] -- Set runtime path of "/home/steven/ws_moveit2/install/moveit_setup_assistant/lib/moveit_setup_assistant/collisions_updater" to ""
[11.997s] -- Installing: /home/steven/ws_moveit2/install/moveit_setup_assistant/include
[11.997s] -- Installing: /home/steven/ws_moveit2/install/moveit_setup_assistant/include/moveit_setup_assistant
[11.997s] -- Installing: /home/steven/ws_moveit2/install/moveit_setup_assistant/include/moveit_setup_assistant/navigation_widget.hpp
[11.997s] -- Installing: /home/steven/ws_moveit2/install/moveit_setup_assistant/include/moveit_setup_assistant/setup_assistant_widget.hpp
[11.997s] -- Installing: /home/steven/ws_moveit2/install/moveit_setup_assistant/share/moveit_setup_assistant/launch
[11.997s] -- Installing: /home/steven/ws_moveit2/install/moveit_setup_assistant/share/moveit_setup_assistant/launch/setup_assistant.launch.py
[11.997s] -- Installing: /home/steven/ws_moveit2/install/moveit_setup_assistant/share/moveit_setup_assistant/resources
[11.997s] -- Installing: /home/steven/ws_moveit2/install/moveit_setup_assistant/share/moveit_setup_assistant/resources/MoveIt_Setup_Assistant2.png
[11.997s] -- Installing: /home/steven/ws_moveit2/install/moveit_setup_assistant/share/moveit_setup_assistant/environment/library_path.sh
[11.997s] -- Installing: /home/steven/ws_moveit2/install/moveit_setup_assistant/share/moveit_setup_assistant/environment/library_path.dsv
[11.997s] -- Installing: /home/steven/ws_moveit2/install/moveit_setup_assistant/share/ament_index/resource_index/package_run_dependencies/moveit_setup_assistant
[11.997s] -- Installing: /home/steven/ws_moveit2/install/moveit_setup_assistant/share/ament_index/resource_index/parent_prefix_path/moveit_setup_assistant
[11.997s] -- Installing: /home/steven/ws_moveit2/install/moveit_setup_assistant/share/moveit_setup_assistant/environment/ament_prefix_path.sh
[11.997s] -- Installing: /home/steven/ws_moveit2/install/moveit_setup_assistant/share/moveit_setup_assistant/environment/ament_prefix_path.dsv
[11.997s] -- Installing: /home/steven/ws_moveit2/install/moveit_setup_assistant/share/moveit_setup_assistant/environment/path.sh
[11.997s] -- Installing: /home/steven/ws_moveit2/install/moveit_setup_assistant/share/moveit_setup_assistant/environment/path.dsv
[11.997s] -- Installing: /home/steven/ws_moveit2/install/moveit_setup_assistant/share/moveit_setup_assistant/local_setup.bash
[11.997s] -- Installing: /home/steven/ws_moveit2/install/moveit_setup_assistant/share/moveit_setup_assistant/local_setup.sh
[11.997s] -- Installing: /home/steven/ws_moveit2/install/moveit_setup_assistant/share/moveit_setup_assistant/local_setup.zsh
[11.997s] -- Installing: /home/steven/ws_moveit2/install/moveit_setup_assistant/share/moveit_setup_assistant/local_setup.dsv
[11.997s] -- Installing: /home/steven/ws_moveit2/install/moveit_setup_assistant/share/moveit_setup_assistant/package.dsv
[11.997s] -- Installing: /home/steven/ws_moveit2/install/moveit_setup_assistant/share/ament_index/resource_index/packages/moveit_setup_assistant
[11.997s] -- Installing: /home/steven/ws_moveit2/install/moveit_setup_assistant/share/moveit_setup_assistant/cmake/moveit_setup_assistantTargetsExport.cmake
[11.997s] -- Installing: /home/steven/ws_moveit2/install/moveit_setup_assistant/share/moveit_setup_assistant/cmake/moveit_setup_assistantTargetsExport-release.cmake
[11.997s] -- Installing: /home/steven/ws_moveit2/install/moveit_setup_assistant/share/moveit_setup_assistant/cmake/ament_cmake_export_include_directories-extras.cmake
[11.998s] -- Installing: /home/steven/ws_moveit2/install/moveit_setup_assistant/share/moveit_setup_assistant/cmake/ament_cmake_export_targets-extras.cmake
[11.998s] -- Installing: /home/steven/ws_moveit2/install/moveit_setup_assistant/share/moveit_setup_assistant/cmake/ament_cmake_export_dependencies-extras.cmake
[11.998s] -- Installing: /home/steven/ws_moveit2/install/moveit_setup_assistant/share/moveit_setup_assistant/cmake/moveit_setup_assistantConfig.cmake
[11.998s] -- Installing: /home/steven/ws_moveit2/install/moveit_setup_assistant/share/moveit_setup_assistant/cmake/moveit_setup_assistantConfig-version.cmake
[11.998s] -- Installing: /home/steven/ws_moveit2/install/moveit_setup_assistant/share/moveit_setup_assistant/package.xml
[11.999s] Invoked command in '/home/steven/ws_moveit2/build/moveit_setup_assistant' returned '0': AMENT_PREFIX_PATH=/home/steven/ws_moveit2/install/moveit_setup_srdf_plugins:/home/steven/ws_moveit2/install/moveit_setup_core_plugins:/home/steven/ws_moveit2/install/moveit_setup_controllers:/home/steven/ws_moveit2/install/moveit_setup_app_plugins:/home/steven/ws_moveit2/install/moveit_setup_framework:/home/steven/ws_moveit2/install/moveit_ros_visualization:/home/steven/ws_moveit2/install/moveit_ros_planning_interface:/home/steven/ws_moveit2/install/moveit_ros_move_group:/home/steven/ws_moveit2/install/moveit_ros_warehouse:/home/steven/ws_moveit2/install/moveit_ros_robot_interaction:/home/steven/ws_moveit2/install/moveit_kinematics:/home/steven/ws_moveit2/install/moveit_ros_planning:/home/steven/ws_moveit2/install/moveit_ros_occupancy_map_monitor:/home/steven/ws_moveit2/install/moveit_core:/home/steven/ws_moveit2/install/moveit_resources_panda_moveit_config:/home/steven/ws_moveit2/install/moveit_configs_utils:/home/steven/ws_moveit2/install/srdfdom:/home/steven/ws_moveit2/install/moveit_resources_panda_description:/home/steven/ws_moveit2/install/moveit_common:/home/steven/ws_moveit2/install/launch_param_builder:${AMENT_PREFIX_PATH} CMAKE_PREFIX_PATH=/home/steven/ws_moveit2/install/moveit_setup_srdf_plugins:/home/steven/ws_moveit2/install/moveit_setup_core_plugins:/home/steven/ws_moveit2/install/moveit_setup_controllers:/home/steven/ws_moveit2/install/moveit_setup_app_plugins:/home/steven/ws_moveit2/install/moveit_setup_framework:/home/steven/ws_moveit2/install/moveit_ros_visualization:/home/steven/ws_moveit2/install/moveit_ros_planning_interface:/home/steven/ws_moveit2/install/moveit_ros_move_group:/home/steven/ws_moveit2/install/moveit_ros_warehouse:/home/steven/ws_moveit2/install/moveit_ros_robot_interaction:/home/steven/ws_moveit2/install/moveit_kinematics:/home/steven/ws_moveit2/install/moveit_ros_planning:/home/steven/ws_moveit2/install/moveit_ros_occupancy_map_monitor:/home/steven/ws_moveit2/install/moveit_core:/home/steven/ws_moveit2/install/moveit_resources_panda_moveit_config:/home/steven/ws_moveit2/install/srdfdom:/home/steven/ws_moveit2/install/moveit_resources_panda_description:/home/steven/ws_moveit2/install/moveit_common:/opt/ros/humble LD_LIBRARY_PATH=/home/steven/ws_moveit2/install/moveit_setup_srdf_plugins/lib:/home/steven/ws_moveit2/install/moveit_setup_core_plugins/lib:/home/steven/ws_moveit2/install/moveit_setup_controllers/lib:/home/steven/ws_moveit2/install/moveit_setup_app_plugins/lib:/home/steven/ws_moveit2/install/moveit_setup_framework/lib:/home/steven/ws_moveit2/install/moveit_ros_visualization/lib:/home/steven/ws_moveit2/install/moveit_ros_planning_interface/lib:/home/steven/ws_moveit2/install/moveit_ros_move_group/lib:/home/steven/ws_moveit2/install/moveit_ros_warehouse/lib:/home/steven/ws_moveit2/install/moveit_ros_robot_interaction/lib:/home/steven/ws_moveit2/install/moveit_kinematics/lib:/home/steven/ws_moveit2/install/moveit_ros_planning/lib:/home/steven/ws_moveit2/install/moveit_ros_occupancy_map_monitor/lib:/home/steven/ws_moveit2/install/moveit_core/lib:/home/steven/ws_moveit2/install/srdfdom/lib:/opt/ros/humble/opt/rviz_ogre_vendor/lib:/opt/ros/humble/lib/x86_64-linux-gnu:/opt/ros/humble/lib:/usr/local/cuda-12.3/lib64 PATH=/home/steven/ws_moveit2/install/moveit_core/bin:${PATH} PYTHONPATH=/home/steven/ws_moveit2/install/moveit_configs_utils/lib/python3.10/site-packages:/home/steven/ws_moveit2/install/srdfdom/local/lib/python3.10/dist-packages:/home/steven/ws_moveit2/install/launch_param_builder/lib/python3.10/site-packages:${PYTHONPATH} /usr/bin/cmake --install /home/steven/ws_moveit2/build/moveit_setup_assistant
