[0.962s] Invoking command in '/home/user/ros2_ws/build/gazebo_version_helpers': CMAKE_PREFIX_PATH=${CMAKE_PREFIX_PATH}:/home/user/ros2_ws/install/ros2test:/home/user/ros2_ws/install/robotiq_85_driver:/home/user/ros2_ws/install/moveit_configs_utils:/home/user/ros2_ws/install/gazebo_version_helpers:/home/simulations/ros2_sims_ws/install/rclrs_tests:/home/simulations/ros2_sims_ws/install/examples_rclrs_minimal_client_service:/home/simulations/ros2_sims_ws/install/sensor_msgs_py:/home/simulations/ros2_sims_ws/install/examples_rclrs_minimal_pub_sub:/home/simulations/ros2_sims_ws/install/examples_rclrs_message_demo:/home/simulations/ros2_sims_ws/install/rclrs:/home/simulations/ros2_sims_ws/install/rosidl_runtime_rs:/home/user/ros2_ws/install/turtlebot3_teleop:/home/user/ros2_ws/install/turtlebot3_example:/opt/ros/humble _=/usr/bin/env /usr/bin/cmake --build /home/user/ros2_ws/build/gazebo_version_helpers -- -j8 -l8
[2.310s] [100%] Built target gazebo_version_helpers
[2.485s] Invoked command in '/home/user/ros2_ws/build/gazebo_version_helpers' returned '0': CMAKE_PREFIX_PATH=${CMAKE_PREFIX_PATH}:/home/user/ros2_ws/install/ros2test:/home/user/ros2_ws/install/robotiq_85_driver:/home/user/ros2_ws/install/moveit_configs_utils:/home/user/ros2_ws/install/gazebo_version_helpers:/home/simulations/ros2_sims_ws/install/rclrs_tests:/home/simulations/ros2_sims_ws/install/examples_rclrs_minimal_client_service:/home/simulations/ros2_sims_ws/install/sensor_msgs_py:/home/simulations/ros2_sims_ws/install/examples_rclrs_minimal_pub_sub:/home/simulations/ros2_sims_ws/install/examples_rclrs_message_demo:/home/simulations/ros2_sims_ws/install/rclrs:/home/simulations/ros2_sims_ws/install/rosidl_runtime_rs:/home/user/ros2_ws/install/turtlebot3_teleop:/home/user/ros2_ws/install/turtlebot3_example:/opt/ros/humble _=/usr/bin/env /usr/bin/cmake --build /home/user/ros2_ws/build/gazebo_version_helpers -- -j8 -l8
[3.191s] Invoking command in '/home/user/ros2_ws/build/gazebo_version_helpers': CMAKE_PREFIX_PATH=${CMAKE_PREFIX_PATH}:/home/user/ros2_ws/install/ros2test:/home/user/ros2_ws/install/robotiq_85_driver:/home/user/ros2_ws/install/moveit_configs_utils:/home/user/ros2_ws/install/gazebo_version_helpers:/home/simulations/ros2_sims_ws/install/rclrs_tests:/home/simulations/ros2_sims_ws/install/examples_rclrs_minimal_client_service:/home/simulations/ros2_sims_ws/install/sensor_msgs_py:/home/simulations/ros2_sims_ws/install/examples_rclrs_minimal_pub_sub:/home/simulations/ros2_sims_ws/install/examples_rclrs_message_demo:/home/simulations/ros2_sims_ws/install/rclrs:/home/simulations/ros2_sims_ws/install/rosidl_runtime_rs:/home/user/ros2_ws/install/turtlebot3_teleop:/home/user/ros2_ws/install/turtlebot3_example:/opt/ros/humble _=/usr/bin/env /usr/bin/cmake --install /home/user/ros2_ws/build/gazebo_version_helpers
[3.290s] -- Install configuration: ""
[3.291s] -- Up-to-date: /home/user/ros2_ws/install/gazebo_version_helpers/lib/libgazebo_version_helpers.so
[3.291s] -- Up-to-date: /home/user/ros2_ws/install/gazebo_version_helpers/include
[3.291s] -- Up-to-date: /home/user/ros2_ws/install/gazebo_version_helpers/include/gazebo_version_helpers
[3.291s] -- Up-to-date: /home/user/ros2_ws/install/gazebo_version_helpers/include/gazebo_version_helpers/GazeboVersionHelpers.h
[3.291s] -- Up-to-date: /home/user/ros2_ws/install/gazebo_version_helpers/share/gazebo_version_helpers/environment/library_path.sh
[3.292s] -- Up-to-date: /home/user/ros2_ws/install/gazebo_version_helpers/share/gazebo_version_helpers/environment/library_path.dsv
[3.292s] -- Up-to-date: /home/user/ros2_ws/install/gazebo_version_helpers/share/ament_index/resource_index/package_run_dependencies/gazebo_version_helpers
[3.292s] -- Up-to-date: /home/user/ros2_ws/install/gazebo_version_helpers/share/ament_index/resource_index/parent_prefix_path/gazebo_version_helpers
[3.292s] -- Up-to-date: /home/user/ros2_ws/install/gazebo_version_helpers/share/gazebo_version_helpers/environment/ament_prefix_path.sh
[3.292s] -- Up-to-date: /home/user/ros2_ws/install/gazebo_version_helpers/share/gazebo_version_helpers/environment/ament_prefix_path.dsv
[3.292s] -- Up-to-date: /home/user/ros2_ws/install/gazebo_version_helpers/share/gazebo_version_helpers/environment/path.sh
[3.293s] -- Up-to-date: /home/user/ros2_ws/install/gazebo_version_helpers/share/gazebo_version_helpers/environment/path.dsv
[3.293s] -- Up-to-date: /home/user/ros2_ws/install/gazebo_version_helpers/share/gazebo_version_helpers/local_setup.bash
[3.293s] -- Up-to-date: /home/user/ros2_ws/install/gazebo_version_helpers/share/gazebo_version_helpers/local_setup.sh
[3.293s] -- Up-to-date: /home/user/ros2_ws/install/gazebo_version_helpers/share/gazebo_version_helpers/local_setup.zsh
[3.293s] -- Up-to-date: /home/user/ros2_ws/install/gazebo_version_helpers/share/gazebo_version_helpers/local_setup.dsv
[3.294s] -- Up-to-date: /home/user/ros2_ws/install/gazebo_version_helpers/share/gazebo_version_helpers/package.dsv
[3.294s] -- Up-to-date: /home/user/ros2_ws/install/gazebo_version_helpers/share/ament_index/resource_index/packages/gazebo_version_helpers
[3.294s] -- Up-to-date: /home/user/ros2_ws/install/gazebo_version_helpers/share/gazebo_version_helpers/cmake/ament_cmake_export_include_directories-extras.cmake
[3.294s] -- Up-to-date: /home/user/ros2_ws/install/gazebo_version_helpers/share/gazebo_version_helpers/cmake/ament_cmake_export_libraries-extras.cmake
[3.294s] -- Up-to-date: /home/user/ros2_ws/install/gazebo_version_helpers/share/gazebo_version_helpers/cmake/ament_cmake_export_dependencies-extras.cmake
[3.295s] -- Up-to-date: /home/user/ros2_ws/install/gazebo_version_helpers/share/gazebo_version_helpers/cmake/gazebo_version_helpersConfig.cmake
[3.295s] -- Up-to-date: /home/user/ros2_ws/install/gazebo_version_helpers/share/gazebo_version_helpers/cmake/gazebo_version_helpersConfig-version.cmake
[3.295s] -- Up-to-date: /home/user/ros2_ws/install/gazebo_version_helpers/share/gazebo_version_helpers/package.xml
[3.405s] Invoked command in '/home/user/ros2_ws/build/gazebo_version_helpers' returned '0': CMAKE_PREFIX_PATH=${CMAKE_PREFIX_PATH}:/home/user/ros2_ws/install/ros2test:/home/user/ros2_ws/install/robotiq_85_driver:/home/user/ros2_ws/install/moveit_configs_utils:/home/user/ros2_ws/install/gazebo_version_helpers:/home/simulations/ros2_sims_ws/install/rclrs_tests:/home/simulations/ros2_sims_ws/install/examples_rclrs_minimal_client_service:/home/simulations/ros2_sims_ws/install/sensor_msgs_py:/home/simulations/ros2_sims_ws/install/examples_rclrs_minimal_pub_sub:/home/simulations/ros2_sims_ws/install/examples_rclrs_message_demo:/home/simulations/ros2_sims_ws/install/rclrs:/home/simulations/ros2_sims_ws/install/rosidl_runtime_rs:/home/user/ros2_ws/install/turtlebot3_teleop:/home/user/ros2_ws/install/turtlebot3_example:/opt/ros/humble _=/usr/bin/env /usr/bin/cmake --install /home/user/ros2_ws/build/gazebo_version_helpers
