[0.014s] Invoking command in '/home/steven/ros2_ws/src/first_stage/build/first_stage_endeffector': CMAKE_PREFIX_PATH=${CMAKE_PREFIX_PATH}:/home/steven/ros2_ws/src/first_stage/install/first_stage_rg2:/home/steven/ros2_ws/install/zed_receiver:/home/steven/ros2_ws/install/zed_camera_publisher:/home/steven/ros2_ws/install/yolov8_realsense:/home/steven/ros2_ws/install/ur5_control:/home/steven/ros2_ws/install/ur5:/home/steven/ros2_ws/install/udp_publisher:/home/steven/ros2_ws/install/rg2:/home/steven/ros2_ws/install/moveit_configs_utils:/home/steven/ros2_ws/install/lego_grasping:/home/steven/ros2_ws/install/first_stage_rg2:/home/steven/ws_moveit2/install/moveit_configs_utils:/home/steven/ws_moveit2/install/launch_param_builder:/opt/ros/humble /usr/bin/cmake --build /home/steven/ros2_ws/src/first_stage/build/first_stage_endeffector -- -j32 -l32
[0.055s] [35m[1mConsolidate compiler generated dependencies of target first_stage_endeffector[0m
[0.075s] [ 50%] [32mBuilding CXX object CMakeFiles/first_stage_endeffector.dir/src/first_stage_endeffector.cpp.o[0m
[3.903s] [01m[K/home/steven/ros2_ws/src/first_stage/src/first_stage_endeffector/src/first_stage_endeffector.cpp:[m[K In member function ‘[01m[Kvoid RobotController::coordinatesCallback(geometry_msgs::msg::Point_<std::allocator<void> >::SharedPtr)[m[K’:
[3.903s] [01m[K/home/steven/ros2_ws/src/first_stage/src/first_stage_endeffector/src/first_stage_endeffector.cpp:219:12:[m[K [01;35m[Kwarning: [m[Kunused variable ‘[01m[Ksuccess[m[K’ [[01;35m[K]8;;https://gcc.gnu.org/onlinedocs/gcc/Warning-Options.html#index-Wunused-variable-Wunused-variable]8;;[m[K]
[3.903s]   219 |       bool [01;35m[Ksuccess[m[K = (move_group_arm->plan(my_plan) == moveit::core::MoveItErrorCode::SUCCESS);
[3.903s]       |            [01;35m[K^~~~~~~[m[K
[8.086s] [100%] [32m[1mLinking CXX executable first_stage_endeffector[0m
[8.538s] [100%] Built target first_stage_endeffector
[8.547s] Invoked command in '/home/steven/ros2_ws/src/first_stage/build/first_stage_endeffector' returned '0': CMAKE_PREFIX_PATH=${CMAKE_PREFIX_PATH}:/home/steven/ros2_ws/src/first_stage/install/first_stage_rg2:/home/steven/ros2_ws/install/zed_receiver:/home/steven/ros2_ws/install/zed_camera_publisher:/home/steven/ros2_ws/install/yolov8_realsense:/home/steven/ros2_ws/install/ur5_control:/home/steven/ros2_ws/install/ur5:/home/steven/ros2_ws/install/udp_publisher:/home/steven/ros2_ws/install/rg2:/home/steven/ros2_ws/install/moveit_configs_utils:/home/steven/ros2_ws/install/lego_grasping:/home/steven/ros2_ws/install/first_stage_rg2:/home/steven/ws_moveit2/install/moveit_configs_utils:/home/steven/ws_moveit2/install/launch_param_builder:/opt/ros/humble /usr/bin/cmake --build /home/steven/ros2_ws/src/first_stage/build/first_stage_endeffector -- -j32 -l32
[8.579s] Invoking command in '/home/steven/ros2_ws/src/first_stage/build/first_stage_endeffector': CMAKE_PREFIX_PATH=${CMAKE_PREFIX_PATH}:/home/steven/ros2_ws/src/first_stage/install/first_stage_rg2:/home/steven/ros2_ws/install/zed_receiver:/home/steven/ros2_ws/install/zed_camera_publisher:/home/steven/ros2_ws/install/yolov8_realsense:/home/steven/ros2_ws/install/ur5_control:/home/steven/ros2_ws/install/ur5:/home/steven/ros2_ws/install/udp_publisher:/home/steven/ros2_ws/install/rg2:/home/steven/ros2_ws/install/moveit_configs_utils:/home/steven/ros2_ws/install/lego_grasping:/home/steven/ros2_ws/install/first_stage_rg2:/home/steven/ws_moveit2/install/moveit_configs_utils:/home/steven/ws_moveit2/install/launch_param_builder:/opt/ros/humble /usr/bin/cmake --install /home/steven/ros2_ws/src/first_stage/build/first_stage_endeffector
[8.585s] -- Install configuration: ""
[8.586s] -- Installing: /home/steven/ros2_ws/src/first_stage/install/first_stage_endeffector/lib/first_stage_endeffector/first_stage_endeffector
[8.587s] -- Set runtime path of "/home/steven/ros2_ws/src/first_stage/install/first_stage_endeffector/lib/first_stage_endeffector/first_stage_endeffector" to ""
[8.588s] -- Up-to-date: /home/steven/ros2_ws/src/first_stage/install/first_stage_endeffector/share/first_stage_endeffector/launch
[8.588s] -- Up-to-date: /home/steven/ros2_ws/src/first_stage/install/first_stage_endeffector/share/first_stage_endeffector/launch/first_stage_endeffector.launch.py
[8.588s] -- Up-to-date: /home/steven/ros2_ws/src/first_stage/install/first_stage_endeffector/share/ament_index/resource_index/package_run_dependencies/first_stage_endeffector
[8.588s] -- Up-to-date: /home/steven/ros2_ws/src/first_stage/install/first_stage_endeffector/share/ament_index/resource_index/parent_prefix_path/first_stage_endeffector
[8.588s] -- Up-to-date: /home/steven/ros2_ws/src/first_stage/install/first_stage_endeffector/share/first_stage_endeffector/environment/ament_prefix_path.sh
[8.588s] -- Up-to-date: /home/steven/ros2_ws/src/first_stage/install/first_stage_endeffector/share/first_stage_endeffector/environment/ament_prefix_path.dsv
[8.588s] -- Up-to-date: /home/steven/ros2_ws/src/first_stage/install/first_stage_endeffector/share/first_stage_endeffector/environment/path.sh
[8.588s] -- Up-to-date: /home/steven/ros2_ws/src/first_stage/install/first_stage_endeffector/share/first_stage_endeffector/environment/path.dsv
[8.588s] -- Up-to-date: /home/steven/ros2_ws/src/first_stage/install/first_stage_endeffector/share/first_stage_endeffector/local_setup.bash
[8.588s] -- Up-to-date: /home/steven/ros2_ws/src/first_stage/install/first_stage_endeffector/share/first_stage_endeffector/local_setup.sh
[8.588s] -- Up-to-date: /home/steven/ros2_ws/src/first_stage/install/first_stage_endeffector/share/first_stage_endeffector/local_setup.zsh
[8.588s] -- Up-to-date: /home/steven/ros2_ws/src/first_stage/install/first_stage_endeffector/share/first_stage_endeffector/local_setup.dsv
[8.588s] -- Installing: /home/steven/ros2_ws/src/first_stage/install/first_stage_endeffector/share/first_stage_endeffector/package.dsv
[8.588s] -- Up-to-date: /home/steven/ros2_ws/src/first_stage/install/first_stage_endeffector/share/ament_index/resource_index/packages/first_stage_endeffector
[8.588s] -- Up-to-date: /home/steven/ros2_ws/src/first_stage/install/first_stage_endeffector/share/first_stage_endeffector/cmake/first_stage_endeffectorConfig.cmake
[8.588s] -- Up-to-date: /home/steven/ros2_ws/src/first_stage/install/first_stage_endeffector/share/first_stage_endeffector/cmake/first_stage_endeffectorConfig-version.cmake
[8.588s] -- Up-to-date: /home/steven/ros2_ws/src/first_stage/install/first_stage_endeffector/share/first_stage_endeffector/package.xml
[8.589s] Invoked command in '/home/steven/ros2_ws/src/first_stage/build/first_stage_endeffector' returned '0': CMAKE_PREFIX_PATH=${CMAKE_PREFIX_PATH}:/home/steven/ros2_ws/src/first_stage/install/first_stage_rg2:/home/steven/ros2_ws/install/zed_receiver:/home/steven/ros2_ws/install/zed_camera_publisher:/home/steven/ros2_ws/install/yolov8_realsense:/home/steven/ros2_ws/install/ur5_control:/home/steven/ros2_ws/install/ur5:/home/steven/ros2_ws/install/udp_publisher:/home/steven/ros2_ws/install/rg2:/home/steven/ros2_ws/install/moveit_configs_utils:/home/steven/ros2_ws/install/lego_grasping:/home/steven/ros2_ws/install/first_stage_rg2:/home/steven/ws_moveit2/install/moveit_configs_utils:/home/steven/ws_moveit2/install/launch_param_builder:/opt/ros/humble /usr/bin/cmake --install /home/steven/ros2_ws/src/first_stage/build/first_stage_endeffector
