[01m[K/home/steven/ros2_ws/src/first_stage/src/first_stage_endeffector/src/first_stage_endeffector.cpp:[m[K In constructor ‘[01m[KRobotController::RobotController()[m[K’:
[01m[K/home/steven/ros2_ws/src/first_stage/src/first_stage_endeffector/src/first_stage_endeffector.cpp:39:35:[m[K [01;31m[Kerror: [m[K‘[01m[KgripperStateCallback[m[K’ is not a member of ‘[01m[KRobotController[m[K’
   39 |       std::bind(&RobotController::[01;31m[KgripperStateCallback[m[K, this, std::placeholders::_1));
      |                                   [01;31m[K^~~~~~~~~~~~~~~~~~~~[m[K
[01m[K/home/steven/ros2_ws/src/first_stage/src/first_stage_endeffector/src/first_stage_endeffector.cpp:[m[K In member function ‘[01m[Kvoid RobotController::timerCallback()[m[K’:
[01m[K/home/steven/ros2_ws/src/first_stage/src/first_stage_endeffector/src/first_stage_endeffector.cpp:101:27:[m[K [01;31m[Kerror: [m[Kno matching function for call to ‘[01m[KRobotController::controlGripper(int, int)[m[K’
  101 |         if ([01;31m[KcontrolGripper(30, 10)[m[K) {
      |             [01;31m[K~~~~~~~~~~~~~~^~~~~~~~[m[K
[01m[K/home/steven/ros2_ws/src/first_stage/src/first_stage_endeffector/src/first_stage_endeffector.cpp:385:8:[m[K [01;36m[Knote: [m[Kcandidate: ‘[01m[Kbool RobotController::controlGripper(int, int, const string&)[m[K’
  385 |   bool [01;36m[KcontrolGripper[m[K(int width, int force, const std::string& operation)
      |        [01;36m[K^~~~~~~~~~~~~~[m[K
[01m[K/home/steven/ros2_ws/src/first_stage/src/first_stage_endeffector/src/first_stage_endeffector.cpp:385:8:[m[K [01;36m[Knote: [m[K  candidate expects 3 arguments, 2 provided
[01m[K/home/steven/ros2_ws/src/first_stage/src/first_stage_endeffector/src/first_stage_endeffector.cpp:111:27:[m[K [01;31m[Kerror: [m[Kno matching function for call to ‘[01m[KRobotController::controlGripper(int, int)[m[K’
  111 |         if ([01;31m[KcontrolGripper(6, 10)[m[K) {
      |             [01;31m[K~~~~~~~~~~~~~~^~~~~~~[m[K
[01m[K/home/steven/ros2_ws/src/first_stage/src/first_stage_endeffector/src/first_stage_endeffector.cpp:385:8:[m[K [01;36m[Knote: [m[Kcandidate: ‘[01m[Kbool RobotController::controlGripper(int, int, const string&)[m[K’
  385 |   bool [01;36m[KcontrolGripper[m[K(int width, int force, const std::string& operation)
      |        [01;36m[K^~~~~~~~~~~~~~[m[K
[01m[K/home/steven/ros2_ws/src/first_stage/src/first_stage_endeffector/src/first_stage_endeffector.cpp:385:8:[m[K [01;36m[Knote: [m[K  candidate expects 3 arguments, 2 provided
[01m[K/home/steven/ros2_ws/src/first_stage/src/first_stage_endeffector/src/first_stage_endeffector.cpp:121:27:[m[K [01;31m[Kerror: [m[Kno matching function for call to ‘[01m[KRobotController::controlGripper(int, int)[m[K’
  121 |             [01;31m[KcontrolGripper(30, 10)[m[K;
      |             [01;31m[K~~~~~~~~~~~~~~^~~~~~~~[m[K
[01m[K/home/steven/ros2_ws/src/first_stage/src/first_stage_endeffector/src/first_stage_endeffector.cpp:385:8:[m[K [01;36m[Knote: [m[Kcandidate: ‘[01m[Kbool RobotController::controlGripper(int, int, const string&)[m[K’
  385 |   bool [01;36m[KcontrolGripper[m[K(int width, int force, const std::string& operation)
      |        [01;36m[K^~~~~~~~~~~~~~[m[K
[01m[K/home/steven/ros2_ws/src/first_stage/src/first_stage_endeffector/src/first_stage_endeffector.cpp:385:8:[m[K [01;36m[Knote: [m[K  candidate expects 3 arguments, 2 provided
[01m[K/home/steven/ros2_ws/src/first_stage/src/first_stage_endeffector/src/first_stage_endeffector.cpp:[m[K In member function ‘[01m[Kstd::string RobotController::stateToString(RobotController::State)[m[K’:
[01m[K/home/steven/ros2_ws/src/first_stage/src/first_stage_endeffector/src/first_stage_endeffector.cpp:519:19:[m[K [01;31m[Kerror: [m[K‘[01m[KGRASP_OBJECT[m[K’ is not a member of ‘[01m[KRobotController::State[m[K’; did you mean ‘[01m[KRELEASE_OBJECT[m[K’?
  519 |       case State::[01;31m[KGRASP_OBJECT[m[K: return "GRASP_OBJECT";
      |                   [01;31m[K^~~~~~~~~~~~[m[K
      |                   [32m[KRELEASE_OBJECT[m[K
gmake[2]: *** [CMakeFiles/first_stage_endeffector.dir/build.make:76：CMakeFiles/first_stage_endeffector.dir/src/first_stage_endeffector.cpp.o] 錯誤 1
gmake[1]: *** [CMakeFiles/Makefile2:137：CMakeFiles/first_stage_endeffector.dir/all] 錯誤 2
gmake: *** [Makefile:146：all] 錯誤 2
