[0.058s] Invoking command in '/home/user/ros2_ws/build/start_bridge': CMAKE_PREFIX_PATH=${CMAKE_PREFIX_PATH}:/opt/ros/foxy _=/usr/bin/env /usr/bin/cmake --build /home/user/ros2_ws/build/start_bridge -- -j8 -l8
[0.160s] Invoked command in '/home/user/ros2_ws/build/start_bridge' returned '0': CMAKE_PREFIX_PATH=${CMAKE_PREFIX_PATH}:/opt/ros/foxy _=/usr/bin/env /usr/bin/cmake --build /home/user/ros2_ws/build/start_bridge -- -j8 -l8
[0.295s] Invoking command in '/home/user/ros2_ws/build/start_bridge': CMAKE_PREFIX_PATH=${CMAKE_PREFIX_PATH}:/opt/ros/foxy _=/usr/bin/env /usr/bin/cmake --install /home/user/ros2_ws/build/start_bridge
[0.349s] -- Install configuration: ""
[0.350s] -- Up-to-date: /home/user/ros2_ws/install/start_bridge/share/start_bridge/launch
[0.357s] -- Up-to-date: /home/user/ros2_ws/install/start_bridge/share/start_bridge/launch/start_bridge.launch.py
[0.359s] -- Up-to-date: /home/user/ros2_ws/install/start_bridge/share/ament_index/resource_index/package_run_dependencies/start_bridge
[0.362s] -- Up-to-date: /home/user/ros2_ws/install/start_bridge/share/ament_index/resource_index/parent_prefix_path/start_bridge
[0.363s] -- Up-to-date: /home/user/ros2_ws/install/start_bridge/share/start_bridge/environment/ament_prefix_path.sh
[0.363s] -- Up-to-date: /home/user/ros2_ws/install/start_bridge/share/start_bridge/environment/ament_prefix_path.dsv
[0.363s] -- Up-to-date: /home/user/ros2_ws/install/start_bridge/share/start_bridge/environment/path.sh
[0.363s] -- Up-to-date: /home/user/ros2_ws/install/start_bridge/share/start_bridge/environment/path.dsv
[0.364s] -- Up-to-date: /home/user/ros2_ws/install/start_bridge/share/start_bridge/local_setup.bash
[0.364s] -- Up-to-date: /home/user/ros2_ws/install/start_bridge/share/start_bridge/local_setup.sh
[0.364s] -- Up-to-date: /home/user/ros2_ws/install/start_bridge/share/start_bridge/local_setup.zsh
[0.364s] -- Up-to-date: /home/user/ros2_ws/install/start_bridge/share/start_bridge/local_setup.dsv
[0.364s] -- Up-to-date: /home/user/ros2_ws/install/start_bridge/share/start_bridge/package.dsv
[0.364s] -- Up-to-date: /home/user/ros2_ws/install/start_bridge/share/ament_index/resource_index/packages/start_bridge
[0.365s] -- Up-to-date: /home/user/ros2_ws/install/start_bridge/share/start_bridge/cmake/start_bridgeConfig.cmake
[0.365s] -- Up-to-date: /home/user/ros2_ws/install/start_bridge/share/start_bridge/cmake/start_bridgeConfig-version.cmake
[0.365s] -- Up-to-date: /home/user/ros2_ws/install/start_bridge/share/start_bridge/package.xml
[0.440s] Invoked command in '/home/user/ros2_ws/build/start_bridge' returned '0': CMAKE_PREFIX_PATH=${CMAKE_PREFIX_PATH}:/opt/ros/foxy _=/usr/bin/env /usr/bin/cmake --install /home/user/ros2_ws/build/start_bridge
