[0.880s] Invoking command in '/home/user/ros2_ws/build/pcl_conversions': CMAKE_PREFIX_PATH=${CMAKE_PREFIX_PATH}:/home/simulations/ros2_sims_ws/install/rclrs_tests:/home/simulations/ros2_sims_ws/install/examples_rclrs_minimal_client_service:/home/simulations/ros2_sims_ws/install/sensor_msgs_py:/home/simulations/ros2_sims_ws/install/examples_rclrs_minimal_pub_sub:/home/simulations/ros2_sims_ws/install/examples_rclrs_message_demo:/home/simulations/ros2_sims_ws/install/rclrs:/home/simulations/ros2_sims_ws/install/rosidl_runtime_rs:/home/user/ros2_ws/install/ros2test:/home/user/ros2_ws/install/robotiq_85_driver:/home/user/ros2_ws/install/moveit_configs_utils:/opt/ros/humble _=/usr/bin/env /usr/bin/cmake /home/user/ros2_ws/src/perception_ros2/perception_pcl/pcl_conversions -DCMAKE_INSTALL_PREFIX=/home/user/ros2_ws/install/pcl_conversions
[11.078s] -- The C compiler identification is GNU 11.3.0
[15.144s] -- The CXX compiler identification is GNU 11.3.0
[15.157s] -- Detecting C compiler ABI info
[15.414s] -- Detecting C compiler ABI info - done
[15.424s] -- Check for working C compiler: /usr/bin/cc - skipped
[15.425s] -- Detecting C compile features
[15.426s] -- Detecting C compile features - done
[15.429s] -- Detecting CXX compiler ABI info
[15.886s] -- Detecting CXX compiler ABI info - done
[15.896s] -- Check for working CXX compiler: /usr/bin/c++ - skipped
[15.896s] -- Detecting CXX compile features
[15.897s] -- Detecting CXX compile features - done
[15.916s] -- Found ament_cmake: 1.3.4 (/opt/ros/humble/share/ament_cmake/cmake)
[16.262s] -- Found Python3: /usr/bin/python3.10 (found version "3.10.6") found components: Interpreter 
[16.994s] -- Found Boost: /usr/lib/x86_64-linux-gnu/cmake/Boost-1.74.0/BoostConfig.cmake (found version "1.74.0")  
[17.469s] -- Found message_filters: 4.3.3 (/opt/ros/humble/share/message_filters/cmake)
[17.681s] -- Found rosidl_generator_c: 3.1.4 (/opt/ros/humble/share/rosidl_generator_c/cmake)
[17.711s] -- Found rosidl_adapter: 3.1.4 (/opt/ros/humble/share/rosidl_adapter/cmake)
[17.745s] -- Found rosidl_generator_cpp: 3.1.4 (/opt/ros/humble/share/rosidl_generator_cpp/cmake)
[17.790s] -- Using all available rosidl_typesupport_c: rosidl_typesupport_fastrtps_c;rosidl_typesupport_introspection_c
[17.858s] -- Using all available rosidl_typesupport_cpp: rosidl_typesupport_fastrtps_cpp;rosidl_typesupport_introspection_cpp
[18.529s] -- Found rmw_implementation_cmake: 6.1.1 (/opt/ros/humble/share/rmw_implementation_cmake/cmake)
[18.552s] -- Found rmw_fastrtps_cpp: 6.2.2 (/opt/ros/humble/share/rmw_fastrtps_cpp/cmake)
[19.947s] -- Found OpenSSL: /usr/lib/x86_64-linux-gnu/libcrypto.so (found version "3.0.2")  
[20.011s] -- Found FastRTPS: /opt/ros/humble/include  
[20.116s] -- Using RMW implementation 'rmw_fastrtps_cpp' as default
[20.174s] -- Looking for pthread.h
[20.306s] -- Looking for pthread.h - found
[20.306s] -- Performing Test CMAKE_HAVE_LIBC_PTHREAD
[20.449s] -- Performing Test CMAKE_HAVE_LIBC_PTHREAD - Success
[20.450s] -- Found Threads: TRUE  
[21.153s] -- Checking for module 'eigen3'
[21.355s] --   Found eigen3, version 3.4.0
[21.523s] -- Found Eigen: /usr/include/eigen3 (Required is at least version "3.1") 
[21.523s] -- Eigen found (include: /usr/include/eigen3, version: 3.4.0)
[22.432s] -- Checking for module 'libusb-1.0'
[22.609s] --   Found libusb-1.0, version 1.0.25
[22.692s] -- Found libusb: /usr/lib/x86_64-linux-gnu/libusb-1.0.so  
[22.746s] -- OpenNI found (version: 1.5.4.0, include: /usr/include/ni, lib: /usr/lib/libOpenNI.so;libusb::libusb)
[23.127s] -- OpenNI2 found (version: 2.2.0.33, include: /usr/include/openni2, lib: /usr/lib/x86_64-linux-gnu/libOpenNI2.so;libusb::libusb)
[37.378s] -- Eigen found (include: /usr/include/eigen3, version: 3.4.0)
[37.380s] -- Found PCL_COMMON: /usr/lib/x86_64-linux-gnu/libpcl_common.so  
[37.381s] -- Found PCL_OCTREE: /usr/lib/x86_64-linux-gnu/libpcl_octree.so  
[37.383s] -- Found PCL_IO: /usr/lib/x86_64-linux-gnu/libpcl_io.so  
[37.404s] -- Found pcl_msgs: 1.0.0 (/opt/ros/humble/share/pcl_msgs/cmake)
[37.760s] -- Found ament_cmake_gtest: 1.3.4 (/opt/ros/humble/share/ament_cmake_gtest/cmake)
[37.786s] -- Found gtest sources under '/opt/ros/humble/src/gtest_vendor': C++ tests using 'Google Test' will be built
[37.949s] -- Configuring done
[40.128s] -- Generating done
[40.131s] -- Build files have been written to: /home/user/ros2_ws/build/pcl_conversions
[40.147s] Invoked command in '/home/user/ros2_ws/build/pcl_conversions' returned '0': CMAKE_PREFIX_PATH=${CMAKE_PREFIX_PATH}:/home/simulations/ros2_sims_ws/install/rclrs_tests:/home/simulations/ros2_sims_ws/install/examples_rclrs_minimal_client_service:/home/simulations/ros2_sims_ws/install/sensor_msgs_py:/home/simulations/ros2_sims_ws/install/examples_rclrs_minimal_pub_sub:/home/simulations/ros2_sims_ws/install/examples_rclrs_message_demo:/home/simulations/ros2_sims_ws/install/rclrs:/home/simulations/ros2_sims_ws/install/rosidl_runtime_rs:/home/user/ros2_ws/install/ros2test:/home/user/ros2_ws/install/robotiq_85_driver:/home/user/ros2_ws/install/moveit_configs_utils:/opt/ros/humble _=/usr/bin/env /usr/bin/cmake /home/user/ros2_ws/src/perception_ros2/perception_pcl/pcl_conversions -DCMAKE_INSTALL_PREFIX=/home/user/ros2_ws/install/pcl_conversions
[40.149s] Invoking command in '/home/user/ros2_ws/build/pcl_conversions': CMAKE_PREFIX_PATH=${CMAKE_PREFIX_PATH}:/home/simulations/ros2_sims_ws/install/rclrs_tests:/home/simulations/ros2_sims_ws/install/examples_rclrs_minimal_client_service:/home/simulations/ros2_sims_ws/install/sensor_msgs_py:/home/simulations/ros2_sims_ws/install/examples_rclrs_minimal_pub_sub:/home/simulations/ros2_sims_ws/install/examples_rclrs_message_demo:/home/simulations/ros2_sims_ws/install/rclrs:/home/simulations/ros2_sims_ws/install/rosidl_runtime_rs:/home/user/ros2_ws/install/ros2test:/home/user/ros2_ws/install/robotiq_85_driver:/home/user/ros2_ws/install/moveit_configs_utils:/opt/ros/humble _=/usr/bin/env /usr/bin/cmake --build /home/user/ros2_ws/build/pcl_conversions -- -j8 -l8
[40.261s] [ 16%] [32mBuilding CXX object gtest/CMakeFiles/gtest_main.dir/src/gtest_main.cc.o[0m
[40.268s] [ 33%] [32mBuilding CXX object gtest/CMakeFiles/gtest.dir/src/gtest-all.cc.o[0m
[41.042s] [ 50%] [32m[1mLinking CXX static library libgtest_main.a[0m
[44.116s] [ 66%] [32m[1mLinking CXX static library libgtest.a[0m
[45.130s] [ 66%] Built target gtest_main
[45.442s] [ 66%] Built target gtest
[45.501s] [ 83%] [32mBuilding CXX object CMakeFiles/pcl_conversions-test.dir/test/test_pcl_conversions.cpp.o[0m
[70.248s] [100%] [32m[1mLinking CXX executable pcl_conversions-test[0m
[81.219s] [100%] Built target pcl_conversions-test
