[0.010s] Invoking command in '/home/steven/ws_moveit2/build/moveit_ros_visualization': AMENT_PREFIX_PATH=/home/steven/ws_moveit2/install/moveit_ros_planning_interface:/home/steven/ws_moveit2/install/moveit_ros_move_group:/home/steven/ws_moveit2/install/moveit_ros_warehouse:/home/steven/ws_moveit2/install/moveit_ros_robot_interaction:/home/steven/ws_moveit2/install/moveit_kinematics:/home/steven/ws_moveit2/install/moveit_ros_planning:/home/steven/ws_moveit2/install/moveit_ros_occupancy_map_monitor:/home/steven/ws_moveit2/install/moveit_core:/home/steven/ws_moveit2/install/srdfdom:/home/steven/ws_moveit2/install/moveit_common:${AMENT_PREFIX_PATH} CMAKE_PREFIX_PATH=/home/steven/ws_moveit2/install/moveit_ros_planning_interface:/home/steven/ws_moveit2/install/moveit_ros_move_group:/home/steven/ws_moveit2/install/moveit_ros_warehouse:/home/steven/ws_moveit2/install/moveit_ros_robot_interaction:/home/steven/ws_moveit2/install/moveit_kinematics:/home/steven/ws_moveit2/install/moveit_ros_planning:/home/steven/ws_moveit2/install/moveit_ros_occupancy_map_monitor:/home/steven/ws_moveit2/install/moveit_core:/home/steven/ws_moveit2/install/srdfdom:/home/steven/ws_moveit2/install/moveit_common:/opt/ros/humble LD_LIBRARY_PATH=/home/steven/ws_moveit2/install/moveit_ros_planning_interface/lib:/home/steven/ws_moveit2/install/moveit_ros_move_group/lib:/home/steven/ws_moveit2/install/moveit_ros_warehouse/lib:/home/steven/ws_moveit2/install/moveit_ros_robot_interaction/lib:/home/steven/ws_moveit2/install/moveit_kinematics/lib:/home/steven/ws_moveit2/install/moveit_ros_planning/lib:/home/steven/ws_moveit2/install/moveit_ros_occupancy_map_monitor/lib:/home/steven/ws_moveit2/install/moveit_core/lib:/home/steven/ws_moveit2/install/srdfdom/lib:/opt/ros/humble/opt/rviz_ogre_vendor/lib:/opt/ros/humble/lib/x86_64-linux-gnu:/opt/ros/humble/lib:/usr/local/cuda-12.3/lib64 PATH=/home/steven/ws_moveit2/install/moveit_core/bin:${PATH} PYTHONPATH=/home/steven/ws_moveit2/install/srdfdom/local/lib/python3.10/dist-packages:${PYTHONPATH} /usr/bin/cmake /home/steven/ws_moveit2/src/moveit2/moveit_ros/visualization -DCMAKE_BUILD_TYPE=Release -DCMAKE_INSTALL_PREFIX=/home/steven/ws_moveit2/install/moveit_ros_visualization
[0.033s] -- The C compiler identification is GNU 11.4.0
[0.058s] -- The CXX compiler identification is GNU 11.4.0
[0.061s] -- Detecting C compiler ABI info
[0.091s] -- Detecting C compiler ABI info - done
[0.094s] -- Check for working C compiler: /usr/bin/cc - skipped
[0.094s] -- Detecting C compile features
[0.095s] -- Detecting C compile features - done
[0.096s] -- Detecting CXX compiler ABI info
[0.131s] -- Detecting CXX compiler ABI info - done
[0.135s] -- Check for working CXX compiler: /usr/bin/c++ - skipped
[0.135s] -- Detecting CXX compile features
[0.135s] -- Detecting CXX compile features - done
[0.136s] -- Found moveit_common: 2.5.5 (/home/steven/ws_moveit2/install/moveit_common/share/moveit_common/cmake)
[0.137s] -- Found ament_cmake: 1.3.9 (/opt/ros/humble/share/ament_cmake/cmake)
[0.202s] -- Found Python3: /usr/bin/python3 (found version "3.10.12") found components: Interpreter 
[0.275s] -- Found libdw: /usr/lib/x86_64-linux-gnu/libdw.so  
[0.277s] -- Could NOT find libbfd (missing: LIBBFD_LIBRARY LIBBFD_INCLUDE_DIR) 
[0.277s] -- BACKWARD_HAS_UNWIND=1
[0.277s] -- BACKWARD_HAS_BACKTRACE=0
[0.277s] -- BACKWARD_HAS_BACKTRACE_SYMBOL=0
[0.278s] -- BACKWARD_HAS_DW=1
[0.278s] -- BACKWARD_HAS_BFD=0
[0.278s] -- Found Backward: /opt/ros/humble/share/backward_ros/cmake  
[0.279s] -- Found class_loader: 2.2.0 (/opt/ros/humble/share/class_loader/cmake)
[0.287s] -- Found geometric_shapes: 2.1.3 (/opt/ros/humble/share/geometric_shapes/cmake)
[0.292s] -- Found Boost: /usr/lib/x86_64-linux-gnu/cmake/Boost-1.74.0/BoostConfig.cmake (found version "1.74.0") found components: filesystem 
[0.313s] -- Found rosidl_generator_c: 3.1.5 (/opt/ros/humble/share/rosidl_generator_c/cmake)
[0.315s] -- Found rosidl_adapter: 3.1.5 (/opt/ros/humble/share/rosidl_adapter/cmake)
[0.320s] -- Found rosidl_generator_cpp: 3.1.5 (/opt/ros/humble/share/rosidl_generator_cpp/cmake)
[0.326s] -- Using all available rosidl_typesupport_c: rosidl_typesupport_fastrtps_c;rosidl_typesupport_introspection_c
[0.333s] -- Using all available rosidl_typesupport_cpp: rosidl_typesupport_fastrtps_cpp;rosidl_typesupport_introspection_cpp
[0.419s] -- Found rmw_implementation_cmake: 6.1.2 (/opt/ros/humble/share/rmw_implementation_cmake/cmake)
[0.421s] -- Found rmw_fastrtps_cpp: 6.2.6 (/opt/ros/humble/share/rmw_fastrtps_cpp/cmake)
[0.464s] -- Found OpenSSL: /usr/lib/x86_64-linux-gnu/libcrypto.so (found version "3.0.2")  
[0.475s] -- Found FastRTPS: /opt/ros/humble/include  
[0.496s] -- Using RMW implementation 'rmw_fastrtps_cpp' as default
[0.501s] -- Looking for pthread.h
[0.546s] -- Looking for pthread.h - found
[0.546s] -- Performing Test CMAKE_HAVE_LIBC_PTHREAD
[0.592s] -- Performing Test CMAKE_HAVE_LIBC_PTHREAD - Success
[0.592s] -- Found Threads: TRUE  
[0.683s] -- library: /usr/lib/x86_64-linux-gnu/libcurl.so
[0.810s] -- Found interactive_markers: 2.3.2 (/opt/ros/humble/share/interactive_markers/cmake)
[0.818s] -- Found moveit_ros_planning: 2.5.5 (/home/steven/ws_moveit2/install/moveit_ros_planning/share/moveit_ros_planning/cmake)
[0.829s] -- Found Boost: /usr/lib/x86_64-linux-gnu/cmake/Boost-1.74.0/BoostConfig.cmake (found version "1.74.0") found components: system filesystem date_time program_options thread chrono 
[1.019s] -- Found Boost: /usr/lib/x86_64-linux-gnu/cmake/Boost-1.74.0/BoostConfig.cmake (found version "1.74.0") found components: chrono date_time filesystem iostreams program_options regex serialization system thread 
[1.034s] -- Found parameter_traits: 0.3.8 (/opt/ros/humble/share/parameter_traits/cmake)
[1.042s] -- Found Eigen3: TRUE (found version "3.4.0") 
[1.043s] -- Found rclcpp_lifecycle: 16.0.9 (/opt/ros/humble/share/rclcpp_lifecycle/cmake)
[1.072s] -- Ensuring Eigen3 include directory is part of orocos-kdl CMake target
[1.632s] -- Found moveit_ros_planning_interface: 2.5.5 (/home/steven/ws_moveit2/install/moveit_ros_planning_interface/share/moveit_ros_planning_interface/cmake)
[1.634s] -- Found Boost: /usr/lib/x86_64-linux-gnu/cmake/Boost-1.74.0/BoostConfig.cmake (found version "1.74.0") found components: date_time filesystem program_options system thread 
[1.719s] -- Found Boost: /usr/lib/x86_64-linux-gnu/cmake/Boost-1.74.0/BoostConfig.cmake (found version "1.74.0") found components: thread system filesystem regex date_time program_options 
[1.827s] -- Found Boost: /usr/lib/x86_64-linux-gnu/cmake/Boost-1.74.0/BoostConfig.cmake (found version "1.74.0") found components: system filesystem date_time program_options thread 
[2.019s] -- Found moveit_ros_robot_interaction: 2.5.5 (/home/steven/ws_moveit2/install/moveit_ros_robot_interaction/share/moveit_ros_robot_interaction/cmake)
[2.078s] -- Found rclpy: 3.3.13 (/opt/ros/humble/share/rclpy/cmake)
[2.078s] -- Found rviz2: 11.2.12 (/opt/ros/humble/share/rviz2/cmake)
[2.080s] -- Found rviz_common: 11.2.12 (/opt/ros/humble/share/rviz_common/cmake)
[2.090s] -- Setting OGRE_DIR to: '/opt/ros/humble/share/rviz_ogre_vendor/cmake/../../../opt/rviz_ogre_vendor/lib/OGRE/cmake'
[2.091s] -- Found OGRE
[2.091s] --   static     : OFF
[2.091s] --   components : HLMS;MeshLodGenerator;Overlay;Paging;Property;RTShaderSystem;Terrain;Volume
[2.091s] --   plugins    : Plugin_BSPSceneManager;Plugin_OctreeSceneManager;Plugin_PCZSceneManager;Plugin_ParticleFX;RenderSystem_GL;RenderSystem_GL3Plus;Codec_STBI
[2.091s] --   media      : /opt/ros/humble/opt/rviz_ogre_vendor/share/OGRE/Media
[2.091s] -- OGRE_LIBRARIES: OgreHLMS;OgreMeshLodGenerator;OgreOverlay;OgrePaging;OgreProperty;OgreRTShaderSystem;OgreTerrain;OgreVolume;OgreMain
[2.091s] -- OGRE_LIBRARY_DIRS: /opt/ros/humble/opt/rviz_ogre_vendor/lib
[2.091s] -- OGRE_PLUGINS: Plugin_BSPSceneManager;Plugin_OctreeSceneManager;Plugin_PCZSceneManager;Plugin_ParticleFX;RenderSystem_GL;RenderSystem_GL3Plus;Codec_STBI
[2.091s] -- OGRE_PLUGIN_DIR: /opt/ros/humble/opt/rviz_ogre_vendor/lib/OGRE
[2.091s] -- rviz_ogre_vendor::OgreOverlay for IMPORTED_LOCATION_RELEASE: /opt/ros/humble/opt/rviz_ogre_vendor/lib/libOgreOverlay.so
[2.091s] -- rviz_ogre_vendor::OgreOverlay for IMPORTED_LOCATION_DEBUG: /opt/ros/humble/opt/rviz_ogre_vendor/lib/libOgreOverlay.so
[2.091s] -- rviz_ogre_vendor::OgreMain for IMPORTED_LOCATION_RELEASE: /opt/ros/humble/opt/rviz_ogre_vendor/lib/libOgreMain.so
[2.091s] -- rviz_ogre_vendor::OgreMain for IMPORTED_LOCATION_DEBUG: /opt/ros/humble/opt/rviz_ogre_vendor/lib/libOgreMain.so
[2.092s] -- Could not find freeimage library
[2.099s] -- Found ZLIB: /usr/lib/x86_64-linux-gnu/libz.so (found version "1.2.11") 
[2.101s] -- Found OpenGL: /usr/lib/x86_64-linux-gnu/libOpenGL.so   
[2.141s] -- Found X11: /usr/include   
[2.142s] -- Looking for XOpenDisplay in /usr/lib/x86_64-linux-gnu/libX11.so;/usr/lib/x86_64-linux-gnu/libXext.so
[2.188s] -- Looking for XOpenDisplay in /usr/lib/x86_64-linux-gnu/libX11.so;/usr/lib/x86_64-linux-gnu/libXext.so - found
[2.189s] -- Looking for gethostbyname
[2.264s] -- Looking for gethostbyname - found
[2.264s] -- Looking for connect
[2.338s] -- Looking for connect - found
[2.338s] -- Looking for remove
[2.395s] -- Looking for remove - found
[2.395s] -- Looking for shmat
[2.448s] -- Looking for shmat - found
[2.448s] -- Looking for IceConnectionNumber in ICE
[2.503s] -- Looking for IceConnectionNumber in ICE - found
[2.504s] -- rviz_ogre_vendor::RenderSystem_GL for IMPORTED_LOCATION_RELEASE: _render_system_gl_static_library_abs-NOTFOUND
[2.504s] -- rviz_ogre_vendor::RenderSystem_GL for IMPORTED_LOCATION_DEBUG: _render_system_gl_static_library_abs-NOTFOUND
[2.545s] -- Found rviz_default_plugins: 11.2.12 (/opt/ros/humble/share/rviz_default_plugins/cmake)
[2.786s] -- Found Boost: /usr/lib/x86_64-linux-gnu/cmake/Boost-1.74.0/BoostConfig.cmake (found version "1.74.0") found components: thread date_time system filesystem 
[2.800s] -- Performing Test COMPILER_HAS_HIDDEN_VISIBILITY
[2.864s] -- Performing Test COMPILER_HAS_HIDDEN_VISIBILITY - Success
[2.864s] -- Performing Test COMPILER_HAS_HIDDEN_INLINE_VISIBILITY
[2.925s] -- Performing Test COMPILER_HAS_HIDDEN_INLINE_VISIBILITY - Success
[2.925s] -- Performing Test COMPILER_HAS_DEPRECATED_ATTR
[2.985s] -- Performing Test COMPILER_HAS_DEPRECATED_ATTR - Success
[3.000s] -- Found ament_lint_auto: 0.12.11 (/opt/ros/humble/share/ament_lint_auto/cmake)
[3.010s] -- Added test 'cppcheck' to perform static code analysis on C / C++ code
[3.010s] -- Configured cppcheck include dirs: /home/steven/ws_moveit2/src/moveit2/moveit_ros/visualization/rviz_plugin_render_tools/include;/home/steven/ws_moveit2/src/moveit2/moveit_ros/visualization/robot_state_rviz_plugin/include;/home/steven/ws_moveit2/src/moveit2/moveit_ros/visualization/planning_scene_rviz_plugin/include;/home/steven/ws_moveit2/src/moveit2/moveit_ros/visualization/motion_planning_rviz_plugin/include;/home/steven/ws_moveit2/src/moveit2/moveit_ros/visualization/trajectory_rviz_plugin/include
[3.010s] -- Configured cppcheck exclude dirs and/or files: 
[3.010s] -- Added test 'lint_cmake' to check CMake code style
[3.011s] -- Added test 'pep257' to check Python code against some of the docstring style conventions in PEP 257
[3.011s] -- Added test 'xmllint' to check XML markup files
[3.012s] -- Configuring done
[3.253s] -- Generating done
[3.258s] -- Build files have been written to: /home/steven/ws_moveit2/build/moveit_ros_visualization
[3.295s] Invoked command in '/home/steven/ws_moveit2/build/moveit_ros_visualization' returned '0': AMENT_PREFIX_PATH=/home/steven/ws_moveit2/install/moveit_ros_planning_interface:/home/steven/ws_moveit2/install/moveit_ros_move_group:/home/steven/ws_moveit2/install/moveit_ros_warehouse:/home/steven/ws_moveit2/install/moveit_ros_robot_interaction:/home/steven/ws_moveit2/install/moveit_kinematics:/home/steven/ws_moveit2/install/moveit_ros_planning:/home/steven/ws_moveit2/install/moveit_ros_occupancy_map_monitor:/home/steven/ws_moveit2/install/moveit_core:/home/steven/ws_moveit2/install/srdfdom:/home/steven/ws_moveit2/install/moveit_common:${AMENT_PREFIX_PATH} CMAKE_PREFIX_PATH=/home/steven/ws_moveit2/install/moveit_ros_planning_interface:/home/steven/ws_moveit2/install/moveit_ros_move_group:/home/steven/ws_moveit2/install/moveit_ros_warehouse:/home/steven/ws_moveit2/install/moveit_ros_robot_interaction:/home/steven/ws_moveit2/install/moveit_kinematics:/home/steven/ws_moveit2/install/moveit_ros_planning:/home/steven/ws_moveit2/install/moveit_ros_occupancy_map_monitor:/home/steven/ws_moveit2/install/moveit_core:/home/steven/ws_moveit2/install/srdfdom:/home/steven/ws_moveit2/install/moveit_common:/opt/ros/humble LD_LIBRARY_PATH=/home/steven/ws_moveit2/install/moveit_ros_planning_interface/lib:/home/steven/ws_moveit2/install/moveit_ros_move_group/lib:/home/steven/ws_moveit2/install/moveit_ros_warehouse/lib:/home/steven/ws_moveit2/install/moveit_ros_robot_interaction/lib:/home/steven/ws_moveit2/install/moveit_kinematics/lib:/home/steven/ws_moveit2/install/moveit_ros_planning/lib:/home/steven/ws_moveit2/install/moveit_ros_occupancy_map_monitor/lib:/home/steven/ws_moveit2/install/moveit_core/lib:/home/steven/ws_moveit2/install/srdfdom/lib:/opt/ros/humble/opt/rviz_ogre_vendor/lib:/opt/ros/humble/lib/x86_64-linux-gnu:/opt/ros/humble/lib:/usr/local/cuda-12.3/lib64 PATH=/home/steven/ws_moveit2/install/moveit_core/bin:${PATH} PYTHONPATH=/home/steven/ws_moveit2/install/srdfdom/local/lib/python3.10/dist-packages:${PYTHONPATH} /usr/bin/cmake /home/steven/ws_moveit2/src/moveit2/moveit_ros/visualization -DCMAKE_BUILD_TYPE=Release -DCMAKE_INSTALL_PREFIX=/home/steven/ws_moveit2/install/moveit_ros_visualization
[3.297s] Invoking command in '/home/steven/ws_moveit2/build/moveit_ros_visualization': AMENT_PREFIX_PATH=/home/steven/ws_moveit2/install/moveit_ros_planning_interface:/home/steven/ws_moveit2/install/moveit_ros_move_group:/home/steven/ws_moveit2/install/moveit_ros_warehouse:/home/steven/ws_moveit2/install/moveit_ros_robot_interaction:/home/steven/ws_moveit2/install/moveit_kinematics:/home/steven/ws_moveit2/install/moveit_ros_planning:/home/steven/ws_moveit2/install/moveit_ros_occupancy_map_monitor:/home/steven/ws_moveit2/install/moveit_core:/home/steven/ws_moveit2/install/srdfdom:/home/steven/ws_moveit2/install/moveit_common:${AMENT_PREFIX_PATH} CMAKE_PREFIX_PATH=/home/steven/ws_moveit2/install/moveit_ros_planning_interface:/home/steven/ws_moveit2/install/moveit_ros_move_group:/home/steven/ws_moveit2/install/moveit_ros_warehouse:/home/steven/ws_moveit2/install/moveit_ros_robot_interaction:/home/steven/ws_moveit2/install/moveit_kinematics:/home/steven/ws_moveit2/install/moveit_ros_planning:/home/steven/ws_moveit2/install/moveit_ros_occupancy_map_monitor:/home/steven/ws_moveit2/install/moveit_core:/home/steven/ws_moveit2/install/srdfdom:/home/steven/ws_moveit2/install/moveit_common:/opt/ros/humble LD_LIBRARY_PATH=/home/steven/ws_moveit2/install/moveit_ros_planning_interface/lib:/home/steven/ws_moveit2/install/moveit_ros_move_group/lib:/home/steven/ws_moveit2/install/moveit_ros_warehouse/lib:/home/steven/ws_moveit2/install/moveit_ros_robot_interaction/lib:/home/steven/ws_moveit2/install/moveit_kinematics/lib:/home/steven/ws_moveit2/install/moveit_ros_planning/lib:/home/steven/ws_moveit2/install/moveit_ros_occupancy_map_monitor/lib:/home/steven/ws_moveit2/install/moveit_core/lib:/home/steven/ws_moveit2/install/srdfdom/lib:/opt/ros/humble/opt/rviz_ogre_vendor/lib:/opt/ros/humble/lib/x86_64-linux-gnu:/opt/ros/humble/lib:/usr/local/cuda-12.3/lib64 PATH=/home/steven/ws_moveit2/install/moveit_core/bin:${PATH} PYTHONPATH=/home/steven/ws_moveit2/install/srdfdom/local/lib/python3.10/dist-packages:${PYTHONPATH} /usr/bin/cmake --build /home/steven/ws_moveit2/build/moveit_ros_visualization -- -j32 -l32
[3.351s] [  1%] [34m[1mAutomatic MOC for target moveit_rviz_plugin_render_tools[0m
[3.580s] [  1%] Built target moveit_rviz_plugin_render_tools_autogen
[3.596s] [  6%] [32mBuilding CXX object rviz_plugin_render_tools/CMakeFiles/moveit_rviz_plugin_render_tools.dir/src/planning_link_updater.cpp.o[0m
[3.596s] [  6%] [32mBuilding CXX object rviz_plugin_render_tools/CMakeFiles/moveit_rviz_plugin_render_tools.dir/src/planning_scene_render.cpp.o[0m
[3.596s] [ 10%] [32mBuilding CXX object rviz_plugin_render_tools/CMakeFiles/moveit_rviz_plugin_render_tools.dir/src/octomap_render.cpp.o[0m
[3.596s] [ 10%] [32mBuilding CXX object rviz_plugin_render_tools/CMakeFiles/moveit_rviz_plugin_render_tools.dir/src/robot_state_visualization.cpp.o[0m
[3.596s] [ 12%] [32mBuilding CXX object rviz_plugin_render_tools/CMakeFiles/moveit_rviz_plugin_render_tools.dir/src/trajectory_visualization.cpp.o[0m
[3.596s] [ 12%] [32mBuilding CXX object rviz_plugin_render_tools/CMakeFiles/moveit_rviz_plugin_render_tools.dir/src/render_shapes.cpp.o[0m
[3.596s] [ 13%] [32mBuilding CXX object rviz_plugin_render_tools/CMakeFiles/moveit_rviz_plugin_render_tools.dir/moveit_rviz_plugin_render_tools_autogen/mocs_compilation.cpp.o[0m
[3.596s] [ 15%] [32mBuilding CXX object rviz_plugin_render_tools/CMakeFiles/moveit_rviz_plugin_render_tools.dir/src/mesh_shape.cpp.o[0m
[3.596s] [ 17%] [32mBuilding CXX object rviz_plugin_render_tools/CMakeFiles/moveit_rviz_plugin_render_tools.dir/src/trajectory_panel.cpp.o[0m
[17.756s] [ 18%] [32m[1mLinking CXX shared library libmoveit_rviz_plugin_render_tools.so[0m
[19.685s] [ 18%] Built target moveit_rviz_plugin_render_tools
[19.697s] [ 20%] [34m[1mAutomatic MOC for target moveit_robot_state_rviz_plugin_core[0m
[19.703s] [ 22%] [34m[1mAutomatic MOC for target moveit_planning_scene_rviz_plugin_core[0m
[19.821s] [ 22%] Built target moveit_robot_state_rviz_plugin_core_autogen
[19.835s] [ 24%] [32mBuilding CXX object robot_state_rviz_plugin/CMakeFiles/moveit_robot_state_rviz_plugin_core.dir/src/robot_state_display.cpp.o[0m
[19.836s] [ 25%] [32mBuilding CXX object robot_state_rviz_plugin/CMakeFiles/moveit_robot_state_rviz_plugin_core.dir/moveit_robot_state_rviz_plugin_core_autogen/mocs_compilation.cpp.o[0m
[20.012s] [ 25%] Built target moveit_planning_scene_rviz_plugin_core_autogen
[20.033s] [ 31%] [32mBuilding CXX object planning_scene_rviz_plugin/CMakeFiles/moveit_planning_scene_rviz_plugin_core.dir/moveit_planning_scene_rviz_plugin_core_autogen/mocs_compilation.cpp.o[0m
[20.033s] [ 31%] [32mBuilding CXX object planning_scene_rviz_plugin/CMakeFiles/moveit_planning_scene_rviz_plugin_core.dir/src/background_processing.cpp.o[0m
[20.033s] [ 31%] [32mBuilding CXX object planning_scene_rviz_plugin/CMakeFiles/moveit_planning_scene_rviz_plugin_core.dir/src/planning_scene_display.cpp.o[0m
[29.752s] [ 32%] [32m[1mLinking CXX shared library libmoveit_planning_scene_rviz_plugin_core.so[0m
[31.952s] [ 32%] Built target moveit_planning_scene_rviz_plugin_core
[31.973s] [ 36%] [34m[1mAutomatic MOC for target moveit_trajectory_rviz_plugin_core[0m
[31.973s] [ 36%] [34m[1mAutomatic MOC for target moveit_planning_scene_rviz_plugin[0m
[31.981s] [ 37%] [32m[1mLinking CXX shared library libmoveit_robot_state_rviz_plugin_core.so[0m
[32.001s] [ 37%] Built target moveit_planning_scene_rviz_plugin_autogen
[32.024s] [ 41%] [32mBuilding CXX object planning_scene_rviz_plugin/CMakeFiles/moveit_planning_scene_rviz_plugin.dir/moveit_planning_scene_rviz_plugin_autogen/mocs_compilation.cpp.o[0m
[32.025s] [ 41%] [32mBuilding CXX object planning_scene_rviz_plugin/CMakeFiles/moveit_planning_scene_rviz_plugin.dir/src/plugin_init.cpp.o[0m
[32.304s] [ 41%] Built target moveit_trajectory_rviz_plugin_core_autogen
[32.328s] [ 44%] [32mBuilding CXX object trajectory_rviz_plugin/CMakeFiles/moveit_trajectory_rviz_plugin_core.dir/src/trajectory_display.cpp.o[0m
[32.328s] [ 44%] [32mBuilding CXX object trajectory_rviz_plugin/CMakeFiles/moveit_trajectory_rviz_plugin_core.dir/moveit_trajectory_rviz_plugin_core_autogen/mocs_compilation.cpp.o[0m
[34.050s] [ 44%] Built target moveit_robot_state_rviz_plugin_core
[34.063s] [ 46%] [34m[1mAutomatic MOC for target moveit_robot_state_rviz_plugin[0m
[34.086s] [ 46%] Built target moveit_robot_state_rviz_plugin_autogen
[34.107s] [ 50%] [32mBuilding CXX object robot_state_rviz_plugin/CMakeFiles/moveit_robot_state_rviz_plugin.dir/src/plugin_init.cpp.o[0m
[34.107s] [ 50%] [32mBuilding CXX object robot_state_rviz_plugin/CMakeFiles/moveit_robot_state_rviz_plugin.dir/moveit_robot_state_rviz_plugin_autogen/mocs_compilation.cpp.o[0m
[38.590s] [ 51%] [32m[1mLinking CXX shared library libmoveit_trajectory_rviz_plugin_core.so[0m
[38.964s] [ 51%] Built target moveit_trajectory_rviz_plugin_core
[38.974s] [ 53%] [34m[1mAutomatic MOC for target moveit_trajectory_rviz_plugin[0m
[38.991s] [ 53%] Built target moveit_trajectory_rviz_plugin_autogen
[39.002s] [ 56%] [32mBuilding CXX object trajectory_rviz_plugin/CMakeFiles/moveit_trajectory_rviz_plugin.dir/src/plugin_init.cpp.o[0m
[39.002s] [ 56%] [32mBuilding CXX object trajectory_rviz_plugin/CMakeFiles/moveit_trajectory_rviz_plugin.dir/moveit_trajectory_rviz_plugin_autogen/mocs_compilation.cpp.o[0m
[40.104s] [ 58%] [32m[1mLinking CXX shared library libmoveit_robot_state_rviz_plugin.so[0m
[40.424s] [ 58%] Built target moveit_robot_state_rviz_plugin
[40.768s] [ 60%] [32m[1mLinking CXX shared library libmoveit_planning_scene_rviz_plugin.so[0m
[41.089s] [ 60%] Built target moveit_planning_scene_rviz_plugin
[41.099s] [ 62%] [34m[1mAutomatic MOC for target moveit_motion_planning_rviz_plugin_core[0m
[41.417s] [ 62%] Built target moveit_motion_planning_rviz_plugin_core_autogen
[41.422s] [ 67%] [34m[1mAutomatic RCC for src/icons/icons.qrc[0m
[41.423s] [ 67%] [34m[1mGenerating ui_motion_planning_rviz_plugin_frame.h[0m
[41.423s] [ 67%] [34m[1mGenerating ui_motion_planning_rviz_plugin_frame_joints.h[0m
[41.439s] [ 74%] [32mBuilding CXX object motion_planning_rviz_plugin/CMakeFiles/moveit_motion_planning_rviz_plugin_core.dir/moveit_motion_planning_rviz_plugin_core_autogen/mocs_compilation.cpp.o[0m
[41.439s] [ 74%] [32mBuilding CXX object motion_planning_rviz_plugin/CMakeFiles/moveit_motion_planning_rviz_plugin_core.dir/src/motion_planning_frame_context.cpp.o[0m
[41.439s] [ 74%] [32mBuilding CXX object motion_planning_rviz_plugin/CMakeFiles/moveit_motion_planning_rviz_plugin_core.dir/src/motion_planning_frame.cpp.o[0m
[41.439s] [ 74%] [32mBuilding CXX object motion_planning_rviz_plugin/CMakeFiles/moveit_motion_planning_rviz_plugin_core.dir/src/motion_planning_frame_planning.cpp.o[0m
[41.441s] [ 79%] [32mBuilding CXX object motion_planning_rviz_plugin/CMakeFiles/moveit_motion_planning_rviz_plugin_core.dir/src/motion_planning_frame_scenes.cpp.o[0m
[41.441s] [ 79%] [32mBuilding CXX object motion_planning_rviz_plugin/CMakeFiles/moveit_motion_planning_rviz_plugin_core.dir/src/motion_planning_frame_objects.cpp.o[0m
[41.441s] [ 79%] [32mBuilding CXX object motion_planning_rviz_plugin/CMakeFiles/moveit_motion_planning_rviz_plugin_core.dir/src/motion_planning_frame_states.cpp.o[0m
[41.441s] [ 81%] [32mBuilding CXX object motion_planning_rviz_plugin/CMakeFiles/moveit_motion_planning_rviz_plugin_core.dir/src/motion_planning_frame_joints_widget.cpp.o[0m
[41.441s] [ 82%] [32mBuilding CXX object motion_planning_rviz_plugin/CMakeFiles/moveit_motion_planning_rviz_plugin_core.dir/src/motion_planning_display.cpp.o[0m
[41.442s] [ 86%] [32mBuilding CXX object motion_planning_rviz_plugin/CMakeFiles/moveit_motion_planning_rviz_plugin_core.dir/src/motion_planning_frame_manipulation.cpp.o[0m
[41.442s] [ 87%] [32mBuilding CXX object motion_planning_rviz_plugin/CMakeFiles/moveit_motion_planning_rviz_plugin_core.dir/src/interactive_marker_display.cpp.o[0m
[41.442s] [ 86%] [32mBuilding CXX object motion_planning_rviz_plugin/CMakeFiles/moveit_motion_planning_rviz_plugin_core.dir/src/motion_planning_param_widget.cpp.o[0m
[41.442s] [ 89%] [32mBuilding CXX object motion_planning_rviz_plugin/CMakeFiles/moveit_motion_planning_rviz_plugin_core.dir/moveit_motion_planning_rviz_plugin_core_autogen/2OST2OT5Q2/qrc_icons.cpp.o[0m
[46.238s] [ 91%] [32m[1mLinking CXX shared library libmoveit_trajectory_rviz_plugin.so[0m
[47.245s] [ 91%] Built target moveit_trajectory_rviz_plugin
[69.521s] [ 93%] [32m[1mLinking CXX shared library libmoveit_motion_planning_rviz_plugin_core.so[0m
[72.352s] [ 93%] Built target moveit_motion_planning_rviz_plugin_core
[72.373s] [ 94%] [34m[1mAutomatic MOC for target moveit_motion_planning_rviz_plugin[0m
[72.404s] [ 94%] Built target moveit_motion_planning_rviz_plugin_autogen
[72.426s] [ 98%] [32mBuilding CXX object motion_planning_rviz_plugin/CMakeFiles/moveit_motion_planning_rviz_plugin.dir/src/plugin_init.cpp.o[0m
[72.426s] [ 98%] [32mBuilding CXX object motion_planning_rviz_plugin/CMakeFiles/moveit_motion_planning_rviz_plugin.dir/moveit_motion_planning_rviz_plugin_autogen/mocs_compilation.cpp.o[0m
[80.771s] [100%] [32m[1mLinking CXX shared library libmoveit_motion_planning_rviz_plugin.so[0m
[81.134s] [100%] Built target moveit_motion_planning_rviz_plugin
[81.141s] Invoked command in '/home/steven/ws_moveit2/build/moveit_ros_visualization' returned '0': AMENT_PREFIX_PATH=/home/steven/ws_moveit2/install/moveit_ros_planning_interface:/home/steven/ws_moveit2/install/moveit_ros_move_group:/home/steven/ws_moveit2/install/moveit_ros_warehouse:/home/steven/ws_moveit2/install/moveit_ros_robot_interaction:/home/steven/ws_moveit2/install/moveit_kinematics:/home/steven/ws_moveit2/install/moveit_ros_planning:/home/steven/ws_moveit2/install/moveit_ros_occupancy_map_monitor:/home/steven/ws_moveit2/install/moveit_core:/home/steven/ws_moveit2/install/srdfdom:/home/steven/ws_moveit2/install/moveit_common:${AMENT_PREFIX_PATH} CMAKE_PREFIX_PATH=/home/steven/ws_moveit2/install/moveit_ros_planning_interface:/home/steven/ws_moveit2/install/moveit_ros_move_group:/home/steven/ws_moveit2/install/moveit_ros_warehouse:/home/steven/ws_moveit2/install/moveit_ros_robot_interaction:/home/steven/ws_moveit2/install/moveit_kinematics:/home/steven/ws_moveit2/install/moveit_ros_planning:/home/steven/ws_moveit2/install/moveit_ros_occupancy_map_monitor:/home/steven/ws_moveit2/install/moveit_core:/home/steven/ws_moveit2/install/srdfdom:/home/steven/ws_moveit2/install/moveit_common:/opt/ros/humble LD_LIBRARY_PATH=/home/steven/ws_moveit2/install/moveit_ros_planning_interface/lib:/home/steven/ws_moveit2/install/moveit_ros_move_group/lib:/home/steven/ws_moveit2/install/moveit_ros_warehouse/lib:/home/steven/ws_moveit2/install/moveit_ros_robot_interaction/lib:/home/steven/ws_moveit2/install/moveit_kinematics/lib:/home/steven/ws_moveit2/install/moveit_ros_planning/lib:/home/steven/ws_moveit2/install/moveit_ros_occupancy_map_monitor/lib:/home/steven/ws_moveit2/install/moveit_core/lib:/home/steven/ws_moveit2/install/srdfdom/lib:/opt/ros/humble/opt/rviz_ogre_vendor/lib:/opt/ros/humble/lib/x86_64-linux-gnu:/opt/ros/humble/lib:/usr/local/cuda-12.3/lib64 PATH=/home/steven/ws_moveit2/install/moveit_core/bin:${PATH} PYTHONPATH=/home/steven/ws_moveit2/install/srdfdom/local/lib/python3.10/dist-packages:${PYTHONPATH} /usr/bin/cmake --build /home/steven/ws_moveit2/build/moveit_ros_visualization -- -j32 -l32
[81.154s] Invoking command in '/home/steven/ws_moveit2/build/moveit_ros_visualization': AMENT_PREFIX_PATH=/home/steven/ws_moveit2/install/moveit_ros_planning_interface:/home/steven/ws_moveit2/install/moveit_ros_move_group:/home/steven/ws_moveit2/install/moveit_ros_warehouse:/home/steven/ws_moveit2/install/moveit_ros_robot_interaction:/home/steven/ws_moveit2/install/moveit_kinematics:/home/steven/ws_moveit2/install/moveit_ros_planning:/home/steven/ws_moveit2/install/moveit_ros_occupancy_map_monitor:/home/steven/ws_moveit2/install/moveit_core:/home/steven/ws_moveit2/install/srdfdom:/home/steven/ws_moveit2/install/moveit_common:${AMENT_PREFIX_PATH} CMAKE_PREFIX_PATH=/home/steven/ws_moveit2/install/moveit_ros_planning_interface:/home/steven/ws_moveit2/install/moveit_ros_move_group:/home/steven/ws_moveit2/install/moveit_ros_warehouse:/home/steven/ws_moveit2/install/moveit_ros_robot_interaction:/home/steven/ws_moveit2/install/moveit_kinematics:/home/steven/ws_moveit2/install/moveit_ros_planning:/home/steven/ws_moveit2/install/moveit_ros_occupancy_map_monitor:/home/steven/ws_moveit2/install/moveit_core:/home/steven/ws_moveit2/install/srdfdom:/home/steven/ws_moveit2/install/moveit_common:/opt/ros/humble LD_LIBRARY_PATH=/home/steven/ws_moveit2/install/moveit_ros_planning_interface/lib:/home/steven/ws_moveit2/install/moveit_ros_move_group/lib:/home/steven/ws_moveit2/install/moveit_ros_warehouse/lib:/home/steven/ws_moveit2/install/moveit_ros_robot_interaction/lib:/home/steven/ws_moveit2/install/moveit_kinematics/lib:/home/steven/ws_moveit2/install/moveit_ros_planning/lib:/home/steven/ws_moveit2/install/moveit_ros_occupancy_map_monitor/lib:/home/steven/ws_moveit2/install/moveit_core/lib:/home/steven/ws_moveit2/install/srdfdom/lib:/opt/ros/humble/opt/rviz_ogre_vendor/lib:/opt/ros/humble/lib/x86_64-linux-gnu:/opt/ros/humble/lib:/usr/local/cuda-12.3/lib64 PATH=/home/steven/ws_moveit2/install/moveit_core/bin:${PATH} PYTHONPATH=/home/steven/ws_moveit2/install/srdfdom/local/lib/python3.10/dist-packages:${PYTHONPATH} /usr/bin/cmake --install /home/steven/ws_moveit2/build/moveit_ros_visualization
[81.157s] -- Install configuration: "Release"
[81.157s] -- Installing: /home/steven/ws_moveit2/install/moveit_ros_visualization/include
[81.157s] -- Installing: /home/steven/ws_moveit2/install/moveit_ros_visualization/include/moveit
[81.157s] -- Installing: /home/steven/ws_moveit2/install/moveit_ros_visualization/include/moveit/rviz_plugin_render_tools
[81.157s] -- Installing: /home/steven/ws_moveit2/install/moveit_ros_visualization/include/moveit/rviz_plugin_render_tools/trajectory_visualization.h
[81.158s] -- Installing: /home/steven/ws_moveit2/install/moveit_ros_visualization/include/moveit/rviz_plugin_render_tools/planning_scene_render.h
[81.158s] -- Installing: /home/steven/ws_moveit2/install/moveit_ros_visualization/include/moveit/rviz_plugin_render_tools/robot_state_visualization.h
[81.158s] -- Installing: /home/steven/ws_moveit2/install/moveit_ros_visualization/include/moveit/rviz_plugin_render_tools/octomap_render.h
[81.158s] -- Installing: /home/steven/ws_moveit2/install/moveit_ros_visualization/include/moveit/rviz_plugin_render_tools/render_shapes.h
[81.158s] -- Installing: /home/steven/ws_moveit2/install/moveit_ros_visualization/include/moveit/rviz_plugin_render_tools/planning_link_updater.h
[81.158s] -- Installing: /home/steven/ws_moveit2/install/moveit_ros_visualization/include/moveit/rviz_plugin_render_tools/trajectory_panel.h
[81.158s] -- Installing: /home/steven/ws_moveit2/install/moveit_ros_visualization/include/ogre_helpers
[81.158s] -- Installing: /home/steven/ws_moveit2/install/moveit_ros_visualization/include/ogre_helpers/mesh_shape.hpp
[81.158s] -- Up-to-date: /home/steven/ws_moveit2/install/moveit_ros_visualization/include
[81.158s] -- Up-to-date: /home/steven/ws_moveit2/install/moveit_ros_visualization/include/moveit
[81.158s] -- Installing: /home/steven/ws_moveit2/install/moveit_ros_visualization/include/moveit/robot_state_rviz_plugin
[81.158s] -- Installing: /home/steven/ws_moveit2/install/moveit_ros_visualization/include/moveit/robot_state_rviz_plugin/robot_state_display.h
[81.158s] -- Up-to-date: /home/steven/ws_moveit2/install/moveit_ros_visualization/include
[81.158s] -- Up-to-date: /home/steven/ws_moveit2/install/moveit_ros_visualization/include/moveit
[81.158s] -- Installing: /home/steven/ws_moveit2/install/moveit_ros_visualization/include/moveit/planning_scene_rviz_plugin
[81.158s] -- Installing: /home/steven/ws_moveit2/install/moveit_ros_visualization/include/moveit/planning_scene_rviz_plugin/planning_scene_display.h
[81.158s] -- Installing: /home/steven/ws_moveit2/install/moveit_ros_visualization/include/moveit/planning_scene_rviz_plugin/background_processing.hpp
[81.158s] -- Installing: /home/steven/ws_moveit2/install/moveit_ros_visualization/include/moveit_planning_scene_rviz_plugin_core_export.h
[81.158s] -- Up-to-date: /home/steven/ws_moveit2/install/moveit_ros_visualization/include
[81.158s] -- Up-to-date: /home/steven/ws_moveit2/install/moveit_ros_visualization/include/moveit
[81.159s] -- Installing: /home/steven/ws_moveit2/install/moveit_ros_visualization/include/moveit/motion_planning_rviz_plugin
[81.159s] -- Installing: /home/steven/ws_moveit2/install/moveit_ros_visualization/include/moveit/motion_planning_rviz_plugin/interactive_marker_display.h
[81.159s] -- Installing: /home/steven/ws_moveit2/install/moveit_ros_visualization/include/moveit/motion_planning_rviz_plugin/motion_planning_frame.h
[81.159s] -- Installing: /home/steven/ws_moveit2/install/moveit_ros_visualization/include/moveit/motion_planning_rviz_plugin/motion_planning_display.h
[81.159s] -- Installing: /home/steven/ws_moveit2/install/moveit_ros_visualization/include/moveit/motion_planning_rviz_plugin/motion_planning_frame_joints_widget.h
[81.159s] -- Installing: /home/steven/ws_moveit2/install/moveit_ros_visualization/include/moveit/motion_planning_rviz_plugin/motion_planning_param_widget.h
[81.159s] -- Up-to-date: /home/steven/ws_moveit2/install/moveit_ros_visualization/include
[81.159s] -- Up-to-date: /home/steven/ws_moveit2/install/moveit_ros_visualization/include/moveit
[81.159s] -- Installing: /home/steven/ws_moveit2/install/moveit_ros_visualization/include/moveit/trajectory_rviz_plugin
[81.159s] -- Installing: /home/steven/ws_moveit2/install/moveit_ros_visualization/include/moveit/trajectory_rviz_plugin/trajectory_display.h
[81.159s] -- Installing: /home/steven/ws_moveit2/install/moveit_ros_visualization/share/moveit_ros_visualization/icons
[81.159s] -- Installing: /home/steven/ws_moveit2/install/moveit_ros_visualization/share/moveit_ros_visualization/icons/classes
[81.159s] -- Installing: /home/steven/ws_moveit2/install/moveit_ros_visualization/share/moveit_ros_visualization/icons/classes/MotionPlanning.png
[81.159s] -- Installing: /home/steven/ws_moveit2/install/moveit_ros_visualization/share/moveit_ros_visualization/icons/classes/PlanningScene.png
[81.159s] -- Installing: /home/steven/ws_moveit2/install/moveit_ros_visualization/share/moveit_ros_visualization/icons/classes/Trajectory.png
[81.159s] -- Installing: /home/steven/ws_moveit2/install/moveit_ros_visualization/share/moveit_ros_visualization/icons/classes/RobotState.png
[81.159s] -- Installing: /home/steven/ws_moveit2/install/moveit_ros_visualization/share/moveit_ros_visualization/motion_planning_rviz_plugin_description.xml
[81.159s] -- Installing: /home/steven/ws_moveit2/install/moveit_ros_visualization/share/moveit_ros_visualization/trajectory_rviz_plugin_description.xml
[81.159s] -- Installing: /home/steven/ws_moveit2/install/moveit_ros_visualization/share/moveit_ros_visualization/planning_scene_rviz_plugin_description.xml
[81.159s] -- Installing: /home/steven/ws_moveit2/install/moveit_ros_visualization/share/moveit_ros_visualization/robot_state_rviz_plugin_description.xml
[81.159s] -- Installing: /home/steven/ws_moveit2/install/moveit_ros_visualization/lib/libmoveit_motion_planning_rviz_plugin.so.2.5.5
[81.160s] -- Set runtime path of "/home/steven/ws_moveit2/install/moveit_ros_visualization/lib/libmoveit_motion_planning_rviz_plugin.so.2.5.5" to ""
[81.160s] -- Installing: /home/steven/ws_moveit2/install/moveit_ros_visualization/lib/libmoveit_motion_planning_rviz_plugin.so
[81.160s] -- Installing: /home/steven/ws_moveit2/install/moveit_ros_visualization/lib/libmoveit_motion_planning_rviz_plugin_core.so.2.5.5
[81.161s] -- Set runtime path of "/home/steven/ws_moveit2/install/moveit_ros_visualization/lib/libmoveit_motion_planning_rviz_plugin_core.so.2.5.5" to ""
[81.161s] -- Installing: /home/steven/ws_moveit2/install/moveit_ros_visualization/lib/libmoveit_motion_planning_rviz_plugin_core.so
[81.161s] -- Installing: /home/steven/ws_moveit2/install/moveit_ros_visualization/lib/libmoveit_planning_scene_rviz_plugin.so.2.5.5
[81.161s] -- Set runtime path of "/home/steven/ws_moveit2/install/moveit_ros_visualization/lib/libmoveit_planning_scene_rviz_plugin.so.2.5.5" to ""
[81.161s] -- Installing: /home/steven/ws_moveit2/install/moveit_ros_visualization/lib/libmoveit_planning_scene_rviz_plugin.so
[81.161s] -- Installing: /home/steven/ws_moveit2/install/moveit_ros_visualization/lib/libmoveit_planning_scene_rviz_plugin_core.so.2.5.5
[81.161s] -- Set runtime path of "/home/steven/ws_moveit2/install/moveit_ros_visualization/lib/libmoveit_planning_scene_rviz_plugin_core.so.2.5.5" to ""
[81.161s] -- Installing: /home/steven/ws_moveit2/install/moveit_ros_visualization/lib/libmoveit_planning_scene_rviz_plugin_core.so
[81.161s] -- Installing: /home/steven/ws_moveit2/install/moveit_ros_visualization/lib/libmoveit_robot_state_rviz_plugin.so.2.5.5
[81.161s] -- Set runtime path of "/home/steven/ws_moveit2/install/moveit_ros_visualization/lib/libmoveit_robot_state_rviz_plugin.so.2.5.5" to ""
[81.161s] -- Installing: /home/steven/ws_moveit2/install/moveit_ros_visualization/lib/libmoveit_robot_state_rviz_plugin.so
[81.161s] -- Installing: /home/steven/ws_moveit2/install/moveit_ros_visualization/lib/libmoveit_robot_state_rviz_plugin_core.so.2.5.5
[81.162s] -- Set runtime path of "/home/steven/ws_moveit2/install/moveit_ros_visualization/lib/libmoveit_robot_state_rviz_plugin_core.so.2.5.5" to ""
[81.162s] -- Installing: /home/steven/ws_moveit2/install/moveit_ros_visualization/lib/libmoveit_robot_state_rviz_plugin_core.so
[81.162s] -- Installing: /home/steven/ws_moveit2/install/moveit_ros_visualization/lib/libmoveit_rviz_plugin_render_tools.so.2.5.5
[81.162s] -- Set runtime path of "/home/steven/ws_moveit2/install/moveit_ros_visualization/lib/libmoveit_rviz_plugin_render_tools.so.2.5.5" to ""
[81.162s] -- Installing: /home/steven/ws_moveit2/install/moveit_ros_visualization/lib/libmoveit_rviz_plugin_render_tools.so
[81.162s] -- Installing: /home/steven/ws_moveit2/install/moveit_ros_visualization/lib/libmoveit_trajectory_rviz_plugin.so.2.5.5
[81.162s] -- Set runtime path of "/home/steven/ws_moveit2/install/moveit_ros_visualization/lib/libmoveit_trajectory_rviz_plugin.so.2.5.5" to ""
[81.163s] -- Installing: /home/steven/ws_moveit2/install/moveit_ros_visualization/lib/libmoveit_trajectory_rviz_plugin.so
[81.163s] -- Installing: /home/steven/ws_moveit2/install/moveit_ros_visualization/lib/libmoveit_trajectory_rviz_plugin_core.so.2.5.5
[81.163s] -- Set runtime path of "/home/steven/ws_moveit2/install/moveit_ros_visualization/lib/libmoveit_trajectory_rviz_plugin_core.so.2.5.5" to ""
[81.163s] -- Installing: /home/steven/ws_moveit2/install/moveit_ros_visualization/lib/libmoveit_trajectory_rviz_plugin_core.so
[81.163s] -- Installing: /home/steven/ws_moveit2/install/moveit_ros_visualization/share/moveit_ros_visualization/environment/library_path.sh
[81.163s] -- Installing: /home/steven/ws_moveit2/install/moveit_ros_visualization/share/moveit_ros_visualization/environment/library_path.dsv
[81.163s] -- Installing: /home/steven/ws_moveit2/install/moveit_ros_visualization/share/ament_index/resource_index/package_run_dependencies/moveit_ros_visualization
[81.163s] -- Installing: /home/steven/ws_moveit2/install/moveit_ros_visualization/share/ament_index/resource_index/parent_prefix_path/moveit_ros_visualization
[81.163s] -- Installing: /home/steven/ws_moveit2/install/moveit_ros_visualization/share/moveit_ros_visualization/environment/ament_prefix_path.sh
[81.163s] -- Installing: /home/steven/ws_moveit2/install/moveit_ros_visualization/share/moveit_ros_visualization/environment/ament_prefix_path.dsv
[81.163s] -- Installing: /home/steven/ws_moveit2/install/moveit_ros_visualization/share/moveit_ros_visualization/environment/path.sh
[81.164s] -- Installing: /home/steven/ws_moveit2/install/moveit_ros_visualization/share/moveit_ros_visualization/environment/path.dsv
[81.164s] -- Installing: /home/steven/ws_moveit2/install/moveit_ros_visualization/share/moveit_ros_visualization/local_setup.bash
[81.164s] -- Installing: /home/steven/ws_moveit2/install/moveit_ros_visualization/share/moveit_ros_visualization/local_setup.sh
[81.164s] -- Installing: /home/steven/ws_moveit2/install/moveit_ros_visualization/share/moveit_ros_visualization/local_setup.zsh
[81.164s] -- Installing: /home/steven/ws_moveit2/install/moveit_ros_visualization/share/moveit_ros_visualization/local_setup.dsv
[81.164s] -- Installing: /home/steven/ws_moveit2/install/moveit_ros_visualization/share/moveit_ros_visualization/package.dsv
[81.164s] -- Installing: /home/steven/ws_moveit2/install/moveit_ros_visualization/share/ament_index/resource_index/packages/moveit_ros_visualization
[81.164s] -- Installing: /home/steven/ws_moveit2/install/moveit_ros_visualization/share/ament_index/resource_index/rviz_common__pluginlib__plugin/moveit_ros_visualization
[81.164s] -- Installing: /home/steven/ws_moveit2/install/moveit_ros_visualization/share/moveit_ros_visualization/cmake/export_moveit_ros_visualizationExport.cmake
[81.164s] -- Installing: /home/steven/ws_moveit2/install/moveit_ros_visualization/share/moveit_ros_visualization/cmake/export_moveit_ros_visualizationExport-release.cmake
[81.164s] -- Installing: /home/steven/ws_moveit2/install/moveit_ros_visualization/share/moveit_ros_visualization/cmake/ConfigExtras.cmake
[81.165s] -- Installing: /home/steven/ws_moveit2/install/moveit_ros_visualization/share/moveit_ros_visualization/cmake/ament_cmake_export_targets-extras.cmake
[81.165s] -- Installing: /home/steven/ws_moveit2/install/moveit_ros_visualization/share/moveit_ros_visualization/cmake/ament_cmake_export_dependencies-extras.cmake
[81.165s] -- Installing: /home/steven/ws_moveit2/install/moveit_ros_visualization/share/moveit_ros_visualization/cmake/moveit_ros_visualizationConfig.cmake
[81.165s] -- Installing: /home/steven/ws_moveit2/install/moveit_ros_visualization/share/moveit_ros_visualization/cmake/moveit_ros_visualizationConfig-version.cmake
[81.165s] -- Installing: /home/steven/ws_moveit2/install/moveit_ros_visualization/share/moveit_ros_visualization/package.xml
[81.165s] Invoked command in '/home/steven/ws_moveit2/build/moveit_ros_visualization' returned '0': AMENT_PREFIX_PATH=/home/steven/ws_moveit2/install/moveit_ros_planning_interface:/home/steven/ws_moveit2/install/moveit_ros_move_group:/home/steven/ws_moveit2/install/moveit_ros_warehouse:/home/steven/ws_moveit2/install/moveit_ros_robot_interaction:/home/steven/ws_moveit2/install/moveit_kinematics:/home/steven/ws_moveit2/install/moveit_ros_planning:/home/steven/ws_moveit2/install/moveit_ros_occupancy_map_monitor:/home/steven/ws_moveit2/install/moveit_core:/home/steven/ws_moveit2/install/srdfdom:/home/steven/ws_moveit2/install/moveit_common:${AMENT_PREFIX_PATH} CMAKE_PREFIX_PATH=/home/steven/ws_moveit2/install/moveit_ros_planning_interface:/home/steven/ws_moveit2/install/moveit_ros_move_group:/home/steven/ws_moveit2/install/moveit_ros_warehouse:/home/steven/ws_moveit2/install/moveit_ros_robot_interaction:/home/steven/ws_moveit2/install/moveit_kinematics:/home/steven/ws_moveit2/install/moveit_ros_planning:/home/steven/ws_moveit2/install/moveit_ros_occupancy_map_monitor:/home/steven/ws_moveit2/install/moveit_core:/home/steven/ws_moveit2/install/srdfdom:/home/steven/ws_moveit2/install/moveit_common:/opt/ros/humble LD_LIBRARY_PATH=/home/steven/ws_moveit2/install/moveit_ros_planning_interface/lib:/home/steven/ws_moveit2/install/moveit_ros_move_group/lib:/home/steven/ws_moveit2/install/moveit_ros_warehouse/lib:/home/steven/ws_moveit2/install/moveit_ros_robot_interaction/lib:/home/steven/ws_moveit2/install/moveit_kinematics/lib:/home/steven/ws_moveit2/install/moveit_ros_planning/lib:/home/steven/ws_moveit2/install/moveit_ros_occupancy_map_monitor/lib:/home/steven/ws_moveit2/install/moveit_core/lib:/home/steven/ws_moveit2/install/srdfdom/lib:/opt/ros/humble/opt/rviz_ogre_vendor/lib:/opt/ros/humble/lib/x86_64-linux-gnu:/opt/ros/humble/lib:/usr/local/cuda-12.3/lib64 PATH=/home/steven/ws_moveit2/install/moveit_core/bin:${PATH} PYTHONPATH=/home/steven/ws_moveit2/install/srdfdom/local/lib/python3.10/dist-packages:${PYTHONPATH} /usr/bin/cmake --install /home/steven/ws_moveit2/build/moveit_ros_visualization
