[0.008s] Invoking command in '/home/steven/ros2_ws/src/first_stage/src/first_stage_endeffector/build/first_stage_endeffector': CMAKE_PREFIX_PATH=${CMAKE_PREFIX_PATH}:/home/steven/ws_moveit2/install/moveit_configs_utils:/home/steven/ws_moveit2/install/launch_param_builder:/opt/ros/humble /usr/bin/cmake --build /home/steven/ros2_ws/src/first_stage/src/first_stage_endeffector/build/first_stage_endeffector -- -j32 -l32
[0.058s] [35m[1mConsolidate compiler generated dependencies of target first_stage_endeffector[0m
[0.080s] [ 50%] [32mBuilding CXX object CMakeFiles/first_stage_endeffector.dir/src/first_stage_endeffector.cpp.o[0m
[4.262s] [01m[K/home/steven/ros2_ws/src/first_stage/src/first_stage_endeffector/src/first_stage_endeffector.cpp:[m[K In member function ‘[01m[Kvoid RobotController::goHome()[m[K’:
[4.262s] [01m[K/home/steven/ros2_ws/src/first_stage/src/first_stage_endeffector/src/first_stage_endeffector.cpp:67:16:[m[K [01;31m[Kerror: [m[Kno matching function for call to ‘[01m[KRobotController::executePlan()[m[K’
[4.262s]    67 |     [01;31m[KexecutePlan()[m[K;
[4.262s]       |     [01;31m[K~~~~~~~~~~~^~[m[K
[4.262s] [01m[K/home/steven/ros2_ws/src/first_stage/src/first_stage_endeffector/src/first_stage_endeffector.cpp:118:8:[m[K [01;36m[Knote: [m[Kcandidate: ‘[01m[Kbool RobotController::executePlan(const string&)[m[K’
[4.262s]   118 |   bool [01;36m[KexecutePlan[m[K(const std::string& position_name)
[4.262s]       |        [01;36m[K^~~~~~~~~~~[m[K
[4.262s] [01m[K/home/steven/ros2_ws/src/first_stage/src/first_stage_endeffector/src/first_stage_endeffector.cpp:118:8:[m[K [01;36m[Knote: [m[K  candidate expects 1 argument, 0 provided
[4.266s] [01m[K/home/steven/ros2_ws/src/first_stage/src/first_stage_endeffector/src/first_stage_endeffector.cpp:[m[K In member function ‘[01m[Kvoid RobotController::planAndExecute()[m[K’:
[4.266s] [01m[K/home/steven/ros2_ws/src/first_stage/src/first_stage_endeffector/src/first_stage_endeffector.cpp:112:20:[m[K [01;31m[Kerror: [m[Kno matching function for call to ‘[01m[KRobotController::executePlan()[m[K’
[4.266s]   112 |     if ([01;31m[KexecutePlan()[m[K) {
[4.266s]       |         [01;31m[K~~~~~~~~~~~^~[m[K
[4.266s] [01m[K/home/steven/ros2_ws/src/first_stage/src/first_stage_endeffector/src/first_stage_endeffector.cpp:118:8:[m[K [01;36m[Knote: [m[Kcandidate: ‘[01m[Kbool RobotController::executePlan(const string&)[m[K’
[4.266s]   118 |   bool [01;36m[KexecutePlan[m[K(const std::string& position_name)
[4.266s]       |        [01;36m[K^~~~~~~~~~~[m[K
[4.266s] [01m[K/home/steven/ros2_ws/src/first_stage/src/first_stage_endeffector/src/first_stage_endeffector.cpp:118:8:[m[K [01;36m[Knote: [m[K  candidate expects 1 argument, 0 provided
[4.268s] [01m[K/home/steven/ros2_ws/src/first_stage/src/first_stage_endeffector/src/first_stage_endeffector.cpp:[m[K In member function ‘[01m[Kvoid RobotController::moveToCamera()[m[K’:
[4.268s] [01m[K/home/steven/ros2_ws/src/first_stage/src/first_stage_endeffector/src/first_stage_endeffector.cpp:178:16:[m[K [01;31m[Kerror: [m[Kno matching function for call to ‘[01m[KRobotController::executePlan()[m[K’
[4.268s]   178 |     [01;31m[KexecutePlan()[m[K;
[4.268s]       |     [01;31m[K~~~~~~~~~~~^~[m[K
[4.268s] [01m[K/home/steven/ros2_ws/src/first_stage/src/first_stage_endeffector/src/first_stage_endeffector.cpp:118:8:[m[K [01;36m[Knote: [m[Kcandidate: ‘[01m[Kbool RobotController::executePlan(const string&)[m[K’
[4.268s]   118 |   bool [01;36m[KexecutePlan[m[K(const std::string& position_name)
[4.268s]       |        [01;36m[K^~~~~~~~~~~[m[K
[4.268s] [01m[K/home/steven/ros2_ws/src/first_stage/src/first_stage_endeffector/src/first_stage_endeffector.cpp:118:8:[m[K [01;36m[Knote: [m[K  candidate expects 1 argument, 0 provided
[8.629s] gmake[2]: *** [CMakeFiles/first_stage_endeffector.dir/build.make:76：CMakeFiles/first_stage_endeffector.dir/src/first_stage_endeffector.cpp.o] 錯誤 1
[8.629s] gmake[1]: *** [CMakeFiles/Makefile2:137：CMakeFiles/first_stage_endeffector.dir/all] 錯誤 2
[8.629s] gmake: *** [Makefile:146：all] 錯誤 2
[8.631s] Invoked command in '/home/steven/ros2_ws/src/first_stage/src/first_stage_endeffector/build/first_stage_endeffector' returned '2': CMAKE_PREFIX_PATH=${CMAKE_PREFIX_PATH}:/home/steven/ws_moveit2/install/moveit_configs_utils:/home/steven/ws_moveit2/install/launch_param_builder:/opt/ros/humble /usr/bin/cmake --build /home/steven/ros2_ws/src/first_stage/src/first_stage_endeffector/build/first_stage_endeffector -- -j32 -l32
