[0.029s] Invoking command in '/home/steven/ws_moveit2/build/moveit2_tutorials': AMENT_PREFIX_PATH=/home/steven/ws_moveit2/install/moveit:/home/steven/ws_moveit2/install/moveit_task_constructor_core:/home/steven/ws_moveit2/install/moveit_setup_assistant:/home/steven/ws_moveit2/install/moveit_setup_srdf_plugins:/home/steven/ws_moveit2/install/moveit_setup_core_plugins:/home/steven/ws_moveit2/install/moveit_setup_controllers:/home/steven/ws_moveit2/install/moveit_setup_app_plugins:/home/steven/ws_moveit2/install/moveit_planners:/home/steven/ws_moveit2/install/pilz_industrial_motion_planner:/home/steven/ws_moveit2/install/moveit_setup_framework:/home/steven/ws_moveit2/install/moveit_ros:/home/steven/ws_moveit2/install/moveit_servo:/home/steven/ws_moveit2/install/moveit_ros_visualization:/home/steven/ws_moveit2/install/moveit_hybrid_planning:/home/steven/ws_moveit2/install/moveit_ros_planning_interface:/home/steven/ws_moveit2/install/moveit_ros_move_group:/home/steven/ws_moveit2/install/moveit_ros_benchmarks:/home/steven/ws_moveit2/install/moveit_visual_tools:/home/steven/ws_moveit2/install/moveit_ros_warehouse:/home/steven/ws_moveit2/install/moveit_ros_robot_interaction:/home/steven/ws_moveit2/install/moveit_ros_perception:/home/steven/ws_moveit2/install/moveit_planners_ompl:/home/steven/ws_moveit2/install/moveit_kinematics:/home/steven/ws_moveit2/install/moveit_ros_planning:/home/steven/ws_moveit2/install/moveit_plugins:/home/steven/ws_moveit2/install/moveit_simple_controller_manager:/home/steven/ws_moveit2/install/moveit_ros_occupancy_map_monitor:/home/steven/ws_moveit2/install/moveit_core:/home/steven/ws_moveit2/install/rviz_marker_tools:/home/steven/ws_moveit2/install/moveit_resources_panda_moveit_config:/home/steven/ws_moveit2/install/moveit_configs_utils:/home/steven/ws_moveit2/install/srdfdom:/home/steven/ws_moveit2/install/moveit_task_constructor_msgs:/home/steven/ws_moveit2/install/moveit_resources_panda_description:/home/steven/ws_moveit2/install/moveit_common:/home/steven/ws_moveit2/install/launch_param_builder:${AMENT_PREFIX_PATH} CMAKE_PREFIX_PATH=/home/steven/ws_moveit2/install/moveit:/home/steven/ws_moveit2/install/moveit_task_constructor_core:/home/steven/ws_moveit2/install/moveit_setup_assistant:/home/steven/ws_moveit2/install/moveit_setup_srdf_plugins:/home/steven/ws_moveit2/install/moveit_setup_core_plugins:/home/steven/ws_moveit2/install/moveit_setup_controllers:/home/steven/ws_moveit2/install/moveit_setup_app_plugins:/home/steven/ws_moveit2/install/moveit_planners:/home/steven/ws_moveit2/install/pilz_industrial_motion_planner:/home/steven/ws_moveit2/install/moveit_setup_framework:/home/steven/ws_moveit2/install/moveit_ros:/home/steven/ws_moveit2/install/moveit_servo:/home/steven/ws_moveit2/install/moveit_ros_visualization:/home/steven/ws_moveit2/install/moveit_hybrid_planning:/home/steven/ws_moveit2/install/moveit_ros_planning_interface:/home/steven/ws_moveit2/install/moveit_ros_move_group:/home/steven/ws_moveit2/install/moveit_ros_benchmarks:/home/steven/ws_moveit2/install/moveit_visual_tools:/home/steven/ws_moveit2/install/moveit_ros_warehouse:/home/steven/ws_moveit2/install/moveit_ros_robot_interaction:/home/steven/ws_moveit2/install/moveit_ros_perception:/home/steven/ws_moveit2/install/moveit_planners_ompl:/home/steven/ws_moveit2/install/moveit_kinematics:/home/steven/ws_moveit2/install/moveit_ros_planning:/home/steven/ws_moveit2/install/moveit_plugins:/home/steven/ws_moveit2/install/moveit_simple_controller_manager:/home/steven/ws_moveit2/install/moveit_ros_occupancy_map_monitor:/home/steven/ws_moveit2/install/moveit_core:/home/steven/ws_moveit2/install/rviz_marker_tools:/home/steven/ws_moveit2/install/moveit_resources_panda_moveit_config:/home/steven/ws_moveit2/install/srdfdom:/home/steven/ws_moveit2/install/moveit_task_constructor_msgs:/home/steven/ws_moveit2/install/moveit_resources_panda_description:/home/steven/ws_moveit2/install/moveit_common:/opt/ros/humble LD_LIBRARY_PATH=/home/steven/ws_moveit2/install/moveit_task_constructor_core/lib:/home/steven/ws_moveit2/install/moveit_setup_assistant/lib:/home/steven/ws_moveit2/install/moveit_setup_srdf_plugins/lib:/home/steven/ws_moveit2/install/moveit_setup_core_plugins/lib:/home/steven/ws_moveit2/install/moveit_setup_controllers/lib:/home/steven/ws_moveit2/install/moveit_setup_app_plugins/lib:/home/steven/ws_moveit2/install/pilz_industrial_motion_planner/lib:/home/steven/ws_moveit2/install/moveit_setup_framework/lib:/home/steven/ws_moveit2/install/moveit_servo/lib:/home/steven/ws_moveit2/install/moveit_ros_visualization/lib:/home/steven/ws_moveit2/install/moveit_hybrid_planning/lib:/home/steven/ws_moveit2/install/moveit_ros_planning_interface/lib:/home/steven/ws_moveit2/install/moveit_ros_move_group/lib:/home/steven/ws_moveit2/install/moveit_ros_benchmarks/lib:/home/steven/ws_moveit2/install/moveit_visual_tools/lib:/home/steven/ws_moveit2/install/moveit_ros_warehouse/lib:/home/steven/ws_moveit2/install/moveit_ros_robot_interaction/lib:/home/steven/ws_moveit2/install/moveit_ros_perception/lib:/home/steven/ws_moveit2/install/moveit_planners_ompl/lib:/home/steven/ws_moveit2/install/moveit_kinematics/lib:/home/steven/ws_moveit2/install/moveit_ros_planning/lib:/home/steven/ws_moveit2/install/moveit_simple_controller_manager/lib:/home/steven/ws_moveit2/install/moveit_ros_occupancy_map_monitor/lib:/home/steven/ws_moveit2/install/moveit_core/lib:/home/steven/ws_moveit2/install/rviz_marker_tools/lib:/home/steven/ws_moveit2/install/srdfdom/lib:/home/steven/ws_moveit2/install/moveit_task_constructor_msgs/lib:/opt/ros/humble/opt/rviz_ogre_vendor/lib:/opt/ros/humble/lib/x86_64-linux-gnu:/opt/ros/humble/lib:/usr/local/cuda-12.3/lib64 PATH=/home/steven/ws_moveit2/install/moveit_core/bin:${PATH} PYTHONPATH=/home/steven/ws_moveit2/install/moveit_configs_utils/lib/python3.10/site-packages:/home/steven/ws_moveit2/install/srdfdom/local/lib/python3.10/dist-packages:/home/steven/ws_moveit2/install/moveit_task_constructor_msgs/local/lib/python3.10/dist-packages:/home/steven/ws_moveit2/install/launch_param_builder/lib/python3.10/site-packages:${PYTHONPATH} /usr/bin/cmake /home/steven/ws_moveit2/src/moveit2_tutorials -DCMAKE_BUILD_TYPE=Release -DCMAKE_INSTALL_PREFIX=/home/steven/ws_moveit2/install/moveit2_tutorials
[0.055s] -- The C compiler identification is GNU 11.4.0
[0.079s] -- The CXX compiler identification is GNU 11.4.0
[0.082s] -- Detecting C compiler ABI info
[0.115s] -- Detecting C compiler ABI info - done
[0.118s] -- Check for working C compiler: /usr/bin/cc - skipped
[0.118s] -- Detecting C compile features
[0.118s] -- Detecting C compile features - done
[0.119s] -- Detecting CXX compiler ABI info
[0.156s] -- Detecting CXX compiler ABI info - done
[0.159s] -- Check for working CXX compiler: /usr/bin/c++ - skipped
[0.159s] -- Detecting CXX compile features
[0.159s] -- Detecting CXX compile features - done
[0.160s] -- Found moveit_common: 2.5.5 (/home/steven/ws_moveit2/install/moveit_common/share/moveit_common/cmake)
[0.162s] -- Found ament_cmake: 1.3.9 (/opt/ros/humble/share/ament_cmake/cmake)
[0.231s] -- Found Python3: /usr/bin/python3 (found version "3.10.12") found components: Interpreter 
[0.320s] -- Found libdw: /usr/lib/x86_64-linux-gnu/libdw.so  
[0.322s] -- Could NOT find libbfd (missing: LIBBFD_LIBRARY LIBBFD_INCLUDE_DIR) 
[0.322s] -- BACKWARD_HAS_UNWIND=1
[0.322s] -- BACKWARD_HAS_BACKTRACE=0
[0.322s] -- BACKWARD_HAS_BACKTRACE_SYMBOL=0
[0.322s] -- BACKWARD_HAS_DW=1
[0.322s] -- BACKWARD_HAS_BFD=0
[0.323s] -- Found Backward: /opt/ros/humble/share/backward_ros/cmake  
[0.438s] -- Found Boost: /usr/lib/x86_64-linux-gnu/cmake/Boost-1.74.0/BoostConfig.cmake (found version "1.74.0") found components: system filesystem date_time thread 
[0.440s] -- Found control_msgs: 4.5.0 (/opt/ros/humble/share/control_msgs/cmake)
[0.463s] -- Found rosidl_generator_c: 3.1.5 (/opt/ros/humble/share/rosidl_generator_c/cmake)
[0.467s] -- Found rosidl_adapter: 3.1.5 (/opt/ros/humble/share/rosidl_adapter/cmake)
[0.473s] -- Found rosidl_generator_cpp: 3.1.5 (/opt/ros/humble/share/rosidl_generator_cpp/cmake)
[0.481s] -- Using all available rosidl_typesupport_c: rosidl_typesupport_fastrtps_c;rosidl_typesupport_introspection_c
[0.493s] -- Using all available rosidl_typesupport_cpp: rosidl_typesupport_fastrtps_cpp;rosidl_typesupport_introspection_cpp
[0.733s] -- Found moveit_core: 2.5.5 (/home/steven/ws_moveit2/install/moveit_core/share/moveit_core/cmake)
[0.745s] -- Found Boost: /usr/lib/x86_64-linux-gnu/cmake/Boost-1.74.0/BoostConfig.cmake (found version "1.74.0") found components: chrono date_time filesystem iostreams program_options regex serialization system thread 
[0.772s] -- Found parameter_traits: 0.3.8 (/opt/ros/humble/share/parameter_traits/cmake)
[0.809s] -- Found rmw_implementation_cmake: 6.1.2 (/opt/ros/humble/share/rmw_implementation_cmake/cmake)
[0.812s] -- Found rmw_fastrtps_cpp: 6.2.6 (/opt/ros/humble/share/rmw_fastrtps_cpp/cmake)
[0.864s] -- Found OpenSSL: /usr/lib/x86_64-linux-gnu/libcrypto.so (found version "3.0.2")  
[0.875s] -- Found FastRTPS: /opt/ros/humble/include  
[0.898s] -- Using RMW implementation 'rmw_fastrtps_cpp' as default
[0.905s] -- Found Threads: TRUE  
[0.975s] -- Found Eigen3: TRUE (found version "3.4.0") 
[0.977s] -- Found rclcpp_lifecycle: 16.0.9 (/opt/ros/humble/share/rclcpp_lifecycle/cmake)
[1.000s] -- Found Boost: /usr/lib/x86_64-linux-gnu/cmake/Boost-1.74.0/BoostConfig.cmake (found version "1.74.0") found components: filesystem 
[1.051s] -- library: /usr/lib/x86_64-linux-gnu/libcurl.so
[1.151s] -- Ensuring Eigen3 include directory is part of orocos-kdl CMake target
[1.584s] -- Found moveit_task_constructor_core: 0.1.3 (/home/steven/ws_moveit2/install/moveit_task_constructor_core/share/moveit_task_constructor_core/cmake)
[1.616s] -- Found Boost: /usr/lib/x86_64-linux-gnu/cmake/Boost-1.74.0/BoostConfig.cmake (found version "1.74.0") found components: system filesystem date_time program_options thread chrono 
[1.855s] -- Found Boost: /usr/lib/x86_64-linux-gnu/cmake/Boost-1.74.0/BoostConfig.cmake (found version "1.74.0") found components: date_time filesystem program_options system thread 
[1.939s] -- Found Boost: /usr/lib/x86_64-linux-gnu/cmake/Boost-1.74.0/BoostConfig.cmake (found version "1.74.0") found components: thread system filesystem regex date_time program_options 
[2.049s] -- Found Boost: /usr/lib/x86_64-linux-gnu/cmake/Boost-1.74.0/BoostConfig.cmake (found version "1.74.0") found components: system filesystem date_time program_options thread 
[2.424s] -- Found moveit_ros_perception: 2.5.5 (/home/steven/ws_moveit2/install/moveit_ros_perception/share/moveit_ros_perception/cmake)
[2.426s] -- Found Boost: /usr/lib/x86_64-linux-gnu/cmake/Boost-1.74.0/BoostConfig.cmake (found version "1.74.0") found components: thread 
[2.567s] -- Found moveit_servo: 2.5.5 (/home/steven/ws_moveit2/install/moveit_servo/share/moveit_servo/cmake)
[2.843s] -- Found interactive_markers: 2.3.2 (/opt/ros/humble/share/interactive_markers/cmake)
[2.850s] -- Found rviz_visual_tools: 4.1.4 (/opt/ros/humble/share/rviz_visual_tools/cmake)
[2.905s] -- Setting OGRE_DIR to: '/opt/ros/humble/share/rviz_ogre_vendor/cmake/../../../opt/rviz_ogre_vendor/lib/OGRE/cmake'
[2.906s] -- Found OGRE
[2.906s] --   static     : OFF
[2.906s] --   components : HLMS;MeshLodGenerator;Overlay;Paging;Property;RTShaderSystem;Terrain;Volume
[2.906s] --   plugins    : Plugin_BSPSceneManager;Plugin_OctreeSceneManager;Plugin_PCZSceneManager;Plugin_ParticleFX;RenderSystem_GL;RenderSystem_GL3Plus;Codec_STBI
[2.906s] --   media      : /opt/ros/humble/opt/rviz_ogre_vendor/share/OGRE/Media
[2.906s] -- OGRE_LIBRARIES: OgreHLMS;OgreMeshLodGenerator;OgreOverlay;OgrePaging;OgreProperty;OgreRTShaderSystem;OgreTerrain;OgreVolume;OgreMain
[2.906s] -- OGRE_LIBRARY_DIRS: /opt/ros/humble/opt/rviz_ogre_vendor/lib
[2.906s] -- OGRE_PLUGINS: Plugin_BSPSceneManager;Plugin_OctreeSceneManager;Plugin_PCZSceneManager;Plugin_ParticleFX;RenderSystem_GL;RenderSystem_GL3Plus;Codec_STBI
[2.906s] -- OGRE_PLUGIN_DIR: /opt/ros/humble/opt/rviz_ogre_vendor/lib/OGRE
[2.907s] -- rviz_ogre_vendor::OgreOverlay for IMPORTED_LOCATION_RELEASE: /opt/ros/humble/opt/rviz_ogre_vendor/lib/libOgreOverlay.so
[2.907s] -- rviz_ogre_vendor::OgreOverlay for IMPORTED_LOCATION_DEBUG: /opt/ros/humble/opt/rviz_ogre_vendor/lib/libOgreOverlay.so
[2.907s] -- rviz_ogre_vendor::OgreMain for IMPORTED_LOCATION_RELEASE: /opt/ros/humble/opt/rviz_ogre_vendor/lib/libOgreMain.so
[2.907s] -- rviz_ogre_vendor::OgreMain for IMPORTED_LOCATION_DEBUG: /opt/ros/humble/opt/rviz_ogre_vendor/lib/libOgreMain.so
[2.907s] -- Could not find freeimage library
[2.916s] -- Found ZLIB: /usr/lib/x86_64-linux-gnu/libz.so (found version "1.2.11") 
[2.919s] -- Found OpenGL: /usr/lib/x86_64-linux-gnu/libOpenGL.so   
[2.967s] -- Found X11: /usr/include   
[2.967s] -- Looking for XOpenDisplay in /usr/lib/x86_64-linux-gnu/libX11.so;/usr/lib/x86_64-linux-gnu/libXext.so
[3.015s] -- Looking for XOpenDisplay in /usr/lib/x86_64-linux-gnu/libX11.so;/usr/lib/x86_64-linux-gnu/libXext.so - found
[3.015s] -- Looking for gethostbyname
[3.060s] -- Looking for gethostbyname - found
[3.060s] -- Looking for connect
[3.106s] -- Looking for connect - found
[3.106s] -- Looking for remove
[3.151s] -- Looking for remove - found
[3.151s] -- Looking for shmat
[3.198s] -- Looking for shmat - found
[3.198s] -- Looking for IceConnectionNumber in ICE
[3.244s] -- Looking for IceConnectionNumber in ICE - found
[3.245s] -- rviz_ogre_vendor::RenderSystem_GL for IMPORTED_LOCATION_RELEASE: _render_system_gl_static_library_abs-NOTFOUND
[3.245s] -- rviz_ogre_vendor::RenderSystem_GL for IMPORTED_LOCATION_DEBUG: _render_system_gl_static_library_abs-NOTFOUND
[3.504s] -- Found moveit_visual_tools: 4.1.0 (/home/steven/ws_moveit2/install/moveit_visual_tools/share/moveit_visual_tools/cmake)
[3.840s] -- Configuring done
[3.978s] -- Generating done
[3.979s] -- Build files have been written to: /home/steven/ws_moveit2/build/moveit2_tutorials
[3.993s] Invoked command in '/home/steven/ws_moveit2/build/moveit2_tutorials' returned '0': AMENT_PREFIX_PATH=/home/steven/ws_moveit2/install/moveit:/home/steven/ws_moveit2/install/moveit_task_constructor_core:/home/steven/ws_moveit2/install/moveit_setup_assistant:/home/steven/ws_moveit2/install/moveit_setup_srdf_plugins:/home/steven/ws_moveit2/install/moveit_setup_core_plugins:/home/steven/ws_moveit2/install/moveit_setup_controllers:/home/steven/ws_moveit2/install/moveit_setup_app_plugins:/home/steven/ws_moveit2/install/moveit_planners:/home/steven/ws_moveit2/install/pilz_industrial_motion_planner:/home/steven/ws_moveit2/install/moveit_setup_framework:/home/steven/ws_moveit2/install/moveit_ros:/home/steven/ws_moveit2/install/moveit_servo:/home/steven/ws_moveit2/install/moveit_ros_visualization:/home/steven/ws_moveit2/install/moveit_hybrid_planning:/home/steven/ws_moveit2/install/moveit_ros_planning_interface:/home/steven/ws_moveit2/install/moveit_ros_move_group:/home/steven/ws_moveit2/install/moveit_ros_benchmarks:/home/steven/ws_moveit2/install/moveit_visual_tools:/home/steven/ws_moveit2/install/moveit_ros_warehouse:/home/steven/ws_moveit2/install/moveit_ros_robot_interaction:/home/steven/ws_moveit2/install/moveit_ros_perception:/home/steven/ws_moveit2/install/moveit_planners_ompl:/home/steven/ws_moveit2/install/moveit_kinematics:/home/steven/ws_moveit2/install/moveit_ros_planning:/home/steven/ws_moveit2/install/moveit_plugins:/home/steven/ws_moveit2/install/moveit_simple_controller_manager:/home/steven/ws_moveit2/install/moveit_ros_occupancy_map_monitor:/home/steven/ws_moveit2/install/moveit_core:/home/steven/ws_moveit2/install/rviz_marker_tools:/home/steven/ws_moveit2/install/moveit_resources_panda_moveit_config:/home/steven/ws_moveit2/install/moveit_configs_utils:/home/steven/ws_moveit2/install/srdfdom:/home/steven/ws_moveit2/install/moveit_task_constructor_msgs:/home/steven/ws_moveit2/install/moveit_resources_panda_description:/home/steven/ws_moveit2/install/moveit_common:/home/steven/ws_moveit2/install/launch_param_builder:${AMENT_PREFIX_PATH} CMAKE_PREFIX_PATH=/home/steven/ws_moveit2/install/moveit:/home/steven/ws_moveit2/install/moveit_task_constructor_core:/home/steven/ws_moveit2/install/moveit_setup_assistant:/home/steven/ws_moveit2/install/moveit_setup_srdf_plugins:/home/steven/ws_moveit2/install/moveit_setup_core_plugins:/home/steven/ws_moveit2/install/moveit_setup_controllers:/home/steven/ws_moveit2/install/moveit_setup_app_plugins:/home/steven/ws_moveit2/install/moveit_planners:/home/steven/ws_moveit2/install/pilz_industrial_motion_planner:/home/steven/ws_moveit2/install/moveit_setup_framework:/home/steven/ws_moveit2/install/moveit_ros:/home/steven/ws_moveit2/install/moveit_servo:/home/steven/ws_moveit2/install/moveit_ros_visualization:/home/steven/ws_moveit2/install/moveit_hybrid_planning:/home/steven/ws_moveit2/install/moveit_ros_planning_interface:/home/steven/ws_moveit2/install/moveit_ros_move_group:/home/steven/ws_moveit2/install/moveit_ros_benchmarks:/home/steven/ws_moveit2/install/moveit_visual_tools:/home/steven/ws_moveit2/install/moveit_ros_warehouse:/home/steven/ws_moveit2/install/moveit_ros_robot_interaction:/home/steven/ws_moveit2/install/moveit_ros_perception:/home/steven/ws_moveit2/install/moveit_planners_ompl:/home/steven/ws_moveit2/install/moveit_kinematics:/home/steven/ws_moveit2/install/moveit_ros_planning:/home/steven/ws_moveit2/install/moveit_plugins:/home/steven/ws_moveit2/install/moveit_simple_controller_manager:/home/steven/ws_moveit2/install/moveit_ros_occupancy_map_monitor:/home/steven/ws_moveit2/install/moveit_core:/home/steven/ws_moveit2/install/rviz_marker_tools:/home/steven/ws_moveit2/install/moveit_resources_panda_moveit_config:/home/steven/ws_moveit2/install/srdfdom:/home/steven/ws_moveit2/install/moveit_task_constructor_msgs:/home/steven/ws_moveit2/install/moveit_resources_panda_description:/home/steven/ws_moveit2/install/moveit_common:/opt/ros/humble LD_LIBRARY_PATH=/home/steven/ws_moveit2/install/moveit_task_constructor_core/lib:/home/steven/ws_moveit2/install/moveit_setup_assistant/lib:/home/steven/ws_moveit2/install/moveit_setup_srdf_plugins/lib:/home/steven/ws_moveit2/install/moveit_setup_core_plugins/lib:/home/steven/ws_moveit2/install/moveit_setup_controllers/lib:/home/steven/ws_moveit2/install/moveit_setup_app_plugins/lib:/home/steven/ws_moveit2/install/pilz_industrial_motion_planner/lib:/home/steven/ws_moveit2/install/moveit_setup_framework/lib:/home/steven/ws_moveit2/install/moveit_servo/lib:/home/steven/ws_moveit2/install/moveit_ros_visualization/lib:/home/steven/ws_moveit2/install/moveit_hybrid_planning/lib:/home/steven/ws_moveit2/install/moveit_ros_planning_interface/lib:/home/steven/ws_moveit2/install/moveit_ros_move_group/lib:/home/steven/ws_moveit2/install/moveit_ros_benchmarks/lib:/home/steven/ws_moveit2/install/moveit_visual_tools/lib:/home/steven/ws_moveit2/install/moveit_ros_warehouse/lib:/home/steven/ws_moveit2/install/moveit_ros_robot_interaction/lib:/home/steven/ws_moveit2/install/moveit_ros_perception/lib:/home/steven/ws_moveit2/install/moveit_planners_ompl/lib:/home/steven/ws_moveit2/install/moveit_kinematics/lib:/home/steven/ws_moveit2/install/moveit_ros_planning/lib:/home/steven/ws_moveit2/install/moveit_simple_controller_manager/lib:/home/steven/ws_moveit2/install/moveit_ros_occupancy_map_monitor/lib:/home/steven/ws_moveit2/install/moveit_core/lib:/home/steven/ws_moveit2/install/rviz_marker_tools/lib:/home/steven/ws_moveit2/install/srdfdom/lib:/home/steven/ws_moveit2/install/moveit_task_constructor_msgs/lib:/opt/ros/humble/opt/rviz_ogre_vendor/lib:/opt/ros/humble/lib/x86_64-linux-gnu:/opt/ros/humble/lib:/usr/local/cuda-12.3/lib64 PATH=/home/steven/ws_moveit2/install/moveit_core/bin:${PATH} PYTHONPATH=/home/steven/ws_moveit2/install/moveit_configs_utils/lib/python3.10/site-packages:/home/steven/ws_moveit2/install/srdfdom/local/lib/python3.10/dist-packages:/home/steven/ws_moveit2/install/moveit_task_constructor_msgs/local/lib/python3.10/dist-packages:/home/steven/ws_moveit2/install/launch_param_builder/lib/python3.10/site-packages:${PYTHONPATH} /usr/bin/cmake /home/steven/ws_moveit2/src/moveit2_tutorials -DCMAKE_BUILD_TYPE=Release -DCMAKE_INSTALL_PREFIX=/home/steven/ws_moveit2/install/moveit2_tutorials
[3.993s] Invoking command in '/home/steven/ws_moveit2/build/moveit2_tutorials': AMENT_PREFIX_PATH=/home/steven/ws_moveit2/install/moveit:/home/steven/ws_moveit2/install/moveit_task_constructor_core:/home/steven/ws_moveit2/install/moveit_setup_assistant:/home/steven/ws_moveit2/install/moveit_setup_srdf_plugins:/home/steven/ws_moveit2/install/moveit_setup_core_plugins:/home/steven/ws_moveit2/install/moveit_setup_controllers:/home/steven/ws_moveit2/install/moveit_setup_app_plugins:/home/steven/ws_moveit2/install/moveit_planners:/home/steven/ws_moveit2/install/pilz_industrial_motion_planner:/home/steven/ws_moveit2/install/moveit_setup_framework:/home/steven/ws_moveit2/install/moveit_ros:/home/steven/ws_moveit2/install/moveit_servo:/home/steven/ws_moveit2/install/moveit_ros_visualization:/home/steven/ws_moveit2/install/moveit_hybrid_planning:/home/steven/ws_moveit2/install/moveit_ros_planning_interface:/home/steven/ws_moveit2/install/moveit_ros_move_group:/home/steven/ws_moveit2/install/moveit_ros_benchmarks:/home/steven/ws_moveit2/install/moveit_visual_tools:/home/steven/ws_moveit2/install/moveit_ros_warehouse:/home/steven/ws_moveit2/install/moveit_ros_robot_interaction:/home/steven/ws_moveit2/install/moveit_ros_perception:/home/steven/ws_moveit2/install/moveit_planners_ompl:/home/steven/ws_moveit2/install/moveit_kinematics:/home/steven/ws_moveit2/install/moveit_ros_planning:/home/steven/ws_moveit2/install/moveit_plugins:/home/steven/ws_moveit2/install/moveit_simple_controller_manager:/home/steven/ws_moveit2/install/moveit_ros_occupancy_map_monitor:/home/steven/ws_moveit2/install/moveit_core:/home/steven/ws_moveit2/install/rviz_marker_tools:/home/steven/ws_moveit2/install/moveit_resources_panda_moveit_config:/home/steven/ws_moveit2/install/moveit_configs_utils:/home/steven/ws_moveit2/install/srdfdom:/home/steven/ws_moveit2/install/moveit_task_constructor_msgs:/home/steven/ws_moveit2/install/moveit_resources_panda_description:/home/steven/ws_moveit2/install/moveit_common:/home/steven/ws_moveit2/install/launch_param_builder:${AMENT_PREFIX_PATH} CMAKE_PREFIX_PATH=/home/steven/ws_moveit2/install/moveit:/home/steven/ws_moveit2/install/moveit_task_constructor_core:/home/steven/ws_moveit2/install/moveit_setup_assistant:/home/steven/ws_moveit2/install/moveit_setup_srdf_plugins:/home/steven/ws_moveit2/install/moveit_setup_core_plugins:/home/steven/ws_moveit2/install/moveit_setup_controllers:/home/steven/ws_moveit2/install/moveit_setup_app_plugins:/home/steven/ws_moveit2/install/moveit_planners:/home/steven/ws_moveit2/install/pilz_industrial_motion_planner:/home/steven/ws_moveit2/install/moveit_setup_framework:/home/steven/ws_moveit2/install/moveit_ros:/home/steven/ws_moveit2/install/moveit_servo:/home/steven/ws_moveit2/install/moveit_ros_visualization:/home/steven/ws_moveit2/install/moveit_hybrid_planning:/home/steven/ws_moveit2/install/moveit_ros_planning_interface:/home/steven/ws_moveit2/install/moveit_ros_move_group:/home/steven/ws_moveit2/install/moveit_ros_benchmarks:/home/steven/ws_moveit2/install/moveit_visual_tools:/home/steven/ws_moveit2/install/moveit_ros_warehouse:/home/steven/ws_moveit2/install/moveit_ros_robot_interaction:/home/steven/ws_moveit2/install/moveit_ros_perception:/home/steven/ws_moveit2/install/moveit_planners_ompl:/home/steven/ws_moveit2/install/moveit_kinematics:/home/steven/ws_moveit2/install/moveit_ros_planning:/home/steven/ws_moveit2/install/moveit_plugins:/home/steven/ws_moveit2/install/moveit_simple_controller_manager:/home/steven/ws_moveit2/install/moveit_ros_occupancy_map_monitor:/home/steven/ws_moveit2/install/moveit_core:/home/steven/ws_moveit2/install/rviz_marker_tools:/home/steven/ws_moveit2/install/moveit_resources_panda_moveit_config:/home/steven/ws_moveit2/install/srdfdom:/home/steven/ws_moveit2/install/moveit_task_constructor_msgs:/home/steven/ws_moveit2/install/moveit_resources_panda_description:/home/steven/ws_moveit2/install/moveit_common:/opt/ros/humble LD_LIBRARY_PATH=/home/steven/ws_moveit2/install/moveit_task_constructor_core/lib:/home/steven/ws_moveit2/install/moveit_setup_assistant/lib:/home/steven/ws_moveit2/install/moveit_setup_srdf_plugins/lib:/home/steven/ws_moveit2/install/moveit_setup_core_plugins/lib:/home/steven/ws_moveit2/install/moveit_setup_controllers/lib:/home/steven/ws_moveit2/install/moveit_setup_app_plugins/lib:/home/steven/ws_moveit2/install/pilz_industrial_motion_planner/lib:/home/steven/ws_moveit2/install/moveit_setup_framework/lib:/home/steven/ws_moveit2/install/moveit_servo/lib:/home/steven/ws_moveit2/install/moveit_ros_visualization/lib:/home/steven/ws_moveit2/install/moveit_hybrid_planning/lib:/home/steven/ws_moveit2/install/moveit_ros_planning_interface/lib:/home/steven/ws_moveit2/install/moveit_ros_move_group/lib:/home/steven/ws_moveit2/install/moveit_ros_benchmarks/lib:/home/steven/ws_moveit2/install/moveit_visual_tools/lib:/home/steven/ws_moveit2/install/moveit_ros_warehouse/lib:/home/steven/ws_moveit2/install/moveit_ros_robot_interaction/lib:/home/steven/ws_moveit2/install/moveit_ros_perception/lib:/home/steven/ws_moveit2/install/moveit_planners_ompl/lib:/home/steven/ws_moveit2/install/moveit_kinematics/lib:/home/steven/ws_moveit2/install/moveit_ros_planning/lib:/home/steven/ws_moveit2/install/moveit_simple_controller_manager/lib:/home/steven/ws_moveit2/install/moveit_ros_occupancy_map_monitor/lib:/home/steven/ws_moveit2/install/moveit_core/lib:/home/steven/ws_moveit2/install/rviz_marker_tools/lib:/home/steven/ws_moveit2/install/srdfdom/lib:/home/steven/ws_moveit2/install/moveit_task_constructor_msgs/lib:/opt/ros/humble/opt/rviz_ogre_vendor/lib:/opt/ros/humble/lib/x86_64-linux-gnu:/opt/ros/humble/lib:/usr/local/cuda-12.3/lib64 PATH=/home/steven/ws_moveit2/install/moveit_core/bin:${PATH} PYTHONPATH=/home/steven/ws_moveit2/install/moveit_configs_utils/lib/python3.10/site-packages:/home/steven/ws_moveit2/install/srdfdom/local/lib/python3.10/dist-packages:/home/steven/ws_moveit2/install/moveit_task_constructor_msgs/local/lib/python3.10/dist-packages:/home/steven/ws_moveit2/install/launch_param_builder/lib/python3.10/site-packages:${PYTHONPATH} /usr/bin/cmake --build /home/steven/ws_moveit2/build/moveit2_tutorials -- -j32 -l32
[4.025s] [ 30%] [32mBuilding CXX object doc/examples/move_group_interface/CMakeFiles/move_group_interface_tutorial.dir/src/move_group_interface_tutorial.cpp.o[0m
[4.025s] [ 30%] [32mBuilding CXX object doc/examples/motion_planning_api/CMakeFiles/motion_planning_api_tutorial.dir/src/motion_planning_api_tutorial.cpp.o[0m
[4.025s] [ 30%] [32mBuilding CXX object doc/tutorials/pick_and_place_with_moveit_task_constructor/CMakeFiles/minimal_mtc_tutorial.dir/src/minimal.cpp.o[0m
[4.025s] [ 30%] [32mBuilding CXX object doc/tutorials/pick_and_place_with_moveit_task_constructor/CMakeFiles/mtc_tutorial.dir/src/mtc_node.cpp.o[0m
[4.026s] [ 30%] [32mBuilding CXX object doc/examples/pilz_industrial_motion_planner/CMakeFiles/pilz_move_group.dir/src/pilz_move_group.cpp.o[0m
[4.026s] [ 30%] [32mBuilding CXX object doc/examples/planning_scene/CMakeFiles/planning_scene_tutorial.dir/src/planning_scene_tutorial.cpp.o[0m
[4.026s] [ 30%] [32mBuilding CXX object doc/examples/planning_scene_ros_api/CMakeFiles/planning_scene_ros_api_tutorial.dir/src/planning_scene_ros_api_tutorial.cpp.o[0m
[4.026s] [ 30%] [32mBuilding CXX object doc/examples/pilz_industrial_motion_planner/CMakeFiles/pilz_mtc.dir/src/pilz_mtc.cpp.o[0m
[4.030s] [ 34%] [32mBuilding CXX object doc/examples/realtime_servo/CMakeFiles/servo_keyboard_input.dir/src/servo_keyboard_input.cpp.o[0m
[4.031s] [ 46%] [32mBuilding CXX object doc/examples/robot_model_and_robot_state/CMakeFiles/robot_model_and_robot_state_tutorial.dir/src/robot_model_and_robot_state_tutorial.cpp.o[0m
[4.031s] [ 46%] [32mBuilding CXX object doc/examples/realtime_servo/CMakeFiles/servo_cpp_interface_demo.dir/src/servo_cpp_interface_demo.cpp.o[0m
[4.031s] [ 46%] [32mBuilding CXX object doc/examples/moveit_cpp/CMakeFiles/moveit_cpp_tutorial.dir/src/moveit_cpp_tutorial.cpp.o[0m
[4.031s] [ 50%] [32mBuilding CXX object doc/how_to_guides/using_ompl_constrained_planning/CMakeFiles/ompl_constrained_planning.dir/src/ompl_constrained_planning_tutorial.cpp.o[0m
[7.021s] [ 53%] [32m[1mLinking CXX executable servo_keyboard_input[0m
[7.357s] [ 53%] Built target servo_keyboard_input
[8.347s] [ 57%] [32m[1mLinking CXX executable planning_scene_tutorial[0m
[8.599s] [ 57%] Built target planning_scene_tutorial
[8.605s] [ 61%] [32m[1mLinking CXX executable pilz_mtc[0m
[8.822s] [ 61%] Built target pilz_mtc
[9.264s] [ 65%] [32m[1mLinking CXX executable robot_model_and_robot_state_tutorial[0m
[9.537s] [ 65%] Built target robot_model_and_robot_state_tutorial
[10.023s] [ 69%] [32m[1mLinking CXX executable pilz_move_group[0m
[10.064s] [ 73%] [32m[1mLinking CXX executable move_group_interface_tutorial[0m
[10.203s] [ 76%] [32m[1mLinking CXX executable planning_scene_ros_api_tutorial[0m
[10.255s] [ 76%] Built target pilz_move_group
[10.302s] [ 76%] Built target move_group_interface_tutorial
[10.390s] [ 76%] Built target planning_scene_ros_api_tutorial
[10.495s] [ 80%] [32m[1mLinking CXX executable mtc_tutorial[0m
[10.808s] [ 80%] Built target mtc_tutorial
[11.160s] [ 84%] [32m[1mLinking CXX executable minimal_mtc_tutorial[0m
[11.439s] [ 84%] Built target minimal_mtc_tutorial
[11.654s] [ 88%] [32m[1mLinking CXX executable ompl_constrained_planning[0m
[11.868s] [ 88%] Built target ompl_constrained_planning
[12.276s] [ 92%] [32m[1mLinking CXX executable moveit_cpp_tutorial[0m
[12.506s] [ 92%] Built target moveit_cpp_tutorial
[13.385s] [ 96%] [32m[1mLinking CXX executable motion_planning_api_tutorial[0m
[13.610s] [ 96%] Built target motion_planning_api_tutorial
[13.726s] [100%] [32m[1mLinking CXX executable servo_cpp_interface_demo[0m
[13.958s] [100%] Built target servo_cpp_interface_demo
[13.965s] Invoked command in '/home/steven/ws_moveit2/build/moveit2_tutorials' returned '0': AMENT_PREFIX_PATH=/home/steven/ws_moveit2/install/moveit:/home/steven/ws_moveit2/install/moveit_task_constructor_core:/home/steven/ws_moveit2/install/moveit_setup_assistant:/home/steven/ws_moveit2/install/moveit_setup_srdf_plugins:/home/steven/ws_moveit2/install/moveit_setup_core_plugins:/home/steven/ws_moveit2/install/moveit_setup_controllers:/home/steven/ws_moveit2/install/moveit_setup_app_plugins:/home/steven/ws_moveit2/install/moveit_planners:/home/steven/ws_moveit2/install/pilz_industrial_motion_planner:/home/steven/ws_moveit2/install/moveit_setup_framework:/home/steven/ws_moveit2/install/moveit_ros:/home/steven/ws_moveit2/install/moveit_servo:/home/steven/ws_moveit2/install/moveit_ros_visualization:/home/steven/ws_moveit2/install/moveit_hybrid_planning:/home/steven/ws_moveit2/install/moveit_ros_planning_interface:/home/steven/ws_moveit2/install/moveit_ros_move_group:/home/steven/ws_moveit2/install/moveit_ros_benchmarks:/home/steven/ws_moveit2/install/moveit_visual_tools:/home/steven/ws_moveit2/install/moveit_ros_warehouse:/home/steven/ws_moveit2/install/moveit_ros_robot_interaction:/home/steven/ws_moveit2/install/moveit_ros_perception:/home/steven/ws_moveit2/install/moveit_planners_ompl:/home/steven/ws_moveit2/install/moveit_kinematics:/home/steven/ws_moveit2/install/moveit_ros_planning:/home/steven/ws_moveit2/install/moveit_plugins:/home/steven/ws_moveit2/install/moveit_simple_controller_manager:/home/steven/ws_moveit2/install/moveit_ros_occupancy_map_monitor:/home/steven/ws_moveit2/install/moveit_core:/home/steven/ws_moveit2/install/rviz_marker_tools:/home/steven/ws_moveit2/install/moveit_resources_panda_moveit_config:/home/steven/ws_moveit2/install/moveit_configs_utils:/home/steven/ws_moveit2/install/srdfdom:/home/steven/ws_moveit2/install/moveit_task_constructor_msgs:/home/steven/ws_moveit2/install/moveit_resources_panda_description:/home/steven/ws_moveit2/install/moveit_common:/home/steven/ws_moveit2/install/launch_param_builder:${AMENT_PREFIX_PATH} CMAKE_PREFIX_PATH=/home/steven/ws_moveit2/install/moveit:/home/steven/ws_moveit2/install/moveit_task_constructor_core:/home/steven/ws_moveit2/install/moveit_setup_assistant:/home/steven/ws_moveit2/install/moveit_setup_srdf_plugins:/home/steven/ws_moveit2/install/moveit_setup_core_plugins:/home/steven/ws_moveit2/install/moveit_setup_controllers:/home/steven/ws_moveit2/install/moveit_setup_app_plugins:/home/steven/ws_moveit2/install/moveit_planners:/home/steven/ws_moveit2/install/pilz_industrial_motion_planner:/home/steven/ws_moveit2/install/moveit_setup_framework:/home/steven/ws_moveit2/install/moveit_ros:/home/steven/ws_moveit2/install/moveit_servo:/home/steven/ws_moveit2/install/moveit_ros_visualization:/home/steven/ws_moveit2/install/moveit_hybrid_planning:/home/steven/ws_moveit2/install/moveit_ros_planning_interface:/home/steven/ws_moveit2/install/moveit_ros_move_group:/home/steven/ws_moveit2/install/moveit_ros_benchmarks:/home/steven/ws_moveit2/install/moveit_visual_tools:/home/steven/ws_moveit2/install/moveit_ros_warehouse:/home/steven/ws_moveit2/install/moveit_ros_robot_interaction:/home/steven/ws_moveit2/install/moveit_ros_perception:/home/steven/ws_moveit2/install/moveit_planners_ompl:/home/steven/ws_moveit2/install/moveit_kinematics:/home/steven/ws_moveit2/install/moveit_ros_planning:/home/steven/ws_moveit2/install/moveit_plugins:/home/steven/ws_moveit2/install/moveit_simple_controller_manager:/home/steven/ws_moveit2/install/moveit_ros_occupancy_map_monitor:/home/steven/ws_moveit2/install/moveit_core:/home/steven/ws_moveit2/install/rviz_marker_tools:/home/steven/ws_moveit2/install/moveit_resources_panda_moveit_config:/home/steven/ws_moveit2/install/srdfdom:/home/steven/ws_moveit2/install/moveit_task_constructor_msgs:/home/steven/ws_moveit2/install/moveit_resources_panda_description:/home/steven/ws_moveit2/install/moveit_common:/opt/ros/humble LD_LIBRARY_PATH=/home/steven/ws_moveit2/install/moveit_task_constructor_core/lib:/home/steven/ws_moveit2/install/moveit_setup_assistant/lib:/home/steven/ws_moveit2/install/moveit_setup_srdf_plugins/lib:/home/steven/ws_moveit2/install/moveit_setup_core_plugins/lib:/home/steven/ws_moveit2/install/moveit_setup_controllers/lib:/home/steven/ws_moveit2/install/moveit_setup_app_plugins/lib:/home/steven/ws_moveit2/install/pilz_industrial_motion_planner/lib:/home/steven/ws_moveit2/install/moveit_setup_framework/lib:/home/steven/ws_moveit2/install/moveit_servo/lib:/home/steven/ws_moveit2/install/moveit_ros_visualization/lib:/home/steven/ws_moveit2/install/moveit_hybrid_planning/lib:/home/steven/ws_moveit2/install/moveit_ros_planning_interface/lib:/home/steven/ws_moveit2/install/moveit_ros_move_group/lib:/home/steven/ws_moveit2/install/moveit_ros_benchmarks/lib:/home/steven/ws_moveit2/install/moveit_visual_tools/lib:/home/steven/ws_moveit2/install/moveit_ros_warehouse/lib:/home/steven/ws_moveit2/install/moveit_ros_robot_interaction/lib:/home/steven/ws_moveit2/install/moveit_ros_perception/lib:/home/steven/ws_moveit2/install/moveit_planners_ompl/lib:/home/steven/ws_moveit2/install/moveit_kinematics/lib:/home/steven/ws_moveit2/install/moveit_ros_planning/lib:/home/steven/ws_moveit2/install/moveit_simple_controller_manager/lib:/home/steven/ws_moveit2/install/moveit_ros_occupancy_map_monitor/lib:/home/steven/ws_moveit2/install/moveit_core/lib:/home/steven/ws_moveit2/install/rviz_marker_tools/lib:/home/steven/ws_moveit2/install/srdfdom/lib:/home/steven/ws_moveit2/install/moveit_task_constructor_msgs/lib:/opt/ros/humble/opt/rviz_ogre_vendor/lib:/opt/ros/humble/lib/x86_64-linux-gnu:/opt/ros/humble/lib:/usr/local/cuda-12.3/lib64 PATH=/home/steven/ws_moveit2/install/moveit_core/bin:${PATH} PYTHONPATH=/home/steven/ws_moveit2/install/moveit_configs_utils/lib/python3.10/site-packages:/home/steven/ws_moveit2/install/srdfdom/local/lib/python3.10/dist-packages:/home/steven/ws_moveit2/install/moveit_task_constructor_msgs/local/lib/python3.10/dist-packages:/home/steven/ws_moveit2/install/launch_param_builder/lib/python3.10/site-packages:${PYTHONPATH} /usr/bin/cmake --build /home/steven/ws_moveit2/build/moveit2_tutorials -- -j32 -l32
[13.977s] Invoking command in '/home/steven/ws_moveit2/build/moveit2_tutorials': AMENT_PREFIX_PATH=/home/steven/ws_moveit2/install/moveit:/home/steven/ws_moveit2/install/moveit_task_constructor_core:/home/steven/ws_moveit2/install/moveit_setup_assistant:/home/steven/ws_moveit2/install/moveit_setup_srdf_plugins:/home/steven/ws_moveit2/install/moveit_setup_core_plugins:/home/steven/ws_moveit2/install/moveit_setup_controllers:/home/steven/ws_moveit2/install/moveit_setup_app_plugins:/home/steven/ws_moveit2/install/moveit_planners:/home/steven/ws_moveit2/install/pilz_industrial_motion_planner:/home/steven/ws_moveit2/install/moveit_setup_framework:/home/steven/ws_moveit2/install/moveit_ros:/home/steven/ws_moveit2/install/moveit_servo:/home/steven/ws_moveit2/install/moveit_ros_visualization:/home/steven/ws_moveit2/install/moveit_hybrid_planning:/home/steven/ws_moveit2/install/moveit_ros_planning_interface:/home/steven/ws_moveit2/install/moveit_ros_move_group:/home/steven/ws_moveit2/install/moveit_ros_benchmarks:/home/steven/ws_moveit2/install/moveit_visual_tools:/home/steven/ws_moveit2/install/moveit_ros_warehouse:/home/steven/ws_moveit2/install/moveit_ros_robot_interaction:/home/steven/ws_moveit2/install/moveit_ros_perception:/home/steven/ws_moveit2/install/moveit_planners_ompl:/home/steven/ws_moveit2/install/moveit_kinematics:/home/steven/ws_moveit2/install/moveit_ros_planning:/home/steven/ws_moveit2/install/moveit_plugins:/home/steven/ws_moveit2/install/moveit_simple_controller_manager:/home/steven/ws_moveit2/install/moveit_ros_occupancy_map_monitor:/home/steven/ws_moveit2/install/moveit_core:/home/steven/ws_moveit2/install/rviz_marker_tools:/home/steven/ws_moveit2/install/moveit_resources_panda_moveit_config:/home/steven/ws_moveit2/install/moveit_configs_utils:/home/steven/ws_moveit2/install/srdfdom:/home/steven/ws_moveit2/install/moveit_task_constructor_msgs:/home/steven/ws_moveit2/install/moveit_resources_panda_description:/home/steven/ws_moveit2/install/moveit_common:/home/steven/ws_moveit2/install/launch_param_builder:${AMENT_PREFIX_PATH} CMAKE_PREFIX_PATH=/home/steven/ws_moveit2/install/moveit:/home/steven/ws_moveit2/install/moveit_task_constructor_core:/home/steven/ws_moveit2/install/moveit_setup_assistant:/home/steven/ws_moveit2/install/moveit_setup_srdf_plugins:/home/steven/ws_moveit2/install/moveit_setup_core_plugins:/home/steven/ws_moveit2/install/moveit_setup_controllers:/home/steven/ws_moveit2/install/moveit_setup_app_plugins:/home/steven/ws_moveit2/install/moveit_planners:/home/steven/ws_moveit2/install/pilz_industrial_motion_planner:/home/steven/ws_moveit2/install/moveit_setup_framework:/home/steven/ws_moveit2/install/moveit_ros:/home/steven/ws_moveit2/install/moveit_servo:/home/steven/ws_moveit2/install/moveit_ros_visualization:/home/steven/ws_moveit2/install/moveit_hybrid_planning:/home/steven/ws_moveit2/install/moveit_ros_planning_interface:/home/steven/ws_moveit2/install/moveit_ros_move_group:/home/steven/ws_moveit2/install/moveit_ros_benchmarks:/home/steven/ws_moveit2/install/moveit_visual_tools:/home/steven/ws_moveit2/install/moveit_ros_warehouse:/home/steven/ws_moveit2/install/moveit_ros_robot_interaction:/home/steven/ws_moveit2/install/moveit_ros_perception:/home/steven/ws_moveit2/install/moveit_planners_ompl:/home/steven/ws_moveit2/install/moveit_kinematics:/home/steven/ws_moveit2/install/moveit_ros_planning:/home/steven/ws_moveit2/install/moveit_plugins:/home/steven/ws_moveit2/install/moveit_simple_controller_manager:/home/steven/ws_moveit2/install/moveit_ros_occupancy_map_monitor:/home/steven/ws_moveit2/install/moveit_core:/home/steven/ws_moveit2/install/rviz_marker_tools:/home/steven/ws_moveit2/install/moveit_resources_panda_moveit_config:/home/steven/ws_moveit2/install/srdfdom:/home/steven/ws_moveit2/install/moveit_task_constructor_msgs:/home/steven/ws_moveit2/install/moveit_resources_panda_description:/home/steven/ws_moveit2/install/moveit_common:/opt/ros/humble LD_LIBRARY_PATH=/home/steven/ws_moveit2/install/moveit_task_constructor_core/lib:/home/steven/ws_moveit2/install/moveit_setup_assistant/lib:/home/steven/ws_moveit2/install/moveit_setup_srdf_plugins/lib:/home/steven/ws_moveit2/install/moveit_setup_core_plugins/lib:/home/steven/ws_moveit2/install/moveit_setup_controllers/lib:/home/steven/ws_moveit2/install/moveit_setup_app_plugins/lib:/home/steven/ws_moveit2/install/pilz_industrial_motion_planner/lib:/home/steven/ws_moveit2/install/moveit_setup_framework/lib:/home/steven/ws_moveit2/install/moveit_servo/lib:/home/steven/ws_moveit2/install/moveit_ros_visualization/lib:/home/steven/ws_moveit2/install/moveit_hybrid_planning/lib:/home/steven/ws_moveit2/install/moveit_ros_planning_interface/lib:/home/steven/ws_moveit2/install/moveit_ros_move_group/lib:/home/steven/ws_moveit2/install/moveit_ros_benchmarks/lib:/home/steven/ws_moveit2/install/moveit_visual_tools/lib:/home/steven/ws_moveit2/install/moveit_ros_warehouse/lib:/home/steven/ws_moveit2/install/moveit_ros_robot_interaction/lib:/home/steven/ws_moveit2/install/moveit_ros_perception/lib:/home/steven/ws_moveit2/install/moveit_planners_ompl/lib:/home/steven/ws_moveit2/install/moveit_kinematics/lib:/home/steven/ws_moveit2/install/moveit_ros_planning/lib:/home/steven/ws_moveit2/install/moveit_simple_controller_manager/lib:/home/steven/ws_moveit2/install/moveit_ros_occupancy_map_monitor/lib:/home/steven/ws_moveit2/install/moveit_core/lib:/home/steven/ws_moveit2/install/rviz_marker_tools/lib:/home/steven/ws_moveit2/install/srdfdom/lib:/home/steven/ws_moveit2/install/moveit_task_constructor_msgs/lib:/opt/ros/humble/opt/rviz_ogre_vendor/lib:/opt/ros/humble/lib/x86_64-linux-gnu:/opt/ros/humble/lib:/usr/local/cuda-12.3/lib64 PATH=/home/steven/ws_moveit2/install/moveit_core/bin:${PATH} PYTHONPATH=/home/steven/ws_moveit2/install/moveit_configs_utils/lib/python3.10/site-packages:/home/steven/ws_moveit2/install/srdfdom/local/lib/python3.10/dist-packages:/home/steven/ws_moveit2/install/moveit_task_constructor_msgs/local/lib/python3.10/dist-packages:/home/steven/ws_moveit2/install/launch_param_builder/lib/python3.10/site-packages:${PYTHONPATH} /usr/bin/cmake --install /home/steven/ws_moveit2/build/moveit2_tutorials
[13.981s] -- Install configuration: "Release"
[13.981s] -- Installing: /home/steven/ws_moveit2/install/moveit2_tutorials/share/ament_index/resource_index/package_run_dependencies/moveit2_tutorials
[13.981s] -- Installing: /home/steven/ws_moveit2/install/moveit2_tutorials/share/ament_index/resource_index/parent_prefix_path/moveit2_tutorials
[13.981s] -- Installing: /home/steven/ws_moveit2/install/moveit2_tutorials/share/moveit2_tutorials/environment/ament_prefix_path.sh
[13.981s] -- Installing: /home/steven/ws_moveit2/install/moveit2_tutorials/share/moveit2_tutorials/environment/ament_prefix_path.dsv
[13.981s] -- Installing: /home/steven/ws_moveit2/install/moveit2_tutorials/share/moveit2_tutorials/environment/path.sh
[13.981s] -- Installing: /home/steven/ws_moveit2/install/moveit2_tutorials/share/moveit2_tutorials/environment/path.dsv
[13.981s] -- Installing: /home/steven/ws_moveit2/install/moveit2_tutorials/share/moveit2_tutorials/local_setup.bash
[13.981s] -- Installing: /home/steven/ws_moveit2/install/moveit2_tutorials/share/moveit2_tutorials/local_setup.sh
[13.981s] -- Installing: /home/steven/ws_moveit2/install/moveit2_tutorials/share/moveit2_tutorials/local_setup.zsh
[13.981s] -- Installing: /home/steven/ws_moveit2/install/moveit2_tutorials/share/moveit2_tutorials/local_setup.dsv
[13.981s] -- Installing: /home/steven/ws_moveit2/install/moveit2_tutorials/share/moveit2_tutorials/package.dsv
[13.981s] -- Installing: /home/steven/ws_moveit2/install/moveit2_tutorials/share/ament_index/resource_index/packages/moveit2_tutorials
[13.982s] -- Installing: /home/steven/ws_moveit2/install/moveit2_tutorials/share/moveit2_tutorials/cmake/ament_cmake_export_dependencies-extras.cmake
[13.982s] -- Installing: /home/steven/ws_moveit2/install/moveit2_tutorials/share/moveit2_tutorials/cmake/ament_cmake_export_include_directories-extras.cmake
[13.982s] -- Installing: /home/steven/ws_moveit2/install/moveit2_tutorials/share/moveit2_tutorials/cmake/moveit2_tutorialsConfig.cmake
[13.982s] -- Installing: /home/steven/ws_moveit2/install/moveit2_tutorials/share/moveit2_tutorials/cmake/moveit2_tutorialsConfig-version.cmake
[13.982s] -- Installing: /home/steven/ws_moveit2/install/moveit2_tutorials/share/moveit2_tutorials/package.xml
[13.982s] -- Installing: /home/steven/ws_moveit2/install/moveit2_tutorials/share/moveit2_tutorials/launch
[13.982s] -- Installing: /home/steven/ws_moveit2/install/moveit2_tutorials/share/moveit2_tutorials/launch/panda_moveit_config_demo.rviz
[13.982s] -- Installing: /home/steven/ws_moveit2/install/moveit2_tutorials/share/moveit2_tutorials/launch/demo.launch.py
[13.982s] -- Installing: /home/steven/ws_moveit2/install/moveit2_tutorials/share/moveit2_tutorials/launch/panda_hello_moveit.rviz
[13.982s] -- Installing: /home/steven/ws_moveit2/install/moveit2_tutorials/share/moveit2_tutorials/launch/panda_moveit_config_demo_empty.rviz
[13.982s] -- Installing: /home/steven/ws_moveit2/install/moveit2_tutorials/lib/moveit2_tutorials/mtc_tutorial
[13.986s] -- Set runtime path of "/home/steven/ws_moveit2/install/moveit2_tutorials/lib/moveit2_tutorials/mtc_tutorial" to ""
[13.986s] -- Installing: /home/steven/ws_moveit2/install/moveit2_tutorials/lib/moveit2_tutorials/minimal_mtc_tutorial
[13.990s] -- Set runtime path of "/home/steven/ws_moveit2/install/moveit2_tutorials/lib/moveit2_tutorials/minimal_mtc_tutorial" to ""
[13.990s] -- Up-to-date: /home/steven/ws_moveit2/install/moveit2_tutorials/share/moveit2_tutorials/launch
[13.990s] -- Installing: /home/steven/ws_moveit2/install/moveit2_tutorials/share/moveit2_tutorials/launch/mtc.rviz
[13.990s] -- Installing: /home/steven/ws_moveit2/install/moveit2_tutorials/share/moveit2_tutorials/launch/mtc_demo.launch.py
[13.990s] -- Installing: /home/steven/ws_moveit2/install/moveit2_tutorials/share/moveit2_tutorials/launch/pick_place_demo.launch.py
[13.990s] -- Installing: /home/steven/ws_moveit2/install/moveit2_tutorials/share/moveit2_tutorials/launch/mtc_demo_minimal.launch.py
[13.990s] -- Installing: /home/steven/ws_moveit2/install/moveit2_tutorials/lib/moveit2_tutorials/motion_planning_api_tutorial
[13.990s] -- Set runtime path of "/home/steven/ws_moveit2/install/moveit2_tutorials/lib/moveit2_tutorials/motion_planning_api_tutorial" to ""
[13.990s] -- Up-to-date: /home/steven/ws_moveit2/install/moveit2_tutorials/share/moveit2_tutorials/launch
[13.990s] -- Installing: /home/steven/ws_moveit2/install/moveit2_tutorials/share/moveit2_tutorials/launch/motion_planning_api_tutorial.launch.py
[13.990s] -- Installing: /home/steven/ws_moveit2/install/moveit2_tutorials/lib/moveit2_tutorials/move_group_interface_tutorial
[13.991s] -- Set runtime path of "/home/steven/ws_moveit2/install/moveit2_tutorials/lib/moveit2_tutorials/move_group_interface_tutorial" to ""
[13.991s] -- Up-to-date: /home/steven/ws_moveit2/install/moveit2_tutorials/share/moveit2_tutorials/launch
[13.991s] -- Installing: /home/steven/ws_moveit2/install/moveit2_tutorials/share/moveit2_tutorials/launch/move_group.launch.py
[13.991s] -- Installing: /home/steven/ws_moveit2/install/moveit2_tutorials/share/moveit2_tutorials/launch/move_group_interface_tutorial.launch.py
[13.991s] -- Installing: /home/steven/ws_moveit2/install/moveit2_tutorials/share/moveit2_tutorials/launch/move_group.rviz
[13.991s] -- Installing: /home/steven/ws_moveit2/install/moveit2_tutorials/lib/moveit2_tutorials/pilz_move_group
[13.991s] -- Set runtime path of "/home/steven/ws_moveit2/install/moveit2_tutorials/lib/moveit2_tutorials/pilz_move_group" to ""
[13.991s] -- Installing: /home/steven/ws_moveit2/install/moveit2_tutorials/lib/moveit2_tutorials/pilz_mtc
[13.991s] -- Set runtime path of "/home/steven/ws_moveit2/install/moveit2_tutorials/lib/moveit2_tutorials/pilz_mtc" to ""
[13.991s] -- Up-to-date: /home/steven/ws_moveit2/install/moveit2_tutorials/share/moveit2_tutorials/launch
[13.991s] -- Installing: /home/steven/ws_moveit2/install/moveit2_tutorials/share/moveit2_tutorials/launch/pilz_mtc.launch.py
[13.991s] -- Installing: /home/steven/ws_moveit2/install/moveit2_tutorials/lib/moveit2_tutorials/planning_scene_tutorial
[13.991s] -- Set runtime path of "/home/steven/ws_moveit2/install/moveit2_tutorials/lib/moveit2_tutorials/planning_scene_tutorial" to ""
[13.991s] -- Up-to-date: /home/steven/ws_moveit2/install/moveit2_tutorials/share/moveit2_tutorials/launch
[13.991s] -- Installing: /home/steven/ws_moveit2/install/moveit2_tutorials/share/moveit2_tutorials/launch/planning_scene_tutorial.launch.py
[13.991s] -- Installing: /home/steven/ws_moveit2/install/moveit2_tutorials/lib/moveit2_tutorials/planning_scene_ros_api_tutorial
[13.992s] -- Set runtime path of "/home/steven/ws_moveit2/install/moveit2_tutorials/lib/moveit2_tutorials/planning_scene_ros_api_tutorial" to ""
[13.992s] -- Up-to-date: /home/steven/ws_moveit2/install/moveit2_tutorials/share/moveit2_tutorials/launch
[13.992s] -- Installing: /home/steven/ws_moveit2/install/moveit2_tutorials/share/moveit2_tutorials/launch/planning_scene_ros_api_tutorial.launch.py
[13.992s] -- Installing: /home/steven/ws_moveit2/install/moveit2_tutorials/lib/moveit2_tutorials/robot_model_and_robot_state_tutorial
[13.992s] -- Set runtime path of "/home/steven/ws_moveit2/install/moveit2_tutorials/lib/moveit2_tutorials/robot_model_and_robot_state_tutorial" to ""
[13.992s] -- Up-to-date: /home/steven/ws_moveit2/install/moveit2_tutorials/share/moveit2_tutorials/launch
[13.992s] -- Installing: /home/steven/ws_moveit2/install/moveit2_tutorials/share/moveit2_tutorials/launch/robot_model_and_robot_state_tutorial.launch.py
[13.992s] -- Installing: /home/steven/ws_moveit2/install/moveit2_tutorials/lib/moveit2_tutorials/moveit_cpp_tutorial
[13.992s] -- Set runtime path of "/home/steven/ws_moveit2/install/moveit2_tutorials/lib/moveit2_tutorials/moveit_cpp_tutorial" to ""
[13.992s] -- Up-to-date: /home/steven/ws_moveit2/install/moveit2_tutorials/share/moveit2_tutorials/launch
[13.992s] -- Installing: /home/steven/ws_moveit2/install/moveit2_tutorials/share/moveit2_tutorials/launch/moveit_cpp_tutorial.launch.py
[13.992s] -- Installing: /home/steven/ws_moveit2/install/moveit2_tutorials/share/moveit2_tutorials/launch/moveit_cpp_tutorial.rviz
[13.992s] -- Installing: /home/steven/ws_moveit2/install/moveit2_tutorials/share/moveit2_tutorials/config
[13.992s] -- Installing: /home/steven/ws_moveit2/install/moveit2_tutorials/share/moveit2_tutorials/config/moveit_cpp.yaml
[13.992s] -- Installing: /home/steven/ws_moveit2/install/moveit2_tutorials/lib/moveit2_tutorials/servo_keyboard_input
[13.993s] -- Set runtime path of "/home/steven/ws_moveit2/install/moveit2_tutorials/lib/moveit2_tutorials/servo_keyboard_input" to ""
[13.993s] -- Installing: /home/steven/ws_moveit2/install/moveit2_tutorials/lib/moveit2_tutorials/servo_cpp_interface_demo
[13.993s] -- Set runtime path of "/home/steven/ws_moveit2/install/moveit2_tutorials/lib/moveit2_tutorials/servo_cpp_interface_demo" to ""
[13.993s] -- Up-to-date: /home/steven/ws_moveit2/install/moveit2_tutorials/share/moveit2_tutorials/launch
[13.993s] -- Installing: /home/steven/ws_moveit2/install/moveit2_tutorials/share/moveit2_tutorials/launch/servo_cpp_interface_demo.launch.py
[13.993s] -- Up-to-date: /home/steven/ws_moveit2/install/moveit2_tutorials/share/moveit2_tutorials/config
[13.993s] -- Installing: /home/steven/ws_moveit2/install/moveit2_tutorials/share/moveit2_tutorials/config/demo_rviz_config.rviz
[13.993s] -- Up-to-date: /home/steven/ws_moveit2/install/moveit2_tutorials/share/moveit2_tutorials/launch
[13.993s] -- Installing: /home/steven/ws_moveit2/install/moveit2_tutorials/share/moveit2_tutorials/launch/chomp_demo.launch.py
[13.993s] -- Up-to-date: /home/steven/ws_moveit2/install/moveit2_tutorials/share/moveit2_tutorials/config
[13.993s] -- Installing: /home/steven/ws_moveit2/install/moveit2_tutorials/share/moveit2_tutorials/config/moveit_chomp.rviz
[13.993s] -- Installing: /home/steven/ws_moveit2/install/moveit2_tutorials/lib/moveit2_tutorials/ompl_constrained_planning
[13.993s] -- Set runtime path of "/home/steven/ws_moveit2/install/moveit2_tutorials/lib/moveit2_tutorials/ompl_constrained_planning" to ""
[13.993s] -- Up-to-date: /home/steven/ws_moveit2/install/moveit2_tutorials/share/moveit2_tutorials/launch
[13.993s] -- Installing: /home/steven/ws_moveit2/install/moveit2_tutorials/share/moveit2_tutorials/launch/ompl_constrained_planning.launch.py
[13.993s] -- Installing: /home/steven/ws_moveit2/install/moveit2_tutorials/share/moveit2_tutorials/launch/ompl_constrained_planning.rviz
[13.994s] Invoked command in '/home/steven/ws_moveit2/build/moveit2_tutorials' returned '0': AMENT_PREFIX_PATH=/home/steven/ws_moveit2/install/moveit:/home/steven/ws_moveit2/install/moveit_task_constructor_core:/home/steven/ws_moveit2/install/moveit_setup_assistant:/home/steven/ws_moveit2/install/moveit_setup_srdf_plugins:/home/steven/ws_moveit2/install/moveit_setup_core_plugins:/home/steven/ws_moveit2/install/moveit_setup_controllers:/home/steven/ws_moveit2/install/moveit_setup_app_plugins:/home/steven/ws_moveit2/install/moveit_planners:/home/steven/ws_moveit2/install/pilz_industrial_motion_planner:/home/steven/ws_moveit2/install/moveit_setup_framework:/home/steven/ws_moveit2/install/moveit_ros:/home/steven/ws_moveit2/install/moveit_servo:/home/steven/ws_moveit2/install/moveit_ros_visualization:/home/steven/ws_moveit2/install/moveit_hybrid_planning:/home/steven/ws_moveit2/install/moveit_ros_planning_interface:/home/steven/ws_moveit2/install/moveit_ros_move_group:/home/steven/ws_moveit2/install/moveit_ros_benchmarks:/home/steven/ws_moveit2/install/moveit_visual_tools:/home/steven/ws_moveit2/install/moveit_ros_warehouse:/home/steven/ws_moveit2/install/moveit_ros_robot_interaction:/home/steven/ws_moveit2/install/moveit_ros_perception:/home/steven/ws_moveit2/install/moveit_planners_ompl:/home/steven/ws_moveit2/install/moveit_kinematics:/home/steven/ws_moveit2/install/moveit_ros_planning:/home/steven/ws_moveit2/install/moveit_plugins:/home/steven/ws_moveit2/install/moveit_simple_controller_manager:/home/steven/ws_moveit2/install/moveit_ros_occupancy_map_monitor:/home/steven/ws_moveit2/install/moveit_core:/home/steven/ws_moveit2/install/rviz_marker_tools:/home/steven/ws_moveit2/install/moveit_resources_panda_moveit_config:/home/steven/ws_moveit2/install/moveit_configs_utils:/home/steven/ws_moveit2/install/srdfdom:/home/steven/ws_moveit2/install/moveit_task_constructor_msgs:/home/steven/ws_moveit2/install/moveit_resources_panda_description:/home/steven/ws_moveit2/install/moveit_common:/home/steven/ws_moveit2/install/launch_param_builder:${AMENT_PREFIX_PATH} CMAKE_PREFIX_PATH=/home/steven/ws_moveit2/install/moveit:/home/steven/ws_moveit2/install/moveit_task_constructor_core:/home/steven/ws_moveit2/install/moveit_setup_assistant:/home/steven/ws_moveit2/install/moveit_setup_srdf_plugins:/home/steven/ws_moveit2/install/moveit_setup_core_plugins:/home/steven/ws_moveit2/install/moveit_setup_controllers:/home/steven/ws_moveit2/install/moveit_setup_app_plugins:/home/steven/ws_moveit2/install/moveit_planners:/home/steven/ws_moveit2/install/pilz_industrial_motion_planner:/home/steven/ws_moveit2/install/moveit_setup_framework:/home/steven/ws_moveit2/install/moveit_ros:/home/steven/ws_moveit2/install/moveit_servo:/home/steven/ws_moveit2/install/moveit_ros_visualization:/home/steven/ws_moveit2/install/moveit_hybrid_planning:/home/steven/ws_moveit2/install/moveit_ros_planning_interface:/home/steven/ws_moveit2/install/moveit_ros_move_group:/home/steven/ws_moveit2/install/moveit_ros_benchmarks:/home/steven/ws_moveit2/install/moveit_visual_tools:/home/steven/ws_moveit2/install/moveit_ros_warehouse:/home/steven/ws_moveit2/install/moveit_ros_robot_interaction:/home/steven/ws_moveit2/install/moveit_ros_perception:/home/steven/ws_moveit2/install/moveit_planners_ompl:/home/steven/ws_moveit2/install/moveit_kinematics:/home/steven/ws_moveit2/install/moveit_ros_planning:/home/steven/ws_moveit2/install/moveit_plugins:/home/steven/ws_moveit2/install/moveit_simple_controller_manager:/home/steven/ws_moveit2/install/moveit_ros_occupancy_map_monitor:/home/steven/ws_moveit2/install/moveit_core:/home/steven/ws_moveit2/install/rviz_marker_tools:/home/steven/ws_moveit2/install/moveit_resources_panda_moveit_config:/home/steven/ws_moveit2/install/srdfdom:/home/steven/ws_moveit2/install/moveit_task_constructor_msgs:/home/steven/ws_moveit2/install/moveit_resources_panda_description:/home/steven/ws_moveit2/install/moveit_common:/opt/ros/humble LD_LIBRARY_PATH=/home/steven/ws_moveit2/install/moveit_task_constructor_core/lib:/home/steven/ws_moveit2/install/moveit_setup_assistant/lib:/home/steven/ws_moveit2/install/moveit_setup_srdf_plugins/lib:/home/steven/ws_moveit2/install/moveit_setup_core_plugins/lib:/home/steven/ws_moveit2/install/moveit_setup_controllers/lib:/home/steven/ws_moveit2/install/moveit_setup_app_plugins/lib:/home/steven/ws_moveit2/install/pilz_industrial_motion_planner/lib:/home/steven/ws_moveit2/install/moveit_setup_framework/lib:/home/steven/ws_moveit2/install/moveit_servo/lib:/home/steven/ws_moveit2/install/moveit_ros_visualization/lib:/home/steven/ws_moveit2/install/moveit_hybrid_planning/lib:/home/steven/ws_moveit2/install/moveit_ros_planning_interface/lib:/home/steven/ws_moveit2/install/moveit_ros_move_group/lib:/home/steven/ws_moveit2/install/moveit_ros_benchmarks/lib:/home/steven/ws_moveit2/install/moveit_visual_tools/lib:/home/steven/ws_moveit2/install/moveit_ros_warehouse/lib:/home/steven/ws_moveit2/install/moveit_ros_robot_interaction/lib:/home/steven/ws_moveit2/install/moveit_ros_perception/lib:/home/steven/ws_moveit2/install/moveit_planners_ompl/lib:/home/steven/ws_moveit2/install/moveit_kinematics/lib:/home/steven/ws_moveit2/install/moveit_ros_planning/lib:/home/steven/ws_moveit2/install/moveit_simple_controller_manager/lib:/home/steven/ws_moveit2/install/moveit_ros_occupancy_map_monitor/lib:/home/steven/ws_moveit2/install/moveit_core/lib:/home/steven/ws_moveit2/install/rviz_marker_tools/lib:/home/steven/ws_moveit2/install/srdfdom/lib:/home/steven/ws_moveit2/install/moveit_task_constructor_msgs/lib:/opt/ros/humble/opt/rviz_ogre_vendor/lib:/opt/ros/humble/lib/x86_64-linux-gnu:/opt/ros/humble/lib:/usr/local/cuda-12.3/lib64 PATH=/home/steven/ws_moveit2/install/moveit_core/bin:${PATH} PYTHONPATH=/home/steven/ws_moveit2/install/moveit_configs_utils/lib/python3.10/site-packages:/home/steven/ws_moveit2/install/srdfdom/local/lib/python3.10/dist-packages:/home/steven/ws_moveit2/install/moveit_task_constructor_msgs/local/lib/python3.10/dist-packages:/home/steven/ws_moveit2/install/launch_param_builder/lib/python3.10/site-packages:${PYTHONPATH} /usr/bin/cmake --install /home/steven/ws_moveit2/build/moveit2_tutorials
