[ 16%] Built target test_trajectory
[35m[1mConsolidate compiler generated dependencies of target test1[0m
[ 25%] [32mBuilding CXX object CMakeFiles/test1.dir/src/test.cpp.o[0m
[01m[K/home/user/ros2_ws/src/moveit2_scripts/src/test.cpp:[m[K In function '[01m[Kint main(int, char**)[m[K':
[01m[K/home/user/ros2_ws/src/moveit2_scripts/src/test.cpp:55:8:[m[K [01;35m[Kwarning: [m[Kvariable '[01m[Ksuccess[m[K' set but not used [[01;35m[K]8;;https://gcc.gnu.org/onlinedocs/gcc/Warning-Options.html#index-Wunused-but-set-variable-Wunused-but-set-variable]8;;[m[K]
   55 |   bool [01;35m[Ksuccess[m[K =
      |        [01;35m[K^~~~~~~[m[K
[ 33%] [32m[1mLinking CXX executable test1[0m
[ 33%] Built target test1
[35m[1mConsolidate compiler generated dependencies of target pick_place[0m
[ 50%] Built target pick_place
[35m[1mConsolidate compiler generated dependencies of target test_trajectory3[0m
[ 66%] Built target test_trajectory3
[35m[1mConsolidate compiler generated dependencies of target exec_traj[0m
[ 75%] [32mBuilding CXX object CMakeFiles/exec_traj.dir/src/exec_traj.cpp.o[0m
[01m[K/home/user/ros2_ws/src/moveit2_scripts/src/exec_traj.cpp:[m[K In member function '[01m[Kvoid TestTrajectory::plan_arm_joint_space()[m[K':
[01m[K/home/user/ros2_ws/src/moveit2_scripts/src/exec_traj.cpp:66:10:[m[K [01;35m[Kwarning: [m[Kunused variable '[01m[Ksuccess_arm[m[K' [[01;35m[K]8;;https://gcc.gnu.org/onlinedocs/gcc/Warning-Options.html#index-Wunused-variable-Wunused-variable]8;;[m[K]
   66 |     bool [01;35m[Ksuccess_arm[m[K = (move_group_arm.plan(my_plan_arm) ==
      |          [01;35m[K^~~~~~~~~~~[m[K
[ 83%] [32m[1mLinking CXX executable exec_traj[0m
[ 83%] Built target exec_traj
[35m[1mConsolidate compiler generated dependencies of target test_trajectory2[0m
[100%] Built target test_trajectory2
-- Install configuration: ""
-- Up-to-date: /home/user/ros2_ws/install/moveit2_scripts/lib/moveit2_scripts/test_trajectory
-- Up-to-date: /home/user/ros2_ws/install/moveit2_scripts/lib/moveit2_scripts/test_trajectory2
-- Installing: /home/user/ros2_ws/install/moveit2_scripts/lib/moveit2_scripts/exec_traj
-- Set runtime path of "/home/user/ros2_ws/install/moveit2_scripts/lib/moveit2_scripts/exec_traj" to ""
-- Up-to-date: /home/user/ros2_ws/install/moveit2_scripts/lib/moveit2_scripts/test_trajectory3
-- Up-to-date: /home/user/ros2_ws/install/moveit2_scripts/lib/moveit2_scripts/pick_place
-- Installing: /home/user/ros2_ws/install/moveit2_scripts/lib/moveit2_scripts/test1
-- Set runtime path of "/home/user/ros2_ws/install/moveit2_scripts/lib/moveit2_scripts/test1" to ""
-- Up-to-date: /home/user/ros2_ws/install/moveit2_scripts/share/moveit2_scripts/launch
-- Installing: /home/user/ros2_ws/install/moveit2_scripts/share/moveit2_scripts/launch/test_trajectory.launch.py
-- Up-to-date: /home/user/ros2_ws/install/moveit2_scripts/share/moveit2_scripts/launch/pick_place.launch.py
-- Up-to-date: /home/user/ros2_ws/install/moveit2_scripts/share/ament_index/resource_index/package_run_dependencies/moveit2_scripts
-- Up-to-date: /home/user/ros2_ws/install/moveit2_scripts/share/ament_index/resource_index/parent_prefix_path/moveit2_scripts
-- Up-to-date: /home/user/ros2_ws/install/moveit2_scripts/share/moveit2_scripts/environment/ament_prefix_path.sh
-- Installing: /home/user/ros2_ws/install/moveit2_scripts/share/moveit2_scripts/environment/ament_prefix_path.dsv
-- Up-to-date: /home/user/ros2_ws/install/moveit2_scripts/share/moveit2_scripts/environment/path.sh
-- Installing: /home/user/ros2_ws/install/moveit2_scripts/share/moveit2_scripts/environment/path.dsv
-- Up-to-date: /home/user/ros2_ws/install/moveit2_scripts/share/moveit2_scripts/local_setup.bash
-- Up-to-date: /home/user/ros2_ws/install/moveit2_scripts/share/moveit2_scripts/local_setup.sh
-- Up-to-date: /home/user/ros2_ws/install/moveit2_scripts/share/moveit2_scripts/local_setup.zsh
-- Installing: /home/user/ros2_ws/install/moveit2_scripts/share/moveit2_scripts/local_setup.dsv
-- Installing: /home/user/ros2_ws/install/moveit2_scripts/share/moveit2_scripts/package.dsv
-- Up-to-date: /home/user/ros2_ws/install/moveit2_scripts/share/ament_index/resource_index/packages/moveit2_scripts
-- Up-to-date: /home/user/ros2_ws/install/moveit2_scripts/share/moveit2_scripts/cmake/moveit2_scriptsConfig.cmake
-- Up-to-date: /home/user/ros2_ws/install/moveit2_scripts/share/moveit2_scripts/cmake/moveit2_scriptsConfig-version.cmake
-- Up-to-date: /home/user/ros2_ws/install/moveit2_scripts/share/moveit2_scripts/package.xml
