[0.225s] Invoking command in '/home/user/ros2_ws/build/moveit_common': CMAKE_PREFIX_PATH=${CMAKE_PREFIX_PATH}:/home/simulations/ros2_sims_ws/install/rclrs_tests:/home/simulations/ros2_sims_ws/install/examples_rclrs_minimal_client_service:/home/simulations/ros2_sims_ws/install/sensor_msgs_py:/home/simulations/ros2_sims_ws/install/examples_rclrs_minimal_pub_sub:/home/simulations/ros2_sims_ws/install/examples_rclrs_message_demo:/home/simulations/ros2_sims_ws/install/rclrs:/home/simulations/ros2_sims_ws/install/rosidl_runtime_rs:/home/user/ros2_ws/install/ros2test:/home/user/ros2_ws/install/robotiq_85_driver:/home/user/ros2_ws/install/moveit_configs_utils:/opt/ros/humble _=/usr/bin/env /usr/bin/cmake --build /home/user/ros2_ws/build/moveit_common -- -j8 -l8
[3.836s] Invoked command in '/home/user/ros2_ws/build/moveit_common' returned '0': CMAKE_PREFIX_PATH=${CMAKE_PREFIX_PATH}:/home/simulations/ros2_sims_ws/install/rclrs_tests:/home/simulations/ros2_sims_ws/install/examples_rclrs_minimal_client_service:/home/simulations/ros2_sims_ws/install/sensor_msgs_py:/home/simulations/ros2_sims_ws/install/examples_rclrs_minimal_pub_sub:/home/simulations/ros2_sims_ws/install/examples_rclrs_message_demo:/home/simulations/ros2_sims_ws/install/rclrs:/home/simulations/ros2_sims_ws/install/rosidl_runtime_rs:/home/user/ros2_ws/install/ros2test:/home/user/ros2_ws/install/robotiq_85_driver:/home/user/ros2_ws/install/moveit_configs_utils:/opt/ros/humble _=/usr/bin/env /usr/bin/cmake --build /home/user/ros2_ws/build/moveit_common -- -j8 -l8
[3.930s] Invoking command in '/home/user/ros2_ws/build/moveit_common': CMAKE_PREFIX_PATH=${CMAKE_PREFIX_PATH}:/home/simulations/ros2_sims_ws/install/rclrs_tests:/home/simulations/ros2_sims_ws/install/examples_rclrs_minimal_client_service:/home/simulations/ros2_sims_ws/install/sensor_msgs_py:/home/simulations/ros2_sims_ws/install/examples_rclrs_minimal_pub_sub:/home/simulations/ros2_sims_ws/install/examples_rclrs_message_demo:/home/simulations/ros2_sims_ws/install/rclrs:/home/simulations/ros2_sims_ws/install/rosidl_runtime_rs:/home/user/ros2_ws/install/ros2test:/home/user/ros2_ws/install/robotiq_85_driver:/home/user/ros2_ws/install/moveit_configs_utils:/opt/ros/humble _=/usr/bin/env /usr/bin/cmake --install /home/user/ros2_ws/build/moveit_common
[4.140s] -- Install configuration: ""
[4.141s] -- Up-to-date: /home/user/ros2_ws/install/moveit_common/share/ament_index/resource_index/package_run_dependencies/moveit_common
[4.141s] -- Up-to-date: /home/user/ros2_ws/install/moveit_common/share/ament_index/resource_index/parent_prefix_path/moveit_common
[4.141s] -- Up-to-date: /home/user/ros2_ws/install/moveit_common/share/moveit_common/environment/ament_prefix_path.sh
[4.141s] -- Up-to-date: /home/user/ros2_ws/install/moveit_common/share/moveit_common/environment/ament_prefix_path.dsv
[4.142s] -- Up-to-date: /home/user/ros2_ws/install/moveit_common/share/moveit_common/environment/path.sh
[4.142s] -- Up-to-date: /home/user/ros2_ws/install/moveit_common/share/moveit_common/environment/path.dsv
[4.142s] -- Up-to-date: /home/user/ros2_ws/install/moveit_common/share/moveit_common/local_setup.bash
[4.142s] -- Up-to-date: /home/user/ros2_ws/install/moveit_common/share/moveit_common/local_setup.sh
[4.142s] -- Up-to-date: /home/user/ros2_ws/install/moveit_common/share/moveit_common/local_setup.zsh
[4.143s] -- Up-to-date: /home/user/ros2_ws/install/moveit_common/share/moveit_common/local_setup.dsv
[4.143s] -- Installing: /home/user/ros2_ws/install/moveit_common/share/moveit_common/package.dsv
[4.143s] -- Up-to-date: /home/user/ros2_ws/install/moveit_common/share/ament_index/resource_index/packages/moveit_common
[4.143s] -- Up-to-date: /home/user/ros2_ws/install/moveit_common/share/moveit_common/cmake/moveit_common-extras.cmake
[4.143s] -- Up-to-date: /home/user/ros2_ws/install/moveit_common/share/moveit_common/cmake/moveit_commonConfig.cmake
[4.144s] -- Up-to-date: /home/user/ros2_ws/install/moveit_common/share/moveit_common/cmake/moveit_commonConfig-version.cmake
[4.144s] -- Up-to-date: /home/user/ros2_ws/install/moveit_common/share/moveit_common/package.xml
[4.144s] -- Up-to-date: /home/user/ros2_ws/install/moveit_common/share/moveit_common/cmake
[4.144s] -- Up-to-date: /home/user/ros2_ws/install/moveit_common/share/moveit_common/cmake/moveit_package.cmake
[4.192s] Invoked command in '/home/user/ros2_ws/build/moveit_common' returned '0': CMAKE_PREFIX_PATH=${CMAKE_PREFIX_PATH}:/home/simulations/ros2_sims_ws/install/rclrs_tests:/home/simulations/ros2_sims_ws/install/examples_rclrs_minimal_client_service:/home/simulations/ros2_sims_ws/install/sensor_msgs_py:/home/simulations/ros2_sims_ws/install/examples_rclrs_minimal_pub_sub:/home/simulations/ros2_sims_ws/install/examples_rclrs_message_demo:/home/simulations/ros2_sims_ws/install/rclrs:/home/simulations/ros2_sims_ws/install/rosidl_runtime_rs:/home/user/ros2_ws/install/ros2test:/home/user/ros2_ws/install/robotiq_85_driver:/home/user/ros2_ws/install/moveit_configs_utils:/opt/ros/humble _=/usr/bin/env /usr/bin/cmake --install /home/user/ros2_ws/build/moveit_common
