[0.365s] Invoking command in '/home/steven/ros2_ws/src/command_everyjoints/src/ur5': PYTHONPATH=/home/steven/ros2_ws/src/command_everyjoints/build/ur5/prefix_override:/usr/lib/python3/dist-packages/colcon_core/task/python/colcon_distutils_commands:/home/steven/ros2_ws/src/command_everyjoints/install/ur5/lib/python3.10/site-packages:${PYTHONPATH} /usr/bin/python3 -W ignore:setup.py install is deprecated setup.py egg_info --egg-base ../../build/ur5 build --build-base /home/steven/ros2_ws/src/command_everyjoints/build/ur5/build install --record /home/steven/ros2_ws/src/command_everyjoints/build/ur5/install.log --single-version-externally-managed install_data
[0.497s] running egg_info
[0.498s] writing ../../build/ur5/ur5.egg-info/PKG-INFO
[0.498s] writing dependency_links to ../../build/ur5/ur5.egg-info/dependency_links.txt
[0.498s] writing entry points to ../../build/ur5/ur5.egg-info/entry_points.txt
[0.498s] writing requirements to ../../build/ur5/ur5.egg-info/requires.txt
[0.498s] writing top-level names to ../../build/ur5/ur5.egg-info/top_level.txt
[0.499s] reading manifest file '../../build/ur5/ur5.egg-info/SOURCES.txt'
[0.499s] adding license file 'LICENSE'
[0.500s] writing manifest file '../../build/ur5/ur5.egg-info/SOURCES.txt'
[0.500s] running build
[0.500s] running build_py
[0.500s] running install
[0.500s] running install_lib
[0.501s] running install_data
[0.501s] running install_egg_info
[0.502s] removing '/home/steven/ros2_ws/src/command_everyjoints/install/ur5/lib/python3.10/site-packages/ur5-0.0.0-py3.10.egg-info' (and everything under it)
[0.502s] Copying ../../build/ur5/ur5.egg-info to /home/steven/ros2_ws/src/command_everyjoints/install/ur5/lib/python3.10/site-packages/ur5-0.0.0-py3.10.egg-info
[0.502s] running install_scripts
[0.513s] Installing test_node script to /home/steven/ros2_ws/src/command_everyjoints/install/ur5/lib/ur5
[0.513s] writing list of installed files to '/home/steven/ros2_ws/src/command_everyjoints/build/ur5/install.log'
[0.525s] Invoked command in '/home/steven/ros2_ws/src/command_everyjoints/src/ur5' returned '0': PYTHONPATH=/home/steven/ros2_ws/src/command_everyjoints/build/ur5/prefix_override:/usr/lib/python3/dist-packages/colcon_core/task/python/colcon_distutils_commands:/home/steven/ros2_ws/src/command_everyjoints/install/ur5/lib/python3.10/site-packages:${PYTHONPATH} /usr/bin/python3 -W ignore:setup.py install is deprecated setup.py egg_info --egg-base ../../build/ur5 build --build-base /home/steven/ros2_ws/src/command_everyjoints/build/ur5/build install --record /home/steven/ros2_ws/src/command_everyjoints/build/ur5/install.log --single-version-externally-managed install_data
