[0.088s] Invoking command in '/home/user/ros2_ws/build/grasping_msgs': CMAKE_PREFIX_PATH=${CMAKE_PREFIX_PATH}:/home/user/ros2_ws/install/examples_tf2_py:/home/user/ros2_ws/install/ros2_control_test_nodes:/home/user/ros2_ws/install/project_topics_pkg:/home/user/ros2_ws/install/project_services_and_actions:/home/user/ros2_ws/install/path_planner_server:/home/user/ros2_ws/install/localization_server:/home/user/ros2_ws/install/map_server:/home/user/ros2_ws/install/cartographer_slam:/opt/ros/foxy _=/usr/bin/env /usr/bin/cmake /home/user/ros2_ws/src/perception_ros2/grasping_msgs -DCMAKE_INSTALL_PREFIX=/home/user/ros2_ws/install/grasping_msgs
[0.430s] -- The C compiler identification is GNU 9.3.0
[0.560s] -- The CXX compiler identification is GNU 9.3.0
[0.575s] -- Check for working C compiler: /usr/bin/cc
[0.792s] -- Check for working C compiler: /usr/bin/cc -- works
[0.793s] -- Detecting C compiler ABI info
[0.992s] -- Detecting C compiler ABI info - done
[1.012s] -- Detecting C compile features
[1.012s] -- Detecting C compile features - done
[1.016s] -- Check for working CXX compiler: /usr/bin/c++
[1.196s] -- Check for working CXX compiler: /usr/bin/c++ -- works
[1.198s] -- Detecting CXX compiler ABI info
[1.402s] -- Detecting CXX compiler ABI info - done
[1.427s] -- Detecting CXX compile features
[1.429s] -- Detecting CXX compile features - done
[1.439s] -- Found ament_cmake: 0.9.9 (/opt/ros/foxy/share/ament_cmake/cmake)
[1.514s] -- Found PythonInterp: /usr/bin/python3 (found suitable version "3.8.10", minimum required is "3") 
[1.514s] -- Using PYTHON_EXECUTABLE: /usr/bin/python3
[2.178s] -- Found rosidl_default_generators: 1.0.1 (/opt/ros/foxy/share/rosidl_default_generators/cmake)
[2.199s] -- Using all available rosidl_typesupport_c: rosidl_typesupport_fastrtps_c;rosidl_typesupport_introspection_c
[2.224s] -- Found rosidl_adapter: 1.2.1 (/opt/ros/foxy/share/rosidl_adapter/cmake)
[2.611s] -- Found OpenSSL: /usr/lib/x86_64-linux-gnu/libcrypto.so (found version "1.1.1f")  
[2.720s] -- Found FastRTPS: /opt/ros/foxy/include  
[2.953s] -- Using all available rosidl_typesupport_cpp: rosidl_typesupport_fastrtps_cpp;rosidl_typesupport_introspection_cpp
[3.027s] -- Found geometry_msgs: 2.0.4 (/opt/ros/foxy/share/geometry_msgs/cmake)
[3.202s] -- Found moveit_msgs: 2.1.0 (/opt/ros/foxy/share/moveit_msgs/cmake)
[6.964s] -- Found PythonInterp: /usr/bin/python3 (found version "3.8.10") 
[8.037s] -- Found ament_cmake_ros: 0.9.2 (/opt/ros/foxy/share/ament_cmake_ros/cmake)
[10.018s] -- Using all available rosidl_typesupport_c: rosidl_typesupport_fastrtps_c;rosidl_typesupport_introspection_c
[11.809s] -- Using all available rosidl_typesupport_cpp: rosidl_typesupport_fastrtps_cpp;rosidl_typesupport_introspection_cpp
[11.931s] -- Found PythonInterp: /usr/bin/python3 (found suitable version "3.8.10", minimum required is "3.5") 
[11.940s] -- Found python_cmake_module: 0.8.1 (/opt/ros/foxy/share/python_cmake_module/cmake)
[12.102s] -- Found PythonLibs: /usr/lib/x86_64-linux-gnu/libpython3.8.so (found suitable version "3.8.10", minimum required is "3.5") 
[12.102s] -- Using PYTHON_EXECUTABLE: /usr/bin/python3
[12.103s] -- Using PYTHON_INCLUDE_DIRS: /usr/include/python3.8
[12.103s] -- Using PYTHON_LIBRARIES: /usr/lib/x86_64-linux-gnu/libpython3.8.so
[12.175s] -- Found PythonExtra: .so  
[13.400s] -- Configuring done
[13.865s] -- Generating done
[13.871s] -- Build files have been written to: /home/user/ros2_ws/build/grasping_msgs
[13.893s] Invoked command in '/home/user/ros2_ws/build/grasping_msgs' returned '0': CMAKE_PREFIX_PATH=${CMAKE_PREFIX_PATH}:/home/user/ros2_ws/install/examples_tf2_py:/home/user/ros2_ws/install/ros2_control_test_nodes:/home/user/ros2_ws/install/project_topics_pkg:/home/user/ros2_ws/install/project_services_and_actions:/home/user/ros2_ws/install/path_planner_server:/home/user/ros2_ws/install/localization_server:/home/user/ros2_ws/install/map_server:/home/user/ros2_ws/install/cartographer_slam:/opt/ros/foxy _=/usr/bin/env /usr/bin/cmake /home/user/ros2_ws/src/perception_ros2/grasping_msgs -DCMAKE_INSTALL_PREFIX=/home/user/ros2_ws/install/grasping_msgs
[13.894s] Invoking command in '/home/user/ros2_ws/build/grasping_msgs': CMAKE_PREFIX_PATH=${CMAKE_PREFIX_PATH}:/home/user/ros2_ws/install/examples_tf2_py:/home/user/ros2_ws/install/ros2_control_test_nodes:/home/user/ros2_ws/install/project_topics_pkg:/home/user/ros2_ws/install/project_services_and_actions:/home/user/ros2_ws/install/path_planner_server:/home/user/ros2_ws/install/localization_server:/home/user/ros2_ws/install/map_server:/home/user/ros2_ws/install/cartographer_slam:/opt/ros/foxy _=/usr/bin/env /usr/bin/cmake --build /home/user/ros2_ws/build/grasping_msgs -- -j8 -l8
[14.144s] [35m[1mScanning dependencies of target grasping_msgs__cpp[0m
[14.166s] [  1%] [34m[1mGenerating C code for ROS interfaces[0m
[14.238s] [  3%] [34m[1mGenerating C++ code for ROS interfaces[0m
[17.276s] [35m[1mScanning dependencies of target grasping_msgs__rosidl_generator_c[0m
[17.426s] [  4%] [32mBuilding C object CMakeFiles/grasping_msgs__rosidl_generator_c.dir/rosidl_generator_c/grasping_msgs/action/detail/grasp_planning__functions.c.o[0m
[17.427s] [  6%] [32mBuilding C object CMakeFiles/grasping_msgs__rosidl_generator_c.dir/rosidl_generator_c/grasping_msgs/action/detail/find_graspable_objects__functions.c.o[0m
[17.453s] [  7%] [32mBuilding C object CMakeFiles/grasping_msgs__rosidl_generator_c.dir/rosidl_generator_c/grasping_msgs/msg/detail/graspable_object__functions.c.o[0m
[17.473s] [  9%] [32mBuilding C object CMakeFiles/grasping_msgs__rosidl_generator_c.dir/rosidl_generator_c/grasping_msgs/msg/detail/object__functions.c.o[0m
[17.690s] [ 11%] [32mBuilding C object CMakeFiles/grasping_msgs__rosidl_generator_c.dir/rosidl_generator_c/grasping_msgs/msg/detail/object_property__functions.c.o[0m
[17.922s] [ 11%] Built target grasping_msgs__cpp
[17.965s] [ 12%] [32m[1mLinking C shared library libgrasping_msgs__rosidl_generator_c.so[0m
[18.001s] [ 14%] [34m[1mGenerating C++ type support dispatch for ROS interfaces[0m
[18.038s] [ 15%] [34m[1mGenerating C++ type support for eProsima Fast-RTPS[0m
[18.038s] [ 17%] [34m[1mGenerating C++ introspection for ROS interfaces[0m
[18.245s] [ 17%] Built target grasping_msgs__rosidl_generator_c
[18.325s] [ 19%] [34m[1mGenerating C introspection for ROS interfaces[0m
[18.344s] [ 20%] [34m[1mGenerating C type support dispatch for ROS interfaces[0m
[20.054s] [35m[1mScanning dependencies of target grasping_msgs__rosidl_typesupport_cpp[0m
[20.197s] [ 22%] [32mBuilding CXX object CMakeFiles/grasping_msgs__rosidl_typesupport_cpp.dir/rosidl_typesupport_cpp/grasping_msgs/msg/graspable_object__type_support.cpp.o[0m
[20.200s] [ 23%] [32mBuilding CXX object CMakeFiles/grasping_msgs__rosidl_typesupport_cpp.dir/rosidl_typesupport_cpp/grasping_msgs/msg/object__type_support.cpp.o[0m
[20.230s] [ 25%] [32mBuilding CXX object CMakeFiles/grasping_msgs__rosidl_typesupport_cpp.dir/rosidl_typesupport_cpp/grasping_msgs/action/grasp_planning__type_support.cpp.o[0m
[20.234s] [ 26%] [32mBuilding CXX object CMakeFiles/grasping_msgs__rosidl_typesupport_cpp.dir/rosidl_typesupport_cpp/grasping_msgs/action/find_graspable_objects__type_support.cpp.o[0m
[20.991s] [35m[1mScanning dependencies of target grasping_msgs__rosidl_typesupport_introspection_cpp[0m
[21.186s] [ 28%] [32mBuilding CXX object CMakeFiles/grasping_msgs__rosidl_typesupport_introspection_cpp.dir/rosidl_typesupport_introspection_cpp/grasping_msgs/action/detail/find_graspable_objects__type_support.cpp.o[0m
[21.357s] [35m[1mScanning dependencies of target grasping_msgs__rosidl_typesupport_introspection_c[0m
[21.524s] [ 30%] [32mBuilding CXX object CMakeFiles/grasping_msgs__rosidl_typesupport_cpp.dir/rosidl_typesupport_cpp/grasping_msgs/msg/object_property__type_support.cpp.o[0m
[21.536s] [ 31%] [32mBuilding C object CMakeFiles/grasping_msgs__rosidl_typesupport_introspection_c.dir/rosidl_typesupport_introspection_c/grasping_msgs/action/detail/grasp_planning__type_support.c.o[0m
[21.546s] [ 33%] [32mBuilding C object CMakeFiles/grasping_msgs__rosidl_typesupport_introspection_c.dir/rosidl_typesupport_introspection_c/grasping_msgs/action/detail/find_graspable_objects__type_support.c.o[0m
[21.656s] [35m[1mScanning dependencies of target grasping_msgs__rosidl_typesupport_c[0m
[21.746s] [ 34%] [32mBuilding C object CMakeFiles/grasping_msgs__rosidl_typesupport_introspection_c.dir/rosidl_typesupport_introspection_c/grasping_msgs/msg/detail/graspable_object__type_support.c.o[0m
[21.773s] [ 36%] [32mBuilding C object CMakeFiles/grasping_msgs__rosidl_typesupport_introspection_c.dir/rosidl_typesupport_introspection_c/grasping_msgs/msg/detail/object__type_support.c.o[0m
[21.830s] [ 38%] [32mBuilding CXX object CMakeFiles/grasping_msgs__rosidl_typesupport_c.dir/rosidl_typesupport_c/grasping_msgs/action/find_graspable_objects__type_support.cpp.o[0m
[21.958s] [ 39%] [32mBuilding CXX object CMakeFiles/grasping_msgs__rosidl_typesupport_c.dir/rosidl_typesupport_c/grasping_msgs/action/grasp_planning__type_support.cpp.o[0m
[21.981s] [ 41%] [32mBuilding C object CMakeFiles/grasping_msgs__rosidl_typesupport_introspection_c.dir/rosidl_typesupport_introspection_c/grasping_msgs/msg/detail/object_property__type_support.c.o[0m
[22.055s] [ 42%] [32mBuilding CXX object CMakeFiles/grasping_msgs__rosidl_typesupport_c.dir/rosidl_typesupport_c/grasping_msgs/msg/graspable_object__type_support.cpp.o[0m
[22.131s] [ 44%] [32mBuilding CXX object CMakeFiles/grasping_msgs__rosidl_typesupport_c.dir/rosidl_typesupport_c/grasping_msgs/msg/object__type_support.cpp.o[0m
[22.155s] [35m[1mScanning dependencies of target grasping_msgs__rosidl_typesupport_fastrtps_cpp[0m
[22.162s] [ 46%] [32m[1mLinking C shared library libgrasping_msgs__rosidl_typesupport_introspection_c.so[0m
[22.310s] [ 47%] [32mBuilding CXX object CMakeFiles/grasping_msgs__rosidl_typesupport_fastrtps_cpp.dir/rosidl_typesupport_fastrtps_cpp/grasping_msgs/action/detail/dds_fastrtps/find_graspable_objects__type_support.cpp.o[0m
[22.310s] [ 49%] [32mBuilding CXX object CMakeFiles/grasping_msgs__rosidl_typesupport_c.dir/rosidl_typesupport_c/grasping_msgs/msg/object_property__type_support.cpp.o[0m
[22.405s] [ 49%] Built target grasping_msgs__rosidl_typesupport_introspection_c
[22.449s] [ 50%] [32m[1mLinking CXX shared library libgrasping_msgs__rosidl_typesupport_cpp.so[0m
[22.452s] [ 52%] [32m[1mLinking CXX shared library libgrasping_msgs__rosidl_typesupport_c.so[0m
[22.690s] [ 52%] Built target grasping_msgs__rosidl_typesupport_cpp
[22.719s] [ 52%] Built target grasping_msgs__rosidl_typesupport_c
[23.117s] [ 53%] [32mBuilding CXX object CMakeFiles/grasping_msgs__rosidl_typesupport_introspection_cpp.dir/rosidl_typesupport_introspection_cpp/grasping_msgs/msg/detail/object__type_support.cpp.o[0m
[23.995s] [ 55%] [32mBuilding CXX object CMakeFiles/grasping_msgs__rosidl_typesupport_fastrtps_cpp.dir/rosidl_typesupport_fastrtps_cpp/grasping_msgs/msg/detail/dds_fastrtps/object_property__type_support.cpp.o[0m
[24.299s] [ 57%] [32mBuilding CXX object CMakeFiles/grasping_msgs__rosidl_typesupport_introspection_cpp.dir/rosidl_typesupport_introspection_cpp/grasping_msgs/msg/detail/object_property__type_support.cpp.o[0m
[24.958s] [ 58%] [32mBuilding CXX object CMakeFiles/grasping_msgs__rosidl_typesupport_introspection_cpp.dir/rosidl_typesupport_introspection_cpp/grasping_msgs/msg/detail/graspable_object__type_support.cpp.o[0m
[24.997s] [ 60%] [32mBuilding CXX object CMakeFiles/grasping_msgs__rosidl_typesupport_fastrtps_cpp.dir/rosidl_typesupport_fastrtps_cpp/grasping_msgs/msg/detail/dds_fastrtps/object__type_support.cpp.o[0m
[26.067s] [ 61%] [32mBuilding CXX object CMakeFiles/grasping_msgs__rosidl_typesupport_introspection_cpp.dir/rosidl_typesupport_introspection_cpp/grasping_msgs/action/detail/grasp_planning__type_support.cpp.o[0m
[26.455s] [ 63%] [32mBuilding CXX object CMakeFiles/grasping_msgs__rosidl_typesupport_fastrtps_cpp.dir/rosidl_typesupport_fastrtps_cpp/grasping_msgs/msg/detail/dds_fastrtps/graspable_object__type_support.cpp.o[0m
[27.385s] [ 65%] [32m[1mLinking CXX shared library libgrasping_msgs__rosidl_typesupport_introspection_cpp.so[0m
[27.769s] [ 65%] Built target grasping_msgs__rosidl_typesupport_introspection_cpp
[27.782s] [ 66%] [32mBuilding CXX object CMakeFiles/grasping_msgs__rosidl_typesupport_fastrtps_cpp.dir/rosidl_typesupport_fastrtps_cpp/grasping_msgs/action/detail/dds_fastrtps/grasp_planning__type_support.cpp.o[0m
[28.923s] [ 68%] [32m[1mLinking CXX shared library libgrasping_msgs__rosidl_typesupport_fastrtps_cpp.so[0m
[29.234s] [ 68%] Built target grasping_msgs__rosidl_typesupport_fastrtps_cpp
[29.293s] [ 69%] [34m[1mGenerating C type support for eProsima Fast-RTPS[0m
[31.308s] [35m[1mScanning dependencies of target grasping_msgs__rosidl_typesupport_fastrtps_c[0m
[31.406s] [ 71%] [32mBuilding CXX object CMakeFiles/grasping_msgs__rosidl_typesupport_fastrtps_c.dir/rosidl_typesupport_fastrtps_c/grasping_msgs/action/detail/find_graspable_objects__type_support_c.cpp.o[0m
[32.263s] [ 73%] [32mBuilding CXX object CMakeFiles/grasping_msgs__rosidl_typesupport_fastrtps_c.dir/rosidl_typesupport_fastrtps_c/grasping_msgs/msg/detail/object_property__type_support_c.cpp.o[0m
[32.951s] [ 74%] [32mBuilding CXX object CMakeFiles/grasping_msgs__rosidl_typesupport_fastrtps_c.dir/rosidl_typesupport_fastrtps_c/grasping_msgs/msg/detail/object__type_support_c.cpp.o[0m
[33.695s] [ 76%] [32mBuilding CXX object CMakeFiles/grasping_msgs__rosidl_typesupport_fastrtps_c.dir/rosidl_typesupport_fastrtps_c/grasping_msgs/msg/detail/graspable_object__type_support_c.cpp.o[0m
[34.452s] [ 77%] [32mBuilding CXX object CMakeFiles/grasping_msgs__rosidl_typesupport_fastrtps_c.dir/rosidl_typesupport_fastrtps_c/grasping_msgs/action/detail/grasp_planning__type_support_c.cpp.o[0m
[35.308s] [ 79%] [32m[1mLinking CXX shared library libgrasping_msgs__rosidl_typesupport_fastrtps_c.so[0m
[35.604s] [ 79%] Built target grasping_msgs__rosidl_typesupport_fastrtps_c
[35.642s] [35m[1mScanning dependencies of target grasping_msgs[0m
[35.705s] [ 79%] Built target grasping_msgs
[35.735s] [35m[1mScanning dependencies of target grasping_msgs__py[0m
[35.806s] [ 80%] [34m[1mGenerating Python code for ROS interfaces[0m
[40.448s] [ 80%] Built target grasping_msgs__py
[40.470s] [35m[1mScanning dependencies of target grasping_msgs__python[0m
[40.566s] [ 82%] [32mBuilding C object CMakeFiles/grasping_msgs__python.dir/rosidl_generator_py/grasping_msgs/action/_find_graspable_objects_s.c.o[0m
[40.870s] [ 84%] [32mBuilding C object CMakeFiles/grasping_msgs__python.dir/rosidl_generator_py/grasping_msgs/msg/_object_property_s.c.o[0m
[41.085s] [ 85%] [32mBuilding C object CMakeFiles/grasping_msgs__python.dir/rosidl_generator_py/grasping_msgs/msg/_object_s.c.o[0m
[41.349s] [ 87%] [32mBuilding C object CMakeFiles/grasping_msgs__python.dir/rosidl_generator_py/grasping_msgs/msg/_graspable_object_s.c.o[0m
[41.520s] [ 88%] [32mBuilding C object CMakeFiles/grasping_msgs__python.dir/rosidl_generator_py/grasping_msgs/action/_grasp_planning_s.c.o[0m
[41.797s] [ 90%] [32m[1mLinking C shared library rosidl_generator_py/grasping_msgs/libgrasping_msgs__python.so[0m
[41.918s] [ 90%] Built target grasping_msgs__python
[41.937s] [35m[1mScanning dependencies of target grasping_msgs__rosidl_typesupport_c__pyext[0m
[41.978s] [ 92%] [32mBuilding C object CMakeFiles/grasping_msgs__rosidl_typesupport_c__pyext.dir/rosidl_generator_py/grasping_msgs/_grasping_msgs_s.ep.rosidl_typesupport_c.c.o[0m
[42.300s] [ 93%] [32m[1mLinking C shared library rosidl_generator_py/grasping_msgs/grasping_msgs_s__rosidl_typesupport_c.cpython-38-x86_64-linux-gnu.so[0m
[42.400s] [ 93%] Built target grasping_msgs__rosidl_typesupport_c__pyext
[42.425s] [35m[1mScanning dependencies of target grasping_msgs__rosidl_typesupport_fastrtps_c__pyext[0m
[42.493s] [ 95%] [32mBuilding C object CMakeFiles/grasping_msgs__rosidl_typesupport_fastrtps_c__pyext.dir/rosidl_generator_py/grasping_msgs/_grasping_msgs_s.ep.rosidl_typesupport_fastrtps_c.c.o[0m
[42.732s] [ 96%] [32m[1mLinking CXX shared library rosidl_generator_py/grasping_msgs/grasping_msgs_s__rosidl_typesupport_fastrtps_c.cpython-38-x86_64-linux-gnu.so[0m
[42.947s] [ 96%] Built target grasping_msgs__rosidl_typesupport_fastrtps_c__pyext
[42.968s] [35m[1mScanning dependencies of target grasping_msgs__rosidl_typesupport_introspection_c__pyext[0m
[43.045s] [ 98%] [32mBuilding C object CMakeFiles/grasping_msgs__rosidl_typesupport_introspection_c__pyext.dir/rosidl_generator_py/grasping_msgs/_grasping_msgs_s.ep.rosidl_typesupport_introspection_c.c.o[0m
[43.360s] [100%] [32m[1mLinking C shared library rosidl_generator_py/grasping_msgs/grasping_msgs_s__rosidl_typesupport_introspection_c.cpython-38-x86_64-linux-gnu.so[0m
[43.522s] [100%] Built target grasping_msgs__rosidl_typesupport_introspection_c__pyext
[43.541s] Invoked command in '/home/user/ros2_ws/build/grasping_msgs' returned '0': CMAKE_PREFIX_PATH=${CMAKE_PREFIX_PATH}:/home/user/ros2_ws/install/examples_tf2_py:/home/user/ros2_ws/install/ros2_control_test_nodes:/home/user/ros2_ws/install/project_topics_pkg:/home/user/ros2_ws/install/project_services_and_actions:/home/user/ros2_ws/install/path_planner_server:/home/user/ros2_ws/install/localization_server:/home/user/ros2_ws/install/map_server:/home/user/ros2_ws/install/cartographer_slam:/opt/ros/foxy _=/usr/bin/env /usr/bin/cmake --build /home/user/ros2_ws/build/grasping_msgs -- -j8 -l8
[44.234s] Invoking command in '/home/user/ros2_ws/build/grasping_msgs': CMAKE_PREFIX_PATH=${CMAKE_PREFIX_PATH}:/home/user/ros2_ws/install/examples_tf2_py:/home/user/ros2_ws/install/ros2_control_test_nodes:/home/user/ros2_ws/install/project_topics_pkg:/home/user/ros2_ws/install/project_services_and_actions:/home/user/ros2_ws/install/path_planner_server:/home/user/ros2_ws/install/localization_server:/home/user/ros2_ws/install/map_server:/home/user/ros2_ws/install/cartographer_slam:/opt/ros/foxy _=/usr/bin/env /usr/bin/cmake --install /home/user/ros2_ws/build/grasping_msgs
[44.255s] -- Install configuration: ""
[44.257s] -- Installing: /home/user/ros2_ws/install/grasping_msgs/share/ament_index/resource_index/rosidl_interfaces/grasping_msgs
[44.261s] -- Installing: /home/user/ros2_ws/install/grasping_msgs/include/grasping_msgs
[44.262s] -- Installing: /home/user/ros2_ws/install/grasping_msgs/include/grasping_msgs/msg
[44.262s] -- Installing: /home/user/ros2_ws/install/grasping_msgs/include/grasping_msgs/msg/detail
[44.263s] -- Installing: /home/user/ros2_ws/install/grasping_msgs/include/grasping_msgs/msg/detail/object_property__functions.h
[44.264s] -- Installing: /home/user/ros2_ws/install/grasping_msgs/include/grasping_msgs/msg/detail/graspable_object__functions.c
[44.264s] -- Installing: /home/user/ros2_ws/install/grasping_msgs/include/grasping_msgs/msg/detail/graspable_object__struct.h
[44.264s] -- Installing: /home/user/ros2_ws/install/grasping_msgs/include/grasping_msgs/msg/detail/object_property__functions.c
[44.264s] -- Installing: /home/user/ros2_ws/install/grasping_msgs/include/grasping_msgs/msg/detail/object_property__type_support.h
[44.265s] -- Installing: /home/user/ros2_ws/install/grasping_msgs/include/grasping_msgs/msg/detail/graspable_object__type_support.h
[44.265s] -- Installing: /home/user/ros2_ws/install/grasping_msgs/include/grasping_msgs/msg/detail/object__functions.h
[44.266s] -- Installing: /home/user/ros2_ws/install/grasping_msgs/include/grasping_msgs/msg/detail/object__functions.c
[44.266s] -- Installing: /home/user/ros2_ws/install/grasping_msgs/include/grasping_msgs/msg/detail/object__type_support.h
[44.267s] -- Installing: /home/user/ros2_ws/install/grasping_msgs/include/grasping_msgs/msg/detail/object_property__struct.h
[44.268s] -- Installing: /home/user/ros2_ws/install/grasping_msgs/include/grasping_msgs/msg/detail/object__struct.h
[44.268s] -- Installing: /home/user/ros2_ws/install/grasping_msgs/include/grasping_msgs/msg/detail/graspable_object__functions.h
[44.268s] -- Installing: /home/user/ros2_ws/install/grasping_msgs/include/grasping_msgs/msg/rosidl_generator_c__visibility_control.h
[44.269s] -- Installing: /home/user/ros2_ws/install/grasping_msgs/include/grasping_msgs/msg/object.h
[44.269s] -- Installing: /home/user/ros2_ws/install/grasping_msgs/include/grasping_msgs/msg/graspable_object.h
[44.270s] -- Installing: /home/user/ros2_ws/install/grasping_msgs/include/grasping_msgs/msg/object_property.h
[44.270s] -- Installing: /home/user/ros2_ws/install/grasping_msgs/include/grasping_msgs/action
[44.271s] -- Installing: /home/user/ros2_ws/install/grasping_msgs/include/grasping_msgs/action/detail
[44.274s] -- Installing: /home/user/ros2_ws/install/grasping_msgs/include/grasping_msgs/action/detail/find_graspable_objects__struct.h
[44.274s] -- Installing: /home/user/ros2_ws/install/grasping_msgs/include/grasping_msgs/action/detail/grasp_planning__functions.c
[44.275s] -- Installing: /home/user/ros2_ws/install/grasping_msgs/include/grasping_msgs/action/detail/grasp_planning__struct.h
[44.275s] -- Installing: /home/user/ros2_ws/install/grasping_msgs/include/grasping_msgs/action/detail/find_graspable_objects__type_support.h
[44.275s] -- Installing: /home/user/ros2_ws/install/grasping_msgs/include/grasping_msgs/action/detail/find_graspable_objects__functions.c
[44.275s] -- Installing: /home/user/ros2_ws/install/grasping_msgs/include/grasping_msgs/action/detail/grasp_planning__functions.h
[44.275s] -- Installing: /home/user/ros2_ws/install/grasping_msgs/include/grasping_msgs/action/detail/find_graspable_objects__functions.h
[44.275s] -- Installing: /home/user/ros2_ws/install/grasping_msgs/include/grasping_msgs/action/detail/grasp_planning__type_support.h
[44.276s] -- Installing: /home/user/ros2_ws/install/grasping_msgs/include/grasping_msgs/action/find_graspable_objects.h
[44.276s] -- Installing: /home/user/ros2_ws/install/grasping_msgs/include/grasping_msgs/action/grasp_planning.h
[44.277s] -- Installing: /home/user/ros2_ws/install/grasping_msgs/share/grasping_msgs/environment/library_path.sh
[44.277s] -- Installing: /home/user/ros2_ws/install/grasping_msgs/share/grasping_msgs/environment/library_path.dsv
[44.277s] -- Installing: /home/user/ros2_ws/install/grasping_msgs/lib/libgrasping_msgs__rosidl_generator_c.so
[44.277s] -- Set runtime path of "/home/user/ros2_ws/install/grasping_msgs/lib/libgrasping_msgs__rosidl_generator_c.so" to ""
[44.277s] -- Up-to-date: /home/user/ros2_ws/install/grasping_msgs/include/grasping_msgs
[44.277s] -- Up-to-date: /home/user/ros2_ws/install/grasping_msgs/include/grasping_msgs/msg
[44.278s] -- Up-to-date: /home/user/ros2_ws/install/grasping_msgs/include/grasping_msgs/msg/detail
[44.278s] -- Installing: /home/user/ros2_ws/install/grasping_msgs/include/grasping_msgs/msg/detail/object_property__rosidl_typesupport_fastrtps_c.h
[44.280s] -- Installing: /home/user/ros2_ws/install/grasping_msgs/include/grasping_msgs/msg/detail/object__rosidl_typesupport_fastrtps_c.h
[44.280s] -- Installing: /home/user/ros2_ws/install/grasping_msgs/include/grasping_msgs/msg/detail/graspable_object__rosidl_typesupport_fastrtps_c.h
[44.280s] -- Installing: /home/user/ros2_ws/install/grasping_msgs/include/grasping_msgs/msg/rosidl_typesupport_fastrtps_c__visibility_control.h
[44.280s] -- Up-to-date: /home/user/ros2_ws/install/grasping_msgs/include/grasping_msgs/action
[44.280s] -- Up-to-date: /home/user/ros2_ws/install/grasping_msgs/include/grasping_msgs/action/detail
[44.281s] -- Installing: /home/user/ros2_ws/install/grasping_msgs/include/grasping_msgs/action/detail/find_graspable_objects__rosidl_typesupport_fastrtps_c.h
[44.281s] -- Installing: /home/user/ros2_ws/install/grasping_msgs/include/grasping_msgs/action/detail/grasp_planning__rosidl_typesupport_fastrtps_c.h
[44.281s] -- Installing: /home/user/ros2_ws/install/grasping_msgs/lib/libgrasping_msgs__rosidl_typesupport_fastrtps_c.so
[44.281s] -- Set runtime path of "/home/user/ros2_ws/install/grasping_msgs/lib/libgrasping_msgs__rosidl_typesupport_fastrtps_c.so" to ""
[44.281s] -- Up-to-date: /home/user/ros2_ws/install/grasping_msgs/include/grasping_msgs
[44.282s] -- Up-to-date: /home/user/ros2_ws/install/grasping_msgs/include/grasping_msgs/msg
[44.282s] -- Up-to-date: /home/user/ros2_ws/install/grasping_msgs/include/grasping_msgs/msg/detail
[44.283s] -- Installing: /home/user/ros2_ws/install/grasping_msgs/include/grasping_msgs/msg/detail/graspable_object__rosidl_typesupport_fastrtps_cpp.hpp
[44.283s] -- Installing: /home/user/ros2_ws/install/grasping_msgs/include/grasping_msgs/msg/detail/object_property__rosidl_typesupport_fastrtps_cpp.hpp
[44.283s] -- Installing: /home/user/ros2_ws/install/grasping_msgs/include/grasping_msgs/msg/detail/dds_fastrtps
[44.283s] -- Installing: /home/user/ros2_ws/install/grasping_msgs/include/grasping_msgs/msg/detail/object__rosidl_typesupport_fastrtps_cpp.hpp
[44.284s] -- Installing: /home/user/ros2_ws/install/grasping_msgs/include/grasping_msgs/msg/rosidl_typesupport_fastrtps_cpp__visibility_control.h
[44.284s] -- Up-to-date: /home/user/ros2_ws/install/grasping_msgs/include/grasping_msgs/action
[44.284s] -- Up-to-date: /home/user/ros2_ws/install/grasping_msgs/include/grasping_msgs/action/detail
[44.284s] -- Installing: /home/user/ros2_ws/install/grasping_msgs/include/grasping_msgs/action/detail/dds_fastrtps
[44.284s] -- Installing: /home/user/ros2_ws/install/grasping_msgs/include/grasping_msgs/action/detail/find_graspable_objects__rosidl_typesupport_fastrtps_cpp.hpp
[44.284s] -- Installing: /home/user/ros2_ws/install/grasping_msgs/include/grasping_msgs/action/detail/grasp_planning__rosidl_typesupport_fastrtps_cpp.hpp
[44.285s] -- Installing: /home/user/ros2_ws/install/grasping_msgs/lib/libgrasping_msgs__rosidl_typesupport_fastrtps_cpp.so
[44.285s] -- Set runtime path of "/home/user/ros2_ws/install/grasping_msgs/lib/libgrasping_msgs__rosidl_typesupport_fastrtps_cpp.so" to ""
[44.285s] -- Up-to-date: /home/user/ros2_ws/install/grasping_msgs/include/grasping_msgs
[44.285s] -- Up-to-date: /home/user/ros2_ws/install/grasping_msgs/include/grasping_msgs/msg
[44.285s] -- Up-to-date: /home/user/ros2_ws/install/grasping_msgs/include/grasping_msgs/msg/detail
[44.285s] -- Installing: /home/user/ros2_ws/install/grasping_msgs/include/grasping_msgs/msg/detail/object_property__type_support.c
[44.285s] -- Installing: /home/user/ros2_ws/install/grasping_msgs/include/grasping_msgs/msg/detail/object_property__rosidl_typesupport_introspection_c.h
[44.286s] -- Installing: /home/user/ros2_ws/install/grasping_msgs/include/grasping_msgs/msg/detail/graspable_object__type_support.c
[44.286s] -- Installing: /home/user/ros2_ws/install/grasping_msgs/include/grasping_msgs/msg/detail/object__type_support.c
[44.286s] -- Installing: /home/user/ros2_ws/install/grasping_msgs/include/grasping_msgs/msg/detail/object__rosidl_typesupport_introspection_c.h
[44.286s] -- Installing: /home/user/ros2_ws/install/grasping_msgs/include/grasping_msgs/msg/detail/graspable_object__rosidl_typesupport_introspection_c.h
[44.286s] -- Installing: /home/user/ros2_ws/install/grasping_msgs/include/grasping_msgs/msg/rosidl_typesupport_introspection_c__visibility_control.h
[44.286s] -- Up-to-date: /home/user/ros2_ws/install/grasping_msgs/include/grasping_msgs/action
[44.286s] -- Up-to-date: /home/user/ros2_ws/install/grasping_msgs/include/grasping_msgs/action/detail
[44.287s] -- Installing: /home/user/ros2_ws/install/grasping_msgs/include/grasping_msgs/action/detail/find_graspable_objects__type_support.c
[44.287s] -- Installing: /home/user/ros2_ws/install/grasping_msgs/include/grasping_msgs/action/detail/find_graspable_objects__rosidl_typesupport_introspection_c.h
[44.287s] -- Installing: /home/user/ros2_ws/install/grasping_msgs/include/grasping_msgs/action/detail/grasp_planning__rosidl_typesupport_introspection_c.h
[44.287s] -- Installing: /home/user/ros2_ws/install/grasping_msgs/include/grasping_msgs/action/detail/grasp_planning__type_support.c
[44.287s] -- Installing: /home/user/ros2_ws/install/grasping_msgs/lib/libgrasping_msgs__rosidl_typesupport_introspection_c.so
[44.287s] -- Set runtime path of "/home/user/ros2_ws/install/grasping_msgs/lib/libgrasping_msgs__rosidl_typesupport_introspection_c.so" to ""
[44.288s] -- Installing: /home/user/ros2_ws/install/grasping_msgs/lib/libgrasping_msgs__rosidl_typesupport_c.so
[44.288s] -- Set runtime path of "/home/user/ros2_ws/install/grasping_msgs/lib/libgrasping_msgs__rosidl_typesupport_c.so" to ""
[44.288s] -- Up-to-date: /home/user/ros2_ws/install/grasping_msgs/include/grasping_msgs
[44.288s] -- Up-to-date: /home/user/ros2_ws/install/grasping_msgs/include/grasping_msgs/msg
[44.289s] -- Up-to-date: /home/user/ros2_ws/install/grasping_msgs/include/grasping_msgs/msg/detail
[44.289s] -- Installing: /home/user/ros2_ws/install/grasping_msgs/include/grasping_msgs/msg/detail/graspable_object__struct.hpp
[44.289s] -- Installing: /home/user/ros2_ws/install/grasping_msgs/include/grasping_msgs/msg/detail/object__struct.hpp
[44.289s] -- Installing: /home/user/ros2_ws/install/grasping_msgs/include/grasping_msgs/msg/detail/graspable_object__traits.hpp
[44.290s] -- Installing: /home/user/ros2_ws/install/grasping_msgs/include/grasping_msgs/msg/detail/object_property__traits.hpp
[44.290s] -- Installing: /home/user/ros2_ws/install/grasping_msgs/include/grasping_msgs/msg/detail/object__builder.hpp
[44.292s] -- Installing: /home/user/ros2_ws/install/grasping_msgs/include/grasping_msgs/msg/detail/object_property__struct.hpp
[44.292s] -- Installing: /home/user/ros2_ws/install/grasping_msgs/include/grasping_msgs/msg/detail/object__traits.hpp
[44.293s] -- Installing: /home/user/ros2_ws/install/grasping_msgs/include/grasping_msgs/msg/detail/object_property__builder.hpp
[44.293s] -- Installing: /home/user/ros2_ws/install/grasping_msgs/include/grasping_msgs/msg/detail/graspable_object__builder.hpp
[44.293s] -- Installing: /home/user/ros2_ws/install/grasping_msgs/include/grasping_msgs/msg/graspable_object.hpp
[44.294s] -- Installing: /home/user/ros2_ws/install/grasping_msgs/include/grasping_msgs/msg/object.hpp
[44.294s] -- Installing: /home/user/ros2_ws/install/grasping_msgs/include/grasping_msgs/msg/object_property.hpp
[44.295s] -- Up-to-date: /home/user/ros2_ws/install/grasping_msgs/include/grasping_msgs/action
[44.295s] -- Up-to-date: /home/user/ros2_ws/install/grasping_msgs/include/grasping_msgs/action/detail
[44.296s] -- Installing: /home/user/ros2_ws/install/grasping_msgs/include/grasping_msgs/action/detail/find_graspable_objects__traits.hpp
[44.296s] -- Installing: /home/user/ros2_ws/install/grasping_msgs/include/grasping_msgs/action/detail/find_graspable_objects__struct.hpp
[44.302s] -- Installing: /home/user/ros2_ws/install/grasping_msgs/include/grasping_msgs/action/detail/grasp_planning__traits.hpp
[44.302s] -- Installing: /home/user/ros2_ws/install/grasping_msgs/include/grasping_msgs/action/detail/find_graspable_objects__builder.hpp
[44.302s] -- Installing: /home/user/ros2_ws/install/grasping_msgs/include/grasping_msgs/action/detail/grasp_planning__struct.hpp
[44.303s] -- Installing: /home/user/ros2_ws/install/grasping_msgs/include/grasping_msgs/action/detail/grasp_planning__builder.hpp
[44.303s] -- Installing: /home/user/ros2_ws/install/grasping_msgs/include/grasping_msgs/action/grasp_planning.hpp
[44.303s] -- Installing: /home/user/ros2_ws/install/grasping_msgs/include/grasping_msgs/action/find_graspable_objects.hpp
[44.303s] -- Up-to-date: /home/user/ros2_ws/install/grasping_msgs/include/grasping_msgs
[44.303s] -- Up-to-date: /home/user/ros2_ws/install/grasping_msgs/include/grasping_msgs/msg
[44.303s] -- Up-to-date: /home/user/ros2_ws/install/grasping_msgs/include/grasping_msgs/msg/detail
[44.303s] -- Installing: /home/user/ros2_ws/install/grasping_msgs/include/grasping_msgs/msg/detail/object_property__rosidl_typesupport_introspection_cpp.hpp
[44.303s] -- Installing: /home/user/ros2_ws/install/grasping_msgs/include/grasping_msgs/msg/detail/object__rosidl_typesupport_introspection_cpp.hpp
[44.304s] -- Installing: /home/user/ros2_ws/install/grasping_msgs/include/grasping_msgs/msg/detail/object__type_support.cpp
[44.304s] -- Installing: /home/user/ros2_ws/install/grasping_msgs/include/grasping_msgs/msg/detail/object_property__type_support.cpp
[44.304s] -- Installing: /home/user/ros2_ws/install/grasping_msgs/include/grasping_msgs/msg/detail/graspable_object__type_support.cpp
[44.304s] -- Installing: /home/user/ros2_ws/install/grasping_msgs/include/grasping_msgs/msg/detail/graspable_object__rosidl_typesupport_introspection_cpp.hpp
[44.304s] -- Up-to-date: /home/user/ros2_ws/install/grasping_msgs/include/grasping_msgs/action
[44.304s] -- Up-to-date: /home/user/ros2_ws/install/grasping_msgs/include/grasping_msgs/action/detail
[44.304s] -- Installing: /home/user/ros2_ws/install/grasping_msgs/include/grasping_msgs/action/detail/grasp_planning__type_support.cpp
[44.304s] -- Installing: /home/user/ros2_ws/install/grasping_msgs/include/grasping_msgs/action/detail/find_graspable_objects__rosidl_typesupport_introspection_cpp.hpp
[44.305s] -- Installing: /home/user/ros2_ws/install/grasping_msgs/include/grasping_msgs/action/detail/grasp_planning__rosidl_typesupport_introspection_cpp.hpp
[44.305s] -- Installing: /home/user/ros2_ws/install/grasping_msgs/include/grasping_msgs/action/detail/find_graspable_objects__type_support.cpp
[44.305s] -- Installing: /home/user/ros2_ws/install/grasping_msgs/lib/libgrasping_msgs__rosidl_typesupport_introspection_cpp.so
[44.305s] -- Set runtime path of "/home/user/ros2_ws/install/grasping_msgs/lib/libgrasping_msgs__rosidl_typesupport_introspection_cpp.so" to ""
[44.305s] -- Installing: /home/user/ros2_ws/install/grasping_msgs/lib/libgrasping_msgs__rosidl_typesupport_cpp.so
[44.305s] -- Set runtime path of "/home/user/ros2_ws/install/grasping_msgs/lib/libgrasping_msgs__rosidl_typesupport_cpp.so" to ""
[44.305s] -- Installing: /home/user/ros2_ws/install/grasping_msgs/share/grasping_msgs/environment/pythonpath.sh
[44.305s] -- Installing: /home/user/ros2_ws/install/grasping_msgs/share/grasping_msgs/environment/pythonpath.dsv
[44.305s] -- Installing: /home/user/ros2_ws/install/grasping_msgs/lib/python3.8/site-packages/grasping_msgs/__init__.py
[44.365s] Compiling '/home/user/ros2_ws/install/grasping_msgs/lib/python3.8/site-packages/grasping_msgs/__init__.py'...
[44.372s] -- Installing: /home/user/ros2_ws/install/grasping_msgs/lib/python3.8/site-packages/grasping_msgs/action
[44.372s] -- Installing: /home/user/ros2_ws/install/grasping_msgs/lib/python3.8/site-packages/grasping_msgs/action/_find_graspable_objects_s.c
[44.373s] -- Installing: /home/user/ros2_ws/install/grasping_msgs/lib/python3.8/site-packages/grasping_msgs/action/__init__.py
[44.373s] -- Installing: /home/user/ros2_ws/install/grasping_msgs/lib/python3.8/site-packages/grasping_msgs/action/_find_graspable_objects.py
[44.373s] -- Installing: /home/user/ros2_ws/install/grasping_msgs/lib/python3.8/site-packages/grasping_msgs/action/_grasp_planning_s.c
[44.374s] -- Installing: /home/user/ros2_ws/install/grasping_msgs/lib/python3.8/site-packages/grasping_msgs/action/_grasp_planning.py
[44.374s] -- Installing: /home/user/ros2_ws/install/grasping_msgs/lib/python3.8/site-packages/grasping_msgs/msg
[44.374s] -- Installing: /home/user/ros2_ws/install/grasping_msgs/lib/python3.8/site-packages/grasping_msgs/msg/_graspable_object_s.c
[44.375s] -- Installing: /home/user/ros2_ws/install/grasping_msgs/lib/python3.8/site-packages/grasping_msgs/msg/__init__.py
[44.375s] -- Installing: /home/user/ros2_ws/install/grasping_msgs/lib/python3.8/site-packages/grasping_msgs/msg/_object_property_s.c
[44.375s] -- Installing: /home/user/ros2_ws/install/grasping_msgs/lib/python3.8/site-packages/grasping_msgs/msg/_object_s.c
[44.375s] -- Installing: /home/user/ros2_ws/install/grasping_msgs/lib/python3.8/site-packages/grasping_msgs/msg/_object_property.py
[44.376s] -- Installing: /home/user/ros2_ws/install/grasping_msgs/lib/python3.8/site-packages/grasping_msgs/msg/_object.py
[44.376s] -- Installing: /home/user/ros2_ws/install/grasping_msgs/lib/python3.8/site-packages/grasping_msgs/msg/_graspable_object.py
[44.377s] -- Installing: /home/user/ros2_ws/install/grasping_msgs/lib/python3.8/site-packages/grasping_msgs/grasping_msgs_s__rosidl_typesupport_fastrtps_c.cpython-38-x86_64-linux-gnu.so
[44.377s] -- Set runtime path of "/home/user/ros2_ws/install/grasping_msgs/lib/python3.8/site-packages/grasping_msgs/grasping_msgs_s__rosidl_typesupport_fastrtps_c.cpython-38-x86_64-linux-gnu.so" to ""
[44.378s] -- Installing: /home/user/ros2_ws/install/grasping_msgs/lib/python3.8/site-packages/grasping_msgs/grasping_msgs_s__rosidl_typesupport_introspection_c.cpython-38-x86_64-linux-gnu.so
[44.379s] -- Set runtime path of "/home/user/ros2_ws/install/grasping_msgs/lib/python3.8/site-packages/grasping_msgs/grasping_msgs_s__rosidl_typesupport_introspection_c.cpython-38-x86_64-linux-gnu.so" to ""
[44.379s] -- Installing: /home/user/ros2_ws/install/grasping_msgs/lib/python3.8/site-packages/grasping_msgs/grasping_msgs_s__rosidl_typesupport_c.cpython-38-x86_64-linux-gnu.so
[44.380s] -- Set runtime path of "/home/user/ros2_ws/install/grasping_msgs/lib/python3.8/site-packages/grasping_msgs/grasping_msgs_s__rosidl_typesupport_c.cpython-38-x86_64-linux-gnu.so" to ""
[44.381s] -- Installing: /home/user/ros2_ws/install/grasping_msgs/lib/libgrasping_msgs__python.so
[44.381s] -- Set runtime path of "/home/user/ros2_ws/install/grasping_msgs/lib/libgrasping_msgs__python.so" to ""
[44.382s] -- Installing: /home/user/ros2_ws/install/grasping_msgs/share/grasping_msgs/action/FindGraspableObjects.idl
[44.382s] -- Installing: /home/user/ros2_ws/install/grasping_msgs/share/grasping_msgs/action/GraspPlanning.idl
[44.382s] -- Installing: /home/user/ros2_ws/install/grasping_msgs/share/grasping_msgs/msg/GraspableObject.idl
[44.383s] -- Installing: /home/user/ros2_ws/install/grasping_msgs/share/grasping_msgs/msg/Object.idl
[44.383s] -- Installing: /home/user/ros2_ws/install/grasping_msgs/share/grasping_msgs/msg/ObjectProperty.idl
[44.383s] -- Installing: /home/user/ros2_ws/install/grasping_msgs/share/grasping_msgs/action/FindGraspableObjects.action
[44.384s] -- Installing: /home/user/ros2_ws/install/grasping_msgs/share/grasping_msgs/action/GraspPlanning.action
[44.384s] -- Installing: /home/user/ros2_ws/install/grasping_msgs/share/grasping_msgs/msg/GraspableObject.msg
[44.384s] -- Installing: /home/user/ros2_ws/install/grasping_msgs/share/grasping_msgs/msg/Object.msg
[44.385s] -- Installing: /home/user/ros2_ws/install/grasping_msgs/share/grasping_msgs/msg/ObjectProperty.msg
[44.385s] -- Installing: /home/user/ros2_ws/install/grasping_msgs/share/ament_index/resource_index/package_run_dependencies/grasping_msgs
[44.386s] -- Installing: /home/user/ros2_ws/install/grasping_msgs/share/ament_index/resource_index/parent_prefix_path/grasping_msgs
[44.386s] -- Installing: /home/user/ros2_ws/install/grasping_msgs/share/grasping_msgs/environment/ament_prefix_path.sh
[44.387s] -- Installing: /home/user/ros2_ws/install/grasping_msgs/share/grasping_msgs/environment/ament_prefix_path.dsv
[44.387s] -- Installing: /home/user/ros2_ws/install/grasping_msgs/share/grasping_msgs/environment/path.sh
[44.387s] -- Installing: /home/user/ros2_ws/install/grasping_msgs/share/grasping_msgs/environment/path.dsv
[44.388s] -- Installing: /home/user/ros2_ws/install/grasping_msgs/share/grasping_msgs/local_setup.bash
[44.388s] -- Installing: /home/user/ros2_ws/install/grasping_msgs/share/grasping_msgs/local_setup.sh
[44.388s] -- Installing: /home/user/ros2_ws/install/grasping_msgs/share/grasping_msgs/local_setup.zsh
[44.389s] -- Installing: /home/user/ros2_ws/install/grasping_msgs/share/grasping_msgs/local_setup.dsv
[44.389s] -- Installing: /home/user/ros2_ws/install/grasping_msgs/share/grasping_msgs/package.dsv
[44.389s] -- Installing: /home/user/ros2_ws/install/grasping_msgs/share/ament_index/resource_index/packages/grasping_msgs
[44.390s] -- Installing: /home/user/ros2_ws/install/grasping_msgs/share/grasping_msgs/cmake/grasping_msgs__rosidl_generator_cExport.cmake
[44.390s] -- Installing: /home/user/ros2_ws/install/grasping_msgs/share/grasping_msgs/cmake/grasping_msgs__rosidl_generator_cExport-noconfig.cmake
[44.391s] -- Installing: /home/user/ros2_ws/install/grasping_msgs/share/grasping_msgs/cmake/grasping_msgs__rosidl_typesupport_introspection_cExport.cmake
[44.391s] -- Installing: /home/user/ros2_ws/install/grasping_msgs/share/grasping_msgs/cmake/grasping_msgs__rosidl_typesupport_introspection_cExport-noconfig.cmake
[44.391s] -- Installing: /home/user/ros2_ws/install/grasping_msgs/share/grasping_msgs/cmake/grasping_msgs__rosidl_typesupport_cExport.cmake
[44.392s] -- Installing: /home/user/ros2_ws/install/grasping_msgs/share/grasping_msgs/cmake/grasping_msgs__rosidl_typesupport_cExport-noconfig.cmake
[44.392s] -- Installing: /home/user/ros2_ws/install/grasping_msgs/share/grasping_msgs/cmake/grasping_msgs__rosidl_generator_cppExport.cmake
[44.392s] -- Installing: /home/user/ros2_ws/install/grasping_msgs/share/grasping_msgs/cmake/grasping_msgs__rosidl_typesupport_introspection_cppExport.cmake
[44.393s] -- Installing: /home/user/ros2_ws/install/grasping_msgs/share/grasping_msgs/cmake/grasping_msgs__rosidl_typesupport_introspection_cppExport-noconfig.cmake
[44.393s] -- Installing: /home/user/ros2_ws/install/grasping_msgs/share/grasping_msgs/cmake/grasping_msgs__rosidl_typesupport_cppExport.cmake
[44.394s] -- Installing: /home/user/ros2_ws/install/grasping_msgs/share/grasping_msgs/cmake/grasping_msgs__rosidl_typesupport_cppExport-noconfig.cmake
[44.394s] -- Installing: /home/user/ros2_ws/install/grasping_msgs/share/grasping_msgs/cmake/rosidl_cmake-extras.cmake
[44.394s] -- Installing: /home/user/ros2_ws/install/grasping_msgs/share/grasping_msgs/cmake/ament_cmake_export_dependencies-extras.cmake
[44.395s] -- Installing: /home/user/ros2_ws/install/grasping_msgs/share/grasping_msgs/cmake/ament_cmake_export_libraries-extras.cmake
[44.395s] -- Installing: /home/user/ros2_ws/install/grasping_msgs/share/grasping_msgs/cmake/ament_cmake_export_targets-extras.cmake
[44.395s] -- Installing: /home/user/ros2_ws/install/grasping_msgs/share/grasping_msgs/cmake/ament_cmake_export_include_directories-extras.cmake
[44.396s] -- Installing: /home/user/ros2_ws/install/grasping_msgs/share/grasping_msgs/cmake/rosidl_cmake_export_typesupport_libraries-extras.cmake
[44.396s] -- Installing: /home/user/ros2_ws/install/grasping_msgs/share/grasping_msgs/cmake/rosidl_cmake_export_typesupport_targets-extras.cmake
[44.397s] -- Installing: /home/user/ros2_ws/install/grasping_msgs/share/grasping_msgs/cmake/grasping_msgsConfig.cmake
[44.397s] -- Installing: /home/user/ros2_ws/install/grasping_msgs/share/grasping_msgs/cmake/grasping_msgsConfig-version.cmake
[44.398s] -- Installing: /home/user/ros2_ws/install/grasping_msgs/share/grasping_msgs/package.xml
[44.406s] Invoked command in '/home/user/ros2_ws/build/grasping_msgs' returned '0': CMAKE_PREFIX_PATH=${CMAKE_PREFIX_PATH}:/home/user/ros2_ws/install/examples_tf2_py:/home/user/ros2_ws/install/ros2_control_test_nodes:/home/user/ros2_ws/install/project_topics_pkg:/home/user/ros2_ws/install/project_services_and_actions:/home/user/ros2_ws/install/path_planner_server:/home/user/ros2_ws/install/localization_server:/home/user/ros2_ws/install/map_server:/home/user/ros2_ws/install/cartographer_slam:/opt/ros/foxy _=/usr/bin/env /usr/bin/cmake --install /home/user/ros2_ws/build/grasping_msgs
