[0.105s] Invoking command in '/home/user/ros2_ws/build/moveit_core': CMAKE_PREFIX_PATH=/home/user/ros2_ws/install/moveit_common:/home/user/ros2_ws/install/moveit2_scripts:/home/simulations/ros2_sims_ws/install/common_interfaces:/home/simulations/ros2_sims_ws/install/visualization_msgs:/home/simulations/ros2_sims_ws/install/test_msgs:/home/simulations/ros2_sims_ws/install/example_interfaces:/home/simulations/ros2_sims_ws/install/action_msgs:/home/simulations/ros2_sims_ws/install/unique_identifier_msgs:/home/simulations/ros2_sims_ws/install/trajectory_msgs:/home/simulations/ros2_sims_ws/install/test_interface_files:/home/simulations/ros2_sims_ws/install/stereo_msgs:/home/simulations/ros2_sims_ws/install/std_srvs:/home/simulations/ros2_sims_ws/install/shape_msgs:/home/simulations/ros2_sims_ws/install/sensor_msgs:/home/simulations/ros2_sims_ws/install/nav_msgs:/home/simulations/ros2_sims_ws/install/diagnostic_msgs:/home/simulations/ros2_sims_ws/install/geometry_msgs:/home/simulations/ros2_sims_ws/install/actionlib_msgs:/home/simulations/ros2_sims_ws/install/std_msgs:/home/simulations/ros2_sims_ws/install/statistics_msgs:/home/simulations/ros2_sims_ws/install/rosgraph_msgs:/home/simulations/ros2_sims_ws/install/rclrs_example_msgs:/home/simulations/ros2_sims_ws/install/composition_interfaces:/home/simulations/ros2_sims_ws/install/rcl_interfaces:/home/simulations/ros2_sims_ws/install/lifecycle_msgs:/home/simulations/ros2_sims_ws/install/builtin_interfaces:/home/simulations/ros2_sims_ws/install/rosidl_default_runtime:/home/simulations/ros2_sims_ws/install/rosidl_default_generators:/home/simulations/ros2_sims_ws/install/rosidl_generator_rs:/home/user/ros2_ws/install/ur_simulation_gazebo:/home/user/ros2_ws/install/ur3e_moveit_config:/home/user/ros2_ws/install/test_moveit_config:/home/user/ros2_ws/install/test2_moveit_config:/home/user/ros2_ws/install/my_moveit_config:/home/user/ros2_ws/install/my_moveit2_config:/home/user/ros2_ws/install/ur_description:/home/user/ros2_ws/install/the_construct_office_gazebo:/home/user/ros2_ws/install/simple_grasping:/home/user/ros2_ws/install/ros_testing:/home/user/ros2_ws/install/robotnik_sensors_gazebo:/home/user/ros2_ws/install/robotnik_sensors:/home/user/ros2_ws/install/robotiq_85_gripper:/home/user/ros2_ws/install/robotiq_85_msgs:/home/user/ros2_ws/install/robotiq_85_description:/home/user/ros2_ws/install/rg2_gripper_description:/home/user/ros2_ws/install/pilz_industrial_motion_planner_testutils:/home/user/ros2_ws/install/moveit_runtime:/home/user/ros2_ws/install/moveit:/home/user/ros2_ws/install/moveit_planners:/home/user/ros2_ws/install/pilz_industrial_motion_planner:/home/user/ros2_ws/install/moveit_ros_control_interface:/home/user/ros2_ws/install/moveit_plugins:/home/user/ros2_ws/install/moveit_simple_controller_manager:/home/user/ros2_ws/install/moveit_setup_assistant:/home/user/ros2_ws/install/moveit_setup_srdf_plugins:/home/user/ros2_ws/install/moveit_setup_core_plugins:/home/user/ros2_ws/install/moveit_setup_controllers:/home/user/ros2_ws/install/moveit_setup_app_plugins:/home/user/ros2_ws/install/moveit_setup_framework:/home/user/ros2_ws/install/moveit_servo:/home/user/ros2_ws/install/moveit_ros:/home/user/ros2_ws/install/moveit_ros_visualization:/home/user/ros2_ws/install/moveit_hybrid_planning:/home/user/ros2_ws/install/moveit_ros_planning_interface:/home/user/ros2_ws/install/moveit_ros_benchmarks:/home/user/ros2_ws/install/moveit_ros_warehouse:/home/user/ros2_ws/install/moveit_ros_robot_interaction:/home/user/ros2_ws/install/moveit_ros_perception:/home/user/ros2_ws/install/moveit_resources_prbt_pg70_support:/home/user/ros2_ws/install/moveit_resources_prbt_moveit_config:/home/user/ros2_ws/install/moveit_ros_move_group:/home/user/ros2_ws/install/moveit_planners_ompl:/home/user/ros2_ws/install/moveit_ros_planning:/home/user/ros2_ws/install/moveit_ros_occupancy_map_monitor:/home/user/ros2_ws/install/moveit_resources_prbt_support:/home/user/ros2_ws/install/moveit_resources_prbt_ikfast_manipulator_plugin:/home/user/ros2_ws/install/moveit_planners_chomp:/home/user/ros2_ws/install/moveit_kinematics:/home/user/ros2_ws/install/moveit_chomp_optimizer_adapter:/home/user/ros2_ws/install/chomp_motion_planner:/home/user/ros2_ws/install/moveit_core:/home/user/ros2_ws/install/gazebo_ros2_control_demos:/home/user/ros2_ws/install/gazebo_ros2_control:/home/simulations/ros2_sims_ws/install/rclrs_tests:/home/simulations/ros2_sims_ws/install/examples_rclrs_minimal_client_service:/home/simulations/ros2_sims_ws/install/sensor_msgs_py:/home/simulations/ros2_sims_ws/install/examples_rclrs_minimal_pub_sub:/home/simulations/ros2_sims_ws/install/examples_rclrs_message_demo:/home/simulations/ros2_sims_ws/install/rclrs:/home/simulations/ros2_sims_ws/install/rosidl_runtime_rs:/home/user/ros2_ws/install/ros2test:/home/user/ros2_ws/install/robotiq_85_driver:/home/user/ros2_ws/install/moveit_configs_utils:/opt/ros/humble _=/usr/bin/env /usr/bin/cmake --build /home/user/ros2_ws/build/moveit_core -- -j8 -l8
[0.472s] [  1%] Built target moveit_transforms
[0.740s] [  3%] Built target gmock
[0.961s] [  4%] Built target gmock_main
[1.257s] [  5%] Built target moveit_smoothing_base
[1.394s] [  6%] Built target moveit_butterworth_parameters
[1.684s] [  8%] Built target moveit_version
[1.850s] [  9%] Built target gtest_main
[2.025s] [ 10%] Built target gtest
[2.129s] [ 12%] Built target moveit_utils
[2.315s] [ 13%] Built target test_transforms
[2.513s] [ 15%] Built target moveit_distance_field
[2.782s] [ 16%] Built target moveit_kinematics_base
[2.877s] [ 17%] Built target test_distance_field
[2.986s] [ 18%] Built target test_voxel_grid
[3.096s] [ 19%] Built target moveit_exceptions
[3.238s] [ 26%] Built target moveit_robot_model
[3.431s] [ 29%] Built target moveit_robot_state
[3.520s] [ 30%] Built target moveit_butterworth_filter
[3.698s] [ 31%] Built target moveit_kinematics_metrics
[3.803s] [ 32%] Built target test_butterworth_filter
[3.918s] [ 34%] Built target moveit_dynamics_solver
[4.018s] [ 35%] Built target moveit_robot_trajectory
[4.154s] [ 41%] Built target moveit_collision_detection
[4.288s] [ 43%] Built target moveit_planning_interface
[4.494s] [ 48%] Built target moveit_collision_detection_bullet
[4.649s] [ 49%] Built target test_all_valid
[4.765s] [ 51%] Built target test_world_diff
[4.897s] [ 52%] Built target test_world
[5.017s] [ 54%] Built target moveit_collision_detection_fcl
[5.170s] [ 58%] Built target moveit_trajectory_processing
[5.275s] [ 60%] Built target moveit_kinematic_constraints
[5.373s] [ 61%] Built target moveit_test_utils
[5.488s] [ 62%] Built target moveit_planning_scene
[5.607s] [ 63%] Built target test_aabb
[5.710s] [ 64%] Built target test_cartesian_interpolator
[5.968s] [ 65%] Built target test_robot_trajectory
[6.087s] [ 66%] Built target test_time_parameterization
[6.199s] [ 68%] Built target test_time_optimal_trajectory_generation
[6.352s] [ 69%] Built target test_ruckig_traj_smoothing
[6.472s] [ 70%] Built target collision_detector_bullet_plugin
[6.569s] [ 71%] Built target test_bullet_collision_detection
[6.666s] [ 72%] Built target test_bullet_collision_detection_panda
[6.843s] [ 74%] Built target test_bullet_continuous_collision_checking
[7.030s] [ 75%] Built target collision_detector_fcl_plugin
[7.177s] [ 77%] Built target test_fcl_collision_env
[7.357s] [ 78%] Built target test_fcl_collision_detection
[7.585s] [ 79%] Built target test_fcl_collision_detection_panda
[7.735s] [ 82%] Built target moveit_collision_distance_field
[7.851s] [ 85%] Built target moveit_constraint_samplers
[7.990s] [ 86%] Built target moveit_planning_request_adapter
[8.157s] [ 87%] Built target test_planning_scene
[8.289s] [ 88%] Built target test_collision_objects
[8.379s] [ 89%] Built target test_multi_threaded
[8.506s] [ 90%] Built target test_collision_distance_field
[8.657s] [ 93%] Built target test_constraint_samplers
[8.746s] [ 94%] Built target test_robot_state_complex
[8.862s] [ 95%] Built target test_robot_state_benchmark
[9.009s] [ 97%] Built target test_robot_state
[9.171s] [ 98%] Built target test_robot_model
[9.402s] [ 99%] Built target test_orientation_constraints
[9.526s] [100%] Built target test_constraints
