[0.146s] Invoking command in '/home/user/ros2_ws/build/tf2_py': CMAKE_PREFIX_PATH=/home/user/ros2_ws/install/tf2:/home/simulations/ros2_sims_ws/install/ros1_bridge:/home/user/ros2_ws/install/ur_e_description:/home/user/ros2_ws/install/ur3e_moveit2_config:/home/user/ros2_ws/install/geometry2:/home/user/ros2_ws/install/tf2_tools:/home/user/ros2_ws/install/tf2_sensor_msgs:/home/user/ros2_ws/install/test_tf2:/home/user/ros2_ws/install/tf2_kdl:/home/user/ros2_ws/install/simple_grasping:/home/user/ros2_ws/install/perception_pcl:/home/user/ros2_ws/install/pcl_ros:/home/user/ros2_ws/install/tf2_geometry_msgs:/home/user/ros2_ws/install/tf2_eigen:/home/user/ros2_ws/install/tf2_bullet:/home/user/ros2_ws/install/tf2_ros:/home/user/ros2_ws/install/tf2_py:/home/user/ros2_ws/install/tf2_msgs:/home/user/ros2_ws/install/tf2_eigen_kdl:/home/user/ros2_ws/install/start_bridge:/home/user/ros2_ws/install/ros2_control_demos:/home/user/ros2_ws/install/ros2_control_demo_bringup:/home/user/ros2_ws/install/rrbot_description:/home/user/ros2_ws/install/ros2_control_demo_hardware:/home/user/ros2_ws/install/project_part2:/home/user/ros2_ws/install/project_custom_interfaces:/home/user/ros2_ws/install/pcl_conversions:/home/user/ros2_ws/install/my_rb1_description:/home/user/ros2_ws/install/my_moveit2_config:/home/user/ros2_ws/install/moveit2_scripts:/home/user/ros2_ws/install/grasping_msgs:/home/user/ros2_ws/install/diffbot_description:/home/user/ros2_ws/install/examples_tf2_py:/home/user/ros2_ws/install/ros2_control_test_nodes:/home/user/ros2_ws/install/project_topics_pkg:/home/user/ros2_ws/install/project_services_and_actions:/home/user/ros2_ws/install/path_planner_server:/home/user/ros2_ws/install/localization_server:/home/user/ros2_ws/install/map_server:/home/user/ros2_ws/install/cartographer_slam:/opt/ros/foxy LD_LIBRARY_PATH=/home/user/ros2_ws/install/tf2/lib:/usr/local/cuda-10.2/lib64:/home/user/.catkin_ws_python3/src/TensorRT-7.0.0.11/lib:/home/simulations/ros2_sims_ws/install/ros1_bridge/lib:/home/user/ros2_ws/install/simple_grasping/lib:/home/user/ros2_ws/install/pcl_ros/lib:/home/user/ros2_ws/install/tf2_bullet/lib:/home/user/ros2_ws/install/tf2_ros/lib:/home/user/ros2_ws/install/tf2_msgs/lib:/home/user/ros2_ws/install/tf2_eigen_kdl/lib:/home/user/ros2_ws/install/ros2_control_demo_hardware/lib:/home/user/ros2_ws/install/project_part2/lib:/home/user/ros2_ws/install/project_custom_interfaces/lib:/home/user/ros2_ws/install/grasping_msgs/lib:/opt/ros/foxy/opt/yaml_cpp_vendor/lib:/opt/ros/foxy/opt/rviz_ogre_vendor/lib:/opt/ros/foxy/lib/x86_64-linux-gnu:/opt/ros/foxy/lib:/usr/local/cuda-10.2/lib64:/home/user/.catkin_ws_python3/src/TensorRT-7.0.0.11/lib:/usr/local/nvidia/lib:/usr/local/nvidia/lib64:/usr/lib/x86_64-linux-gnu/gazebo-11/plugins:/usr/lib/x86_64-linux-gnu/gazebo-11/plugins _=/usr/bin/env /usr/bin/cmake /home/user/ros2_ws/src/perception_ros2/geometry2/tf2_py -DCMAKE_INSTALL_PREFIX=/home/user/ros2_ws/install/tf2_py
[0.528s] -- The C compiler identification is GNU 9.3.0
[0.828s] -- The CXX compiler identification is GNU 9.3.0
[0.840s] -- Check for working C compiler: /usr/bin/cc
[1.238s] -- Check for working C compiler: /usr/bin/cc -- works
[1.240s] -- Detecting C compiler ABI info
[1.588s] -- Detecting C compiler ABI info - done
[1.631s] -- Detecting C compile features
[1.637s] -- Detecting C compile features - done
[1.643s] -- Check for working CXX compiler: /usr/bin/c++
[2.150s] -- Check for working CXX compiler: /usr/bin/c++ -- works
[2.152s] -- Detecting CXX compiler ABI info
[2.692s] -- Detecting CXX compiler ABI info - done
[2.727s] -- Detecting CXX compile features
[2.728s] -- Detecting CXX compile features - done
[2.737s] -- Found ament_cmake: 0.9.9 (/opt/ros/foxy/share/ament_cmake/cmake)
[2.816s] -- Found PythonInterp: /usr/bin/python3 (found suitable version "3.8.10", minimum required is "3") 
[2.816s] -- Using PYTHON_EXECUTABLE: /usr/bin/python3
[3.533s] -- Found geometry_msgs: 2.0.4 (/opt/ros/foxy/share/geometry_msgs/cmake)
[3.660s] -- Using all available rosidl_typesupport_c: rosidl_typesupport_fastrtps_c;rosidl_typesupport_introspection_c
[3.686s] -- Found rosidl_adapter: 1.2.1 (/opt/ros/foxy/share/rosidl_adapter/cmake)
[4.167s] -- Found OpenSSL: /usr/lib/x86_64-linux-gnu/libcrypto.so (found version "1.1.1f")  
[4.312s] -- Found FastRTPS: /opt/ros/foxy/include  
[4.602s] -- Using all available rosidl_typesupport_cpp: rosidl_typesupport_fastrtps_cpp;rosidl_typesupport_introspection_cpp
[4.937s] -- Found tf2: 0.13.12 (/home/user/ros2_ws/install/tf2/share/tf2/cmake)
[4.962s] -- Found python_cmake_module: 0.8.1 (/opt/ros/foxy/share/python_cmake_module/cmake)
[5.003s] -- Found PythonInterp: /usr/bin/python3 (found suitable version "3.8.10", minimum required is "3.5") 
[5.016s] -- Found PythonLibs: /usr/lib/x86_64-linux-gnu/libpython3.8.so (found suitable version "3.8.10", minimum required is "3.5") 
[5.016s] -- Using PYTHON_EXECUTABLE: /usr/bin/python3
[5.016s] -- Using PYTHON_INCLUDE_DIRS: /usr/include/python3.8
[5.016s] -- Using PYTHON_LIBRARIES: /usr/lib/x86_64-linux-gnu/libpython3.8.so
[5.071s] -- Found PythonExtra: .so  
[5.219s] -- Found ament_lint_auto: 0.9.6 (/opt/ros/foxy/share/ament_lint_auto/cmake)
[7.277s] -- Added test 'cppcheck' to perform static code analysis on C / C++ code
[7.278s] -- Configured cppcheck include dirs: /home/user/ros2_ws/src/perception_ros2/geometry2/tf2_py/include
[7.278s] -- Configured cppcheck exclude dirs and/or files: 
[7.280s] -- Added test 'flake8' to check Python code syntax and style conventions
[7.283s] -- Added test 'lint_cmake' to check CMake code style
[7.286s] -- Added test 'pep257' to check Python code against some of the style conventions in PEP 257
[7.289s] -- Added test 'uncrustify' to check C / C++ code style
[7.289s] -- Configured uncrustify additional arguments: 
[7.292s] -- Added test 'xmllint' to check XML markup files
[7.302s] -- Configuring done
[7.331s] -- Generating done
[7.334s] -- Build files have been written to: /home/user/ros2_ws/build/tf2_py
[7.351s] Invoked command in '/home/user/ros2_ws/build/tf2_py' returned '0': CMAKE_PREFIX_PATH=/home/user/ros2_ws/install/tf2:/home/simulations/ros2_sims_ws/install/ros1_bridge:/home/user/ros2_ws/install/ur_e_description:/home/user/ros2_ws/install/ur3e_moveit2_config:/home/user/ros2_ws/install/geometry2:/home/user/ros2_ws/install/tf2_tools:/home/user/ros2_ws/install/tf2_sensor_msgs:/home/user/ros2_ws/install/test_tf2:/home/user/ros2_ws/install/tf2_kdl:/home/user/ros2_ws/install/simple_grasping:/home/user/ros2_ws/install/perception_pcl:/home/user/ros2_ws/install/pcl_ros:/home/user/ros2_ws/install/tf2_geometry_msgs:/home/user/ros2_ws/install/tf2_eigen:/home/user/ros2_ws/install/tf2_bullet:/home/user/ros2_ws/install/tf2_ros:/home/user/ros2_ws/install/tf2_py:/home/user/ros2_ws/install/tf2_msgs:/home/user/ros2_ws/install/tf2_eigen_kdl:/home/user/ros2_ws/install/start_bridge:/home/user/ros2_ws/install/ros2_control_demos:/home/user/ros2_ws/install/ros2_control_demo_bringup:/home/user/ros2_ws/install/rrbot_description:/home/user/ros2_ws/install/ros2_control_demo_hardware:/home/user/ros2_ws/install/project_part2:/home/user/ros2_ws/install/project_custom_interfaces:/home/user/ros2_ws/install/pcl_conversions:/home/user/ros2_ws/install/my_rb1_description:/home/user/ros2_ws/install/my_moveit2_config:/home/user/ros2_ws/install/moveit2_scripts:/home/user/ros2_ws/install/grasping_msgs:/home/user/ros2_ws/install/diffbot_description:/home/user/ros2_ws/install/examples_tf2_py:/home/user/ros2_ws/install/ros2_control_test_nodes:/home/user/ros2_ws/install/project_topics_pkg:/home/user/ros2_ws/install/project_services_and_actions:/home/user/ros2_ws/install/path_planner_server:/home/user/ros2_ws/install/localization_server:/home/user/ros2_ws/install/map_server:/home/user/ros2_ws/install/cartographer_slam:/opt/ros/foxy LD_LIBRARY_PATH=/home/user/ros2_ws/install/tf2/lib:/usr/local/cuda-10.2/lib64:/home/user/.catkin_ws_python3/src/TensorRT-7.0.0.11/lib:/home/simulations/ros2_sims_ws/install/ros1_bridge/lib:/home/user/ros2_ws/install/simple_grasping/lib:/home/user/ros2_ws/install/pcl_ros/lib:/home/user/ros2_ws/install/tf2_bullet/lib:/home/user/ros2_ws/install/tf2_ros/lib:/home/user/ros2_ws/install/tf2_msgs/lib:/home/user/ros2_ws/install/tf2_eigen_kdl/lib:/home/user/ros2_ws/install/ros2_control_demo_hardware/lib:/home/user/ros2_ws/install/project_part2/lib:/home/user/ros2_ws/install/project_custom_interfaces/lib:/home/user/ros2_ws/install/grasping_msgs/lib:/opt/ros/foxy/opt/yaml_cpp_vendor/lib:/opt/ros/foxy/opt/rviz_ogre_vendor/lib:/opt/ros/foxy/lib/x86_64-linux-gnu:/opt/ros/foxy/lib:/usr/local/cuda-10.2/lib64:/home/user/.catkin_ws_python3/src/TensorRT-7.0.0.11/lib:/usr/local/nvidia/lib:/usr/local/nvidia/lib64:/usr/lib/x86_64-linux-gnu/gazebo-11/plugins:/usr/lib/x86_64-linux-gnu/gazebo-11/plugins _=/usr/bin/env /usr/bin/cmake /home/user/ros2_ws/src/perception_ros2/geometry2/tf2_py -DCMAKE_INSTALL_PREFIX=/home/user/ros2_ws/install/tf2_py
[7.352s] Invoking command in '/home/user/ros2_ws/build/tf2_py': CMAKE_PREFIX_PATH=/home/user/ros2_ws/install/tf2:/home/simulations/ros2_sims_ws/install/ros1_bridge:/home/user/ros2_ws/install/ur_e_description:/home/user/ros2_ws/install/ur3e_moveit2_config:/home/user/ros2_ws/install/geometry2:/home/user/ros2_ws/install/tf2_tools:/home/user/ros2_ws/install/tf2_sensor_msgs:/home/user/ros2_ws/install/test_tf2:/home/user/ros2_ws/install/tf2_kdl:/home/user/ros2_ws/install/simple_grasping:/home/user/ros2_ws/install/perception_pcl:/home/user/ros2_ws/install/pcl_ros:/home/user/ros2_ws/install/tf2_geometry_msgs:/home/user/ros2_ws/install/tf2_eigen:/home/user/ros2_ws/install/tf2_bullet:/home/user/ros2_ws/install/tf2_ros:/home/user/ros2_ws/install/tf2_py:/home/user/ros2_ws/install/tf2_msgs:/home/user/ros2_ws/install/tf2_eigen_kdl:/home/user/ros2_ws/install/start_bridge:/home/user/ros2_ws/install/ros2_control_demos:/home/user/ros2_ws/install/ros2_control_demo_bringup:/home/user/ros2_ws/install/rrbot_description:/home/user/ros2_ws/install/ros2_control_demo_hardware:/home/user/ros2_ws/install/project_part2:/home/user/ros2_ws/install/project_custom_interfaces:/home/user/ros2_ws/install/pcl_conversions:/home/user/ros2_ws/install/my_rb1_description:/home/user/ros2_ws/install/my_moveit2_config:/home/user/ros2_ws/install/moveit2_scripts:/home/user/ros2_ws/install/grasping_msgs:/home/user/ros2_ws/install/diffbot_description:/home/user/ros2_ws/install/examples_tf2_py:/home/user/ros2_ws/install/ros2_control_test_nodes:/home/user/ros2_ws/install/project_topics_pkg:/home/user/ros2_ws/install/project_services_and_actions:/home/user/ros2_ws/install/path_planner_server:/home/user/ros2_ws/install/localization_server:/home/user/ros2_ws/install/map_server:/home/user/ros2_ws/install/cartographer_slam:/opt/ros/foxy LD_LIBRARY_PATH=/home/user/ros2_ws/install/tf2/lib:/usr/local/cuda-10.2/lib64:/home/user/.catkin_ws_python3/src/TensorRT-7.0.0.11/lib:/home/simulations/ros2_sims_ws/install/ros1_bridge/lib:/home/user/ros2_ws/install/simple_grasping/lib:/home/user/ros2_ws/install/pcl_ros/lib:/home/user/ros2_ws/install/tf2_bullet/lib:/home/user/ros2_ws/install/tf2_ros/lib:/home/user/ros2_ws/install/tf2_msgs/lib:/home/user/ros2_ws/install/tf2_eigen_kdl/lib:/home/user/ros2_ws/install/ros2_control_demo_hardware/lib:/home/user/ros2_ws/install/project_part2/lib:/home/user/ros2_ws/install/project_custom_interfaces/lib:/home/user/ros2_ws/install/grasping_msgs/lib:/opt/ros/foxy/opt/yaml_cpp_vendor/lib:/opt/ros/foxy/opt/rviz_ogre_vendor/lib:/opt/ros/foxy/lib/x86_64-linux-gnu:/opt/ros/foxy/lib:/usr/local/cuda-10.2/lib64:/home/user/.catkin_ws_python3/src/TensorRT-7.0.0.11/lib:/usr/local/nvidia/lib:/usr/local/nvidia/lib64:/usr/lib/x86_64-linux-gnu/gazebo-11/plugins:/usr/lib/x86_64-linux-gnu/gazebo-11/plugins _=/usr/bin/env /usr/bin/cmake --build /home/user/ros2_ws/build/tf2_py -- -j8 -l8
[7.543s] [35m[1mScanning dependencies of target tf2_py[0m
[7.679s] [ 50%] [32mBuilding CXX object CMakeFiles/tf2_py.dir/src/tf2_py.cpp.o[0m
[9.183s] [100%] [32m[1mLinking CXX shared library test_tf2_py/_tf2_py.cpython-38-x86_64-linux-gnu.so[0m
[9.329s] [100%] Built target tf2_py
[9.358s] Invoked command in '/home/user/ros2_ws/build/tf2_py' returned '0': CMAKE_PREFIX_PATH=/home/user/ros2_ws/install/tf2:/home/simulations/ros2_sims_ws/install/ros1_bridge:/home/user/ros2_ws/install/ur_e_description:/home/user/ros2_ws/install/ur3e_moveit2_config:/home/user/ros2_ws/install/geometry2:/home/user/ros2_ws/install/tf2_tools:/home/user/ros2_ws/install/tf2_sensor_msgs:/home/user/ros2_ws/install/test_tf2:/home/user/ros2_ws/install/tf2_kdl:/home/user/ros2_ws/install/simple_grasping:/home/user/ros2_ws/install/perception_pcl:/home/user/ros2_ws/install/pcl_ros:/home/user/ros2_ws/install/tf2_geometry_msgs:/home/user/ros2_ws/install/tf2_eigen:/home/user/ros2_ws/install/tf2_bullet:/home/user/ros2_ws/install/tf2_ros:/home/user/ros2_ws/install/tf2_py:/home/user/ros2_ws/install/tf2_msgs:/home/user/ros2_ws/install/tf2_eigen_kdl:/home/user/ros2_ws/install/start_bridge:/home/user/ros2_ws/install/ros2_control_demos:/home/user/ros2_ws/install/ros2_control_demo_bringup:/home/user/ros2_ws/install/rrbot_description:/home/user/ros2_ws/install/ros2_control_demo_hardware:/home/user/ros2_ws/install/project_part2:/home/user/ros2_ws/install/project_custom_interfaces:/home/user/ros2_ws/install/pcl_conversions:/home/user/ros2_ws/install/my_rb1_description:/home/user/ros2_ws/install/my_moveit2_config:/home/user/ros2_ws/install/moveit2_scripts:/home/user/ros2_ws/install/grasping_msgs:/home/user/ros2_ws/install/diffbot_description:/home/user/ros2_ws/install/examples_tf2_py:/home/user/ros2_ws/install/ros2_control_test_nodes:/home/user/ros2_ws/install/project_topics_pkg:/home/user/ros2_ws/install/project_services_and_actions:/home/user/ros2_ws/install/path_planner_server:/home/user/ros2_ws/install/localization_server:/home/user/ros2_ws/install/map_server:/home/user/ros2_ws/install/cartographer_slam:/opt/ros/foxy LD_LIBRARY_PATH=/home/user/ros2_ws/install/tf2/lib:/usr/local/cuda-10.2/lib64:/home/user/.catkin_ws_python3/src/TensorRT-7.0.0.11/lib:/home/simulations/ros2_sims_ws/install/ros1_bridge/lib:/home/user/ros2_ws/install/simple_grasping/lib:/home/user/ros2_ws/install/pcl_ros/lib:/home/user/ros2_ws/install/tf2_bullet/lib:/home/user/ros2_ws/install/tf2_ros/lib:/home/user/ros2_ws/install/tf2_msgs/lib:/home/user/ros2_ws/install/tf2_eigen_kdl/lib:/home/user/ros2_ws/install/ros2_control_demo_hardware/lib:/home/user/ros2_ws/install/project_part2/lib:/home/user/ros2_ws/install/project_custom_interfaces/lib:/home/user/ros2_ws/install/grasping_msgs/lib:/opt/ros/foxy/opt/yaml_cpp_vendor/lib:/opt/ros/foxy/opt/rviz_ogre_vendor/lib:/opt/ros/foxy/lib/x86_64-linux-gnu:/opt/ros/foxy/lib:/usr/local/cuda-10.2/lib64:/home/user/.catkin_ws_python3/src/TensorRT-7.0.0.11/lib:/usr/local/nvidia/lib:/usr/local/nvidia/lib64:/usr/lib/x86_64-linux-gnu/gazebo-11/plugins:/usr/lib/x86_64-linux-gnu/gazebo-11/plugins _=/usr/bin/env /usr/bin/cmake --build /home/user/ros2_ws/build/tf2_py -- -j8 -l8
[9.709s] Invoking command in '/home/user/ros2_ws/build/tf2_py': CMAKE_PREFIX_PATH=/home/user/ros2_ws/install/tf2:/home/simulations/ros2_sims_ws/install/ros1_bridge:/home/user/ros2_ws/install/ur_e_description:/home/user/ros2_ws/install/ur3e_moveit2_config:/home/user/ros2_ws/install/geometry2:/home/user/ros2_ws/install/tf2_tools:/home/user/ros2_ws/install/tf2_sensor_msgs:/home/user/ros2_ws/install/test_tf2:/home/user/ros2_ws/install/tf2_kdl:/home/user/ros2_ws/install/simple_grasping:/home/user/ros2_ws/install/perception_pcl:/home/user/ros2_ws/install/pcl_ros:/home/user/ros2_ws/install/tf2_geometry_msgs:/home/user/ros2_ws/install/tf2_eigen:/home/user/ros2_ws/install/tf2_bullet:/home/user/ros2_ws/install/tf2_ros:/home/user/ros2_ws/install/tf2_py:/home/user/ros2_ws/install/tf2_msgs:/home/user/ros2_ws/install/tf2_eigen_kdl:/home/user/ros2_ws/install/start_bridge:/home/user/ros2_ws/install/ros2_control_demos:/home/user/ros2_ws/install/ros2_control_demo_bringup:/home/user/ros2_ws/install/rrbot_description:/home/user/ros2_ws/install/ros2_control_demo_hardware:/home/user/ros2_ws/install/project_part2:/home/user/ros2_ws/install/project_custom_interfaces:/home/user/ros2_ws/install/pcl_conversions:/home/user/ros2_ws/install/my_rb1_description:/home/user/ros2_ws/install/my_moveit2_config:/home/user/ros2_ws/install/moveit2_scripts:/home/user/ros2_ws/install/grasping_msgs:/home/user/ros2_ws/install/diffbot_description:/home/user/ros2_ws/install/examples_tf2_py:/home/user/ros2_ws/install/ros2_control_test_nodes:/home/user/ros2_ws/install/project_topics_pkg:/home/user/ros2_ws/install/project_services_and_actions:/home/user/ros2_ws/install/path_planner_server:/home/user/ros2_ws/install/localization_server:/home/user/ros2_ws/install/map_server:/home/user/ros2_ws/install/cartographer_slam:/opt/ros/foxy LD_LIBRARY_PATH=/home/user/ros2_ws/install/tf2/lib:/usr/local/cuda-10.2/lib64:/home/user/.catkin_ws_python3/src/TensorRT-7.0.0.11/lib:/home/simulations/ros2_sims_ws/install/ros1_bridge/lib:/home/user/ros2_ws/install/simple_grasping/lib:/home/user/ros2_ws/install/pcl_ros/lib:/home/user/ros2_ws/install/tf2_bullet/lib:/home/user/ros2_ws/install/tf2_ros/lib:/home/user/ros2_ws/install/tf2_msgs/lib:/home/user/ros2_ws/install/tf2_eigen_kdl/lib:/home/user/ros2_ws/install/ros2_control_demo_hardware/lib:/home/user/ros2_ws/install/project_part2/lib:/home/user/ros2_ws/install/project_custom_interfaces/lib:/home/user/ros2_ws/install/grasping_msgs/lib:/opt/ros/foxy/opt/yaml_cpp_vendor/lib:/opt/ros/foxy/opt/rviz_ogre_vendor/lib:/opt/ros/foxy/lib/x86_64-linux-gnu:/opt/ros/foxy/lib:/usr/local/cuda-10.2/lib64:/home/user/.catkin_ws_python3/src/TensorRT-7.0.0.11/lib:/usr/local/nvidia/lib:/usr/local/nvidia/lib64:/usr/lib/x86_64-linux-gnu/gazebo-11/plugins:/usr/lib/x86_64-linux-gnu/gazebo-11/plugins _=/usr/bin/env /usr/bin/cmake --install /home/user/ros2_ws/build/tf2_py
[9.754s] -- Install configuration: ""
[9.754s] -- Installing: /home/user/ros2_ws/install/tf2_py/share/tf2_py/environment/pythonpath.sh
[9.754s] -- Installing: /home/user/ros2_ws/install/tf2_py/share/tf2_py/environment/pythonpath.dsv
[9.755s] -- Installing: /home/user/ros2_ws/install/tf2_py/lib/python3.8/site-packages/tf2_py
[9.755s] -- Installing: /home/user/ros2_ws/install/tf2_py/lib/python3.8/site-packages/tf2_py/__init__.py
[9.841s] Listing '/home/user/ros2_ws/install/tf2_py/lib/python3.8/site-packages/tf2_py'...
[9.841s] Compiling '/home/user/ros2_ws/install/tf2_py/lib/python3.8/site-packages/tf2_py/__init__.py'...
[9.872s] -- Installing: /home/user/ros2_ws/install/tf2_py/lib/python3.8/site-packages/tf2_py/_tf2_py.cpython-38-x86_64-linux-gnu.so
[9.876s] -- Set runtime path of "/home/user/ros2_ws/install/tf2_py/lib/python3.8/site-packages/tf2_py/_tf2_py.cpython-38-x86_64-linux-gnu.so" to ""
[9.885s] -- Installing: /home/user/ros2_ws/install/tf2_py/share/ament_index/resource_index/package_run_dependencies/tf2_py
[9.886s] -- Installing: /home/user/ros2_ws/install/tf2_py/share/ament_index/resource_index/parent_prefix_path/tf2_py
[9.887s] -- Installing: /home/user/ros2_ws/install/tf2_py/share/tf2_py/environment/ament_prefix_path.sh
[9.887s] -- Installing: /home/user/ros2_ws/install/tf2_py/share/tf2_py/environment/ament_prefix_path.dsv
[9.900s] -- Installing: /home/user/ros2_ws/install/tf2_py/share/tf2_py/environment/path.sh
[9.900s] -- Installing: /home/user/ros2_ws/install/tf2_py/share/tf2_py/environment/path.dsv
[9.900s] -- Installing: /home/user/ros2_ws/install/tf2_py/share/tf2_py/local_setup.bash
[9.900s] -- Installing: /home/user/ros2_ws/install/tf2_py/share/tf2_py/local_setup.sh
[9.901s] -- Installing: /home/user/ros2_ws/install/tf2_py/share/tf2_py/local_setup.zsh
[9.901s] -- Installing: /home/user/ros2_ws/install/tf2_py/share/tf2_py/local_setup.dsv
[9.901s] -- Installing: /home/user/ros2_ws/install/tf2_py/share/tf2_py/package.dsv
[9.901s] -- Installing: /home/user/ros2_ws/install/tf2_py/share/ament_index/resource_index/packages/tf2_py
[9.902s] -- Installing: /home/user/ros2_ws/install/tf2_py/share/tf2_py/cmake/tf2_pyConfig.cmake
[9.902s] -- Installing: /home/user/ros2_ws/install/tf2_py/share/tf2_py/cmake/tf2_pyConfig-version.cmake
[9.902s] -- Installing: /home/user/ros2_ws/install/tf2_py/share/tf2_py/package.xml
[9.902s] Invoked command in '/home/user/ros2_ws/build/tf2_py' returned '0': CMAKE_PREFIX_PATH=/home/user/ros2_ws/install/tf2:/home/simulations/ros2_sims_ws/install/ros1_bridge:/home/user/ros2_ws/install/ur_e_description:/home/user/ros2_ws/install/ur3e_moveit2_config:/home/user/ros2_ws/install/geometry2:/home/user/ros2_ws/install/tf2_tools:/home/user/ros2_ws/install/tf2_sensor_msgs:/home/user/ros2_ws/install/test_tf2:/home/user/ros2_ws/install/tf2_kdl:/home/user/ros2_ws/install/simple_grasping:/home/user/ros2_ws/install/perception_pcl:/home/user/ros2_ws/install/pcl_ros:/home/user/ros2_ws/install/tf2_geometry_msgs:/home/user/ros2_ws/install/tf2_eigen:/home/user/ros2_ws/install/tf2_bullet:/home/user/ros2_ws/install/tf2_ros:/home/user/ros2_ws/install/tf2_py:/home/user/ros2_ws/install/tf2_msgs:/home/user/ros2_ws/install/tf2_eigen_kdl:/home/user/ros2_ws/install/start_bridge:/home/user/ros2_ws/install/ros2_control_demos:/home/user/ros2_ws/install/ros2_control_demo_bringup:/home/user/ros2_ws/install/rrbot_description:/home/user/ros2_ws/install/ros2_control_demo_hardware:/home/user/ros2_ws/install/project_part2:/home/user/ros2_ws/install/project_custom_interfaces:/home/user/ros2_ws/install/pcl_conversions:/home/user/ros2_ws/install/my_rb1_description:/home/user/ros2_ws/install/my_moveit2_config:/home/user/ros2_ws/install/moveit2_scripts:/home/user/ros2_ws/install/grasping_msgs:/home/user/ros2_ws/install/diffbot_description:/home/user/ros2_ws/install/examples_tf2_py:/home/user/ros2_ws/install/ros2_control_test_nodes:/home/user/ros2_ws/install/project_topics_pkg:/home/user/ros2_ws/install/project_services_and_actions:/home/user/ros2_ws/install/path_planner_server:/home/user/ros2_ws/install/localization_server:/home/user/ros2_ws/install/map_server:/home/user/ros2_ws/install/cartographer_slam:/opt/ros/foxy LD_LIBRARY_PATH=/home/user/ros2_ws/install/tf2/lib:/usr/local/cuda-10.2/lib64:/home/user/.catkin_ws_python3/src/TensorRT-7.0.0.11/lib:/home/simulations/ros2_sims_ws/install/ros1_bridge/lib:/home/user/ros2_ws/install/simple_grasping/lib:/home/user/ros2_ws/install/pcl_ros/lib:/home/user/ros2_ws/install/tf2_bullet/lib:/home/user/ros2_ws/install/tf2_ros/lib:/home/user/ros2_ws/install/tf2_msgs/lib:/home/user/ros2_ws/install/tf2_eigen_kdl/lib:/home/user/ros2_ws/install/ros2_control_demo_hardware/lib:/home/user/ros2_ws/install/project_part2/lib:/home/user/ros2_ws/install/project_custom_interfaces/lib:/home/user/ros2_ws/install/grasping_msgs/lib:/opt/ros/foxy/opt/yaml_cpp_vendor/lib:/opt/ros/foxy/opt/rviz_ogre_vendor/lib:/opt/ros/foxy/lib/x86_64-linux-gnu:/opt/ros/foxy/lib:/usr/local/cuda-10.2/lib64:/home/user/.catkin_ws_python3/src/TensorRT-7.0.0.11/lib:/usr/local/nvidia/lib:/usr/local/nvidia/lib64:/usr/lib/x86_64-linux-gnu/gazebo-11/plugins:/usr/lib/x86_64-linux-gnu/gazebo-11/plugins _=/usr/bin/env /usr/bin/cmake --install /home/user/ros2_ws/build/tf2_py
