[0.081s] Invoking command in '/home/user/ros2_ws/build/ur_e_description': CMAKE_PREFIX_PATH=${CMAKE_PREFIX_PATH}:/opt/ros/foxy _=/usr/bin/env /usr/bin/cmake --build /home/user/ros2_ws/build/ur_e_description -- -j8 -l8
[0.199s] Invoked command in '/home/user/ros2_ws/build/ur_e_description' returned '0': CMAKE_PREFIX_PATH=${CMAKE_PREFIX_PATH}:/opt/ros/foxy _=/usr/bin/env /usr/bin/cmake --build /home/user/ros2_ws/build/ur_e_description -- -j8 -l8
[0.319s] Invoking command in '/home/user/ros2_ws/build/ur_e_description': CMAKE_PREFIX_PATH=${CMAKE_PREFIX_PATH}:/opt/ros/foxy _=/usr/bin/env /usr/bin/cmake --install /home/user/ros2_ws/build/ur_e_description
[0.339s] -- Install configuration: ""
[0.340s] -- Up-to-date: /home/user/ros2_ws/install/ur_e_description/share/ur_e_description/launch
[0.340s] -- Up-to-date: /home/user/ros2_ws/install/ur_e_description/share/ur_e_description/launch/ur3e_upload.launch
[0.340s] -- Up-to-date: /home/user/ros2_ws/install/ur_e_description/share/ur_e_description/launch/ur5e_upload.launch
[0.341s] -- Up-to-date: /home/user/ros2_ws/install/ur_e_description/share/ur_e_description/launch/view_ur3e.launch
[0.341s] -- Up-to-date: /home/user/ros2_ws/install/ur_e_description/share/ur_e_description/launch/ur10e_upload.launch
[0.342s] -- Up-to-date: /home/user/ros2_ws/install/ur_e_description/share/ur_e_description/launch/view_ur5e.launch
[0.342s] -- Up-to-date: /home/user/ros2_ws/install/ur_e_description/share/ur_e_description/launch/view_ur10e.launch
[0.342s] -- Up-to-date: /home/user/ros2_ws/install/ur_e_description/share/ur_e_description/urdf
[0.343s] -- Up-to-date: /home/user/ros2_ws/install/ur_e_description/share/ur_e_description/urdf/ur.transmission.xacro
[0.363s] -- Up-to-date: /home/user/ros2_ws/install/ur_e_description/share/ur_e_description/urdf/ur3e_joint_limited_robot.urdf.xacro
[0.364s] -- Up-to-date: /home/user/ros2_ws/install/ur_e_description/share/ur_e_description/urdf/ur3e_robot_moveit.urdf.xacro
[0.365s] -- Up-to-date: /home/user/ros2_ws/install/ur_e_description/share/ur_e_description/urdf/ur.gazebo.xacro
[0.365s] -- Up-to-date: /home/user/ros2_ws/install/ur_e_description/share/ur_e_description/urdf/ur10e.urdf.xacro
[0.365s] -- Up-to-date: /home/user/ros2_ws/install/ur_e_description/share/ur_e_description/urdf/common.gazebo.xacro
[0.366s] -- Up-to-date: /home/user/ros2_ws/install/ur_e_description/share/ur_e_description/urdf/ur3e.urdf.xacro
[0.367s] -- Up-to-date: /home/user/ros2_ws/install/ur_e_description/share/ur_e_description/urdf/rg2_gripper.urdf.xacro
[0.367s] -- Up-to-date: /home/user/ros2_ws/install/ur_e_description/share/ur_e_description/urdf/ur5e_robot.urdf.xacro
[0.367s] -- Up-to-date: /home/user/ros2_ws/install/ur_e_description/share/ur_e_description/urdf/ur5e.urdf.xacro
[0.368s] -- Up-to-date: /home/user/ros2_ws/install/ur_e_description/share/ur_e_description/urdf/ur3e_robot.urdf.xacro
[0.368s] -- Up-to-date: /home/user/ros2_ws/install/ur_e_description/share/ur_e_description/urdf/ur10e_robot.urdf.xacro
[0.368s] -- Up-to-date: /home/user/ros2_ws/install/ur_e_description/share/ur_e_description/urdf/ur5e_joint_limited_robot.urdf.xacro
[0.369s] -- Up-to-date: /home/user/ros2_ws/install/ur_e_description/share/ur_e_description/urdf/egh_gripper.urdf.xacro
[0.369s] -- Up-to-date: /home/user/ros2_ws/install/ur_e_description/share/ur_e_description/urdf/ur10e_joint_limited_robot.urdf.xacro
[0.370s] -- Up-to-date: /home/user/ros2_ws/install/ur_e_description/share/ur_e_description/meshes
[0.370s] -- Up-to-date: /home/user/ros2_ws/install/ur_e_description/share/ur_e_description/meshes/egh_base.stl
[0.370s] -- Up-to-date: /home/user/ros2_ws/install/ur_e_description/share/ur_e_description/meshes/rg2_base.stl
[0.371s] -- Up-to-date: /home/user/ros2_ws/install/ur_e_description/share/ur_e_description/meshes/ur10e
[0.371s] -- Up-to-date: /home/user/ros2_ws/install/ur_e_description/share/ur_e_description/meshes/ur10e/collision
[0.372s] -- Up-to-date: /home/user/ros2_ws/install/ur_e_description/share/ur_e_description/meshes/ur10e/collision/upperarm.stl
[0.372s] -- Up-to-date: /home/user/ros2_ws/install/ur_e_description/share/ur_e_description/meshes/ur10e/collision/wrist1.stl
[0.373s] -- Up-to-date: /home/user/ros2_ws/install/ur_e_description/share/ur_e_description/meshes/ur10e/collision/wrist3.stl
[0.381s] -- Up-to-date: /home/user/ros2_ws/install/ur_e_description/share/ur_e_description/meshes/ur10e/collision/base.stl
[0.381s] -- Up-to-date: /home/user/ros2_ws/install/ur_e_description/share/ur_e_description/meshes/ur10e/collision/shoulder.stl
[0.381s] -- Up-to-date: /home/user/ros2_ws/install/ur_e_description/share/ur_e_description/meshes/ur10e/collision/forearm.stl
[0.382s] -- Up-to-date: /home/user/ros2_ws/install/ur_e_description/share/ur_e_description/meshes/ur10e/collision/wrist2.stl
[0.382s] -- Up-to-date: /home/user/ros2_ws/install/ur_e_description/share/ur_e_description/meshes/ur10e/visual
[0.382s] -- Up-to-date: /home/user/ros2_ws/install/ur_e_description/share/ur_e_description/meshes/ur10e/visual/base.dae
[0.382s] -- Up-to-date: /home/user/ros2_ws/install/ur_e_description/share/ur_e_description/meshes/ur10e/visual/wrist3.dae
[0.382s] -- Up-to-date: /home/user/ros2_ws/install/ur_e_description/share/ur_e_description/meshes/ur10e/visual/upperarm.dae
[0.383s] -- Up-to-date: /home/user/ros2_ws/install/ur_e_description/share/ur_e_description/meshes/ur10e/visual/wrist2.dae
[0.383s] -- Up-to-date: /home/user/ros2_ws/install/ur_e_description/share/ur_e_description/meshes/ur10e/visual/forearm.dae
[0.383s] -- Up-to-date: /home/user/ros2_ws/install/ur_e_description/share/ur_e_description/meshes/ur10e/visual/wrist1.dae
[0.384s] -- Up-to-date: /home/user/ros2_ws/install/ur_e_description/share/ur_e_description/meshes/ur10e/visual/shoulder.dae
[0.384s] -- Up-to-date: /home/user/ros2_ws/install/ur_e_description/share/ur_e_description/meshes/rg2_left_finger.stl
[0.392s] -- Up-to-date: /home/user/ros2_ws/install/ur_e_description/share/ur_e_description/meshes/ur5e
[0.393s] -- Up-to-date: /home/user/ros2_ws/install/ur_e_description/share/ur_e_description/meshes/ur5e/collision
[0.393s] -- Up-to-date: /home/user/ros2_ws/install/ur_e_description/share/ur_e_description/meshes/ur5e/collision/upperarm.stl
[0.393s] -- Up-to-date: /home/user/ros2_ws/install/ur_e_description/share/ur_e_description/meshes/ur5e/collision/wrist1.stl
[0.393s] -- Up-to-date: /home/user/ros2_ws/install/ur_e_description/share/ur_e_description/meshes/ur5e/collision/wrist3.stl
[0.394s] -- Up-to-date: /home/user/ros2_ws/install/ur_e_description/share/ur_e_description/meshes/ur5e/collision/base.stl
[0.394s] -- Up-to-date: /home/user/ros2_ws/install/ur_e_description/share/ur_e_description/meshes/ur5e/collision/shoulder.stl
[0.394s] -- Up-to-date: /home/user/ros2_ws/install/ur_e_description/share/ur_e_description/meshes/ur5e/collision/forearm.stl
[0.394s] -- Up-to-date: /home/user/ros2_ws/install/ur_e_description/share/ur_e_description/meshes/ur5e/collision/wrist2.stl
[0.394s] -- Up-to-date: /home/user/ros2_ws/install/ur_e_description/share/ur_e_description/meshes/ur5e/visual
[0.395s] -- Up-to-date: /home/user/ros2_ws/install/ur_e_description/share/ur_e_description/meshes/ur5e/visual/base.dae
[0.395s] -- Up-to-date: /home/user/ros2_ws/install/ur_e_description/share/ur_e_description/meshes/ur5e/visual/wrist3.dae
[0.395s] -- Up-to-date: /home/user/ros2_ws/install/ur_e_description/share/ur_e_description/meshes/ur5e/visual/upperarm.dae
[0.395s] -- Up-to-date: /home/user/ros2_ws/install/ur_e_description/share/ur_e_description/meshes/ur5e/visual/wrist2.dae
[0.396s] -- Up-to-date: /home/user/ros2_ws/install/ur_e_description/share/ur_e_description/meshes/ur5e/visual/forearm.dae
[0.396s] -- Up-to-date: /home/user/ros2_ws/install/ur_e_description/share/ur_e_description/meshes/ur5e/visual/wrist1.dae
[0.396s] -- Up-to-date: /home/user/ros2_ws/install/ur_e_description/share/ur_e_description/meshes/ur5e/visual/shoulder.dae
[0.396s] -- Up-to-date: /home/user/ros2_ws/install/ur_e_description/share/ur_e_description/meshes/egh_finger.stl
[0.396s] -- Up-to-date: /home/user/ros2_ws/install/ur_e_description/share/ur_e_description/meshes/ur3e
[0.397s] -- Up-to-date: /home/user/ros2_ws/install/ur_e_description/share/ur_e_description/meshes/ur3e/collision
[0.397s] -- Up-to-date: /home/user/ros2_ws/install/ur_e_description/share/ur_e_description/meshes/ur3e/collision/upperarm.stl
[0.397s] -- Up-to-date: /home/user/ros2_ws/install/ur_e_description/share/ur_e_description/meshes/ur3e/collision/wrist1.stl
[0.397s] -- Up-to-date: /home/user/ros2_ws/install/ur_e_description/share/ur_e_description/meshes/ur3e/collision/wrist3.stl
[0.398s] -- Up-to-date: /home/user/ros2_ws/install/ur_e_description/share/ur_e_description/meshes/ur3e/collision/base.stl
[0.400s] -- Up-to-date: /home/user/ros2_ws/install/ur_e_description/share/ur_e_description/meshes/ur3e/collision/shoulder.stl
[0.400s] -- Up-to-date: /home/user/ros2_ws/install/ur_e_description/share/ur_e_description/meshes/ur3e/collision/forearm.stl
[0.401s] -- Up-to-date: /home/user/ros2_ws/install/ur_e_description/share/ur_e_description/meshes/ur3e/collision/wrist2.stl
[0.401s] -- Up-to-date: /home/user/ros2_ws/install/ur_e_description/share/ur_e_description/meshes/ur3e/visual
[0.405s] -- Up-to-date: /home/user/ros2_ws/install/ur_e_description/share/ur_e_description/meshes/ur3e/visual/base.dae
[0.406s] -- Up-to-date: /home/user/ros2_ws/install/ur_e_description/share/ur_e_description/meshes/ur3e/visual/wrist3.dae
[0.406s] -- Up-to-date: /home/user/ros2_ws/install/ur_e_description/share/ur_e_description/meshes/ur3e/visual/upperarm.dae
[0.407s] -- Up-to-date: /home/user/ros2_ws/install/ur_e_description/share/ur_e_description/meshes/ur3e/visual/wrist2.dae
[0.407s] -- Up-to-date: /home/user/ros2_ws/install/ur_e_description/share/ur_e_description/meshes/ur3e/visual/forearm.dae
[0.407s] -- Up-to-date: /home/user/ros2_ws/install/ur_e_description/share/ur_e_description/meshes/ur3e/visual/wrist1.dae
[0.407s] -- Up-to-date: /home/user/ros2_ws/install/ur_e_description/share/ur_e_description/meshes/ur3e/visual/shoulder.dae
[0.408s] -- Up-to-date: /home/user/ros2_ws/install/ur_e_description/share/ur_e_description/meshes/rg2_left_thumb.stl
[0.408s] -- Up-to-date: /home/user/ros2_ws/install/ur_e_description/share/ament_index/resource_index/package_run_dependencies/ur_e_description
[0.408s] -- Up-to-date: /home/user/ros2_ws/install/ur_e_description/share/ament_index/resource_index/parent_prefix_path/ur_e_description
[0.411s] -- Up-to-date: /home/user/ros2_ws/install/ur_e_description/share/ur_e_description/environment/ament_prefix_path.sh
[0.411s] -- Up-to-date: /home/user/ros2_ws/install/ur_e_description/share/ur_e_description/environment/ament_prefix_path.dsv
[0.411s] -- Up-to-date: /home/user/ros2_ws/install/ur_e_description/share/ur_e_description/environment/path.sh
[0.412s] -- Up-to-date: /home/user/ros2_ws/install/ur_e_description/share/ur_e_description/environment/path.dsv
[0.412s] -- Up-to-date: /home/user/ros2_ws/install/ur_e_description/share/ur_e_description/local_setup.bash
[0.412s] -- Up-to-date: /home/user/ros2_ws/install/ur_e_description/share/ur_e_description/local_setup.sh
[0.412s] -- Up-to-date: /home/user/ros2_ws/install/ur_e_description/share/ur_e_description/local_setup.zsh
[0.413s] -- Up-to-date: /home/user/ros2_ws/install/ur_e_description/share/ur_e_description/local_setup.dsv
[0.413s] -- Installing: /home/user/ros2_ws/install/ur_e_description/share/ur_e_description/package.dsv
[0.413s] -- Up-to-date: /home/user/ros2_ws/install/ur_e_description/share/ament_index/resource_index/packages/ur_e_description
[0.413s] -- Up-to-date: /home/user/ros2_ws/install/ur_e_description/share/ur_e_description/cmake/ur_e_descriptionConfig.cmake
[0.414s] -- Up-to-date: /home/user/ros2_ws/install/ur_e_description/share/ur_e_description/cmake/ur_e_descriptionConfig-version.cmake
[0.415s] -- Up-to-date: /home/user/ros2_ws/install/ur_e_description/share/ur_e_description/package.xml
[0.418s] Invoked command in '/home/user/ros2_ws/build/ur_e_description' returned '0': CMAKE_PREFIX_PATH=${CMAKE_PREFIX_PATH}:/opt/ros/foxy _=/usr/bin/env /usr/bin/cmake --install /home/user/ros2_ws/build/ur_e_description
