[0.993s] Invoking command in '/home/user/ros2_ws/build/ur_description': CMAKE_PREFIX_PATH=${CMAKE_PREFIX_PATH}:/home/simulations/ros2_sims_ws/install/rclrs_tests:/home/simulations/ros2_sims_ws/install/examples_rclrs_minimal_client_service:/home/simulations/ros2_sims_ws/install/sensor_msgs_py:/home/simulations/ros2_sims_ws/install/examples_rclrs_minimal_pub_sub:/home/simulations/ros2_sims_ws/install/examples_rclrs_message_demo:/home/simulations/ros2_sims_ws/install/rclrs:/home/simulations/ros2_sims_ws/install/rosidl_runtime_rs:/home/user/ros2_ws/install/ros2test:/home/user/ros2_ws/install/robotiq_85_driver:/home/user/ros2_ws/install/moveit_configs_utils:/opt/ros/humble _=/usr/bin/env /usr/bin/cmake --build /home/user/ros2_ws/build/ur_description -- -j8 -l8
[5.916s] Invoked command in '/home/user/ros2_ws/build/ur_description' returned '0': CMAKE_PREFIX_PATH=${CMAKE_PREFIX_PATH}:/home/simulations/ros2_sims_ws/install/rclrs_tests:/home/simulations/ros2_sims_ws/install/examples_rclrs_minimal_client_service:/home/simulations/ros2_sims_ws/install/sensor_msgs_py:/home/simulations/ros2_sims_ws/install/examples_rclrs_minimal_pub_sub:/home/simulations/ros2_sims_ws/install/examples_rclrs_message_demo:/home/simulations/ros2_sims_ws/install/rclrs:/home/simulations/ros2_sims_ws/install/rosidl_runtime_rs:/home/user/ros2_ws/install/ros2test:/home/user/ros2_ws/install/robotiq_85_driver:/home/user/ros2_ws/install/moveit_configs_utils:/opt/ros/humble _=/usr/bin/env /usr/bin/cmake --build /home/user/ros2_ws/build/ur_description -- -j8 -l8
[6.048s] Invoking command in '/home/user/ros2_ws/build/ur_description': CMAKE_PREFIX_PATH=${CMAKE_PREFIX_PATH}:/home/simulations/ros2_sims_ws/install/rclrs_tests:/home/simulations/ros2_sims_ws/install/examples_rclrs_minimal_client_service:/home/simulations/ros2_sims_ws/install/sensor_msgs_py:/home/simulations/ros2_sims_ws/install/examples_rclrs_minimal_pub_sub:/home/simulations/ros2_sims_ws/install/examples_rclrs_message_demo:/home/simulations/ros2_sims_ws/install/rclrs:/home/simulations/ros2_sims_ws/install/rosidl_runtime_rs:/home/user/ros2_ws/install/ros2test:/home/user/ros2_ws/install/robotiq_85_driver:/home/user/ros2_ws/install/moveit_configs_utils:/opt/ros/humble _=/usr/bin/env /usr/bin/cmake --install /home/user/ros2_ws/build/ur_description
[6.084s] -- Install configuration: ""
[6.085s] -- Up-to-date: /home/user/ros2_ws/install/ur_description/share/ur_description/config
[6.085s] -- Up-to-date: /home/user/ros2_ws/install/ur_description/share/ur_description/config/ur16e
[6.085s] -- Up-to-date: /home/user/ros2_ws/install/ur_description/share/ur_description/config/ur16e/visual_parameters.yaml
[6.085s] -- Up-to-date: /home/user/ros2_ws/install/ur_description/share/ur_description/config/ur16e/default_kinematics.yaml
[6.085s] -- Up-to-date: /home/user/ros2_ws/install/ur_description/share/ur_description/config/ur16e/joint_limits.yaml
[6.085s] -- Up-to-date: /home/user/ros2_ws/install/ur_description/share/ur_description/config/ur16e/physical_parameters.yaml
[6.085s] -- Up-to-date: /home/user/ros2_ws/install/ur_description/share/ur_description/config/ur10e
[6.086s] -- Up-to-date: /home/user/ros2_ws/install/ur_description/share/ur_description/config/ur10e/visual_parameters.yaml
[6.086s] -- Up-to-date: /home/user/ros2_ws/install/ur_description/share/ur_description/config/ur10e/default_kinematics.yaml
[6.086s] -- Up-to-date: /home/user/ros2_ws/install/ur_description/share/ur_description/config/ur10e/joint_limits.yaml
[6.086s] -- Up-to-date: /home/user/ros2_ws/install/ur_description/share/ur_description/config/ur10e/physical_parameters.yaml
[6.086s] -- Up-to-date: /home/user/ros2_ws/install/ur_description/share/ur_description/config/ur3
[6.086s] -- Up-to-date: /home/user/ros2_ws/install/ur_description/share/ur_description/config/ur3/visual_parameters.yaml
[6.086s] -- Up-to-date: /home/user/ros2_ws/install/ur_description/share/ur_description/config/ur3/default_kinematics.yaml
[6.087s] -- Up-to-date: /home/user/ros2_ws/install/ur_description/share/ur_description/config/ur3/joint_limits.yaml
[6.087s] -- Up-to-date: /home/user/ros2_ws/install/ur_description/share/ur_description/config/ur3/physical_parameters.yaml
[6.087s] -- Up-to-date: /home/user/ros2_ws/install/ur_description/share/ur_description/config/ur5
[6.087s] -- Up-to-date: /home/user/ros2_ws/install/ur_description/share/ur_description/config/ur5/visual_parameters.yaml
[6.090s] -- Up-to-date: /home/user/ros2_ws/install/ur_description/share/ur_description/config/ur5/default_kinematics.yaml
[6.093s] -- Up-to-date: /home/user/ros2_ws/install/ur_description/share/ur_description/config/ur5/joint_limits.yaml
[6.093s] -- Up-to-date: /home/user/ros2_ws/install/ur_description/share/ur_description/config/ur5/physical_parameters.yaml
[6.094s] -- Up-to-date: /home/user/ros2_ws/install/ur_description/share/ur_description/config/ur10
[6.094s] -- Up-to-date: /home/user/ros2_ws/install/ur_description/share/ur_description/config/ur10/visual_parameters.yaml
[6.094s] -- Up-to-date: /home/user/ros2_ws/install/ur_description/share/ur_description/config/ur10/default_kinematics.yaml
[6.094s] -- Up-to-date: /home/user/ros2_ws/install/ur_description/share/ur_description/config/ur10/joint_limits.yaml
[6.095s] -- Up-to-date: /home/user/ros2_ws/install/ur_description/share/ur_description/config/ur10/physical_parameters.yaml
[6.095s] -- Up-to-date: /home/user/ros2_ws/install/ur_description/share/ur_description/config/ur5e
[6.095s] -- Up-to-date: /home/user/ros2_ws/install/ur_description/share/ur_description/config/ur5e/visual_parameters.yaml
[6.095s] -- Up-to-date: /home/user/ros2_ws/install/ur_description/share/ur_description/config/ur5e/default_kinematics.yaml
[6.095s] -- Up-to-date: /home/user/ros2_ws/install/ur_description/share/ur_description/config/ur5e/joint_limits.yaml
[6.096s] -- Up-to-date: /home/user/ros2_ws/install/ur_description/share/ur_description/config/ur5e/physical_parameters.yaml
[6.096s] -- Up-to-date: /home/user/ros2_ws/install/ur_description/share/ur_description/config/initial_positions.yaml
[6.097s] -- Up-to-date: /home/user/ros2_ws/install/ur_description/share/ur_description/config/ur3e
[6.097s] -- Up-to-date: /home/user/ros2_ws/install/ur_description/share/ur_description/config/ur3e/visual_parameters.yaml
[6.098s] -- Up-to-date: /home/user/ros2_ws/install/ur_description/share/ur_description/config/ur3e/default_kinematics.yaml
[6.098s] -- Up-to-date: /home/user/ros2_ws/install/ur_description/share/ur_description/config/ur3e/joint_limits.yaml
[6.099s] -- Up-to-date: /home/user/ros2_ws/install/ur_description/share/ur_description/config/ur3e/physical_parameters.yaml
[6.100s] -- Up-to-date: /home/user/ros2_ws/install/ur_description/share/ur_description/launch
[6.100s] -- Up-to-date: /home/user/ros2_ws/install/ur_description/share/ur_description/launch/view_ur.launch.py
[6.100s] -- Up-to-date: /home/user/ros2_ws/install/ur_description/share/ur_description/meshes
[6.100s] -- Up-to-date: /home/user/ros2_ws/install/ur_description/share/ur_description/meshes/ur16e
[6.101s] -- Up-to-date: /home/user/ros2_ws/install/ur_description/share/ur_description/meshes/ur16e/collision
[6.101s] -- Up-to-date: /home/user/ros2_ws/install/ur_description/share/ur_description/meshes/ur16e/collision/upperarm.stl
[6.108s] -- Up-to-date: /home/user/ros2_ws/install/ur_description/share/ur_description/meshes/ur16e/collision/forearm.stl
[6.108s] -- Up-to-date: /home/user/ros2_ws/install/ur_description/share/ur_description/meshes/ur16e/visual
[6.108s] -- Up-to-date: /home/user/ros2_ws/install/ur_description/share/ur_description/meshes/ur16e/visual/upperarm.dae
[6.109s] -- Up-to-date: /home/user/ros2_ws/install/ur_description/share/ur_description/meshes/ur16e/visual/forearm.dae
[6.109s] -- Up-to-date: /home/user/ros2_ws/install/ur_description/share/ur_description/meshes/ur10e
[6.109s] -- Up-to-date: /home/user/ros2_ws/install/ur_description/share/ur_description/meshes/ur10e/collision
[6.109s] -- Up-to-date: /home/user/ros2_ws/install/ur_description/share/ur_description/meshes/ur10e/collision/upperarm.stl
[6.109s] -- Up-to-date: /home/user/ros2_ws/install/ur_description/share/ur_description/meshes/ur10e/collision/wrist1.stl
[6.110s] -- Up-to-date: /home/user/ros2_ws/install/ur_description/share/ur_description/meshes/ur10e/collision/wrist3.stl
[6.110s] -- Up-to-date: /home/user/ros2_ws/install/ur_description/share/ur_description/meshes/ur10e/collision/base.stl
[6.110s] -- Up-to-date: /home/user/ros2_ws/install/ur_description/share/ur_description/meshes/ur10e/collision/shoulder.stl
[6.110s] -- Up-to-date: /home/user/ros2_ws/install/ur_description/share/ur_description/meshes/ur10e/collision/forearm.stl
[6.110s] -- Up-to-date: /home/user/ros2_ws/install/ur_description/share/ur_description/meshes/ur10e/collision/wrist2.stl
[6.110s] -- Up-to-date: /home/user/ros2_ws/install/ur_description/share/ur_description/meshes/ur10e/visual
[6.111s] -- Up-to-date: /home/user/ros2_ws/install/ur_description/share/ur_description/meshes/ur10e/visual/base.dae
[6.111s] -- Up-to-date: /home/user/ros2_ws/install/ur_description/share/ur_description/meshes/ur10e/visual/wrist3.dae
[6.111s] -- Up-to-date: /home/user/ros2_ws/install/ur_description/share/ur_description/meshes/ur10e/visual/upperarm.dae
[6.111s] -- Up-to-date: /home/user/ros2_ws/install/ur_description/share/ur_description/meshes/ur10e/visual/wrist2.dae
[6.111s] -- Up-to-date: /home/user/ros2_ws/install/ur_description/share/ur_description/meshes/ur10e/visual/forearm.dae
[6.112s] -- Up-to-date: /home/user/ros2_ws/install/ur_description/share/ur_description/meshes/ur10e/visual/wrist1.dae
[6.112s] -- Up-to-date: /home/user/ros2_ws/install/ur_description/share/ur_description/meshes/ur10e/visual/shoulder.dae
[6.112s] -- Up-to-date: /home/user/ros2_ws/install/ur_description/share/ur_description/meshes/ur3
[6.112s] -- Up-to-date: /home/user/ros2_ws/install/ur_description/share/ur_description/meshes/ur3/collision
[6.112s] -- Up-to-date: /home/user/ros2_ws/install/ur_description/share/ur_description/meshes/ur3/collision/upperarm.stl
[6.113s] -- Up-to-date: /home/user/ros2_ws/install/ur_description/share/ur_description/meshes/ur3/collision/wrist1.stl
[6.113s] -- Up-to-date: /home/user/ros2_ws/install/ur_description/share/ur_description/meshes/ur3/collision/wrist3.stl
[6.113s] -- Up-to-date: /home/user/ros2_ws/install/ur_description/share/ur_description/meshes/ur3/collision/base.stl
[6.113s] -- Up-to-date: /home/user/ros2_ws/install/ur_description/share/ur_description/meshes/ur3/collision/shoulder.stl
[6.113s] -- Up-to-date: /home/user/ros2_ws/install/ur_description/share/ur_description/meshes/ur3/collision/forearm.stl
[6.113s] -- Up-to-date: /home/user/ros2_ws/install/ur_description/share/ur_description/meshes/ur3/collision/wrist2.stl
[6.114s] -- Up-to-date: /home/user/ros2_ws/install/ur_description/share/ur_description/meshes/ur3/visual
[6.114s] -- Up-to-date: /home/user/ros2_ws/install/ur_description/share/ur_description/meshes/ur3/visual/base.dae
[6.114s] -- Up-to-date: /home/user/ros2_ws/install/ur_description/share/ur_description/meshes/ur3/visual/wrist3.dae
[6.114s] -- Up-to-date: /home/user/ros2_ws/install/ur_description/share/ur_description/meshes/ur3/visual/upperarm.dae
[6.114s] -- Up-to-date: /home/user/ros2_ws/install/ur_description/share/ur_description/meshes/ur3/visual/wrist2.dae
[6.115s] -- Up-to-date: /home/user/ros2_ws/install/ur_description/share/ur_description/meshes/ur3/visual/forearm.dae
[6.115s] -- Up-to-date: /home/user/ros2_ws/install/ur_description/share/ur_description/meshes/ur3/visual/wrist1.dae
[6.115s] -- Up-to-date: /home/user/ros2_ws/install/ur_description/share/ur_description/meshes/ur3/visual/shoulder.dae
[6.115s] -- Up-to-date: /home/user/ros2_ws/install/ur_description/share/ur_description/meshes/ur5
[6.115s] -- Up-to-date: /home/user/ros2_ws/install/ur_description/share/ur_description/meshes/ur5/collision
[6.115s] -- Up-to-date: /home/user/ros2_ws/install/ur_description/share/ur_description/meshes/ur5/collision/upperarm.stl
[6.116s] -- Up-to-date: /home/user/ros2_ws/install/ur_description/share/ur_description/meshes/ur5/collision/wrist1.stl
[6.116s] -- Up-to-date: /home/user/ros2_ws/install/ur_description/share/ur_description/meshes/ur5/collision/wrist3.stl
[6.116s] -- Up-to-date: /home/user/ros2_ws/install/ur_description/share/ur_description/meshes/ur5/collision/base.stl
[6.116s] -- Up-to-date: /home/user/ros2_ws/install/ur_description/share/ur_description/meshes/ur5/collision/shoulder.stl
[6.116s] -- Up-to-date: /home/user/ros2_ws/install/ur_description/share/ur_description/meshes/ur5/collision/forearm.stl
[6.116s] -- Up-to-date: /home/user/ros2_ws/install/ur_description/share/ur_description/meshes/ur5/collision/wrist2.stl
[6.118s] -- Up-to-date: /home/user/ros2_ws/install/ur_description/share/ur_description/meshes/ur5/visual
[6.118s] -- Up-to-date: /home/user/ros2_ws/install/ur_description/share/ur_description/meshes/ur5/visual/base.dae
[6.118s] -- Up-to-date: /home/user/ros2_ws/install/ur_description/share/ur_description/meshes/ur5/visual/wrist3.dae
[6.118s] -- Up-to-date: /home/user/ros2_ws/install/ur_description/share/ur_description/meshes/ur5/visual/upperarm.dae
[6.119s] -- Up-to-date: /home/user/ros2_ws/install/ur_description/share/ur_description/meshes/ur5/visual/wrist2.dae
[6.119s] -- Up-to-date: /home/user/ros2_ws/install/ur_description/share/ur_description/meshes/ur5/visual/forearm.dae
[6.119s] -- Up-to-date: /home/user/ros2_ws/install/ur_description/share/ur_description/meshes/ur5/visual/wrist1.dae
[6.119s] -- Up-to-date: /home/user/ros2_ws/install/ur_description/share/ur_description/meshes/ur5/visual/shoulder.dae
[6.119s] -- Up-to-date: /home/user/ros2_ws/install/ur_description/share/ur_description/meshes/ur10
[6.119s] -- Up-to-date: /home/user/ros2_ws/install/ur_description/share/ur_description/meshes/ur10/collision
[6.119s] -- Up-to-date: /home/user/ros2_ws/install/ur_description/share/ur_description/meshes/ur10/collision/upperarm.stl
[6.120s] -- Up-to-date: /home/user/ros2_ws/install/ur_description/share/ur_description/meshes/ur10/collision/wrist1.stl
[6.120s] -- Up-to-date: /home/user/ros2_ws/install/ur_description/share/ur_description/meshes/ur10/collision/wrist3.stl
[6.120s] -- Up-to-date: /home/user/ros2_ws/install/ur_description/share/ur_description/meshes/ur10/collision/base.stl
[6.120s] -- Up-to-date: /home/user/ros2_ws/install/ur_description/share/ur_description/meshes/ur10/collision/shoulder.stl
[6.120s] -- Up-to-date: /home/user/ros2_ws/install/ur_description/share/ur_description/meshes/ur10/collision/forearm.stl
[6.121s] -- Up-to-date: /home/user/ros2_ws/install/ur_description/share/ur_description/meshes/ur10/collision/wrist2.stl
[6.121s] -- Up-to-date: /home/user/ros2_ws/install/ur_description/share/ur_description/meshes/ur10/visual
[6.121s] -- Up-to-date: /home/user/ros2_ws/install/ur_description/share/ur_description/meshes/ur10/visual/base.dae
[6.121s] -- Up-to-date: /home/user/ros2_ws/install/ur_description/share/ur_description/meshes/ur10/visual/wrist3.dae
[6.121s] -- Up-to-date: /home/user/ros2_ws/install/ur_description/share/ur_description/meshes/ur10/visual/upperarm.dae
[6.122s] -- Up-to-date: /home/user/ros2_ws/install/ur_description/share/ur_description/meshes/ur10/visual/wrist2.dae
[6.122s] -- Up-to-date: /home/user/ros2_ws/install/ur_description/share/ur_description/meshes/ur10/visual/forearm.dae
[6.122s] -- Up-to-date: /home/user/ros2_ws/install/ur_description/share/ur_description/meshes/ur10/visual/wrist1.dae
[6.122s] -- Up-to-date: /home/user/ros2_ws/install/ur_description/share/ur_description/meshes/ur10/visual/shoulder.dae
[6.122s] -- Up-to-date: /home/user/ros2_ws/install/ur_description/share/ur_description/meshes/ur5e
[6.122s] -- Up-to-date: /home/user/ros2_ws/install/ur_description/share/ur_description/meshes/ur5e/collision
[6.123s] -- Up-to-date: /home/user/ros2_ws/install/ur_description/share/ur_description/meshes/ur5e/collision/upperarm.stl
[6.123s] -- Up-to-date: /home/user/ros2_ws/install/ur_description/share/ur_description/meshes/ur5e/collision/wrist1.stl
[6.123s] -- Up-to-date: /home/user/ros2_ws/install/ur_description/share/ur_description/meshes/ur5e/collision/wrist3.stl
[6.123s] -- Up-to-date: /home/user/ros2_ws/install/ur_description/share/ur_description/meshes/ur5e/collision/base.stl
[6.123s] -- Up-to-date: /home/user/ros2_ws/install/ur_description/share/ur_description/meshes/ur5e/collision/shoulder.stl
[6.123s] -- Up-to-date: /home/user/ros2_ws/install/ur_description/share/ur_description/meshes/ur5e/collision/forearm.stl
[6.123s] -- Up-to-date: /home/user/ros2_ws/install/ur_description/share/ur_description/meshes/ur5e/collision/wrist2.stl
[6.124s] -- Up-to-date: /home/user/ros2_ws/install/ur_description/share/ur_description/meshes/ur5e/visual
[6.124s] -- Up-to-date: /home/user/ros2_ws/install/ur_description/share/ur_description/meshes/ur5e/visual/base.dae
[6.124s] -- Up-to-date: /home/user/ros2_ws/install/ur_description/share/ur_description/meshes/ur5e/visual/wrist3.dae
[6.124s] -- Up-to-date: /home/user/ros2_ws/install/ur_description/share/ur_description/meshes/ur5e/visual/upperarm.dae
[6.124s] -- Up-to-date: /home/user/ros2_ws/install/ur_description/share/ur_description/meshes/ur5e/visual/wrist2.dae
[6.124s] -- Up-to-date: /home/user/ros2_ws/install/ur_description/share/ur_description/meshes/ur5e/visual/forearm.dae
[6.125s] -- Up-to-date: /home/user/ros2_ws/install/ur_description/share/ur_description/meshes/ur5e/visual/wrist1.dae
[6.125s] -- Up-to-date: /home/user/ros2_ws/install/ur_description/share/ur_description/meshes/ur5e/visual/shoulder.dae
[6.125s] -- Up-to-date: /home/user/ros2_ws/install/ur_description/share/ur_description/meshes/ur3e
[6.125s] -- Up-to-date: /home/user/ros2_ws/install/ur_description/share/ur_description/meshes/ur3e/collision
[6.125s] -- Up-to-date: /home/user/ros2_ws/install/ur_description/share/ur_description/meshes/ur3e/collision/upperarm.stl
[6.125s] -- Up-to-date: /home/user/ros2_ws/install/ur_description/share/ur_description/meshes/ur3e/collision/wrist1.stl
[6.126s] -- Up-to-date: /home/user/ros2_ws/install/ur_description/share/ur_description/meshes/ur3e/collision/wrist3.stl
[6.126s] -- Up-to-date: /home/user/ros2_ws/install/ur_description/share/ur_description/meshes/ur3e/collision/base.stl
[6.127s] -- Up-to-date: /home/user/ros2_ws/install/ur_description/share/ur_description/meshes/ur3e/collision/shoulder.stl
[6.127s] -- Up-to-date: /home/user/ros2_ws/install/ur_description/share/ur_description/meshes/ur3e/collision/forearm.stl
[6.128s] -- Up-to-date: /home/user/ros2_ws/install/ur_description/share/ur_description/meshes/ur3e/collision/wrist2.stl
[6.128s] -- Up-to-date: /home/user/ros2_ws/install/ur_description/share/ur_description/meshes/ur3e/visual
[6.128s] -- Up-to-date: /home/user/ros2_ws/install/ur_description/share/ur_description/meshes/ur3e/visual/base.dae
[6.128s] -- Up-to-date: /home/user/ros2_ws/install/ur_description/share/ur_description/meshes/ur3e/visual/wrist3.dae
[6.128s] -- Up-to-date: /home/user/ros2_ws/install/ur_description/share/ur_description/meshes/ur3e/visual/upperarm.dae
[6.128s] -- Up-to-date: /home/user/ros2_ws/install/ur_description/share/ur_description/meshes/ur3e/visual/wrist2.dae
[6.129s] -- Up-to-date: /home/user/ros2_ws/install/ur_description/share/ur_description/meshes/ur3e/visual/forearm.dae
[6.129s] -- Up-to-date: /home/user/ros2_ws/install/ur_description/share/ur_description/meshes/ur3e/visual/wrist1.dae
[6.129s] -- Up-to-date: /home/user/ros2_ws/install/ur_description/share/ur_description/meshes/ur3e/visual/shoulder.dae
[6.129s] -- Up-to-date: /home/user/ros2_ws/install/ur_description/share/ur_description/rviz
[6.129s] -- Up-to-date: /home/user/ros2_ws/install/ur_description/share/ur_description/rviz/view_robot.rviz
[6.129s] -- Up-to-date: /home/user/ros2_ws/install/ur_description/share/ur_description/urdf
[6.130s] -- Up-to-date: /home/user/ros2_ws/install/ur_description/share/ur_description/urdf/inc
[6.130s] -- Up-to-date: /home/user/ros2_ws/install/ur_description/share/ur_description/urdf/inc/ur_transmissions.xacro
[6.130s] -- Up-to-date: /home/user/ros2_ws/install/ur_description/share/ur_description/urdf/inc/ur_common.xacro
[6.130s] -- Up-to-date: /home/user/ros2_ws/install/ur_description/share/ur_description/urdf/ur_macro.xacro
[6.130s] -- Up-to-date: /home/user/ros2_ws/install/ur_description/share/ur_description/urdf/ur_moveit.urdf.xacro
[6.130s] -- Up-to-date: /home/user/ros2_ws/install/ur_description/share/ur_description/urdf/ur.ros2_control.xacro
[6.131s] -- Up-to-date: /home/user/ros2_ws/install/ur_description/share/ur_description/urdf/ur.urdf.xacro
[6.131s] -- Up-to-date: /home/user/ros2_ws/install/ur_description/share/ur_description/test
[6.131s] -- Up-to-date: /home/user/ros2_ws/install/ur_description/share/ur_description/test/test_ur_urdf_xacro.py
[6.131s] -- Up-to-date: /home/user/ros2_ws/install/ur_description/share/ur_description/test/test_view_ur_launch.py
[6.131s] -- Up-to-date: /home/user/ros2_ws/install/ur_description/share/ament_index/resource_index/package_run_dependencies/ur_description
[6.132s] -- Up-to-date: /home/user/ros2_ws/install/ur_description/share/ament_index/resource_index/parent_prefix_path/ur_description
[6.132s] -- Up-to-date: /home/user/ros2_ws/install/ur_description/share/ur_description/environment/ament_prefix_path.sh
[6.132s] -- Up-to-date: /home/user/ros2_ws/install/ur_description/share/ur_description/environment/ament_prefix_path.dsv
[6.132s] -- Up-to-date: /home/user/ros2_ws/install/ur_description/share/ur_description/environment/path.sh
[6.132s] -- Up-to-date: /home/user/ros2_ws/install/ur_description/share/ur_description/environment/path.dsv
[6.133s] -- Up-to-date: /home/user/ros2_ws/install/ur_description/share/ur_description/local_setup.bash
[6.133s] -- Up-to-date: /home/user/ros2_ws/install/ur_description/share/ur_description/local_setup.sh
[6.133s] -- Up-to-date: /home/user/ros2_ws/install/ur_description/share/ur_description/local_setup.zsh
[6.133s] -- Up-to-date: /home/user/ros2_ws/install/ur_description/share/ur_description/local_setup.dsv
[6.145s] -- Installing: /home/user/ros2_ws/install/ur_description/share/ur_description/package.dsv
[6.146s] -- Up-to-date: /home/user/ros2_ws/install/ur_description/share/ament_index/resource_index/packages/ur_description
[6.146s] -- Up-to-date: /home/user/ros2_ws/install/ur_description/share/ur_description/cmake/ur_descriptionConfig.cmake
[6.147s] -- Up-to-date: /home/user/ros2_ws/install/ur_description/share/ur_description/cmake/ur_descriptionConfig-version.cmake
[6.148s] -- Up-to-date: /home/user/ros2_ws/install/ur_description/share/ur_description/package.xml
[6.166s] Invoked command in '/home/user/ros2_ws/build/ur_description' returned '0': CMAKE_PREFIX_PATH=${CMAKE_PREFIX_PATH}:/home/simulations/ros2_sims_ws/install/rclrs_tests:/home/simulations/ros2_sims_ws/install/examples_rclrs_minimal_client_service:/home/simulations/ros2_sims_ws/install/sensor_msgs_py:/home/simulations/ros2_sims_ws/install/examples_rclrs_minimal_pub_sub:/home/simulations/ros2_sims_ws/install/examples_rclrs_message_demo:/home/simulations/ros2_sims_ws/install/rclrs:/home/simulations/ros2_sims_ws/install/rosidl_runtime_rs:/home/user/ros2_ws/install/ros2test:/home/user/ros2_ws/install/robotiq_85_driver:/home/user/ros2_ws/install/moveit_configs_utils:/opt/ros/humble _=/usr/bin/env /usr/bin/cmake --install /home/user/ros2_ws/build/ur_description
