[  8%] Built target test_trajectory
[ 16%] Built target pick_place3
[ 25%] Built target test_gripper
[ 33%] Built target approach
[ 41%] Built target cartesian_path
[35m[1mConsolidate compiler generated dependencies of target draw_x[0m
[ 45%] [32mBuilding CXX object CMakeFiles/draw_x.dir/src/draw_x.cpp.o[0m
[ 50%] [32m[1mLinking CXX executable draw_x[0m
[ 50%] Built target draw_x
[ 58%] Built target pick_place2
[ 66%] Built target test1
[ 75%] Built target test_trajectory3
[ 83%] Built target pick_place
[ 95%] Built target exec_traj
[100%] Built target test_trajectory2
-- Install configuration: ""
-- Up-to-date: /home/user/ros2_ws/install/moveit2_scripts/lib/moveit2_scripts/test_trajectory
-- Up-to-date: /home/user/ros2_ws/install/moveit2_scripts/lib/moveit2_scripts/test_trajectory2
-- Up-to-date: /home/user/ros2_ws/install/moveit2_scripts/lib/moveit2_scripts/exec_traj
-- Up-to-date: /home/user/ros2_ws/install/moveit2_scripts/lib/moveit2_scripts/test_trajectory3
-- Up-to-date: /home/user/ros2_ws/install/moveit2_scripts/lib/moveit2_scripts/pick_place
-- Up-to-date: /home/user/ros2_ws/install/moveit2_scripts/lib/moveit2_scripts/test1
-- Up-to-date: /home/user/ros2_ws/install/moveit2_scripts/lib/moveit2_scripts/pick_place2
-- Up-to-date: /home/user/ros2_ws/install/moveit2_scripts/lib/moveit2_scripts/pick_place3
-- Up-to-date: /home/user/ros2_ws/install/moveit2_scripts/lib/moveit2_scripts/test_gripper
-- Up-to-date: /home/user/ros2_ws/install/moveit2_scripts/lib/moveit2_scripts/approach
-- Up-to-date: /home/user/ros2_ws/install/moveit2_scripts/lib/moveit2_scripts/cartesian_path
-- Installing: /home/user/ros2_ws/install/moveit2_scripts/lib/moveit2_scripts/draw_x
-- Set runtime path of "/home/user/ros2_ws/install/moveit2_scripts/lib/moveit2_scripts/draw_x" to ""
-- Up-to-date: /home/user/ros2_ws/install/moveit2_scripts/share/moveit2_scripts/launch
-- Up-to-date: /home/user/ros2_ws/install/moveit2_scripts/share/moveit2_scripts/launch/approach.launch.py
-- Up-to-date: /home/user/ros2_ws/install/moveit2_scripts/share/moveit2_scripts/launch/cartesian_path.launch.py
-- Up-to-date: /home/user/ros2_ws/install/moveit2_scripts/share/moveit2_scripts/launch/test_trajectory.launch.py
-- Up-to-date: /home/user/ros2_ws/install/moveit2_scripts/share/moveit2_scripts/launch/pick_place.launch.py
-- Up-to-date: /home/user/ros2_ws/install/moveit2_scripts/share/moveit2_scripts/launch/test_gripper.launch.py
-- Up-to-date: /home/user/ros2_ws/install/moveit2_scripts/share/ament_index/resource_index/package_run_dependencies/moveit2_scripts
-- Up-to-date: /home/user/ros2_ws/install/moveit2_scripts/share/ament_index/resource_index/parent_prefix_path/moveit2_scripts
-- Up-to-date: /home/user/ros2_ws/install/moveit2_scripts/share/moveit2_scripts/environment/ament_prefix_path.sh
-- Up-to-date: /home/user/ros2_ws/install/moveit2_scripts/share/moveit2_scripts/environment/ament_prefix_path.dsv
-- Up-to-date: /home/user/ros2_ws/install/moveit2_scripts/share/moveit2_scripts/environment/path.sh
-- Up-to-date: /home/user/ros2_ws/install/moveit2_scripts/share/moveit2_scripts/environment/path.dsv
-- Up-to-date: /home/user/ros2_ws/install/moveit2_scripts/share/moveit2_scripts/local_setup.bash
-- Up-to-date: /home/user/ros2_ws/install/moveit2_scripts/share/moveit2_scripts/local_setup.sh
-- Up-to-date: /home/user/ros2_ws/install/moveit2_scripts/share/moveit2_scripts/local_setup.zsh
-- Up-to-date: /home/user/ros2_ws/install/moveit2_scripts/share/moveit2_scripts/local_setup.dsv
-- Installing: /home/user/ros2_ws/install/moveit2_scripts/share/moveit2_scripts/package.dsv
-- Up-to-date: /home/user/ros2_ws/install/moveit2_scripts/share/ament_index/resource_index/packages/moveit2_scripts
-- Up-to-date: /home/user/ros2_ws/install/moveit2_scripts/share/moveit2_scripts/cmake/moveit2_scriptsConfig.cmake
-- Up-to-date: /home/user/ros2_ws/install/moveit2_scripts/share/moveit2_scripts/cmake/moveit2_scriptsConfig-version.cmake
-- Up-to-date: /home/user/ros2_ws/install/moveit2_scripts/share/moveit2_scripts/package.xml
