[1.349s] Invoking command in '/home/user/ros2_ws/build/gazebo_version_helpers': CMAKE_PREFIX_PATH=${CMAKE_PREFIX_PATH}:/home/simulations/ros2_sims_ws/install/rclrs_tests:/home/simulations/ros2_sims_ws/install/examples_rclrs_minimal_client_service:/home/simulations/ros2_sims_ws/install/sensor_msgs_py:/home/simulations/ros2_sims_ws/install/examples_rclrs_minimal_pub_sub:/home/simulations/ros2_sims_ws/install/examples_rclrs_message_demo:/home/simulations/ros2_sims_ws/install/rclrs:/home/simulations/ros2_sims_ws/install/rosidl_runtime_rs:/home/user/ros2_ws/install/ros2test:/home/user/ros2_ws/install/robotiq_85_driver:/home/user/ros2_ws/install/moveit_configs_utils:/opt/ros/humble _=/usr/bin/env /usr/bin/cmake /home/user/ros2_ws/src/gazebo-pkgs/gazebo_version_helpers -DCMAKE_INSTALL_PREFIX=/home/user/ros2_ws/install/gazebo_version_helpers
[1.603s] -- The C compiler identification is GNU 11.3.0
[1.846s] -- The CXX compiler identification is GNU 11.3.0
[1.875s] -- Detecting C compiler ABI info
[2.415s] -- Detecting C compiler ABI info - done
[2.454s] -- Check for working C compiler: /usr/bin/cc - skipped
[2.455s] -- Detecting C compile features
[2.456s] -- Detecting C compile features - done
[2.462s] -- Detecting CXX compiler ABI info
[2.895s] -- Detecting CXX compiler ABI info - done
[2.956s] -- Check for working CXX compiler: /usr/bin/c++ - skipped
[2.957s] -- Detecting CXX compile features
[2.957s] -- Detecting CXX compile features - done
[3.141s] -- Found ament_cmake: 1.3.4 (/opt/ros/humble/share/ament_cmake/cmake)
[4.012s] -- Found Python3: /usr/bin/python3.10 (found version "3.10.6") found components: Interpreter 
[5.023s] -- Found gazebo_ros_pkgs: 3.7.0 (/opt/ros/humble/share/gazebo_ros_pkgs/cmake)
[5.060s] -- Found rclcpp: 16.0.4 (/opt/ros/humble/share/rclcpp/cmake)
[5.563s] -- Found rosidl_generator_c: 3.1.4 (/opt/ros/humble/share/rosidl_generator_c/cmake)
[5.637s] -- Found rosidl_adapter: 3.1.4 (/opt/ros/humble/share/rosidl_adapter/cmake)
[5.747s] -- Found rosidl_generator_cpp: 3.1.4 (/opt/ros/humble/share/rosidl_generator_cpp/cmake)
[5.868s] -- Using all available rosidl_typesupport_c: rosidl_typesupport_fastrtps_c;rosidl_typesupport_introspection_c
[6.006s] -- Using all available rosidl_typesupport_cpp: rosidl_typesupport_fastrtps_cpp;rosidl_typesupport_introspection_cpp
[6.491s] -- Found rmw_implementation_cmake: 6.1.1 (/opt/ros/humble/share/rmw_implementation_cmake/cmake)
[6.552s] -- Found rmw_fastrtps_cpp: 6.2.2 (/opt/ros/humble/share/rmw_fastrtps_cpp/cmake)
[7.319s] -- Found OpenSSL: /usr/lib/x86_64-linux-gnu/libcrypto.so (found version "3.0.2")  
[7.453s] -- Found FastRTPS: /opt/ros/humble/include  
[7.697s] -- Using RMW implementation 'rmw_fastrtps_cpp' as default
[7.797s] -- Looking for pthread.h
[8.180s] -- Looking for pthread.h - found
[8.180s] -- Performing Test CMAKE_HAVE_LIBC_PTHREAD
[8.495s] -- Performing Test CMAKE_HAVE_LIBC_PTHREAD - Success
[8.497s] -- Found Threads: TRUE  
[9.137s] [33mCMake Warning (dev) at /usr/share/cmake-3.22/Modules/FindPackageHandleStandardArgs.cmake:438 (message):
[9.137s]   The package name passed to `find_package_handle_standard_args` (PkgConfig)
[9.137s]   does not match the name of the calling package (gazebo).  This can lead to
[9.137s]   problems in calling code that expects `find_package` result variables
[9.137s]   (e.g., `_FOUND`) to follow a certain pattern.
[9.138s] Call Stack (most recent call first):
[9.138s]   /usr/share/cmake-3.22/Modules/FindPkgConfig.cmake:99 (find_package_handle_standard_args)
[9.138s]   /usr/lib/x86_64-linux-gnu/cmake/gazebo/gazebo-config.cmake:72 (include)
[9.138s]   CMakeLists.txt:18 (find_package)
[9.138s] This warning is for project developers.  Use -Wno-dev to suppress it.
[9.139s] [0m
[9.139s] -- Found PkgConfig: /usr/bin/pkg-config (found version "0.29.2") 
[9.148s] -- Checking for module 'bullet>=2.82'
[9.238s] --   Found bullet, version 3.05
[9.956s] -- Found fcl: /usr/include (found suitable version "0.7.0", minimum required is "0.5.0") 
[10.278s] -- Found assimp: /usr/include (found version "5.2.0") 
[10.451s] -- Found DART: /usr/include (Required is at least version "6.6") found components: dart 
[10.799s] -- Found Boost: /usr/lib/x86_64-linux-gnu/cmake/Boost-1.74.0/BoostConfig.cmake (found suitable version "1.74.0", minimum required is "1.40.0") found components: thread system filesystem program_options regex iostreams date_time 
[10.847s] -- Found Protobuf: /usr/lib/x86_64-linux-gnu/libprotobuf.so (found version "3.12.4") 
[10.940s] -- Looking for ignition-math6 -- found version 6.12.0
[10.975s] -- Searching for dependencies of ignition-math6
[10.977s] -- Looking for OGRE...
[10.978s] -- OGRE_PREFIX_WATCH changed.
[11.001s] -- Checking for module 'OGRE'
[11.098s] --   Found OGRE, version 1.9.0
[11.210s] -- Found Ogre Ghadamon (1.9.0)
[11.247s] -- Found OGRE: optimized;/usr/lib/x86_64-linux-gnu/libOgreMain.so;debug;/usr/lib/x86_64-linux-gnu/libOgreMain.so
[11.265s] -- Looking for OGRE_Paging...
[11.299s] -- Found OGRE_Paging: optimized;/usr/lib/x86_64-linux-gnu/libOgrePaging.so;debug;/usr/lib/x86_64-linux-gnu/libOgrePaging.so
[11.299s] -- Looking for OGRE_Terrain...
[11.332s] -- Found OGRE_Terrain: optimized;/usr/lib/x86_64-linux-gnu/libOgreTerrain.so;debug;/usr/lib/x86_64-linux-gnu/libOgreTerrain.so
[11.332s] -- Looking for OGRE_Property...
[11.369s] -- Found OGRE_Property: optimized;/usr/lib/x86_64-linux-gnu/libOgreProperty.so;debug;/usr/lib/x86_64-linux-gnu/libOgreProperty.so
[11.370s] -- Looking for OGRE_RTShaderSystem...
[11.410s] -- Found OGRE_RTShaderSystem: optimized;/usr/lib/x86_64-linux-gnu/libOgreRTShaderSystem.so;debug;/usr/lib/x86_64-linux-gnu/libOgreRTShaderSystem.so
[11.410s] -- Looking for OGRE_Volume...
[11.443s] -- Found OGRE_Volume: optimized;/usr/lib/x86_64-linux-gnu/libOgreVolume.so;debug;/usr/lib/x86_64-linux-gnu/libOgreVolume.so
[11.444s] -- Looking for OGRE_Overlay...
[11.477s] -- Found OGRE_Overlay: optimized;/usr/lib/x86_64-linux-gnu/libOgreOverlay.so;debug;/usr/lib/x86_64-linux-gnu/libOgreOverlay.so
[12.394s] -- Looking for ignition-math6 -- found version 6.12.0
[12.420s] -- Looking for ignition-transport8 -- found version 8.2.1
[12.425s] -- Searching for dependencies of ignition-transport8
[12.507s] -- Found Protobuf: /usr/lib/x86_64-linux-gnu/libprotobuf.so (found suitable version "3.12.4", minimum required is "3") 
[12.564s] -- Config-file not installed for ZeroMQ -- checking for pkg-config
[12.587s] -- Checking for module 'libzmq >= 4'
[12.986s] --   Found libzmq , version 4.3.4
[13.183s] -- Found ZeroMQ: TRUE (Required is at least version "4") 
[13.204s] -- Checking for module 'uuid'
[13.304s] --   Found uuid, version 2.37.2
[13.485s] -- Found UUID: TRUE  
[13.516s] -- Looking for ignition-msgs5 -- found version 5.8.1
[13.517s] -- Searching for dependencies of ignition-msgs5
[13.586s] -- Looking for ignition-math6 -- found version 6.12.0
[13.599s] -- Checking for module 'tinyxml2'
[13.650s] --   Found tinyxml2, version 9.0.0
[13.846s] -- Looking for ignition-msgs5 -- found version 5.8.1
[13.897s] -- Looking for ignition-common3 -- found version 3.14.0
[13.898s] -- Searching for dependencies of ignition-common3
[13.905s] -- Looking for dlfcn.h - found
[13.907s] -- Looking for libdl - found
[13.909s] -- Found DL: TRUE  
[14.011s] -- Found tinyobjloader: /usr/lib/x86_64-linux-gnu/cmake/tinyobjloader/tinyobjloader-config.cmake (found version "2.0.0") 
[14.017s] -- Searching for <ignition-common3> component [graphics]
[14.057s] -- Looking for ignition-common3-graphics -- found version 3.14.0
[14.057s] -- Searching for dependencies of ignition-common3-graphics
[14.057s] -- Looking for ignition-math6 -- found version 6.12.0
[14.081s] -- Looking for ignition-fuel_tools4 -- found version 4.4.0
[14.081s] -- Searching for dependencies of ignition-fuel_tools4
[14.463s] -- Found CURL: /usr/lib/x86_64-linux-gnu/libcurl.so (found version "7.81.0")  
[14.583s] -- Checking for module 'jsoncpp'
[14.654s] --   Found jsoncpp, version 1.9.5
[14.766s] -- Found JSONCPP: TRUE  
[14.798s] -- Checking for module 'libzip'
[14.881s] --   Found libzip, version 1.7.3
[15.016s] -- Found ZIP: TRUE  
[15.017s] -- Looking for ignition-common3 -- found version 3.14.0
[15.017s] -- Looking for ignition-math6 -- found version 6.12.0
[15.018s] -- Looking for ignition-msgs5 -- found version 5.8.1
[15.420s] -- Configuring done
[15.468s] -- Generating done
[15.474s] -- Build files have been written to: /home/user/ros2_ws/build/gazebo_version_helpers
[15.528s] Invoked command in '/home/user/ros2_ws/build/gazebo_version_helpers' returned '0': CMAKE_PREFIX_PATH=${CMAKE_PREFIX_PATH}:/home/simulations/ros2_sims_ws/install/rclrs_tests:/home/simulations/ros2_sims_ws/install/examples_rclrs_minimal_client_service:/home/simulations/ros2_sims_ws/install/sensor_msgs_py:/home/simulations/ros2_sims_ws/install/examples_rclrs_minimal_pub_sub:/home/simulations/ros2_sims_ws/install/examples_rclrs_message_demo:/home/simulations/ros2_sims_ws/install/rclrs:/home/simulations/ros2_sims_ws/install/rosidl_runtime_rs:/home/user/ros2_ws/install/ros2test:/home/user/ros2_ws/install/robotiq_85_driver:/home/user/ros2_ws/install/moveit_configs_utils:/opt/ros/humble _=/usr/bin/env /usr/bin/cmake /home/user/ros2_ws/src/gazebo-pkgs/gazebo_version_helpers -DCMAKE_INSTALL_PREFIX=/home/user/ros2_ws/install/gazebo_version_helpers
[15.529s] Invoking command in '/home/user/ros2_ws/build/gazebo_version_helpers': CMAKE_PREFIX_PATH=${CMAKE_PREFIX_PATH}:/home/simulations/ros2_sims_ws/install/rclrs_tests:/home/simulations/ros2_sims_ws/install/examples_rclrs_minimal_client_service:/home/simulations/ros2_sims_ws/install/sensor_msgs_py:/home/simulations/ros2_sims_ws/install/examples_rclrs_minimal_pub_sub:/home/simulations/ros2_sims_ws/install/examples_rclrs_message_demo:/home/simulations/ros2_sims_ws/install/rclrs:/home/simulations/ros2_sims_ws/install/rosidl_runtime_rs:/home/user/ros2_ws/install/ros2test:/home/user/ros2_ws/install/robotiq_85_driver:/home/user/ros2_ws/install/moveit_configs_utils:/opt/ros/humble _=/usr/bin/env /usr/bin/cmake --build /home/user/ros2_ws/build/gazebo_version_helpers -- -j8 -l8
[15.751s] [ 50%] [32mBuilding CXX object CMakeFiles/gazebo_version_helpers.dir/src/GazeboVersionHelpers.cpp.o[0m
[48.838s] [100%] [32m[1mLinking CXX shared library libgazebo_version_helpers.so[0m
[49.176s] [100%] Built target gazebo_version_helpers
[49.204s] Invoked command in '/home/user/ros2_ws/build/gazebo_version_helpers' returned '0': CMAKE_PREFIX_PATH=${CMAKE_PREFIX_PATH}:/home/simulations/ros2_sims_ws/install/rclrs_tests:/home/simulations/ros2_sims_ws/install/examples_rclrs_minimal_client_service:/home/simulations/ros2_sims_ws/install/sensor_msgs_py:/home/simulations/ros2_sims_ws/install/examples_rclrs_minimal_pub_sub:/home/simulations/ros2_sims_ws/install/examples_rclrs_message_demo:/home/simulations/ros2_sims_ws/install/rclrs:/home/simulations/ros2_sims_ws/install/rosidl_runtime_rs:/home/user/ros2_ws/install/ros2test:/home/user/ros2_ws/install/robotiq_85_driver:/home/user/ros2_ws/install/moveit_configs_utils:/opt/ros/humble _=/usr/bin/env /usr/bin/cmake --build /home/user/ros2_ws/build/gazebo_version_helpers -- -j8 -l8
[49.436s] Invoking command in '/home/user/ros2_ws/build/gazebo_version_helpers': CMAKE_PREFIX_PATH=${CMAKE_PREFIX_PATH}:/home/simulations/ros2_sims_ws/install/rclrs_tests:/home/simulations/ros2_sims_ws/install/examples_rclrs_minimal_client_service:/home/simulations/ros2_sims_ws/install/sensor_msgs_py:/home/simulations/ros2_sims_ws/install/examples_rclrs_minimal_pub_sub:/home/simulations/ros2_sims_ws/install/examples_rclrs_message_demo:/home/simulations/ros2_sims_ws/install/rclrs:/home/simulations/ros2_sims_ws/install/rosidl_runtime_rs:/home/user/ros2_ws/install/ros2test:/home/user/ros2_ws/install/robotiq_85_driver:/home/user/ros2_ws/install/moveit_configs_utils:/opt/ros/humble _=/usr/bin/env /usr/bin/cmake --install /home/user/ros2_ws/build/gazebo_version_helpers
[49.458s] -- Install configuration: ""
[49.458s] -- Installing: /home/user/ros2_ws/install/gazebo_version_helpers/lib/libgazebo_version_helpers.so
[49.461s] -- Set runtime path of "/home/user/ros2_ws/install/gazebo_version_helpers/lib/libgazebo_version_helpers.so" to ""
[49.461s] -- Installing: /home/user/ros2_ws/install/gazebo_version_helpers/include
[49.462s] -- Installing: /home/user/ros2_ws/install/gazebo_version_helpers/include/gazebo_version_helpers
[49.462s] -- Installing: /home/user/ros2_ws/install/gazebo_version_helpers/include/gazebo_version_helpers/GazeboVersionHelpers.h
[49.462s] -- Installing: /home/user/ros2_ws/install/gazebo_version_helpers/share/gazebo_version_helpers/environment/library_path.sh
[49.463s] -- Installing: /home/user/ros2_ws/install/gazebo_version_helpers/share/gazebo_version_helpers/environment/library_path.dsv
[49.463s] -- Installing: /home/user/ros2_ws/install/gazebo_version_helpers/share/ament_index/resource_index/package_run_dependencies/gazebo_version_helpers
[49.463s] -- Installing: /home/user/ros2_ws/install/gazebo_version_helpers/share/ament_index/resource_index/parent_prefix_path/gazebo_version_helpers
[49.464s] -- Installing: /home/user/ros2_ws/install/gazebo_version_helpers/share/gazebo_version_helpers/environment/ament_prefix_path.sh
[49.464s] -- Installing: /home/user/ros2_ws/install/gazebo_version_helpers/share/gazebo_version_helpers/environment/ament_prefix_path.dsv
[49.464s] -- Installing: /home/user/ros2_ws/install/gazebo_version_helpers/share/gazebo_version_helpers/environment/path.sh
[49.465s] -- Installing: /home/user/ros2_ws/install/gazebo_version_helpers/share/gazebo_version_helpers/environment/path.dsv
[49.465s] -- Installing: /home/user/ros2_ws/install/gazebo_version_helpers/share/gazebo_version_helpers/local_setup.bash
[49.466s] -- Installing: /home/user/ros2_ws/install/gazebo_version_helpers/share/gazebo_version_helpers/local_setup.sh
[49.466s] -- Installing: /home/user/ros2_ws/install/gazebo_version_helpers/share/gazebo_version_helpers/local_setup.zsh
[49.467s] -- Installing: /home/user/ros2_ws/install/gazebo_version_helpers/share/gazebo_version_helpers/local_setup.dsv
[49.467s] -- Installing: /home/user/ros2_ws/install/gazebo_version_helpers/share/gazebo_version_helpers/package.dsv
[49.468s] -- Installing: /home/user/ros2_ws/install/gazebo_version_helpers/share/ament_index/resource_index/packages/gazebo_version_helpers
[49.468s] -- Installing: /home/user/ros2_ws/install/gazebo_version_helpers/share/gazebo_version_helpers/cmake/ament_cmake_export_include_directories-extras.cmake
[49.468s] -- Installing: /home/user/ros2_ws/install/gazebo_version_helpers/share/gazebo_version_helpers/cmake/ament_cmake_export_libraries-extras.cmake
[49.468s] -- Installing: /home/user/ros2_ws/install/gazebo_version_helpers/share/gazebo_version_helpers/cmake/ament_cmake_export_dependencies-extras.cmake
[49.469s] -- Installing: /home/user/ros2_ws/install/gazebo_version_helpers/share/gazebo_version_helpers/cmake/gazebo_version_helpersConfig.cmake
[49.469s] -- Installing: /home/user/ros2_ws/install/gazebo_version_helpers/share/gazebo_version_helpers/cmake/gazebo_version_helpersConfig-version.cmake
[49.469s] -- Installing: /home/user/ros2_ws/install/gazebo_version_helpers/share/gazebo_version_helpers/package.xml
[49.476s] Invoked command in '/home/user/ros2_ws/build/gazebo_version_helpers' returned '0': CMAKE_PREFIX_PATH=${CMAKE_PREFIX_PATH}:/home/simulations/ros2_sims_ws/install/rclrs_tests:/home/simulations/ros2_sims_ws/install/examples_rclrs_minimal_client_service:/home/simulations/ros2_sims_ws/install/sensor_msgs_py:/home/simulations/ros2_sims_ws/install/examples_rclrs_minimal_pub_sub:/home/simulations/ros2_sims_ws/install/examples_rclrs_message_demo:/home/simulations/ros2_sims_ws/install/rclrs:/home/simulations/ros2_sims_ws/install/rosidl_runtime_rs:/home/user/ros2_ws/install/ros2test:/home/user/ros2_ws/install/robotiq_85_driver:/home/user/ros2_ws/install/moveit_configs_utils:/opt/ros/humble _=/usr/bin/env /usr/bin/cmake --install /home/user/ros2_ws/build/gazebo_version_helpers
