running egg_info
creating build/yolov8_realsense/yolov8_realsense.egg-info
writing build/yolov8_realsense/yolov8_realsense.egg-info/PKG-INFO
writing dependency_links to build/yolov8_realsense/yolov8_realsense.egg-info/dependency_links.txt
writing entry points to build/yolov8_realsense/yolov8_realsense.egg-info/entry_points.txt
writing requirements to build/yolov8_realsense/yolov8_realsense.egg-info/requires.txt
writing top-level names to build/yolov8_realsense/yolov8_realsense.egg-info/top_level.txt
writing manifest file 'build/yolov8_realsense/yolov8_realsense.egg-info/SOURCES.txt'
reading manifest file 'build/yolov8_realsense/yolov8_realsense.egg-info/SOURCES.txt'
writing manifest file 'build/yolov8_realsense/yolov8_realsense.egg-info/SOURCES.txt'
running build
running build_py
creating /home/steven/ros2_ws/src/yolov8_realsense/build/yolov8_realsense/build
creating /home/steven/ros2_ws/src/yolov8_realsense/build/yolov8_realsense/build/lib
creating /home/steven/ros2_ws/src/yolov8_realsense/build/yolov8_realsense/build/lib/yolov8_realsense
copying yolov8_realsense/__init__.py -> /home/steven/ros2_ws/src/yolov8_realsense/build/yolov8_realsense/build/lib/yolov8_realsense
copying yolov8_realsense/realsense_yolo.py -> /home/steven/ros2_ws/src/yolov8_realsense/build/yolov8_realsense/build/lib/yolov8_realsense
running install
running install_lib
creating /home/steven/ros2_ws/src/yolov8_realsense/install/yolov8_realsense/lib/python3.10/site-packages/yolov8_realsense
copying /home/steven/ros2_ws/src/yolov8_realsense/build/yolov8_realsense/build/lib/yolov8_realsense/__init__.py -> /home/steven/ros2_ws/src/yolov8_realsense/install/yolov8_realsense/lib/python3.10/site-packages/yolov8_realsense
copying /home/steven/ros2_ws/src/yolov8_realsense/build/yolov8_realsense/build/lib/yolov8_realsense/realsense_yolo.py -> /home/steven/ros2_ws/src/yolov8_realsense/install/yolov8_realsense/lib/python3.10/site-packages/yolov8_realsense
byte-compiling /home/steven/ros2_ws/src/yolov8_realsense/install/yolov8_realsense/lib/python3.10/site-packages/yolov8_realsense/__init__.py to __init__.cpython-310.pyc
byte-compiling /home/steven/ros2_ws/src/yolov8_realsense/install/yolov8_realsense/lib/python3.10/site-packages/yolov8_realsense/realsense_yolo.py to realsense_yolo.cpython-310.pyc
running install_data
creating /home/steven/ros2_ws/src/yolov8_realsense/install/yolov8_realsense/share/ament_index
creating /home/steven/ros2_ws/src/yolov8_realsense/install/yolov8_realsense/share/ament_index/resource_index
creating /home/steven/ros2_ws/src/yolov8_realsense/install/yolov8_realsense/share/ament_index/resource_index/packages
copying resource/yolov8_realsense -> /home/steven/ros2_ws/src/yolov8_realsense/install/yolov8_realsense/share/ament_index/resource_index/packages
copying package.xml -> /home/steven/ros2_ws/src/yolov8_realsense/install/yolov8_realsense/share/yolov8_realsense
running install_egg_info
Copying build/yolov8_realsense/yolov8_realsense.egg-info to /home/steven/ros2_ws/src/yolov8_realsense/install/yolov8_realsense/lib/python3.10/site-packages/yolov8_realsense-0.0.0-py3.10.egg-info
running install_scripts
Installing realsense_yolo script to /home/steven/ros2_ws/src/yolov8_realsense/install/yolov8_realsense/lib/yolov8_realsense
writing list of installed files to '/home/steven/ros2_ws/src/yolov8_realsense/build/yolov8_realsense/install.log'
