-- The C compiler identification is GNU 11.4.0
-- The CXX compiler identification is GNU 11.4.0
-- Detecting C compiler ABI info
-- Detecting C compiler ABI info - done
-- Check for working C compiler: /usr/bin/cc - skipped
-- Detecting C compile features
-- Detecting C compile features - done
-- Detecting CXX compiler ABI info
-- Detecting CXX compiler ABI info - done
-- Check for working CXX compiler: /usr/bin/c++ - skipped
-- Detecting CXX compile features
-- Detecting CXX compile features - done
-- Found ament_cmake: 1.3.9 (/opt/ros/humble/share/ament_cmake/cmake)
-- Found Python3: /usr/bin/python3 (found version "3.10.12") found components: Interpreter 
-- Found rosidl_default_generators: 1.2.0 (/opt/ros/humble/share/rosidl_default_generators/cmake)
-- Using all available rosidl_typesupport_c: rosidl_typesupport_fastrtps_c;rosidl_typesupport_introspection_c
-- Found rosidl_adapter: 3.1.5 (/opt/ros/humble/share/rosidl_adapter/cmake)
-- Using all available rosidl_typesupport_cpp: rosidl_typesupport_fastrtps_cpp;rosidl_typesupport_introspection_cpp
-- Found action_msgs: 1.2.1 (/opt/ros/humble/share/action_msgs/cmake)
[31mCMake Error at /opt/ros/humble/share/rosidl_cmake/cmake/rosidl_generate_interfaces.cmake:240 (list):
  list index: 1 out of range (-1, 0)
Call Stack (most recent call first):
  CMakeLists.txt:32 (rosidl_generate_interfaces)

[0m
[31mCMake Error at /opt/ros/humble/share/rosidl_cmake/cmake/rosidl_generate_interfaces.cmake:240 (list):
  list index: 1 out of range (-1, 0)
Call Stack (most recent call first):
  CMakeLists.txt:32 (rosidl_generate_interfaces)

[0m
[31mCMake Error at /opt/ros/humble/share/rosidl_cmake/cmake/rosidl_generate_interfaces.cmake:240 (list):
  list index: 1 out of range (-1, 0)
Call Stack (most recent call first):
  CMakeLists.txt:32 (rosidl_generate_interfaces)

[0m
[31mCMake Error at /opt/ros/humble/share/rosidl_cmake/cmake/rosidl_generate_interfaces.cmake:240 (list):
  list index: 1 out of range (-1, 0)
Call Stack (most recent call first):
  CMakeLists.txt:32 (rosidl_generate_interfaces)

[0m
[31mCMake Error at /opt/ros/humble/share/rosidl_cmake/cmake/rosidl_generate_interfaces.cmake:240 (list):
  list index: 1 out of range (-1, 0)
Call Stack (most recent call first):
  CMakeLists.txt:32 (rosidl_generate_interfaces)

[0m
[31mCMake Error at /opt/ros/humble/share/rosidl_cmake/cmake/rosidl_generate_interfaces.cmake:240 (list):
  list index: 1 out of range (-1, 0)
Call Stack (most recent call first):
  CMakeLists.txt:32 (rosidl_generate_interfaces)

[0m
[31mCMake Error at /opt/ros/humble/share/rosidl_cmake/cmake/rosidl_generate_interfaces.cmake:240 (list):
  list index: 1 out of range (-1, 0)
Call Stack (most recent call first):
  CMakeLists.txt:32 (rosidl_generate_interfaces)

[0m
[31mCMake Error at /opt/ros/humble/share/rosidl_cmake/cmake/rosidl_generate_interfaces.cmake:240 (list):
  list index: 1 out of range (-1, 0)
Call Stack (most recent call first):
  CMakeLists.txt:32 (rosidl_generate_interfaces)

[0m
[31mCMake Error at /opt/ros/humble/share/rosidl_cmake/cmake/rosidl_generate_interfaces.cmake:240 (list):
  list index: 1 out of range (-1, 0)
Call Stack (most recent call first):
  CMakeLists.txt:32 (rosidl_generate_interfaces)

[0m
[31mCMake Error at /opt/ros/humble/share/rosidl_cmake/cmake/rosidl_generate_interfaces.cmake:240 (list):
  list index: 1 out of range (-1, 0)
Call Stack (most recent call first):
  CMakeLists.txt:32 (rosidl_generate_interfaces)

[0m
[31mCMake Error at /opt/ros/humble/share/rosidl_cmake/cmake/rosidl_generate_interfaces.cmake:240 (list):
  list index: 1 out of range (-1, 0)
Call Stack (most recent call first):
  CMakeLists.txt:32 (rosidl_generate_interfaces)

[0m
[31mCMake Error at /opt/ros/humble/share/rosidl_cmake/cmake/rosidl_generate_interfaces.cmake:240 (list):
  list index: 1 out of range (-1, 0)
Call Stack (most recent call first):
  CMakeLists.txt:32 (rosidl_generate_interfaces)

[0m
[31mCMake Error at /opt/ros/humble/share/rosidl_cmake/cmake/rosidl_generate_interfaces.cmake:240 (list):
  list index: 1 out of range (-1, 0)
Call Stack (most recent call first):
  CMakeLists.txt:32 (rosidl_generate_interfaces)

[0m
[31mCMake Error at /opt/ros/humble/share/rosidl_cmake/cmake/rosidl_generate_interfaces.cmake:240 (list):
  list index: 1 out of range (-1, 0)
Call Stack (most recent call first):
  CMakeLists.txt:32 (rosidl_generate_interfaces)

[0m
[31mCMake Error at /opt/ros/humble/share/rosidl_generator_c/cmake/rosidl_generator_c_generate_interfaces.cmake:69 (message):
  Target dependency
  '/build/ur_dashboard_msgs/rosidl_adapter/ur_dashboard_msgs/msg/ProgramState.idl'
  does not exist
Call Stack (most recent call first):
  /opt/ros/humble/share/ament_cmake_core/cmake/core/ament_execute_extensions.cmake:48 (include)
  /opt/ros/humble/share/rosidl_cmake/cmake/rosidl_generate_interfaces.cmake:286 (ament_execute_extensions)
  CMakeLists.txt:32 (rosidl_generate_interfaces)

[0m
-- Configuring incomplete, errors occurred!
See also "/home/steven/Documents/資料備份區/build/ur_dashboard_msgs/CMakeFiles/CMakeOutput.log".
