[0.378s] Invoking command in '/home/steven/ros2_ws/src/first_stage/src/first_stage_rg2': PYTHONPATH=/home/steven/ros2_ws/src/first_stage/build/first_stage_rg2/prefix_override:/usr/lib/python3/dist-packages/colcon_core/task/python/colcon_distutils_commands:/home/steven/ros2_ws/src/first_stage/install/first_stage_rg2/lib/python3.10/site-packages:${PYTHONPATH} /usr/bin/python3 -W ignore:setup.py install is deprecated setup.py egg_info --egg-base ../../build/first_stage_rg2 build --build-base /home/steven/ros2_ws/src/first_stage/build/first_stage_rg2/build install --record /home/steven/ros2_ws/src/first_stage/build/first_stage_rg2/install.log --single-version-externally-managed install_data
[0.532s] running egg_info
[0.532s] writing ../../build/first_stage_rg2/first_stage_rg2.egg-info/PKG-INFO
[0.532s] writing dependency_links to ../../build/first_stage_rg2/first_stage_rg2.egg-info/dependency_links.txt
[0.532s] writing entry points to ../../build/first_stage_rg2/first_stage_rg2.egg-info/entry_points.txt
[0.532s] writing requirements to ../../build/first_stage_rg2/first_stage_rg2.egg-info/requires.txt
[0.532s] writing top-level names to ../../build/first_stage_rg2/first_stage_rg2.egg-info/top_level.txt
[0.533s] reading manifest file '../../build/first_stage_rg2/first_stage_rg2.egg-info/SOURCES.txt'
[0.533s] adding license file 'LICENSE'
[0.534s] writing manifest file '../../build/first_stage_rg2/first_stage_rg2.egg-info/SOURCES.txt'
[0.534s] running build
[0.534s] running build_py
[0.534s] running install
[0.534s] running install_lib
[0.534s] running install_data
[0.534s] running install_egg_info
[0.535s] removing '/home/steven/ros2_ws/src/first_stage/install/first_stage_rg2/lib/python3.10/site-packages/first_stage_rg2-0.0.0-py3.10.egg-info' (and everything under it)
[0.535s] Copying ../../build/first_stage_rg2/first_stage_rg2.egg-info to /home/steven/ros2_ws/src/first_stage/install/first_stage_rg2/lib/python3.10/site-packages/first_stage_rg2-0.0.0-py3.10.egg-info
[0.536s] running install_scripts
[0.548s] Installing rg2_node script to /home/steven/ros2_ws/src/first_stage/install/first_stage_rg2/lib/first_stage_rg2
[0.548s] writing list of installed files to '/home/steven/ros2_ws/src/first_stage/build/first_stage_rg2/install.log'
[0.562s] Invoked command in '/home/steven/ros2_ws/src/first_stage/src/first_stage_rg2' returned '0': PYTHONPATH=/home/steven/ros2_ws/src/first_stage/build/first_stage_rg2/prefix_override:/usr/lib/python3/dist-packages/colcon_core/task/python/colcon_distutils_commands:/home/steven/ros2_ws/src/first_stage/install/first_stage_rg2/lib/python3.10/site-packages:${PYTHONPATH} /usr/bin/python3 -W ignore:setup.py install is deprecated setup.py egg_info --egg-base ../../build/first_stage_rg2 build --build-base /home/steven/ros2_ws/src/first_stage/build/first_stage_rg2/build install --record /home/steven/ros2_ws/src/first_stage/build/first_stage_rg2/install.log --single-version-externally-managed install_data
