[0.295s] Invoking command in '/home/yujian/blob_ws/src/blob_detector': PYTHONPATH=/home/yujian/blob_ws/build/blob_detector/prefix_override:/usr/lib/python3/dist-packages/colcon_core/task/python/colcon_distutils_commands:/home/yujian/blob_ws/install/blob_detector/lib/python3.10/site-packages:${PYTHONPATH} /usr/bin/python3 -W ignore:setup.py install is deprecated -W ignore:easy_install command is deprecated setup.py egg_info --egg-base ../../build/blob_detector build --build-base /home/yujian/blob_ws/build/blob_detector/build install --record /home/yujian/blob_ws/build/blob_detector/install.log --single-version-externally-managed install_data
[0.398s] running egg_info
[0.398s] writing ../../build/blob_detector/blob_detector.egg-info/PKG-INFO
[0.398s] writing dependency_links to ../../build/blob_detector/blob_detector.egg-info/dependency_links.txt
[0.398s] writing entry points to ../../build/blob_detector/blob_detector.egg-info/entry_points.txt
[0.399s] writing requirements to ../../build/blob_detector/blob_detector.egg-info/requires.txt
[0.399s] writing top-level names to ../../build/blob_detector/blob_detector.egg-info/top_level.txt
[0.399s] reading manifest file '../../build/blob_detector/blob_detector.egg-info/SOURCES.txt'
[0.399s] writing manifest file '../../build/blob_detector/blob_detector.egg-info/SOURCES.txt'
[0.399s] running build
[0.399s] running build_py
[0.400s] copying blob_detector/blob_detector_node.py -> /home/yujian/blob_ws/build/blob_detector/build/lib/blob_detector
[0.400s] running install
[0.400s] running install_lib
[0.400s] copying /home/yujian/blob_ws/build/blob_detector/build/lib/blob_detector/blob_detector_node.py -> /home/yujian/blob_ws/install/blob_detector/lib/python3.10/site-packages/blob_detector
[0.400s] byte-compiling /home/yujian/blob_ws/install/blob_detector/lib/python3.10/site-packages/blob_detector/blob_detector_node.py to blob_detector_node.cpython-310.pyc
[0.401s] running install_data
[0.401s] running install_egg_info
[0.401s] removing '/home/yujian/blob_ws/install/blob_detector/lib/python3.10/site-packages/blob_detector-0.0.1-py3.10.egg-info' (and everything under it)
[0.402s] Copying ../../build/blob_detector/blob_detector.egg-info to /home/yujian/blob_ws/install/blob_detector/lib/python3.10/site-packages/blob_detector-0.0.1-py3.10.egg-info
[0.402s] running install_scripts
[0.411s] Installing blob_detector_node script to /home/yujian/blob_ws/install/blob_detector/lib/blob_detector
[0.411s] writing list of installed files to '/home/yujian/blob_ws/build/blob_detector/install.log'
[0.421s] Invoked command in '/home/yujian/blob_ws/src/blob_detector' returned '0': PYTHONPATH=/home/yujian/blob_ws/build/blob_detector/prefix_override:/usr/lib/python3/dist-packages/colcon_core/task/python/colcon_distutils_commands:/home/yujian/blob_ws/install/blob_detector/lib/python3.10/site-packages:${PYTHONPATH} /usr/bin/python3 -W ignore:setup.py install is deprecated -W ignore:easy_install command is deprecated setup.py egg_info --egg-base ../../build/blob_detector build --build-base /home/yujian/blob_ws/build/blob_detector/build install --record /home/yujian/blob_ws/build/blob_detector/install.log --single-version-externally-managed install_data
