[0.214s] Invoking command in '/home/user/ros2_ws/build/moveit_core': CMAKE_PREFIX_PATH=/home/user/ros2_ws/install/moveit_common:/home/simulations/ros2_sims_ws/install/common_interfaces:/home/simulations/ros2_sims_ws/install/visualization_msgs:/home/simulations/ros2_sims_ws/install/test_msgs:/home/simulations/ros2_sims_ws/install/example_interfaces:/home/simulations/ros2_sims_ws/install/action_msgs:/home/simulations/ros2_sims_ws/install/unique_identifier_msgs:/home/simulations/ros2_sims_ws/install/trajectory_msgs:/home/simulations/ros2_sims_ws/install/test_interface_files:/home/simulations/ros2_sims_ws/install/stereo_msgs:/home/simulations/ros2_sims_ws/install/std_srvs:/home/simulations/ros2_sims_ws/install/shape_msgs:/home/simulations/ros2_sims_ws/install/sensor_msgs:/home/simulations/ros2_sims_ws/install/nav_msgs:/home/simulations/ros2_sims_ws/install/diagnostic_msgs:/home/simulations/ros2_sims_ws/install/geometry_msgs:/home/simulations/ros2_sims_ws/install/actionlib_msgs:/home/simulations/ros2_sims_ws/install/std_msgs:/home/simulations/ros2_sims_ws/install/statistics_msgs:/home/simulations/ros2_sims_ws/install/rosgraph_msgs:/home/simulations/ros2_sims_ws/install/rclrs_example_msgs:/home/simulations/ros2_sims_ws/install/composition_interfaces:/home/simulations/ros2_sims_ws/install/rcl_interfaces:/home/simulations/ros2_sims_ws/install/lifecycle_msgs:/home/simulations/ros2_sims_ws/install/builtin_interfaces:/home/simulations/ros2_sims_ws/install/rosidl_default_runtime:/home/simulations/ros2_sims_ws/install/rosidl_default_generators:/home/simulations/ros2_sims_ws/install/rosidl_generator_rs:/home/user/ros2_ws/install/ur_simulation_gazebo:/home/user/ros2_ws/install/ur3e_moveit_config:/home/user/ros2_ws/install/test_moveit_config:/home/user/ros2_ws/install/test2_moveit_config:/home/user/ros2_ws/install/my_moveit_config:/home/user/ros2_ws/install/my_moveit2_config:/home/user/ros2_ws/install/ur_description:/home/user/ros2_ws/install/the_construct_office_gazebo:/home/user/ros2_ws/install/simple_grasping:/home/user/ros2_ws/install/ros_testing:/home/user/ros2_ws/install/robotnik_sensors_gazebo:/home/user/ros2_ws/install/robotnik_sensors:/home/user/ros2_ws/install/robotiq_85_gripper:/home/user/ros2_ws/install/robotiq_85_msgs:/home/user/ros2_ws/install/robotiq_85_description:/home/user/ros2_ws/install/rg2_gripper_description:/home/user/ros2_ws/install/pilz_industrial_motion_planner_testutils:/home/user/ros2_ws/install/moveit_runtime:/home/user/ros2_ws/install/moveit:/home/user/ros2_ws/install/moveit_planners:/home/user/ros2_ws/install/pilz_industrial_motion_planner:/home/user/ros2_ws/install/moveit_ros_control_interface:/home/user/ros2_ws/install/moveit_plugins:/home/user/ros2_ws/install/moveit_simple_controller_manager:/home/user/ros2_ws/install/moveit_setup_assistant:/home/user/ros2_ws/install/moveit_setup_srdf_plugins:/home/user/ros2_ws/install/moveit_setup_core_plugins:/home/user/ros2_ws/install/moveit_setup_controllers:/home/user/ros2_ws/install/moveit_setup_app_plugins:/home/user/ros2_ws/install/moveit_setup_framework:/home/user/ros2_ws/install/moveit_servo:/home/user/ros2_ws/install/moveit_ros:/home/user/ros2_ws/install/moveit_ros_visualization:/home/user/ros2_ws/install/moveit_hybrid_planning:/home/user/ros2_ws/install/moveit2_scripts:/home/user/ros2_ws/install/moveit_ros_planning_interface:/home/user/ros2_ws/install/moveit_ros_benchmarks:/home/user/ros2_ws/install/moveit_ros_warehouse:/home/user/ros2_ws/install/moveit_ros_robot_interaction:/home/user/ros2_ws/install/moveit_ros_perception:/home/user/ros2_ws/install/moveit_resources_prbt_pg70_support:/home/user/ros2_ws/install/moveit_resources_prbt_moveit_config:/home/user/ros2_ws/install/moveit_ros_move_group:/home/user/ros2_ws/install/moveit_planners_ompl:/home/user/ros2_ws/install/moveit_ros_planning:/home/user/ros2_ws/install/moveit_ros_occupancy_map_monitor:/home/user/ros2_ws/install/moveit_resources_prbt_support:/home/user/ros2_ws/install/moveit_resources_prbt_ikfast_manipulator_plugin:/home/user/ros2_ws/install/moveit_planners_chomp:/home/user/ros2_ws/install/moveit_kinematics:/home/user/ros2_ws/install/moveit_chomp_optimizer_adapter:/home/user/ros2_ws/install/chomp_motion_planner:/home/user/ros2_ws/install/moveit_core:/home/user/ros2_ws/install/gazebo_grasp_plugin_ros:/home/simulations/ros2_sims_ws/install/rclrs_tests:/home/simulations/ros2_sims_ws/install/examples_rclrs_minimal_client_service:/home/simulations/ros2_sims_ws/install/sensor_msgs_py:/home/simulations/ros2_sims_ws/install/examples_rclrs_minimal_pub_sub:/home/simulations/ros2_sims_ws/install/examples_rclrs_message_demo:/home/simulations/ros2_sims_ws/install/rclrs:/home/simulations/ros2_sims_ws/install/rosidl_runtime_rs:/home/user/ros2_ws/install/ros2test:/home/user/ros2_ws/install/robotiq_85_driver:/home/user/ros2_ws/install/moveit_configs_utils:/opt/ros/humble:/home/user/ros2_ws/install/gazebo_grasp_plugin:/home/user/ros2_ws/install/gazebo_version_helpers:/home/user/ros2_ws/install/gazebo_ros2_control_demos:/home/user/ros2_ws/install/gazebo_ros2_control _=/usr/bin/env /usr/bin/cmake --build /home/user/ros2_ws/build/moveit_core -- -j8 -l8
[0.597s] [  1%] Built target moveit_transforms
[0.786s] [  3%] Built target gmock
[0.973s] [  4%] Built target gmock_main
[1.150s] [  5%] Built target moveit_smoothing_base
[1.402s] [  6%] Built target moveit_butterworth_parameters
[1.595s] [  8%] Built target moveit_version
[1.757s] [  9%] Built target gtest_main
[1.986s] [ 10%] Built target gtest
[2.111s] [ 12%] Built target moveit_utils
[2.316s] [ 13%] Built target test_transforms
[2.516s] [ 15%] Built target moveit_distance_field
[2.696s] [ 16%] Built target moveit_kinematics_base
[2.895s] [ 17%] Built target test_distance_field
[3.073s] [ 18%] Built target test_voxel_grid
[3.276s] [ 19%] Built target moveit_exceptions
[3.524s] [ 26%] Built target moveit_robot_model
[3.801s] [ 29%] Built target moveit_robot_state
[3.993s] [ 30%] Built target moveit_butterworth_filter
[4.200s] [ 31%] Built target moveit_kinematics_metrics
[4.325s] [ 32%] Built target test_butterworth_filter
[4.456s] [ 34%] Built target moveit_dynamics_solver
[4.547s] [ 35%] Built target moveit_robot_trajectory
[4.704s] [ 41%] Built target moveit_collision_detection
[4.839s] [ 43%] Built target moveit_planning_interface
[4.999s] [ 48%] Built target moveit_collision_detection_bullet
[5.142s] [ 49%] Built target test_all_valid
[5.279s] [ 51%] Built target test_world_diff
[5.381s] [ 52%] Built target test_world
[5.549s] [ 54%] Built target moveit_collision_detection_fcl
[5.693s] [ 58%] Built target moveit_trajectory_processing
[5.867s] [ 60%] Built target moveit_kinematic_constraints
[5.979s] [ 61%] Built target moveit_test_utils
[6.133s] [ 62%] Built target moveit_planning_scene
[6.248s] [ 63%] Built target test_aabb
[6.378s] [ 64%] Built target test_cartesian_interpolator
[6.490s] [ 65%] Built target test_robot_trajectory
[6.610s] [ 66%] Built target test_time_parameterization
[6.716s] [ 68%] Built target test_time_optimal_trajectory_generation
[6.835s] [ 69%] Built target test_ruckig_traj_smoothing
[6.963s] [ 70%] Built target collision_detector_bullet_plugin
[7.112s] [ 71%] Built target test_bullet_collision_detection
[7.226s] [ 72%] Built target test_bullet_collision_detection_panda
[7.364s] [ 74%] Built target test_bullet_continuous_collision_checking
[7.511s] [ 75%] Built target collision_detector_fcl_plugin
[7.621s] [ 77%] Built target test_fcl_collision_env
[7.767s] [ 78%] Built target test_fcl_collision_detection
[7.893s] [ 79%] Built target test_fcl_collision_detection_panda
[8.038s] [ 82%] Built target moveit_collision_distance_field
[8.155s] [ 85%] Built target moveit_constraint_samplers
[8.274s] [ 86%] Built target moveit_planning_request_adapter
[8.407s] [ 87%] Built target test_planning_scene
[8.527s] [ 88%] Built target test_collision_objects
[8.710s] [ 89%] Built target test_multi_threaded
[8.860s] [ 90%] Built target test_collision_distance_field
[9.103s] [ 93%] Built target test_constraint_samplers
[9.254s] [ 94%] Built target test_robot_state_complex
[9.390s] [ 95%] Built target test_robot_state_benchmark
[9.565s] [ 97%] Built target test_robot_state
[9.708s] [ 98%] Built target test_robot_model
[9.807s] [ 99%] Built target test_orientation_constraints
[9.931s] [100%] Built target test_constraints
[9.982s] Invoked command in '/home/user/ros2_ws/build/moveit_core' returned '0': CMAKE_PREFIX_PATH=/home/user/ros2_ws/install/moveit_common:/home/simulations/ros2_sims_ws/install/common_interfaces:/home/simulations/ros2_sims_ws/install/visualization_msgs:/home/simulations/ros2_sims_ws/install/test_msgs:/home/simulations/ros2_sims_ws/install/example_interfaces:/home/simulations/ros2_sims_ws/install/action_msgs:/home/simulations/ros2_sims_ws/install/unique_identifier_msgs:/home/simulations/ros2_sims_ws/install/trajectory_msgs:/home/simulations/ros2_sims_ws/install/test_interface_files:/home/simulations/ros2_sims_ws/install/stereo_msgs:/home/simulations/ros2_sims_ws/install/std_srvs:/home/simulations/ros2_sims_ws/install/shape_msgs:/home/simulations/ros2_sims_ws/install/sensor_msgs:/home/simulations/ros2_sims_ws/install/nav_msgs:/home/simulations/ros2_sims_ws/install/diagnostic_msgs:/home/simulations/ros2_sims_ws/install/geometry_msgs:/home/simulations/ros2_sims_ws/install/actionlib_msgs:/home/simulations/ros2_sims_ws/install/std_msgs:/home/simulations/ros2_sims_ws/install/statistics_msgs:/home/simulations/ros2_sims_ws/install/rosgraph_msgs:/home/simulations/ros2_sims_ws/install/rclrs_example_msgs:/home/simulations/ros2_sims_ws/install/composition_interfaces:/home/simulations/ros2_sims_ws/install/rcl_interfaces:/home/simulations/ros2_sims_ws/install/lifecycle_msgs:/home/simulations/ros2_sims_ws/install/builtin_interfaces:/home/simulations/ros2_sims_ws/install/rosidl_default_runtime:/home/simulations/ros2_sims_ws/install/rosidl_default_generators:/home/simulations/ros2_sims_ws/install/rosidl_generator_rs:/home/user/ros2_ws/install/ur_simulation_gazebo:/home/user/ros2_ws/install/ur3e_moveit_config:/home/user/ros2_ws/install/test_moveit_config:/home/user/ros2_ws/install/test2_moveit_config:/home/user/ros2_ws/install/my_moveit_config:/home/user/ros2_ws/install/my_moveit2_config:/home/user/ros2_ws/install/ur_description:/home/user/ros2_ws/install/the_construct_office_gazebo:/home/user/ros2_ws/install/simple_grasping:/home/user/ros2_ws/install/ros_testing:/home/user/ros2_ws/install/robotnik_sensors_gazebo:/home/user/ros2_ws/install/robotnik_sensors:/home/user/ros2_ws/install/robotiq_85_gripper:/home/user/ros2_ws/install/robotiq_85_msgs:/home/user/ros2_ws/install/robotiq_85_description:/home/user/ros2_ws/install/rg2_gripper_description:/home/user/ros2_ws/install/pilz_industrial_motion_planner_testutils:/home/user/ros2_ws/install/moveit_runtime:/home/user/ros2_ws/install/moveit:/home/user/ros2_ws/install/moveit_planners:/home/user/ros2_ws/install/pilz_industrial_motion_planner:/home/user/ros2_ws/install/moveit_ros_control_interface:/home/user/ros2_ws/install/moveit_plugins:/home/user/ros2_ws/install/moveit_simple_controller_manager:/home/user/ros2_ws/install/moveit_setup_assistant:/home/user/ros2_ws/install/moveit_setup_srdf_plugins:/home/user/ros2_ws/install/moveit_setup_core_plugins:/home/user/ros2_ws/install/moveit_setup_controllers:/home/user/ros2_ws/install/moveit_setup_app_plugins:/home/user/ros2_ws/install/moveit_setup_framework:/home/user/ros2_ws/install/moveit_servo:/home/user/ros2_ws/install/moveit_ros:/home/user/ros2_ws/install/moveit_ros_visualization:/home/user/ros2_ws/install/moveit_hybrid_planning:/home/user/ros2_ws/install/moveit2_scripts:/home/user/ros2_ws/install/moveit_ros_planning_interface:/home/user/ros2_ws/install/moveit_ros_benchmarks:/home/user/ros2_ws/install/moveit_ros_warehouse:/home/user/ros2_ws/install/moveit_ros_robot_interaction:/home/user/ros2_ws/install/moveit_ros_perception:/home/user/ros2_ws/install/moveit_resources_prbt_pg70_support:/home/user/ros2_ws/install/moveit_resources_prbt_moveit_config:/home/user/ros2_ws/install/moveit_ros_move_group:/home/user/ros2_ws/install/moveit_planners_ompl:/home/user/ros2_ws/install/moveit_ros_planning:/home/user/ros2_ws/install/moveit_ros_occupancy_map_monitor:/home/user/ros2_ws/install/moveit_resources_prbt_support:/home/user/ros2_ws/install/moveit_resources_prbt_ikfast_manipulator_plugin:/home/user/ros2_ws/install/moveit_planners_chomp:/home/user/ros2_ws/install/moveit_kinematics:/home/user/ros2_ws/install/moveit_chomp_optimizer_adapter:/home/user/ros2_ws/install/chomp_motion_planner:/home/user/ros2_ws/install/moveit_core:/home/user/ros2_ws/install/gazebo_grasp_plugin_ros:/home/simulations/ros2_sims_ws/install/rclrs_tests:/home/simulations/ros2_sims_ws/install/examples_rclrs_minimal_client_service:/home/simulations/ros2_sims_ws/install/sensor_msgs_py:/home/simulations/ros2_sims_ws/install/examples_rclrs_minimal_pub_sub:/home/simulations/ros2_sims_ws/install/examples_rclrs_message_demo:/home/simulations/ros2_sims_ws/install/rclrs:/home/simulations/ros2_sims_ws/install/rosidl_runtime_rs:/home/user/ros2_ws/install/ros2test:/home/user/ros2_ws/install/robotiq_85_driver:/home/user/ros2_ws/install/moveit_configs_utils:/opt/ros/humble:/home/user/ros2_ws/install/gazebo_grasp_plugin:/home/user/ros2_ws/install/gazebo_version_helpers:/home/user/ros2_ws/install/gazebo_ros2_control_demos:/home/user/ros2_ws/install/gazebo_ros2_control _=/usr/bin/env /usr/bin/cmake --build /home/user/ros2_ws/build/moveit_core -- -j8 -l8
[10.645s] Invoking command in '/home/user/ros2_ws/build/moveit_core': CMAKE_PREFIX_PATH=/home/user/ros2_ws/install/moveit_common:/home/simulations/ros2_sims_ws/install/common_interfaces:/home/simulations/ros2_sims_ws/install/visualization_msgs:/home/simulations/ros2_sims_ws/install/test_msgs:/home/simulations/ros2_sims_ws/install/example_interfaces:/home/simulations/ros2_sims_ws/install/action_msgs:/home/simulations/ros2_sims_ws/install/unique_identifier_msgs:/home/simulations/ros2_sims_ws/install/trajectory_msgs:/home/simulations/ros2_sims_ws/install/test_interface_files:/home/simulations/ros2_sims_ws/install/stereo_msgs:/home/simulations/ros2_sims_ws/install/std_srvs:/home/simulations/ros2_sims_ws/install/shape_msgs:/home/simulations/ros2_sims_ws/install/sensor_msgs:/home/simulations/ros2_sims_ws/install/nav_msgs:/home/simulations/ros2_sims_ws/install/diagnostic_msgs:/home/simulations/ros2_sims_ws/install/geometry_msgs:/home/simulations/ros2_sims_ws/install/actionlib_msgs:/home/simulations/ros2_sims_ws/install/std_msgs:/home/simulations/ros2_sims_ws/install/statistics_msgs:/home/simulations/ros2_sims_ws/install/rosgraph_msgs:/home/simulations/ros2_sims_ws/install/rclrs_example_msgs:/home/simulations/ros2_sims_ws/install/composition_interfaces:/home/simulations/ros2_sims_ws/install/rcl_interfaces:/home/simulations/ros2_sims_ws/install/lifecycle_msgs:/home/simulations/ros2_sims_ws/install/builtin_interfaces:/home/simulations/ros2_sims_ws/install/rosidl_default_runtime:/home/simulations/ros2_sims_ws/install/rosidl_default_generators:/home/simulations/ros2_sims_ws/install/rosidl_generator_rs:/home/user/ros2_ws/install/ur_simulation_gazebo:/home/user/ros2_ws/install/ur3e_moveit_config:/home/user/ros2_ws/install/test_moveit_config:/home/user/ros2_ws/install/test2_moveit_config:/home/user/ros2_ws/install/my_moveit_config:/home/user/ros2_ws/install/my_moveit2_config:/home/user/ros2_ws/install/ur_description:/home/user/ros2_ws/install/the_construct_office_gazebo:/home/user/ros2_ws/install/simple_grasping:/home/user/ros2_ws/install/ros_testing:/home/user/ros2_ws/install/robotnik_sensors_gazebo:/home/user/ros2_ws/install/robotnik_sensors:/home/user/ros2_ws/install/robotiq_85_gripper:/home/user/ros2_ws/install/robotiq_85_msgs:/home/user/ros2_ws/install/robotiq_85_description:/home/user/ros2_ws/install/rg2_gripper_description:/home/user/ros2_ws/install/pilz_industrial_motion_planner_testutils:/home/user/ros2_ws/install/moveit_runtime:/home/user/ros2_ws/install/moveit:/home/user/ros2_ws/install/moveit_planners:/home/user/ros2_ws/install/pilz_industrial_motion_planner:/home/user/ros2_ws/install/moveit_ros_control_interface:/home/user/ros2_ws/install/moveit_plugins:/home/user/ros2_ws/install/moveit_simple_controller_manager:/home/user/ros2_ws/install/moveit_setup_assistant:/home/user/ros2_ws/install/moveit_setup_srdf_plugins:/home/user/ros2_ws/install/moveit_setup_core_plugins:/home/user/ros2_ws/install/moveit_setup_controllers:/home/user/ros2_ws/install/moveit_setup_app_plugins:/home/user/ros2_ws/install/moveit_setup_framework:/home/user/ros2_ws/install/moveit_servo:/home/user/ros2_ws/install/moveit_ros:/home/user/ros2_ws/install/moveit_ros_visualization:/home/user/ros2_ws/install/moveit_hybrid_planning:/home/user/ros2_ws/install/moveit2_scripts:/home/user/ros2_ws/install/moveit_ros_planning_interface:/home/user/ros2_ws/install/moveit_ros_benchmarks:/home/user/ros2_ws/install/moveit_ros_warehouse:/home/user/ros2_ws/install/moveit_ros_robot_interaction:/home/user/ros2_ws/install/moveit_ros_perception:/home/user/ros2_ws/install/moveit_resources_prbt_pg70_support:/home/user/ros2_ws/install/moveit_resources_prbt_moveit_config:/home/user/ros2_ws/install/moveit_ros_move_group:/home/user/ros2_ws/install/moveit_planners_ompl:/home/user/ros2_ws/install/moveit_ros_planning:/home/user/ros2_ws/install/moveit_ros_occupancy_map_monitor:/home/user/ros2_ws/install/moveit_resources_prbt_support:/home/user/ros2_ws/install/moveit_resources_prbt_ikfast_manipulator_plugin:/home/user/ros2_ws/install/moveit_planners_chomp:/home/user/ros2_ws/install/moveit_kinematics:/home/user/ros2_ws/install/moveit_chomp_optimizer_adapter:/home/user/ros2_ws/install/chomp_motion_planner:/home/user/ros2_ws/install/moveit_core:/home/user/ros2_ws/install/gazebo_grasp_plugin_ros:/home/simulations/ros2_sims_ws/install/rclrs_tests:/home/simulations/ros2_sims_ws/install/examples_rclrs_minimal_client_service:/home/simulations/ros2_sims_ws/install/sensor_msgs_py:/home/simulations/ros2_sims_ws/install/examples_rclrs_minimal_pub_sub:/home/simulations/ros2_sims_ws/install/examples_rclrs_message_demo:/home/simulations/ros2_sims_ws/install/rclrs:/home/simulations/ros2_sims_ws/install/rosidl_runtime_rs:/home/user/ros2_ws/install/ros2test:/home/user/ros2_ws/install/robotiq_85_driver:/home/user/ros2_ws/install/moveit_configs_utils:/opt/ros/humble:/home/user/ros2_ws/install/gazebo_grasp_plugin:/home/user/ros2_ws/install/gazebo_version_helpers:/home/user/ros2_ws/install/gazebo_ros2_control_demos:/home/user/ros2_ws/install/gazebo_ros2_control _=/usr/bin/env /usr/bin/cmake --install /home/user/ros2_ws/build/moveit_core
[10.678s] -- Install configuration: "Release"
[10.678s] -- Up-to-date: /home/user/ros2_ws/install/moveit_core/include/moveit/version.h
[10.679s] -- Up-to-date: /home/user/ros2_ws/install/moveit_core/include
[10.679s] -- Up-to-date: /home/user/ros2_ws/install/moveit_core/include/moveit
[10.679s] -- Up-to-date: /home/user/ros2_ws/install/moveit_core/include/moveit/collision_distance_field
[10.679s] -- Up-to-date: /home/user/ros2_ws/install/moveit_core/include/moveit/collision_distance_field/collision_detector_allocator_hybrid.h
[10.679s] -- Up-to-date: /home/user/ros2_ws/install/moveit_core/include/moveit/collision_distance_field/collision_common_distance_field.h
[10.680s] -- Up-to-date: /home/user/ros2_ws/install/moveit_core/include/moveit/collision_distance_field/collision_env_distance_field.h
[10.680s] -- Up-to-date: /home/user/ros2_ws/install/moveit_core/include/moveit/collision_distance_field/collision_detector_allocator_distance_field.h
[10.680s] -- Up-to-date: /home/user/ros2_ws/install/moveit_core/include/moveit/collision_distance_field/collision_distance_field_types.h
[10.681s] -- Up-to-date: /home/user/ros2_ws/install/moveit_core/include/moveit/collision_distance_field/collision_env_hybrid.h
[10.681s] -- Up-to-date: /home/user/ros2_ws/install/moveit_core/include/moveit_collision_distance_field_export.h
[10.681s] -- Up-to-date: /home/user/ros2_ws/install/moveit_core/include
[10.681s] -- Up-to-date: /home/user/ros2_ws/install/moveit_core/include/moveit
[10.681s] -- Up-to-date: /home/user/ros2_ws/install/moveit_core/include/moveit/constraint_samplers
[10.681s] -- Up-to-date: /home/user/ros2_ws/install/moveit_core/include/moveit/constraint_samplers/constraint_sampler_allocator.h
[10.681s] -- Up-to-date: /home/user/ros2_ws/install/moveit_core/include/moveit/constraint_samplers/default_constraint_samplers.h
[10.682s] -- Up-to-date: /home/user/ros2_ws/install/moveit_core/include/moveit/constraint_samplers/constraint_sampler.h
[10.682s] -- Up-to-date: /home/user/ros2_ws/install/moveit_core/include/moveit/constraint_samplers/constraint_sampler_tools.h
[10.682s] -- Up-to-date: /home/user/ros2_ws/install/moveit_core/include/moveit/constraint_samplers/union_constraint_sampler.h
[10.682s] -- Up-to-date: /home/user/ros2_ws/install/moveit_core/include/moveit/constraint_samplers/constraint_sampler_manager.h
[10.683s] -- Up-to-date: /home/user/ros2_ws/install/moveit_core/include
[10.684s] -- Up-to-date: /home/user/ros2_ws/install/moveit_core/include/moveit
[10.684s] -- Up-to-date: /home/user/ros2_ws/install/moveit_core/include/moveit/controller_manager
[10.684s] -- Up-to-date: /home/user/ros2_ws/install/moveit_core/include/moveit/controller_manager/controller_manager.h
[10.685s] -- Up-to-date: /home/user/ros2_ws/install/moveit_core/include
[10.685s] -- Up-to-date: /home/user/ros2_ws/install/moveit_core/include/moveit
[10.685s] -- Up-to-date: /home/user/ros2_ws/install/moveit_core/include/moveit/distance_field
[10.685s] -- Up-to-date: /home/user/ros2_ws/install/moveit_core/include/moveit/distance_field/voxel_grid.h
[10.685s] -- Up-to-date: /home/user/ros2_ws/install/moveit_core/include/moveit/distance_field/distance_field.h
[10.686s] -- Up-to-date: /home/user/ros2_ws/install/moveit_core/include/moveit/distance_field/propagation_distance_field.h
[10.686s] -- Up-to-date: /home/user/ros2_ws/install/moveit_core/include/moveit/distance_field/find_internal_points.h
[10.686s] -- Up-to-date: /home/user/ros2_ws/install/moveit_core/include
[10.686s] -- Up-to-date: /home/user/ros2_ws/install/moveit_core/include/moveit
[10.686s] -- Up-to-date: /home/user/ros2_ws/install/moveit_core/include/moveit/dynamics_solver
[10.687s] -- Up-to-date: /home/user/ros2_ws/install/moveit_core/include/moveit/dynamics_solver/dynamics_solver.h
[10.687s] -- Up-to-date: /home/user/ros2_ws/install/moveit_core/include
[10.687s] -- Up-to-date: /home/user/ros2_ws/install/moveit_core/include/moveit
[10.687s] -- Up-to-date: /home/user/ros2_ws/install/moveit_core/include/moveit/exceptions
[10.687s] -- Up-to-date: /home/user/ros2_ws/install/moveit_core/include/moveit/exceptions/exceptions.h
[10.688s] -- Up-to-date: /home/user/ros2_ws/install/moveit_core/include
[10.688s] -- Up-to-date: /home/user/ros2_ws/install/moveit_core/include/moveit
[10.688s] -- Up-to-date: /home/user/ros2_ws/install/moveit_core/include/moveit/kinematics_base
[10.688s] -- Up-to-date: /home/user/ros2_ws/install/moveit_core/include/moveit/kinematics_base/kinematics_base.h
[10.688s] -- Up-to-date: /home/user/ros2_ws/install/moveit_core/include/moveit_kinematics_base_export.h
[10.688s] -- Up-to-date: /home/user/ros2_ws/install/moveit_core/include
[10.689s] -- Up-to-date: /home/user/ros2_ws/install/moveit_core/include/moveit
[10.689s] -- Up-to-date: /home/user/ros2_ws/install/moveit_core/include/moveit/kinematic_constraints
[10.698s] -- Up-to-date: /home/user/ros2_ws/install/moveit_core/include/moveit/kinematic_constraints/utils.h
[10.698s] -- Up-to-date: /home/user/ros2_ws/install/moveit_core/include/moveit/kinematic_constraints/kinematic_constraint.h
[10.698s] -- Up-to-date: /home/user/ros2_ws/install/moveit_core/include
[10.700s] -- Up-to-date: /home/user/ros2_ws/install/moveit_core/include/moveit
[10.700s] -- Up-to-date: /home/user/ros2_ws/install/moveit_core/include/moveit/kinematics_metrics
[10.700s] -- Up-to-date: /home/user/ros2_ws/install/moveit_core/include/moveit/kinematics_metrics/kinematics_metrics.h
[10.701s] -- Up-to-date: /home/user/ros2_ws/install/moveit_core/include
[10.701s] -- Up-to-date: /home/user/ros2_ws/install/moveit_core/include/moveit
[10.701s] -- Up-to-date: /home/user/ros2_ws/install/moveit_core/include/moveit/macros
[10.701s] -- Up-to-date: /home/user/ros2_ws/install/moveit_core/include/moveit/macros/class_forward.h
[10.701s] -- Up-to-date: /home/user/ros2_ws/install/moveit_core/include/moveit/macros/console_colors.h
[10.702s] -- Up-to-date: /home/user/ros2_ws/install/moveit_core/include/moveit/macros/declare_ptr.h
[10.702s] -- Up-to-date: /home/user/ros2_ws/install/moveit_core/include/moveit/macros/deprecation.h
[10.702s] -- Up-to-date: /home/user/ros2_ws/install/moveit_core/include/moveit_butterworth_parameters
[10.702s] -- Up-to-date: /home/user/ros2_ws/install/moveit_core/include/moveit_butterworth_parameters/moveit_butterworth_parameters.hpp
[10.702s] -- Up-to-date: /home/user/ros2_ws/install/moveit_core/include
[10.703s] -- Up-to-date: /home/user/ros2_ws/install/moveit_core/include/moveit
[10.703s] -- Up-to-date: /home/user/ros2_ws/install/moveit_core/include/moveit/online_signal_smoothing
[10.703s] -- Up-to-date: /home/user/ros2_ws/install/moveit_core/include/moveit/online_signal_smoothing/butterworth_filter.h
[10.704s] -- Up-to-date: /home/user/ros2_ws/install/moveit_core/include/moveit/online_signal_smoothing/smoothing_base_class.h
[10.705s] -- Up-to-date: /home/user/ros2_ws/install/moveit_core/include/moveit_smoothing_base_export.h
[10.705s] -- Up-to-date: /home/user/ros2_ws/install/moveit_core/include/moveit_butterworth_filter_export.h
[10.705s] -- Up-to-date: /home/user/ros2_ws/install/moveit_core/include
[10.705s] -- Up-to-date: /home/user/ros2_ws/install/moveit_core/include/moveit
[10.705s] -- Up-to-date: /home/user/ros2_ws/install/moveit_core/include/moveit/planning_interface
[10.705s] -- Up-to-date: /home/user/ros2_ws/install/moveit_core/include/moveit/planning_interface/planning_request.h
[10.705s] -- Up-to-date: /home/user/ros2_ws/install/moveit_core/include/moveit/planning_interface/planning_interface.h
[10.705s] -- Up-to-date: /home/user/ros2_ws/install/moveit_core/include/moveit/planning_interface/planning_response.h
[10.706s] -- Up-to-date: /home/user/ros2_ws/install/moveit_core/include
[10.706s] -- Up-to-date: /home/user/ros2_ws/install/moveit_core/include/moveit
[10.706s] -- Up-to-date: /home/user/ros2_ws/install/moveit_core/include/moveit/planning_request_adapter
[10.706s] -- Up-to-date: /home/user/ros2_ws/install/moveit_core/include/moveit/planning_request_adapter/planning_request_adapter.h
[10.706s] -- Up-to-date: /home/user/ros2_ws/install/moveit_core/include
[10.706s] -- Up-to-date: /home/user/ros2_ws/install/moveit_core/include/moveit
[10.706s] -- Up-to-date: /home/user/ros2_ws/install/moveit_core/include/moveit/planning_scene
[10.707s] -- Up-to-date: /home/user/ros2_ws/install/moveit_core/include/moveit/planning_scene/planning_scene.h
[10.707s] -- Up-to-date: /home/user/ros2_ws/install/moveit_core/include/moveit_planning_scene_export.h
[10.707s] -- Up-to-date: /home/user/ros2_ws/install/moveit_core/include
[10.707s] -- Up-to-date: /home/user/ros2_ws/install/moveit_core/include/moveit
[10.707s] -- Up-to-date: /home/user/ros2_ws/install/moveit_core/include/moveit/robot_model
[10.707s] -- Up-to-date: /home/user/ros2_ws/install/moveit_core/include/moveit/robot_model/fixed_joint_model.h
[10.707s] -- Up-to-date: /home/user/ros2_ws/install/moveit_core/include/moveit/robot_model/link_model.h
[10.707s] -- Up-to-date: /home/user/ros2_ws/install/moveit_core/include/moveit/robot_model/joint_model.h
[10.708s] -- Up-to-date: /home/user/ros2_ws/install/moveit_core/include/moveit/robot_model/floating_joint_model.h
[10.708s] -- Up-to-date: /home/user/ros2_ws/install/moveit_core/include/moveit/robot_model/planar_joint_model.h
[10.708s] -- Up-to-date: /home/user/ros2_ws/install/moveit_core/include/moveit/robot_model/prismatic_joint_model.h
[10.708s] -- Up-to-date: /home/user/ros2_ws/install/moveit_core/include/moveit/robot_model/robot_model.h
[10.708s] -- Up-to-date: /home/user/ros2_ws/install/moveit_core/include/moveit/robot_model/joint_model_group.h
[10.708s] -- Up-to-date: /home/user/ros2_ws/install/moveit_core/include/moveit/robot_model/revolute_joint_model.h
[10.709s] -- Up-to-date: /home/user/ros2_ws/install/moveit_core/include/moveit/robot_model/aabb.h
[10.709s] -- Up-to-date: /home/user/ros2_ws/install/moveit_core/include
[10.709s] -- Up-to-date: /home/user/ros2_ws/install/moveit_core/include/moveit
[10.709s] -- Up-to-date: /home/user/ros2_ws/install/moveit_core/include/moveit/robot_state
[10.710s] -- Up-to-date: /home/user/ros2_ws/install/moveit_core/include/moveit/robot_state/attached_body.h
[10.710s] -- Up-to-date: /home/user/ros2_ws/install/moveit_core/include/moveit/robot_state/conversions.h
[10.710s] -- Up-to-date: /home/user/ros2_ws/install/moveit_core/include/moveit/robot_state/robot_state.h
[10.710s] -- Up-to-date: /home/user/ros2_ws/install/moveit_core/include/moveit/robot_state/cartesian_interpolator.h
[10.710s] -- Up-to-date: /home/user/ros2_ws/install/moveit_core/include
[10.710s] -- Up-to-date: /home/user/ros2_ws/install/moveit_core/include/moveit
[10.710s] -- Up-to-date: /home/user/ros2_ws/install/moveit_core/include/moveit/robot_trajectory
[10.711s] -- Up-to-date: /home/user/ros2_ws/install/moveit_core/include/moveit/robot_trajectory/robot_trajectory.h
[10.711s] -- Up-to-date: /home/user/ros2_ws/install/moveit_core/include
[10.711s] -- Up-to-date: /home/user/ros2_ws/install/moveit_core/include/moveit
[10.711s] -- Up-to-date: /home/user/ros2_ws/install/moveit_core/include/moveit/sensor_manager
[10.711s] -- Up-to-date: /home/user/ros2_ws/install/moveit_core/include/moveit/sensor_manager/sensor_manager.h
[10.712s] -- Up-to-date: /home/user/ros2_ws/install/moveit_core/include
[10.712s] -- Up-to-date: /home/user/ros2_ws/install/moveit_core/include/moveit
[10.712s] -- Up-to-date: /home/user/ros2_ws/install/moveit_core/include/moveit/trajectory_processing
[10.712s] -- Up-to-date: /home/user/ros2_ws/install/moveit_core/include/moveit/trajectory_processing/ruckig_traj_smoothing.h
[10.712s] -- Up-to-date: /home/user/ros2_ws/install/moveit_core/include/moveit/trajectory_processing/iterative_spline_parameterization.h
[10.712s] -- Up-to-date: /home/user/ros2_ws/install/moveit_core/include/moveit/trajectory_processing/iterative_time_parameterization.h
[10.713s] -- Up-to-date: /home/user/ros2_ws/install/moveit_core/include/moveit/trajectory_processing/time_optimal_trajectory_generation.h
[10.713s] -- Up-to-date: /home/user/ros2_ws/install/moveit_core/include/moveit/trajectory_processing/time_parameterization.h
[10.713s] -- Up-to-date: /home/user/ros2_ws/install/moveit_core/include/moveit/trajectory_processing/trajectory_tools.h
[10.713s] -- Up-to-date: /home/user/ros2_ws/install/moveit_core/include
[10.713s] -- Up-to-date: /home/user/ros2_ws/install/moveit_core/include/moveit
[10.713s] -- Up-to-date: /home/user/ros2_ws/install/moveit_core/include/moveit/transforms
[10.713s] -- Up-to-date: /home/user/ros2_ws/install/moveit_core/include/moveit/transforms/transforms.h
[10.713s] -- Up-to-date: /home/user/ros2_ws/install/moveit_core/include
[10.713s] -- Up-to-date: /home/user/ros2_ws/install/moveit_core/include/moveit
[10.714s] -- Up-to-date: /home/user/ros2_ws/install/moveit_core/include/moveit/utils
[10.714s] -- Up-to-date: /home/user/ros2_ws/install/moveit_core/include/moveit/utils/robot_model_test_utils.h
[10.714s] -- Up-to-date: /home/user/ros2_ws/install/moveit_core/include/moveit/utils/lexical_casts.h
[10.714s] -- Up-to-date: /home/user/ros2_ws/install/moveit_core/include/moveit/utils/rclcpp_utils.h
[10.714s] -- Up-to-date: /home/user/ros2_ws/install/moveit_core/include/moveit/utils/message_checks.h
[10.714s] -- Up-to-date: /home/user/ros2_ws/install/moveit_core/include/moveit/utils/moveit_error_code.h
[10.714s] -- Up-to-date: /home/user/ros2_ws/install/moveit_core/bin/moveit_version
[10.714s] -- Up-to-date: /home/user/ros2_ws/install/moveit_core/include
[10.715s] -- Up-to-date: /home/user/ros2_ws/install/moveit_core/include/moveit
[10.715s] -- Up-to-date: /home/user/ros2_ws/install/moveit_core/include/moveit/collision_detection
[10.715s] -- Up-to-date: /home/user/ros2_ws/install/moveit_core/include/moveit/collision_detection/collision_common.h
[10.715s] -- Up-to-date: /home/user/ros2_ws/install/moveit_core/include/moveit/collision_detection/collision_env.h
[10.715s] -- Up-to-date: /home/user/ros2_ws/install/moveit_core/include/moveit/collision_detection/allvalid
[10.715s] -- Up-to-date: /home/user/ros2_ws/install/moveit_core/include/moveit/collision_detection/allvalid/collision_env_allvalid.h
[10.716s] -- Up-to-date: /home/user/ros2_ws/install/moveit_core/include/moveit/collision_detection/allvalid/collision_detector_allocator_allvalid.h
[10.716s] -- Up-to-date: /home/user/ros2_ws/install/moveit_core/include/moveit/collision_detection/collision_matrix.h
[10.716s] -- Up-to-date: /home/user/ros2_ws/install/moveit_core/include/moveit/collision_detection/collision_plugin_cache.h
[10.716s] -- Up-to-date: /home/user/ros2_ws/install/moveit_core/include/moveit/collision_detection/collision_detector_allocator.h
[10.716s] -- Up-to-date: /home/user/ros2_ws/install/moveit_core/include/moveit/collision_detection/collision_tools.h
[10.716s] -- Up-to-date: /home/user/ros2_ws/install/moveit_core/include/moveit/collision_detection/world.h
[10.717s] -- Up-to-date: /home/user/ros2_ws/install/moveit_core/include/moveit/collision_detection/collision_plugin.h
[10.717s] -- Up-to-date: /home/user/ros2_ws/install/moveit_core/include/moveit/collision_detection/collision_octomap_filter.h
[10.717s] -- Up-to-date: /home/user/ros2_ws/install/moveit_core/include/moveit/collision_detection/test_collision_common_pr2.h
[10.717s] -- Up-to-date: /home/user/ros2_ws/install/moveit_core/include/moveit/collision_detection/world_diff.h
[10.717s] -- Up-to-date: /home/user/ros2_ws/install/moveit_core/include/moveit/collision_detection/test_collision_common_panda.h
[10.717s] -- Up-to-date: /home/user/ros2_ws/install/moveit_core/include/moveit/collision_detection/occupancy_map.h
[10.718s] -- Up-to-date: /home/user/ros2_ws/install/moveit_core/include/moveit_collision_detection_export.h
[10.718s] -- Up-to-date: /home/user/ros2_ws/install/moveit_core/include/moveit_core
[10.718s] -- Up-to-date: /home/user/ros2_ws/install/moveit_core/include/moveit_core/moveit
[10.718s] -- Up-to-date: /home/user/ros2_ws/install/moveit_core/include/moveit_core/moveit/collision_detection_bullet
[10.718s] -- Up-to-date: /home/user/ros2_ws/install/moveit_core/include/moveit_core/moveit/collision_detection_bullet/collision_env_bullet.h
[10.718s] -- Up-to-date: /home/user/ros2_ws/install/moveit_core/include/moveit_core/moveit/collision_detection_bullet/bullet_integration
[10.718s] -- Up-to-date: /home/user/ros2_ws/install/moveit_core/include/moveit_core/moveit/collision_detection_bullet/bullet_integration/bullet_discrete_bvh_manager.h
[10.718s] -- Up-to-date: /home/user/ros2_ws/install/moveit_core/include/moveit_core/moveit/collision_detection_bullet/bullet_integration/bullet_utils.h
[10.719s] -- Up-to-date: /home/user/ros2_ws/install/moveit_core/include/moveit_core/moveit/collision_detection_bullet/bullet_integration/contact_checker_common.h
[10.719s] -- Up-to-date: /home/user/ros2_ws/install/moveit_core/include/moveit_core/moveit/collision_detection_bullet/bullet_integration/basic_types.h
[10.719s] -- Up-to-date: /home/user/ros2_ws/install/moveit_core/include/moveit_core/moveit/collision_detection_bullet/bullet_integration/bullet_cast_bvh_manager.h
[10.719s] -- Up-to-date: /home/user/ros2_ws/install/moveit_core/include/moveit_core/moveit/collision_detection_bullet/bullet_integration/bullet_bvh_manager.h
[10.719s] -- Up-to-date: /home/user/ros2_ws/install/moveit_core/include/moveit_core/moveit/collision_detection_bullet/bullet_integration/ros_bullet_utils.h
[10.719s] -- Up-to-date: /home/user/ros2_ws/install/moveit_core/include/moveit_core/moveit/collision_detection_bullet/collision_detector_allocator_bullet.h
[10.720s] -- Up-to-date: /home/user/ros2_ws/install/moveit_core/include/moveit_core/moveit/collision_detection_bullet/collision_detector_bullet_plugin_loader.h
[10.720s] -- Up-to-date: /home/user/ros2_ws/install/moveit_core/include/moveit_core/moveit_collision_detection_bullet_export.h
[10.720s] -- Up-to-date: /home/user/ros2_ws/install/moveit_core/include
[10.720s] -- Up-to-date: /home/user/ros2_ws/install/moveit_core/include/moveit
[10.720s] -- Up-to-date: /home/user/ros2_ws/install/moveit_core/include/moveit/collision_detection_fcl
[10.720s] -- Up-to-date: /home/user/ros2_ws/install/moveit_core/include/moveit/collision_detection_fcl/collision_common.h
[10.721s] -- Up-to-date: /home/user/ros2_ws/install/moveit_core/include/moveit/collision_detection_fcl/collision_detector_fcl_plugin_loader.h
[10.721s] -- Up-to-date: /home/user/ros2_ws/install/moveit_core/include/moveit/collision_detection_fcl/collision_detector_allocator_fcl.h
[10.721s] -- Up-to-date: /home/user/ros2_ws/install/moveit_core/include/moveit/collision_detection_fcl/fcl_compat.h
[10.721s] -- Up-to-date: /home/user/ros2_ws/install/moveit_core/include/moveit/collision_detection_fcl/collision_env_fcl.h
[10.721s] -- Up-to-date: /home/user/ros2_ws/install/moveit_core/include/moveit_collision_detection_fcl_export.h
[10.721s] -- Up-to-date: /home/user/ros2_ws/install/moveit_core/lib/libcollision_detector_bullet_plugin.so.2.5.4
[10.722s] -- Up-to-date: /home/user/ros2_ws/install/moveit_core/lib/libcollision_detector_bullet_plugin.so
[10.722s] -- Up-to-date: /home/user/ros2_ws/install/moveit_core/lib/libmoveit_butterworth_filter.so.2.5.4
[10.722s] -- Up-to-date: /home/user/ros2_ws/install/moveit_core/lib/libmoveit_butterworth_filter.so
[10.722s] -- Up-to-date: /home/user/ros2_ws/install/moveit_core/lib/libmoveit_collision_distance_field.so.2.5.4
[10.722s] -- Up-to-date: /home/user/ros2_ws/install/moveit_core/lib/libmoveit_collision_distance_field.so
[10.722s] -- Up-to-date: /home/user/ros2_ws/install/moveit_core/lib/libmoveit_collision_detection.so.2.5.4
[10.722s] -- Up-to-date: /home/user/ros2_ws/install/moveit_core/lib/libmoveit_collision_detection.so
[10.723s] -- Up-to-date: /home/user/ros2_ws/install/moveit_core/lib/libmoveit_collision_detection_fcl.so.2.5.4
[10.723s] -- Up-to-date: /home/user/ros2_ws/install/moveit_core/lib/libmoveit_collision_detection_fcl.so
[10.723s] -- Up-to-date: /home/user/ros2_ws/install/moveit_core/lib/libmoveit_collision_detection_bullet.so.2.5.4
[10.723s] -- Up-to-date: /home/user/ros2_ws/install/moveit_core/lib/libmoveit_collision_detection_bullet.so
[10.723s] -- Up-to-date: /home/user/ros2_ws/install/moveit_core/lib/libmoveit_dynamics_solver.so.2.5.4
[10.724s] -- Up-to-date: /home/user/ros2_ws/install/moveit_core/lib/libmoveit_dynamics_solver.so
[10.724s] -- Up-to-date: /home/user/ros2_ws/install/moveit_core/lib/libmoveit_constraint_samplers.so.2.5.4
[10.724s] -- Up-to-date: /home/user/ros2_ws/install/moveit_core/lib/libmoveit_constraint_samplers.so
[10.724s] -- Up-to-date: /home/user/ros2_ws/install/moveit_core/lib/libmoveit_distance_field.so.2.5.4
[10.724s] -- Up-to-date: /home/user/ros2_ws/install/moveit_core/lib/libmoveit_distance_field.so
[10.725s] -- Up-to-date: /home/user/ros2_ws/install/moveit_core/lib/libmoveit_exceptions.so.2.5.4
[10.725s] -- Up-to-date: /home/user/ros2_ws/install/moveit_core/lib/libmoveit_exceptions.so
[10.725s] -- Up-to-date: /home/user/ros2_ws/install/moveit_core/lib/libmoveit_kinematics_base.so
[10.725s] -- Up-to-date: /home/user/ros2_ws/install/moveit_core/lib/libmoveit_kinematic_constraints.so.2.5.4
[10.725s] -- Up-to-date: /home/user/ros2_ws/install/moveit_core/lib/libmoveit_kinematic_constraints.so
[10.725s] -- Up-to-date: /home/user/ros2_ws/install/moveit_core/lib/libmoveit_kinematics_metrics.so.2.5.4
[10.726s] -- Up-to-date: /home/user/ros2_ws/install/moveit_core/lib/libmoveit_kinematics_metrics.so
[10.726s] -- Up-to-date: /home/user/ros2_ws/install/moveit_core/lib/libmoveit_planning_interface.so.2.5.4
[10.726s] -- Up-to-date: /home/user/ros2_ws/install/moveit_core/lib/libmoveit_planning_interface.so
[10.726s] -- Up-to-date: /home/user/ros2_ws/install/moveit_core/lib/libmoveit_planning_scene.so.2.5.4
[10.726s] -- Up-to-date: /home/user/ros2_ws/install/moveit_core/lib/libmoveit_planning_scene.so
[10.727s] -- Up-to-date: /home/user/ros2_ws/install/moveit_core/lib/libmoveit_planning_request_adapter.so.2.5.4
[10.727s] -- Up-to-date: /home/user/ros2_ws/install/moveit_core/lib/libmoveit_planning_request_adapter.so
[10.727s] -- Up-to-date: /home/user/ros2_ws/install/moveit_core/lib/libmoveit_robot_model.so.2.5.4
[10.727s] -- Up-to-date: /home/user/ros2_ws/install/moveit_core/lib/libmoveit_robot_model.so
[10.728s] -- Up-to-date: /home/user/ros2_ws/install/moveit_core/lib/libmoveit_robot_state.so.2.5.4
[10.728s] -- Up-to-date: /home/user/ros2_ws/install/moveit_core/lib/libmoveit_robot_state.so
[10.728s] -- Up-to-date: /home/user/ros2_ws/install/moveit_core/lib/libmoveit_robot_trajectory.so.2.5.4
[10.728s] -- Up-to-date: /home/user/ros2_ws/install/moveit_core/lib/libmoveit_robot_trajectory.so
[10.729s] -- Up-to-date: /home/user/ros2_ws/install/moveit_core/lib/libmoveit_smoothing_base.so.2.5.4
[10.729s] -- Up-to-date: /home/user/ros2_ws/install/moveit_core/lib/libmoveit_smoothing_base.so
[10.729s] -- Up-to-date: /home/user/ros2_ws/install/moveit_core/lib/libmoveit_test_utils.so.2.5.4
[10.729s] -- Up-to-date: /home/user/ros2_ws/install/moveit_core/lib/libmoveit_test_utils.so
[10.729s] -- Up-to-date: /home/user/ros2_ws/install/moveit_core/lib/libmoveit_trajectory_processing.so.2.5.4
[10.729s] -- Up-to-date: /home/user/ros2_ws/install/moveit_core/lib/libmoveit_trajectory_processing.so
[10.729s] -- Up-to-date: /home/user/ros2_ws/install/moveit_core/lib/libmoveit_transforms.so.2.5.4
[10.730s] -- Up-to-date: /home/user/ros2_ws/install/moveit_core/lib/libmoveit_transforms.so
[10.730s] -- Up-to-date: /home/user/ros2_ws/install/moveit_core/lib/libmoveit_utils.so.2.5.4
[10.730s] -- Up-to-date: /home/user/ros2_ws/install/moveit_core/lib/libmoveit_utils.so
[10.730s] -- Up-to-date: /home/user/ros2_ws/install/moveit_core/share/moveit_core/environment/library_path.sh
[10.730s] -- Up-to-date: /home/user/ros2_ws/install/moveit_core/share/moveit_core/environment/library_path.dsv
[10.730s] -- Up-to-date: /home/user/ros2_ws/install/moveit_core/share/moveit_core/collision_detector_fcl_description.xml
[10.730s] -- Up-to-date: /home/user/ros2_ws/install/moveit_core/share/moveit_core/collision_detector_bullet_description.xml
[10.731s] -- Up-to-date: /home/user/ros2_ws/install/moveit_core/share/moveit_core/filter_plugin_butterworth.xml
[10.731s] -- Up-to-date: /home/user/ros2_ws/install/moveit_core/share/ament_index/resource_index/package_run_dependencies/moveit_core
[10.731s] -- Up-to-date: /home/user/ros2_ws/install/moveit_core/share/ament_index/resource_index/parent_prefix_path/moveit_core
[10.731s] -- Up-to-date: /home/user/ros2_ws/install/moveit_core/share/moveit_core/environment/ament_prefix_path.sh
[10.731s] -- Up-to-date: /home/user/ros2_ws/install/moveit_core/share/moveit_core/environment/ament_prefix_path.dsv
[10.732s] -- Up-to-date: /home/user/ros2_ws/install/moveit_core/share/moveit_core/environment/path.sh
[10.732s] -- Up-to-date: /home/user/ros2_ws/install/moveit_core/share/moveit_core/environment/path.dsv
[10.732s] -- Up-to-date: /home/user/ros2_ws/install/moveit_core/share/moveit_core/local_setup.bash
[10.732s] -- Up-to-date: /home/user/ros2_ws/install/moveit_core/share/moveit_core/local_setup.sh
[10.732s] -- Up-to-date: /home/user/ros2_ws/install/moveit_core/share/moveit_core/local_setup.zsh
[10.732s] -- Up-to-date: /home/user/ros2_ws/install/moveit_core/share/moveit_core/local_setup.dsv
[10.733s] -- Installing: /home/user/ros2_ws/install/moveit_core/share/moveit_core/package.dsv
[10.733s] -- Up-to-date: /home/user/ros2_ws/install/moveit_core/share/ament_index/resource_index/packages/moveit_core
[10.733s] -- Up-to-date: /home/user/ros2_ws/install/moveit_core/share/ament_index/resource_index/moveit_core__pluginlib__plugin/moveit_core
[10.733s] -- Up-to-date: /home/user/ros2_ws/install/moveit_core/share/moveit_core/cmake/export_moveit_coreExport.cmake
[10.733s] -- Up-to-date: /home/user/ros2_ws/install/moveit_core/share/moveit_core/cmake/export_moveit_coreExport-release.cmake
[10.733s] -- Up-to-date: /home/user/ros2_ws/install/moveit_core/share/moveit_core/cmake/ConfigExtras.cmake
[10.733s] -- Up-to-date: /home/user/ros2_ws/install/moveit_core/share/moveit_core/cmake/ament_cmake_export_targets-extras.cmake
[10.733s] -- Up-to-date: /home/user/ros2_ws/install/moveit_core/share/moveit_core/cmake/ament_cmake_export_dependencies-extras.cmake
[10.734s] -- Up-to-date: /home/user/ros2_ws/install/moveit_core/share/moveit_core/cmake/moveit_coreConfig.cmake
[10.734s] -- Up-to-date: /home/user/ros2_ws/install/moveit_core/share/moveit_core/cmake/moveit_coreConfig-version.cmake
[10.734s] -- Up-to-date: /home/user/ros2_ws/install/moveit_core/share/moveit_core/package.xml
[10.748s] Invoked command in '/home/user/ros2_ws/build/moveit_core' returned '0': CMAKE_PREFIX_PATH=/home/user/ros2_ws/install/moveit_common:/home/simulations/ros2_sims_ws/install/common_interfaces:/home/simulations/ros2_sims_ws/install/visualization_msgs:/home/simulations/ros2_sims_ws/install/test_msgs:/home/simulations/ros2_sims_ws/install/example_interfaces:/home/simulations/ros2_sims_ws/install/action_msgs:/home/simulations/ros2_sims_ws/install/unique_identifier_msgs:/home/simulations/ros2_sims_ws/install/trajectory_msgs:/home/simulations/ros2_sims_ws/install/test_interface_files:/home/simulations/ros2_sims_ws/install/stereo_msgs:/home/simulations/ros2_sims_ws/install/std_srvs:/home/simulations/ros2_sims_ws/install/shape_msgs:/home/simulations/ros2_sims_ws/install/sensor_msgs:/home/simulations/ros2_sims_ws/install/nav_msgs:/home/simulations/ros2_sims_ws/install/diagnostic_msgs:/home/simulations/ros2_sims_ws/install/geometry_msgs:/home/simulations/ros2_sims_ws/install/actionlib_msgs:/home/simulations/ros2_sims_ws/install/std_msgs:/home/simulations/ros2_sims_ws/install/statistics_msgs:/home/simulations/ros2_sims_ws/install/rosgraph_msgs:/home/simulations/ros2_sims_ws/install/rclrs_example_msgs:/home/simulations/ros2_sims_ws/install/composition_interfaces:/home/simulations/ros2_sims_ws/install/rcl_interfaces:/home/simulations/ros2_sims_ws/install/lifecycle_msgs:/home/simulations/ros2_sims_ws/install/builtin_interfaces:/home/simulations/ros2_sims_ws/install/rosidl_default_runtime:/home/simulations/ros2_sims_ws/install/rosidl_default_generators:/home/simulations/ros2_sims_ws/install/rosidl_generator_rs:/home/user/ros2_ws/install/ur_simulation_gazebo:/home/user/ros2_ws/install/ur3e_moveit_config:/home/user/ros2_ws/install/test_moveit_config:/home/user/ros2_ws/install/test2_moveit_config:/home/user/ros2_ws/install/my_moveit_config:/home/user/ros2_ws/install/my_moveit2_config:/home/user/ros2_ws/install/ur_description:/home/user/ros2_ws/install/the_construct_office_gazebo:/home/user/ros2_ws/install/simple_grasping:/home/user/ros2_ws/install/ros_testing:/home/user/ros2_ws/install/robotnik_sensors_gazebo:/home/user/ros2_ws/install/robotnik_sensors:/home/user/ros2_ws/install/robotiq_85_gripper:/home/user/ros2_ws/install/robotiq_85_msgs:/home/user/ros2_ws/install/robotiq_85_description:/home/user/ros2_ws/install/rg2_gripper_description:/home/user/ros2_ws/install/pilz_industrial_motion_planner_testutils:/home/user/ros2_ws/install/moveit_runtime:/home/user/ros2_ws/install/moveit:/home/user/ros2_ws/install/moveit_planners:/home/user/ros2_ws/install/pilz_industrial_motion_planner:/home/user/ros2_ws/install/moveit_ros_control_interface:/home/user/ros2_ws/install/moveit_plugins:/home/user/ros2_ws/install/moveit_simple_controller_manager:/home/user/ros2_ws/install/moveit_setup_assistant:/home/user/ros2_ws/install/moveit_setup_srdf_plugins:/home/user/ros2_ws/install/moveit_setup_core_plugins:/home/user/ros2_ws/install/moveit_setup_controllers:/home/user/ros2_ws/install/moveit_setup_app_plugins:/home/user/ros2_ws/install/moveit_setup_framework:/home/user/ros2_ws/install/moveit_servo:/home/user/ros2_ws/install/moveit_ros:/home/user/ros2_ws/install/moveit_ros_visualization:/home/user/ros2_ws/install/moveit_hybrid_planning:/home/user/ros2_ws/install/moveit2_scripts:/home/user/ros2_ws/install/moveit_ros_planning_interface:/home/user/ros2_ws/install/moveit_ros_benchmarks:/home/user/ros2_ws/install/moveit_ros_warehouse:/home/user/ros2_ws/install/moveit_ros_robot_interaction:/home/user/ros2_ws/install/moveit_ros_perception:/home/user/ros2_ws/install/moveit_resources_prbt_pg70_support:/home/user/ros2_ws/install/moveit_resources_prbt_moveit_config:/home/user/ros2_ws/install/moveit_ros_move_group:/home/user/ros2_ws/install/moveit_planners_ompl:/home/user/ros2_ws/install/moveit_ros_planning:/home/user/ros2_ws/install/moveit_ros_occupancy_map_monitor:/home/user/ros2_ws/install/moveit_resources_prbt_support:/home/user/ros2_ws/install/moveit_resources_prbt_ikfast_manipulator_plugin:/home/user/ros2_ws/install/moveit_planners_chomp:/home/user/ros2_ws/install/moveit_kinematics:/home/user/ros2_ws/install/moveit_chomp_optimizer_adapter:/home/user/ros2_ws/install/chomp_motion_planner:/home/user/ros2_ws/install/moveit_core:/home/user/ros2_ws/install/gazebo_grasp_plugin_ros:/home/simulations/ros2_sims_ws/install/rclrs_tests:/home/simulations/ros2_sims_ws/install/examples_rclrs_minimal_client_service:/home/simulations/ros2_sims_ws/install/sensor_msgs_py:/home/simulations/ros2_sims_ws/install/examples_rclrs_minimal_pub_sub:/home/simulations/ros2_sims_ws/install/examples_rclrs_message_demo:/home/simulations/ros2_sims_ws/install/rclrs:/home/simulations/ros2_sims_ws/install/rosidl_runtime_rs:/home/user/ros2_ws/install/ros2test:/home/user/ros2_ws/install/robotiq_85_driver:/home/user/ros2_ws/install/moveit_configs_utils:/opt/ros/humble:/home/user/ros2_ws/install/gazebo_grasp_plugin:/home/user/ros2_ws/install/gazebo_version_helpers:/home/user/ros2_ws/install/gazebo_ros2_control_demos:/home/user/ros2_ws/install/gazebo_ros2_control _=/usr/bin/env /usr/bin/cmake --install /home/user/ros2_ws/build/moveit_core
