[0.215s] Invoking command in '/home/user/ros2_ws/build/moveit_core': CMAKE_PREFIX_PATH=/home/user/ros2_ws/install/moveit_common:/home/user/ros2_ws/install/moveit2_scripts:/home/simulations/ros2_sims_ws/install/common_interfaces:/home/simulations/ros2_sims_ws/install/visualization_msgs:/home/simulations/ros2_sims_ws/install/test_msgs:/home/simulations/ros2_sims_ws/install/example_interfaces:/home/simulations/ros2_sims_ws/install/action_msgs:/home/simulations/ros2_sims_ws/install/unique_identifier_msgs:/home/simulations/ros2_sims_ws/install/trajectory_msgs:/home/simulations/ros2_sims_ws/install/test_interface_files:/home/simulations/ros2_sims_ws/install/stereo_msgs:/home/simulations/ros2_sims_ws/install/std_srvs:/home/simulations/ros2_sims_ws/install/shape_msgs:/home/simulations/ros2_sims_ws/install/sensor_msgs:/home/simulations/ros2_sims_ws/install/nav_msgs:/home/simulations/ros2_sims_ws/install/diagnostic_msgs:/home/simulations/ros2_sims_ws/install/geometry_msgs:/home/simulations/ros2_sims_ws/install/actionlib_msgs:/home/simulations/ros2_sims_ws/install/std_msgs:/home/simulations/ros2_sims_ws/install/statistics_msgs:/home/simulations/ros2_sims_ws/install/rosgraph_msgs:/home/simulations/ros2_sims_ws/install/rclrs_example_msgs:/home/simulations/ros2_sims_ws/install/composition_interfaces:/home/simulations/ros2_sims_ws/install/rcl_interfaces:/home/simulations/ros2_sims_ws/install/lifecycle_msgs:/home/simulations/ros2_sims_ws/install/builtin_interfaces:/home/simulations/ros2_sims_ws/install/rosidl_default_runtime:/home/simulations/ros2_sims_ws/install/rosidl_default_generators:/home/simulations/ros2_sims_ws/install/rosidl_generator_rs:/home/user/ros2_ws/install/ur_simulation_gazebo:/home/user/ros2_ws/install/ur3e_moveit_config:/home/user/ros2_ws/install/test_moveit_config:/home/user/ros2_ws/install/test2_moveit_config:/home/user/ros2_ws/install/my_moveit_config:/home/user/ros2_ws/install/my_moveit2_config:/home/user/ros2_ws/install/ur_description:/home/user/ros2_ws/install/the_construct_office_gazebo:/home/user/ros2_ws/install/simple_grasping:/home/user/ros2_ws/install/ros_testing:/home/user/ros2_ws/install/robotnik_sensors_gazebo:/home/user/ros2_ws/install/robotnik_sensors:/home/user/ros2_ws/install/robotiq_85_gripper:/home/user/ros2_ws/install/robotiq_85_msgs:/home/user/ros2_ws/install/robotiq_85_description:/home/user/ros2_ws/install/rg2_gripper_description:/home/user/ros2_ws/install/pilz_industrial_motion_planner_testutils:/home/user/ros2_ws/install/moveit_runtime:/home/user/ros2_ws/install/moveit:/home/user/ros2_ws/install/moveit_planners:/home/user/ros2_ws/install/pilz_industrial_motion_planner:/home/user/ros2_ws/install/moveit_ros_control_interface:/home/user/ros2_ws/install/moveit_plugins:/home/user/ros2_ws/install/moveit_simple_controller_manager:/home/user/ros2_ws/install/moveit_setup_assistant:/home/user/ros2_ws/install/moveit_setup_srdf_plugins:/home/user/ros2_ws/install/moveit_setup_core_plugins:/home/user/ros2_ws/install/moveit_setup_controllers:/home/user/ros2_ws/install/moveit_setup_app_plugins:/home/user/ros2_ws/install/moveit_setup_framework:/home/user/ros2_ws/install/moveit_servo:/home/user/ros2_ws/install/moveit_ros:/home/user/ros2_ws/install/moveit_ros_visualization:/home/user/ros2_ws/install/moveit_hybrid_planning:/home/user/ros2_ws/install/moveit_ros_planning_interface:/home/user/ros2_ws/install/moveit_ros_benchmarks:/home/user/ros2_ws/install/moveit_ros_warehouse:/home/user/ros2_ws/install/moveit_ros_robot_interaction:/home/user/ros2_ws/install/moveit_ros_perception:/home/user/ros2_ws/install/moveit_resources_prbt_pg70_support:/home/user/ros2_ws/install/moveit_resources_prbt_moveit_config:/home/user/ros2_ws/install/moveit_ros_move_group:/home/user/ros2_ws/install/moveit_planners_ompl:/home/user/ros2_ws/install/moveit_ros_planning:/home/user/ros2_ws/install/moveit_ros_occupancy_map_monitor:/home/user/ros2_ws/install/moveit_resources_prbt_support:/home/user/ros2_ws/install/moveit_resources_prbt_ikfast_manipulator_plugin:/home/user/ros2_ws/install/moveit_planners_chomp:/home/user/ros2_ws/install/moveit_kinematics:/home/user/ros2_ws/install/moveit_chomp_optimizer_adapter:/home/user/ros2_ws/install/chomp_motion_planner:/home/user/ros2_ws/install/moveit_core:/home/user/ros2_ws/install/gazebo_ros2_control_demos:/home/user/ros2_ws/install/gazebo_ros2_control:/home/simulations/ros2_sims_ws/install/rclrs_tests:/home/simulations/ros2_sims_ws/install/examples_rclrs_minimal_client_service:/home/simulations/ros2_sims_ws/install/sensor_msgs_py:/home/simulations/ros2_sims_ws/install/examples_rclrs_minimal_pub_sub:/home/simulations/ros2_sims_ws/install/examples_rclrs_message_demo:/home/simulations/ros2_sims_ws/install/rclrs:/home/simulations/ros2_sims_ws/install/rosidl_runtime_rs:/home/user/ros2_ws/install/ros2test:/home/user/ros2_ws/install/robotiq_85_driver:/home/user/ros2_ws/install/moveit_configs_utils:/opt/ros/humble _=/usr/bin/env /usr/bin/cmake --build /home/user/ros2_ws/build/moveit_core -- -j8 -l8
[0.516s] [  1%] Built target moveit_transforms
[0.622s] [  3%] Built target gmock
[0.839s] [  4%] Built target gmock_main
[0.995s] [  5%] Built target moveit_smoothing_base
[1.257s] [  6%] Built target moveit_butterworth_parameters
[1.573s] [  8%] Built target moveit_version
[1.714s] [  9%] Built target gtest_main
[1.884s] [ 10%] Built target gtest
[2.015s] [ 12%] Built target moveit_utils
[2.180s] [ 13%] Built target test_transforms
[2.428s] [ 15%] Built target moveit_distance_field
[2.602s] [ 16%] Built target moveit_kinematics_base
[2.759s] [ 17%] Built target test_distance_field
[2.992s] [ 18%] Built target test_voxel_grid
[3.092s] [ 19%] Built target moveit_exceptions
[3.276s] [ 26%] Built target moveit_robot_model
[3.482s] [ 29%] Built target moveit_robot_state
[3.603s] [ 30%] Built target moveit_butterworth_filter
[3.742s] [ 31%] Built target moveit_kinematics_metrics
[3.873s] [ 32%] Built target test_butterworth_filter
[4.023s] [ 34%] Built target moveit_dynamics_solver
[4.257s] [ 35%] Built target moveit_robot_trajectory
[4.406s] [ 41%] Built target moveit_collision_detection
[4.518s] [ 43%] Built target moveit_planning_interface
[4.674s] [ 48%] Built target moveit_collision_detection_bullet
[4.764s] [ 49%] Built target test_all_valid
[4.837s] [ 51%] Built target test_world_diff
[4.926s] [ 52%] Built target test_world
[5.074s] [ 54%] Built target moveit_collision_detection_fcl
[5.230s] [ 58%] Built target moveit_trajectory_processing
[5.346s] [ 60%] Built target moveit_kinematic_constraints
[5.436s] [ 61%] Built target moveit_test_utils
[5.545s] [ 62%] Built target moveit_planning_scene
[5.664s] [ 63%] Built target test_aabb
[5.759s] [ 64%] Built target test_cartesian_interpolator
[5.869s] [ 65%] Built target test_robot_trajectory
[5.984s] [ 66%] Built target test_time_parameterization
[6.091s] [ 68%] Built target test_time_optimal_trajectory_generation
[6.230s] [ 69%] Built target test_ruckig_traj_smoothing
[6.342s] [ 70%] Built target collision_detector_bullet_plugin
[6.446s] [ 71%] Built target test_bullet_collision_detection
[6.536s] [ 72%] Built target test_bullet_collision_detection_panda
[6.682s] [ 74%] Built target test_bullet_continuous_collision_checking
[6.794s] [ 75%] Built target collision_detector_fcl_plugin
[6.899s] [ 77%] Built target test_fcl_collision_env
[7.068s] [ 78%] Built target test_fcl_collision_detection
[7.206s] [ 79%] Built target test_fcl_collision_detection_panda
[7.324s] [ 82%] Built target moveit_collision_distance_field
[7.421s] [ 85%] Built target moveit_constraint_samplers
[7.546s] [ 86%] Built target moveit_planning_request_adapter
[7.657s] [ 87%] Built target test_planning_scene
[7.760s] [ 88%] Built target test_collision_objects
[7.903s] [ 89%] Built target test_multi_threaded
[8.033s] [ 90%] Built target test_collision_distance_field
[8.153s] [ 93%] Built target test_constraint_samplers
[8.261s] [ 94%] Built target test_robot_state_complex
[8.339s] [ 95%] Built target test_robot_state_benchmark
[8.464s] [ 97%] Built target test_robot_state
[8.576s] [ 98%] Built target test_robot_model
[8.673s] [ 99%] Built target test_orientation_constraints
[8.786s] [100%] Built target test_constraints
[8.813s] Invoked command in '/home/user/ros2_ws/build/moveit_core' returned '0': CMAKE_PREFIX_PATH=/home/user/ros2_ws/install/moveit_common:/home/user/ros2_ws/install/moveit2_scripts:/home/simulations/ros2_sims_ws/install/common_interfaces:/home/simulations/ros2_sims_ws/install/visualization_msgs:/home/simulations/ros2_sims_ws/install/test_msgs:/home/simulations/ros2_sims_ws/install/example_interfaces:/home/simulations/ros2_sims_ws/install/action_msgs:/home/simulations/ros2_sims_ws/install/unique_identifier_msgs:/home/simulations/ros2_sims_ws/install/trajectory_msgs:/home/simulations/ros2_sims_ws/install/test_interface_files:/home/simulations/ros2_sims_ws/install/stereo_msgs:/home/simulations/ros2_sims_ws/install/std_srvs:/home/simulations/ros2_sims_ws/install/shape_msgs:/home/simulations/ros2_sims_ws/install/sensor_msgs:/home/simulations/ros2_sims_ws/install/nav_msgs:/home/simulations/ros2_sims_ws/install/diagnostic_msgs:/home/simulations/ros2_sims_ws/install/geometry_msgs:/home/simulations/ros2_sims_ws/install/actionlib_msgs:/home/simulations/ros2_sims_ws/install/std_msgs:/home/simulations/ros2_sims_ws/install/statistics_msgs:/home/simulations/ros2_sims_ws/install/rosgraph_msgs:/home/simulations/ros2_sims_ws/install/rclrs_example_msgs:/home/simulations/ros2_sims_ws/install/composition_interfaces:/home/simulations/ros2_sims_ws/install/rcl_interfaces:/home/simulations/ros2_sims_ws/install/lifecycle_msgs:/home/simulations/ros2_sims_ws/install/builtin_interfaces:/home/simulations/ros2_sims_ws/install/rosidl_default_runtime:/home/simulations/ros2_sims_ws/install/rosidl_default_generators:/home/simulations/ros2_sims_ws/install/rosidl_generator_rs:/home/user/ros2_ws/install/ur_simulation_gazebo:/home/user/ros2_ws/install/ur3e_moveit_config:/home/user/ros2_ws/install/test_moveit_config:/home/user/ros2_ws/install/test2_moveit_config:/home/user/ros2_ws/install/my_moveit_config:/home/user/ros2_ws/install/my_moveit2_config:/home/user/ros2_ws/install/ur_description:/home/user/ros2_ws/install/the_construct_office_gazebo:/home/user/ros2_ws/install/simple_grasping:/home/user/ros2_ws/install/ros_testing:/home/user/ros2_ws/install/robotnik_sensors_gazebo:/home/user/ros2_ws/install/robotnik_sensors:/home/user/ros2_ws/install/robotiq_85_gripper:/home/user/ros2_ws/install/robotiq_85_msgs:/home/user/ros2_ws/install/robotiq_85_description:/home/user/ros2_ws/install/rg2_gripper_description:/home/user/ros2_ws/install/pilz_industrial_motion_planner_testutils:/home/user/ros2_ws/install/moveit_runtime:/home/user/ros2_ws/install/moveit:/home/user/ros2_ws/install/moveit_planners:/home/user/ros2_ws/install/pilz_industrial_motion_planner:/home/user/ros2_ws/install/moveit_ros_control_interface:/home/user/ros2_ws/install/moveit_plugins:/home/user/ros2_ws/install/moveit_simple_controller_manager:/home/user/ros2_ws/install/moveit_setup_assistant:/home/user/ros2_ws/install/moveit_setup_srdf_plugins:/home/user/ros2_ws/install/moveit_setup_core_plugins:/home/user/ros2_ws/install/moveit_setup_controllers:/home/user/ros2_ws/install/moveit_setup_app_plugins:/home/user/ros2_ws/install/moveit_setup_framework:/home/user/ros2_ws/install/moveit_servo:/home/user/ros2_ws/install/moveit_ros:/home/user/ros2_ws/install/moveit_ros_visualization:/home/user/ros2_ws/install/moveit_hybrid_planning:/home/user/ros2_ws/install/moveit_ros_planning_interface:/home/user/ros2_ws/install/moveit_ros_benchmarks:/home/user/ros2_ws/install/moveit_ros_warehouse:/home/user/ros2_ws/install/moveit_ros_robot_interaction:/home/user/ros2_ws/install/moveit_ros_perception:/home/user/ros2_ws/install/moveit_resources_prbt_pg70_support:/home/user/ros2_ws/install/moveit_resources_prbt_moveit_config:/home/user/ros2_ws/install/moveit_ros_move_group:/home/user/ros2_ws/install/moveit_planners_ompl:/home/user/ros2_ws/install/moveit_ros_planning:/home/user/ros2_ws/install/moveit_ros_occupancy_map_monitor:/home/user/ros2_ws/install/moveit_resources_prbt_support:/home/user/ros2_ws/install/moveit_resources_prbt_ikfast_manipulator_plugin:/home/user/ros2_ws/install/moveit_planners_chomp:/home/user/ros2_ws/install/moveit_kinematics:/home/user/ros2_ws/install/moveit_chomp_optimizer_adapter:/home/user/ros2_ws/install/chomp_motion_planner:/home/user/ros2_ws/install/moveit_core:/home/user/ros2_ws/install/gazebo_ros2_control_demos:/home/user/ros2_ws/install/gazebo_ros2_control:/home/simulations/ros2_sims_ws/install/rclrs_tests:/home/simulations/ros2_sims_ws/install/examples_rclrs_minimal_client_service:/home/simulations/ros2_sims_ws/install/sensor_msgs_py:/home/simulations/ros2_sims_ws/install/examples_rclrs_minimal_pub_sub:/home/simulations/ros2_sims_ws/install/examples_rclrs_message_demo:/home/simulations/ros2_sims_ws/install/rclrs:/home/simulations/ros2_sims_ws/install/rosidl_runtime_rs:/home/user/ros2_ws/install/ros2test:/home/user/ros2_ws/install/robotiq_85_driver:/home/user/ros2_ws/install/moveit_configs_utils:/opt/ros/humble _=/usr/bin/env /usr/bin/cmake --build /home/user/ros2_ws/build/moveit_core -- -j8 -l8
[9.392s] Invoking command in '/home/user/ros2_ws/build/moveit_core': CMAKE_PREFIX_PATH=/home/user/ros2_ws/install/moveit_common:/home/user/ros2_ws/install/moveit2_scripts:/home/simulations/ros2_sims_ws/install/common_interfaces:/home/simulations/ros2_sims_ws/install/visualization_msgs:/home/simulations/ros2_sims_ws/install/test_msgs:/home/simulations/ros2_sims_ws/install/example_interfaces:/home/simulations/ros2_sims_ws/install/action_msgs:/home/simulations/ros2_sims_ws/install/unique_identifier_msgs:/home/simulations/ros2_sims_ws/install/trajectory_msgs:/home/simulations/ros2_sims_ws/install/test_interface_files:/home/simulations/ros2_sims_ws/install/stereo_msgs:/home/simulations/ros2_sims_ws/install/std_srvs:/home/simulations/ros2_sims_ws/install/shape_msgs:/home/simulations/ros2_sims_ws/install/sensor_msgs:/home/simulations/ros2_sims_ws/install/nav_msgs:/home/simulations/ros2_sims_ws/install/diagnostic_msgs:/home/simulations/ros2_sims_ws/install/geometry_msgs:/home/simulations/ros2_sims_ws/install/actionlib_msgs:/home/simulations/ros2_sims_ws/install/std_msgs:/home/simulations/ros2_sims_ws/install/statistics_msgs:/home/simulations/ros2_sims_ws/install/rosgraph_msgs:/home/simulations/ros2_sims_ws/install/rclrs_example_msgs:/home/simulations/ros2_sims_ws/install/composition_interfaces:/home/simulations/ros2_sims_ws/install/rcl_interfaces:/home/simulations/ros2_sims_ws/install/lifecycle_msgs:/home/simulations/ros2_sims_ws/install/builtin_interfaces:/home/simulations/ros2_sims_ws/install/rosidl_default_runtime:/home/simulations/ros2_sims_ws/install/rosidl_default_generators:/home/simulations/ros2_sims_ws/install/rosidl_generator_rs:/home/user/ros2_ws/install/ur_simulation_gazebo:/home/user/ros2_ws/install/ur3e_moveit_config:/home/user/ros2_ws/install/test_moveit_config:/home/user/ros2_ws/install/test2_moveit_config:/home/user/ros2_ws/install/my_moveit_config:/home/user/ros2_ws/install/my_moveit2_config:/home/user/ros2_ws/install/ur_description:/home/user/ros2_ws/install/the_construct_office_gazebo:/home/user/ros2_ws/install/simple_grasping:/home/user/ros2_ws/install/ros_testing:/home/user/ros2_ws/install/robotnik_sensors_gazebo:/home/user/ros2_ws/install/robotnik_sensors:/home/user/ros2_ws/install/robotiq_85_gripper:/home/user/ros2_ws/install/robotiq_85_msgs:/home/user/ros2_ws/install/robotiq_85_description:/home/user/ros2_ws/install/rg2_gripper_description:/home/user/ros2_ws/install/pilz_industrial_motion_planner_testutils:/home/user/ros2_ws/install/moveit_runtime:/home/user/ros2_ws/install/moveit:/home/user/ros2_ws/install/moveit_planners:/home/user/ros2_ws/install/pilz_industrial_motion_planner:/home/user/ros2_ws/install/moveit_ros_control_interface:/home/user/ros2_ws/install/moveit_plugins:/home/user/ros2_ws/install/moveit_simple_controller_manager:/home/user/ros2_ws/install/moveit_setup_assistant:/home/user/ros2_ws/install/moveit_setup_srdf_plugins:/home/user/ros2_ws/install/moveit_setup_core_plugins:/home/user/ros2_ws/install/moveit_setup_controllers:/home/user/ros2_ws/install/moveit_setup_app_plugins:/home/user/ros2_ws/install/moveit_setup_framework:/home/user/ros2_ws/install/moveit_servo:/home/user/ros2_ws/install/moveit_ros:/home/user/ros2_ws/install/moveit_ros_visualization:/home/user/ros2_ws/install/moveit_hybrid_planning:/home/user/ros2_ws/install/moveit_ros_planning_interface:/home/user/ros2_ws/install/moveit_ros_benchmarks:/home/user/ros2_ws/install/moveit_ros_warehouse:/home/user/ros2_ws/install/moveit_ros_robot_interaction:/home/user/ros2_ws/install/moveit_ros_perception:/home/user/ros2_ws/install/moveit_resources_prbt_pg70_support:/home/user/ros2_ws/install/moveit_resources_prbt_moveit_config:/home/user/ros2_ws/install/moveit_ros_move_group:/home/user/ros2_ws/install/moveit_planners_ompl:/home/user/ros2_ws/install/moveit_ros_planning:/home/user/ros2_ws/install/moveit_ros_occupancy_map_monitor:/home/user/ros2_ws/install/moveit_resources_prbt_support:/home/user/ros2_ws/install/moveit_resources_prbt_ikfast_manipulator_plugin:/home/user/ros2_ws/install/moveit_planners_chomp:/home/user/ros2_ws/install/moveit_kinematics:/home/user/ros2_ws/install/moveit_chomp_optimizer_adapter:/home/user/ros2_ws/install/chomp_motion_planner:/home/user/ros2_ws/install/moveit_core:/home/user/ros2_ws/install/gazebo_ros2_control_demos:/home/user/ros2_ws/install/gazebo_ros2_control:/home/simulations/ros2_sims_ws/install/rclrs_tests:/home/simulations/ros2_sims_ws/install/examples_rclrs_minimal_client_service:/home/simulations/ros2_sims_ws/install/sensor_msgs_py:/home/simulations/ros2_sims_ws/install/examples_rclrs_minimal_pub_sub:/home/simulations/ros2_sims_ws/install/examples_rclrs_message_demo:/home/simulations/ros2_sims_ws/install/rclrs:/home/simulations/ros2_sims_ws/install/rosidl_runtime_rs:/home/user/ros2_ws/install/ros2test:/home/user/ros2_ws/install/robotiq_85_driver:/home/user/ros2_ws/install/moveit_configs_utils:/opt/ros/humble _=/usr/bin/env /usr/bin/cmake --install /home/user/ros2_ws/build/moveit_core
[9.413s] -- Install configuration: "Release"
[9.414s] -- Up-to-date: /home/user/ros2_ws/install/moveit_core/include/moveit/version.h
[9.414s] -- Up-to-date: /home/user/ros2_ws/install/moveit_core/include
[9.414s] -- Up-to-date: /home/user/ros2_ws/install/moveit_core/include/moveit
[9.414s] -- Up-to-date: /home/user/ros2_ws/install/moveit_core/include/moveit/collision_distance_field
[9.415s] -- Up-to-date: /home/user/ros2_ws/install/moveit_core/include/moveit/collision_distance_field/collision_detector_allocator_hybrid.h
[9.415s] -- Up-to-date: /home/user/ros2_ws/install/moveit_core/include/moveit/collision_distance_field/collision_common_distance_field.h
[9.415s] -- Up-to-date: /home/user/ros2_ws/install/moveit_core/include/moveit/collision_distance_field/collision_env_distance_field.h
[9.415s] -- Up-to-date: /home/user/ros2_ws/install/moveit_core/include/moveit/collision_distance_field/collision_detector_allocator_distance_field.h
[9.415s] -- Up-to-date: /home/user/ros2_ws/install/moveit_core/include/moveit/collision_distance_field/collision_distance_field_types.h
[9.416s] -- Up-to-date: /home/user/ros2_ws/install/moveit_core/include/moveit/collision_distance_field/collision_env_hybrid.h
[9.416s] -- Up-to-date: /home/user/ros2_ws/install/moveit_core/include/moveit_collision_distance_field_export.h
[9.416s] -- Up-to-date: /home/user/ros2_ws/install/moveit_core/include
[9.416s] -- Up-to-date: /home/user/ros2_ws/install/moveit_core/include/moveit
[9.416s] -- Up-to-date: /home/user/ros2_ws/install/moveit_core/include/moveit/constraint_samplers
[9.416s] -- Up-to-date: /home/user/ros2_ws/install/moveit_core/include/moveit/constraint_samplers/constraint_sampler_allocator.h
[9.417s] -- Up-to-date: /home/user/ros2_ws/install/moveit_core/include/moveit/constraint_samplers/default_constraint_samplers.h
[9.417s] -- Up-to-date: /home/user/ros2_ws/install/moveit_core/include/moveit/constraint_samplers/constraint_sampler.h
[9.418s] -- Up-to-date: /home/user/ros2_ws/install/moveit_core/include/moveit/constraint_samplers/constraint_sampler_tools.h
[9.418s] -- Up-to-date: /home/user/ros2_ws/install/moveit_core/include/moveit/constraint_samplers/union_constraint_sampler.h
[9.418s] -- Up-to-date: /home/user/ros2_ws/install/moveit_core/include/moveit/constraint_samplers/constraint_sampler_manager.h
[9.418s] -- Up-to-date: /home/user/ros2_ws/install/moveit_core/include
[9.419s] -- Up-to-date: /home/user/ros2_ws/install/moveit_core/include/moveit
[9.419s] -- Up-to-date: /home/user/ros2_ws/install/moveit_core/include/moveit/controller_manager
[9.419s] -- Up-to-date: /home/user/ros2_ws/install/moveit_core/include/moveit/controller_manager/controller_manager.h
[9.419s] -- Up-to-date: /home/user/ros2_ws/install/moveit_core/include
[9.420s] -- Up-to-date: /home/user/ros2_ws/install/moveit_core/include/moveit
[9.420s] -- Up-to-date: /home/user/ros2_ws/install/moveit_core/include/moveit/distance_field
[9.420s] -- Up-to-date: /home/user/ros2_ws/install/moveit_core/include/moveit/distance_field/voxel_grid.h
[9.421s] -- Up-to-date: /home/user/ros2_ws/install/moveit_core/include/moveit/distance_field/distance_field.h
[9.421s] -- Up-to-date: /home/user/ros2_ws/install/moveit_core/include/moveit/distance_field/propagation_distance_field.h
[9.421s] -- Up-to-date: /home/user/ros2_ws/install/moveit_core/include/moveit/distance_field/find_internal_points.h
[9.422s] -- Up-to-date: /home/user/ros2_ws/install/moveit_core/include
[9.422s] -- Up-to-date: /home/user/ros2_ws/install/moveit_core/include/moveit
[9.422s] -- Up-to-date: /home/user/ros2_ws/install/moveit_core/include/moveit/dynamics_solver
[9.423s] -- Up-to-date: /home/user/ros2_ws/install/moveit_core/include/moveit/dynamics_solver/dynamics_solver.h
[9.423s] -- Up-to-date: /home/user/ros2_ws/install/moveit_core/include
[9.423s] -- Up-to-date: /home/user/ros2_ws/install/moveit_core/include/moveit
[9.424s] -- Up-to-date: /home/user/ros2_ws/install/moveit_core/include/moveit/exceptions
[9.424s] -- Up-to-date: /home/user/ros2_ws/install/moveit_core/include/moveit/exceptions/exceptions.h
[9.424s] -- Up-to-date: /home/user/ros2_ws/install/moveit_core/include
[9.425s] -- Up-to-date: /home/user/ros2_ws/install/moveit_core/include/moveit
[9.425s] -- Up-to-date: /home/user/ros2_ws/install/moveit_core/include/moveit/kinematics_base
[9.425s] -- Up-to-date: /home/user/ros2_ws/install/moveit_core/include/moveit/kinematics_base/kinematics_base.h
[9.425s] -- Up-to-date: /home/user/ros2_ws/install/moveit_core/include/moveit_kinematics_base_export.h
[9.425s] -- Up-to-date: /home/user/ros2_ws/install/moveit_core/include
[9.426s] -- Up-to-date: /home/user/ros2_ws/install/moveit_core/include/moveit
[9.426s] -- Up-to-date: /home/user/ros2_ws/install/moveit_core/include/moveit/kinematic_constraints
[9.426s] -- Up-to-date: /home/user/ros2_ws/install/moveit_core/include/moveit/kinematic_constraints/utils.h
[9.426s] -- Up-to-date: /home/user/ros2_ws/install/moveit_core/include/moveit/kinematic_constraints/kinematic_constraint.h
[9.427s] -- Up-to-date: /home/user/ros2_ws/install/moveit_core/include
[9.427s] -- Up-to-date: /home/user/ros2_ws/install/moveit_core/include/moveit
[9.427s] -- Up-to-date: /home/user/ros2_ws/install/moveit_core/include/moveit/kinematics_metrics
[9.428s] -- Up-to-date: /home/user/ros2_ws/install/moveit_core/include/moveit/kinematics_metrics/kinematics_metrics.h
[9.428s] -- Up-to-date: /home/user/ros2_ws/install/moveit_core/include
[9.429s] -- Up-to-date: /home/user/ros2_ws/install/moveit_core/include/moveit
[9.429s] -- Up-to-date: /home/user/ros2_ws/install/moveit_core/include/moveit/macros
[9.430s] -- Up-to-date: /home/user/ros2_ws/install/moveit_core/include/moveit/macros/class_forward.h
[9.430s] -- Up-to-date: /home/user/ros2_ws/install/moveit_core/include/moveit/macros/console_colors.h
[9.430s] -- Up-to-date: /home/user/ros2_ws/install/moveit_core/include/moveit/macros/declare_ptr.h
[9.431s] -- Up-to-date: /home/user/ros2_ws/install/moveit_core/include/moveit/macros/deprecation.h
[9.431s] -- Up-to-date: /home/user/ros2_ws/install/moveit_core/include/moveit_butterworth_parameters
[9.431s] -- Up-to-date: /home/user/ros2_ws/install/moveit_core/include/moveit_butterworth_parameters/moveit_butterworth_parameters.hpp
[9.431s] -- Up-to-date: /home/user/ros2_ws/install/moveit_core/include
[9.432s] -- Up-to-date: /home/user/ros2_ws/install/moveit_core/include/moveit
[9.432s] -- Up-to-date: /home/user/ros2_ws/install/moveit_core/include/moveit/online_signal_smoothing
[9.432s] -- Up-to-date: /home/user/ros2_ws/install/moveit_core/include/moveit/online_signal_smoothing/butterworth_filter.h
[9.432s] -- Up-to-date: /home/user/ros2_ws/install/moveit_core/include/moveit/online_signal_smoothing/smoothing_base_class.h
[9.432s] -- Up-to-date: /home/user/ros2_ws/install/moveit_core/include/moveit_smoothing_base_export.h
[9.433s] -- Up-to-date: /home/user/ros2_ws/install/moveit_core/include/moveit_butterworth_filter_export.h
[9.433s] -- Up-to-date: /home/user/ros2_ws/install/moveit_core/include
[9.433s] -- Up-to-date: /home/user/ros2_ws/install/moveit_core/include/moveit
[9.433s] -- Up-to-date: /home/user/ros2_ws/install/moveit_core/include/moveit/planning_interface
[9.434s] -- Up-to-date: /home/user/ros2_ws/install/moveit_core/include/moveit/planning_interface/planning_request.h
[9.434s] -- Up-to-date: /home/user/ros2_ws/install/moveit_core/include/moveit/planning_interface/planning_interface.h
[9.434s] -- Up-to-date: /home/user/ros2_ws/install/moveit_core/include/moveit/planning_interface/planning_response.h
[9.434s] -- Up-to-date: /home/user/ros2_ws/install/moveit_core/include
[9.434s] -- Up-to-date: /home/user/ros2_ws/install/moveit_core/include/moveit
[9.435s] -- Up-to-date: /home/user/ros2_ws/install/moveit_core/include/moveit/planning_request_adapter
[9.435s] -- Up-to-date: /home/user/ros2_ws/install/moveit_core/include/moveit/planning_request_adapter/planning_request_adapter.h
[9.435s] -- Up-to-date: /home/user/ros2_ws/install/moveit_core/include
[9.435s] -- Up-to-date: /home/user/ros2_ws/install/moveit_core/include/moveit
[9.435s] -- Up-to-date: /home/user/ros2_ws/install/moveit_core/include/moveit/planning_scene
[9.435s] -- Up-to-date: /home/user/ros2_ws/install/moveit_core/include/moveit/planning_scene/planning_scene.h
[9.436s] -- Up-to-date: /home/user/ros2_ws/install/moveit_core/include/moveit_planning_scene_export.h
[9.436s] -- Up-to-date: /home/user/ros2_ws/install/moveit_core/include
[9.436s] -- Up-to-date: /home/user/ros2_ws/install/moveit_core/include/moveit
[9.436s] -- Up-to-date: /home/user/ros2_ws/install/moveit_core/include/moveit/robot_model
[9.436s] -- Up-to-date: /home/user/ros2_ws/install/moveit_core/include/moveit/robot_model/fixed_joint_model.h
[9.437s] -- Up-to-date: /home/user/ros2_ws/install/moveit_core/include/moveit/robot_model/link_model.h
[9.437s] -- Up-to-date: /home/user/ros2_ws/install/moveit_core/include/moveit/robot_model/joint_model.h
[9.437s] -- Up-to-date: /home/user/ros2_ws/install/moveit_core/include/moveit/robot_model/floating_joint_model.h
[9.437s] -- Up-to-date: /home/user/ros2_ws/install/moveit_core/include/moveit/robot_model/planar_joint_model.h
[9.437s] -- Up-to-date: /home/user/ros2_ws/install/moveit_core/include/moveit/robot_model/prismatic_joint_model.h
[9.437s] -- Up-to-date: /home/user/ros2_ws/install/moveit_core/include/moveit/robot_model/robot_model.h
[9.437s] -- Up-to-date: /home/user/ros2_ws/install/moveit_core/include/moveit/robot_model/joint_model_group.h
[9.438s] -- Up-to-date: /home/user/ros2_ws/install/moveit_core/include/moveit/robot_model/revolute_joint_model.h
[9.438s] -- Up-to-date: /home/user/ros2_ws/install/moveit_core/include/moveit/robot_model/aabb.h
[9.438s] -- Up-to-date: /home/user/ros2_ws/install/moveit_core/include
[9.438s] -- Up-to-date: /home/user/ros2_ws/install/moveit_core/include/moveit
[9.438s] -- Up-to-date: /home/user/ros2_ws/install/moveit_core/include/moveit/robot_state
[9.438s] -- Up-to-date: /home/user/ros2_ws/install/moveit_core/include/moveit/robot_state/attached_body.h
[9.439s] -- Up-to-date: /home/user/ros2_ws/install/moveit_core/include/moveit/robot_state/conversions.h
[9.439s] -- Up-to-date: /home/user/ros2_ws/install/moveit_core/include/moveit/robot_state/robot_state.h
[9.439s] -- Up-to-date: /home/user/ros2_ws/install/moveit_core/include/moveit/robot_state/cartesian_interpolator.h
[9.439s] -- Up-to-date: /home/user/ros2_ws/install/moveit_core/include
[9.439s] -- Up-to-date: /home/user/ros2_ws/install/moveit_core/include/moveit
[9.439s] -- Up-to-date: /home/user/ros2_ws/install/moveit_core/include/moveit/robot_trajectory
[9.440s] -- Up-to-date: /home/user/ros2_ws/install/moveit_core/include/moveit/robot_trajectory/robot_trajectory.h
[9.440s] -- Up-to-date: /home/user/ros2_ws/install/moveit_core/include
[9.440s] -- Up-to-date: /home/user/ros2_ws/install/moveit_core/include/moveit
[9.440s] -- Up-to-date: /home/user/ros2_ws/install/moveit_core/include/moveit/sensor_manager
[9.441s] -- Up-to-date: /home/user/ros2_ws/install/moveit_core/include/moveit/sensor_manager/sensor_manager.h
[9.441s] -- Up-to-date: /home/user/ros2_ws/install/moveit_core/include
[9.441s] -- Up-to-date: /home/user/ros2_ws/install/moveit_core/include/moveit
[9.441s] -- Up-to-date: /home/user/ros2_ws/install/moveit_core/include/moveit/trajectory_processing
[9.441s] -- Up-to-date: /home/user/ros2_ws/install/moveit_core/include/moveit/trajectory_processing/ruckig_traj_smoothing.h
[9.441s] -- Up-to-date: /home/user/ros2_ws/install/moveit_core/include/moveit/trajectory_processing/iterative_spline_parameterization.h
[9.442s] -- Up-to-date: /home/user/ros2_ws/install/moveit_core/include/moveit/trajectory_processing/iterative_time_parameterization.h
[9.442s] -- Up-to-date: /home/user/ros2_ws/install/moveit_core/include/moveit/trajectory_processing/time_optimal_trajectory_generation.h
[9.442s] -- Up-to-date: /home/user/ros2_ws/install/moveit_core/include/moveit/trajectory_processing/time_parameterization.h
[9.442s] -- Up-to-date: /home/user/ros2_ws/install/moveit_core/include/moveit/trajectory_processing/trajectory_tools.h
[9.442s] -- Up-to-date: /home/user/ros2_ws/install/moveit_core/include
[9.443s] -- Up-to-date: /home/user/ros2_ws/install/moveit_core/include/moveit
[9.443s] -- Up-to-date: /home/user/ros2_ws/install/moveit_core/include/moveit/transforms
[9.443s] -- Up-to-date: /home/user/ros2_ws/install/moveit_core/include/moveit/transforms/transforms.h
[9.443s] -- Up-to-date: /home/user/ros2_ws/install/moveit_core/include
[9.443s] -- Up-to-date: /home/user/ros2_ws/install/moveit_core/include/moveit
[9.443s] -- Up-to-date: /home/user/ros2_ws/install/moveit_core/include/moveit/utils
[9.444s] -- Up-to-date: /home/user/ros2_ws/install/moveit_core/include/moveit/utils/robot_model_test_utils.h
[9.444s] -- Up-to-date: /home/user/ros2_ws/install/moveit_core/include/moveit/utils/lexical_casts.h
[9.444s] -- Up-to-date: /home/user/ros2_ws/install/moveit_core/include/moveit/utils/rclcpp_utils.h
[9.445s] -- Up-to-date: /home/user/ros2_ws/install/moveit_core/include/moveit/utils/message_checks.h
[9.445s] -- Up-to-date: /home/user/ros2_ws/install/moveit_core/include/moveit/utils/moveit_error_code.h
[9.445s] -- Up-to-date: /home/user/ros2_ws/install/moveit_core/bin/moveit_version
[9.445s] -- Up-to-date: /home/user/ros2_ws/install/moveit_core/include
[9.445s] -- Up-to-date: /home/user/ros2_ws/install/moveit_core/include/moveit
[9.446s] -- Up-to-date: /home/user/ros2_ws/install/moveit_core/include/moveit/collision_detection
[9.446s] -- Up-to-date: /home/user/ros2_ws/install/moveit_core/include/moveit/collision_detection/collision_common.h
[9.446s] -- Up-to-date: /home/user/ros2_ws/install/moveit_core/include/moveit/collision_detection/collision_env.h
[9.447s] -- Up-to-date: /home/user/ros2_ws/install/moveit_core/include/moveit/collision_detection/allvalid
[9.447s] -- Up-to-date: /home/user/ros2_ws/install/moveit_core/include/moveit/collision_detection/allvalid/collision_env_allvalid.h
[9.447s] -- Up-to-date: /home/user/ros2_ws/install/moveit_core/include/moveit/collision_detection/allvalid/collision_detector_allocator_allvalid.h
[9.447s] -- Up-to-date: /home/user/ros2_ws/install/moveit_core/include/moveit/collision_detection/collision_matrix.h
[9.447s] -- Up-to-date: /home/user/ros2_ws/install/moveit_core/include/moveit/collision_detection/collision_plugin_cache.h
[9.448s] -- Up-to-date: /home/user/ros2_ws/install/moveit_core/include/moveit/collision_detection/collision_detector_allocator.h
[9.448s] -- Up-to-date: /home/user/ros2_ws/install/moveit_core/include/moveit/collision_detection/collision_tools.h
[9.449s] -- Up-to-date: /home/user/ros2_ws/install/moveit_core/include/moveit/collision_detection/world.h
[9.449s] -- Up-to-date: /home/user/ros2_ws/install/moveit_core/include/moveit/collision_detection/collision_plugin.h
[9.455s] -- Up-to-date: /home/user/ros2_ws/install/moveit_core/include/moveit/collision_detection/collision_octomap_filter.h
[9.455s] -- Up-to-date: /home/user/ros2_ws/install/moveit_core/include/moveit/collision_detection/test_collision_common_pr2.h
[9.455s] -- Up-to-date: /home/user/ros2_ws/install/moveit_core/include/moveit/collision_detection/world_diff.h
[9.456s] -- Up-to-date: /home/user/ros2_ws/install/moveit_core/include/moveit/collision_detection/test_collision_common_panda.h
[9.456s] -- Up-to-date: /home/user/ros2_ws/install/moveit_core/include/moveit/collision_detection/occupancy_map.h
[9.457s] -- Up-to-date: /home/user/ros2_ws/install/moveit_core/include/moveit_collision_detection_export.h
[9.457s] -- Up-to-date: /home/user/ros2_ws/install/moveit_core/include/moveit_core
[9.458s] -- Up-to-date: /home/user/ros2_ws/install/moveit_core/include/moveit_core/moveit
[9.458s] -- Up-to-date: /home/user/ros2_ws/install/moveit_core/include/moveit_core/moveit/collision_detection_bullet
[9.458s] -- Up-to-date: /home/user/ros2_ws/install/moveit_core/include/moveit_core/moveit/collision_detection_bullet/collision_env_bullet.h
[9.459s] -- Up-to-date: /home/user/ros2_ws/install/moveit_core/include/moveit_core/moveit/collision_detection_bullet/bullet_integration
[9.459s] -- Up-to-date: /home/user/ros2_ws/install/moveit_core/include/moveit_core/moveit/collision_detection_bullet/bullet_integration/bullet_discrete_bvh_manager.h
[9.459s] -- Up-to-date: /home/user/ros2_ws/install/moveit_core/include/moveit_core/moveit/collision_detection_bullet/bullet_integration/bullet_utils.h
[9.459s] -- Up-to-date: /home/user/ros2_ws/install/moveit_core/include/moveit_core/moveit/collision_detection_bullet/bullet_integration/contact_checker_common.h
[9.460s] -- Up-to-date: /home/user/ros2_ws/install/moveit_core/include/moveit_core/moveit/collision_detection_bullet/bullet_integration/basic_types.h
[9.460s] -- Up-to-date: /home/user/ros2_ws/install/moveit_core/include/moveit_core/moveit/collision_detection_bullet/bullet_integration/bullet_cast_bvh_manager.h
[9.460s] -- Up-to-date: /home/user/ros2_ws/install/moveit_core/include/moveit_core/moveit/collision_detection_bullet/bullet_integration/bullet_bvh_manager.h
[9.466s] -- Up-to-date: /home/user/ros2_ws/install/moveit_core/include/moveit_core/moveit/collision_detection_bullet/bullet_integration/ros_bullet_utils.h
[9.466s] -- Up-to-date: /home/user/ros2_ws/install/moveit_core/include/moveit_core/moveit/collision_detection_bullet/collision_detector_allocator_bullet.h
[9.467s] -- Up-to-date: /home/user/ros2_ws/install/moveit_core/include/moveit_core/moveit/collision_detection_bullet/collision_detector_bullet_plugin_loader.h
[9.467s] -- Up-to-date: /home/user/ros2_ws/install/moveit_core/include/moveit_core/moveit_collision_detection_bullet_export.h
[9.467s] -- Up-to-date: /home/user/ros2_ws/install/moveit_core/include
[9.468s] -- Up-to-date: /home/user/ros2_ws/install/moveit_core/include/moveit
[9.468s] -- Up-to-date: /home/user/ros2_ws/install/moveit_core/include/moveit/collision_detection_fcl
[9.468s] -- Up-to-date: /home/user/ros2_ws/install/moveit_core/include/moveit/collision_detection_fcl/collision_common.h
[9.469s] -- Up-to-date: /home/user/ros2_ws/install/moveit_core/include/moveit/collision_detection_fcl/collision_detector_fcl_plugin_loader.h
[9.469s] -- Up-to-date: /home/user/ros2_ws/install/moveit_core/include/moveit/collision_detection_fcl/collision_detector_allocator_fcl.h
[9.469s] -- Up-to-date: /home/user/ros2_ws/install/moveit_core/include/moveit/collision_detection_fcl/fcl_compat.h
[9.470s] -- Up-to-date: /home/user/ros2_ws/install/moveit_core/include/moveit/collision_detection_fcl/collision_env_fcl.h
[9.471s] -- Up-to-date: /home/user/ros2_ws/install/moveit_core/include/moveit_collision_detection_fcl_export.h
[9.471s] -- Up-to-date: /home/user/ros2_ws/install/moveit_core/lib/libcollision_detector_bullet_plugin.so.2.5.4
[9.472s] -- Up-to-date: /home/user/ros2_ws/install/moveit_core/lib/libcollision_detector_bullet_plugin.so
[9.472s] -- Up-to-date: /home/user/ros2_ws/install/moveit_core/lib/libmoveit_butterworth_filter.so.2.5.4
[9.473s] -- Up-to-date: /home/user/ros2_ws/install/moveit_core/lib/libmoveit_butterworth_filter.so
[9.473s] -- Up-to-date: /home/user/ros2_ws/install/moveit_core/lib/libmoveit_collision_distance_field.so.2.5.4
[9.473s] -- Up-to-date: /home/user/ros2_ws/install/moveit_core/lib/libmoveit_collision_distance_field.so
[9.474s] -- Up-to-date: /home/user/ros2_ws/install/moveit_core/lib/libmoveit_collision_detection.so.2.5.4
[9.474s] -- Up-to-date: /home/user/ros2_ws/install/moveit_core/lib/libmoveit_collision_detection.so
[9.474s] -- Up-to-date: /home/user/ros2_ws/install/moveit_core/lib/libmoveit_collision_detection_fcl.so.2.5.4
[9.475s] -- Up-to-date: /home/user/ros2_ws/install/moveit_core/lib/libmoveit_collision_detection_fcl.so
[9.475s] -- Up-to-date: /home/user/ros2_ws/install/moveit_core/lib/libmoveit_collision_detection_bullet.so.2.5.4
[9.475s] -- Up-to-date: /home/user/ros2_ws/install/moveit_core/lib/libmoveit_collision_detection_bullet.so
[9.476s] -- Up-to-date: /home/user/ros2_ws/install/moveit_core/lib/libmoveit_dynamics_solver.so.2.5.4
[9.476s] -- Up-to-date: /home/user/ros2_ws/install/moveit_core/lib/libmoveit_dynamics_solver.so
[9.476s] -- Up-to-date: /home/user/ros2_ws/install/moveit_core/lib/libmoveit_constraint_samplers.so.2.5.4
[9.477s] -- Up-to-date: /home/user/ros2_ws/install/moveit_core/lib/libmoveit_constraint_samplers.so
[9.477s] -- Up-to-date: /home/user/ros2_ws/install/moveit_core/lib/libmoveit_distance_field.so.2.5.4
[9.477s] -- Up-to-date: /home/user/ros2_ws/install/moveit_core/lib/libmoveit_distance_field.so
[9.478s] -- Up-to-date: /home/user/ros2_ws/install/moveit_core/lib/libmoveit_exceptions.so.2.5.4
[9.478s] -- Up-to-date: /home/user/ros2_ws/install/moveit_core/lib/libmoveit_exceptions.so
[9.479s] -- Up-to-date: /home/user/ros2_ws/install/moveit_core/lib/libmoveit_kinematics_base.so
[9.479s] -- Up-to-date: /home/user/ros2_ws/install/moveit_core/lib/libmoveit_kinematic_constraints.so.2.5.4
[9.480s] -- Up-to-date: /home/user/ros2_ws/install/moveit_core/lib/libmoveit_kinematic_constraints.so
[9.480s] -- Up-to-date: /home/user/ros2_ws/install/moveit_core/lib/libmoveit_kinematics_metrics.so.2.5.4
[9.481s] -- Up-to-date: /home/user/ros2_ws/install/moveit_core/lib/libmoveit_kinematics_metrics.so
[9.481s] -- Up-to-date: /home/user/ros2_ws/install/moveit_core/lib/libmoveit_planning_interface.so.2.5.4
[9.481s] -- Up-to-date: /home/user/ros2_ws/install/moveit_core/lib/libmoveit_planning_interface.so
[9.482s] -- Up-to-date: /home/user/ros2_ws/install/moveit_core/lib/libmoveit_planning_scene.so.2.5.4
[9.482s] -- Up-to-date: /home/user/ros2_ws/install/moveit_core/lib/libmoveit_planning_scene.so
[9.482s] -- Up-to-date: /home/user/ros2_ws/install/moveit_core/lib/libmoveit_planning_request_adapter.so.2.5.4
[9.483s] -- Up-to-date: /home/user/ros2_ws/install/moveit_core/lib/libmoveit_planning_request_adapter.so
[9.483s] -- Up-to-date: /home/user/ros2_ws/install/moveit_core/lib/libmoveit_robot_model.so.2.5.4
[9.483s] -- Up-to-date: /home/user/ros2_ws/install/moveit_core/lib/libmoveit_robot_model.so
[9.484s] -- Up-to-date: /home/user/ros2_ws/install/moveit_core/lib/libmoveit_robot_state.so.2.5.4
[9.484s] -- Up-to-date: /home/user/ros2_ws/install/moveit_core/lib/libmoveit_robot_state.so
[9.485s] -- Up-to-date: /home/user/ros2_ws/install/moveit_core/lib/libmoveit_robot_trajectory.so.2.5.4
[9.485s] -- Up-to-date: /home/user/ros2_ws/install/moveit_core/lib/libmoveit_robot_trajectory.so
[9.486s] -- Up-to-date: /home/user/ros2_ws/install/moveit_core/lib/libmoveit_smoothing_base.so.2.5.4
[9.486s] -- Up-to-date: /home/user/ros2_ws/install/moveit_core/lib/libmoveit_smoothing_base.so
[9.487s] -- Up-to-date: /home/user/ros2_ws/install/moveit_core/lib/libmoveit_test_utils.so.2.5.4
[9.495s] -- Up-to-date: /home/user/ros2_ws/install/moveit_core/lib/libmoveit_test_utils.so
[9.495s] -- Up-to-date: /home/user/ros2_ws/install/moveit_core/lib/libmoveit_trajectory_processing.so.2.5.4
[9.496s] -- Up-to-date: /home/user/ros2_ws/install/moveit_core/lib/libmoveit_trajectory_processing.so
[9.496s] -- Up-to-date: /home/user/ros2_ws/install/moveit_core/lib/libmoveit_transforms.so.2.5.4
[9.496s] -- Up-to-date: /home/user/ros2_ws/install/moveit_core/lib/libmoveit_transforms.so
[9.496s] -- Up-to-date: /home/user/ros2_ws/install/moveit_core/lib/libmoveit_utils.so.2.5.4
[9.496s] -- Up-to-date: /home/user/ros2_ws/install/moveit_core/lib/libmoveit_utils.so
[9.497s] -- Up-to-date: /home/user/ros2_ws/install/moveit_core/share/moveit_core/environment/library_path.sh
[9.497s] -- Up-to-date: /home/user/ros2_ws/install/moveit_core/share/moveit_core/environment/library_path.dsv
[9.497s] -- Up-to-date: /home/user/ros2_ws/install/moveit_core/share/moveit_core/collision_detector_fcl_description.xml
[9.497s] -- Up-to-date: /home/user/ros2_ws/install/moveit_core/share/moveit_core/collision_detector_bullet_description.xml
[9.497s] -- Up-to-date: /home/user/ros2_ws/install/moveit_core/share/moveit_core/filter_plugin_butterworth.xml
[9.497s] -- Up-to-date: /home/user/ros2_ws/install/moveit_core/share/ament_index/resource_index/package_run_dependencies/moveit_core
[9.498s] -- Up-to-date: /home/user/ros2_ws/install/moveit_core/share/ament_index/resource_index/parent_prefix_path/moveit_core
[9.498s] -- Up-to-date: /home/user/ros2_ws/install/moveit_core/share/moveit_core/environment/ament_prefix_path.sh
[9.498s] -- Up-to-date: /home/user/ros2_ws/install/moveit_core/share/moveit_core/environment/ament_prefix_path.dsv
[9.498s] -- Up-to-date: /home/user/ros2_ws/install/moveit_core/share/moveit_core/environment/path.sh
[9.499s] -- Up-to-date: /home/user/ros2_ws/install/moveit_core/share/moveit_core/environment/path.dsv
[9.499s] -- Up-to-date: /home/user/ros2_ws/install/moveit_core/share/moveit_core/local_setup.bash
[9.500s] -- Up-to-date: /home/user/ros2_ws/install/moveit_core/share/moveit_core/local_setup.sh
[9.500s] -- Up-to-date: /home/user/ros2_ws/install/moveit_core/share/moveit_core/local_setup.zsh
[9.500s] -- Up-to-date: /home/user/ros2_ws/install/moveit_core/share/moveit_core/local_setup.dsv
[9.501s] -- Installing: /home/user/ros2_ws/install/moveit_core/share/moveit_core/package.dsv
[9.501s] -- Up-to-date: /home/user/ros2_ws/install/moveit_core/share/ament_index/resource_index/packages/moveit_core
[9.502s] -- Up-to-date: /home/user/ros2_ws/install/moveit_core/share/ament_index/resource_index/moveit_core__pluginlib__plugin/moveit_core
[9.505s] -- Up-to-date: /home/user/ros2_ws/install/moveit_core/share/moveit_core/cmake/export_moveit_coreExport.cmake
[9.505s] -- Up-to-date: /home/user/ros2_ws/install/moveit_core/share/moveit_core/cmake/export_moveit_coreExport-release.cmake
[9.506s] -- Up-to-date: /home/user/ros2_ws/install/moveit_core/share/moveit_core/cmake/ConfigExtras.cmake
[9.507s] -- Up-to-date: /home/user/ros2_ws/install/moveit_core/share/moveit_core/cmake/ament_cmake_export_targets-extras.cmake
[9.509s] -- Up-to-date: /home/user/ros2_ws/install/moveit_core/share/moveit_core/cmake/ament_cmake_export_dependencies-extras.cmake
[9.509s] -- Up-to-date: /home/user/ros2_ws/install/moveit_core/share/moveit_core/cmake/moveit_coreConfig.cmake
[9.510s] -- Up-to-date: /home/user/ros2_ws/install/moveit_core/share/moveit_core/cmake/moveit_coreConfig-version.cmake
[9.511s] -- Up-to-date: /home/user/ros2_ws/install/moveit_core/share/moveit_core/package.xml
[9.511s] Invoked command in '/home/user/ros2_ws/build/moveit_core' returned '0': CMAKE_PREFIX_PATH=/home/user/ros2_ws/install/moveit_common:/home/user/ros2_ws/install/moveit2_scripts:/home/simulations/ros2_sims_ws/install/common_interfaces:/home/simulations/ros2_sims_ws/install/visualization_msgs:/home/simulations/ros2_sims_ws/install/test_msgs:/home/simulations/ros2_sims_ws/install/example_interfaces:/home/simulations/ros2_sims_ws/install/action_msgs:/home/simulations/ros2_sims_ws/install/unique_identifier_msgs:/home/simulations/ros2_sims_ws/install/trajectory_msgs:/home/simulations/ros2_sims_ws/install/test_interface_files:/home/simulations/ros2_sims_ws/install/stereo_msgs:/home/simulations/ros2_sims_ws/install/std_srvs:/home/simulations/ros2_sims_ws/install/shape_msgs:/home/simulations/ros2_sims_ws/install/sensor_msgs:/home/simulations/ros2_sims_ws/install/nav_msgs:/home/simulations/ros2_sims_ws/install/diagnostic_msgs:/home/simulations/ros2_sims_ws/install/geometry_msgs:/home/simulations/ros2_sims_ws/install/actionlib_msgs:/home/simulations/ros2_sims_ws/install/std_msgs:/home/simulations/ros2_sims_ws/install/statistics_msgs:/home/simulations/ros2_sims_ws/install/rosgraph_msgs:/home/simulations/ros2_sims_ws/install/rclrs_example_msgs:/home/simulations/ros2_sims_ws/install/composition_interfaces:/home/simulations/ros2_sims_ws/install/rcl_interfaces:/home/simulations/ros2_sims_ws/install/lifecycle_msgs:/home/simulations/ros2_sims_ws/install/builtin_interfaces:/home/simulations/ros2_sims_ws/install/rosidl_default_runtime:/home/simulations/ros2_sims_ws/install/rosidl_default_generators:/home/simulations/ros2_sims_ws/install/rosidl_generator_rs:/home/user/ros2_ws/install/ur_simulation_gazebo:/home/user/ros2_ws/install/ur3e_moveit_config:/home/user/ros2_ws/install/test_moveit_config:/home/user/ros2_ws/install/test2_moveit_config:/home/user/ros2_ws/install/my_moveit_config:/home/user/ros2_ws/install/my_moveit2_config:/home/user/ros2_ws/install/ur_description:/home/user/ros2_ws/install/the_construct_office_gazebo:/home/user/ros2_ws/install/simple_grasping:/home/user/ros2_ws/install/ros_testing:/home/user/ros2_ws/install/robotnik_sensors_gazebo:/home/user/ros2_ws/install/robotnik_sensors:/home/user/ros2_ws/install/robotiq_85_gripper:/home/user/ros2_ws/install/robotiq_85_msgs:/home/user/ros2_ws/install/robotiq_85_description:/home/user/ros2_ws/install/rg2_gripper_description:/home/user/ros2_ws/install/pilz_industrial_motion_planner_testutils:/home/user/ros2_ws/install/moveit_runtime:/home/user/ros2_ws/install/moveit:/home/user/ros2_ws/install/moveit_planners:/home/user/ros2_ws/install/pilz_industrial_motion_planner:/home/user/ros2_ws/install/moveit_ros_control_interface:/home/user/ros2_ws/install/moveit_plugins:/home/user/ros2_ws/install/moveit_simple_controller_manager:/home/user/ros2_ws/install/moveit_setup_assistant:/home/user/ros2_ws/install/moveit_setup_srdf_plugins:/home/user/ros2_ws/install/moveit_setup_core_plugins:/home/user/ros2_ws/install/moveit_setup_controllers:/home/user/ros2_ws/install/moveit_setup_app_plugins:/home/user/ros2_ws/install/moveit_setup_framework:/home/user/ros2_ws/install/moveit_servo:/home/user/ros2_ws/install/moveit_ros:/home/user/ros2_ws/install/moveit_ros_visualization:/home/user/ros2_ws/install/moveit_hybrid_planning:/home/user/ros2_ws/install/moveit_ros_planning_interface:/home/user/ros2_ws/install/moveit_ros_benchmarks:/home/user/ros2_ws/install/moveit_ros_warehouse:/home/user/ros2_ws/install/moveit_ros_robot_interaction:/home/user/ros2_ws/install/moveit_ros_perception:/home/user/ros2_ws/install/moveit_resources_prbt_pg70_support:/home/user/ros2_ws/install/moveit_resources_prbt_moveit_config:/home/user/ros2_ws/install/moveit_ros_move_group:/home/user/ros2_ws/install/moveit_planners_ompl:/home/user/ros2_ws/install/moveit_ros_planning:/home/user/ros2_ws/install/moveit_ros_occupancy_map_monitor:/home/user/ros2_ws/install/moveit_resources_prbt_support:/home/user/ros2_ws/install/moveit_resources_prbt_ikfast_manipulator_plugin:/home/user/ros2_ws/install/moveit_planners_chomp:/home/user/ros2_ws/install/moveit_kinematics:/home/user/ros2_ws/install/moveit_chomp_optimizer_adapter:/home/user/ros2_ws/install/chomp_motion_planner:/home/user/ros2_ws/install/moveit_core:/home/user/ros2_ws/install/gazebo_ros2_control_demos:/home/user/ros2_ws/install/gazebo_ros2_control:/home/simulations/ros2_sims_ws/install/rclrs_tests:/home/simulations/ros2_sims_ws/install/examples_rclrs_minimal_client_service:/home/simulations/ros2_sims_ws/install/sensor_msgs_py:/home/simulations/ros2_sims_ws/install/examples_rclrs_minimal_pub_sub:/home/simulations/ros2_sims_ws/install/examples_rclrs_message_demo:/home/simulations/ros2_sims_ws/install/rclrs:/home/simulations/ros2_sims_ws/install/rosidl_runtime_rs:/home/user/ros2_ws/install/ros2test:/home/user/ros2_ws/install/robotiq_85_driver:/home/user/ros2_ws/install/moveit_configs_utils:/opt/ros/humble _=/usr/bin/env /usr/bin/cmake --install /home/user/ros2_ws/build/moveit_core
