[0.094s] Invoking command in '/home/user/ros2_ws/build/tf2_ros': CMAKE_PREFIX_PATH=/home/user/ros2_ws/install/tf2_py:/home/user/ros2_ws/install/tf2_msgs:/home/user/ros2_ws/install/tf2:/home/simulations/ros2_sims_ws/install/ros1_bridge:/home/user/ros2_ws/install/ur_e_description:/home/user/ros2_ws/install/ur3e_moveit2_config:/home/user/ros2_ws/install/geometry2:/home/user/ros2_ws/install/tf2_tools:/home/user/ros2_ws/install/tf2_sensor_msgs:/home/user/ros2_ws/install/test_tf2:/home/user/ros2_ws/install/tf2_kdl:/home/user/ros2_ws/install/simple_grasping:/home/user/ros2_ws/install/perception_pcl:/home/user/ros2_ws/install/pcl_ros:/home/user/ros2_ws/install/tf2_geometry_msgs:/home/user/ros2_ws/install/tf2_eigen:/home/user/ros2_ws/install/tf2_bullet:/home/user/ros2_ws/install/tf2_ros:/home/user/ros2_ws/install/tf2_eigen_kdl:/home/user/ros2_ws/install/start_bridge:/home/user/ros2_ws/install/ros2_control_demos:/home/user/ros2_ws/install/ros2_control_demo_bringup:/home/user/ros2_ws/install/rrbot_description:/home/user/ros2_ws/install/ros2_control_demo_hardware:/home/user/ros2_ws/install/project_part2:/home/user/ros2_ws/install/project_custom_interfaces:/home/user/ros2_ws/install/pcl_conversions:/home/user/ros2_ws/install/my_rb1_description:/home/user/ros2_ws/install/my_moveit2_config:/home/user/ros2_ws/install/moveit2_scripts:/home/user/ros2_ws/install/grasping_msgs:/home/user/ros2_ws/install/diffbot_description:/home/user/ros2_ws/install/examples_tf2_py:/home/user/ros2_ws/install/ros2_control_test_nodes:/home/user/ros2_ws/install/project_topics_pkg:/home/user/ros2_ws/install/project_services_and_actions:/home/user/ros2_ws/install/path_planner_server:/home/user/ros2_ws/install/localization_server:/home/user/ros2_ws/install/map_server:/home/user/ros2_ws/install/cartographer_slam:/opt/ros/foxy LD_LIBRARY_PATH=/home/user/ros2_ws/install/tf2_msgs/lib:/home/user/ros2_ws/install/tf2/lib:/usr/local/cuda-10.2/lib64:/home/user/.catkin_ws_python3/src/TensorRT-7.0.0.11/lib:/home/simulations/ros2_sims_ws/install/ros1_bridge/lib:/home/user/ros2_ws/install/simple_grasping/lib:/home/user/ros2_ws/install/pcl_ros/lib:/home/user/ros2_ws/install/tf2_bullet/lib:/home/user/ros2_ws/install/tf2_ros/lib:/home/user/ros2_ws/install/tf2_eigen_kdl/lib:/home/user/ros2_ws/install/ros2_control_demo_hardware/lib:/home/user/ros2_ws/install/project_part2/lib:/home/user/ros2_ws/install/project_custom_interfaces/lib:/home/user/ros2_ws/install/grasping_msgs/lib:/opt/ros/foxy/opt/yaml_cpp_vendor/lib:/opt/ros/foxy/opt/rviz_ogre_vendor/lib:/opt/ros/foxy/lib/x86_64-linux-gnu:/opt/ros/foxy/lib:/usr/local/cuda-10.2/lib64:/home/user/.catkin_ws_python3/src/TensorRT-7.0.0.11/lib:/usr/local/nvidia/lib:/usr/local/nvidia/lib64:/usr/lib/x86_64-linux-gnu/gazebo-11/plugins:/usr/lib/x86_64-linux-gnu/gazebo-11/plugins PYTHONPATH=/home/user/ros2_ws/install/tf2_py/lib/python3.8/site-packages:/home/user/ros2_ws/install/tf2_msgs/lib/python3.8/site-packages:/home/simulations/ros2_sims_ws/install/ros1_bridge/lib/python3.8/site-packages:/home/user/ros2_ws/install/tf2_kdl/lib/python3.8/site-packages:/home/user/ros2_ws/install/examples_tf2_py/lib/python3.8/site-packages:/home/user/ros2_ws/install/tf2_ros/lib/python3.8/site-packages:/home/user/ros2_ws/install/ros2_control_test_nodes/lib/python3.8/site-packages:/home/user/ros2_ws/install/project_topics_pkg/lib/python3.8/site-packages:/home/user/ros2_ws/install/project_services_and_actions/lib/python3.8/site-packages:/home/user/ros2_ws/install/project_custom_interfaces/lib/python3.8/site-packages:/home/user/ros2_ws/install/path_planner_server/lib/python3.8/site-packages:/home/user/ros2_ws/install/localization_server/lib/python3.8/site-packages:/home/user/ros2_ws/install/map_server/lib/python3.8/site-packages:/home/user/ros2_ws/install/grasping_msgs/lib/python3.8/site-packages:/home/user/ros2_ws/install/cartographer_slam/lib/python3.8/site-packages:/opt/ros/foxy/lib/python3.8/site-packages _=/usr/bin/env /usr/bin/cmake /home/user/ros2_ws/src/perception_ros2/geometry2/tf2_ros -DCMAKE_INSTALL_PREFIX=/home/user/ros2_ws/install/tf2_ros
[0.267s] -- The C compiler identification is GNU 9.3.0
[0.399s] -- The CXX compiler identification is GNU 9.3.0
[0.411s] -- Check for working C compiler: /usr/bin/cc
[0.606s] -- Check for working C compiler: /usr/bin/cc -- works
[0.608s] -- Detecting C compiler ABI info
[0.824s] -- Detecting C compiler ABI info - done
[0.848s] -- Detecting C compile features
[0.849s] -- Detecting C compile features - done
[0.853s] -- Check for working CXX compiler: /usr/bin/c++
[1.041s] -- Check for working CXX compiler: /usr/bin/c++ -- works
[1.043s] -- Detecting CXX compiler ABI info
[1.257s] -- Detecting CXX compiler ABI info - done
[1.279s] -- Detecting CXX compile features
[1.280s] -- Detecting CXX compile features - done
[1.289s] -- Found ament_cmake: 0.9.9 (/opt/ros/foxy/share/ament_cmake/cmake)
[1.356s] -- Found PythonInterp: /usr/bin/python3 (found suitable version "3.8.10", minimum required is "3") 
[1.356s] -- Using PYTHON_EXECUTABLE: /usr/bin/python3
[1.974s] -- Found builtin_interfaces: 1.0.0 (/opt/ros/foxy/share/builtin_interfaces/cmake)
[2.067s] -- Using all available rosidl_typesupport_c: rosidl_typesupport_fastrtps_c;rosidl_typesupport_introspection_c
[2.112s] -- Found rosidl_adapter: 1.2.1 (/opt/ros/foxy/share/rosidl_adapter/cmake)
[2.471s] -- Found OpenSSL: /usr/lib/x86_64-linux-gnu/libcrypto.so (found version "1.1.1f")  
[2.555s] -- Found FastRTPS: /opt/ros/foxy/include  
[2.847s] -- Using all available rosidl_typesupport_cpp: rosidl_typesupport_fastrtps_cpp;rosidl_typesupport_introspection_cpp
[2.917s] -- Found geometry_msgs: 2.0.4 (/opt/ros/foxy/share/geometry_msgs/cmake)
[3.043s] -- Found message_filters: 3.2.5 (/opt/ros/foxy/share/message_filters/cmake)
[3.054s] -- Found rcl_interfaces: 1.0.0 (/opt/ros/foxy/share/rcl_interfaces/cmake)
[3.088s] -- Found rclcpp: 2.4.0 (/opt/ros/foxy/share/rclcpp/cmake)
[3.166s] -- Found rmw_implementation_cmake: 1.0.3 (/opt/ros/foxy/share/rmw_implementation_cmake/cmake)
[3.172s] -- Using RMW implementation 'rmw_fastrtps_cpp' as default
[3.174s] -- Looking for pthread.h
[3.378s] -- Looking for pthread.h - found
[3.379s] -- Performing Test CMAKE_HAVE_LIBC_PTHREAD
[3.659s] -- Performing Test CMAKE_HAVE_LIBC_PTHREAD - Failed
[3.659s] -- Looking for pthread_create in pthreads
[3.848s] -- Looking for pthread_create in pthreads - not found
[3.848s] -- Looking for pthread_create in pthread
[4.088s] -- Looking for pthread_create in pthread - found
[4.090s] -- Found Threads: TRUE  
[4.537s] -- Found rclcpp_action: 2.4.0 (/opt/ros/foxy/share/rclcpp_action/cmake)
[4.728s] -- Found rclcpp_components: 2.4.0 (/opt/ros/foxy/share/rclcpp_components/cmake)
[4.889s] -- Found tf2: 0.13.12 (/home/user/ros2_ws/install/tf2/share/tf2/cmake)
[4.915s] -- Found tf2_msgs: 0.13.12 (/home/user/ros2_ws/install/tf2_msgs/share/tf2_msgs/cmake)
[5.398s] -- Found ament_cmake_gtest: 0.9.9 (/opt/ros/foxy/share/ament_cmake_gtest/cmake)
[5.407s] -- Found gtest sources under '/opt/ros/foxy/src/gtest_vendor': C++ tests using 'Google Test' will be built
[5.411s] -- Check if compiler accepts -pthread
[5.588s] -- Check if compiler accepts -pthread - yes
[5.690s] -- Found python_cmake_module: 0.8.1 (/opt/ros/foxy/share/python_cmake_module/cmake)
[5.742s] -- Found PythonInterp: /usr/bin/python3 (found suitable version "3.8.10", minimum required is "3.5") 
[5.757s] -- Found PythonLibs: /usr/lib/x86_64-linux-gnu/libpython3.8.so (found suitable version "3.8.10", minimum required is "3.5") 
[5.758s] -- Using PYTHON_EXECUTABLE: /usr/bin/python3
[5.758s] -- Using PYTHON_INCLUDE_DIRS: /usr/include/python3.8
[5.758s] -- Using PYTHON_LIBRARIES: /usr/lib/x86_64-linux-gnu/libpython3.8.so
[5.804s] -- Found PythonExtra: .so  
[5.811s] -- Found ament_cmake_pytest: 0.9.9 (/opt/ros/foxy/share/ament_cmake_pytest/cmake)
[7.023s] -- Configuring done
[7.188s] -- Generating done
[7.195s] -- Build files have been written to: /home/user/ros2_ws/build/tf2_ros
[7.218s] Invoked command in '/home/user/ros2_ws/build/tf2_ros' returned '0': CMAKE_PREFIX_PATH=/home/user/ros2_ws/install/tf2_py:/home/user/ros2_ws/install/tf2_msgs:/home/user/ros2_ws/install/tf2:/home/simulations/ros2_sims_ws/install/ros1_bridge:/home/user/ros2_ws/install/ur_e_description:/home/user/ros2_ws/install/ur3e_moveit2_config:/home/user/ros2_ws/install/geometry2:/home/user/ros2_ws/install/tf2_tools:/home/user/ros2_ws/install/tf2_sensor_msgs:/home/user/ros2_ws/install/test_tf2:/home/user/ros2_ws/install/tf2_kdl:/home/user/ros2_ws/install/simple_grasping:/home/user/ros2_ws/install/perception_pcl:/home/user/ros2_ws/install/pcl_ros:/home/user/ros2_ws/install/tf2_geometry_msgs:/home/user/ros2_ws/install/tf2_eigen:/home/user/ros2_ws/install/tf2_bullet:/home/user/ros2_ws/install/tf2_ros:/home/user/ros2_ws/install/tf2_eigen_kdl:/home/user/ros2_ws/install/start_bridge:/home/user/ros2_ws/install/ros2_control_demos:/home/user/ros2_ws/install/ros2_control_demo_bringup:/home/user/ros2_ws/install/rrbot_description:/home/user/ros2_ws/install/ros2_control_demo_hardware:/home/user/ros2_ws/install/project_part2:/home/user/ros2_ws/install/project_custom_interfaces:/home/user/ros2_ws/install/pcl_conversions:/home/user/ros2_ws/install/my_rb1_description:/home/user/ros2_ws/install/my_moveit2_config:/home/user/ros2_ws/install/moveit2_scripts:/home/user/ros2_ws/install/grasping_msgs:/home/user/ros2_ws/install/diffbot_description:/home/user/ros2_ws/install/examples_tf2_py:/home/user/ros2_ws/install/ros2_control_test_nodes:/home/user/ros2_ws/install/project_topics_pkg:/home/user/ros2_ws/install/project_services_and_actions:/home/user/ros2_ws/install/path_planner_server:/home/user/ros2_ws/install/localization_server:/home/user/ros2_ws/install/map_server:/home/user/ros2_ws/install/cartographer_slam:/opt/ros/foxy LD_LIBRARY_PATH=/home/user/ros2_ws/install/tf2_msgs/lib:/home/user/ros2_ws/install/tf2/lib:/usr/local/cuda-10.2/lib64:/home/user/.catkin_ws_python3/src/TensorRT-7.0.0.11/lib:/home/simulations/ros2_sims_ws/install/ros1_bridge/lib:/home/user/ros2_ws/install/simple_grasping/lib:/home/user/ros2_ws/install/pcl_ros/lib:/home/user/ros2_ws/install/tf2_bullet/lib:/home/user/ros2_ws/install/tf2_ros/lib:/home/user/ros2_ws/install/tf2_eigen_kdl/lib:/home/user/ros2_ws/install/ros2_control_demo_hardware/lib:/home/user/ros2_ws/install/project_part2/lib:/home/user/ros2_ws/install/project_custom_interfaces/lib:/home/user/ros2_ws/install/grasping_msgs/lib:/opt/ros/foxy/opt/yaml_cpp_vendor/lib:/opt/ros/foxy/opt/rviz_ogre_vendor/lib:/opt/ros/foxy/lib/x86_64-linux-gnu:/opt/ros/foxy/lib:/usr/local/cuda-10.2/lib64:/home/user/.catkin_ws_python3/src/TensorRT-7.0.0.11/lib:/usr/local/nvidia/lib:/usr/local/nvidia/lib64:/usr/lib/x86_64-linux-gnu/gazebo-11/plugins:/usr/lib/x86_64-linux-gnu/gazebo-11/plugins PYTHONPATH=/home/user/ros2_ws/install/tf2_py/lib/python3.8/site-packages:/home/user/ros2_ws/install/tf2_msgs/lib/python3.8/site-packages:/home/simulations/ros2_sims_ws/install/ros1_bridge/lib/python3.8/site-packages:/home/user/ros2_ws/install/tf2_kdl/lib/python3.8/site-packages:/home/user/ros2_ws/install/examples_tf2_py/lib/python3.8/site-packages:/home/user/ros2_ws/install/tf2_ros/lib/python3.8/site-packages:/home/user/ros2_ws/install/ros2_control_test_nodes/lib/python3.8/site-packages:/home/user/ros2_ws/install/project_topics_pkg/lib/python3.8/site-packages:/home/user/ros2_ws/install/project_services_and_actions/lib/python3.8/site-packages:/home/user/ros2_ws/install/project_custom_interfaces/lib/python3.8/site-packages:/home/user/ros2_ws/install/path_planner_server/lib/python3.8/site-packages:/home/user/ros2_ws/install/localization_server/lib/python3.8/site-packages:/home/user/ros2_ws/install/map_server/lib/python3.8/site-packages:/home/user/ros2_ws/install/grasping_msgs/lib/python3.8/site-packages:/home/user/ros2_ws/install/cartographer_slam/lib/python3.8/site-packages:/opt/ros/foxy/lib/python3.8/site-packages _=/usr/bin/env /usr/bin/cmake /home/user/ros2_ws/src/perception_ros2/geometry2/tf2_ros -DCMAKE_INSTALL_PREFIX=/home/user/ros2_ws/install/tf2_ros
[7.220s] Invoking command in '/home/user/ros2_ws/build/tf2_ros': CMAKE_PREFIX_PATH=/home/user/ros2_ws/install/tf2_py:/home/user/ros2_ws/install/tf2_msgs:/home/user/ros2_ws/install/tf2:/home/simulations/ros2_sims_ws/install/ros1_bridge:/home/user/ros2_ws/install/ur_e_description:/home/user/ros2_ws/install/ur3e_moveit2_config:/home/user/ros2_ws/install/geometry2:/home/user/ros2_ws/install/tf2_tools:/home/user/ros2_ws/install/tf2_sensor_msgs:/home/user/ros2_ws/install/test_tf2:/home/user/ros2_ws/install/tf2_kdl:/home/user/ros2_ws/install/simple_grasping:/home/user/ros2_ws/install/perception_pcl:/home/user/ros2_ws/install/pcl_ros:/home/user/ros2_ws/install/tf2_geometry_msgs:/home/user/ros2_ws/install/tf2_eigen:/home/user/ros2_ws/install/tf2_bullet:/home/user/ros2_ws/install/tf2_ros:/home/user/ros2_ws/install/tf2_eigen_kdl:/home/user/ros2_ws/install/start_bridge:/home/user/ros2_ws/install/ros2_control_demos:/home/user/ros2_ws/install/ros2_control_demo_bringup:/home/user/ros2_ws/install/rrbot_description:/home/user/ros2_ws/install/ros2_control_demo_hardware:/home/user/ros2_ws/install/project_part2:/home/user/ros2_ws/install/project_custom_interfaces:/home/user/ros2_ws/install/pcl_conversions:/home/user/ros2_ws/install/my_rb1_description:/home/user/ros2_ws/install/my_moveit2_config:/home/user/ros2_ws/install/moveit2_scripts:/home/user/ros2_ws/install/grasping_msgs:/home/user/ros2_ws/install/diffbot_description:/home/user/ros2_ws/install/examples_tf2_py:/home/user/ros2_ws/install/ros2_control_test_nodes:/home/user/ros2_ws/install/project_topics_pkg:/home/user/ros2_ws/install/project_services_and_actions:/home/user/ros2_ws/install/path_planner_server:/home/user/ros2_ws/install/localization_server:/home/user/ros2_ws/install/map_server:/home/user/ros2_ws/install/cartographer_slam:/opt/ros/foxy LD_LIBRARY_PATH=/home/user/ros2_ws/install/tf2_msgs/lib:/home/user/ros2_ws/install/tf2/lib:/usr/local/cuda-10.2/lib64:/home/user/.catkin_ws_python3/src/TensorRT-7.0.0.11/lib:/home/simulations/ros2_sims_ws/install/ros1_bridge/lib:/home/user/ros2_ws/install/simple_grasping/lib:/home/user/ros2_ws/install/pcl_ros/lib:/home/user/ros2_ws/install/tf2_bullet/lib:/home/user/ros2_ws/install/tf2_ros/lib:/home/user/ros2_ws/install/tf2_eigen_kdl/lib:/home/user/ros2_ws/install/ros2_control_demo_hardware/lib:/home/user/ros2_ws/install/project_part2/lib:/home/user/ros2_ws/install/project_custom_interfaces/lib:/home/user/ros2_ws/install/grasping_msgs/lib:/opt/ros/foxy/opt/yaml_cpp_vendor/lib:/opt/ros/foxy/opt/rviz_ogre_vendor/lib:/opt/ros/foxy/lib/x86_64-linux-gnu:/opt/ros/foxy/lib:/usr/local/cuda-10.2/lib64:/home/user/.catkin_ws_python3/src/TensorRT-7.0.0.11/lib:/usr/local/nvidia/lib:/usr/local/nvidia/lib64:/usr/lib/x86_64-linux-gnu/gazebo-11/plugins:/usr/lib/x86_64-linux-gnu/gazebo-11/plugins PYTHONPATH=/home/user/ros2_ws/install/tf2_py/lib/python3.8/site-packages:/home/user/ros2_ws/install/tf2_msgs/lib/python3.8/site-packages:/home/simulations/ros2_sims_ws/install/ros1_bridge/lib/python3.8/site-packages:/home/user/ros2_ws/install/tf2_kdl/lib/python3.8/site-packages:/home/user/ros2_ws/install/examples_tf2_py/lib/python3.8/site-packages:/home/user/ros2_ws/install/tf2_ros/lib/python3.8/site-packages:/home/user/ros2_ws/install/ros2_control_test_nodes/lib/python3.8/site-packages:/home/user/ros2_ws/install/project_topics_pkg/lib/python3.8/site-packages:/home/user/ros2_ws/install/project_services_and_actions/lib/python3.8/site-packages:/home/user/ros2_ws/install/project_custom_interfaces/lib/python3.8/site-packages:/home/user/ros2_ws/install/path_planner_server/lib/python3.8/site-packages:/home/user/ros2_ws/install/localization_server/lib/python3.8/site-packages:/home/user/ros2_ws/install/map_server/lib/python3.8/site-packages:/home/user/ros2_ws/install/grasping_msgs/lib/python3.8/site-packages:/home/user/ros2_ws/install/cartographer_slam/lib/python3.8/site-packages:/opt/ros/foxy/lib/python3.8/site-packages _=/usr/bin/env /usr/bin/cmake --build /home/user/ros2_ws/build/tf2_ros -- -j8 -l8
[7.341s] [35m[1mScanning dependencies of target gtest[0m
[7.377s] [  2%] [32mBuilding CXX object gtest/CMakeFiles/gtest.dir/src/gtest-all.cc.o[0m
[12.547s] [  5%] [32m[1mLinking CXX static library libgtest.a[0m
[12.702s] [  5%] Built target gtest
[12.758s] [35m[1mScanning dependencies of target gtest_main[0m
[12.788s] [  7%] [32mBuilding CXX object gtest/CMakeFiles/gtest_main.dir/src/gtest_main.cc.o[0m
[13.983s] [ 10%] [32m[1mLinking CXX static library libgtest_main.a[0m
[14.071s] [ 10%] Built target gtest_main
[14.091s] [35m[1mScanning dependencies of target tf2_ros[0m
[14.285s] [ 12%] [32mBuilding CXX object CMakeFiles/tf2_ros.dir/src/buffer.cpp.o[0m
[18.486s] [ 15%] [32mBuilding CXX object CMakeFiles/tf2_ros.dir/src/static_transform_broadcaster.cpp.o[0m
[21.355s] [ 17%] [32mBuilding CXX object CMakeFiles/tf2_ros.dir/src/transform_broadcaster.cpp.o[0m
[24.141s] [ 20%] [32mBuilding CXX object CMakeFiles/tf2_ros.dir/src/buffer_server.cpp.o[0m
[27.430s] [ 22%] [32mBuilding CXX object CMakeFiles/tf2_ros.dir/src/buffer_client.cpp.o[0m
[31.661s] [ 25%] [32mBuilding CXX object CMakeFiles/tf2_ros.dir/src/transform_listener.cpp.o[0m
[39.475s] [ 27%] [32mBuilding CXX object CMakeFiles/tf2_ros.dir/src/create_timer_ros.cpp.o[0m
[42.562s] [ 30%] [32m[1mLinking CXX shared library libtf2_ros.so[0m
[43.030s] [ 30%] Built target tf2_ros
[43.046s] [35m[1mScanning dependencies of target tf2_ros_test_listener[0m
[43.153s] [ 32%] [32mBuilding CXX object CMakeFiles/tf2_ros_test_listener.dir/test/listener_unittest.cpp.o[0m
[51.983s] [ 35%] [32m[1mLinking CXX executable tf2_ros_test_listener[0m
[52.497s] [ 35%] Built target tf2_ros_test_listener
[52.518s] [35m[1mScanning dependencies of target static_transform_broadcaster_node[0m
[52.590s] [ 37%] [32mBuilding CXX object CMakeFiles/static_transform_broadcaster_node.dir/src/static_transform_broadcaster_node.cpp.o[0m
[57.668s] [ 40%] [32m[1mLinking CXX shared library libstatic_transform_broadcaster_node.so[0m
[57.990s] [ 40%] Built target static_transform_broadcaster_node
[58.006s] [35m[1mScanning dependencies of target test_buffer_client[0m
[58.106s] [ 42%] [32mBuilding CXX object CMakeFiles/test_buffer_client.dir/test/test_buffer_client.cpp.o[0m
[64.119s] [ 45%] [32m[1mLinking CXX executable test_buffer_client[0m
[64.596s] [ 45%] Built target test_buffer_client
[64.619s] [35m[1mScanning dependencies of target tf2_ros_test_transform_broadcaster[0m
[64.702s] [ 47%] [32mBuilding CXX object CMakeFiles/tf2_ros_test_transform_broadcaster.dir/test/test_transform_broadcaster.cpp.o[0m
[66.712s] [35m[1mScanning dependencies of target tf2_echo[0m
[66.715s] [35m[1mScanning dependencies of target test_buffer_server[0m
[66.823s] [ 50%] [32mBuilding CXX object CMakeFiles/tf2_echo.dir/src/tf2_echo.cpp.o[0m
[66.859s] [ 52%] [32mBuilding CXX object CMakeFiles/test_buffer_server.dir/test/test_buffer_server.cpp.o[0m
[67.838s] [35m[1mScanning dependencies of target buffer_server[0m
[68.010s] [ 55%] [32mBuilding CXX object CMakeFiles/buffer_server.dir/src/buffer_server_main.cpp.o[0m
[69.018s] [35m[1mScanning dependencies of target tf2_monitor[0m
[69.020s] [35m[1mScanning dependencies of target test_buffer[0m
[69.183s] [35m[1mScanning dependencies of target tf2_ros_test_static_transform_broadcaster[0m
[69.225s] [ 60%] [32mBuilding CXX object CMakeFiles/test_buffer.dir/test/test_buffer.cpp.o[0m
[69.226s] [ 60%] [32mBuilding CXX object CMakeFiles/tf2_monitor.dir/src/tf2_monitor.cpp.o[0m
[69.321s] [ 62%] [32mBuilding CXX object CMakeFiles/tf2_ros_test_static_transform_broadcaster.dir/test/test_static_transform_broadcaster.cpp.o[0m
[70.376s] [35m[1mScanning dependencies of target tf2_ros_test_time_reset[0m
[70.581s] [ 65%] [32mBuilding CXX object CMakeFiles/tf2_ros_test_time_reset.dir/test/time_reset_test.cpp.o[0m
[71.357s] [ 67%] [32m[1mLinking CXX executable tf2_ros_test_transform_broadcaster[0m
[72.032s] [ 70%] [32m[1mLinking CXX executable tf2_echo[0m
[72.147s] [ 70%] Built target tf2_ros_test_transform_broadcaster
[72.509s] [ 70%] Built target tf2_echo
[75.740s] [ 72%] [32m[1mLinking CXX executable buffer_server[0m
[76.117s] [ 75%] [32m[1mLinking CXX executable test_buffer[0m
[76.256s] [ 75%] Built target buffer_server
[76.683s] [ 75%] Built target test_buffer
[76.780s] [ 77%] [32m[1mLinking CXX executable test_buffer_server[0m
[77.111s] [ 80%] [32m[1mLinking CXX executable tf2_ros_test_static_transform_broadcaster[0m
[77.502s] [ 80%] Built target test_buffer_server
[77.546s] [ 80%] Built target tf2_ros_test_static_transform_broadcaster
[78.790s] [ 82%] [32m[1mLinking CXX executable tf2_ros_test_time_reset[0m
[79.270s] [ 82%] Built target tf2_ros_test_time_reset
[80.604s] [ 85%] [32m[1mLinking CXX executable tf2_monitor[0m
[81.041s] [ 85%] Built target tf2_monitor
[81.075s] [35m[1mScanning dependencies of target static_transform_publisher[0m
[81.159s] [ 87%] [32mBuilding CXX object CMakeFiles/static_transform_publisher.dir/src/static_transform_broadcaster_program.cpp.o[0m
[84.384s] [ 90%] [32m[1mLinking CXX executable static_transform_publisher[0m
[84.643s] [ 90%] Built target static_transform_publisher
[84.660s] [35m[1mScanning dependencies of target tf2_ros_test_transform_listener[0m
[84.660s] [35m[1mScanning dependencies of target tf2_ros_test_message_filter[0m
[84.766s] [ 92%] [32mBuilding CXX object CMakeFiles/tf2_ros_test_transform_listener.dir/test/test_transform_listener.cpp.o[0m
[84.792s] [ 95%] [32mBuilding CXX object CMakeFiles/tf2_ros_test_message_filter.dir/test/message_filter_test.cpp.o[0m
[94.316s] [ 97%] [32m[1mLinking CXX executable tf2_ros_test_transform_listener[0m
[94.894s] [ 97%] Built target tf2_ros_test_transform_listener
[96.397s] [100%] [32m[1mLinking CXX executable tf2_ros_test_message_filter[0m
[97.044s] [100%] Built target tf2_ros_test_message_filter
[97.064s] Invoked command in '/home/user/ros2_ws/build/tf2_ros' returned '0': CMAKE_PREFIX_PATH=/home/user/ros2_ws/install/tf2_py:/home/user/ros2_ws/install/tf2_msgs:/home/user/ros2_ws/install/tf2:/home/simulations/ros2_sims_ws/install/ros1_bridge:/home/user/ros2_ws/install/ur_e_description:/home/user/ros2_ws/install/ur3e_moveit2_config:/home/user/ros2_ws/install/geometry2:/home/user/ros2_ws/install/tf2_tools:/home/user/ros2_ws/install/tf2_sensor_msgs:/home/user/ros2_ws/install/test_tf2:/home/user/ros2_ws/install/tf2_kdl:/home/user/ros2_ws/install/simple_grasping:/home/user/ros2_ws/install/perception_pcl:/home/user/ros2_ws/install/pcl_ros:/home/user/ros2_ws/install/tf2_geometry_msgs:/home/user/ros2_ws/install/tf2_eigen:/home/user/ros2_ws/install/tf2_bullet:/home/user/ros2_ws/install/tf2_ros:/home/user/ros2_ws/install/tf2_eigen_kdl:/home/user/ros2_ws/install/start_bridge:/home/user/ros2_ws/install/ros2_control_demos:/home/user/ros2_ws/install/ros2_control_demo_bringup:/home/user/ros2_ws/install/rrbot_description:/home/user/ros2_ws/install/ros2_control_demo_hardware:/home/user/ros2_ws/install/project_part2:/home/user/ros2_ws/install/project_custom_interfaces:/home/user/ros2_ws/install/pcl_conversions:/home/user/ros2_ws/install/my_rb1_description:/home/user/ros2_ws/install/my_moveit2_config:/home/user/ros2_ws/install/moveit2_scripts:/home/user/ros2_ws/install/grasping_msgs:/home/user/ros2_ws/install/diffbot_description:/home/user/ros2_ws/install/examples_tf2_py:/home/user/ros2_ws/install/ros2_control_test_nodes:/home/user/ros2_ws/install/project_topics_pkg:/home/user/ros2_ws/install/project_services_and_actions:/home/user/ros2_ws/install/path_planner_server:/home/user/ros2_ws/install/localization_server:/home/user/ros2_ws/install/map_server:/home/user/ros2_ws/install/cartographer_slam:/opt/ros/foxy LD_LIBRARY_PATH=/home/user/ros2_ws/install/tf2_msgs/lib:/home/user/ros2_ws/install/tf2/lib:/usr/local/cuda-10.2/lib64:/home/user/.catkin_ws_python3/src/TensorRT-7.0.0.11/lib:/home/simulations/ros2_sims_ws/install/ros1_bridge/lib:/home/user/ros2_ws/install/simple_grasping/lib:/home/user/ros2_ws/install/pcl_ros/lib:/home/user/ros2_ws/install/tf2_bullet/lib:/home/user/ros2_ws/install/tf2_ros/lib:/home/user/ros2_ws/install/tf2_eigen_kdl/lib:/home/user/ros2_ws/install/ros2_control_demo_hardware/lib:/home/user/ros2_ws/install/project_part2/lib:/home/user/ros2_ws/install/project_custom_interfaces/lib:/home/user/ros2_ws/install/grasping_msgs/lib:/opt/ros/foxy/opt/yaml_cpp_vendor/lib:/opt/ros/foxy/opt/rviz_ogre_vendor/lib:/opt/ros/foxy/lib/x86_64-linux-gnu:/opt/ros/foxy/lib:/usr/local/cuda-10.2/lib64:/home/user/.catkin_ws_python3/src/TensorRT-7.0.0.11/lib:/usr/local/nvidia/lib:/usr/local/nvidia/lib64:/usr/lib/x86_64-linux-gnu/gazebo-11/plugins:/usr/lib/x86_64-linux-gnu/gazebo-11/plugins PYTHONPATH=/home/user/ros2_ws/install/tf2_py/lib/python3.8/site-packages:/home/user/ros2_ws/install/tf2_msgs/lib/python3.8/site-packages:/home/simulations/ros2_sims_ws/install/ros1_bridge/lib/python3.8/site-packages:/home/user/ros2_ws/install/tf2_kdl/lib/python3.8/site-packages:/home/user/ros2_ws/install/examples_tf2_py/lib/python3.8/site-packages:/home/user/ros2_ws/install/tf2_ros/lib/python3.8/site-packages:/home/user/ros2_ws/install/ros2_control_test_nodes/lib/python3.8/site-packages:/home/user/ros2_ws/install/project_topics_pkg/lib/python3.8/site-packages:/home/user/ros2_ws/install/project_services_and_actions/lib/python3.8/site-packages:/home/user/ros2_ws/install/project_custom_interfaces/lib/python3.8/site-packages:/home/user/ros2_ws/install/path_planner_server/lib/python3.8/site-packages:/home/user/ros2_ws/install/localization_server/lib/python3.8/site-packages:/home/user/ros2_ws/install/map_server/lib/python3.8/site-packages:/home/user/ros2_ws/install/grasping_msgs/lib/python3.8/site-packages:/home/user/ros2_ws/install/cartographer_slam/lib/python3.8/site-packages:/opt/ros/foxy/lib/python3.8/site-packages _=/usr/bin/env /usr/bin/cmake --build /home/user/ros2_ws/build/tf2_ros -- -j8 -l8
[97.408s] Invoking command in '/home/user/ros2_ws/build/tf2_ros': CMAKE_PREFIX_PATH=/home/user/ros2_ws/install/tf2_py:/home/user/ros2_ws/install/tf2_msgs:/home/user/ros2_ws/install/tf2:/home/simulations/ros2_sims_ws/install/ros1_bridge:/home/user/ros2_ws/install/ur_e_description:/home/user/ros2_ws/install/ur3e_moveit2_config:/home/user/ros2_ws/install/geometry2:/home/user/ros2_ws/install/tf2_tools:/home/user/ros2_ws/install/tf2_sensor_msgs:/home/user/ros2_ws/install/test_tf2:/home/user/ros2_ws/install/tf2_kdl:/home/user/ros2_ws/install/simple_grasping:/home/user/ros2_ws/install/perception_pcl:/home/user/ros2_ws/install/pcl_ros:/home/user/ros2_ws/install/tf2_geometry_msgs:/home/user/ros2_ws/install/tf2_eigen:/home/user/ros2_ws/install/tf2_bullet:/home/user/ros2_ws/install/tf2_ros:/home/user/ros2_ws/install/tf2_eigen_kdl:/home/user/ros2_ws/install/start_bridge:/home/user/ros2_ws/install/ros2_control_demos:/home/user/ros2_ws/install/ros2_control_demo_bringup:/home/user/ros2_ws/install/rrbot_description:/home/user/ros2_ws/install/ros2_control_demo_hardware:/home/user/ros2_ws/install/project_part2:/home/user/ros2_ws/install/project_custom_interfaces:/home/user/ros2_ws/install/pcl_conversions:/home/user/ros2_ws/install/my_rb1_description:/home/user/ros2_ws/install/my_moveit2_config:/home/user/ros2_ws/install/moveit2_scripts:/home/user/ros2_ws/install/grasping_msgs:/home/user/ros2_ws/install/diffbot_description:/home/user/ros2_ws/install/examples_tf2_py:/home/user/ros2_ws/install/ros2_control_test_nodes:/home/user/ros2_ws/install/project_topics_pkg:/home/user/ros2_ws/install/project_services_and_actions:/home/user/ros2_ws/install/path_planner_server:/home/user/ros2_ws/install/localization_server:/home/user/ros2_ws/install/map_server:/home/user/ros2_ws/install/cartographer_slam:/opt/ros/foxy LD_LIBRARY_PATH=/home/user/ros2_ws/install/tf2_msgs/lib:/home/user/ros2_ws/install/tf2/lib:/usr/local/cuda-10.2/lib64:/home/user/.catkin_ws_python3/src/TensorRT-7.0.0.11/lib:/home/simulations/ros2_sims_ws/install/ros1_bridge/lib:/home/user/ros2_ws/install/simple_grasping/lib:/home/user/ros2_ws/install/pcl_ros/lib:/home/user/ros2_ws/install/tf2_bullet/lib:/home/user/ros2_ws/install/tf2_ros/lib:/home/user/ros2_ws/install/tf2_eigen_kdl/lib:/home/user/ros2_ws/install/ros2_control_demo_hardware/lib:/home/user/ros2_ws/install/project_part2/lib:/home/user/ros2_ws/install/project_custom_interfaces/lib:/home/user/ros2_ws/install/grasping_msgs/lib:/opt/ros/foxy/opt/yaml_cpp_vendor/lib:/opt/ros/foxy/opt/rviz_ogre_vendor/lib:/opt/ros/foxy/lib/x86_64-linux-gnu:/opt/ros/foxy/lib:/usr/local/cuda-10.2/lib64:/home/user/.catkin_ws_python3/src/TensorRT-7.0.0.11/lib:/usr/local/nvidia/lib:/usr/local/nvidia/lib64:/usr/lib/x86_64-linux-gnu/gazebo-11/plugins:/usr/lib/x86_64-linux-gnu/gazebo-11/plugins PYTHONPATH=/home/user/ros2_ws/install/tf2_py/lib/python3.8/site-packages:/home/user/ros2_ws/install/tf2_msgs/lib/python3.8/site-packages:/home/simulations/ros2_sims_ws/install/ros1_bridge/lib/python3.8/site-packages:/home/user/ros2_ws/install/tf2_kdl/lib/python3.8/site-packages:/home/user/ros2_ws/install/examples_tf2_py/lib/python3.8/site-packages:/home/user/ros2_ws/install/tf2_ros/lib/python3.8/site-packages:/home/user/ros2_ws/install/ros2_control_test_nodes/lib/python3.8/site-packages:/home/user/ros2_ws/install/project_topics_pkg/lib/python3.8/site-packages:/home/user/ros2_ws/install/project_services_and_actions/lib/python3.8/site-packages:/home/user/ros2_ws/install/project_custom_interfaces/lib/python3.8/site-packages:/home/user/ros2_ws/install/path_planner_server/lib/python3.8/site-packages:/home/user/ros2_ws/install/localization_server/lib/python3.8/site-packages:/home/user/ros2_ws/install/map_server/lib/python3.8/site-packages:/home/user/ros2_ws/install/grasping_msgs/lib/python3.8/site-packages:/home/user/ros2_ws/install/cartographer_slam/lib/python3.8/site-packages:/opt/ros/foxy/lib/python3.8/site-packages _=/usr/bin/env /usr/bin/cmake --install /home/user/ros2_ws/build/tf2_ros
[97.425s] -- Install configuration: ""
[97.425s] -- Installing: /home/user/ros2_ws/install/tf2_ros/share/tf2_ros/environment/pythonpath.sh
[97.426s] -- Installing: /home/user/ros2_ws/install/tf2_ros/share/tf2_ros/environment/pythonpath.dsv
[97.426s] -- Installing: /home/user/ros2_ws/install/tf2_ros/lib/python3.8/site-packages/tf2_ros
[97.426s] -- Installing: /home/user/ros2_ws/install/tf2_ros/lib/python3.8/site-packages/tf2_ros/buffer_interface.py
[97.426s] -- Installing: /home/user/ros2_ws/install/tf2_ros/lib/python3.8/site-packages/tf2_ros/transform_listener.py
[97.427s] -- Installing: /home/user/ros2_ws/install/tf2_ros/lib/python3.8/site-packages/tf2_ros/buffer_client.py
[97.427s] -- Installing: /home/user/ros2_ws/install/tf2_ros/lib/python3.8/site-packages/tf2_ros/__init__.py
[97.427s] -- Installing: /home/user/ros2_ws/install/tf2_ros/lib/python3.8/site-packages/tf2_ros/buffer.py
[97.427s] -- Installing: /home/user/ros2_ws/install/tf2_ros/lib/python3.8/site-packages/tf2_ros/static_transform_broadcaster.py
[97.428s] -- Installing: /home/user/ros2_ws/install/tf2_ros/lib/python3.8/site-packages/tf2_ros/transform_broadcaster.py
[97.512s] Listing '/home/user/ros2_ws/install/tf2_ros/lib/python3.8/site-packages/tf2_ros'...
[97.512s] Compiling '/home/user/ros2_ws/install/tf2_ros/lib/python3.8/site-packages/tf2_ros/__init__.py'...
[97.512s] Compiling '/home/user/ros2_ws/install/tf2_ros/lib/python3.8/site-packages/tf2_ros/buffer.py'...
[97.513s] Compiling '/home/user/ros2_ws/install/tf2_ros/lib/python3.8/site-packages/tf2_ros/buffer_client.py'...
[97.513s] Compiling '/home/user/ros2_ws/install/tf2_ros/lib/python3.8/site-packages/tf2_ros/buffer_interface.py'...
[97.513s] Compiling '/home/user/ros2_ws/install/tf2_ros/lib/python3.8/site-packages/tf2_ros/static_transform_broadcaster.py'...
[97.513s] Compiling '/home/user/ros2_ws/install/tf2_ros/lib/python3.8/site-packages/tf2_ros/transform_broadcaster.py'...
[97.513s] Compiling '/home/user/ros2_ws/install/tf2_ros/lib/python3.8/site-packages/tf2_ros/transform_listener.py'...
[97.519s] -- Installing: /home/user/ros2_ws/install/tf2_ros/lib/libtf2_ros.so
[97.527s] -- Set runtime path of "/home/user/ros2_ws/install/tf2_ros/lib/libtf2_ros.so" to ""
[97.528s] -- Installing: /home/user/ros2_ws/install/tf2_ros/lib/libstatic_transform_broadcaster_node.so
[97.532s] -- Set runtime path of "/home/user/ros2_ws/install/tf2_ros/lib/libstatic_transform_broadcaster_node.so" to ""
[97.533s] -- Installing: /home/user/ros2_ws/install/tf2_ros/lib/tf2_ros/buffer_server
[97.536s] -- Set runtime path of "/home/user/ros2_ws/install/tf2_ros/lib/tf2_ros/buffer_server" to ""
[97.536s] -- Installing: /home/user/ros2_ws/install/tf2_ros/lib/tf2_ros/static_transform_publisher
[97.537s] -- Set runtime path of "/home/user/ros2_ws/install/tf2_ros/lib/tf2_ros/static_transform_publisher" to ""
[97.537s] -- Installing: /home/user/ros2_ws/install/tf2_ros/lib/tf2_ros/tf2_echo
[97.538s] -- Set runtime path of "/home/user/ros2_ws/install/tf2_ros/lib/tf2_ros/tf2_echo" to ""
[97.538s] -- Installing: /home/user/ros2_ws/install/tf2_ros/lib/tf2_ros/tf2_monitor
[97.544s] -- Set runtime path of "/home/user/ros2_ws/install/tf2_ros/lib/tf2_ros/tf2_monitor" to ""
[97.544s] -- Installing: /home/user/ros2_ws/install/tf2_ros/include/tf2_ros
[97.544s] -- Installing: /home/user/ros2_ws/install/tf2_ros/include/tf2_ros/buffer_server.h
[97.544s] -- Installing: /home/user/ros2_ws/install/tf2_ros/include/tf2_ros/buffer_client.h
[97.545s] -- Installing: /home/user/ros2_ws/install/tf2_ros/include/tf2_ros/static_transform_broadcaster_visibility_control.h
[97.545s] -- Installing: /home/user/ros2_ws/install/tf2_ros/include/tf2_ros/transform_listener.h
[97.546s] -- Installing: /home/user/ros2_ws/install/tf2_ros/include/tf2_ros/static_transform_broadcaster.h
[97.547s] -- Installing: /home/user/ros2_ws/install/tf2_ros/include/tf2_ros/static_transform_broadcaster_node.hpp
[97.547s] -- Installing: /home/user/ros2_ws/install/tf2_ros/include/tf2_ros/qos.hpp
[97.548s] -- Installing: /home/user/ros2_ws/install/tf2_ros/include/tf2_ros/async_buffer_interface.h
[97.548s] -- Installing: /home/user/ros2_ws/install/tf2_ros/include/tf2_ros/transform_broadcaster.h
[97.549s] -- Installing: /home/user/ros2_ws/install/tf2_ros/include/tf2_ros/buffer.h
[97.549s] -- Installing: /home/user/ros2_ws/install/tf2_ros/include/tf2_ros/visibility_control.h
[97.550s] -- Installing: /home/user/ros2_ws/install/tf2_ros/include/tf2_ros/create_timer_ros.h
[97.550s] -- Installing: /home/user/ros2_ws/install/tf2_ros/include/tf2_ros/message_filter.h
[97.550s] -- Installing: /home/user/ros2_ws/install/tf2_ros/include/tf2_ros/create_timer_interface.h
[97.551s] -- Installing: /home/user/ros2_ws/install/tf2_ros/include/tf2_ros/buffer_interface.h
[97.551s] -- Installing: /home/user/ros2_ws/install/tf2_ros/share/tf2_ros/environment/library_path.sh
[97.551s] -- Installing: /home/user/ros2_ws/install/tf2_ros/share/tf2_ros/environment/library_path.dsv
[97.552s] -- Installing: /home/user/ros2_ws/install/tf2_ros/share/ament_index/resource_index/package_run_dependencies/tf2_ros
[97.552s] -- Installing: /home/user/ros2_ws/install/tf2_ros/share/ament_index/resource_index/parent_prefix_path/tf2_ros
[97.553s] -- Installing: /home/user/ros2_ws/install/tf2_ros/share/tf2_ros/environment/ament_prefix_path.sh
[97.553s] -- Installing: /home/user/ros2_ws/install/tf2_ros/share/tf2_ros/environment/ament_prefix_path.dsv
[97.553s] -- Installing: /home/user/ros2_ws/install/tf2_ros/share/tf2_ros/environment/path.sh
[97.554s] -- Installing: /home/user/ros2_ws/install/tf2_ros/share/tf2_ros/environment/path.dsv
[97.554s] -- Installing: /home/user/ros2_ws/install/tf2_ros/share/tf2_ros/local_setup.bash
[97.554s] -- Installing: /home/user/ros2_ws/install/tf2_ros/share/tf2_ros/local_setup.sh
[97.555s] -- Installing: /home/user/ros2_ws/install/tf2_ros/share/tf2_ros/local_setup.zsh
[97.555s] -- Installing: /home/user/ros2_ws/install/tf2_ros/share/tf2_ros/local_setup.dsv
[97.555s] -- Installing: /home/user/ros2_ws/install/tf2_ros/share/tf2_ros/package.dsv
[97.556s] -- Installing: /home/user/ros2_ws/install/tf2_ros/share/ament_index/resource_index/packages/tf2_ros
[97.556s] -- Installing: /home/user/ros2_ws/install/tf2_ros/share/ament_index/resource_index/rclcpp_components/tf2_ros
[97.557s] -- Installing: /home/user/ros2_ws/install/tf2_ros/share/tf2_ros/cmake/tf2_rosExport.cmake
[97.557s] -- Installing: /home/user/ros2_ws/install/tf2_ros/share/tf2_ros/cmake/tf2_rosExport-noconfig.cmake
[97.557s] -- Installing: /home/user/ros2_ws/install/tf2_ros/share/tf2_ros/cmake/static_transform_broadcaster_nodeExport.cmake
[97.558s] -- Installing: /home/user/ros2_ws/install/tf2_ros/share/tf2_ros/cmake/static_transform_broadcaster_nodeExport-noconfig.cmake
[97.558s] -- Installing: /home/user/ros2_ws/install/tf2_ros/share/tf2_ros/cmake/ament_cmake_export_include_directories-extras.cmake
[97.558s] -- Installing: /home/user/ros2_ws/install/tf2_ros/share/tf2_ros/cmake/ament_cmake_export_libraries-extras.cmake
[97.559s] -- Installing: /home/user/ros2_ws/install/tf2_ros/share/tf2_ros/cmake/ament_cmake_export_targets-extras.cmake
[97.559s] -- Installing: /home/user/ros2_ws/install/tf2_ros/share/tf2_ros/cmake/ament_cmake_export_dependencies-extras.cmake
[97.568s] -- Installing: /home/user/ros2_ws/install/tf2_ros/share/tf2_ros/cmake/tf2_rosConfig.cmake
[97.569s] -- Installing: /home/user/ros2_ws/install/tf2_ros/share/tf2_ros/cmake/tf2_rosConfig-version.cmake
[97.569s] -- Installing: /home/user/ros2_ws/install/tf2_ros/share/tf2_ros/package.xml
[97.571s] Invoked command in '/home/user/ros2_ws/build/tf2_ros' returned '0': CMAKE_PREFIX_PATH=/home/user/ros2_ws/install/tf2_py:/home/user/ros2_ws/install/tf2_msgs:/home/user/ros2_ws/install/tf2:/home/simulations/ros2_sims_ws/install/ros1_bridge:/home/user/ros2_ws/install/ur_e_description:/home/user/ros2_ws/install/ur3e_moveit2_config:/home/user/ros2_ws/install/geometry2:/home/user/ros2_ws/install/tf2_tools:/home/user/ros2_ws/install/tf2_sensor_msgs:/home/user/ros2_ws/install/test_tf2:/home/user/ros2_ws/install/tf2_kdl:/home/user/ros2_ws/install/simple_grasping:/home/user/ros2_ws/install/perception_pcl:/home/user/ros2_ws/install/pcl_ros:/home/user/ros2_ws/install/tf2_geometry_msgs:/home/user/ros2_ws/install/tf2_eigen:/home/user/ros2_ws/install/tf2_bullet:/home/user/ros2_ws/install/tf2_ros:/home/user/ros2_ws/install/tf2_eigen_kdl:/home/user/ros2_ws/install/start_bridge:/home/user/ros2_ws/install/ros2_control_demos:/home/user/ros2_ws/install/ros2_control_demo_bringup:/home/user/ros2_ws/install/rrbot_description:/home/user/ros2_ws/install/ros2_control_demo_hardware:/home/user/ros2_ws/install/project_part2:/home/user/ros2_ws/install/project_custom_interfaces:/home/user/ros2_ws/install/pcl_conversions:/home/user/ros2_ws/install/my_rb1_description:/home/user/ros2_ws/install/my_moveit2_config:/home/user/ros2_ws/install/moveit2_scripts:/home/user/ros2_ws/install/grasping_msgs:/home/user/ros2_ws/install/diffbot_description:/home/user/ros2_ws/install/examples_tf2_py:/home/user/ros2_ws/install/ros2_control_test_nodes:/home/user/ros2_ws/install/project_topics_pkg:/home/user/ros2_ws/install/project_services_and_actions:/home/user/ros2_ws/install/path_planner_server:/home/user/ros2_ws/install/localization_server:/home/user/ros2_ws/install/map_server:/home/user/ros2_ws/install/cartographer_slam:/opt/ros/foxy LD_LIBRARY_PATH=/home/user/ros2_ws/install/tf2_msgs/lib:/home/user/ros2_ws/install/tf2/lib:/usr/local/cuda-10.2/lib64:/home/user/.catkin_ws_python3/src/TensorRT-7.0.0.11/lib:/home/simulations/ros2_sims_ws/install/ros1_bridge/lib:/home/user/ros2_ws/install/simple_grasping/lib:/home/user/ros2_ws/install/pcl_ros/lib:/home/user/ros2_ws/install/tf2_bullet/lib:/home/user/ros2_ws/install/tf2_ros/lib:/home/user/ros2_ws/install/tf2_eigen_kdl/lib:/home/user/ros2_ws/install/ros2_control_demo_hardware/lib:/home/user/ros2_ws/install/project_part2/lib:/home/user/ros2_ws/install/project_custom_interfaces/lib:/home/user/ros2_ws/install/grasping_msgs/lib:/opt/ros/foxy/opt/yaml_cpp_vendor/lib:/opt/ros/foxy/opt/rviz_ogre_vendor/lib:/opt/ros/foxy/lib/x86_64-linux-gnu:/opt/ros/foxy/lib:/usr/local/cuda-10.2/lib64:/home/user/.catkin_ws_python3/src/TensorRT-7.0.0.11/lib:/usr/local/nvidia/lib:/usr/local/nvidia/lib64:/usr/lib/x86_64-linux-gnu/gazebo-11/plugins:/usr/lib/x86_64-linux-gnu/gazebo-11/plugins PYTHONPATH=/home/user/ros2_ws/install/tf2_py/lib/python3.8/site-packages:/home/user/ros2_ws/install/tf2_msgs/lib/python3.8/site-packages:/home/simulations/ros2_sims_ws/install/ros1_bridge/lib/python3.8/site-packages:/home/user/ros2_ws/install/tf2_kdl/lib/python3.8/site-packages:/home/user/ros2_ws/install/examples_tf2_py/lib/python3.8/site-packages:/home/user/ros2_ws/install/tf2_ros/lib/python3.8/site-packages:/home/user/ros2_ws/install/ros2_control_test_nodes/lib/python3.8/site-packages:/home/user/ros2_ws/install/project_topics_pkg/lib/python3.8/site-packages:/home/user/ros2_ws/install/project_services_and_actions/lib/python3.8/site-packages:/home/user/ros2_ws/install/project_custom_interfaces/lib/python3.8/site-packages:/home/user/ros2_ws/install/path_planner_server/lib/python3.8/site-packages:/home/user/ros2_ws/install/localization_server/lib/python3.8/site-packages:/home/user/ros2_ws/install/map_server/lib/python3.8/site-packages:/home/user/ros2_ws/install/grasping_msgs/lib/python3.8/site-packages:/home/user/ros2_ws/install/cartographer_slam/lib/python3.8/site-packages:/opt/ros/foxy/lib/python3.8/site-packages _=/usr/bin/env /usr/bin/cmake --install /home/user/ros2_ws/build/tf2_ros
