[0.054s] DEBUG:colcon:Command line arguments: ['/usr/bin/colcon', 'build']
[0.054s] DEBUG:colcon:Parsed command line arguments: Namespace(log_base=None, log_level=None, verb_name='build', build_base='build', install_base='install', merge_install=False, symlink_install=False, test_result_base=None, continue_on_error=False, executor='parallel', parallel_workers=32, event_handlers=None, ignore_user_meta=False, metas=['./colcon.meta'], base_paths=['.'], packages_ignore=None, packages_ignore_regex=None, paths=None, packages_up_to=None, packages_up_to_regex=None, packages_above=None, packages_above_and_dependencies=None, packages_above_depth=None, packages_select_by_dep=None, packages_skip_by_dep=None, packages_skip_up_to=None, packages_select_build_failed=False, packages_skip_build_finished=False, packages_select_test_failures=False, packages_skip_test_passed=False, packages_select=None, packages_skip=None, packages_select_regex=None, packages_skip_regex=None, packages_start=None, packages_end=None, allow_overriding=[], cmake_args=None, cmake_target=None, cmake_target_skip_unavailable=False, cmake_clean_cache=False, cmake_clean_first=False, cmake_force_configure=False, ament_cmake_args=None, catkin_cmake_args=None, catkin_skip_building_tests=False, mixin_files=None, mixin=None, verb_parser=<colcon_mixin.mixin.mixin_argument.MixinArgumentDecorator object at 0x7b9f232413f0>, verb_extension=<colcon_core.verb.build.BuildVerb object at 0x7b9f23240fa0>, main=<bound method BuildVerb.main of <colcon_core.verb.build.BuildVerb object at 0x7b9f23240fa0>>, mixin_verb=('build',))
[0.145s] Level 1:colcon.colcon_core.package_discovery:discover_packages(colcon_meta) check parameters
[0.145s] Level 1:colcon.colcon_core.package_discovery:discover_packages(recursive) check parameters
[0.145s] Level 1:colcon.colcon_core.package_discovery:discover_packages(ignore) check parameters
[0.145s] Level 1:colcon.colcon_core.package_discovery:discover_packages(path) check parameters
[0.145s] Level 1:colcon.colcon_core.package_discovery:discover_packages(colcon_meta) discover
[0.145s] Level 1:colcon.colcon_core.package_discovery:discover_packages(recursive) discover
[0.145s] INFO:colcon.colcon_core.package_discovery:Crawling recursively for packages in '/home/steven/ros2_ws/src/blob_ws_1207'
[0.145s] Level 1:colcon.colcon_core.package_identification:_identify(.) by extensions ['ignore', 'ignore_ament_install']
[0.146s] Level 1:colcon.colcon_core.package_identification:_identify(.) by extension 'ignore'
[0.146s] Level 1:colcon.colcon_core.package_identification:_identify(.) by extension 'ignore_ament_install'
[0.146s] Level 1:colcon.colcon_core.package_identification:_identify(.) by extensions ['colcon_pkg']
[0.146s] Level 1:colcon.colcon_core.package_identification:_identify(.) by extension 'colcon_pkg'
[0.146s] Level 1:colcon.colcon_core.package_identification:_identify(.) by extensions ['colcon_meta']
[0.146s] Level 1:colcon.colcon_core.package_identification:_identify(.) by extension 'colcon_meta'
[0.146s] Level 1:colcon.colcon_core.package_identification:_identify(.) by extensions ['ros']
[0.146s] Level 1:colcon.colcon_core.package_identification:_identify(.) by extension 'ros'
[0.155s] Level 1:colcon.colcon_core.package_identification:_identify(.) by extensions ['cmake', 'python']
[0.155s] Level 1:colcon.colcon_core.package_identification:_identify(.) by extension 'cmake'
[0.155s] Level 1:colcon.colcon_core.package_identification:_identify(.) by extension 'python'
[0.155s] Level 1:colcon.colcon_core.package_identification:_identify(.) by extensions ['python_setup_py']
[0.155s] Level 1:colcon.colcon_core.package_identification:_identify(.) by extension 'python_setup_py'
[0.155s] Level 1:colcon.colcon_core.package_identification:_identify(blob_ws) by extensions ['ignore', 'ignore_ament_install']
[0.155s] Level 1:colcon.colcon_core.package_identification:_identify(blob_ws) by extension 'ignore'
[0.155s] Level 1:colcon.colcon_core.package_identification:_identify(blob_ws) by extension 'ignore_ament_install'
[0.155s] Level 1:colcon.colcon_core.package_identification:_identify(blob_ws) by extensions ['colcon_pkg']
[0.155s] Level 1:colcon.colcon_core.package_identification:_identify(blob_ws) by extension 'colcon_pkg'
[0.155s] Level 1:colcon.colcon_core.package_identification:_identify(blob_ws) by extensions ['colcon_meta']
[0.155s] Level 1:colcon.colcon_core.package_identification:_identify(blob_ws) by extension 'colcon_meta'
[0.155s] Level 1:colcon.colcon_core.package_identification:_identify(blob_ws) by extensions ['ros']
[0.155s] Level 1:colcon.colcon_core.package_identification:_identify(blob_ws) by extension 'ros'
[0.155s] Level 1:colcon.colcon_core.package_identification:_identify(blob_ws) by extensions ['cmake', 'python']
[0.155s] Level 1:colcon.colcon_core.package_identification:_identify(blob_ws) by extension 'cmake'
[0.155s] Level 1:colcon.colcon_core.package_identification:_identify(blob_ws) by extension 'python'
[0.155s] Level 1:colcon.colcon_core.package_identification:_identify(blob_ws) by extensions ['python_setup_py']
[0.155s] Level 1:colcon.colcon_core.package_identification:_identify(blob_ws) by extension 'python_setup_py'
[0.155s] Level 1:colcon.colcon_core.package_identification:_identify(blob_ws/build) by extensions ['ignore', 'ignore_ament_install']
[0.155s] Level 1:colcon.colcon_core.package_identification:_identify(blob_ws/build) by extension 'ignore'
[0.155s] Level 1:colcon.colcon_core.package_identification:_identify(blob_ws/build) ignored
[0.155s] Level 1:colcon.colcon_core.package_identification:_identify(blob_ws/install) by extensions ['ignore', 'ignore_ament_install']
[0.155s] Level 1:colcon.colcon_core.package_identification:_identify(blob_ws/install) by extension 'ignore'
[0.156s] Level 1:colcon.colcon_core.package_identification:_identify(blob_ws/install) ignored
[0.156s] Level 1:colcon.colcon_core.package_identification:_identify(blob_ws/log) by extensions ['ignore', 'ignore_ament_install']
[0.156s] Level 1:colcon.colcon_core.package_identification:_identify(blob_ws/log) by extension 'ignore'
[0.156s] Level 1:colcon.colcon_core.package_identification:_identify(blob_ws/log) ignored
[0.156s] Level 1:colcon.colcon_core.package_identification:_identify(blob_ws/src) by extensions ['ignore', 'ignore_ament_install']
[0.156s] Level 1:colcon.colcon_core.package_identification:_identify(blob_ws/src) by extension 'ignore'
[0.156s] Level 1:colcon.colcon_core.package_identification:_identify(blob_ws/src) by extension 'ignore_ament_install'
[0.156s] Level 1:colcon.colcon_core.package_identification:_identify(blob_ws/src) by extensions ['colcon_pkg']
[0.156s] Level 1:colcon.colcon_core.package_identification:_identify(blob_ws/src) by extension 'colcon_pkg'
[0.156s] Level 1:colcon.colcon_core.package_identification:_identify(blob_ws/src) by extensions ['colcon_meta']
[0.156s] Level 1:colcon.colcon_core.package_identification:_identify(blob_ws/src) by extension 'colcon_meta'
[0.156s] Level 1:colcon.colcon_core.package_identification:_identify(blob_ws/src) by extensions ['ros']
[0.156s] Level 1:colcon.colcon_core.package_identification:_identify(blob_ws/src) by extension 'ros'
[0.156s] Level 1:colcon.colcon_core.package_identification:_identify(blob_ws/src) by extensions ['cmake', 'python']
[0.156s] Level 1:colcon.colcon_core.package_identification:_identify(blob_ws/src) by extension 'cmake'
[0.156s] Level 1:colcon.colcon_core.package_identification:_identify(blob_ws/src) by extension 'python'
[0.156s] Level 1:colcon.colcon_core.package_identification:_identify(blob_ws/src) by extensions ['python_setup_py']
[0.156s] Level 1:colcon.colcon_core.package_identification:_identify(blob_ws/src) by extension 'python_setup_py'
[0.156s] Level 1:colcon.colcon_core.package_identification:_identify(blob_ws/src/blob_detector) by extensions ['ignore', 'ignore_ament_install']
[0.156s] Level 1:colcon.colcon_core.package_identification:_identify(blob_ws/src/blob_detector) by extension 'ignore'
[0.156s] Level 1:colcon.colcon_core.package_identification:_identify(blob_ws/src/blob_detector) by extension 'ignore_ament_install'
[0.156s] Level 1:colcon.colcon_core.package_identification:_identify(blob_ws/src/blob_detector) by extensions ['colcon_pkg']
[0.156s] Level 1:colcon.colcon_core.package_identification:_identify(blob_ws/src/blob_detector) by extension 'colcon_pkg'
[0.156s] Level 1:colcon.colcon_core.package_identification:_identify(blob_ws/src/blob_detector) by extensions ['colcon_meta']
[0.156s] Level 1:colcon.colcon_core.package_identification:_identify(blob_ws/src/blob_detector) by extension 'colcon_meta'
[0.156s] Level 1:colcon.colcon_core.package_identification:_identify(blob_ws/src/blob_detector) by extensions ['ros']
[0.156s] Level 1:colcon.colcon_core.package_identification:_identify(blob_ws/src/blob_detector) by extension 'ros'
[0.157s] DEBUG:colcon.colcon_core.package_identification:Package 'blob_ws/src/blob_detector' with type 'ros.ament_python' and name 'blob_detector'
[0.157s] Level 1:colcon.colcon_core.package_identification:_identify(build) by extensions ['ignore', 'ignore_ament_install']
[0.157s] Level 1:colcon.colcon_core.package_identification:_identify(build) by extension 'ignore'
[0.157s] Level 1:colcon.colcon_core.package_identification:_identify(build) ignored
[0.157s] Level 1:colcon.colcon_core.package_identification:_identify(install) by extensions ['ignore', 'ignore_ament_install']
[0.157s] Level 1:colcon.colcon_core.package_identification:_identify(install) by extension 'ignore'
[0.157s] Level 1:colcon.colcon_core.package_identification:_identify(install) ignored
[0.157s] Level 1:colcon.colcon_core.package_identification:_identify(log) by extensions ['ignore', 'ignore_ament_install']
[0.157s] Level 1:colcon.colcon_core.package_identification:_identify(log) by extension 'ignore'
[0.157s] Level 1:colcon.colcon_core.package_identification:_identify(log) ignored
[0.157s] Level 1:colcon.colcon_core.package_discovery:discover_packages(recursive) using defaults
[0.157s] Level 1:colcon.colcon_core.package_discovery:discover_packages(ignore) discover
[0.157s] Level 1:colcon.colcon_core.package_discovery:discover_packages(ignore) using defaults
[0.157s] Level 1:colcon.colcon_core.package_discovery:discover_packages(path) discover
[0.158s] Level 1:colcon.colcon_core.package_discovery:discover_packages(path) using defaults
[0.167s] Level 1:colcon.colcon_core.package_discovery:discover_packages(prefix_path) check parameters
[0.167s] Level 1:colcon.colcon_core.package_discovery:discover_packages(prefix_path) discover
[0.168s] DEBUG:colcon.colcon_installed_package_information.package_discovery:Found 1 installed packages in /home/steven/ros2_ws/src/blob_ws_1207/install
[0.169s] DEBUG:colcon.colcon_installed_package_information.package_discovery:Found 55 installed packages in /home/steven/ws_moveit2/install
[0.169s] DEBUG:colcon.colcon_installed_package_information.package_discovery:Found 380 installed packages in /opt/ros/humble
[0.171s] Level 1:colcon.colcon_core.package_discovery:discover_packages(prefix_path) using defaults
[0.192s] Level 5:colcon.colcon_core.verb:set package 'blob_detector' build argument 'cmake_args' from command line to 'None'
[0.192s] Level 5:colcon.colcon_core.verb:set package 'blob_detector' build argument 'cmake_target' from command line to 'None'
[0.192s] Level 5:colcon.colcon_core.verb:set package 'blob_detector' build argument 'cmake_target_skip_unavailable' from command line to 'False'
[0.192s] Level 5:colcon.colcon_core.verb:set package 'blob_detector' build argument 'cmake_clean_cache' from command line to 'False'
[0.192s] Level 5:colcon.colcon_core.verb:set package 'blob_detector' build argument 'cmake_clean_first' from command line to 'False'
[0.192s] Level 5:colcon.colcon_core.verb:set package 'blob_detector' build argument 'cmake_force_configure' from command line to 'False'
[0.192s] Level 5:colcon.colcon_core.verb:set package 'blob_detector' build argument 'ament_cmake_args' from command line to 'None'
[0.192s] Level 5:colcon.colcon_core.verb:set package 'blob_detector' build argument 'catkin_cmake_args' from command line to 'None'
[0.192s] Level 5:colcon.colcon_core.verb:set package 'blob_detector' build argument 'catkin_skip_building_tests' from command line to 'False'
[0.192s] DEBUG:colcon.colcon_core.verb:Building package 'blob_detector' with the following arguments: {'ament_cmake_args': None, 'build_base': '/home/steven/ros2_ws/src/blob_ws_1207/build/blob_detector', 'catkin_cmake_args': None, 'catkin_skip_building_tests': False, 'cmake_args': None, 'cmake_clean_cache': False, 'cmake_clean_first': False, 'cmake_force_configure': False, 'cmake_target': None, 'cmake_target_skip_unavailable': False, 'install_base': '/home/steven/ros2_ws/src/blob_ws_1207/install/blob_detector', 'merge_install': False, 'path': '/home/steven/ros2_ws/src/blob_ws_1207/blob_ws/src/blob_detector', 'symlink_install': False, 'test_result_base': None}
[0.192s] INFO:colcon.colcon_core.executor:Executing jobs using 'parallel' executor
[0.192s] DEBUG:colcon.colcon_parallel_executor.executor.parallel:run_until_complete
[0.193s] INFO:colcon.colcon_ros.task.ament_python.build:Building ROS package in '/home/steven/ros2_ws/src/blob_ws_1207/blob_ws/src/blob_detector' with build type 'ament_python'
[0.193s] Level 1:colcon.colcon_core.shell:create_environment_hook('blob_detector', 'ament_prefix_path')
[0.194s] INFO:colcon.colcon_core.plugin_system:Skipping extension 'colcon_core.shell.bat': Not used on non-Windows systems
[0.194s] INFO:colcon.colcon_core.shell:Creating environment hook '/home/steven/ros2_ws/src/blob_ws_1207/install/blob_detector/share/blob_detector/hook/ament_prefix_path.ps1'
[0.194s] INFO:colcon.colcon_core.shell:Creating environment descriptor '/home/steven/ros2_ws/src/blob_ws_1207/install/blob_detector/share/blob_detector/hook/ament_prefix_path.dsv'
[0.194s] INFO:colcon.colcon_core.shell:Creating environment hook '/home/steven/ros2_ws/src/blob_ws_1207/install/blob_detector/share/blob_detector/hook/ament_prefix_path.sh'
[0.194s] INFO:colcon.colcon_core.shell:Skip shell extension 'powershell' for command environment: Not usable outside of PowerShell
[0.194s] DEBUG:colcon.colcon_core.shell:Skip shell extension 'dsv' for command environment
[0.321s] INFO:colcon.colcon_core.task.python.build:Building Python package in '/home/steven/ros2_ws/src/blob_ws_1207/blob_ws/src/blob_detector'
[0.321s] INFO:colcon.colcon_core.shell:Skip shell extension 'powershell' for command environment: Not usable outside of PowerShell
[0.321s] DEBUG:colcon.colcon_core.shell:Skip shell extension 'dsv' for command environment
[0.513s] DEBUG:colcon.colcon_core.event_handler.log_command:Invoking command in '/home/steven/ros2_ws/src/blob_ws_1207/blob_ws/src/blob_detector': PYTHONPATH=/home/steven/ros2_ws/src/blob_ws_1207/build/blob_detector/prefix_override:/usr/lib/python3/dist-packages/colcon_core/task/python/colcon_distutils_commands:/home/steven/ros2_ws/src/blob_ws_1207/install/blob_detector/lib/python3.10/site-packages:${PYTHONPATH} /usr/bin/python3 -W ignore:setup.py install is deprecated -W ignore:easy_install command is deprecated setup.py egg_info --egg-base ../../../build/blob_detector build --build-base /home/steven/ros2_ws/src/blob_ws_1207/build/blob_detector/build install --record /home/steven/ros2_ws/src/blob_ws_1207/build/blob_detector/install.log --single-version-externally-managed install_data
[0.654s] DEBUG:colcon.colcon_core.event_handler.log_command:Invoked command in '/home/steven/ros2_ws/src/blob_ws_1207/blob_ws/src/blob_detector' returned '0': PYTHONPATH=/home/steven/ros2_ws/src/blob_ws_1207/build/blob_detector/prefix_override:/usr/lib/python3/dist-packages/colcon_core/task/python/colcon_distutils_commands:/home/steven/ros2_ws/src/blob_ws_1207/install/blob_detector/lib/python3.10/site-packages:${PYTHONPATH} /usr/bin/python3 -W ignore:setup.py install is deprecated -W ignore:easy_install command is deprecated setup.py egg_info --egg-base ../../../build/blob_detector build --build-base /home/steven/ros2_ws/src/blob_ws_1207/build/blob_detector/build install --record /home/steven/ros2_ws/src/blob_ws_1207/build/blob_detector/install.log --single-version-externally-managed install_data
[0.654s] Level 1:colcon.colcon_core.environment:checking '/home/steven/ros2_ws/src/blob_ws_1207/install/blob_detector' for CMake module files
[0.655s] Level 1:colcon.colcon_core.environment:checking '/home/steven/ros2_ws/src/blob_ws_1207/install/blob_detector' for CMake config files
[0.655s] Level 1:colcon.colcon_core.environment:checking '/home/steven/ros2_ws/src/blob_ws_1207/install/blob_detector/lib'
[0.655s] Level 1:colcon.colcon_core.environment:checking '/home/steven/ros2_ws/src/blob_ws_1207/install/blob_detector/bin'
[0.655s] Level 1:colcon.colcon_core.environment:checking '/home/steven/ros2_ws/src/blob_ws_1207/install/blob_detector/lib/pkgconfig/blob_detector.pc'
[0.655s] Level 1:colcon.colcon_core.environment:checking '/home/steven/ros2_ws/src/blob_ws_1207/install/blob_detector/lib/python3.10/site-packages'
[0.655s] Level 1:colcon.colcon_core.shell:create_environment_hook('blob_detector', 'pythonpath')
[0.655s] INFO:colcon.colcon_core.shell:Creating environment hook '/home/steven/ros2_ws/src/blob_ws_1207/install/blob_detector/share/blob_detector/hook/pythonpath.ps1'
[0.656s] INFO:colcon.colcon_core.shell:Creating environment descriptor '/home/steven/ros2_ws/src/blob_ws_1207/install/blob_detector/share/blob_detector/hook/pythonpath.dsv'
[0.656s] INFO:colcon.colcon_core.shell:Creating environment hook '/home/steven/ros2_ws/src/blob_ws_1207/install/blob_detector/share/blob_detector/hook/pythonpath.sh'
[0.656s] Level 1:colcon.colcon_core.environment:checking '/home/steven/ros2_ws/src/blob_ws_1207/install/blob_detector/bin'
[0.656s] Level 1:colcon.colcon_core.environment:create_environment_scripts_only(blob_detector)
[0.656s] INFO:colcon.colcon_core.shell:Creating package script '/home/steven/ros2_ws/src/blob_ws_1207/install/blob_detector/share/blob_detector/package.ps1'
[0.656s] INFO:colcon.colcon_core.shell:Creating package descriptor '/home/steven/ros2_ws/src/blob_ws_1207/install/blob_detector/share/blob_detector/package.dsv'
[0.657s] INFO:colcon.colcon_core.shell:Creating package script '/home/steven/ros2_ws/src/blob_ws_1207/install/blob_detector/share/blob_detector/package.sh'
[0.657s] INFO:colcon.colcon_core.shell:Creating package script '/home/steven/ros2_ws/src/blob_ws_1207/install/blob_detector/share/blob_detector/package.bash'
[0.657s] INFO:colcon.colcon_core.shell:Creating package script '/home/steven/ros2_ws/src/blob_ws_1207/install/blob_detector/share/blob_detector/package.zsh'
[0.657s] Level 1:colcon.colcon_core.environment:create_file_with_runtime_dependencies(/home/steven/ros2_ws/src/blob_ws_1207/install/blob_detector/share/colcon-core/packages/blob_detector)
[0.657s] DEBUG:colcon.colcon_parallel_executor.executor.parallel:closing loop
[0.657s] DEBUG:colcon.colcon_parallel_executor.executor.parallel:loop closed
[0.657s] DEBUG:colcon.colcon_parallel_executor.executor.parallel:run_until_complete finished with '0'
[0.657s] DEBUG:colcon.colcon_core.event_reactor:joining thread
[0.661s] INFO:colcon.colcon_core.plugin_system:Skipping extension 'colcon_notification.desktop_notification.terminal_notifier': Not used on non-Darwin systems
[0.661s] INFO:colcon.colcon_core.plugin_system:Skipping extension 'colcon_notification.desktop_notification.win32': Not used on non-Windows systems
[0.661s] INFO:colcon.colcon_notification.desktop_notification:Sending desktop notification using 'notify2'
[0.668s] DEBUG:colcon.colcon_core.event_reactor:joined thread
[0.669s] INFO:colcon.colcon_core.shell:Creating prefix script '/home/steven/ros2_ws/src/blob_ws_1207/install/local_setup.ps1'
[0.669s] INFO:colcon.colcon_core.shell:Creating prefix util module '/home/steven/ros2_ws/src/blob_ws_1207/install/_local_setup_util_ps1.py'
[0.670s] INFO:colcon.colcon_core.shell:Creating prefix chain script '/home/steven/ros2_ws/src/blob_ws_1207/install/setup.ps1'
[0.672s] INFO:colcon.colcon_core.shell:Creating prefix script '/home/steven/ros2_ws/src/blob_ws_1207/install/local_setup.sh'
[0.672s] INFO:colcon.colcon_core.shell:Creating prefix util module '/home/steven/ros2_ws/src/blob_ws_1207/install/_local_setup_util_sh.py'
[0.672s] INFO:colcon.colcon_core.shell:Creating prefix chain script '/home/steven/ros2_ws/src/blob_ws_1207/install/setup.sh'
[0.673s] INFO:colcon.colcon_core.shell:Creating prefix script '/home/steven/ros2_ws/src/blob_ws_1207/install/local_setup.bash'
[0.674s] INFO:colcon.colcon_core.shell:Creating prefix chain script '/home/steven/ros2_ws/src/blob_ws_1207/install/setup.bash'
[0.674s] INFO:colcon.colcon_core.shell:Creating prefix script '/home/steven/ros2_ws/src/blob_ws_1207/install/local_setup.zsh'
[0.675s] INFO:colcon.colcon_core.shell:Creating prefix chain script '/home/steven/ros2_ws/src/blob_ws_1207/install/setup.zsh'
