[01m[K/home/steven/ros2_ws/src/first_stage/src/first_stage_endeffector/src/first_stage_endeffector.cpp:201:2:[m[K [01;31m[Kerror: [m[Kexpected ‘[01m[K}[m[K’ at end of input
  201 | }
      |  [01;31m[K^[m[K
[01m[K/home/steven/ros2_ws/src/first_stage/src/first_stage_endeffector/src/first_stage_endeffector.cpp:16:1:[m[K [01;36m[Knote: [m[Kto match this ‘[01m[K{[m[K’
   16 | [01;36m[K{[m[K
      | [01;36m[K^[m[K
[01m[K/home/steven/ros2_ws/src/first_stage/src/first_stage_endeffector/src/first_stage_endeffector.cpp:[m[K In constructor ‘[01m[KRobotController::RobotController()[m[K’:
[01m[K/home/steven/ros2_ws/src/first_stage/src/first_stage_endeffector/src/first_stage_endeffector.cpp:20:5:[m[K [01;31m[Kerror: [m[K‘[01m[Kcoordinates_subscription[m[K’ was not declared in this scope; did you mean ‘[01m[Kcreate_subscription[m[K’?
   20 |     [01;31m[Kcoordinates_subscription[m[K = this->create_subscription<geometry_msgs::msg::Point>(
      |     [01;31m[K^~~~~~~~~~~~~~~~~~~~~~~~[m[K
      |     [32m[Kcreate_subscription[m[K
[01m[K/home/steven/ros2_ws/src/first_stage/src/first_stage_endeffector/src/first_stage_endeffector.cpp:24:5:[m[K [01;31m[Kerror: [m[K‘[01m[Korientation_subscription[m[K’ was not declared in this scope; did you mean ‘[01m[Kcreate_subscription[m[K’?
   24 |     [01;31m[Korientation_subscription[m[K = this->create_subscription<geometry_msgs::msg::Quaternion>(
      |     [01;31m[K^~~~~~~~~~~~~~~~~~~~~~~~[m[K
      |     [32m[Kcreate_subscription[m[K
[01m[K/home/steven/ros2_ws/src/first_stage/src/first_stage_endeffector/src/first_stage_endeffector.cpp:28:5:[m[K [01;31m[Kerror: [m[K‘[01m[Kgripper_publisher[m[K’ was not declared in this scope; did you mean ‘[01m[Kcreate_publisher[m[K’?
   28 |     [01;31m[Kgripper_publisher[m[K = this->create_publisher<std_msgs::msg::Int32MultiArray>("custom_gripper", 10);
      |     [01;31m[K^~~~~~~~~~~~~~~~~[m[K
      |     [32m[Kcreate_publisher[m[K
[01m[K/home/steven/ros2_ws/src/first_stage/src/first_stage_endeffector/src/first_stage_endeffector.cpp:33:5:[m[K [01;31m[Kerror: [m[K‘[01m[Ktimer_[m[K’ was not declared in this scope; did you mean ‘[01m[Ktimer_t[m[K’?
   33 |     [01;31m[Ktimer_[m[K = this->create_wall_timer(std::chrono::seconds(1),
      |     [01;31m[K^~~~~~[m[K
      |     [32m[Ktimer_t[m[K
[01m[K/home/steven/ros2_ws/src/first_stage/src/first_stage_endeffector/src/first_stage_endeffector.cpp:[m[K In member function ‘[01m[Kvoid RobotController::initializeMoveGroup()[m[K’:
[01m[K/home/steven/ros2_ws/src/first_stage/src/first_stage_endeffector/src/first_stage_endeffector.cpp:41:5:[m[K [01;31m[Kerror: [m[K‘[01m[Ktimer_[m[K’ was not declared in this scope; did you mean ‘[01m[Ktimer_t[m[K’?
   41 |     [01;31m[Ktimer_[m[K->cancel();
      |     [01;31m[K^~~~~~[m[K
      |     [32m[Ktimer_t[m[K
[01m[K/home/steven/ros2_ws/src/first_stage/src/first_stage_endeffector/src/first_stage_endeffector.cpp:43:5:[m[K [01;31m[Kerror: [m[K‘[01m[Kmove_group_arm[m[K’ was not declared in this scope
   43 |     [01;31m[Kmove_group_arm[m[K = std::make_shared<moveit::planning_interface::MoveGroupInterface>(shared_from_this(), "ur_manipulator");
      |     [01;31m[K^~~~~~~~~~~~~~[m[K
[01m[K/home/steven/ros2_ws/src/first_stage/src/first_stage_endeffector/src/first_stage_endeffector.cpp:[m[K In member function ‘[01m[Kvoid RobotController::goHome()[m[K’:
[01m[K/home/steven/ros2_ws/src/first_stage/src/first_stage_endeffector/src/first_stage_endeffector.cpp:52:10:[m[K [01;31m[Kerror: [m[K‘[01m[Kmove_group_arm[m[K’ was not declared in this scope
   52 |     if (![01;31m[Kmove_group_arm[m[K) {
      |          [01;31m[K^~~~~~~~~~~~~~[m[K
[01m[K/home/steven/ros2_ws/src/first_stage/src/first_stage_endeffector/src/first_stage_endeffector.cpp:57:5:[m[K [01;31m[Kerror: [m[K‘[01m[Kmove_group_arm[m[K’ was not declared in this scope
   57 |     [01;31m[Kmove_group_arm[m[K->setStartStateToCurrentState();
      |     [01;31m[K^~~~~~~~~~~~~~[m[K
[01m[K/home/steven/ros2_ws/src/first_stage/src/first_stage_endeffector/src/first_stage_endeffector.cpp:[m[K In member function ‘[01m[Kvoid RobotController::coordinatesCallback(geometry_msgs::msg::Point_<std::allocator<void> >::SharedPtr)[m[K’:
[01m[K/home/steven/ros2_ws/src/first_stage/src/first_stage_endeffector/src/first_stage_endeffector.cpp:88:5:[m[K [01;31m[Kerror: [m[K‘[01m[Ktarget_pose[m[K’ was not declared in this scope
   88 |     [01;31m[Ktarget_pose[m[K.position.x = msg->x;
      |     [01;31m[K^~~~~~~~~~~[m[K
[01m[K/home/steven/ros2_ws/src/first_stage/src/first_stage_endeffector/src/first_stage_endeffector.cpp:92:9:[m[K [01;31m[Kerror: [m[K‘[01m[Korientation_received[m[K’ was not declared in this scope
   92 |     if ([01;31m[Korientation_received[m[K) {
      |         [01;31m[K^~~~~~~~~~~~~~~~~~~~[m[K
[01m[K/home/steven/ros2_ws/src/first_stage/src/first_stage_endeffector/src/first_stage_endeffector.cpp:[m[K In member function ‘[01m[Kvoid RobotController::orientationCallback(geometry_msgs::msg::Quaternion_<std::allocator<void> >::SharedPtr)[m[K’:
[01m[K/home/steven/ros2_ws/src/first_stage/src/first_stage_endeffector/src/first_stage_endeffector.cpp:99:5:[m[K [01;31m[Kerror: [m[K‘[01m[Ktarget_pose[m[K’ was not declared in this scope
   99 |     [01;31m[Ktarget_pose[m[K.orientation = *msg;
      |     [01;31m[K^~~~~~~~~~~[m[K
[01m[K/home/steven/ros2_ws/src/first_stage/src/first_stage_endeffector/src/first_stage_endeffector.cpp:100:5:[m[K [01;31m[Kerror: [m[K‘[01m[Korientation_received[m[K’ was not declared in this scope
  100 |     [01;31m[Korientation_received[m[K = true;
      |     [01;31m[K^~~~~~~~~~~~~~~~~~~~[m[K
[01m[K/home/steven/ros2_ws/src/first_stage/src/first_stage_endeffector/src/first_stage_endeffector.cpp:[m[K In member function ‘[01m[Kvoid RobotController::planAndExecute()[m[K’:
[01m[K/home/steven/ros2_ws/src/first_stage/src/first_stage_endeffector/src/first_stage_endeffector.cpp:109:10:[m[K [01;31m[Kerror: [m[K‘[01m[Kmove_group_arm[m[K’ was not declared in this scope
  109 |     if (![01;31m[Kmove_group_arm[m[K) {
      |          [01;31m[K^~~~~~~~~~~~~~[m[K
In file included from [01m[K/opt/ros/humble/include/rclcpp/rclcpp/logging.hpp:24[m[K,
                 from [01m[K/opt/ros/humble/include/rclcpp/rclcpp/client.hpp:40[m[K,
                 from [01m[K/opt/ros/humble/include/rclcpp/rclcpp/callback_group.hpp:24[m[K,
                 from [01m[K/opt/ros/humble/include/rclcpp/rclcpp/any_executable.hpp:20[m[K,
                 from [01m[K/opt/ros/humble/include/rclcpp/rclcpp/memory_strategy.hpp:25[m[K,
                 from [01m[K/opt/ros/humble/include/rclcpp/rclcpp/memory_strategies.hpp:18[m[K,
                 from [01m[K/opt/ros/humble/include/rclcpp/rclcpp/executor_options.hpp:20[m[K,
                 from [01m[K/opt/ros/humble/include/rclcpp/rclcpp/executor.hpp:37[m[K,
                 from [01m[K/opt/ros/humble/include/rclcpp/rclcpp/executors/multi_threaded_executor.hpp:25[m[K,
                 from [01m[K/opt/ros/humble/include/rclcpp/rclcpp/executors.hpp:21[m[K,
                 from [01m[K/opt/ros/humble/include/rclcpp/rclcpp/rclcpp.hpp:155[m[K,
                 from [01m[K/home/steven/ros2_ws/src/first_stage/src/first_stage_endeffector/src/first_stage_endeffector.cpp:1[m[K:
[01m[K/home/steven/ros2_ws/src/first_stage/src/first_stage_endeffector/src/first_stage_endeffector.cpp:115:17:[m[K [01;31m[Kerror: [m[K‘[01m[Ktarget_pose[m[K’ was not declared in this scope
  115 |                 [01;31m[Ktarget_pose[m[K.position.x, target_pose.position.y, target_pose.position.z,
      |                 [01;31m[K^~~~~~~~~~~[m[K
[01m[K/home/steven/ros2_ws/src/first_stage/src/first_stage_endeffector/src/first_stage_endeffector.cpp:118:5:[m[K [01;31m[Kerror: [m[K‘[01m[Kmove_group_arm[m[K’ was not declared in this scope
  118 |     [01;31m[Kmove_group_arm[m[K->setPoseTarget(target_pose);
      |     [01;31m[K^~~~~~~~~~~~~~[m[K
[01m[K/home/steven/ros2_ws/src/first_stage/src/first_stage_endeffector/src/first_stage_endeffector.cpp:118:35:[m[K [01;31m[Kerror: [m[K‘[01m[Ktarget_pose[m[K’ was not declared in this scope
  118 |     move_group_arm->setPoseTarget([01;31m[Ktarget_pose[m[K);
      |                                   [01;31m[K^~~~~~~~~~~[m[K
[01m[K/home/steven/ros2_ws/src/first_stage/src/first_stage_endeffector/src/first_stage_endeffector.cpp:135:7:[m[K [01;31m[Kerror: [m[K‘[01m[Kgripper_publisher[m[K’ was not declared in this scope; did you mean ‘[01m[Kcreate_publisher[m[K’?
  135 |       [01;31m[Kgripper_publisher[m[K->publish(gripper_command);
      |       [01;31m[K^~~~~~~~~~~~~~~~~[m[K
      |       [32m[Kcreate_publisher[m[K
[01m[K/home/steven/ros2_ws/src/first_stage/src/first_stage_endeffector/src/first_stage_endeffector.cpp:191:8:[m[K [01;35m[Kwarning: [m[Kunused variable ‘[01m[Korientation_received[m[K’ [[01;35m[K]8;;https://gcc.gnu.org/onlinedocs/gcc/Warning-Options.html#index-Wunused-variable-Wunused-variable]8;;[m[K]
  191 |   bool [01;35m[Korientation_received[m[K = false;
      |        [01;35m[K^~~~~~~~~~~~~~~~~~~~[m[K
[01m[K/home/steven/ros2_ws/src/first_stage/src/first_stage_endeffector/src/first_stage_endeffector.cpp:195:1:[m[K [01;31m[Kerror: [m[Ka function-definition is not allowed here before ‘[01m[K{[m[K’ token
  195 | [01;31m[K{[m[K
      | [01;31m[K^[m[K
[01m[K/home/steven/ros2_ws/src/first_stage/src/first_stage_endeffector/src/first_stage_endeffector.cpp:201:2:[m[K [01;31m[Kerror: [m[Kexpected ‘[01m[K}[m[K’ at end of input
  201 | }
      |  [01;31m[K^[m[K
[01m[K/home/steven/ros2_ws/src/first_stage/src/first_stage_endeffector/src/first_stage_endeffector.cpp:108:3:[m[K [01;36m[Knote: [m[Kto match this ‘[01m[K{[m[K’
  108 |   [01;36m[K{[m[K
      |   [01;36m[K^[m[K
[01m[K/home/steven/ros2_ws/src/first_stage/src/first_stage_endeffector/src/first_stage_endeffector.cpp:[m[K At global scope:
[01m[K/home/steven/ros2_ws/src/first_stage/src/first_stage_endeffector/src/first_stage_endeffector.cpp:201:2:[m[K [01;31m[Kerror: [m[Kexpected unqualified-id at end of input
  201 | }
      |  [01;31m[K^[m[K
gmake[2]: *** [CMakeFiles/first_stage_endeffector.dir/build.make:76：CMakeFiles/first_stage_endeffector.dir/src/first_stage_endeffector.cpp.o] 錯誤 1
gmake[1]: *** [CMakeFiles/Makefile2:137：CMakeFiles/first_stage_endeffector.dir/all] 錯誤 2
gmake: *** [Makefile:146：all] 錯誤 2
