[0.829s] Invoking command in '/home/user/ros2_ws/build/moveit_resources_prbt_support': CMAKE_PREFIX_PATH=${CMAKE_PREFIX_PATH}:/home/simulations/ros2_sims_ws/install/rclrs_tests:/home/simulations/ros2_sims_ws/install/examples_rclrs_minimal_client_service:/home/simulations/ros2_sims_ws/install/sensor_msgs_py:/home/simulations/ros2_sims_ws/install/examples_rclrs_minimal_pub_sub:/home/simulations/ros2_sims_ws/install/examples_rclrs_message_demo:/home/simulations/ros2_sims_ws/install/rclrs:/home/simulations/ros2_sims_ws/install/rosidl_runtime_rs:/home/user/ros2_ws/install/ros2test:/home/user/ros2_ws/install/robotiq_85_driver:/home/user/ros2_ws/install/moveit_configs_utils:/opt/ros/humble _=/usr/bin/env /usr/bin/cmake --build /home/user/ros2_ws/build/moveit_resources_prbt_support -- -j8 -l8
[0.952s] Invoked command in '/home/user/ros2_ws/build/moveit_resources_prbt_support' returned '0': CMAKE_PREFIX_PATH=${CMAKE_PREFIX_PATH}:/home/simulations/ros2_sims_ws/install/rclrs_tests:/home/simulations/ros2_sims_ws/install/examples_rclrs_minimal_client_service:/home/simulations/ros2_sims_ws/install/sensor_msgs_py:/home/simulations/ros2_sims_ws/install/examples_rclrs_minimal_pub_sub:/home/simulations/ros2_sims_ws/install/examples_rclrs_message_demo:/home/simulations/ros2_sims_ws/install/rclrs:/home/simulations/ros2_sims_ws/install/rosidl_runtime_rs:/home/user/ros2_ws/install/ros2test:/home/user/ros2_ws/install/robotiq_85_driver:/home/user/ros2_ws/install/moveit_configs_utils:/opt/ros/humble _=/usr/bin/env /usr/bin/cmake --build /home/user/ros2_ws/build/moveit_resources_prbt_support -- -j8 -l8
[1.184s] Invoking command in '/home/user/ros2_ws/build/moveit_resources_prbt_support': CMAKE_PREFIX_PATH=${CMAKE_PREFIX_PATH}:/home/simulations/ros2_sims_ws/install/rclrs_tests:/home/simulations/ros2_sims_ws/install/examples_rclrs_minimal_client_service:/home/simulations/ros2_sims_ws/install/sensor_msgs_py:/home/simulations/ros2_sims_ws/install/examples_rclrs_minimal_pub_sub:/home/simulations/ros2_sims_ws/install/examples_rclrs_message_demo:/home/simulations/ros2_sims_ws/install/rclrs:/home/simulations/ros2_sims_ws/install/rosidl_runtime_rs:/home/user/ros2_ws/install/ros2test:/home/user/ros2_ws/install/robotiq_85_driver:/home/user/ros2_ws/install/moveit_configs_utils:/opt/ros/humble _=/usr/bin/env /usr/bin/cmake --install /home/user/ros2_ws/build/moveit_resources_prbt_support
[1.209s] -- Install configuration: ""
[1.210s] -- Up-to-date: /home/user/ros2_ws/install/moveit_resources_prbt_support/share/ament_index/resource_index/package_run_dependencies/moveit_resources_prbt_support
[1.211s] -- Up-to-date: /home/user/ros2_ws/install/moveit_resources_prbt_support/share/ament_index/resource_index/parent_prefix_path/moveit_resources_prbt_support
[1.211s] -- Up-to-date: /home/user/ros2_ws/install/moveit_resources_prbt_support/share/moveit_resources_prbt_support/environment/ament_prefix_path.sh
[1.211s] -- Up-to-date: /home/user/ros2_ws/install/moveit_resources_prbt_support/share/moveit_resources_prbt_support/environment/ament_prefix_path.dsv
[1.212s] -- Up-to-date: /home/user/ros2_ws/install/moveit_resources_prbt_support/share/moveit_resources_prbt_support/environment/path.sh
[1.212s] -- Up-to-date: /home/user/ros2_ws/install/moveit_resources_prbt_support/share/moveit_resources_prbt_support/environment/path.dsv
[1.213s] -- Up-to-date: /home/user/ros2_ws/install/moveit_resources_prbt_support/share/moveit_resources_prbt_support/local_setup.bash
[1.213s] -- Up-to-date: /home/user/ros2_ws/install/moveit_resources_prbt_support/share/moveit_resources_prbt_support/local_setup.sh
[1.214s] -- Up-to-date: /home/user/ros2_ws/install/moveit_resources_prbt_support/share/moveit_resources_prbt_support/local_setup.zsh
[1.214s] -- Up-to-date: /home/user/ros2_ws/install/moveit_resources_prbt_support/share/moveit_resources_prbt_support/local_setup.dsv
[1.214s] -- Installing: /home/user/ros2_ws/install/moveit_resources_prbt_support/share/moveit_resources_prbt_support/package.dsv
[1.215s] -- Up-to-date: /home/user/ros2_ws/install/moveit_resources_prbt_support/share/ament_index/resource_index/packages/moveit_resources_prbt_support
[1.216s] -- Up-to-date: /home/user/ros2_ws/install/moveit_resources_prbt_support/share/moveit_resources_prbt_support/cmake/moveit_resources_prbt_supportConfig.cmake
[1.216s] -- Up-to-date: /home/user/ros2_ws/install/moveit_resources_prbt_support/share/moveit_resources_prbt_support/cmake/moveit_resources_prbt_supportConfig-version.cmake
[1.221s] -- Up-to-date: /home/user/ros2_ws/install/moveit_resources_prbt_support/share/moveit_resources_prbt_support/package.xml
[1.222s] -- Up-to-date: /home/user/ros2_ws/install/moveit_resources_prbt_support/share/moveit_resources_prbt_support/urdf
[1.222s] -- Up-to-date: /home/user/ros2_ws/install/moveit_resources_prbt_support/share/moveit_resources_prbt_support/urdf/prbt.ros2_control.xacro
[1.222s] -- Up-to-date: /home/user/ros2_ws/install/moveit_resources_prbt_support/share/moveit_resources_prbt_support/urdf/prbt.xacro
[1.222s] -- Up-to-date: /home/user/ros2_ws/install/moveit_resources_prbt_support/share/moveit_resources_prbt_support/urdf/simple_gripper_brackets.urdf.xacro
[1.223s] -- Up-to-date: /home/user/ros2_ws/install/moveit_resources_prbt_support/share/moveit_resources_prbt_support/urdf/prbt_macro.xacro
[1.223s] -- Up-to-date: /home/user/ros2_ws/install/moveit_resources_prbt_support/share/moveit_resources_prbt_support/meshes
[1.224s] -- Up-to-date: /home/user/ros2_ws/install/moveit_resources_prbt_support/share/moveit_resources_prbt_support/meshes/link_4.stl
[1.224s] -- Up-to-date: /home/user/ros2_ws/install/moveit_resources_prbt_support/share/moveit_resources_prbt_support/meshes/link_5.stl
[1.224s] -- Up-to-date: /home/user/ros2_ws/install/moveit_resources_prbt_support/share/moveit_resources_prbt_support/meshes/link_3.dae
[1.224s] -- Up-to-date: /home/user/ros2_ws/install/moveit_resources_prbt_support/share/moveit_resources_prbt_support/meshes/link_4.dae
[1.224s] -- Up-to-date: /home/user/ros2_ws/install/moveit_resources_prbt_support/share/moveit_resources_prbt_support/meshes/link_3.stl
[1.225s] -- Up-to-date: /home/user/ros2_ws/install/moveit_resources_prbt_support/share/moveit_resources_prbt_support/meshes/flange.dae
[1.225s] -- Up-to-date: /home/user/ros2_ws/install/moveit_resources_prbt_support/share/moveit_resources_prbt_support/meshes/link_1.dae
[1.225s] -- Up-to-date: /home/user/ros2_ws/install/moveit_resources_prbt_support/share/moveit_resources_prbt_support/meshes/link_2.dae
[1.225s] -- Up-to-date: /home/user/ros2_ws/install/moveit_resources_prbt_support/share/moveit_resources_prbt_support/meshes/foot.stl
[1.225s] -- Up-to-date: /home/user/ros2_ws/install/moveit_resources_prbt_support/share/moveit_resources_prbt_support/meshes/link_1.stl
[1.226s] -- Up-to-date: /home/user/ros2_ws/install/moveit_resources_prbt_support/share/moveit_resources_prbt_support/meshes/link_5.dae
[1.226s] -- Up-to-date: /home/user/ros2_ws/install/moveit_resources_prbt_support/share/moveit_resources_prbt_support/meshes/link_2.stl
[1.226s] -- Up-to-date: /home/user/ros2_ws/install/moveit_resources_prbt_support/share/moveit_resources_prbt_support/meshes/flange.stl
[1.226s] -- Up-to-date: /home/user/ros2_ws/install/moveit_resources_prbt_support/share/moveit_resources_prbt_support/meshes/foot.dae
[1.227s] -- Up-to-date: /home/user/ros2_ws/install/moveit_resources_prbt_support/share/moveit_resources_prbt_support/config
[1.227s] -- Up-to-date: /home/user/ros2_ws/install/moveit_resources_prbt_support/share/moveit_resources_prbt_support/config/manipulator_controller.yaml
[1.227s] -- Up-to-date: /home/user/ros2_ws/install/moveit_resources_prbt_support/share/moveit_resources_prbt_support/config/prbt_0_1.dcf
[1.227s] -- Up-to-date: /home/user/ros2_ws/install/moveit_resources_prbt_support/share/moveit_resources_prbt_support/config/manipulator_driver.yaml
[1.234s] Invoked command in '/home/user/ros2_ws/build/moveit_resources_prbt_support' returned '0': CMAKE_PREFIX_PATH=${CMAKE_PREFIX_PATH}:/home/simulations/ros2_sims_ws/install/rclrs_tests:/home/simulations/ros2_sims_ws/install/examples_rclrs_minimal_client_service:/home/simulations/ros2_sims_ws/install/sensor_msgs_py:/home/simulations/ros2_sims_ws/install/examples_rclrs_minimal_pub_sub:/home/simulations/ros2_sims_ws/install/examples_rclrs_message_demo:/home/simulations/ros2_sims_ws/install/rclrs:/home/simulations/ros2_sims_ws/install/rosidl_runtime_rs:/home/user/ros2_ws/install/ros2test:/home/user/ros2_ws/install/robotiq_85_driver:/home/user/ros2_ws/install/moveit_configs_utils:/opt/ros/humble _=/usr/bin/env /usr/bin/cmake --install /home/user/ros2_ws/build/moveit_resources_prbt_support
