[0.126s] Invoking command in '/home/user/ros2_ws/build/the_construct_office_gazebo': CMAKE_PREFIX_PATH=${CMAKE_PREFIX_PATH}:/home/simulations/ros2_sims_ws/install/rclrs_tests:/home/simulations/ros2_sims_ws/install/examples_rclrs_minimal_client_service:/home/simulations/ros2_sims_ws/install/sensor_msgs_py:/home/simulations/ros2_sims_ws/install/examples_rclrs_minimal_pub_sub:/home/simulations/ros2_sims_ws/install/examples_rclrs_message_demo:/home/simulations/ros2_sims_ws/install/rclrs:/home/simulations/ros2_sims_ws/install/rosidl_runtime_rs:/home/user/ros2_ws/install/ros2test:/home/user/ros2_ws/install/robotiq_85_driver:/home/user/ros2_ws/install/moveit_configs_utils:/opt/ros/humble _=/usr/bin/env /usr/bin/cmake --build /home/user/ros2_ws/build/the_construct_office_gazebo -- -j8 -l8
[0.427s] Invoked command in '/home/user/ros2_ws/build/the_construct_office_gazebo' returned '0': CMAKE_PREFIX_PATH=${CMAKE_PREFIX_PATH}:/home/simulations/ros2_sims_ws/install/rclrs_tests:/home/simulations/ros2_sims_ws/install/examples_rclrs_minimal_client_service:/home/simulations/ros2_sims_ws/install/sensor_msgs_py:/home/simulations/ros2_sims_ws/install/examples_rclrs_minimal_pub_sub:/home/simulations/ros2_sims_ws/install/examples_rclrs_message_demo:/home/simulations/ros2_sims_ws/install/rclrs:/home/simulations/ros2_sims_ws/install/rosidl_runtime_rs:/home/user/ros2_ws/install/ros2test:/home/user/ros2_ws/install/robotiq_85_driver:/home/user/ros2_ws/install/moveit_configs_utils:/opt/ros/humble _=/usr/bin/env /usr/bin/cmake --build /home/user/ros2_ws/build/the_construct_office_gazebo -- -j8 -l8
[0.875s] Invoking command in '/home/user/ros2_ws/build/the_construct_office_gazebo': CMAKE_PREFIX_PATH=${CMAKE_PREFIX_PATH}:/home/simulations/ros2_sims_ws/install/rclrs_tests:/home/simulations/ros2_sims_ws/install/examples_rclrs_minimal_client_service:/home/simulations/ros2_sims_ws/install/sensor_msgs_py:/home/simulations/ros2_sims_ws/install/examples_rclrs_minimal_pub_sub:/home/simulations/ros2_sims_ws/install/examples_rclrs_message_demo:/home/simulations/ros2_sims_ws/install/rclrs:/home/simulations/ros2_sims_ws/install/rosidl_runtime_rs:/home/user/ros2_ws/install/ros2test:/home/user/ros2_ws/install/robotiq_85_driver:/home/user/ros2_ws/install/moveit_configs_utils:/opt/ros/humble _=/usr/bin/env /usr/bin/cmake --install /home/user/ros2_ws/build/the_construct_office_gazebo
[1.002s] -- Install configuration: ""
[1.002s] -- Up-to-date: /home/user/ros2_ws/install/the_construct_office_gazebo/share/ament_index/resource_index/package_run_dependencies/the_construct_office_gazebo
[1.003s] -- Up-to-date: /home/user/ros2_ws/install/the_construct_office_gazebo/share/ament_index/resource_index/parent_prefix_path/the_construct_office_gazebo
[1.004s] -- Up-to-date: /home/user/ros2_ws/install/the_construct_office_gazebo/share/the_construct_office_gazebo/environment/ament_prefix_path.sh
[1.004s] -- Up-to-date: /home/user/ros2_ws/install/the_construct_office_gazebo/share/the_construct_office_gazebo/environment/ament_prefix_path.dsv
[1.005s] -- Up-to-date: /home/user/ros2_ws/install/the_construct_office_gazebo/share/the_construct_office_gazebo/environment/path.sh
[1.005s] -- Up-to-date: /home/user/ros2_ws/install/the_construct_office_gazebo/share/the_construct_office_gazebo/environment/path.dsv
[1.005s] -- Up-to-date: /home/user/ros2_ws/install/the_construct_office_gazebo/share/the_construct_office_gazebo/local_setup.bash
[1.005s] -- Up-to-date: /home/user/ros2_ws/install/the_construct_office_gazebo/share/the_construct_office_gazebo/local_setup.sh
[1.005s] -- Up-to-date: /home/user/ros2_ws/install/the_construct_office_gazebo/share/the_construct_office_gazebo/local_setup.zsh
[1.006s] -- Up-to-date: /home/user/ros2_ws/install/the_construct_office_gazebo/share/the_construct_office_gazebo/local_setup.dsv
[1.013s] -- Installing: /home/user/ros2_ws/install/the_construct_office_gazebo/share/the_construct_office_gazebo/package.dsv
[1.013s] -- Up-to-date: /home/user/ros2_ws/install/the_construct_office_gazebo/share/ament_index/resource_index/packages/the_construct_office_gazebo
[1.013s] -- Up-to-date: /home/user/ros2_ws/install/the_construct_office_gazebo/share/the_construct_office_gazebo/cmake/the_construct_office_gazeboConfig.cmake
[1.013s] -- Up-to-date: /home/user/ros2_ws/install/the_construct_office_gazebo/share/the_construct_office_gazebo/cmake/the_construct_office_gazeboConfig-version.cmake
[1.013s] -- Up-to-date: /home/user/ros2_ws/install/the_construct_office_gazebo/share/the_construct_office_gazebo/package.xml
[1.014s] -- Up-to-date: /home/user/ros2_ws/install/the_construct_office_gazebo/share/the_construct_office_gazebo/launch
[1.014s] -- Up-to-date: /home/user/ros2_ws/install/the_construct_office_gazebo/share/the_construct_office_gazebo/launch/warehouse_ur3e.launch.xml
[1.014s] -- Up-to-date: /home/user/ros2_ws/install/the_construct_office_gazebo/share/the_construct_office_gazebo/launch/empty_ur3e.launch.xml
[1.015s] -- Up-to-date: /home/user/ros2_ws/install/the_construct_office_gazebo/share/the_construct_office_gazebo/launch/start_world_standalone.launch.py
[1.015s] -- Up-to-date: /home/user/ros2_ws/install/the_construct_office_gazebo/share/the_construct_office_gazebo/launch/start_world_empty_standalone.launch.py
[1.015s] -- Up-to-date: /home/user/ros2_ws/install/the_construct_office_gazebo/share/the_construct_office_gazebo/launch/start_world_empty.launch.py
[1.015s] -- Up-to-date: /home/user/ros2_ws/install/the_construct_office_gazebo/share/the_construct_office_gazebo/launch/start_world.launch.py
[1.015s] -- Up-to-date: /home/user/ros2_ws/install/the_construct_office_gazebo/share/the_construct_office_gazebo/launch/start_world_warehouse.launch.py
[1.015s] -- Up-to-date: /home/user/ros2_ws/install/the_construct_office_gazebo/share/the_construct_office_gazebo/models
[1.016s] -- Up-to-date: /home/user/ros2_ws/install/the_construct_office_gazebo/share/the_construct_office_gazebo/models/stool_v2
[1.016s] -- Up-to-date: /home/user/ros2_ws/install/the_construct_office_gazebo/share/the_construct_office_gazebo/models/stool_v2/meshes
[1.016s] -- Up-to-date: /home/user/ros2_ws/install/the_construct_office_gazebo/share/the_construct_office_gazebo/models/stool_v2/meshes/stool_v2.dae
[1.016s] -- Up-to-date: /home/user/ros2_ws/install/the_construct_office_gazebo/share/the_construct_office_gazebo/models/worktop
[1.016s] -- Up-to-date: /home/user/ros2_ws/install/the_construct_office_gazebo/share/the_construct_office_gazebo/models/worktop/model.sdf
[1.017s] -- Up-to-date: /home/user/ros2_ws/install/the_construct_office_gazebo/share/the_construct_office_gazebo/models/worktop/meshes
[1.017s] -- Up-to-date: /home/user/ros2_ws/install/the_construct_office_gazebo/share/the_construct_office_gazebo/models/worktop/meshes/worktop.dae
[1.017s] -- Up-to-date: /home/user/ros2_ws/install/the_construct_office_gazebo/share/the_construct_office_gazebo/models/worktop/meshes/encimera_negra
[1.017s] -- Up-to-date: /home/user/ros2_ws/install/the_construct_office_gazebo/share/the_construct_office_gazebo/models/worktop/meshes/encimera_negra/__auto_3.jpg
[1.018s] -- Up-to-date: /home/user/ros2_ws/install/the_construct_office_gazebo/share/the_construct_office_gazebo/models/worktop/model.config
[1.018s] -- Up-to-date: /home/user/ros2_ws/install/the_construct_office_gazebo/share/the_construct_office_gazebo/models/rb2_simple_cart
[1.018s] -- Up-to-date: /home/user/ros2_ws/install/the_construct_office_gazebo/share/the_construct_office_gazebo/models/rb2_simple_cart/model.sdf
[1.018s] -- Up-to-date: /home/user/ros2_ws/install/the_construct_office_gazebo/share/the_construct_office_gazebo/models/rb2_simple_cart/meshes
[1.018s] -- Up-to-date: /home/user/ros2_ws/install/the_construct_office_gazebo/share/the_construct_office_gazebo/models/rb2_simple_cart/meshes/qr_structure.dae
[1.019s] -- Up-to-date: /home/user/ros2_ws/install/the_construct_office_gazebo/share/the_construct_office_gazebo/models/rb2_simple_cart/meshes/cart_structure.dae
[1.019s] -- Up-to-date: /home/user/ros2_ws/install/the_construct_office_gazebo/share/the_construct_office_gazebo/models/rb2_simple_cart/material
[1.019s] -- Up-to-date: /home/user/ros2_ws/install/the_construct_office_gazebo/share/the_construct_office_gazebo/models/rb2_simple_cart/material/scripts
[1.019s] -- Up-to-date: /home/user/ros2_ws/install/the_construct_office_gazebo/share/the_construct_office_gazebo/models/rb2_simple_cart/material/scripts/marker0_12cm.material
[1.020s] -- Up-to-date: /home/user/ros2_ws/install/the_construct_office_gazebo/share/the_construct_office_gazebo/models/rb2_simple_cart/material/textures
[1.020s] -- Up-to-date: /home/user/ros2_ws/install/the_construct_office_gazebo/share/the_construct_office_gazebo/models/rb2_simple_cart/material/textures/marker0_12cm.png
[1.020s] -- Up-to-date: /home/user/ros2_ws/install/the_construct_office_gazebo/share/the_construct_office_gazebo/models/rb2_simple_cart/model.config
[1.021s] -- Up-to-date: /home/user/ros2_ws/install/the_construct_office_gazebo/share/the_construct_office_gazebo/models/room
[1.021s] -- Up-to-date: /home/user/ros2_ws/install/the_construct_office_gazebo/share/the_construct_office_gazebo/models/room/materials
[1.021s] -- Up-to-date: /home/user/ros2_ws/install/the_construct_office_gazebo/share/the_construct_office_gazebo/models/room/materials/model.sdf
[1.021s] -- Up-to-date: /home/user/ros2_ws/install/the_construct_office_gazebo/share/the_construct_office_gazebo/models/room/materials/model.config
[1.022s] -- Up-to-date: /home/user/ros2_ws/install/the_construct_office_gazebo/share/the_construct_office_gazebo/models/room/materials/scripts
[1.040s] -- Up-to-date: /home/user/ros2_ws/install/the_construct_office_gazebo/share/the_construct_office_gazebo/models/room/materials/scripts/indigo.material
[1.094s] -- Up-to-date: /home/user/ros2_ws/install/the_construct_office_gazebo/share/the_construct_office_gazebo/models/room/materials/scripts/kinetic.material
[1.094s] -- Up-to-date: /home/user/ros2_ws/install/the_construct_office_gazebo/share/the_construct_office_gazebo/models/room/materials/scripts/galactic.material
[1.094s] -- Up-to-date: /home/user/ros2_ws/install/the_construct_office_gazebo/share/the_construct_office_gazebo/models/room/materials/scripts/testing.material
[1.094s] -- Up-to-date: /home/user/ros2_ws/install/the_construct_office_gazebo/share/the_construct_office_gazebo/models/room/materials/scripts/ground.material
[1.095s] -- Up-to-date: /home/user/ros2_ws/install/the_construct_office_gazebo/share/the_construct_office_gazebo/models/room/materials/textures
[1.095s] -- Up-to-date: /home/user/ros2_ws/install/the_construct_office_gazebo/share/the_construct_office_gazebo/models/room/materials/textures/ground_texture_v2.png
[1.095s] -- Up-to-date: /home/user/ros2_ws/install/the_construct_office_gazebo/share/the_construct_office_gazebo/models/room/materials/textures/splintered_wool_texture.jpg
[1.095s] -- Up-to-date: /home/user/ros2_ws/install/the_construct_office_gazebo/share/the_construct_office_gazebo/models/room/materials/textures/galactic.png
[1.095s] -- Up-to-date: /home/user/ros2_ws/install/the_construct_office_gazebo/share/the_construct_office_gazebo/models/room/materials/textures/indigo.jpg
[1.095s] -- Up-to-date: /home/user/ros2_ws/install/the_construct_office_gazebo/share/the_construct_office_gazebo/models/room/materials/textures/kinetic.png
[1.095s] -- Up-to-date: /home/user/ros2_ws/install/the_construct_office_gazebo/share/the_construct_office_gazebo/models/room/model.sdf
[1.096s] -- Up-to-date: /home/user/ros2_ws/install/the_construct_office_gazebo/share/the_construct_office_gazebo/models/room/model.config
[1.096s] -- Up-to-date: /home/user/ros2_ws/install/the_construct_office_gazebo/share/the_construct_office_gazebo/models/tv_v2
[1.096s] -- Up-to-date: /home/user/ros2_ws/install/the_construct_office_gazebo/share/the_construct_office_gazebo/models/tv_v2/meshes
[1.096s] -- Up-to-date: /home/user/ros2_ws/install/the_construct_office_gazebo/share/the_construct_office_gazebo/models/tv_v2/meshes/M_TV_frame_baseColor.jpeg
[1.096s] -- Up-to-date: /home/user/ros2_ws/install/the_construct_office_gazebo/share/the_construct_office_gazebo/models/tv_v2/meshes/alberto.png
[1.096s] -- Up-to-date: /home/user/ros2_ws/install/the_construct_office_gazebo/share/the_construct_office_gazebo/models/tv_v2/meshes/tv_v2.dae
[1.096s] -- Up-to-date: /home/user/ros2_ws/install/the_construct_office_gazebo/share/the_construct_office_gazebo/models/table_v2
[1.097s] -- Up-to-date: /home/user/ros2_ws/install/the_construct_office_gazebo/share/the_construct_office_gazebo/models/table_v2/meshes
[1.097s] -- Up-to-date: /home/user/ros2_ws/install/the_construct_office_gazebo/share/the_construct_office_gazebo/models/table_v2/meshes/marcel-strauss-E7DsoC0mcpw-unsplash.jpg
[1.097s] -- Up-to-date: /home/user/ros2_ws/install/the_construct_office_gazebo/share/the_construct_office_gazebo/models/table_v2/meshes/table_v2.dae
[1.097s] -- Up-to-date: /home/user/ros2_ws/install/the_construct_office_gazebo/share/the_construct_office_gazebo/models/shelf_v2
[1.097s] -- Up-to-date: /home/user/ros2_ws/install/the_construct_office_gazebo/share/the_construct_office_gazebo/models/shelf_v2/meshes
[1.097s] -- Up-to-date: /home/user/ros2_ws/install/the_construct_office_gazebo/share/the_construct_office_gazebo/models/shelf_v2/meshes/shelf_v2.dae
[1.097s] -- Up-to-date: /home/user/ros2_ws/install/the_construct_office_gazebo/share/the_construct_office_gazebo/models/reflective_tag
[1.098s] -- Up-to-date: /home/user/ros2_ws/install/the_construct_office_gazebo/share/the_construct_office_gazebo/models/reflective_tag/model.sdf
[1.098s] -- Up-to-date: /home/user/ros2_ws/install/the_construct_office_gazebo/share/the_construct_office_gazebo/models/reflective_tag/model.config
[1.098s] -- Up-to-date: /home/user/ros2_ws/install/the_construct_office_gazebo/share/the_construct_office_gazebo/models/table
[1.098s] -- Up-to-date: /home/user/ros2_ws/install/the_construct_office_gazebo/share/the_construct_office_gazebo/models/table/model-1_2.sdf
[1.098s] -- Up-to-date: /home/user/ros2_ws/install/the_construct_office_gazebo/share/the_construct_office_gazebo/models/table/model-1_3.sdf
[1.099s] -- Up-to-date: /home/user/ros2_ws/install/the_construct_office_gazebo/share/the_construct_office_gazebo/models/table/model.sdf
[1.099s] -- Up-to-date: /home/user/ros2_ws/install/the_construct_office_gazebo/share/the_construct_office_gazebo/models/table/model-1_4.sdf
[1.099s] -- Up-to-date: /home/user/ros2_ws/install/the_construct_office_gazebo/share/the_construct_office_gazebo/models/table/model.config
[1.111s] -- Up-to-date: /home/user/ros2_ws/install/the_construct_office_gazebo/share/the_construct_office_gazebo/worlds
[1.112s] -- Up-to-date: /home/user/ros2_ws/install/the_construct_office_gazebo/share/the_construct_office_gazebo/worlds/ros2_online_workshop_v2.world
[1.112s] -- Up-to-date: /home/user/ros2_ws/install/the_construct_office_gazebo/share/the_construct_office_gazebo/worlds/rb1_base.world
[1.112s] -- Up-to-date: /home/user/ros2_ws/install/the_construct_office_gazebo/share/the_construct_office_gazebo/worlds/no_roof_small_warehouse
[1.112s] -- Up-to-date: /home/user/ros2_ws/install/the_construct_office_gazebo/share/the_construct_office_gazebo/worlds/no_roof_small_warehouse/no_roof_small_warehouse.world
[1.112s] -- Up-to-date: /home/user/ros2_ws/install/the_construct_office_gazebo/share/the_construct_office_gazebo/worlds/small_warehouse
[1.112s] -- Up-to-date: /home/user/ros2_ws/install/the_construct_office_gazebo/share/the_construct_office_gazebo/worlds/small_warehouse/small_warehouse.world
[1.113s] -- Up-to-date: /home/user/ros2_ws/install/the_construct_office_gazebo/share/the_construct_office_gazebo/worlds/small_warehouse/test.world
[1.113s] -- Up-to-date: /home/user/ros2_ws/install/the_construct_office_gazebo/share/the_construct_office_gazebo/worlds/shelf.stl
[1.113s] -- Up-to-date: /home/user/ros2_ws/install/the_construct_office_gazebo/share/the_construct_office_gazebo/worlds/starbots_complete.world
[1.113s] -- Up-to-date: /home/user/ros2_ws/install/the_construct_office_gazebo/share/the_construct_office_gazebo/worlds/model
[1.113s] -- Up-to-date: /home/user/ros2_ws/install/the_construct_office_gazebo/share/the_construct_office_gazebo/worlds/model/__Metal_Corrugated_Shiny_16.jpg
[1.113s] -- Up-to-date: /home/user/ros2_ws/install/the_construct_office_gazebo/share/the_construct_office_gazebo/worlds/model/__Metal_Corrugated_Shiny_15.jpg
[1.113s] -- Up-to-date: /home/user/ros2_ws/install/the_construct_office_gazebo/share/the_construct_office_gazebo/worlds/model/__Metal_Corrugated_Shiny_12.jpg
[1.113s] -- Up-to-date: /home/user/ros2_ws/install/the_construct_office_gazebo/share/the_construct_office_gazebo/worlds/model/__Mirror_01_9.jpg
[1.114s] -- Up-to-date: /home/user/ros2_ws/install/the_construct_office_gazebo/share/the_construct_office_gazebo/worlds/table2.dae
[1.114s] -- Up-to-date: /home/user/ros2_ws/install/the_construct_office_gazebo/share/the_construct_office_gazebo/worlds/tv.dae
[1.114s] -- Up-to-date: /home/user/ros2_ws/install/the_construct_office_gazebo/share/the_construct_office_gazebo/worlds/table.blend
[1.114s] -- Up-to-date: /home/user/ros2_ws/install/the_construct_office_gazebo/share/the_construct_office_gazebo/worlds/table.dae
[1.114s] -- Up-to-date: /home/user/ros2_ws/install/the_construct_office_gazebo/share/the_construct_office_gazebo/worlds/stool.blend
[1.114s] -- Up-to-date: /home/user/ros2_ws/install/the_construct_office_gazebo/share/the_construct_office_gazebo/worlds/tc_model_readme.txt
[1.115s] -- Up-to-date: /home/user/ros2_ws/install/the_construct_office_gazebo/share/the_construct_office_gazebo/worlds/stool.dae
[1.115s] -- Up-to-date: /home/user/ros2_ws/install/the_construct_office_gazebo/share/the_construct_office_gazebo/worlds/table.stl
[1.115s] -- Up-to-date: /home/user/ros2_ws/install/the_construct_office_gazebo/share/the_construct_office_gazebo/worlds/stoolmetal.png
[1.116s] -- Up-to-date: /home/user/ros2_ws/install/the_construct_office_gazebo/share/the_construct_office_gazebo/worlds/greyseat.png
[1.116s] -- Up-to-date: /home/user/ros2_ws/install/the_construct_office_gazebo/share/the_construct_office_gazebo/worlds/shelf.blend1
[1.116s] -- Up-to-date: /home/user/ros2_ws/install/the_construct_office_gazebo/share/the_construct_office_gazebo/worlds/table.blend1
[1.117s] -- Up-to-date: /home/user/ros2_ws/install/the_construct_office_gazebo/share/the_construct_office_gazebo/worlds/shelf.dae
[1.117s] -- Up-to-date: /home/user/ros2_ws/install/the_construct_office_gazebo/share/the_construct_office_gazebo/worlds/tv_v2.blend1
[1.117s] -- Up-to-date: /home/user/ros2_ws/install/the_construct_office_gazebo/share/the_construct_office_gazebo/worlds/model_shelf
[1.117s] -- Up-to-date: /home/user/ros2_ws/install/the_construct_office_gazebo/share/the_construct_office_gazebo/worlds/model_shelf/black_steel.jpg
[1.118s] -- Up-to-date: /home/user/ros2_ws/install/the_construct_office_gazebo/share/the_construct_office_gazebo/worlds/model_shelf/rubber.jpg
[1.118s] -- Up-to-date: /home/user/ros2_ws/install/the_construct_office_gazebo/share/the_construct_office_gazebo/worlds/model_shelf/brass_tex.jpg
[1.118s] -- Up-to-date: /home/user/ros2_ws/install/the_construct_office_gazebo/share/the_construct_office_gazebo/worlds/model_table
[1.119s] -- Up-to-date: /home/user/ros2_ws/install/the_construct_office_gazebo/share/the_construct_office_gazebo/worlds/model_table/b113_BS_0.jpg
[1.119s] -- Up-to-date: /home/user/ros2_ws/install/the_construct_office_gazebo/share/the_construct_office_gazebo/worlds/model_table/b113_BS.jpg
[1.119s] -- Up-to-date: /home/user/ros2_ws/install/the_construct_office_gazebo/share/the_construct_office_gazebo/worlds/shelf.blend
[1.119s] -- Up-to-date: /home/user/ros2_ws/install/the_construct_office_gazebo/share/the_construct_office_gazebo/worlds/blueseat.png
[1.120s] -- Up-to-date: /home/user/ros2_ws/install/the_construct_office_gazebo/share/the_construct_office_gazebo/worlds/stool.blend1
[1.120s] -- Up-to-date: /home/user/ros2_ws/install/the_construct_office_gazebo/share/the_construct_office_gazebo/worlds/tv_v2.blend
[1.122s] -- Up-to-date: /home/user/ros2_ws/install/the_construct_office_gazebo/share/the_construct_office_gazebo/worlds/rb1_base_office.world
[1.122s] -- Up-to-date: /home/user/ros2_ws/install/the_construct_office_gazebo/share/the_construct_office_gazebo/worlds/stool.stl
[1.122s] -- Up-to-date: /home/user/ros2_ws/install/the_construct_office_gazebo/share/the_construct_office_gazebo/worlds/ros2_online_workshop.world
[1.123s] -- Up-to-date: /home/user/ros2_ws/install/the_construct_office_gazebo/share/the_construct_office_gazebo/worlds/empty_world.world
[1.138s] Invoked command in '/home/user/ros2_ws/build/the_construct_office_gazebo' returned '0': CMAKE_PREFIX_PATH=${CMAKE_PREFIX_PATH}:/home/simulations/ros2_sims_ws/install/rclrs_tests:/home/simulations/ros2_sims_ws/install/examples_rclrs_minimal_client_service:/home/simulations/ros2_sims_ws/install/sensor_msgs_py:/home/simulations/ros2_sims_ws/install/examples_rclrs_minimal_pub_sub:/home/simulations/ros2_sims_ws/install/examples_rclrs_message_demo:/home/simulations/ros2_sims_ws/install/rclrs:/home/simulations/ros2_sims_ws/install/rosidl_runtime_rs:/home/user/ros2_ws/install/ros2test:/home/user/ros2_ws/install/robotiq_85_driver:/home/user/ros2_ws/install/moveit_configs_utils:/opt/ros/humble _=/usr/bin/env /usr/bin/cmake --install /home/user/ros2_ws/build/the_construct_office_gazebo
