[  1%] Built target moveit_kinematics_base
[  2%] Built target moveit_transforms
[  3%] Built target moveit_exceptions
[  7%] Built target moveit_distance_field
[  7%] Built target moveit_utils
[  9%] Built target gmock
[ 10%] Built target gtest
[ 11%] Built target gtest_main
[ 12%] Built target gmock_main
[ 13%] Built target moveit_smoothing_base
[ 14%] Built target moveit_butterworth_parameters
[ 21%] Built target moveit_robot_model
[ 23%] Built target moveit_version
[ 24%] Built target test_voxel_grid
[ 25%] Built target test_distance_field
[ 26%] Built target test_transforms
[ 27%] Built target moveit_butterworth_filter
[ 28%] Built target moveit_test_utils
[ 31%] Built target moveit_robot_state
[ 32%] Built target test_robot_model
[ 33%] Built target test_butterworth_filter
[ 39%] Built target moveit_collision_detection
[ 40%] Built target moveit_robot_trajectory
[ 41%] Built target test_robot_state_benchmark
[ 42%] Built target moveit_kinematics_metrics
[ 44%] Built target moveit_dynamics_solver
[ 46%] Built target test_robot_state
[ 47%] Built target test_robot_state_complex
[ 48%] Built target test_aabb
[ 50%] Built target test_cartesian_interpolator
[ 50%] Built target test_world
[ 51%] Built target test_robot_trajectory
[ 53%] Built target test_world_diff
[ 54%] Built target test_all_valid
[ 59%] Built target moveit_collision_detection_bullet
[ 61%] Built target moveit_collision_detection_fcl
[ 63%] Built target moveit_planning_interface
[ 67%] Built target moveit_trajectory_processing
[ 68%] Built target test_bullet_collision_detection_panda
[ 69%] Built target test_fcl_collision_detection
[ 72%] Built target test_bullet_continuous_collision_checking
[ 71%] Built target test_bullet_collision_detection
[ 74%] Built target moveit_kinematic_constraints
[ 75%] Built target test_time_parameterization
[ 77%] Built target test_fcl_collision_env
[ 78%] Built target test_fcl_collision_detection_panda
[ 79%] Built target test_ruckig_traj_smoothing
[ 81%] Built target test_time_optimal_trajectory_generation
[ 82%] Built target moveit_planning_scene
[ 83%] Built target test_orientation_constraints
[ 84%] Built target test_constraints
[ 87%] Built target moveit_constraint_samplers
[ 88%] Built target collision_detector_bullet_plugin
[ 89%] Built target test_collision_objects
[ 90%] Built target test_multi_threaded
[ 93%] Built target moveit_collision_distance_field
[ 94%] Built target moveit_planning_request_adapter
[ 95%] Built target test_planning_scene
[ 96%] Built target collision_detector_fcl_plugin
[ 99%] Built target test_constraint_samplers
[100%] Built target test_collision_distance_field
