[0.061s] Invoking command in '/home/user/ros2_ws/build/tf2_eigen_kdl': CMAKE_PREFIX_PATH=/home/user/ros2_ws/install/tf2:/home/simulations/ros2_sims_ws/install/ros1_bridge:/home/user/ros2_ws/install/ur_e_description:/home/user/ros2_ws/install/ur3e_moveit2_config:/home/user/ros2_ws/install/geometry2:/home/user/ros2_ws/install/tf2_tools:/home/user/ros2_ws/install/tf2_sensor_msgs:/home/user/ros2_ws/install/test_tf2:/home/user/ros2_ws/install/tf2_kdl:/home/user/ros2_ws/install/simple_grasping:/home/user/ros2_ws/install/perception_pcl:/home/user/ros2_ws/install/pcl_ros:/home/user/ros2_ws/install/tf2_geometry_msgs:/home/user/ros2_ws/install/tf2_eigen:/home/user/ros2_ws/install/tf2_bullet:/home/user/ros2_ws/install/tf2_ros:/home/user/ros2_ws/install/tf2_py:/home/user/ros2_ws/install/tf2_msgs:/home/user/ros2_ws/install/tf2_eigen_kdl:/home/user/ros2_ws/install/start_bridge:/home/user/ros2_ws/install/ros2_control_demos:/home/user/ros2_ws/install/ros2_control_demo_bringup:/home/user/ros2_ws/install/rrbot_description:/home/user/ros2_ws/install/ros2_control_demo_hardware:/home/user/ros2_ws/install/project_part2:/home/user/ros2_ws/install/project_custom_interfaces:/home/user/ros2_ws/install/pcl_conversions:/home/user/ros2_ws/install/my_rb1_description:/home/user/ros2_ws/install/my_moveit2_config:/home/user/ros2_ws/install/moveit2_scripts:/home/user/ros2_ws/install/grasping_msgs:/home/user/ros2_ws/install/diffbot_description:/home/user/ros2_ws/install/examples_tf2_py:/home/user/ros2_ws/install/ros2_control_test_nodes:/home/user/ros2_ws/install/project_topics_pkg:/home/user/ros2_ws/install/project_services_and_actions:/home/user/ros2_ws/install/path_planner_server:/home/user/ros2_ws/install/localization_server:/home/user/ros2_ws/install/map_server:/home/user/ros2_ws/install/cartographer_slam:/opt/ros/foxy LD_LIBRARY_PATH=/home/user/ros2_ws/install/tf2/lib:/usr/local/cuda-10.2/lib64:/home/user/.catkin_ws_python3/src/TensorRT-7.0.0.11/lib:/home/simulations/ros2_sims_ws/install/ros1_bridge/lib:/home/user/ros2_ws/install/simple_grasping/lib:/home/user/ros2_ws/install/pcl_ros/lib:/home/user/ros2_ws/install/tf2_bullet/lib:/home/user/ros2_ws/install/tf2_ros/lib:/home/user/ros2_ws/install/tf2_msgs/lib:/home/user/ros2_ws/install/tf2_eigen_kdl/lib:/home/user/ros2_ws/install/ros2_control_demo_hardware/lib:/home/user/ros2_ws/install/project_part2/lib:/home/user/ros2_ws/install/project_custom_interfaces/lib:/home/user/ros2_ws/install/grasping_msgs/lib:/opt/ros/foxy/opt/yaml_cpp_vendor/lib:/opt/ros/foxy/opt/rviz_ogre_vendor/lib:/opt/ros/foxy/lib/x86_64-linux-gnu:/opt/ros/foxy/lib:/usr/local/cuda-10.2/lib64:/home/user/.catkin_ws_python3/src/TensorRT-7.0.0.11/lib:/usr/local/nvidia/lib:/usr/local/nvidia/lib64:/usr/lib/x86_64-linux-gnu/gazebo-11/plugins:/usr/lib/x86_64-linux-gnu/gazebo-11/plugins _=/usr/bin/env /usr/bin/cmake /home/user/ros2_ws/src/perception_ros2/geometry2/tf2_eigen_kdl -DCMAKE_INSTALL_PREFIX=/home/user/ros2_ws/install/tf2_eigen_kdl
[0.485s] -- The C compiler identification is GNU 9.3.0
[0.688s] -- The CXX compiler identification is GNU 9.3.0
[0.713s] -- Check for working C compiler: /usr/bin/cc
[1.125s] -- Check for working C compiler: /usr/bin/cc -- works
[1.127s] -- Detecting C compiler ABI info
[1.505s] -- Detecting C compiler ABI info - done
[1.552s] -- Detecting C compile features
[1.553s] -- Detecting C compile features - done
[1.582s] -- Check for working CXX compiler: /usr/bin/c++
[2.030s] -- Check for working CXX compiler: /usr/bin/c++ -- works
[2.031s] -- Detecting CXX compiler ABI info
[2.470s] -- Detecting CXX compiler ABI info - done
[2.512s] -- Detecting CXX compile features
[2.513s] -- Detecting CXX compile features - done
[2.523s] -- Found ament_cmake: 0.9.9 (/opt/ros/foxy/share/ament_cmake/cmake)
[2.692s] -- Found PythonInterp: /usr/bin/python3 (found suitable version "3.8.10", minimum required is "3") 
[2.693s] -- Using PYTHON_EXECUTABLE: /usr/bin/python3
[3.552s] -- Found eigen3_cmake_module: 0.1.1 (/opt/ros/foxy/share/eigen3_cmake_module/cmake)
[3.636s] -- Found Eigen3: TRUE (found version "3.3.7") 
[3.652s] -- Found tf2: 0.13.12 (/home/user/ros2_ws/install/tf2/share/tf2/cmake)
[3.809s] -- Using all available rosidl_typesupport_c: rosidl_typesupport_fastrtps_c;rosidl_typesupport_introspection_c
[3.836s] -- Found rosidl_adapter: 1.2.1 (/opt/ros/foxy/share/rosidl_adapter/cmake)
[4.227s] -- Found OpenSSL: /usr/lib/x86_64-linux-gnu/libcrypto.so (found version "1.1.1f")  
[4.357s] -- Found FastRTPS: /opt/ros/foxy/include  
[4.678s] -- Using all available rosidl_typesupport_cpp: rosidl_typesupport_fastrtps_cpp;rosidl_typesupport_introspection_cpp
[4.963s] -- Found ament_lint_auto: 0.9.6 (/opt/ros/foxy/share/ament_lint_auto/cmake)
[5.177s] -- Found gtest sources under '/opt/ros/foxy/src/gtest_vendor': C++ tests using 'Google Test' will be built
[5.187s] -- Looking for pthread.h
[5.560s] -- Looking for pthread.h - found
[5.561s] -- Performing Test CMAKE_HAVE_LIBC_PTHREAD
[5.850s] -- Performing Test CMAKE_HAVE_LIBC_PTHREAD - Failed
[5.851s] -- Check if compiler accepts -pthread
[6.209s] -- Check if compiler accepts -pthread - yes
[6.212s] -- Found Threads: TRUE  
[6.227s] -- Added test 'copyright' to check source files copyright and LICENSE
[6.231s] -- Added test 'cppcheck' to perform static code analysis on C / C++ code
[6.232s] -- Configured cppcheck include dirs: $<BUILD_INTERFACE:/home/user/ros2_ws/src/perception_ros2/geometry2/tf2_eigen_kdl/include>
[6.233s] -- Configured cppcheck exclude dirs and/or files: 
[6.237s] -- Added test 'cpplint' to check C / C++ code against the Google style
[6.237s] -- Configured cpplint exclude dirs and/or files: 
[6.240s] -- Added test 'lint_cmake' to check CMake code style
[6.243s] -- Added test 'uncrustify' to check C / C++ code style
[6.245s] -- Configured uncrustify additional arguments: 
[6.247s] -- Added test 'xmllint' to check XML markup files
[6.259s] -- Configuring done
[6.287s] -- Generating done
[6.293s] -- Build files have been written to: /home/user/ros2_ws/build/tf2_eigen_kdl
[6.310s] Invoked command in '/home/user/ros2_ws/build/tf2_eigen_kdl' returned '0': CMAKE_PREFIX_PATH=/home/user/ros2_ws/install/tf2:/home/simulations/ros2_sims_ws/install/ros1_bridge:/home/user/ros2_ws/install/ur_e_description:/home/user/ros2_ws/install/ur3e_moveit2_config:/home/user/ros2_ws/install/geometry2:/home/user/ros2_ws/install/tf2_tools:/home/user/ros2_ws/install/tf2_sensor_msgs:/home/user/ros2_ws/install/test_tf2:/home/user/ros2_ws/install/tf2_kdl:/home/user/ros2_ws/install/simple_grasping:/home/user/ros2_ws/install/perception_pcl:/home/user/ros2_ws/install/pcl_ros:/home/user/ros2_ws/install/tf2_geometry_msgs:/home/user/ros2_ws/install/tf2_eigen:/home/user/ros2_ws/install/tf2_bullet:/home/user/ros2_ws/install/tf2_ros:/home/user/ros2_ws/install/tf2_py:/home/user/ros2_ws/install/tf2_msgs:/home/user/ros2_ws/install/tf2_eigen_kdl:/home/user/ros2_ws/install/start_bridge:/home/user/ros2_ws/install/ros2_control_demos:/home/user/ros2_ws/install/ros2_control_demo_bringup:/home/user/ros2_ws/install/rrbot_description:/home/user/ros2_ws/install/ros2_control_demo_hardware:/home/user/ros2_ws/install/project_part2:/home/user/ros2_ws/install/project_custom_interfaces:/home/user/ros2_ws/install/pcl_conversions:/home/user/ros2_ws/install/my_rb1_description:/home/user/ros2_ws/install/my_moveit2_config:/home/user/ros2_ws/install/moveit2_scripts:/home/user/ros2_ws/install/grasping_msgs:/home/user/ros2_ws/install/diffbot_description:/home/user/ros2_ws/install/examples_tf2_py:/home/user/ros2_ws/install/ros2_control_test_nodes:/home/user/ros2_ws/install/project_topics_pkg:/home/user/ros2_ws/install/project_services_and_actions:/home/user/ros2_ws/install/path_planner_server:/home/user/ros2_ws/install/localization_server:/home/user/ros2_ws/install/map_server:/home/user/ros2_ws/install/cartographer_slam:/opt/ros/foxy LD_LIBRARY_PATH=/home/user/ros2_ws/install/tf2/lib:/usr/local/cuda-10.2/lib64:/home/user/.catkin_ws_python3/src/TensorRT-7.0.0.11/lib:/home/simulations/ros2_sims_ws/install/ros1_bridge/lib:/home/user/ros2_ws/install/simple_grasping/lib:/home/user/ros2_ws/install/pcl_ros/lib:/home/user/ros2_ws/install/tf2_bullet/lib:/home/user/ros2_ws/install/tf2_ros/lib:/home/user/ros2_ws/install/tf2_msgs/lib:/home/user/ros2_ws/install/tf2_eigen_kdl/lib:/home/user/ros2_ws/install/ros2_control_demo_hardware/lib:/home/user/ros2_ws/install/project_part2/lib:/home/user/ros2_ws/install/project_custom_interfaces/lib:/home/user/ros2_ws/install/grasping_msgs/lib:/opt/ros/foxy/opt/yaml_cpp_vendor/lib:/opt/ros/foxy/opt/rviz_ogre_vendor/lib:/opt/ros/foxy/lib/x86_64-linux-gnu:/opt/ros/foxy/lib:/usr/local/cuda-10.2/lib64:/home/user/.catkin_ws_python3/src/TensorRT-7.0.0.11/lib:/usr/local/nvidia/lib:/usr/local/nvidia/lib64:/usr/lib/x86_64-linux-gnu/gazebo-11/plugins:/usr/lib/x86_64-linux-gnu/gazebo-11/plugins _=/usr/bin/env /usr/bin/cmake /home/user/ros2_ws/src/perception_ros2/geometry2/tf2_eigen_kdl -DCMAKE_INSTALL_PREFIX=/home/user/ros2_ws/install/tf2_eigen_kdl
[6.312s] Invoking command in '/home/user/ros2_ws/build/tf2_eigen_kdl': CMAKE_PREFIX_PATH=/home/user/ros2_ws/install/tf2:/home/simulations/ros2_sims_ws/install/ros1_bridge:/home/user/ros2_ws/install/ur_e_description:/home/user/ros2_ws/install/ur3e_moveit2_config:/home/user/ros2_ws/install/geometry2:/home/user/ros2_ws/install/tf2_tools:/home/user/ros2_ws/install/tf2_sensor_msgs:/home/user/ros2_ws/install/test_tf2:/home/user/ros2_ws/install/tf2_kdl:/home/user/ros2_ws/install/simple_grasping:/home/user/ros2_ws/install/perception_pcl:/home/user/ros2_ws/install/pcl_ros:/home/user/ros2_ws/install/tf2_geometry_msgs:/home/user/ros2_ws/install/tf2_eigen:/home/user/ros2_ws/install/tf2_bullet:/home/user/ros2_ws/install/tf2_ros:/home/user/ros2_ws/install/tf2_py:/home/user/ros2_ws/install/tf2_msgs:/home/user/ros2_ws/install/tf2_eigen_kdl:/home/user/ros2_ws/install/start_bridge:/home/user/ros2_ws/install/ros2_control_demos:/home/user/ros2_ws/install/ros2_control_demo_bringup:/home/user/ros2_ws/install/rrbot_description:/home/user/ros2_ws/install/ros2_control_demo_hardware:/home/user/ros2_ws/install/project_part2:/home/user/ros2_ws/install/project_custom_interfaces:/home/user/ros2_ws/install/pcl_conversions:/home/user/ros2_ws/install/my_rb1_description:/home/user/ros2_ws/install/my_moveit2_config:/home/user/ros2_ws/install/moveit2_scripts:/home/user/ros2_ws/install/grasping_msgs:/home/user/ros2_ws/install/diffbot_description:/home/user/ros2_ws/install/examples_tf2_py:/home/user/ros2_ws/install/ros2_control_test_nodes:/home/user/ros2_ws/install/project_topics_pkg:/home/user/ros2_ws/install/project_services_and_actions:/home/user/ros2_ws/install/path_planner_server:/home/user/ros2_ws/install/localization_server:/home/user/ros2_ws/install/map_server:/home/user/ros2_ws/install/cartographer_slam:/opt/ros/foxy LD_LIBRARY_PATH=/home/user/ros2_ws/install/tf2/lib:/usr/local/cuda-10.2/lib64:/home/user/.catkin_ws_python3/src/TensorRT-7.0.0.11/lib:/home/simulations/ros2_sims_ws/install/ros1_bridge/lib:/home/user/ros2_ws/install/simple_grasping/lib:/home/user/ros2_ws/install/pcl_ros/lib:/home/user/ros2_ws/install/tf2_bullet/lib:/home/user/ros2_ws/install/tf2_ros/lib:/home/user/ros2_ws/install/tf2_msgs/lib:/home/user/ros2_ws/install/tf2_eigen_kdl/lib:/home/user/ros2_ws/install/ros2_control_demo_hardware/lib:/home/user/ros2_ws/install/project_part2/lib:/home/user/ros2_ws/install/project_custom_interfaces/lib:/home/user/ros2_ws/install/grasping_msgs/lib:/opt/ros/foxy/opt/yaml_cpp_vendor/lib:/opt/ros/foxy/opt/rviz_ogre_vendor/lib:/opt/ros/foxy/lib/x86_64-linux-gnu:/opt/ros/foxy/lib:/usr/local/cuda-10.2/lib64:/home/user/.catkin_ws_python3/src/TensorRT-7.0.0.11/lib:/usr/local/nvidia/lib:/usr/local/nvidia/lib64:/usr/lib/x86_64-linux-gnu/gazebo-11/plugins:/usr/lib/x86_64-linux-gnu/gazebo-11/plugins _=/usr/bin/env /usr/bin/cmake --build /home/user/ros2_ws/build/tf2_eigen_kdl -- -j8 -l8
[6.510s] [35m[1mScanning dependencies of target gtest[0m
[6.572s] [ 12%] [32mBuilding CXX object gtest/CMakeFiles/gtest.dir/src/gtest-all.cc.o[0m
[12.834s] [ 25%] [32m[1mLinking CXX static library libgtest.a[0m
[13.019s] [ 25%] Built target gtest
[13.050s] [35m[1mScanning dependencies of target gtest_main[0m
[13.083s] [ 37%] [32mBuilding CXX object gtest/CMakeFiles/gtest_main.dir/src/gtest_main.cc.o[0m
[14.369s] [ 50%] [32m[1mLinking CXX static library libgtest_main.a[0m
[14.471s] [ 50%] Built target gtest_main
[14.510s] [35m[1mScanning dependencies of target tf2_eigen_kdl[0m
[14.593s] [ 62%] [32mBuilding CXX object CMakeFiles/tf2_eigen_kdl.dir/src/tf2_eigen_kdl.cpp.o[0m
[16.497s] [ 75%] [32m[1mLinking CXX shared library libtf2_eigen_kdl.so[0m
[16.626s] [ 75%] Built target tf2_eigen_kdl
[16.647s] [35m[1mScanning dependencies of target tf2_eigen_kdl_test[0m
[16.719s] [ 87%] [32mBuilding CXX object CMakeFiles/tf2_eigen_kdl_test.dir/test/tf2_eigen_kdl_test.cpp.o[0m
[23.624s] [100%] [32m[1mLinking CXX executable tf2_eigen_kdl_test[0m
[23.956s] [100%] Built target tf2_eigen_kdl_test
[23.977s] Invoked command in '/home/user/ros2_ws/build/tf2_eigen_kdl' returned '0': CMAKE_PREFIX_PATH=/home/user/ros2_ws/install/tf2:/home/simulations/ros2_sims_ws/install/ros1_bridge:/home/user/ros2_ws/install/ur_e_description:/home/user/ros2_ws/install/ur3e_moveit2_config:/home/user/ros2_ws/install/geometry2:/home/user/ros2_ws/install/tf2_tools:/home/user/ros2_ws/install/tf2_sensor_msgs:/home/user/ros2_ws/install/test_tf2:/home/user/ros2_ws/install/tf2_kdl:/home/user/ros2_ws/install/simple_grasping:/home/user/ros2_ws/install/perception_pcl:/home/user/ros2_ws/install/pcl_ros:/home/user/ros2_ws/install/tf2_geometry_msgs:/home/user/ros2_ws/install/tf2_eigen:/home/user/ros2_ws/install/tf2_bullet:/home/user/ros2_ws/install/tf2_ros:/home/user/ros2_ws/install/tf2_py:/home/user/ros2_ws/install/tf2_msgs:/home/user/ros2_ws/install/tf2_eigen_kdl:/home/user/ros2_ws/install/start_bridge:/home/user/ros2_ws/install/ros2_control_demos:/home/user/ros2_ws/install/ros2_control_demo_bringup:/home/user/ros2_ws/install/rrbot_description:/home/user/ros2_ws/install/ros2_control_demo_hardware:/home/user/ros2_ws/install/project_part2:/home/user/ros2_ws/install/project_custom_interfaces:/home/user/ros2_ws/install/pcl_conversions:/home/user/ros2_ws/install/my_rb1_description:/home/user/ros2_ws/install/my_moveit2_config:/home/user/ros2_ws/install/moveit2_scripts:/home/user/ros2_ws/install/grasping_msgs:/home/user/ros2_ws/install/diffbot_description:/home/user/ros2_ws/install/examples_tf2_py:/home/user/ros2_ws/install/ros2_control_test_nodes:/home/user/ros2_ws/install/project_topics_pkg:/home/user/ros2_ws/install/project_services_and_actions:/home/user/ros2_ws/install/path_planner_server:/home/user/ros2_ws/install/localization_server:/home/user/ros2_ws/install/map_server:/home/user/ros2_ws/install/cartographer_slam:/opt/ros/foxy LD_LIBRARY_PATH=/home/user/ros2_ws/install/tf2/lib:/usr/local/cuda-10.2/lib64:/home/user/.catkin_ws_python3/src/TensorRT-7.0.0.11/lib:/home/simulations/ros2_sims_ws/install/ros1_bridge/lib:/home/user/ros2_ws/install/simple_grasping/lib:/home/user/ros2_ws/install/pcl_ros/lib:/home/user/ros2_ws/install/tf2_bullet/lib:/home/user/ros2_ws/install/tf2_ros/lib:/home/user/ros2_ws/install/tf2_msgs/lib:/home/user/ros2_ws/install/tf2_eigen_kdl/lib:/home/user/ros2_ws/install/ros2_control_demo_hardware/lib:/home/user/ros2_ws/install/project_part2/lib:/home/user/ros2_ws/install/project_custom_interfaces/lib:/home/user/ros2_ws/install/grasping_msgs/lib:/opt/ros/foxy/opt/yaml_cpp_vendor/lib:/opt/ros/foxy/opt/rviz_ogre_vendor/lib:/opt/ros/foxy/lib/x86_64-linux-gnu:/opt/ros/foxy/lib:/usr/local/cuda-10.2/lib64:/home/user/.catkin_ws_python3/src/TensorRT-7.0.0.11/lib:/usr/local/nvidia/lib:/usr/local/nvidia/lib64:/usr/lib/x86_64-linux-gnu/gazebo-11/plugins:/usr/lib/x86_64-linux-gnu/gazebo-11/plugins _=/usr/bin/env /usr/bin/cmake --build /home/user/ros2_ws/build/tf2_eigen_kdl -- -j8 -l8
[24.063s] Invoking command in '/home/user/ros2_ws/build/tf2_eigen_kdl': CMAKE_PREFIX_PATH=/home/user/ros2_ws/install/tf2:/home/simulations/ros2_sims_ws/install/ros1_bridge:/home/user/ros2_ws/install/ur_e_description:/home/user/ros2_ws/install/ur3e_moveit2_config:/home/user/ros2_ws/install/geometry2:/home/user/ros2_ws/install/tf2_tools:/home/user/ros2_ws/install/tf2_sensor_msgs:/home/user/ros2_ws/install/test_tf2:/home/user/ros2_ws/install/tf2_kdl:/home/user/ros2_ws/install/simple_grasping:/home/user/ros2_ws/install/perception_pcl:/home/user/ros2_ws/install/pcl_ros:/home/user/ros2_ws/install/tf2_geometry_msgs:/home/user/ros2_ws/install/tf2_eigen:/home/user/ros2_ws/install/tf2_bullet:/home/user/ros2_ws/install/tf2_ros:/home/user/ros2_ws/install/tf2_py:/home/user/ros2_ws/install/tf2_msgs:/home/user/ros2_ws/install/tf2_eigen_kdl:/home/user/ros2_ws/install/start_bridge:/home/user/ros2_ws/install/ros2_control_demos:/home/user/ros2_ws/install/ros2_control_demo_bringup:/home/user/ros2_ws/install/rrbot_description:/home/user/ros2_ws/install/ros2_control_demo_hardware:/home/user/ros2_ws/install/project_part2:/home/user/ros2_ws/install/project_custom_interfaces:/home/user/ros2_ws/install/pcl_conversions:/home/user/ros2_ws/install/my_rb1_description:/home/user/ros2_ws/install/my_moveit2_config:/home/user/ros2_ws/install/moveit2_scripts:/home/user/ros2_ws/install/grasping_msgs:/home/user/ros2_ws/install/diffbot_description:/home/user/ros2_ws/install/examples_tf2_py:/home/user/ros2_ws/install/ros2_control_test_nodes:/home/user/ros2_ws/install/project_topics_pkg:/home/user/ros2_ws/install/project_services_and_actions:/home/user/ros2_ws/install/path_planner_server:/home/user/ros2_ws/install/localization_server:/home/user/ros2_ws/install/map_server:/home/user/ros2_ws/install/cartographer_slam:/opt/ros/foxy LD_LIBRARY_PATH=/home/user/ros2_ws/install/tf2/lib:/usr/local/cuda-10.2/lib64:/home/user/.catkin_ws_python3/src/TensorRT-7.0.0.11/lib:/home/simulations/ros2_sims_ws/install/ros1_bridge/lib:/home/user/ros2_ws/install/simple_grasping/lib:/home/user/ros2_ws/install/pcl_ros/lib:/home/user/ros2_ws/install/tf2_bullet/lib:/home/user/ros2_ws/install/tf2_ros/lib:/home/user/ros2_ws/install/tf2_msgs/lib:/home/user/ros2_ws/install/tf2_eigen_kdl/lib:/home/user/ros2_ws/install/ros2_control_demo_hardware/lib:/home/user/ros2_ws/install/project_part2/lib:/home/user/ros2_ws/install/project_custom_interfaces/lib:/home/user/ros2_ws/install/grasping_msgs/lib:/opt/ros/foxy/opt/yaml_cpp_vendor/lib:/opt/ros/foxy/opt/rviz_ogre_vendor/lib:/opt/ros/foxy/lib/x86_64-linux-gnu:/opt/ros/foxy/lib:/usr/local/cuda-10.2/lib64:/home/user/.catkin_ws_python3/src/TensorRT-7.0.0.11/lib:/usr/local/nvidia/lib:/usr/local/nvidia/lib64:/usr/lib/x86_64-linux-gnu/gazebo-11/plugins:/usr/lib/x86_64-linux-gnu/gazebo-11/plugins _=/usr/bin/env /usr/bin/cmake --install /home/user/ros2_ws/build/tf2_eigen_kdl
[24.080s] -- Install configuration: ""
[24.081s] -- Installing: /home/user/ros2_ws/install/tf2_eigen_kdl/include/tf2_eigen_kdl
[24.082s] -- Installing: /home/user/ros2_ws/install/tf2_eigen_kdl/include/tf2_eigen_kdl/visibility_control.h
[24.082s] -- Installing: /home/user/ros2_ws/install/tf2_eigen_kdl/include/tf2_eigen_kdl/tf2_eigen_kdl.hpp
[24.083s] -- Installing: /home/user/ros2_ws/install/tf2_eigen_kdl/lib/libtf2_eigen_kdl.so
[24.084s] -- Set runtime path of "/home/user/ros2_ws/install/tf2_eigen_kdl/lib/libtf2_eigen_kdl.so" to ""
[24.084s] -- Installing: /home/user/ros2_ws/install/tf2_eigen_kdl/share/tf2_eigen_kdl/environment/library_path.sh
[24.085s] -- Installing: /home/user/ros2_ws/install/tf2_eigen_kdl/share/tf2_eigen_kdl/environment/library_path.dsv
[24.086s] -- Installing: /home/user/ros2_ws/install/tf2_eigen_kdl/share/ament_index/resource_index/package_run_dependencies/tf2_eigen_kdl
[24.086s] -- Installing: /home/user/ros2_ws/install/tf2_eigen_kdl/share/ament_index/resource_index/parent_prefix_path/tf2_eigen_kdl
[24.086s] -- Installing: /home/user/ros2_ws/install/tf2_eigen_kdl/share/tf2_eigen_kdl/environment/ament_prefix_path.sh
[24.087s] -- Installing: /home/user/ros2_ws/install/tf2_eigen_kdl/share/tf2_eigen_kdl/environment/ament_prefix_path.dsv
[24.087s] -- Installing: /home/user/ros2_ws/install/tf2_eigen_kdl/share/tf2_eigen_kdl/environment/path.sh
[24.088s] -- Installing: /home/user/ros2_ws/install/tf2_eigen_kdl/share/tf2_eigen_kdl/environment/path.dsv
[24.088s] -- Installing: /home/user/ros2_ws/install/tf2_eigen_kdl/share/tf2_eigen_kdl/local_setup.bash
[24.088s] -- Installing: /home/user/ros2_ws/install/tf2_eigen_kdl/share/tf2_eigen_kdl/local_setup.sh
[24.089s] -- Installing: /home/user/ros2_ws/install/tf2_eigen_kdl/share/tf2_eigen_kdl/local_setup.zsh
[24.090s] -- Installing: /home/user/ros2_ws/install/tf2_eigen_kdl/share/tf2_eigen_kdl/local_setup.dsv
[24.090s] -- Installing: /home/user/ros2_ws/install/tf2_eigen_kdl/share/tf2_eigen_kdl/package.dsv
[24.090s] -- Installing: /home/user/ros2_ws/install/tf2_eigen_kdl/share/ament_index/resource_index/packages/tf2_eigen_kdl
[24.091s] -- Installing: /home/user/ros2_ws/install/tf2_eigen_kdl/share/tf2_eigen_kdl/cmake/tf2_eigen_kdlExport.cmake
[24.091s] -- Installing: /home/user/ros2_ws/install/tf2_eigen_kdl/share/tf2_eigen_kdl/cmake/tf2_eigen_kdlExport-noconfig.cmake
[24.092s] -- Installing: /home/user/ros2_ws/install/tf2_eigen_kdl/share/tf2_eigen_kdl/cmake/ament_cmake_export_include_directories-extras.cmake
[24.092s] -- Installing: /home/user/ros2_ws/install/tf2_eigen_kdl/share/tf2_eigen_kdl/cmake/ament_cmake_export_dependencies-extras.cmake
[24.092s] -- Installing: /home/user/ros2_ws/install/tf2_eigen_kdl/share/tf2_eigen_kdl/cmake/ament_cmake_export_libraries-extras.cmake
[24.093s] -- Installing: /home/user/ros2_ws/install/tf2_eigen_kdl/share/tf2_eigen_kdl/cmake/ament_cmake_export_targets-extras.cmake
[24.093s] -- Installing: /home/user/ros2_ws/install/tf2_eigen_kdl/share/tf2_eigen_kdl/cmake/tf2_eigen_kdlConfig.cmake
[24.094s] -- Installing: /home/user/ros2_ws/install/tf2_eigen_kdl/share/tf2_eigen_kdl/cmake/tf2_eigen_kdlConfig-version.cmake
[24.095s] -- Installing: /home/user/ros2_ws/install/tf2_eigen_kdl/share/tf2_eigen_kdl/package.xml
[24.100s] Invoked command in '/home/user/ros2_ws/build/tf2_eigen_kdl' returned '0': CMAKE_PREFIX_PATH=/home/user/ros2_ws/install/tf2:/home/simulations/ros2_sims_ws/install/ros1_bridge:/home/user/ros2_ws/install/ur_e_description:/home/user/ros2_ws/install/ur3e_moveit2_config:/home/user/ros2_ws/install/geometry2:/home/user/ros2_ws/install/tf2_tools:/home/user/ros2_ws/install/tf2_sensor_msgs:/home/user/ros2_ws/install/test_tf2:/home/user/ros2_ws/install/tf2_kdl:/home/user/ros2_ws/install/simple_grasping:/home/user/ros2_ws/install/perception_pcl:/home/user/ros2_ws/install/pcl_ros:/home/user/ros2_ws/install/tf2_geometry_msgs:/home/user/ros2_ws/install/tf2_eigen:/home/user/ros2_ws/install/tf2_bullet:/home/user/ros2_ws/install/tf2_ros:/home/user/ros2_ws/install/tf2_py:/home/user/ros2_ws/install/tf2_msgs:/home/user/ros2_ws/install/tf2_eigen_kdl:/home/user/ros2_ws/install/start_bridge:/home/user/ros2_ws/install/ros2_control_demos:/home/user/ros2_ws/install/ros2_control_demo_bringup:/home/user/ros2_ws/install/rrbot_description:/home/user/ros2_ws/install/ros2_control_demo_hardware:/home/user/ros2_ws/install/project_part2:/home/user/ros2_ws/install/project_custom_interfaces:/home/user/ros2_ws/install/pcl_conversions:/home/user/ros2_ws/install/my_rb1_description:/home/user/ros2_ws/install/my_moveit2_config:/home/user/ros2_ws/install/moveit2_scripts:/home/user/ros2_ws/install/grasping_msgs:/home/user/ros2_ws/install/diffbot_description:/home/user/ros2_ws/install/examples_tf2_py:/home/user/ros2_ws/install/ros2_control_test_nodes:/home/user/ros2_ws/install/project_topics_pkg:/home/user/ros2_ws/install/project_services_and_actions:/home/user/ros2_ws/install/path_planner_server:/home/user/ros2_ws/install/localization_server:/home/user/ros2_ws/install/map_server:/home/user/ros2_ws/install/cartographer_slam:/opt/ros/foxy LD_LIBRARY_PATH=/home/user/ros2_ws/install/tf2/lib:/usr/local/cuda-10.2/lib64:/home/user/.catkin_ws_python3/src/TensorRT-7.0.0.11/lib:/home/simulations/ros2_sims_ws/install/ros1_bridge/lib:/home/user/ros2_ws/install/simple_grasping/lib:/home/user/ros2_ws/install/pcl_ros/lib:/home/user/ros2_ws/install/tf2_bullet/lib:/home/user/ros2_ws/install/tf2_ros/lib:/home/user/ros2_ws/install/tf2_msgs/lib:/home/user/ros2_ws/install/tf2_eigen_kdl/lib:/home/user/ros2_ws/install/ros2_control_demo_hardware/lib:/home/user/ros2_ws/install/project_part2/lib:/home/user/ros2_ws/install/project_custom_interfaces/lib:/home/user/ros2_ws/install/grasping_msgs/lib:/opt/ros/foxy/opt/yaml_cpp_vendor/lib:/opt/ros/foxy/opt/rviz_ogre_vendor/lib:/opt/ros/foxy/lib/x86_64-linux-gnu:/opt/ros/foxy/lib:/usr/local/cuda-10.2/lib64:/home/user/.catkin_ws_python3/src/TensorRT-7.0.0.11/lib:/usr/local/nvidia/lib:/usr/local/nvidia/lib64:/usr/lib/x86_64-linux-gnu/gazebo-11/plugins:/usr/lib/x86_64-linux-gnu/gazebo-11/plugins _=/usr/bin/env /usr/bin/cmake --install /home/user/ros2_ws/build/tf2_eigen_kdl
