[0.088s] Invoking command in '/home/user/ros2_ws/build/gazebo_grasp_plugin_ros': AMENT_PREFIX_PATH=/home/user/ros2_ws/install/gazebo_version_helpers:${AMENT_PREFIX_PATH} CMAKE_PREFIX_PATH=/home/simulations/ros2_sims_ws/install/rclrs_tests:/home/simulations/ros2_sims_ws/install/examples_rclrs_minimal_client_service:/home/simulations/ros2_sims_ws/install/sensor_msgs_py:/home/simulations/ros2_sims_ws/install/examples_rclrs_minimal_pub_sub:/home/simulations/ros2_sims_ws/install/examples_rclrs_message_demo:/home/simulations/ros2_sims_ws/install/rclrs:/home/simulations/ros2_sims_ws/install/rosidl_runtime_rs:/home/user/ros2_ws/install/ros2test:/home/user/ros2_ws/install/robotiq_85_driver:/home/user/ros2_ws/install/moveit_configs_utils:/opt/ros/humble:/home/user/ros2_ws/install/gazebo_grasp_plugin:/home/user/ros2_ws/install/gazebo_version_helpers:${CMAKE_PREFIX_PATH} LD_LIBRARY_PATH=/home/user/ros2_ws/install/gazebo_version_helpers/lib:/usr/local/cuda-10.2/lib64:/home/user/.catkin_ws_python3/src/TensorRT-7.0.0.11/lib:/home/simulations/ros2_sims_ws/install/visualization_msgs/lib:/home/simulations/ros2_sims_ws/install/test_msgs/lib:/home/simulations/ros2_sims_ws/install/example_interfaces/lib:/home/simulations/ros2_sims_ws/install/action_msgs/lib:/home/simulations/ros2_sims_ws/install/unique_identifier_msgs/lib:/home/simulations/ros2_sims_ws/install/trajectory_msgs/lib:/home/simulations/ros2_sims_ws/install/stereo_msgs/lib:/home/simulations/ros2_sims_ws/install/std_srvs/lib:/home/simulations/ros2_sims_ws/install/shape_msgs/lib:/home/simulations/ros2_sims_ws/install/sensor_msgs/lib:/home/simulations/ros2_sims_ws/install/nav_msgs/lib:/home/simulations/ros2_sims_ws/install/diagnostic_msgs/lib:/home/simulations/ros2_sims_ws/install/geometry_msgs/lib:/home/simulations/ros2_sims_ws/install/actionlib_msgs/lib:/home/simulations/ros2_sims_ws/install/std_msgs/lib:/home/simulations/ros2_sims_ws/install/statistics_msgs/lib:/home/simulations/ros2_sims_ws/install/rosgraph_msgs/lib:/home/simulations/ros2_sims_ws/install/rclrs_example_msgs/lib:/home/simulations/ros2_sims_ws/install/composition_interfaces/lib:/home/simulations/ros2_sims_ws/install/rcl_interfaces/lib:/home/simulations/ros2_sims_ws/install/lifecycle_msgs/lib:/home/simulations/ros2_sims_ws/install/builtin_interfaces/lib:/home/user/ros2_ws/install/simple_grasping/lib:/home/user/ros2_ws/install/robotiq_85_msgs/lib:/home/user/ros2_ws/install/pilz_industrial_motion_planner_testutils/lib:/home/user/ros2_ws/install/pilz_industrial_motion_planner/lib:/home/user/ros2_ws/install/moveit_ros_control_interface/lib:/home/user/ros2_ws/install/moveit_simple_controller_manager/lib:/home/user/ros2_ws/install/moveit_setup_assistant/lib:/home/user/ros2_ws/install/moveit_setup_srdf_plugins/lib:/home/user/ros2_ws/install/moveit_setup_core_plugins/lib:/home/user/ros2_ws/install/moveit_setup_controllers/lib:/home/user/ros2_ws/install/moveit_setup_app_plugins/lib:/home/user/ros2_ws/install/moveit_setup_framework/lib:/home/user/ros2_ws/install/moveit_servo/lib:/home/user/ros2_ws/install/moveit_ros_visualization/lib:/home/user/ros2_ws/install/moveit_hybrid_planning/lib:/home/user/ros2_ws/install/moveit_ros_planning_interface/lib:/home/user/ros2_ws/install/moveit_ros_benchmarks/lib:/home/user/ros2_ws/install/moveit_ros_warehouse/lib:/home/user/ros2_ws/install/moveit_ros_robot_interaction/lib:/home/user/ros2_ws/install/moveit_ros_perception/lib:/home/user/ros2_ws/install/moveit_ros_move_group/lib:/home/user/ros2_ws/install/moveit_planners_ompl/lib:/home/user/ros2_ws/install/moveit_ros_planning/lib:/home/user/ros2_ws/install/moveit_ros_occupancy_map_monitor/lib:/home/user/ros2_ws/install/moveit_resources_prbt_ikfast_manipulator_plugin/lib:/home/user/ros2_ws/install/moveit_planners_chomp/lib:/home/user/ros2_ws/install/moveit_kinematics/lib:/home/user/ros2_ws/install/moveit_chomp_optimizer_adapter/lib:/home/user/ros2_ws/install/chomp_motion_planner/lib:/home/user/ros2_ws/install/moveit_core/lib:/home/user/ros2_ws/install/gazebo_ros2_control/lib:/opt/ros/humble/opt/rviz_ogre_vendor/lib:/opt/ros/humble/lib/x86_64-linux-gnu:/opt/ros/humble/lib:/usr/local/cuda-10.2/lib64:/home/user/.catkin_ws_python3/src/TensorRT-7.0.0.11/lib:/usr/lib/x86_64-linux-gnu/gazebo-11/plugins:/usr/lib/x86_64-linux-gnu/gazebo-11/plugins:/usr/lib/x86_64-linux-gnu/gazebo-11/plugins PKG_CONFIG_PATH=/home/user/ros2_ws/install/gazebo_grasp_plugin/lib/x86_64-linux-gnu/pkgconfig:/home/user/ros2_ws/install/gazebo_grasp_plugin/lib/pkgconfig ROS_PACKAGE_PATH=/home/user/ros2_ws/install/gazebo_grasp_plugin/share _=/usr/bin/env /usr/bin/cmake /home/user/ros2_ws/src/gazebo-pkgs/gazebo_grasp_plugin_ros -DCMAKE_INSTALL_PREFIX=/home/user/ros2_ws/install/gazebo_grasp_plugin_ros
[0.275s] -- The C compiler identification is GNU 11.3.0
[0.429s] -- The CXX compiler identification is GNU 11.3.0
[0.475s] -- Detecting C compiler ABI info
[0.651s] -- Detecting C compiler ABI info - done
[0.663s] -- Check for working C compiler: /usr/bin/cc - skipped
[0.663s] -- Detecting C compile features
[0.663s] -- Detecting C compile features - done
[0.668s] -- Detecting CXX compiler ABI info
[0.890s] -- Detecting CXX compiler ABI info - done
[0.905s] -- Check for working CXX compiler: /usr/bin/c++ - skipped
[0.905s] -- Detecting CXX compile features
[0.906s] -- Detecting CXX compile features - done
[0.916s] -- Found ament_cmake: 1.3.4 (/opt/ros/humble/share/ament_cmake/cmake)
[1.407s] -- Found Python3: /usr/bin/python3.10 (found version "3.10.6") found components: Interpreter 
[1.667s] -- Found rclcpp: 16.0.4 (/opt/ros/humble/share/rclcpp/cmake)
[1.827s] -- Found rosidl_generator_c: 3.1.4 (/opt/ros/humble/share/rosidl_generator_c/cmake)
[1.847s] -- Found rosidl_adapter: 3.1.4 (/opt/ros/humble/share/rosidl_adapter/cmake)
[1.874s] -- Found rosidl_generator_cpp: 3.1.4 (/opt/ros/humble/share/rosidl_generator_cpp/cmake)
[1.913s] -- Using all available rosidl_typesupport_c: rosidl_typesupport_fastrtps_c;rosidl_typesupport_introspection_c
[1.973s] -- Using all available rosidl_typesupport_cpp: rosidl_typesupport_fastrtps_cpp;rosidl_typesupport_introspection_cpp
[2.266s] -- Found rmw_implementation_cmake: 6.1.1 (/opt/ros/humble/share/rmw_implementation_cmake/cmake)
[2.280s] -- Found rmw_fastrtps_cpp: 6.2.2 (/opt/ros/humble/share/rmw_fastrtps_cpp/cmake)
[2.672s] -- Found OpenSSL: /usr/lib/x86_64-linux-gnu/libcrypto.so (found version "3.0.2")  
[2.773s] -- Found FastRTPS: /opt/ros/humble/include  
[2.950s] -- Using RMW implementation 'rmw_fastrtps_cpp' as default
[2.997s] -- Looking for pthread.h
[3.217s] -- Looking for pthread.h - found
[3.218s] -- Performing Test CMAKE_HAVE_LIBC_PTHREAD
[3.403s] -- Performing Test CMAKE_HAVE_LIBC_PTHREAD - Success
[3.405s] -- Found Threads: TRUE  
[4.235s] -- Found gazebo_dev: 3.7.0 (/opt/ros/humble/share/gazebo_dev/cmake)
[4.283s] -- Found PkgConfig: /usr/bin/pkg-config (found version "0.29.2") 
[4.284s] -- Checking for module 'bullet>=2.82'
[4.344s] --   Found bullet, version 3.05
[4.880s] -- Found fcl: /usr/include (found suitable version "0.7.0", minimum required is "0.5.0") 
[5.079s] -- Found assimp: /usr/include (found version "5.2.0") 
[5.200s] -- Found DART: /usr/include (Required is at least version "6.6") found components: dart 
[5.392s] -- Found Boost: /usr/lib/x86_64-linux-gnu/cmake/Boost-1.74.0/BoostConfig.cmake (found suitable version "1.74.0", minimum required is "1.40.0") found components: thread system filesystem program_options regex iostreams date_time 
[5.452s] -- Found Protobuf: /usr/lib/x86_64-linux-gnu/libprotobuf.so (found version "3.12.4") 
[5.501s] -- Looking for ignition-math6 -- found version 6.12.0
[5.530s] -- Searching for dependencies of ignition-math6
[5.533s] -- Looking for OGRE...
[5.534s] -- OGRE_PREFIX_WATCH changed.
[5.545s] -- Checking for module 'OGRE'
[5.615s] --   Found OGRE, version 1.9.0
[5.770s] -- Found Ogre Ghadamon (1.9.0)
[5.808s] -- Found OGRE: optimized;/usr/lib/x86_64-linux-gnu/libOgreMain.so;debug;/usr/lib/x86_64-linux-gnu/libOgreMain.so
[5.825s] -- Looking for OGRE_Paging...
[5.860s] -- Found OGRE_Paging: optimized;/usr/lib/x86_64-linux-gnu/libOgrePaging.so;debug;/usr/lib/x86_64-linux-gnu/libOgrePaging.so
[5.860s] -- Looking for OGRE_Terrain...
[5.889s] -- Found OGRE_Terrain: optimized;/usr/lib/x86_64-linux-gnu/libOgreTerrain.so;debug;/usr/lib/x86_64-linux-gnu/libOgreTerrain.so
[5.889s] -- Looking for OGRE_Property...
[5.914s] -- Found OGRE_Property: optimized;/usr/lib/x86_64-linux-gnu/libOgreProperty.so;debug;/usr/lib/x86_64-linux-gnu/libOgreProperty.so
[5.914s] -- Looking for OGRE_RTShaderSystem...
[5.950s] -- Found OGRE_RTShaderSystem: optimized;/usr/lib/x86_64-linux-gnu/libOgreRTShaderSystem.so;debug;/usr/lib/x86_64-linux-gnu/libOgreRTShaderSystem.so
[5.951s] -- Looking for OGRE_Volume...
[5.981s] -- Found OGRE_Volume: optimized;/usr/lib/x86_64-linux-gnu/libOgreVolume.so;debug;/usr/lib/x86_64-linux-gnu/libOgreVolume.so
[5.981s] -- Looking for OGRE_Overlay...
[6.010s] -- Found OGRE_Overlay: optimized;/usr/lib/x86_64-linux-gnu/libOgreOverlay.so;debug;/usr/lib/x86_64-linux-gnu/libOgreOverlay.so
[6.848s] -- Looking for ignition-math6 -- found version 6.12.0
[6.873s] -- Looking for ignition-transport8 -- found version 8.2.1
[6.874s] -- Searching for dependencies of ignition-transport8
[6.946s] -- Found Protobuf: /usr/lib/x86_64-linux-gnu/libprotobuf.so (found suitable version "3.12.4", minimum required is "3") 
[6.992s] -- Config-file not installed for ZeroMQ -- checking for pkg-config
[7.000s] -- Checking for module 'libzmq >= 4'
[7.081s] --   Found libzmq , version 4.3.4
[7.230s] -- Found ZeroMQ: TRUE (Required is at least version "4") 
[7.251s] -- Checking for module 'uuid'
[7.301s] --   Found uuid, version 2.37.2
[7.464s] -- Found UUID: TRUE  
[7.495s] -- Looking for ignition-msgs5 -- found version 5.8.1
[7.505s] -- Searching for dependencies of ignition-msgs5
[7.569s] -- Looking for ignition-math6 -- found version 6.12.0
[7.580s] -- Checking for module 'tinyxml2'
[7.656s] --   Found tinyxml2, version 9.0.0
[7.838s] -- Looking for ignition-msgs5 -- found version 5.8.1
[7.865s] -- Looking for ignition-common3 -- found version 3.14.0
[7.865s] -- Searching for dependencies of ignition-common3
[7.868s] -- Looking for dlfcn.h - found
[7.873s] -- Looking for libdl - found
[7.875s] -- Found DL: TRUE  
[7.927s] -- Found tinyobjloader: /usr/lib/x86_64-linux-gnu/cmake/tinyobjloader/tinyobjloader-config.cmake (found version "2.0.0") 
[7.928s] -- Searching for <ignition-common3> component [graphics]
[7.951s] -- Looking for ignition-common3-graphics -- found version 3.14.0
[7.952s] -- Searching for dependencies of ignition-common3-graphics
[7.952s] -- Looking for ignition-math6 -- found version 6.12.0
[7.978s] -- Looking for ignition-fuel_tools4 -- found version 4.4.0
[7.978s] -- Searching for dependencies of ignition-fuel_tools4
[8.322s] -- Found CURL: /usr/lib/x86_64-linux-gnu/libcurl.so (found version "7.81.0")  
[8.360s] -- Checking for module 'jsoncpp'
[8.431s] --   Found jsoncpp, version 1.9.5
[8.541s] -- Found JSONCPP: TRUE  
[8.554s] -- Checking for module 'libzip'
[8.611s] --   Found libzip, version 1.7.3
[8.726s] -- Found ZIP: TRUE  
[8.727s] -- Looking for ignition-common3 -- found version 3.14.0
[8.729s] -- Looking for ignition-math6 -- found version 6.12.0
[8.730s] -- Looking for ignition-msgs5 -- found version 5.8.1
[8.757s] -- Gazebo version: 11.10
[8.758s] -- Checking for module 'tbb'
[8.803s] --   Found tbb, version 2021.5.0
[8.969s] -- Found gazebo_ros: 3.7.0 (/opt/ros/humble/share/gazebo_ros/cmake)
[8.997s] -- Found gazebo_msgs: 3.7.0 (/opt/ros/humble/share/gazebo_msgs/cmake)
[9.641s] -- Found gazebo_grasp_plugin: 1.0.2 (/home/user/ros2_ws/install/gazebo_grasp_plugin/share/gazebo_grasp_plugin/cmake)
[9.642s] [31mCMake Error at /home/user/ros2_ws/install/gazebo_grasp_plugin/share/gazebo_grasp_plugin/cmake/ament_cmake_export_libraries-extras.cmake:48 (message):
[9.643s]   Package 'gazebo_grasp_plugin' exports the library 'gazebo_grasp_fix' which
[9.643s]   couldn't be found
[9.643s] Call Stack (most recent call first):
[9.643s]   /home/user/ros2_ws/install/gazebo_grasp_plugin/share/gazebo_grasp_plugin/cmake/gazebo_grasp_pluginConfig.cmake:41 (include)
[9.644s]   CMakeLists.txt:15 (find_package)
[9.644s] 
[9.644s] [0m
[9.644s] -- Configuring incomplete, errors occurred!
[9.645s] See also "/home/user/ros2_ws/build/gazebo_grasp_plugin_ros/CMakeFiles/CMakeOutput.log".
[9.663s] Invoked command in '/home/user/ros2_ws/build/gazebo_grasp_plugin_ros' returned '1': AMENT_PREFIX_PATH=/home/user/ros2_ws/install/gazebo_version_helpers:${AMENT_PREFIX_PATH} CMAKE_PREFIX_PATH=/home/simulations/ros2_sims_ws/install/rclrs_tests:/home/simulations/ros2_sims_ws/install/examples_rclrs_minimal_client_service:/home/simulations/ros2_sims_ws/install/sensor_msgs_py:/home/simulations/ros2_sims_ws/install/examples_rclrs_minimal_pub_sub:/home/simulations/ros2_sims_ws/install/examples_rclrs_message_demo:/home/simulations/ros2_sims_ws/install/rclrs:/home/simulations/ros2_sims_ws/install/rosidl_runtime_rs:/home/user/ros2_ws/install/ros2test:/home/user/ros2_ws/install/robotiq_85_driver:/home/user/ros2_ws/install/moveit_configs_utils:/opt/ros/humble:/home/user/ros2_ws/install/gazebo_grasp_plugin:/home/user/ros2_ws/install/gazebo_version_helpers:${CMAKE_PREFIX_PATH} LD_LIBRARY_PATH=/home/user/ros2_ws/install/gazebo_version_helpers/lib:/usr/local/cuda-10.2/lib64:/home/user/.catkin_ws_python3/src/TensorRT-7.0.0.11/lib:/home/simulations/ros2_sims_ws/install/visualization_msgs/lib:/home/simulations/ros2_sims_ws/install/test_msgs/lib:/home/simulations/ros2_sims_ws/install/example_interfaces/lib:/home/simulations/ros2_sims_ws/install/action_msgs/lib:/home/simulations/ros2_sims_ws/install/unique_identifier_msgs/lib:/home/simulations/ros2_sims_ws/install/trajectory_msgs/lib:/home/simulations/ros2_sims_ws/install/stereo_msgs/lib:/home/simulations/ros2_sims_ws/install/std_srvs/lib:/home/simulations/ros2_sims_ws/install/shape_msgs/lib:/home/simulations/ros2_sims_ws/install/sensor_msgs/lib:/home/simulations/ros2_sims_ws/install/nav_msgs/lib:/home/simulations/ros2_sims_ws/install/diagnostic_msgs/lib:/home/simulations/ros2_sims_ws/install/geometry_msgs/lib:/home/simulations/ros2_sims_ws/install/actionlib_msgs/lib:/home/simulations/ros2_sims_ws/install/std_msgs/lib:/home/simulations/ros2_sims_ws/install/statistics_msgs/lib:/home/simulations/ros2_sims_ws/install/rosgraph_msgs/lib:/home/simulations/ros2_sims_ws/install/rclrs_example_msgs/lib:/home/simulations/ros2_sims_ws/install/composition_interfaces/lib:/home/simulations/ros2_sims_ws/install/rcl_interfaces/lib:/home/simulations/ros2_sims_ws/install/lifecycle_msgs/lib:/home/simulations/ros2_sims_ws/install/builtin_interfaces/lib:/home/user/ros2_ws/install/simple_grasping/lib:/home/user/ros2_ws/install/robotiq_85_msgs/lib:/home/user/ros2_ws/install/pilz_industrial_motion_planner_testutils/lib:/home/user/ros2_ws/install/pilz_industrial_motion_planner/lib:/home/user/ros2_ws/install/moveit_ros_control_interface/lib:/home/user/ros2_ws/install/moveit_simple_controller_manager/lib:/home/user/ros2_ws/install/moveit_setup_assistant/lib:/home/user/ros2_ws/install/moveit_setup_srdf_plugins/lib:/home/user/ros2_ws/install/moveit_setup_core_plugins/lib:/home/user/ros2_ws/install/moveit_setup_controllers/lib:/home/user/ros2_ws/install/moveit_setup_app_plugins/lib:/home/user/ros2_ws/install/moveit_setup_framework/lib:/home/user/ros2_ws/install/moveit_servo/lib:/home/user/ros2_ws/install/moveit_ros_visualization/lib:/home/user/ros2_ws/install/moveit_hybrid_planning/lib:/home/user/ros2_ws/install/moveit_ros_planning_interface/lib:/home/user/ros2_ws/install/moveit_ros_benchmarks/lib:/home/user/ros2_ws/install/moveit_ros_warehouse/lib:/home/user/ros2_ws/install/moveit_ros_robot_interaction/lib:/home/user/ros2_ws/install/moveit_ros_perception/lib:/home/user/ros2_ws/install/moveit_ros_move_group/lib:/home/user/ros2_ws/install/moveit_planners_ompl/lib:/home/user/ros2_ws/install/moveit_ros_planning/lib:/home/user/ros2_ws/install/moveit_ros_occupancy_map_monitor/lib:/home/user/ros2_ws/install/moveit_resources_prbt_ikfast_manipulator_plugin/lib:/home/user/ros2_ws/install/moveit_planners_chomp/lib:/home/user/ros2_ws/install/moveit_kinematics/lib:/home/user/ros2_ws/install/moveit_chomp_optimizer_adapter/lib:/home/user/ros2_ws/install/chomp_motion_planner/lib:/home/user/ros2_ws/install/moveit_core/lib:/home/user/ros2_ws/install/gazebo_ros2_control/lib:/opt/ros/humble/opt/rviz_ogre_vendor/lib:/opt/ros/humble/lib/x86_64-linux-gnu:/opt/ros/humble/lib:/usr/local/cuda-10.2/lib64:/home/user/.catkin_ws_python3/src/TensorRT-7.0.0.11/lib:/usr/lib/x86_64-linux-gnu/gazebo-11/plugins:/usr/lib/x86_64-linux-gnu/gazebo-11/plugins:/usr/lib/x86_64-linux-gnu/gazebo-11/plugins PKG_CONFIG_PATH=/home/user/ros2_ws/install/gazebo_grasp_plugin/lib/x86_64-linux-gnu/pkgconfig:/home/user/ros2_ws/install/gazebo_grasp_plugin/lib/pkgconfig ROS_PACKAGE_PATH=/home/user/ros2_ws/install/gazebo_grasp_plugin/share _=/usr/bin/env /usr/bin/cmake /home/user/ros2_ws/src/gazebo-pkgs/gazebo_grasp_plugin_ros -DCMAKE_INSTALL_PREFIX=/home/user/ros2_ws/install/gazebo_grasp_plugin_ros
