[0.014s] Invoking command in '/home/steven/ws_moveit2/build/moveit_setup_app_plugins': AMENT_PREFIX_PATH=/home/steven/ws_moveit2/install/moveit_setup_framework:/home/steven/ws_moveit2/install/moveit_ros_visualization:/home/steven/ws_moveit2/install/moveit_ros_planning_interface:/home/steven/ws_moveit2/install/moveit_ros_move_group:/home/steven/ws_moveit2/install/moveit_ros_warehouse:/home/steven/ws_moveit2/install/moveit_ros_robot_interaction:/home/steven/ws_moveit2/install/moveit_kinematics:/home/steven/ws_moveit2/install/moveit_ros_planning:/home/steven/ws_moveit2/install/moveit_ros_occupancy_map_monitor:/home/steven/ws_moveit2/install/moveit_core:/home/steven/ws_moveit2/install/moveit_configs_utils:/home/steven/ws_moveit2/install/srdfdom:/home/steven/ws_moveit2/install/moveit_common:/home/steven/ws_moveit2/install/launch_param_builder:${AMENT_PREFIX_PATH} CMAKE_PREFIX_PATH=/home/steven/ws_moveit2/install/moveit_setup_framework:/home/steven/ws_moveit2/install/moveit_ros_visualization:/home/steven/ws_moveit2/install/moveit_ros_planning_interface:/home/steven/ws_moveit2/install/moveit_ros_move_group:/home/steven/ws_moveit2/install/moveit_ros_warehouse:/home/steven/ws_moveit2/install/moveit_ros_robot_interaction:/home/steven/ws_moveit2/install/moveit_kinematics:/home/steven/ws_moveit2/install/moveit_ros_planning:/home/steven/ws_moveit2/install/moveit_ros_occupancy_map_monitor:/home/steven/ws_moveit2/install/moveit_core:/home/steven/ws_moveit2/install/srdfdom:/home/steven/ws_moveit2/install/moveit_common:/opt/ros/humble LD_LIBRARY_PATH=/home/steven/ws_moveit2/install/moveit_setup_framework/lib:/home/steven/ws_moveit2/install/moveit_ros_visualization/lib:/home/steven/ws_moveit2/install/moveit_ros_planning_interface/lib:/home/steven/ws_moveit2/install/moveit_ros_move_group/lib:/home/steven/ws_moveit2/install/moveit_ros_warehouse/lib:/home/steven/ws_moveit2/install/moveit_ros_robot_interaction/lib:/home/steven/ws_moveit2/install/moveit_kinematics/lib:/home/steven/ws_moveit2/install/moveit_ros_planning/lib:/home/steven/ws_moveit2/install/moveit_ros_occupancy_map_monitor/lib:/home/steven/ws_moveit2/install/moveit_core/lib:/home/steven/ws_moveit2/install/srdfdom/lib:/opt/ros/humble/opt/rviz_ogre_vendor/lib:/opt/ros/humble/lib/x86_64-linux-gnu:/opt/ros/humble/lib:/usr/local/cuda-12.3/lib64 PATH=/home/steven/ws_moveit2/install/moveit_core/bin:${PATH} PYTHONPATH=/home/steven/ws_moveit2/install/moveit_configs_utils/lib/python3.10/site-packages:/home/steven/ws_moveit2/install/srdfdom/local/lib/python3.10/dist-packages:/home/steven/ws_moveit2/install/launch_param_builder/lib/python3.10/site-packages:${PYTHONPATH} /usr/bin/cmake /home/steven/ws_moveit2/src/moveit2/moveit_setup_assistant/moveit_setup_app_plugins -DCMAKE_BUILD_TYPE=Release -DCMAKE_INSTALL_PREFIX=/home/steven/ws_moveit2/install/moveit_setup_app_plugins
[0.054s] -- The C compiler identification is GNU 11.4.0
[0.096s] -- The CXX compiler identification is GNU 11.4.0
[0.101s] -- Detecting C compiler ABI info
[0.157s] -- Detecting C compiler ABI info - done
[0.163s] -- Check for working C compiler: /usr/bin/cc - skipped
[0.163s] -- Detecting C compile features
[0.163s] -- Detecting C compile features - done
[0.165s] -- Detecting CXX compiler ABI info
[0.230s] -- Detecting CXX compiler ABI info - done
[0.235s] -- Check for working CXX compiler: /usr/bin/c++ - skipped
[0.235s] -- Detecting CXX compile features
[0.236s] -- Detecting CXX compile features - done
[0.237s] -- Found moveit_common: 2.5.5 (/home/steven/ws_moveit2/install/moveit_common/share/moveit_common/cmake)
[0.239s] -- Found ament_cmake: 1.3.9 (/opt/ros/humble/share/ament_cmake/cmake)
[0.361s] -- Found Python3: /usr/bin/python3 (found version "3.10.12") found components: Interpreter 
[0.495s] -- Found libdw: /usr/lib/x86_64-linux-gnu/libdw.so  
[0.498s] -- Could NOT find libbfd (missing: LIBBFD_LIBRARY LIBBFD_INCLUDE_DIR) 
[0.499s] -- BACKWARD_HAS_UNWIND=1
[0.499s] -- BACKWARD_HAS_BACKTRACE=0
[0.499s] -- BACKWARD_HAS_BACKTRACE_SYMBOL=0
[0.499s] -- BACKWARD_HAS_DW=1
[0.499s] -- BACKWARD_HAS_BFD=0
[0.499s] -- Found Backward: /opt/ros/humble/share/backward_ros/cmake  
[0.500s] -- Found ament_cmake_ros: 0.10.0 (/opt/ros/humble/share/ament_cmake_ros/cmake)
[0.505s] -- Found ament_index_cpp: 1.4.0 (/opt/ros/humble/share/ament_index_cpp/cmake)
[0.505s] -- Found moveit_ros_visualization: 2.5.5 (/home/steven/ws_moveit2/install/moveit_ros_visualization/share/moveit_ros_visualization/cmake)
[0.630s] -- Found Boost: /usr/lib/x86_64-linux-gnu/cmake/Boost-1.74.0/BoostConfig.cmake (found version "1.74.0") found components: thread date_time system filesystem 
[0.643s] -- Found Boost: /usr/lib/x86_64-linux-gnu/cmake/Boost-1.74.0/BoostConfig.cmake (found version "1.74.0") found components: filesystem 
[0.668s] -- Found rosidl_generator_c: 3.1.5 (/opt/ros/humble/share/rosidl_generator_c/cmake)
[0.671s] -- Found rosidl_adapter: 3.1.5 (/opt/ros/humble/share/rosidl_adapter/cmake)
[0.677s] -- Found rosidl_generator_cpp: 3.1.5 (/opt/ros/humble/share/rosidl_generator_cpp/cmake)
[0.684s] -- Using all available rosidl_typesupport_c: rosidl_typesupport_fastrtps_c;rosidl_typesupport_introspection_c
[0.693s] -- Using all available rosidl_typesupport_cpp: rosidl_typesupport_fastrtps_cpp;rosidl_typesupport_introspection_cpp
[0.786s] -- Found rmw_implementation_cmake: 6.1.2 (/opt/ros/humble/share/rmw_implementation_cmake/cmake)
[0.788s] -- Found rmw_fastrtps_cpp: 6.2.6 (/opt/ros/humble/share/rmw_fastrtps_cpp/cmake)
[0.838s] -- Found OpenSSL: /usr/lib/x86_64-linux-gnu/libcrypto.so (found version "3.0.2")  
[0.850s] -- Found FastRTPS: /opt/ros/humble/include  
[0.874s] -- Using RMW implementation 'rmw_fastrtps_cpp' as default
[0.880s] -- Found Threads: TRUE  
[0.982s] -- library: /usr/lib/x86_64-linux-gnu/libcurl.so
[1.138s] -- Found Boost: /usr/lib/x86_64-linux-gnu/cmake/Boost-1.74.0/BoostConfig.cmake (found version "1.74.0") found components: system filesystem date_time program_options thread chrono 
[1.344s] -- Found Boost: /usr/lib/x86_64-linux-gnu/cmake/Boost-1.74.0/BoostConfig.cmake (found version "1.74.0") found components: chrono date_time filesystem iostreams program_options regex serialization system thread 
[1.360s] -- Found parameter_traits: 0.3.8 (/opt/ros/humble/share/parameter_traits/cmake)
[1.369s] -- Found Eigen3: TRUE (found version "3.4.0") 
[1.371s] -- Found rclcpp_lifecycle: 16.0.9 (/opt/ros/humble/share/rclcpp_lifecycle/cmake)
[1.402s] -- Ensuring Eigen3 include directory is part of orocos-kdl CMake target
[2.062s] -- Found Boost: /usr/lib/x86_64-linux-gnu/cmake/Boost-1.74.0/BoostConfig.cmake (found version "1.74.0") found components: date_time filesystem program_options system thread 
[2.158s] -- Found Boost: /usr/lib/x86_64-linux-gnu/cmake/Boost-1.74.0/BoostConfig.cmake (found version "1.74.0") found components: thread system filesystem regex date_time program_options 
[2.283s] -- Found Boost: /usr/lib/x86_64-linux-gnu/cmake/Boost-1.74.0/BoostConfig.cmake (found version "1.74.0") found components: system filesystem date_time program_options thread 
[2.834s] -- Setting OGRE_DIR to: '/opt/ros/humble/share/rviz_ogre_vendor/cmake/../../../opt/rviz_ogre_vendor/lib/OGRE/cmake'
[2.835s] -- Found OGRE
[2.835s] --   static     : OFF
[2.835s] --   components : HLMS;MeshLodGenerator;Overlay;Paging;Property;RTShaderSystem;Terrain;Volume
[2.835s] --   plugins    : Plugin_BSPSceneManager;Plugin_OctreeSceneManager;Plugin_PCZSceneManager;Plugin_ParticleFX;RenderSystem_GL;RenderSystem_GL3Plus;Codec_STBI
[2.835s] --   media      : /opt/ros/humble/opt/rviz_ogre_vendor/share/OGRE/Media
[2.835s] -- OGRE_LIBRARIES: OgreHLMS;OgreMeshLodGenerator;OgreOverlay;OgrePaging;OgreProperty;OgreRTShaderSystem;OgreTerrain;OgreVolume;OgreMain
[2.835s] -- OGRE_LIBRARY_DIRS: /opt/ros/humble/opt/rviz_ogre_vendor/lib
[2.835s] -- OGRE_PLUGINS: Plugin_BSPSceneManager;Plugin_OctreeSceneManager;Plugin_PCZSceneManager;Plugin_ParticleFX;RenderSystem_GL;RenderSystem_GL3Plus;Codec_STBI
[2.835s] -- OGRE_PLUGIN_DIR: /opt/ros/humble/opt/rviz_ogre_vendor/lib/OGRE
[2.835s] -- rviz_ogre_vendor::OgreOverlay for IMPORTED_LOCATION_RELEASE: /opt/ros/humble/opt/rviz_ogre_vendor/lib/libOgreOverlay.so
[2.836s] -- rviz_ogre_vendor::OgreOverlay for IMPORTED_LOCATION_DEBUG: /opt/ros/humble/opt/rviz_ogre_vendor/lib/libOgreOverlay.so
[2.836s] -- rviz_ogre_vendor::OgreMain for IMPORTED_LOCATION_RELEASE: /opt/ros/humble/opt/rviz_ogre_vendor/lib/libOgreMain.so
[2.836s] -- rviz_ogre_vendor::OgreMain for IMPORTED_LOCATION_DEBUG: /opt/ros/humble/opt/rviz_ogre_vendor/lib/libOgreMain.so
[2.836s] -- Could not find freeimage library
[2.844s] -- Found ZLIB: /usr/lib/x86_64-linux-gnu/libz.so (found version "1.2.11") 
[2.846s] -- Found OpenGL: /usr/lib/x86_64-linux-gnu/libOpenGL.so   
[2.897s] -- Found X11: /usr/include   
[2.898s] -- Looking for XOpenDisplay in /usr/lib/x86_64-linux-gnu/libX11.so;/usr/lib/x86_64-linux-gnu/libXext.so
[2.953s] -- Looking for XOpenDisplay in /usr/lib/x86_64-linux-gnu/libX11.so;/usr/lib/x86_64-linux-gnu/libXext.so - found
[2.953s] -- Looking for gethostbyname
[3.020s] -- Looking for gethostbyname - found
[3.020s] -- Looking for connect
[3.071s] -- Looking for connect - found
[3.071s] -- Looking for remove
[3.123s] -- Looking for remove - found
[3.123s] -- Looking for shmat
[3.176s] -- Looking for shmat - found
[3.176s] -- Looking for IceConnectionNumber in ICE
[3.229s] -- Looking for IceConnectionNumber in ICE - found
[3.231s] -- rviz_ogre_vendor::RenderSystem_GL for IMPORTED_LOCATION_RELEASE: _render_system_gl_static_library_abs-NOTFOUND
[3.231s] -- rviz_ogre_vendor::RenderSystem_GL for IMPORTED_LOCATION_DEBUG: _render_system_gl_static_library_abs-NOTFOUND
[3.645s] -- Found moveit_setup_framework: 2.5.5 (/home/steven/ws_moveit2/install/moveit_setup_framework/share/moveit_setup_framework/cmake)
[3.758s] -- Found ament_lint_auto: 0.12.11 (/opt/ros/humble/share/ament_lint_auto/cmake)
[3.767s] -- Found gtest sources under '/opt/ros/humble/src/gtest_vendor': C++ tests using 'Google Test' will be built
[3.771s] -- Added test 'lint_cmake' to check CMake code style
[3.772s] -- Added test 'xmllint' to check XML markup files
[3.772s] -- Configuring done
[3.820s] -- Generating done
[3.821s] -- Build files have been written to: /home/steven/ws_moveit2/build/moveit_setup_app_plugins
[3.835s] Invoked command in '/home/steven/ws_moveit2/build/moveit_setup_app_plugins' returned '0': AMENT_PREFIX_PATH=/home/steven/ws_moveit2/install/moveit_setup_framework:/home/steven/ws_moveit2/install/moveit_ros_visualization:/home/steven/ws_moveit2/install/moveit_ros_planning_interface:/home/steven/ws_moveit2/install/moveit_ros_move_group:/home/steven/ws_moveit2/install/moveit_ros_warehouse:/home/steven/ws_moveit2/install/moveit_ros_robot_interaction:/home/steven/ws_moveit2/install/moveit_kinematics:/home/steven/ws_moveit2/install/moveit_ros_planning:/home/steven/ws_moveit2/install/moveit_ros_occupancy_map_monitor:/home/steven/ws_moveit2/install/moveit_core:/home/steven/ws_moveit2/install/moveit_configs_utils:/home/steven/ws_moveit2/install/srdfdom:/home/steven/ws_moveit2/install/moveit_common:/home/steven/ws_moveit2/install/launch_param_builder:${AMENT_PREFIX_PATH} CMAKE_PREFIX_PATH=/home/steven/ws_moveit2/install/moveit_setup_framework:/home/steven/ws_moveit2/install/moveit_ros_visualization:/home/steven/ws_moveit2/install/moveit_ros_planning_interface:/home/steven/ws_moveit2/install/moveit_ros_move_group:/home/steven/ws_moveit2/install/moveit_ros_warehouse:/home/steven/ws_moveit2/install/moveit_ros_robot_interaction:/home/steven/ws_moveit2/install/moveit_kinematics:/home/steven/ws_moveit2/install/moveit_ros_planning:/home/steven/ws_moveit2/install/moveit_ros_occupancy_map_monitor:/home/steven/ws_moveit2/install/moveit_core:/home/steven/ws_moveit2/install/srdfdom:/home/steven/ws_moveit2/install/moveit_common:/opt/ros/humble LD_LIBRARY_PATH=/home/steven/ws_moveit2/install/moveit_setup_framework/lib:/home/steven/ws_moveit2/install/moveit_ros_visualization/lib:/home/steven/ws_moveit2/install/moveit_ros_planning_interface/lib:/home/steven/ws_moveit2/install/moveit_ros_move_group/lib:/home/steven/ws_moveit2/install/moveit_ros_warehouse/lib:/home/steven/ws_moveit2/install/moveit_ros_robot_interaction/lib:/home/steven/ws_moveit2/install/moveit_kinematics/lib:/home/steven/ws_moveit2/install/moveit_ros_planning/lib:/home/steven/ws_moveit2/install/moveit_ros_occupancy_map_monitor/lib:/home/steven/ws_moveit2/install/moveit_core/lib:/home/steven/ws_moveit2/install/srdfdom/lib:/opt/ros/humble/opt/rviz_ogre_vendor/lib:/opt/ros/humble/lib/x86_64-linux-gnu:/opt/ros/humble/lib:/usr/local/cuda-12.3/lib64 PATH=/home/steven/ws_moveit2/install/moveit_core/bin:${PATH} PYTHONPATH=/home/steven/ws_moveit2/install/moveit_configs_utils/lib/python3.10/site-packages:/home/steven/ws_moveit2/install/srdfdom/local/lib/python3.10/dist-packages:/home/steven/ws_moveit2/install/launch_param_builder/lib/python3.10/site-packages:${PYTHONPATH} /usr/bin/cmake /home/steven/ws_moveit2/src/moveit2/moveit_setup_assistant/moveit_setup_app_plugins -DCMAKE_BUILD_TYPE=Release -DCMAKE_INSTALL_PREFIX=/home/steven/ws_moveit2/install/moveit_setup_app_plugins
[3.836s] Invoking command in '/home/steven/ws_moveit2/build/moveit_setup_app_plugins': AMENT_PREFIX_PATH=/home/steven/ws_moveit2/install/moveit_setup_framework:/home/steven/ws_moveit2/install/moveit_ros_visualization:/home/steven/ws_moveit2/install/moveit_ros_planning_interface:/home/steven/ws_moveit2/install/moveit_ros_move_group:/home/steven/ws_moveit2/install/moveit_ros_warehouse:/home/steven/ws_moveit2/install/moveit_ros_robot_interaction:/home/steven/ws_moveit2/install/moveit_kinematics:/home/steven/ws_moveit2/install/moveit_ros_planning:/home/steven/ws_moveit2/install/moveit_ros_occupancy_map_monitor:/home/steven/ws_moveit2/install/moveit_core:/home/steven/ws_moveit2/install/moveit_configs_utils:/home/steven/ws_moveit2/install/srdfdom:/home/steven/ws_moveit2/install/moveit_common:/home/steven/ws_moveit2/install/launch_param_builder:${AMENT_PREFIX_PATH} CMAKE_PREFIX_PATH=/home/steven/ws_moveit2/install/moveit_setup_framework:/home/steven/ws_moveit2/install/moveit_ros_visualization:/home/steven/ws_moveit2/install/moveit_ros_planning_interface:/home/steven/ws_moveit2/install/moveit_ros_move_group:/home/steven/ws_moveit2/install/moveit_ros_warehouse:/home/steven/ws_moveit2/install/moveit_ros_robot_interaction:/home/steven/ws_moveit2/install/moveit_kinematics:/home/steven/ws_moveit2/install/moveit_ros_planning:/home/steven/ws_moveit2/install/moveit_ros_occupancy_map_monitor:/home/steven/ws_moveit2/install/moveit_core:/home/steven/ws_moveit2/install/srdfdom:/home/steven/ws_moveit2/install/moveit_common:/opt/ros/humble LD_LIBRARY_PATH=/home/steven/ws_moveit2/install/moveit_setup_framework/lib:/home/steven/ws_moveit2/install/moveit_ros_visualization/lib:/home/steven/ws_moveit2/install/moveit_ros_planning_interface/lib:/home/steven/ws_moveit2/install/moveit_ros_move_group/lib:/home/steven/ws_moveit2/install/moveit_ros_warehouse/lib:/home/steven/ws_moveit2/install/moveit_ros_robot_interaction/lib:/home/steven/ws_moveit2/install/moveit_kinematics/lib:/home/steven/ws_moveit2/install/moveit_ros_planning/lib:/home/steven/ws_moveit2/install/moveit_ros_occupancy_map_monitor/lib:/home/steven/ws_moveit2/install/moveit_core/lib:/home/steven/ws_moveit2/install/srdfdom/lib:/opt/ros/humble/opt/rviz_ogre_vendor/lib:/opt/ros/humble/lib/x86_64-linux-gnu:/opt/ros/humble/lib:/usr/local/cuda-12.3/lib64 PATH=/home/steven/ws_moveit2/install/moveit_core/bin:${PATH} PYTHONPATH=/home/steven/ws_moveit2/install/moveit_configs_utils/lib/python3.10/site-packages:/home/steven/ws_moveit2/install/srdfdom/local/lib/python3.10/dist-packages:/home/steven/ws_moveit2/install/launch_param_builder/lib/python3.10/site-packages:${PYTHONPATH} /usr/bin/cmake --build /home/steven/ws_moveit2/build/moveit_setup_app_plugins -- -j32 -l32
[3.866s] [  4%] [34m[1mAutomatic MOC for target moveit_setup_app_plugins[0m
[3.872s] [ 12%] [34m[1mAutomatic MOC for target gtest_main[0m
[3.872s] [ 12%] [34m[1mAutomatic MOC for target gtest[0m
[3.889s] [ 12%] Built target moveit_setup_app_plugins_autogen
[3.895s] [ 16%] [34m[1mGenerating include/moveit_setup_app_plugins/moc_perception_widget.cpp[0m
[3.896s] [ 20%] Built target gtest_main_autogen
[3.896s] [ 20%] Built target gtest_autogen
[3.896s] [ 20%] [34m[1mGenerating include/moveit_setup_app_plugins/moc_launches_widget.cpp[0m
[3.908s] [ 24%] [32mBuilding CXX object gtest/CMakeFiles/gtest.dir/gtest_autogen/mocs_compilation.cpp.o[0m
[3.910s] [ 28%] [32mBuilding CXX object gtest/CMakeFiles/gtest.dir/src/gtest-all.cc.o[0m
[3.912s] [ 36%] [32mBuilding CXX object gtest/CMakeFiles/gtest_main.dir/gtest_main_autogen/mocs_compilation.cpp.o[0m
[3.913s] [ 36%] [32mBuilding CXX object gtest/CMakeFiles/gtest_main.dir/src/gtest_main.cc.o[0m
[3.913s] [ 40%] [32mBuilding CXX object CMakeFiles/moveit_setup_app_plugins.dir/moveit_setup_app_plugins_autogen/mocs_compilation.cpp.o[0m
[3.913s] [ 48%] [32mBuilding CXX object CMakeFiles/moveit_setup_app_plugins.dir/include/moveit_setup_app_plugins/moc_perception_widget.cpp.o[0m
[3.913s] [ 56%] [32mBuilding CXX object CMakeFiles/moveit_setup_app_plugins.dir/src/launches_widget.cpp.o[0m
[3.913s] [ 56%] [32mBuilding CXX object CMakeFiles/moveit_setup_app_plugins.dir/src/perception_config.cpp.o[0m
[3.913s] [ 60%] [32mBuilding CXX object CMakeFiles/moveit_setup_app_plugins.dir/src/launches.cpp.o[0m
[3.913s] [ 60%] [32mBuilding CXX object CMakeFiles/moveit_setup_app_plugins.dir/src/launches_config.cpp.o[0m
[3.913s] [ 64%] [32mBuilding CXX object CMakeFiles/moveit_setup_app_plugins.dir/src/perception.cpp.o[0m
[3.913s] [ 68%] [32mBuilding CXX object CMakeFiles/moveit_setup_app_plugins.dir/src/perception_widget.cpp.o[0m
[3.913s] [ 72%] [32mBuilding CXX object CMakeFiles/moveit_setup_app_plugins.dir/include/moveit_setup_app_plugins/moc_launches_widget.cpp.o[0m
[4.680s] [ 76%] [32m[1mLinking CXX static library libgtest_main.a[0m
[4.724s] [ 76%] Built target gtest_main
[16.302s] [ 80%] [32m[1mLinking CXX static library libgtest.a[0m
[16.481s] [ 80%] Built target gtest
[25.630s] [ 84%] [32m[1mLinking CXX shared library libmoveit_setup_app_plugins.so[0m
[26.118s] [ 84%] Built target moveit_setup_app_plugins
[26.131s] [ 88%] [34m[1mAutomatic MOC for target test_perception[0m
[26.157s] [ 88%] Built target test_perception_autogen
[26.179s] [ 96%] [32mBuilding CXX object CMakeFiles/test_perception.dir/test/test_perception.cpp.o[0m
[26.179s] [ 96%] [32mBuilding CXX object CMakeFiles/test_perception.dir/test_perception_autogen/mocs_compilation.cpp.o[0m
[30.530s] [100%] [32m[1mLinking CXX executable test_perception[0m
[30.861s] [100%] Built target test_perception
[30.868s] Invoked command in '/home/steven/ws_moveit2/build/moveit_setup_app_plugins' returned '0': AMENT_PREFIX_PATH=/home/steven/ws_moveit2/install/moveit_setup_framework:/home/steven/ws_moveit2/install/moveit_ros_visualization:/home/steven/ws_moveit2/install/moveit_ros_planning_interface:/home/steven/ws_moveit2/install/moveit_ros_move_group:/home/steven/ws_moveit2/install/moveit_ros_warehouse:/home/steven/ws_moveit2/install/moveit_ros_robot_interaction:/home/steven/ws_moveit2/install/moveit_kinematics:/home/steven/ws_moveit2/install/moveit_ros_planning:/home/steven/ws_moveit2/install/moveit_ros_occupancy_map_monitor:/home/steven/ws_moveit2/install/moveit_core:/home/steven/ws_moveit2/install/moveit_configs_utils:/home/steven/ws_moveit2/install/srdfdom:/home/steven/ws_moveit2/install/moveit_common:/home/steven/ws_moveit2/install/launch_param_builder:${AMENT_PREFIX_PATH} CMAKE_PREFIX_PATH=/home/steven/ws_moveit2/install/moveit_setup_framework:/home/steven/ws_moveit2/install/moveit_ros_visualization:/home/steven/ws_moveit2/install/moveit_ros_planning_interface:/home/steven/ws_moveit2/install/moveit_ros_move_group:/home/steven/ws_moveit2/install/moveit_ros_warehouse:/home/steven/ws_moveit2/install/moveit_ros_robot_interaction:/home/steven/ws_moveit2/install/moveit_kinematics:/home/steven/ws_moveit2/install/moveit_ros_planning:/home/steven/ws_moveit2/install/moveit_ros_occupancy_map_monitor:/home/steven/ws_moveit2/install/moveit_core:/home/steven/ws_moveit2/install/srdfdom:/home/steven/ws_moveit2/install/moveit_common:/opt/ros/humble LD_LIBRARY_PATH=/home/steven/ws_moveit2/install/moveit_setup_framework/lib:/home/steven/ws_moveit2/install/moveit_ros_visualization/lib:/home/steven/ws_moveit2/install/moveit_ros_planning_interface/lib:/home/steven/ws_moveit2/install/moveit_ros_move_group/lib:/home/steven/ws_moveit2/install/moveit_ros_warehouse/lib:/home/steven/ws_moveit2/install/moveit_ros_robot_interaction/lib:/home/steven/ws_moveit2/install/moveit_kinematics/lib:/home/steven/ws_moveit2/install/moveit_ros_planning/lib:/home/steven/ws_moveit2/install/moveit_ros_occupancy_map_monitor/lib:/home/steven/ws_moveit2/install/moveit_core/lib:/home/steven/ws_moveit2/install/srdfdom/lib:/opt/ros/humble/opt/rviz_ogre_vendor/lib:/opt/ros/humble/lib/x86_64-linux-gnu:/opt/ros/humble/lib:/usr/local/cuda-12.3/lib64 PATH=/home/steven/ws_moveit2/install/moveit_core/bin:${PATH} PYTHONPATH=/home/steven/ws_moveit2/install/moveit_configs_utils/lib/python3.10/site-packages:/home/steven/ws_moveit2/install/srdfdom/local/lib/python3.10/dist-packages:/home/steven/ws_moveit2/install/launch_param_builder/lib/python3.10/site-packages:${PYTHONPATH} /usr/bin/cmake --build /home/steven/ws_moveit2/build/moveit_setup_app_plugins -- -j32 -l32
[30.887s] Invoking command in '/home/steven/ws_moveit2/build/moveit_setup_app_plugins': AMENT_PREFIX_PATH=/home/steven/ws_moveit2/install/moveit_setup_framework:/home/steven/ws_moveit2/install/moveit_ros_visualization:/home/steven/ws_moveit2/install/moveit_ros_planning_interface:/home/steven/ws_moveit2/install/moveit_ros_move_group:/home/steven/ws_moveit2/install/moveit_ros_warehouse:/home/steven/ws_moveit2/install/moveit_ros_robot_interaction:/home/steven/ws_moveit2/install/moveit_kinematics:/home/steven/ws_moveit2/install/moveit_ros_planning:/home/steven/ws_moveit2/install/moveit_ros_occupancy_map_monitor:/home/steven/ws_moveit2/install/moveit_core:/home/steven/ws_moveit2/install/moveit_configs_utils:/home/steven/ws_moveit2/install/srdfdom:/home/steven/ws_moveit2/install/moveit_common:/home/steven/ws_moveit2/install/launch_param_builder:${AMENT_PREFIX_PATH} CMAKE_PREFIX_PATH=/home/steven/ws_moveit2/install/moveit_setup_framework:/home/steven/ws_moveit2/install/moveit_ros_visualization:/home/steven/ws_moveit2/install/moveit_ros_planning_interface:/home/steven/ws_moveit2/install/moveit_ros_move_group:/home/steven/ws_moveit2/install/moveit_ros_warehouse:/home/steven/ws_moveit2/install/moveit_ros_robot_interaction:/home/steven/ws_moveit2/install/moveit_kinematics:/home/steven/ws_moveit2/install/moveit_ros_planning:/home/steven/ws_moveit2/install/moveit_ros_occupancy_map_monitor:/home/steven/ws_moveit2/install/moveit_core:/home/steven/ws_moveit2/install/srdfdom:/home/steven/ws_moveit2/install/moveit_common:/opt/ros/humble LD_LIBRARY_PATH=/home/steven/ws_moveit2/install/moveit_setup_framework/lib:/home/steven/ws_moveit2/install/moveit_ros_visualization/lib:/home/steven/ws_moveit2/install/moveit_ros_planning_interface/lib:/home/steven/ws_moveit2/install/moveit_ros_move_group/lib:/home/steven/ws_moveit2/install/moveit_ros_warehouse/lib:/home/steven/ws_moveit2/install/moveit_ros_robot_interaction/lib:/home/steven/ws_moveit2/install/moveit_kinematics/lib:/home/steven/ws_moveit2/install/moveit_ros_planning/lib:/home/steven/ws_moveit2/install/moveit_ros_occupancy_map_monitor/lib:/home/steven/ws_moveit2/install/moveit_core/lib:/home/steven/ws_moveit2/install/srdfdom/lib:/opt/ros/humble/opt/rviz_ogre_vendor/lib:/opt/ros/humble/lib/x86_64-linux-gnu:/opt/ros/humble/lib:/usr/local/cuda-12.3/lib64 PATH=/home/steven/ws_moveit2/install/moveit_core/bin:${PATH} PYTHONPATH=/home/steven/ws_moveit2/install/moveit_configs_utils/lib/python3.10/site-packages:/home/steven/ws_moveit2/install/srdfdom/local/lib/python3.10/dist-packages:/home/steven/ws_moveit2/install/launch_param_builder/lib/python3.10/site-packages:${PYTHONPATH} /usr/bin/cmake --install /home/steven/ws_moveit2/build/moveit_setup_app_plugins
[30.891s] -- Install configuration: "Release"
[30.892s] -- Installing: /home/steven/ws_moveit2/install/moveit_setup_app_plugins/share/moveit_setup_app_plugins/templates
[30.892s] -- Installing: /home/steven/ws_moveit2/install/moveit_setup_app_plugins/share/moveit_setup_app_plugins/templates/launch
[30.892s] -- Installing: /home/steven/ws_moveit2/install/moveit_setup_app_plugins/share/moveit_setup_app_plugins/templates/launch/generic.launch.py.template
[30.892s] -- Installing: /home/steven/ws_moveit2/install/moveit_setup_app_plugins/share/moveit_setup_app_plugins/templates/config
[30.892s] -- Installing: /home/steven/ws_moveit2/install/moveit_setup_app_plugins/share/moveit_setup_app_plugins/templates/config/moveit.rviz
[30.892s] -- Installing: /home/steven/ws_moveit2/install/moveit_setup_app_plugins/share/moveit_setup_app_plugins/templates/config/sensors_3d.yaml
[30.892s] -- Installing: /home/steven/ws_moveit2/install/moveit_setup_app_plugins/lib/libmoveit_setup_app_plugins.so
[30.892s] -- Set runtime path of "/home/steven/ws_moveit2/install/moveit_setup_app_plugins/lib/libmoveit_setup_app_plugins.so" to ""
[30.892s] -- Installing: /home/steven/ws_moveit2/install/moveit_setup_app_plugins/share/moveit_setup_app_plugins/moveit_setup_framework_plugins.xml
[30.892s] -- Installing: /home/steven/ws_moveit2/install/moveit_setup_app_plugins/include
[30.892s] -- Installing: /home/steven/ws_moveit2/install/moveit_setup_app_plugins/include/moveit_setup_app_plugins
[30.893s] -- Installing: /home/steven/ws_moveit2/install/moveit_setup_app_plugins/include/moveit_setup_app_plugins/launches_config.hpp
[30.893s] -- Installing: /home/steven/ws_moveit2/install/moveit_setup_app_plugins/include/moveit_setup_app_plugins/perception_config.hpp
[30.893s] -- Installing: /home/steven/ws_moveit2/install/moveit_setup_app_plugins/include/moveit_setup_app_plugins/launches.hpp
[30.893s] -- Installing: /home/steven/ws_moveit2/install/moveit_setup_app_plugins/include/moveit_setup_app_plugins/perception.hpp
[30.893s] -- Installing: /home/steven/ws_moveit2/install/moveit_setup_app_plugins/include/moveit_setup_app_plugins/launch_bundle.hpp
[30.893s] -- Installing: /home/steven/ws_moveit2/install/moveit_setup_app_plugins/include/moveit_setup_app_plugins/launches_widget.hpp
[30.893s] -- Installing: /home/steven/ws_moveit2/install/moveit_setup_app_plugins/include/moveit_setup_app_plugins/perception_widget.hpp
[30.893s] -- Installing: /home/steven/ws_moveit2/install/moveit_setup_app_plugins/share/moveit_setup_app_plugins/environment/library_path.sh
[30.893s] -- Installing: /home/steven/ws_moveit2/install/moveit_setup_app_plugins/share/moveit_setup_app_plugins/environment/library_path.dsv
[30.893s] -- Up-to-date: /home/steven/ws_moveit2/install/moveit_setup_app_plugins/share/moveit_setup_app_plugins/moveit_setup_framework_plugins.xml
[30.893s] -- Installing: /home/steven/ws_moveit2/install/moveit_setup_app_plugins/share/ament_index/resource_index/package_run_dependencies/moveit_setup_app_plugins
[30.893s] -- Installing: /home/steven/ws_moveit2/install/moveit_setup_app_plugins/share/ament_index/resource_index/parent_prefix_path/moveit_setup_app_plugins
[30.893s] -- Installing: /home/steven/ws_moveit2/install/moveit_setup_app_plugins/share/moveit_setup_app_plugins/environment/ament_prefix_path.sh
[30.893s] -- Installing: /home/steven/ws_moveit2/install/moveit_setup_app_plugins/share/moveit_setup_app_plugins/environment/ament_prefix_path.dsv
[30.893s] -- Installing: /home/steven/ws_moveit2/install/moveit_setup_app_plugins/share/moveit_setup_app_plugins/environment/path.sh
[30.893s] -- Installing: /home/steven/ws_moveit2/install/moveit_setup_app_plugins/share/moveit_setup_app_plugins/environment/path.dsv
[30.893s] -- Installing: /home/steven/ws_moveit2/install/moveit_setup_app_plugins/share/moveit_setup_app_plugins/local_setup.bash
[30.893s] -- Installing: /home/steven/ws_moveit2/install/moveit_setup_app_plugins/share/moveit_setup_app_plugins/local_setup.sh
[30.893s] -- Installing: /home/steven/ws_moveit2/install/moveit_setup_app_plugins/share/moveit_setup_app_plugins/local_setup.zsh
[30.893s] -- Installing: /home/steven/ws_moveit2/install/moveit_setup_app_plugins/share/moveit_setup_app_plugins/local_setup.dsv
[30.894s] -- Installing: /home/steven/ws_moveit2/install/moveit_setup_app_plugins/share/moveit_setup_app_plugins/package.dsv
[30.894s] -- Installing: /home/steven/ws_moveit2/install/moveit_setup_app_plugins/share/ament_index/resource_index/packages/moveit_setup_app_plugins
[30.894s] -- Installing: /home/steven/ws_moveit2/install/moveit_setup_app_plugins/share/ament_index/resource_index/moveit_setup_framework__pluginlib__plugin/moveit_setup_app_plugins
[30.894s] -- Installing: /home/steven/ws_moveit2/install/moveit_setup_app_plugins/share/moveit_setup_app_plugins/cmake/export_moveit_setup_app_pluginsExport.cmake
[30.894s] -- Installing: /home/steven/ws_moveit2/install/moveit_setup_app_plugins/share/moveit_setup_app_plugins/cmake/export_moveit_setup_app_pluginsExport-release.cmake
[30.894s] -- Installing: /home/steven/ws_moveit2/install/moveit_setup_app_plugins/share/moveit_setup_app_plugins/cmake/ament_cmake_export_include_directories-extras.cmake
[30.894s] -- Installing: /home/steven/ws_moveit2/install/moveit_setup_app_plugins/share/moveit_setup_app_plugins/cmake/ament_cmake_export_libraries-extras.cmake
[30.894s] -- Installing: /home/steven/ws_moveit2/install/moveit_setup_app_plugins/share/moveit_setup_app_plugins/cmake/ament_cmake_export_targets-extras.cmake
[30.894s] -- Installing: /home/steven/ws_moveit2/install/moveit_setup_app_plugins/share/moveit_setup_app_plugins/cmake/moveit_setup_app_pluginsConfig.cmake
[30.894s] -- Installing: /home/steven/ws_moveit2/install/moveit_setup_app_plugins/share/moveit_setup_app_plugins/cmake/moveit_setup_app_pluginsConfig-version.cmake
[30.894s] -- Installing: /home/steven/ws_moveit2/install/moveit_setup_app_plugins/share/moveit_setup_app_plugins/package.xml
[30.895s] Invoked command in '/home/steven/ws_moveit2/build/moveit_setup_app_plugins' returned '0': AMENT_PREFIX_PATH=/home/steven/ws_moveit2/install/moveit_setup_framework:/home/steven/ws_moveit2/install/moveit_ros_visualization:/home/steven/ws_moveit2/install/moveit_ros_planning_interface:/home/steven/ws_moveit2/install/moveit_ros_move_group:/home/steven/ws_moveit2/install/moveit_ros_warehouse:/home/steven/ws_moveit2/install/moveit_ros_robot_interaction:/home/steven/ws_moveit2/install/moveit_kinematics:/home/steven/ws_moveit2/install/moveit_ros_planning:/home/steven/ws_moveit2/install/moveit_ros_occupancy_map_monitor:/home/steven/ws_moveit2/install/moveit_core:/home/steven/ws_moveit2/install/moveit_configs_utils:/home/steven/ws_moveit2/install/srdfdom:/home/steven/ws_moveit2/install/moveit_common:/home/steven/ws_moveit2/install/launch_param_builder:${AMENT_PREFIX_PATH} CMAKE_PREFIX_PATH=/home/steven/ws_moveit2/install/moveit_setup_framework:/home/steven/ws_moveit2/install/moveit_ros_visualization:/home/steven/ws_moveit2/install/moveit_ros_planning_interface:/home/steven/ws_moveit2/install/moveit_ros_move_group:/home/steven/ws_moveit2/install/moveit_ros_warehouse:/home/steven/ws_moveit2/install/moveit_ros_robot_interaction:/home/steven/ws_moveit2/install/moveit_kinematics:/home/steven/ws_moveit2/install/moveit_ros_planning:/home/steven/ws_moveit2/install/moveit_ros_occupancy_map_monitor:/home/steven/ws_moveit2/install/moveit_core:/home/steven/ws_moveit2/install/srdfdom:/home/steven/ws_moveit2/install/moveit_common:/opt/ros/humble LD_LIBRARY_PATH=/home/steven/ws_moveit2/install/moveit_setup_framework/lib:/home/steven/ws_moveit2/install/moveit_ros_visualization/lib:/home/steven/ws_moveit2/install/moveit_ros_planning_interface/lib:/home/steven/ws_moveit2/install/moveit_ros_move_group/lib:/home/steven/ws_moveit2/install/moveit_ros_warehouse/lib:/home/steven/ws_moveit2/install/moveit_ros_robot_interaction/lib:/home/steven/ws_moveit2/install/moveit_kinematics/lib:/home/steven/ws_moveit2/install/moveit_ros_planning/lib:/home/steven/ws_moveit2/install/moveit_ros_occupancy_map_monitor/lib:/home/steven/ws_moveit2/install/moveit_core/lib:/home/steven/ws_moveit2/install/srdfdom/lib:/opt/ros/humble/opt/rviz_ogre_vendor/lib:/opt/ros/humble/lib/x86_64-linux-gnu:/opt/ros/humble/lib:/usr/local/cuda-12.3/lib64 PATH=/home/steven/ws_moveit2/install/moveit_core/bin:${PATH} PYTHONPATH=/home/steven/ws_moveit2/install/moveit_configs_utils/lib/python3.10/site-packages:/home/steven/ws_moveit2/install/srdfdom/local/lib/python3.10/dist-packages:/home/steven/ws_moveit2/install/launch_param_builder/lib/python3.10/site-packages:${PYTHONPATH} /usr/bin/cmake --install /home/steven/ws_moveit2/build/moveit_setup_app_plugins
