-- The C compiler identification is GNU 11.3.0
-- The CXX compiler identification is GNU 11.3.0
-- Detecting C compiler ABI info
-- Detecting C compiler ABI info - done
-- Check for working C compiler: /usr/bin/cc - skipped
-- Detecting C compile features
-- Detecting C compile features - done
-- Detecting CXX compiler ABI info
-- Detecting CXX compiler ABI info - done
-- Check for working CXX compiler: /usr/bin/c++ - skipped
-- Detecting CXX compile features
-- Detecting CXX compile features - done
-- Found ament_cmake: 1.3.4 (/opt/ros/humble/share/ament_cmake/cmake)
-- Found Python3: /usr/bin/python3.10 (found version "3.10.6") found components: Interpreter 
-- Found geometry_msgs: 4.2.3 (/home/simulations/ros2_sims_ws/install/geometry_msgs/share/geometry_msgs/cmake)
-- Found rosidl_generator_c: 3.1.4 (/opt/ros/humble/share/rosidl_generator_c/cmake)
-- Found rosidl_adapter: 3.1.4 (/opt/ros/humble/share/rosidl_adapter/cmake)
-- Found rosidl_generator_cpp: 3.1.4 (/opt/ros/humble/share/rosidl_generator_cpp/cmake)
-- Using all available rosidl_typesupport_c: rosidl_typesupport_fastrtps_c;rosidl_typesupport_introspection_c
-- Using all available rosidl_typesupport_cpp: rosidl_typesupport_fastrtps_cpp;rosidl_typesupport_introspection_cpp
-- Found tf2: 0.13.12 (/home/user/ros2_ws/install/tf2/share/tf2/cmake)
-- Found python_cmake_module: 0.10.0 (/opt/ros/humble/share/python_cmake_module/cmake)
-- Found PythonInterp: /usr/bin/python3 (found suitable version "3.10.6", minimum required is "3.6") 
-- Found PythonLibs: /usr/lib/x86_64-linux-gnu/libpython3.10.so (found suitable version "3.10.6", minimum required is "3.5") 
-- Using PYTHON_EXECUTABLE: /usr/bin/python3
-- Using PYTHON_INCLUDE_DIRS: /usr/include/python3.10
-- Using PYTHON_LIBRARIES: /usr/lib/x86_64-linux-gnu/libpython3.10.so
-- Found PythonExtra: .so  
-- Found ament_lint_auto: 0.12.6 (/opt/ros/humble/share/ament_lint_auto/cmake)
-- Added test 'cppcheck' to perform static code analysis on C / C++ code
-- Configured cppcheck include dirs: /home/user/ros2_ws/src/perception_ros2/geometry2/tf2_py/include
-- Configured cppcheck exclude dirs and/or files: 
-- Added test 'flake8' to check Python code syntax and style conventions
-- Added test 'lint_cmake' to check CMake code style
-- Added test 'pep257' to check Python code against some of the docstring style conventions in PEP 257
-- Added test 'uncrustify' to check C / C++ code style
-- Configured uncrustify additional arguments: 
-- Added test 'xmllint' to check XML markup files
-- Configuring done
-- Generating done
-- Build files have been written to: /home/user/ros2_ws/build/tf2_py
[ 50%] [32mBuilding CXX object CMakeFiles/tf2_py.dir/src/tf2_py.cpp.o[0m
[ 50%] Built target ament_cmake_python_copy_tf2_py
running egg_info
creating tf2_py.egg-info
writing tf2_py.egg-info/PKG-INFO
writing dependency_links to tf2_py.egg-info/dependency_links.txt
writing top-level names to tf2_py.egg-info/top_level.txt
writing manifest file 'tf2_py.egg-info/SOURCES.txt'
reading manifest file 'tf2_py.egg-info/SOURCES.txt'
writing manifest file 'tf2_py.egg-info/SOURCES.txt'
[ 50%] Built target ament_cmake_python_build_tf2_py_egg
[100%] [32m[1mLinking CXX shared library test_tf2_py/_tf2_py.cpython-310-x86_64-linux-gnu.so[0m
[100%] Built target tf2_py
-- Install configuration: ""
-- Installing: /home/user/ros2_ws/install/tf2_py/share/tf2_py/environment/pythonpath.sh
-- Installing: /home/user/ros2_ws/install/tf2_py/share/tf2_py/environment/pythonpath.dsv
-- Installing: /home/user/ros2_ws/install/tf2_py/local/lib/python3.10/dist-packages/tf2_py-0.13.12-py3.10.egg-info
-- Installing: /home/user/ros2_ws/install/tf2_py/local/lib/python3.10/dist-packages/tf2_py-0.13.12-py3.10.egg-info/PKG-INFO
-- Installing: /home/user/ros2_ws/install/tf2_py/local/lib/python3.10/dist-packages/tf2_py-0.13.12-py3.10.egg-info/top_level.txt
-- Installing: /home/user/ros2_ws/install/tf2_py/local/lib/python3.10/dist-packages/tf2_py-0.13.12-py3.10.egg-info/SOURCES.txt
-- Installing: /home/user/ros2_ws/install/tf2_py/local/lib/python3.10/dist-packages/tf2_py-0.13.12-py3.10.egg-info/dependency_links.txt
-- Installing: /home/user/ros2_ws/install/tf2_py/local/lib/python3.10/dist-packages/tf2_py
-- Installing: /home/user/ros2_ws/install/tf2_py/local/lib/python3.10/dist-packages/tf2_py/__init__.py
Listing '/home/user/ros2_ws/install/tf2_py/local/lib/python3.10/dist-packages/tf2_py'...
Compiling '/home/user/ros2_ws/install/tf2_py/local/lib/python3.10/dist-packages/tf2_py/__init__.py'...
-- Installing: /home/user/ros2_ws/install/tf2_py/local/lib/python3.10/dist-packages/tf2_py/_tf2_py.cpython-310-x86_64-linux-gnu.so
-- Set runtime path of "/home/user/ros2_ws/install/tf2_py/local/lib/python3.10/dist-packages/tf2_py/_tf2_py.cpython-310-x86_64-linux-gnu.so" to ""
-- Installing: /home/user/ros2_ws/install/tf2_py/share/ament_index/resource_index/package_run_dependencies/tf2_py
-- Installing: /home/user/ros2_ws/install/tf2_py/share/ament_index/resource_index/parent_prefix_path/tf2_py
-- Installing: /home/user/ros2_ws/install/tf2_py/share/tf2_py/environment/ament_prefix_path.sh
-- Installing: /home/user/ros2_ws/install/tf2_py/share/tf2_py/environment/ament_prefix_path.dsv
-- Installing: /home/user/ros2_ws/install/tf2_py/share/tf2_py/environment/path.sh
-- Installing: /home/user/ros2_ws/install/tf2_py/share/tf2_py/environment/path.dsv
-- Installing: /home/user/ros2_ws/install/tf2_py/share/tf2_py/local_setup.bash
-- Installing: /home/user/ros2_ws/install/tf2_py/share/tf2_py/local_setup.sh
-- Installing: /home/user/ros2_ws/install/tf2_py/share/tf2_py/local_setup.zsh
-- Installing: /home/user/ros2_ws/install/tf2_py/share/tf2_py/local_setup.dsv
-- Installing: /home/user/ros2_ws/install/tf2_py/share/tf2_py/package.dsv
-- Installing: /home/user/ros2_ws/install/tf2_py/share/ament_index/resource_index/packages/tf2_py
-- Installing: /home/user/ros2_ws/install/tf2_py/share/tf2_py/cmake/tf2_pyConfig.cmake
-- Installing: /home/user/ros2_ws/install/tf2_py/share/tf2_py/cmake/tf2_pyConfig-version.cmake
-- Installing: /home/user/ros2_ws/install/tf2_py/share/tf2_py/package.xml
