[0.802s] Invoking command in '/home/user/ros2_ws/build/robotiq_85_msgs': CMAKE_PREFIX_PATH=${CMAKE_PREFIX_PATH}:/home/user/ros2_ws/install/ros2test:/home/user/ros2_ws/install/robotiq_85_driver:/home/user/ros2_ws/install/moveit_configs_utils:/home/simulations/ros2_sims_ws/install/rclrs_tests:/home/simulations/ros2_sims_ws/install/examples_rclrs_minimal_client_service:/home/simulations/ros2_sims_ws/install/sensor_msgs_py:/home/simulations/ros2_sims_ws/install/examples_rclrs_minimal_pub_sub:/home/simulations/ros2_sims_ws/install/examples_rclrs_message_demo:/home/simulations/ros2_sims_ws/install/rclrs:/home/simulations/ros2_sims_ws/install/rosidl_runtime_rs:/opt/ros/humble _=/usr/bin/env /usr/bin/cmake --build /home/user/ros2_ws/build/robotiq_85_msgs -- -j8 -l8
[0.966s] [  2%] [34m[1mGenerating Rust code for ROS interfaces[0m
[0.988s] [  5%] Built target robotiq_85_msgs__cpp
[1.029s] [  5%] Built target ament_cmake_python_copy_robotiq_85_msgs
[1.037s] [ 15%] Built target robotiq_85_msgs__rosidl_generator_c
[1.166s] [ 25%] Built target robotiq_85_msgs__rosidl_typesupport_fastrtps_cpp
[1.180s] [ 35%] Built target robotiq_85_msgs__rosidl_typesupport_introspection_cpp
[1.182s] [ 45%] Built target robotiq_85_msgs__rosidl_typesupport_cpp
[1.282s] [ 55%] Built target robotiq_85_msgs__rosidl_typesupport_fastrtps_c
[1.300s] [ 65%] Built target robotiq_85_msgs__rosidl_typesupport_introspection_c
[1.316s] [ 75%] Built target robotiq_85_msgs__rosidl_typesupport_c
[1.640s] [ 75%] Built target robotiq_85_msgs__rs
[1.769s] running egg_info
[1.769s] writing robotiq_85_msgs.egg-info/PKG-INFO
[1.769s] writing dependency_links to robotiq_85_msgs.egg-info/dependency_links.txt
[1.769s] writing top-level names to robotiq_85_msgs.egg-info/top_level.txt
[1.770s] reading manifest file 'robotiq_85_msgs.egg-info/SOURCES.txt'
[1.770s] writing manifest file 'robotiq_85_msgs.egg-info/SOURCES.txt'
[1.771s] [ 75%] Built target robotiq_85_msgs
[1.844s] [ 75%] Built target ament_cmake_python_build_robotiq_85_msgs_egg
[1.876s] [ 77%] Built target robotiq_85_msgs__py
[2.059s] [ 85%] Built target robotiq_85_msgs__rosidl_generator_py
[2.318s] [ 90%] Built target robotiq_85_msgs__rosidl_typesupport_fastrtps_c__pyext
[2.340s] [ 95%] Built target robotiq_85_msgs__rosidl_typesupport_c__pyext
[2.341s] [100%] Built target robotiq_85_msgs__rosidl_typesupport_introspection_c__pyext
[2.372s] Invoked command in '/home/user/ros2_ws/build/robotiq_85_msgs' returned '0': CMAKE_PREFIX_PATH=${CMAKE_PREFIX_PATH}:/home/user/ros2_ws/install/ros2test:/home/user/ros2_ws/install/robotiq_85_driver:/home/user/ros2_ws/install/moveit_configs_utils:/home/simulations/ros2_sims_ws/install/rclrs_tests:/home/simulations/ros2_sims_ws/install/examples_rclrs_minimal_client_service:/home/simulations/ros2_sims_ws/install/sensor_msgs_py:/home/simulations/ros2_sims_ws/install/examples_rclrs_minimal_pub_sub:/home/simulations/ros2_sims_ws/install/examples_rclrs_message_demo:/home/simulations/ros2_sims_ws/install/rclrs:/home/simulations/ros2_sims_ws/install/rosidl_runtime_rs:/opt/ros/humble _=/usr/bin/env /usr/bin/cmake --build /home/user/ros2_ws/build/robotiq_85_msgs -- -j8 -l8
[3.646s] Invoking command in '/home/user/ros2_ws/build/robotiq_85_msgs': CMAKE_PREFIX_PATH=${CMAKE_PREFIX_PATH}:/home/user/ros2_ws/install/ros2test:/home/user/ros2_ws/install/robotiq_85_driver:/home/user/ros2_ws/install/moveit_configs_utils:/home/simulations/ros2_sims_ws/install/rclrs_tests:/home/simulations/ros2_sims_ws/install/examples_rclrs_minimal_client_service:/home/simulations/ros2_sims_ws/install/sensor_msgs_py:/home/simulations/ros2_sims_ws/install/examples_rclrs_minimal_pub_sub:/home/simulations/ros2_sims_ws/install/examples_rclrs_message_demo:/home/simulations/ros2_sims_ws/install/rclrs:/home/simulations/ros2_sims_ws/install/rosidl_runtime_rs:/opt/ros/humble _=/usr/bin/env /usr/bin/cmake --install /home/user/ros2_ws/build/robotiq_85_msgs
[3.677s] -- Install configuration: ""
[3.677s] -- Up-to-date: /home/user/ros2_ws/install/robotiq_85_msgs/share/ament_index/resource_index/rosidl_interfaces/robotiq_85_msgs
[3.677s] -- Up-to-date: /home/user/ros2_ws/install/robotiq_85_msgs/include/robotiq_85_msgs/robotiq_85_msgs
[3.677s] -- Up-to-date: /home/user/ros2_ws/install/robotiq_85_msgs/include/robotiq_85_msgs/robotiq_85_msgs/msg
[3.677s] -- Up-to-date: /home/user/ros2_ws/install/robotiq_85_msgs/include/robotiq_85_msgs/robotiq_85_msgs/msg/detail
[3.678s] -- Up-to-date: /home/user/ros2_ws/install/robotiq_85_msgs/include/robotiq_85_msgs/robotiq_85_msgs/msg/detail/gripper_stat__functions.c
[3.678s] -- Up-to-date: /home/user/ros2_ws/install/robotiq_85_msgs/include/robotiq_85_msgs/robotiq_85_msgs/msg/detail/gripper_cmd__functions.h
[3.678s] -- Up-to-date: /home/user/ros2_ws/install/robotiq_85_msgs/include/robotiq_85_msgs/robotiq_85_msgs/msg/detail/gripper_stat__struct.h
[3.678s] -- Up-to-date: /home/user/ros2_ws/install/robotiq_85_msgs/include/robotiq_85_msgs/robotiq_85_msgs/msg/detail/gripper_cmd__functions.c
[3.678s] -- Up-to-date: /home/user/ros2_ws/install/robotiq_85_msgs/include/robotiq_85_msgs/robotiq_85_msgs/msg/detail/gripper_stat__type_support.h
[3.678s] -- Up-to-date: /home/user/ros2_ws/install/robotiq_85_msgs/include/robotiq_85_msgs/robotiq_85_msgs/msg/detail/gripper_stat__functions.h
[3.678s] -- Up-to-date: /home/user/ros2_ws/install/robotiq_85_msgs/include/robotiq_85_msgs/robotiq_85_msgs/msg/detail/gripper_cmd__type_support.h
[3.679s] -- Up-to-date: /home/user/ros2_ws/install/robotiq_85_msgs/include/robotiq_85_msgs/robotiq_85_msgs/msg/detail/gripper_cmd__struct.h
[3.679s] -- Up-to-date: /home/user/ros2_ws/install/robotiq_85_msgs/include/robotiq_85_msgs/robotiq_85_msgs/msg/rosidl_generator_c__visibility_control.h
[3.679s] -- Up-to-date: /home/user/ros2_ws/install/robotiq_85_msgs/include/robotiq_85_msgs/robotiq_85_msgs/msg/gripper_cmd.h
[3.679s] -- Up-to-date: /home/user/ros2_ws/install/robotiq_85_msgs/include/robotiq_85_msgs/robotiq_85_msgs/msg/gripper_stat.h
[3.679s] -- Up-to-date: /home/user/ros2_ws/install/robotiq_85_msgs/share/robotiq_85_msgs/environment/library_path.sh
[3.679s] -- Up-to-date: /home/user/ros2_ws/install/robotiq_85_msgs/share/robotiq_85_msgs/environment/library_path.dsv
[3.681s] -- Up-to-date: /home/user/ros2_ws/install/robotiq_85_msgs/lib/librobotiq_85_msgs__rosidl_generator_c.so
[3.682s] -- Up-to-date: /home/user/ros2_ws/install/robotiq_85_msgs/include/robotiq_85_msgs/robotiq_85_msgs
[3.682s] -- Up-to-date: /home/user/ros2_ws/install/robotiq_85_msgs/include/robotiq_85_msgs/robotiq_85_msgs/msg
[3.683s] -- Up-to-date: /home/user/ros2_ws/install/robotiq_85_msgs/include/robotiq_85_msgs/robotiq_85_msgs/msg/detail
[3.683s] -- Up-to-date: /home/user/ros2_ws/install/robotiq_85_msgs/include/robotiq_85_msgs/robotiq_85_msgs/msg/detail/gripper_stat__rosidl_typesupport_fastrtps_c.h
[3.683s] -- Up-to-date: /home/user/ros2_ws/install/robotiq_85_msgs/include/robotiq_85_msgs/robotiq_85_msgs/msg/detail/gripper_cmd__rosidl_typesupport_fastrtps_c.h
[3.683s] -- Up-to-date: /home/user/ros2_ws/install/robotiq_85_msgs/include/robotiq_85_msgs/robotiq_85_msgs/msg/rosidl_typesupport_fastrtps_c__visibility_control.h
[3.683s] -- Up-to-date: /home/user/ros2_ws/install/robotiq_85_msgs/lib/librobotiq_85_msgs__rosidl_typesupport_fastrtps_c.so
[3.683s] -- Up-to-date: /home/user/ros2_ws/install/robotiq_85_msgs/include/robotiq_85_msgs/robotiq_85_msgs
[3.684s] -- Up-to-date: /home/user/ros2_ws/install/robotiq_85_msgs/include/robotiq_85_msgs/robotiq_85_msgs/msg
[3.684s] -- Up-to-date: /home/user/ros2_ws/install/robotiq_85_msgs/include/robotiq_85_msgs/robotiq_85_msgs/msg/detail
[3.684s] -- Up-to-date: /home/user/ros2_ws/install/robotiq_85_msgs/include/robotiq_85_msgs/robotiq_85_msgs/msg/detail/gripper_cmd__struct.hpp
[3.684s] -- Up-to-date: /home/user/ros2_ws/install/robotiq_85_msgs/include/robotiq_85_msgs/robotiq_85_msgs/msg/detail/gripper_stat__struct.hpp
[3.684s] -- Up-to-date: /home/user/ros2_ws/install/robotiq_85_msgs/include/robotiq_85_msgs/robotiq_85_msgs/msg/detail/gripper_stat__traits.hpp
[3.685s] -- Up-to-date: /home/user/ros2_ws/install/robotiq_85_msgs/include/robotiq_85_msgs/robotiq_85_msgs/msg/detail/gripper_cmd__builder.hpp
[3.685s] -- Up-to-date: /home/user/ros2_ws/install/robotiq_85_msgs/include/robotiq_85_msgs/robotiq_85_msgs/msg/detail/gripper_stat__builder.hpp
[3.685s] -- Up-to-date: /home/user/ros2_ws/install/robotiq_85_msgs/include/robotiq_85_msgs/robotiq_85_msgs/msg/detail/gripper_cmd__traits.hpp
[3.685s] -- Up-to-date: /home/user/ros2_ws/install/robotiq_85_msgs/include/robotiq_85_msgs/robotiq_85_msgs/msg/gripper_cmd.hpp
[3.685s] -- Up-to-date: /home/user/ros2_ws/install/robotiq_85_msgs/include/robotiq_85_msgs/robotiq_85_msgs/msg/gripper_stat.hpp
[3.689s] -- Up-to-date: /home/user/ros2_ws/install/robotiq_85_msgs/include/robotiq_85_msgs/robotiq_85_msgs
[3.696s] -- Up-to-date: /home/user/ros2_ws/install/robotiq_85_msgs/include/robotiq_85_msgs/robotiq_85_msgs/msg
[3.696s] -- Up-to-date: /home/user/ros2_ws/install/robotiq_85_msgs/include/robotiq_85_msgs/robotiq_85_msgs/msg/detail
[3.697s] -- Up-to-date: /home/user/ros2_ws/install/robotiq_85_msgs/include/robotiq_85_msgs/robotiq_85_msgs/msg/detail/gripper_stat__rosidl_typesupport_fastrtps_cpp.hpp
[3.697s] -- Up-to-date: /home/user/ros2_ws/install/robotiq_85_msgs/include/robotiq_85_msgs/robotiq_85_msgs/msg/detail/dds_fastrtps
[3.697s] -- Up-to-date: /home/user/ros2_ws/install/robotiq_85_msgs/include/robotiq_85_msgs/robotiq_85_msgs/msg/detail/gripper_cmd__rosidl_typesupport_fastrtps_cpp.hpp
[3.697s] -- Up-to-date: /home/user/ros2_ws/install/robotiq_85_msgs/include/robotiq_85_msgs/robotiq_85_msgs/msg/rosidl_typesupport_fastrtps_cpp__visibility_control.h
[3.698s] -- Up-to-date: /home/user/ros2_ws/install/robotiq_85_msgs/lib/librobotiq_85_msgs__rosidl_typesupport_fastrtps_cpp.so
[3.698s] -- Up-to-date: /home/user/ros2_ws/install/robotiq_85_msgs/include/robotiq_85_msgs/robotiq_85_msgs
[3.698s] -- Up-to-date: /home/user/ros2_ws/install/robotiq_85_msgs/include/robotiq_85_msgs/robotiq_85_msgs/msg
[3.698s] -- Up-to-date: /home/user/ros2_ws/install/robotiq_85_msgs/include/robotiq_85_msgs/robotiq_85_msgs/msg/detail
[3.699s] -- Up-to-date: /home/user/ros2_ws/install/robotiq_85_msgs/include/robotiq_85_msgs/robotiq_85_msgs/msg/detail/gripper_cmd__type_support.c
[3.699s] -- Up-to-date: /home/user/ros2_ws/install/robotiq_85_msgs/include/robotiq_85_msgs/robotiq_85_msgs/msg/detail/gripper_stat__rosidl_typesupport_introspection_c.h
[3.699s] -- Up-to-date: /home/user/ros2_ws/install/robotiq_85_msgs/include/robotiq_85_msgs/robotiq_85_msgs/msg/detail/gripper_cmd__rosidl_typesupport_introspection_c.h
[3.699s] -- Up-to-date: /home/user/ros2_ws/install/robotiq_85_msgs/include/robotiq_85_msgs/robotiq_85_msgs/msg/detail/gripper_stat__type_support.c
[3.699s] -- Up-to-date: /home/user/ros2_ws/install/robotiq_85_msgs/include/robotiq_85_msgs/robotiq_85_msgs/msg/rosidl_typesupport_introspection_c__visibility_control.h
[3.700s] -- Up-to-date: /home/user/ros2_ws/install/robotiq_85_msgs/lib/librobotiq_85_msgs__rosidl_typesupport_introspection_c.so
[3.700s] -- Up-to-date: /home/user/ros2_ws/install/robotiq_85_msgs/lib/librobotiq_85_msgs__rosidl_typesupport_c.so
[3.700s] -- Up-to-date: /home/user/ros2_ws/install/robotiq_85_msgs/include/robotiq_85_msgs/robotiq_85_msgs
[3.700s] -- Up-to-date: /home/user/ros2_ws/install/robotiq_85_msgs/include/robotiq_85_msgs/robotiq_85_msgs/msg
[3.701s] -- Up-to-date: /home/user/ros2_ws/install/robotiq_85_msgs/include/robotiq_85_msgs/robotiq_85_msgs/msg/detail
[3.701s] -- Up-to-date: /home/user/ros2_ws/install/robotiq_85_msgs/include/robotiq_85_msgs/robotiq_85_msgs/msg/detail/gripper_cmd__rosidl_typesupport_introspection_cpp.hpp
[3.701s] -- Up-to-date: /home/user/ros2_ws/install/robotiq_85_msgs/include/robotiq_85_msgs/robotiq_85_msgs/msg/detail/gripper_stat__rosidl_typesupport_introspection_cpp.hpp
[3.701s] -- Up-to-date: /home/user/ros2_ws/install/robotiq_85_msgs/include/robotiq_85_msgs/robotiq_85_msgs/msg/detail/gripper_stat__type_support.cpp
[3.701s] -- Up-to-date: /home/user/ros2_ws/install/robotiq_85_msgs/include/robotiq_85_msgs/robotiq_85_msgs/msg/detail/gripper_cmd__type_support.cpp
[3.702s] -- Up-to-date: /home/user/ros2_ws/install/robotiq_85_msgs/lib/librobotiq_85_msgs__rosidl_typesupport_introspection_cpp.so
[3.702s] -- Up-to-date: /home/user/ros2_ws/install/robotiq_85_msgs/lib/librobotiq_85_msgs__rosidl_typesupport_cpp.so
[3.702s] -- Up-to-date: /home/user/ros2_ws/install/robotiq_85_msgs/share/ament_index/resource_index/rust_packages/robotiq_85_msgs
[3.702s] -- Up-to-date: /home/user/ros2_ws/install/robotiq_85_msgs/share/robotiq_85_msgs/rust
[3.702s] -- Installing: /home/user/ros2_ws/install/robotiq_85_msgs/share/robotiq_85_msgs/rust/Cargo.toml
[3.703s] -- Up-to-date: /home/user/ros2_ws/install/robotiq_85_msgs/share/robotiq_85_msgs/rust/src
[3.703s] -- Installing: /home/user/ros2_ws/install/robotiq_85_msgs/share/robotiq_85_msgs/rust/src/msg.rs
[3.703s] -- Installing: /home/user/ros2_ws/install/robotiq_85_msgs/share/robotiq_85_msgs/rust/src/lib.rs
[3.704s] -- Installing: /home/user/ros2_ws/install/robotiq_85_msgs/share/robotiq_85_msgs/rust/build.rs
[3.704s] -- Up-to-date: /home/user/ros2_ws/install/robotiq_85_msgs/share/robotiq_85_msgs/rust
[3.705s] -- Up-to-date: /home/user/ros2_ws/install/robotiq_85_msgs/share/robotiq_85_msgs/rust/Cargo.toml
[3.706s] -- Up-to-date: /home/user/ros2_ws/install/robotiq_85_msgs/share/robotiq_85_msgs/rust/src
[3.707s] -- Up-to-date: /home/user/ros2_ws/install/robotiq_85_msgs/share/robotiq_85_msgs/rust/src/msg.rs
[3.720s] -- Up-to-date: /home/user/ros2_ws/install/robotiq_85_msgs/share/robotiq_85_msgs/rust/src/lib.rs
[3.720s] -- Up-to-date: /home/user/ros2_ws/install/robotiq_85_msgs/share/robotiq_85_msgs/rust/build.rs
[3.721s] -- Up-to-date: /home/user/ros2_ws/install/robotiq_85_msgs/share/robotiq_85_msgs/rust
[3.721s] -- Up-to-date: /home/user/ros2_ws/install/robotiq_85_msgs/share/robotiq_85_msgs/rust/Cargo.toml
[3.721s] -- Up-to-date: /home/user/ros2_ws/install/robotiq_85_msgs/share/robotiq_85_msgs/rust/src
[3.721s] -- Up-to-date: /home/user/ros2_ws/install/robotiq_85_msgs/share/robotiq_85_msgs/rust/src/msg.rs
[3.721s] -- Up-to-date: /home/user/ros2_ws/install/robotiq_85_msgs/share/robotiq_85_msgs/rust/src/lib.rs
[3.722s] -- Up-to-date: /home/user/ros2_ws/install/robotiq_85_msgs/share/robotiq_85_msgs/rust/build.rs
[3.722s] -- Up-to-date: /home/user/ros2_ws/install/robotiq_85_msgs/share/robotiq_85_msgs/environment/pythonpath.sh
[3.722s] -- Up-to-date: /home/user/ros2_ws/install/robotiq_85_msgs/share/robotiq_85_msgs/environment/pythonpath.dsv
[3.722s] -- Up-to-date: /home/user/ros2_ws/install/robotiq_85_msgs/local/lib/python3.10/dist-packages/robotiq_85_msgs-1.0.1-py3.10.egg-info
[3.724s] -- Installing: /home/user/ros2_ws/install/robotiq_85_msgs/local/lib/python3.10/dist-packages/robotiq_85_msgs-1.0.1-py3.10.egg-info/PKG-INFO
[3.725s] -- Installing: /home/user/ros2_ws/install/robotiq_85_msgs/local/lib/python3.10/dist-packages/robotiq_85_msgs-1.0.1-py3.10.egg-info/top_level.txt
[3.725s] -- Installing: /home/user/ros2_ws/install/robotiq_85_msgs/local/lib/python3.10/dist-packages/robotiq_85_msgs-1.0.1-py3.10.egg-info/SOURCES.txt
[3.725s] -- Installing: /home/user/ros2_ws/install/robotiq_85_msgs/local/lib/python3.10/dist-packages/robotiq_85_msgs-1.0.1-py3.10.egg-info/dependency_links.txt
[3.725s] -- Up-to-date: /home/user/ros2_ws/install/robotiq_85_msgs/local/lib/python3.10/dist-packages/robotiq_85_msgs
[3.725s] -- Up-to-date: /home/user/ros2_ws/install/robotiq_85_msgs/local/lib/python3.10/dist-packages/robotiq_85_msgs/_robotiq_85_msgs_s.ep.rosidl_typesupport_introspection_c.c
[3.726s] -- Up-to-date: /home/user/ros2_ws/install/robotiq_85_msgs/local/lib/python3.10/dist-packages/robotiq_85_msgs/msg
[3.726s] -- Up-to-date: /home/user/ros2_ws/install/robotiq_85_msgs/local/lib/python3.10/dist-packages/robotiq_85_msgs/msg/_gripper_stat_s.c
[3.726s] -- Up-to-date: /home/user/ros2_ws/install/robotiq_85_msgs/local/lib/python3.10/dist-packages/robotiq_85_msgs/msg/_gripper_cmd.py
[3.726s] -- Up-to-date: /home/user/ros2_ws/install/robotiq_85_msgs/local/lib/python3.10/dist-packages/robotiq_85_msgs/msg/__init__.py
[3.726s] -- Up-to-date: /home/user/ros2_ws/install/robotiq_85_msgs/local/lib/python3.10/dist-packages/robotiq_85_msgs/msg/_gripper_cmd_s.c
[3.726s] -- Up-to-date: /home/user/ros2_ws/install/robotiq_85_msgs/local/lib/python3.10/dist-packages/robotiq_85_msgs/msg/_gripper_stat.py
[3.727s] -- Up-to-date: /home/user/ros2_ws/install/robotiq_85_msgs/local/lib/python3.10/dist-packages/robotiq_85_msgs/__init__.py
[3.727s] -- Up-to-date: /home/user/ros2_ws/install/robotiq_85_msgs/local/lib/python3.10/dist-packages/robotiq_85_msgs/robotiq_85_msgs_s__rosidl_typesupport_c.cpython-310-x86_64-linux-gnu.so
[3.727s] -- Up-to-date: /home/user/ros2_ws/install/robotiq_85_msgs/local/lib/python3.10/dist-packages/robotiq_85_msgs/librobotiq_85_msgs__rosidl_generator_py.so
[3.727s] -- Up-to-date: /home/user/ros2_ws/install/robotiq_85_msgs/local/lib/python3.10/dist-packages/robotiq_85_msgs/_robotiq_85_msgs_s.ep.rosidl_typesupport_fastrtps_c.c
[3.727s] -- Up-to-date: /home/user/ros2_ws/install/robotiq_85_msgs/local/lib/python3.10/dist-packages/robotiq_85_msgs/_robotiq_85_msgs_s.ep.rosidl_typesupport_c.c
[3.727s] -- Up-to-date: /home/user/ros2_ws/install/robotiq_85_msgs/local/lib/python3.10/dist-packages/robotiq_85_msgs/robotiq_85_msgs_s__rosidl_typesupport_fastrtps_c.cpython-310-x86_64-linux-gnu.so
[3.728s] -- Up-to-date: /home/user/ros2_ws/install/robotiq_85_msgs/local/lib/python3.10/dist-packages/robotiq_85_msgs/robotiq_85_msgs_s__rosidl_typesupport_introspection_c.cpython-310-x86_64-linux-gnu.so
[3.870s] Listing '/home/user/ros2_ws/install/robotiq_85_msgs/local/lib/python3.10/dist-packages/robotiq_85_msgs'...
[3.870s] Listing '/home/user/ros2_ws/install/robotiq_85_msgs/local/lib/python3.10/dist-packages/robotiq_85_msgs/msg'...
[3.877s] -- Up-to-date: /home/user/ros2_ws/install/robotiq_85_msgs/local/lib/python3.10/dist-packages/robotiq_85_msgs/robotiq_85_msgs_s__rosidl_typesupport_fastrtps_c.cpython-310-x86_64-linux-gnu.so
[3.877s] -- Up-to-date: /home/user/ros2_ws/install/robotiq_85_msgs/local/lib/python3.10/dist-packages/robotiq_85_msgs/robotiq_85_msgs_s__rosidl_typesupport_introspection_c.cpython-310-x86_64-linux-gnu.so
[3.878s] -- Up-to-date: /home/user/ros2_ws/install/robotiq_85_msgs/local/lib/python3.10/dist-packages/robotiq_85_msgs/robotiq_85_msgs_s__rosidl_typesupport_c.cpython-310-x86_64-linux-gnu.so
[3.878s] -- Up-to-date: /home/user/ros2_ws/install/robotiq_85_msgs/lib/librobotiq_85_msgs__rosidl_generator_py.so
[3.878s] -- Up-to-date: /home/user/ros2_ws/install/robotiq_85_msgs/share/robotiq_85_msgs/msg/GripperCmd.idl
[3.878s] -- Up-to-date: /home/user/ros2_ws/install/robotiq_85_msgs/share/robotiq_85_msgs/msg/GripperStat.idl
[3.878s] -- Up-to-date: /home/user/ros2_ws/install/robotiq_85_msgs/share/robotiq_85_msgs/msg/GripperCmd.msg
[3.879s] -- Up-to-date: /home/user/ros2_ws/install/robotiq_85_msgs/share/robotiq_85_msgs/msg/GripperStat.msg
[3.879s] -- Up-to-date: /home/user/ros2_ws/install/robotiq_85_msgs/share/ament_index/resource_index/package_run_dependencies/robotiq_85_msgs
[3.879s] -- Up-to-date: /home/user/ros2_ws/install/robotiq_85_msgs/share/ament_index/resource_index/parent_prefix_path/robotiq_85_msgs
[3.879s] -- Up-to-date: /home/user/ros2_ws/install/robotiq_85_msgs/share/robotiq_85_msgs/environment/ament_prefix_path.sh
[3.879s] -- Up-to-date: /home/user/ros2_ws/install/robotiq_85_msgs/share/robotiq_85_msgs/environment/ament_prefix_path.dsv
[3.880s] -- Up-to-date: /home/user/ros2_ws/install/robotiq_85_msgs/share/robotiq_85_msgs/environment/path.sh
[3.880s] -- Up-to-date: /home/user/ros2_ws/install/robotiq_85_msgs/share/robotiq_85_msgs/environment/path.dsv
[3.880s] -- Up-to-date: /home/user/ros2_ws/install/robotiq_85_msgs/share/robotiq_85_msgs/local_setup.bash
[3.881s] -- Up-to-date: /home/user/ros2_ws/install/robotiq_85_msgs/share/robotiq_85_msgs/local_setup.sh
[3.881s] -- Up-to-date: /home/user/ros2_ws/install/robotiq_85_msgs/share/robotiq_85_msgs/local_setup.zsh
[3.882s] -- Up-to-date: /home/user/ros2_ws/install/robotiq_85_msgs/share/robotiq_85_msgs/local_setup.dsv
[3.882s] -- Installing: /home/user/ros2_ws/install/robotiq_85_msgs/share/robotiq_85_msgs/package.dsv
[3.882s] -- Up-to-date: /home/user/ros2_ws/install/robotiq_85_msgs/share/ament_index/resource_index/packages/robotiq_85_msgs
[3.882s] -- Up-to-date: /home/user/ros2_ws/install/robotiq_85_msgs/share/robotiq_85_msgs/cmake/export_robotiq_85_msgs__rosidl_generator_cExport.cmake
[3.883s] -- Up-to-date: /home/user/ros2_ws/install/robotiq_85_msgs/share/robotiq_85_msgs/cmake/export_robotiq_85_msgs__rosidl_generator_cExport-noconfig.cmake
[3.883s] -- Up-to-date: /home/user/ros2_ws/install/robotiq_85_msgs/share/robotiq_85_msgs/cmake/export_robotiq_85_msgs__rosidl_typesupport_fastrtps_cExport.cmake
[3.883s] -- Up-to-date: /home/user/ros2_ws/install/robotiq_85_msgs/share/robotiq_85_msgs/cmake/export_robotiq_85_msgs__rosidl_typesupport_fastrtps_cExport-noconfig.cmake
[3.883s] -- Up-to-date: /home/user/ros2_ws/install/robotiq_85_msgs/share/robotiq_85_msgs/cmake/export_robotiq_85_msgs__rosidl_generator_cppExport.cmake
[3.883s] -- Up-to-date: /home/user/ros2_ws/install/robotiq_85_msgs/share/robotiq_85_msgs/cmake/export_robotiq_85_msgs__rosidl_typesupport_fastrtps_cppExport.cmake
[3.884s] -- Up-to-date: /home/user/ros2_ws/install/robotiq_85_msgs/share/robotiq_85_msgs/cmake/export_robotiq_85_msgs__rosidl_typesupport_fastrtps_cppExport-noconfig.cmake
[3.884s] -- Up-to-date: /home/user/ros2_ws/install/robotiq_85_msgs/share/robotiq_85_msgs/cmake/robotiq_85_msgs__rosidl_typesupport_introspection_cExport.cmake
[3.884s] -- Up-to-date: /home/user/ros2_ws/install/robotiq_85_msgs/share/robotiq_85_msgs/cmake/robotiq_85_msgs__rosidl_typesupport_introspection_cExport-noconfig.cmake
[3.885s] -- Up-to-date: /home/user/ros2_ws/install/robotiq_85_msgs/share/robotiq_85_msgs/cmake/robotiq_85_msgs__rosidl_typesupport_cExport.cmake
[3.890s] -- Up-to-date: /home/user/ros2_ws/install/robotiq_85_msgs/share/robotiq_85_msgs/cmake/robotiq_85_msgs__rosidl_typesupport_cExport-noconfig.cmake
[3.890s] -- Up-to-date: /home/user/ros2_ws/install/robotiq_85_msgs/share/robotiq_85_msgs/cmake/robotiq_85_msgs__rosidl_typesupport_introspection_cppExport.cmake
[3.891s] -- Up-to-date: /home/user/ros2_ws/install/robotiq_85_msgs/share/robotiq_85_msgs/cmake/robotiq_85_msgs__rosidl_typesupport_introspection_cppExport-noconfig.cmake
[3.891s] -- Up-to-date: /home/user/ros2_ws/install/robotiq_85_msgs/share/robotiq_85_msgs/cmake/robotiq_85_msgs__rosidl_typesupport_cppExport.cmake
[3.891s] -- Up-to-date: /home/user/ros2_ws/install/robotiq_85_msgs/share/robotiq_85_msgs/cmake/robotiq_85_msgs__rosidl_typesupport_cppExport-noconfig.cmake
[3.892s] -- Up-to-date: /home/user/ros2_ws/install/robotiq_85_msgs/share/robotiq_85_msgs/cmake/export_robotiq_85_msgs__rosidl_generator_pyExport.cmake
[3.892s] -- Up-to-date: /home/user/ros2_ws/install/robotiq_85_msgs/share/robotiq_85_msgs/cmake/export_robotiq_85_msgs__rosidl_generator_pyExport-noconfig.cmake
[3.892s] -- Up-to-date: /home/user/ros2_ws/install/robotiq_85_msgs/share/robotiq_85_msgs/cmake/rosidl_cmake-extras.cmake
[3.892s] -- Up-to-date: /home/user/ros2_ws/install/robotiq_85_msgs/share/robotiq_85_msgs/cmake/ament_cmake_export_dependencies-extras.cmake
[3.892s] -- Up-to-date: /home/user/ros2_ws/install/robotiq_85_msgs/share/robotiq_85_msgs/cmake/ament_cmake_export_include_directories-extras.cmake
[3.893s] -- Up-to-date: /home/user/ros2_ws/install/robotiq_85_msgs/share/robotiq_85_msgs/cmake/ament_cmake_export_libraries-extras.cmake
[3.893s] -- Up-to-date: /home/user/ros2_ws/install/robotiq_85_msgs/share/robotiq_85_msgs/cmake/ament_cmake_export_targets-extras.cmake
[3.893s] -- Up-to-date: /home/user/ros2_ws/install/robotiq_85_msgs/share/robotiq_85_msgs/cmake/rosidl_cmake_export_typesupport_targets-extras.cmake
[3.893s] -- Up-to-date: /home/user/ros2_ws/install/robotiq_85_msgs/share/robotiq_85_msgs/cmake/rosidl_cmake_export_typesupport_libraries-extras.cmake
[3.893s] -- Up-to-date: /home/user/ros2_ws/install/robotiq_85_msgs/share/robotiq_85_msgs/cmake/robotiq_85_msgsConfig.cmake
[3.894s] -- Up-to-date: /home/user/ros2_ws/install/robotiq_85_msgs/share/robotiq_85_msgs/cmake/robotiq_85_msgsConfig-version.cmake
[3.898s] -- Up-to-date: /home/user/ros2_ws/install/robotiq_85_msgs/share/robotiq_85_msgs/package.xml
[3.898s] Invoked command in '/home/user/ros2_ws/build/robotiq_85_msgs' returned '0': CMAKE_PREFIX_PATH=${CMAKE_PREFIX_PATH}:/home/user/ros2_ws/install/ros2test:/home/user/ros2_ws/install/robotiq_85_driver:/home/user/ros2_ws/install/moveit_configs_utils:/home/simulations/ros2_sims_ws/install/rclrs_tests:/home/simulations/ros2_sims_ws/install/examples_rclrs_minimal_client_service:/home/simulations/ros2_sims_ws/install/sensor_msgs_py:/home/simulations/ros2_sims_ws/install/examples_rclrs_minimal_pub_sub:/home/simulations/ros2_sims_ws/install/examples_rclrs_message_demo:/home/simulations/ros2_sims_ws/install/rclrs:/home/simulations/ros2_sims_ws/install/rosidl_runtime_rs:/opt/ros/humble _=/usr/bin/env /usr/bin/cmake --install /home/user/ros2_ws/build/robotiq_85_msgs
