[  1%] Built target moveit_transforms
[  3%] Built target gmock
[  4%] Built target gmock_main
[  5%] Built target moveit_smoothing_base
[  6%] Built target moveit_butterworth_parameters
[  8%] Built target moveit_version
[  9%] Built target gtest_main
[ 10%] Built target gtest
[ 12%] Built target moveit_utils
[ 13%] Built target test_transforms
[ 15%] Built target moveit_distance_field
[ 16%] Built target moveit_kinematics_base
[ 17%] Built target test_distance_field
[ 18%] Built target test_voxel_grid
[ 19%] Built target moveit_exceptions
[ 26%] Built target moveit_robot_model
[ 29%] Built target moveit_robot_state
[ 30%] Built target moveit_butterworth_filter
[ 31%] Built target moveit_kinematics_metrics
[ 32%] Built target test_butterworth_filter
[ 34%] Built target moveit_dynamics_solver
[ 35%] Built target moveit_robot_trajectory
[ 41%] Built target moveit_collision_detection
[ 43%] Built target moveit_planning_interface
[ 48%] Built target moveit_collision_detection_bullet
[ 49%] Built target test_all_valid
[ 51%] Built target test_world_diff
[ 52%] Built target test_world
[ 54%] Built target moveit_collision_detection_fcl
[ 58%] Built target moveit_trajectory_processing
[ 60%] Built target moveit_kinematic_constraints
[ 61%] Built target moveit_test_utils
[ 62%] Built target moveit_planning_scene
[ 63%] Built target test_aabb
[ 64%] Built target test_cartesian_interpolator
[ 65%] Built target test_robot_trajectory
[ 66%] Built target test_time_parameterization
[ 68%] Built target test_time_optimal_trajectory_generation
[ 69%] Built target test_ruckig_traj_smoothing
[ 70%] Built target collision_detector_bullet_plugin
[ 71%] Built target test_bullet_collision_detection
[ 72%] Built target test_bullet_collision_detection_panda
[ 74%] Built target test_bullet_continuous_collision_checking
[ 75%] Built target collision_detector_fcl_plugin
[ 77%] Built target test_fcl_collision_env
[ 78%] Built target test_fcl_collision_detection
[ 79%] Built target test_fcl_collision_detection_panda
[ 82%] Built target moveit_collision_distance_field
[ 85%] Built target moveit_constraint_samplers
[ 86%] Built target moveit_planning_request_adapter
[ 87%] Built target test_planning_scene
[ 88%] Built target test_collision_objects
[ 89%] Built target test_multi_threaded
[ 90%] Built target test_collision_distance_field
[ 93%] Built target test_constraint_samplers
[ 94%] Built target test_robot_state_complex
[ 95%] Built target test_robot_state_benchmark
[ 97%] Built target test_robot_state
[ 98%] Built target test_robot_model
[ 99%] Built target test_orientation_constraints
[100%] Built target test_constraints
