[0.317s] Invoking command in '/home/user/ros2_ws/build/moveit_core': CMAKE_PREFIX_PATH=/home/user/ros2_ws/install/moveit_common:/home/user/ros2_ws/install/moveit2_scripts:/home/simulations/ros2_sims_ws/install/common_interfaces:/home/simulations/ros2_sims_ws/install/visualization_msgs:/home/simulations/ros2_sims_ws/install/test_msgs:/home/simulations/ros2_sims_ws/install/example_interfaces:/home/simulations/ros2_sims_ws/install/action_msgs:/home/simulations/ros2_sims_ws/install/unique_identifier_msgs:/home/simulations/ros2_sims_ws/install/trajectory_msgs:/home/simulations/ros2_sims_ws/install/test_interface_files:/home/simulations/ros2_sims_ws/install/stereo_msgs:/home/simulations/ros2_sims_ws/install/std_srvs:/home/simulations/ros2_sims_ws/install/shape_msgs:/home/simulations/ros2_sims_ws/install/sensor_msgs:/home/simulations/ros2_sims_ws/install/nav_msgs:/home/simulations/ros2_sims_ws/install/diagnostic_msgs:/home/simulations/ros2_sims_ws/install/geometry_msgs:/home/simulations/ros2_sims_ws/install/actionlib_msgs:/home/simulations/ros2_sims_ws/install/std_msgs:/home/simulations/ros2_sims_ws/install/statistics_msgs:/home/simulations/ros2_sims_ws/install/rosgraph_msgs:/home/simulations/ros2_sims_ws/install/rclrs_example_msgs:/home/simulations/ros2_sims_ws/install/composition_interfaces:/home/simulations/ros2_sims_ws/install/rcl_interfaces:/home/simulations/ros2_sims_ws/install/lifecycle_msgs:/home/simulations/ros2_sims_ws/install/builtin_interfaces:/home/simulations/ros2_sims_ws/install/rosidl_default_runtime:/home/simulations/ros2_sims_ws/install/rosidl_default_generators:/home/simulations/ros2_sims_ws/install/rosidl_generator_rs:/home/user/ros2_ws/install/ur_simulation_gazebo:/home/user/ros2_ws/install/ur3e_moveit_config:/home/user/ros2_ws/install/test_moveit_config:/home/user/ros2_ws/install/test2_moveit_config:/home/user/ros2_ws/install/my_moveit_config:/home/user/ros2_ws/install/my_moveit2_config:/home/user/ros2_ws/install/ur_description:/home/user/ros2_ws/install/the_construct_office_gazebo:/home/user/ros2_ws/install/simple_grasping:/home/user/ros2_ws/install/ros_testing:/home/user/ros2_ws/install/robotnik_sensors_gazebo:/home/user/ros2_ws/install/robotnik_sensors:/home/user/ros2_ws/install/robotiq_85_gripper:/home/user/ros2_ws/install/robotiq_85_msgs:/home/user/ros2_ws/install/robotiq_85_description:/home/user/ros2_ws/install/rg2_gripper_description:/home/user/ros2_ws/install/pilz_industrial_motion_planner_testutils:/home/user/ros2_ws/install/moveit_runtime:/home/user/ros2_ws/install/moveit:/home/user/ros2_ws/install/moveit_planners:/home/user/ros2_ws/install/pilz_industrial_motion_planner:/home/user/ros2_ws/install/moveit_ros_control_interface:/home/user/ros2_ws/install/moveit_plugins:/home/user/ros2_ws/install/moveit_simple_controller_manager:/home/user/ros2_ws/install/moveit_setup_assistant:/home/user/ros2_ws/install/moveit_setup_srdf_plugins:/home/user/ros2_ws/install/moveit_setup_core_plugins:/home/user/ros2_ws/install/moveit_setup_controllers:/home/user/ros2_ws/install/moveit_setup_app_plugins:/home/user/ros2_ws/install/moveit_setup_framework:/home/user/ros2_ws/install/moveit_servo:/home/user/ros2_ws/install/moveit_ros:/home/user/ros2_ws/install/moveit_ros_visualization:/home/user/ros2_ws/install/moveit_hybrid_planning:/home/user/ros2_ws/install/moveit_ros_planning_interface:/home/user/ros2_ws/install/moveit_ros_benchmarks:/home/user/ros2_ws/install/moveit_ros_warehouse:/home/user/ros2_ws/install/moveit_ros_robot_interaction:/home/user/ros2_ws/install/moveit_ros_perception:/home/user/ros2_ws/install/moveit_resources_prbt_pg70_support:/home/user/ros2_ws/install/moveit_resources_prbt_moveit_config:/home/user/ros2_ws/install/moveit_ros_move_group:/home/user/ros2_ws/install/moveit_planners_ompl:/home/user/ros2_ws/install/moveit_ros_planning:/home/user/ros2_ws/install/moveit_ros_occupancy_map_monitor:/home/user/ros2_ws/install/moveit_resources_prbt_support:/home/user/ros2_ws/install/moveit_resources_prbt_ikfast_manipulator_plugin:/home/user/ros2_ws/install/moveit_planners_chomp:/home/user/ros2_ws/install/moveit_kinematics:/home/user/ros2_ws/install/moveit_chomp_optimizer_adapter:/home/user/ros2_ws/install/chomp_motion_planner:/home/user/ros2_ws/install/moveit_core:/home/user/ros2_ws/install/gazebo_ros2_control_demos:/home/user/ros2_ws/install/gazebo_ros2_control:/home/simulations/ros2_sims_ws/install/rclrs_tests:/home/simulations/ros2_sims_ws/install/examples_rclrs_minimal_client_service:/home/simulations/ros2_sims_ws/install/sensor_msgs_py:/home/simulations/ros2_sims_ws/install/examples_rclrs_minimal_pub_sub:/home/simulations/ros2_sims_ws/install/examples_rclrs_message_demo:/home/simulations/ros2_sims_ws/install/rclrs:/home/simulations/ros2_sims_ws/install/rosidl_runtime_rs:/home/user/ros2_ws/install/ros2test:/home/user/ros2_ws/install/robotiq_85_driver:/home/user/ros2_ws/install/moveit_configs_utils:/opt/ros/humble _=/usr/bin/env /usr/bin/cmake --build /home/user/ros2_ws/build/moveit_core -- -j8 -l8
[0.826s] [  1%] Built target moveit_transforms
[1.102s] [  3%] Built target gmock
[1.247s] [  4%] Built target gmock_main
[1.638s] [  5%] Built target moveit_smoothing_base
[1.848s] [  6%] Built target moveit_butterworth_parameters
[2.135s] [  8%] Built target moveit_version
[2.444s] [  9%] Built target gtest_main
[2.681s] [ 10%] Built target gtest
[2.906s] [ 12%] Built target moveit_utils
[3.062s] [ 13%] Built target test_transforms
[3.241s] [ 15%] Built target moveit_distance_field
[3.442s] [ 16%] Built target moveit_kinematics_base
[3.634s] [ 17%] Built target test_distance_field
[3.767s] [ 18%] Built target test_voxel_grid
[3.916s] [ 19%] Built target moveit_exceptions
[4.113s] [ 26%] Built target moveit_robot_model
[4.321s] [ 29%] Built target moveit_robot_state
[4.439s] [ 30%] Built target moveit_butterworth_filter
[4.544s] [ 31%] Built target moveit_kinematics_metrics
[4.735s] [ 32%] Built target test_butterworth_filter
[4.849s] [ 34%] Built target moveit_dynamics_solver
[5.005s] [ 35%] Built target moveit_robot_trajectory
[5.112s] [ 41%] Built target moveit_collision_detection
[5.221s] [ 43%] Built target moveit_planning_interface
[5.338s] [ 48%] Built target moveit_collision_detection_bullet
[5.493s] [ 49%] Built target test_all_valid
[5.585s] [ 51%] Built target test_world_diff
[5.690s] [ 52%] Built target test_world
[5.814s] [ 54%] Built target moveit_collision_detection_fcl
[5.921s] [ 58%] Built target moveit_trajectory_processing
[6.024s] [ 60%] Built target moveit_kinematic_constraints
[6.165s] [ 61%] Built target moveit_test_utils
[6.272s] [ 62%] Built target moveit_planning_scene
[6.366s] [ 63%] Built target test_aabb
[6.455s] [ 64%] Built target test_cartesian_interpolator
[6.578s] [ 65%] Built target test_robot_trajectory
[6.678s] [ 66%] Built target test_time_parameterization
[6.770s] [ 68%] Built target test_time_optimal_trajectory_generation
[6.881s] [ 69%] Built target test_ruckig_traj_smoothing
[6.965s] [ 70%] Built target collision_detector_bullet_plugin
[7.057s] [ 71%] Built target test_bullet_collision_detection
[7.166s] [ 72%] Built target test_bullet_collision_detection_panda
[7.285s] [ 74%] Built target test_bullet_continuous_collision_checking
[7.400s] [ 75%] Built target collision_detector_fcl_plugin
[7.503s] [ 77%] Built target test_fcl_collision_env
[7.627s] [ 78%] Built target test_fcl_collision_detection
[7.777s] [ 79%] Built target test_fcl_collision_detection_panda
[7.922s] [ 82%] Built target moveit_collision_distance_field
[8.039s] [ 85%] Built target moveit_constraint_samplers
[8.152s] [ 86%] Built target moveit_planning_request_adapter
[8.268s] [ 87%] Built target test_planning_scene
[8.356s] [ 88%] Built target test_collision_objects
[8.438s] [ 89%] Built target test_multi_threaded
[8.533s] [ 90%] Built target test_collision_distance_field
[8.652s] [ 93%] Built target test_constraint_samplers
[8.749s] [ 94%] Built target test_robot_state_complex
[8.852s] [ 95%] Built target test_robot_state_benchmark
[8.958s] [ 97%] Built target test_robot_state
[9.070s] [ 98%] Built target test_robot_model
[9.166s] [ 99%] Built target test_orientation_constraints
[9.259s] [100%] Built target test_constraints
