[ 20%] Built target test_trajectory
[ 40%] Built target test_trajectory2
[ 60%] Built target exec_traj
[ 80%] Built target test_trajectory3
[ 90%] [32mBuilding CXX object CMakeFiles/pick_place.dir/src/pick_place.cpp.o[0m
[100%] [32m[1mLinking CXX executable pick_place[0m
[100%] Built target pick_place
-- Install configuration: ""
-- Up-to-date: /home/user/ros2_ws/install/moveit2_scripts/lib/moveit2_scripts/test_trajectory
-- Up-to-date: /home/user/ros2_ws/install/moveit2_scripts/lib/moveit2_scripts/test_trajectory2
-- Up-to-date: /home/user/ros2_ws/install/moveit2_scripts/lib/moveit2_scripts/exec_traj
-- Up-to-date: /home/user/ros2_ws/install/moveit2_scripts/lib/moveit2_scripts/test_trajectory3
-- Installing: /home/user/ros2_ws/install/moveit2_scripts/lib/moveit2_scripts/pick_place
-- Set runtime path of "/home/user/ros2_ws/install/moveit2_scripts/lib/moveit2_scripts/pick_place" to ""
-- Up-to-date: /home/user/ros2_ws/install/moveit2_scripts/share/moveit2_scripts/launch
-- Up-to-date: /home/user/ros2_ws/install/moveit2_scripts/share/moveit2_scripts/launch/test_trajectory.launch.py
-- Up-to-date: /home/user/ros2_ws/install/moveit2_scripts/share/moveit2_scripts/launch/pick_place.launch.py
-- Up-to-date: /home/user/ros2_ws/install/moveit2_scripts/share/ament_index/resource_index/package_run_dependencies/moveit2_scripts
-- Up-to-date: /home/user/ros2_ws/install/moveit2_scripts/share/ament_index/resource_index/parent_prefix_path/moveit2_scripts
-- Up-to-date: /home/user/ros2_ws/install/moveit2_scripts/share/moveit2_scripts/environment/ament_prefix_path.sh
-- Up-to-date: /home/user/ros2_ws/install/moveit2_scripts/share/moveit2_scripts/environment/ament_prefix_path.dsv
-- Up-to-date: /home/user/ros2_ws/install/moveit2_scripts/share/moveit2_scripts/environment/path.sh
-- Up-to-date: /home/user/ros2_ws/install/moveit2_scripts/share/moveit2_scripts/environment/path.dsv
-- Up-to-date: /home/user/ros2_ws/install/moveit2_scripts/share/moveit2_scripts/local_setup.bash
-- Up-to-date: /home/user/ros2_ws/install/moveit2_scripts/share/moveit2_scripts/local_setup.sh
-- Up-to-date: /home/user/ros2_ws/install/moveit2_scripts/share/moveit2_scripts/local_setup.zsh
-- Up-to-date: /home/user/ros2_ws/install/moveit2_scripts/share/moveit2_scripts/local_setup.dsv
-- Installing: /home/user/ros2_ws/install/moveit2_scripts/share/moveit2_scripts/package.dsv
-- Up-to-date: /home/user/ros2_ws/install/moveit2_scripts/share/ament_index/resource_index/packages/moveit2_scripts
-- Up-to-date: /home/user/ros2_ws/install/moveit2_scripts/share/moveit2_scripts/cmake/moveit2_scriptsConfig.cmake
-- Up-to-date: /home/user/ros2_ws/install/moveit2_scripts/share/moveit2_scripts/cmake/moveit2_scriptsConfig-version.cmake
-- Up-to-date: /home/user/ros2_ws/install/moveit2_scripts/share/moveit2_scripts/package.xml
