/home/steven/ros2_ws/src/blob_ws_1207/install/blob_detector/lib/python3.10/site-packages/blob_detector/__init__.py
/home/steven/ros2_ws/src/blob_ws_1207/install/blob_detector/lib/python3.10/site-packages/blob_detector/square_detector.py
/home/steven/ros2_ws/src/blob_ws_1207/install/blob_detector/lib/python3.10/site-packages/blob_detector/visual_particle.py
/home/steven/ros2_ws/src/blob_ws_1207/install/blob_detector/lib/python3.10/site-packages/blob_detector/ur5_z_blob.py
/home/steven/ros2_ws/src/blob_ws_1207/install/blob_detector/lib/python3.10/site-packages/blob_detector/blob_detector_node.py
/home/steven/ros2_ws/src/blob_ws_1207/install/blob_detector/lib/python3.10/site-packages/blob_detector/particle_try.py
/home/steven/ros2_ws/src/blob_ws_1207/install/blob_detector/lib/python3.10/site-packages/blob_detector/__pycache__/__init__.cpython-310.pyc
/home/steven/ros2_ws/src/blob_ws_1207/install/blob_detector/lib/python3.10/site-packages/blob_detector/__pycache__/square_detector.cpython-310.pyc
/home/steven/ros2_ws/src/blob_ws_1207/install/blob_detector/lib/python3.10/site-packages/blob_detector/__pycache__/visual_particle.cpython-310.pyc
/home/steven/ros2_ws/src/blob_ws_1207/install/blob_detector/lib/python3.10/site-packages/blob_detector/__pycache__/ur5_z_blob.cpython-310.pyc
/home/steven/ros2_ws/src/blob_ws_1207/install/blob_detector/lib/python3.10/site-packages/blob_detector/__pycache__/blob_detector_node.cpython-310.pyc
/home/steven/ros2_ws/src/blob_ws_1207/install/blob_detector/lib/python3.10/site-packages/blob_detector/__pycache__/particle_try.cpython-310.pyc
/home/steven/ros2_ws/src/blob_ws_1207/install/blob_detector/share/ament_index/resource_index/packages/blob_detector
/home/steven/ros2_ws/src/blob_ws_1207/install/blob_detector/share/blob_detector/package.xml
/home/steven/ros2_ws/src/blob_ws_1207/install/blob_detector/lib/python3.10/site-packages/blob_detector-0.0.1-py3.10.egg-info/PKG-INFO
/home/steven/ros2_ws/src/blob_ws_1207/install/blob_detector/lib/python3.10/site-packages/blob_detector-0.0.1-py3.10.egg-info/entry_points.txt
/home/steven/ros2_ws/src/blob_ws_1207/install/blob_detector/lib/python3.10/site-packages/blob_detector-0.0.1-py3.10.egg-info/dependency_links.txt
/home/steven/ros2_ws/src/blob_ws_1207/install/blob_detector/lib/python3.10/site-packages/blob_detector-0.0.1-py3.10.egg-info/top_level.txt
/home/steven/ros2_ws/src/blob_ws_1207/install/blob_detector/lib/python3.10/site-packages/blob_detector-0.0.1-py3.10.egg-info/requires.txt
/home/steven/ros2_ws/src/blob_ws_1207/install/blob_detector/lib/python3.10/site-packages/blob_detector-0.0.1-py3.10.egg-info/SOURCES.txt
/home/steven/ros2_ws/src/blob_ws_1207/install/blob_detector/lib/python3.10/site-packages/blob_detector-0.0.1-py3.10.egg-info/zip-safe
/home/steven/ros2_ws/src/blob_ws_1207/install/blob_detector/lib/blob_detector/blob_detector_node
/home/steven/ros2_ws/src/blob_ws_1207/install/blob_detector/lib/blob_detector/ur5_z_blob
/home/steven/ros2_ws/src/blob_ws_1207/install/blob_detector/lib/blob_detector/visual_particle
