[0.011s] Invoking command in '/home/steven/ws_moveit2/build/moveit_ros_perception': AMENT_PREFIX_PATH=/home/steven/ws_moveit2/install/moveit_ros_planning:/home/steven/ws_moveit2/install/moveit_ros_occupancy_map_monitor:/home/steven/ws_moveit2/install/moveit_core:/home/steven/ws_moveit2/install/srdfdom:/home/steven/ws_moveit2/install/moveit_common:${AMENT_PREFIX_PATH} CMAKE_PREFIX_PATH=/home/steven/ws_moveit2/install/moveit_ros_planning:/home/steven/ws_moveit2/install/moveit_ros_occupancy_map_monitor:/home/steven/ws_moveit2/install/moveit_core:/home/steven/ws_moveit2/install/srdfdom:/home/steven/ws_moveit2/install/moveit_common:/opt/ros/humble LD_LIBRARY_PATH=/home/steven/ws_moveit2/install/moveit_ros_planning/lib:/home/steven/ws_moveit2/install/moveit_ros_occupancy_map_monitor/lib:/home/steven/ws_moveit2/install/moveit_core/lib:/home/steven/ws_moveit2/install/srdfdom/lib:/opt/ros/humble/opt/rviz_ogre_vendor/lib:/opt/ros/humble/lib/x86_64-linux-gnu:/opt/ros/humble/lib:/usr/local/cuda-12.3/lib64 PATH=/home/steven/ws_moveit2/install/moveit_core/bin:${PATH} PYTHONPATH=/home/steven/ws_moveit2/install/srdfdom/local/lib/python3.10/dist-packages:${PYTHONPATH} /usr/bin/cmake /home/steven/ws_moveit2/src/moveit2/moveit_ros/perception -DCMAKE_BUILD_TYPE=Release -DCMAKE_INSTALL_PREFIX=/home/steven/ws_moveit2/install/moveit_ros_perception
[0.029s] -- The C compiler identification is GNU 11.4.0
[0.052s] -- The CXX compiler identification is GNU 11.4.0
[0.055s] -- Detecting C compiler ABI info
[0.085s] -- Detecting C compiler ABI info - done
[0.090s] -- Check for working C compiler: /usr/bin/cc - skipped
[0.091s] -- Detecting C compile features
[0.091s] -- Detecting C compile features - done
[0.093s] -- Detecting CXX compiler ABI info
[0.127s] -- Detecting CXX compiler ABI info - done
[0.132s] -- Check for working CXX compiler: /usr/bin/c++ - skipped
[0.132s] -- Detecting CXX compile features
[0.132s] -- Detecting CXX compile features - done
[0.132s] -- Found moveit_common: 2.5.5 (/home/steven/ws_moveit2/install/moveit_common/share/moveit_common/cmake)
[0.133s] -- Found ament_cmake: 1.3.9 (/opt/ros/humble/share/ament_cmake/cmake)
[0.200s] -- Found Python3: /usr/bin/python3 (found version "3.10.12") found components: Interpreter 
[0.275s] -- Found libdw: /usr/lib/x86_64-linux-gnu/libdw.so  
[0.277s] -- Could NOT find libbfd (missing: LIBBFD_LIBRARY LIBBFD_INCLUDE_DIR) 
[0.277s] -- BACKWARD_HAS_UNWIND=1
[0.277s] -- BACKWARD_HAS_BACKTRACE=0
[0.277s] -- BACKWARD_HAS_BACKTRACE_SYMBOL=0
[0.277s] -- BACKWARD_HAS_DW=1
[0.277s] -- BACKWARD_HAS_BFD=0
[0.277s] -- Found Backward: /opt/ros/humble/share/backward_ros/cmake  
[0.279s] -- Found OpenGL: /usr/lib/x86_64-linux-gnu/libOpenGL.so   
[0.297s] -- Found GLEW: /usr/include (found version "2.2.0") 
[0.299s] -- Found PkgConfig: /usr/bin/pkg-config (found version "0.29.2") 
[0.299s] -- Checking for module 'glut'
[0.300s] --   No package 'glut' found
[0.302s] -- Found GLUT: /usr/lib/x86_64-linux-gnu/libglut.so  
[0.303s] -- Found cv_bridge: 3.2.1 (/opt/ros/humble/share/cv_bridge/cmake)
[0.323s] -- Found rosidl_generator_c: 3.1.5 (/opt/ros/humble/share/rosidl_generator_c/cmake)
[0.325s] -- Found rosidl_adapter: 3.1.5 (/opt/ros/humble/share/rosidl_adapter/cmake)
[0.329s] -- Found rosidl_generator_cpp: 3.1.5 (/opt/ros/humble/share/rosidl_generator_cpp/cmake)
[0.335s] -- Using all available rosidl_typesupport_c: rosidl_typesupport_fastrtps_c;rosidl_typesupport_introspection_c
[0.343s] -- Using all available rosidl_typesupport_cpp: rosidl_typesupport_fastrtps_cpp;rosidl_typesupport_introspection_cpp
[0.439s] -- Found moveit_core: 2.5.5 (/home/steven/ws_moveit2/install/moveit_core/share/moveit_core/cmake)
[0.544s] -- Found Boost: /usr/lib/x86_64-linux-gnu/cmake/Boost-1.74.0/BoostConfig.cmake (found version "1.74.0") found components: chrono date_time filesystem iostreams program_options regex serialization system thread 
[0.566s] -- Found parameter_traits: 0.3.8 (/opt/ros/humble/share/parameter_traits/cmake)
[0.595s] -- Found rmw_implementation_cmake: 6.1.2 (/opt/ros/humble/share/rmw_implementation_cmake/cmake)
[0.597s] -- Found rmw_fastrtps_cpp: 6.2.6 (/opt/ros/humble/share/rmw_fastrtps_cpp/cmake)
[0.640s] -- Found OpenSSL: /usr/lib/x86_64-linux-gnu/libcrypto.so (found version "3.0.2")  
[0.651s] -- Found FastRTPS: /opt/ros/humble/include  
[0.671s] -- Using RMW implementation 'rmw_fastrtps_cpp' as default
[0.676s] -- Found Threads: TRUE  
[0.743s] -- Found Eigen3: TRUE (found version "3.4.0") 
[0.744s] -- Found rclcpp_lifecycle: 16.0.9 (/opt/ros/humble/share/rclcpp_lifecycle/cmake)
[0.765s] -- Found Boost: /usr/lib/x86_64-linux-gnu/cmake/Boost-1.74.0/BoostConfig.cmake (found version "1.74.0") found components: filesystem 
[0.805s] -- library: /usr/lib/x86_64-linux-gnu/libcurl.so
[0.900s] -- Ensuring Eigen3 include directory is part of orocos-kdl CMake target
[1.385s] -- Found image_transport: 3.1.9 (/opt/ros/humble/share/image_transport/cmake)
[1.391s] -- Found moveit_ros_occupancy_map_monitor: 2.5.5 (/home/steven/ws_moveit2/install/moveit_ros_occupancy_map_monitor/share/moveit_ros_occupancy_map_monitor/cmake)
[1.624s] -- Found OpenMP_C: -fopenmp (found version "4.5") 
[1.676s] -- Found OpenMP_CXX: -fopenmp (found version "4.5") 
[1.676s] -- Found OpenMP: TRUE (found version "4.5")  
[1.679s] -- Found OpenCV: /usr (found version "4.5.4") 
[1.681s] -- Found Boost: /usr/lib/x86_64-linux-gnu/cmake/Boost-1.74.0/BoostConfig.cmake (found version "1.74.0") found components: thread 
[1.691s] -- Performing Test COMPILER_HAS_HIDDEN_VISIBILITY
[1.741s] -- Performing Test COMPILER_HAS_HIDDEN_VISIBILITY - Success
[1.741s] -- Performing Test COMPILER_HAS_HIDDEN_INLINE_VISIBILITY
[1.810s] -- Performing Test COMPILER_HAS_HIDDEN_INLINE_VISIBILITY - Success
[1.810s] -- Performing Test COMPILER_HAS_DEPRECATED_ATTR
[1.896s] -- Performing Test COMPILER_HAS_DEPRECATED_ATTR - Success
[1.915s] -- Found ament_lint_auto: 0.12.11 (/opt/ros/humble/share/ament_lint_auto/cmake)
[1.930s] -- Added test 'cppcheck' to perform static code analysis on C / C++ code
[1.930s] -- Configured cppcheck include dirs: /home/steven/ws_moveit2/src/moveit2/moveit_ros/perception/depth_image_octomap_updater/include;/home/steven/ws_moveit2/src/moveit2/moveit_ros/perception/lazy_free_space_updater/include;/home/steven/ws_moveit2/src/moveit2/moveit_ros/perception/mesh_filter/include;/home/steven/ws_moveit2/src/moveit2/moveit_ros/perception/point_containment_filter/include;/home/steven/ws_moveit2/src/moveit2/moveit_ros/perception/pointcloud_octomap_updater/include;/home/steven/ws_moveit2/src/moveit2/moveit_ros/perception/semantic_world/include
[1.930s] -- Configured cppcheck exclude dirs and/or files: 
[1.932s] -- Added test 'lint_cmake' to check CMake code style
[1.933s] -- Added test 'xmllint' to check XML markup files
[1.934s] -- Configuring done
[2.034s] -- Generating done
[2.037s] -- Build files have been written to: /home/steven/ws_moveit2/build/moveit_ros_perception
[2.072s] Invoked command in '/home/steven/ws_moveit2/build/moveit_ros_perception' returned '0': AMENT_PREFIX_PATH=/home/steven/ws_moveit2/install/moveit_ros_planning:/home/steven/ws_moveit2/install/moveit_ros_occupancy_map_monitor:/home/steven/ws_moveit2/install/moveit_core:/home/steven/ws_moveit2/install/srdfdom:/home/steven/ws_moveit2/install/moveit_common:${AMENT_PREFIX_PATH} CMAKE_PREFIX_PATH=/home/steven/ws_moveit2/install/moveit_ros_planning:/home/steven/ws_moveit2/install/moveit_ros_occupancy_map_monitor:/home/steven/ws_moveit2/install/moveit_core:/home/steven/ws_moveit2/install/srdfdom:/home/steven/ws_moveit2/install/moveit_common:/opt/ros/humble LD_LIBRARY_PATH=/home/steven/ws_moveit2/install/moveit_ros_planning/lib:/home/steven/ws_moveit2/install/moveit_ros_occupancy_map_monitor/lib:/home/steven/ws_moveit2/install/moveit_core/lib:/home/steven/ws_moveit2/install/srdfdom/lib:/opt/ros/humble/opt/rviz_ogre_vendor/lib:/opt/ros/humble/lib/x86_64-linux-gnu:/opt/ros/humble/lib:/usr/local/cuda-12.3/lib64 PATH=/home/steven/ws_moveit2/install/moveit_core/bin:${PATH} PYTHONPATH=/home/steven/ws_moveit2/install/srdfdom/local/lib/python3.10/dist-packages:${PYTHONPATH} /usr/bin/cmake /home/steven/ws_moveit2/src/moveit2/moveit_ros/perception -DCMAKE_BUILD_TYPE=Release -DCMAKE_INSTALL_PREFIX=/home/steven/ws_moveit2/install/moveit_ros_perception
[2.074s] Invoking command in '/home/steven/ws_moveit2/build/moveit_ros_perception': AMENT_PREFIX_PATH=/home/steven/ws_moveit2/install/moveit_ros_planning:/home/steven/ws_moveit2/install/moveit_ros_occupancy_map_monitor:/home/steven/ws_moveit2/install/moveit_core:/home/steven/ws_moveit2/install/srdfdom:/home/steven/ws_moveit2/install/moveit_common:${AMENT_PREFIX_PATH} CMAKE_PREFIX_PATH=/home/steven/ws_moveit2/install/moveit_ros_planning:/home/steven/ws_moveit2/install/moveit_ros_occupancy_map_monitor:/home/steven/ws_moveit2/install/moveit_core:/home/steven/ws_moveit2/install/srdfdom:/home/steven/ws_moveit2/install/moveit_common:/opt/ros/humble LD_LIBRARY_PATH=/home/steven/ws_moveit2/install/moveit_ros_planning/lib:/home/steven/ws_moveit2/install/moveit_ros_occupancy_map_monitor/lib:/home/steven/ws_moveit2/install/moveit_core/lib:/home/steven/ws_moveit2/install/srdfdom/lib:/opt/ros/humble/opt/rviz_ogre_vendor/lib:/opt/ros/humble/lib/x86_64-linux-gnu:/opt/ros/humble/lib:/usr/local/cuda-12.3/lib64 PATH=/home/steven/ws_moveit2/install/moveit_core/bin:${PATH} PYTHONPATH=/home/steven/ws_moveit2/install/srdfdom/local/lib/python3.10/dist-packages:${PYTHONPATH} /usr/bin/cmake --build /home/steven/ws_moveit2/build/moveit_ros_perception -- -j32 -l32
[2.276s] [  5%] [32mBuilding CXX object point_containment_filter/CMakeFiles/moveit_point_containment_filter.dir/src/shape_mask.cpp.o[0m
[2.309s] [ 10%] [32mBuilding CXX object lazy_free_space_updater/CMakeFiles/moveit_lazy_free_space_updater.dir/src/lazy_free_space_updater.cpp.o[0m
[2.342s] [ 15%] [32mBuilding CXX object mesh_filter/CMakeFiles/moveit_mesh_filter.dir/src/mesh_filter_base.cpp.o[0m
[2.342s] [ 20%] [32mBuilding CXX object mesh_filter/CMakeFiles/moveit_mesh_filter.dir/src/sensor_model.cpp.o[0m
[2.350s] [ 25%] [32mBuilding CXX object semantic_world/CMakeFiles/moveit_semantic_world.dir/src/semantic_world.cpp.o[0m
[2.370s] [ 30%] [32mBuilding CXX object mesh_filter/CMakeFiles/moveit_mesh_filter.dir/src/stereo_camera_model.cpp.o[0m
[2.370s] [ 35%] [32mBuilding CXX object mesh_filter/CMakeFiles/moveit_mesh_filter.dir/src/gl_renderer.cpp.o[0m
[2.372s] [ 40%] [32mBuilding CXX object mesh_filter/CMakeFiles/moveit_mesh_filter.dir/src/gl_mesh.cpp.o[0m
[5.927s] [ 45%] [32m[1mLinking CXX shared library libmoveit_lazy_free_space_updater.so[0m
[6.368s] [ 45%] Built target moveit_lazy_free_space_updater
[6.737s] [ 50%] [32m[1mLinking CXX shared library libmoveit_mesh_filter.so[0m
[6.860s] [ 55%] [32m[1mLinking CXX shared library libmoveit_point_containment_filter.so[0m
[7.104s] [ 55%] Built target moveit_point_containment_filter
[7.124s] [ 60%] [32mBuilding CXX object pointcloud_octomap_updater/CMakeFiles/moveit_pointcloud_octomap_updater_core.dir/src/pointcloud_octomap_updater.cpp.o[0m
[7.174s] [ 60%] Built target moveit_mesh_filter
[7.269s] [ 65%] [32mBuilding CXX object depth_image_octomap_updater/CMakeFiles/moveit_depth_image_octomap_updater_core.dir/src/depth_image_octomap_updater.cpp.o[0m
[14.640s] [ 70%] [32m[1mLinking CXX shared library libmoveit_depth_image_octomap_updater_core.so[0m
[14.745s] [ 70%] Built target moveit_depth_image_octomap_updater_core
[14.758s] [ 75%] [32mBuilding CXX object depth_image_octomap_updater/CMakeFiles/moveit_depth_image_octomap_updater.dir/src/updater_plugin.cpp.o[0m
[17.102s] [ 80%] [32m[1mLinking CXX shared library libmoveit_depth_image_octomap_updater.so[0m
[17.184s] [ 80%] Built target moveit_depth_image_octomap_updater
[21.769s] [ 85%] [32m[1mLinking CXX shared library libmoveit_pointcloud_octomap_updater_core.so[0m
[22.012s] [ 85%] Built target moveit_pointcloud_octomap_updater_core
[22.033s] [ 90%] [32mBuilding CXX object pointcloud_octomap_updater/CMakeFiles/moveit_pointcloud_octomap_updater.dir/src/plugin_init.cpp.o[0m
[24.045s] [ 95%] [32m[1mLinking CXX shared library libmoveit_semantic_world.so[0m
[24.197s] [ 95%] Built target moveit_semantic_world
[25.338s] [100%] [32m[1mLinking CXX shared library libmoveit_pointcloud_octomap_updater.so[0m
[25.421s] [100%] Built target moveit_pointcloud_octomap_updater
[25.428s] Invoked command in '/home/steven/ws_moveit2/build/moveit_ros_perception' returned '0': AMENT_PREFIX_PATH=/home/steven/ws_moveit2/install/moveit_ros_planning:/home/steven/ws_moveit2/install/moveit_ros_occupancy_map_monitor:/home/steven/ws_moveit2/install/moveit_core:/home/steven/ws_moveit2/install/srdfdom:/home/steven/ws_moveit2/install/moveit_common:${AMENT_PREFIX_PATH} CMAKE_PREFIX_PATH=/home/steven/ws_moveit2/install/moveit_ros_planning:/home/steven/ws_moveit2/install/moveit_ros_occupancy_map_monitor:/home/steven/ws_moveit2/install/moveit_core:/home/steven/ws_moveit2/install/srdfdom:/home/steven/ws_moveit2/install/moveit_common:/opt/ros/humble LD_LIBRARY_PATH=/home/steven/ws_moveit2/install/moveit_ros_planning/lib:/home/steven/ws_moveit2/install/moveit_ros_occupancy_map_monitor/lib:/home/steven/ws_moveit2/install/moveit_core/lib:/home/steven/ws_moveit2/install/srdfdom/lib:/opt/ros/humble/opt/rviz_ogre_vendor/lib:/opt/ros/humble/lib/x86_64-linux-gnu:/opt/ros/humble/lib:/usr/local/cuda-12.3/lib64 PATH=/home/steven/ws_moveit2/install/moveit_core/bin:${PATH} PYTHONPATH=/home/steven/ws_moveit2/install/srdfdom/local/lib/python3.10/dist-packages:${PYTHONPATH} /usr/bin/cmake --build /home/steven/ws_moveit2/build/moveit_ros_perception -- -j32 -l32
[25.442s] Invoking command in '/home/steven/ws_moveit2/build/moveit_ros_perception': AMENT_PREFIX_PATH=/home/steven/ws_moveit2/install/moveit_ros_planning:/home/steven/ws_moveit2/install/moveit_ros_occupancy_map_monitor:/home/steven/ws_moveit2/install/moveit_core:/home/steven/ws_moveit2/install/srdfdom:/home/steven/ws_moveit2/install/moveit_common:${AMENT_PREFIX_PATH} CMAKE_PREFIX_PATH=/home/steven/ws_moveit2/install/moveit_ros_planning:/home/steven/ws_moveit2/install/moveit_ros_occupancy_map_monitor:/home/steven/ws_moveit2/install/moveit_core:/home/steven/ws_moveit2/install/srdfdom:/home/steven/ws_moveit2/install/moveit_common:/opt/ros/humble LD_LIBRARY_PATH=/home/steven/ws_moveit2/install/moveit_ros_planning/lib:/home/steven/ws_moveit2/install/moveit_ros_occupancy_map_monitor/lib:/home/steven/ws_moveit2/install/moveit_core/lib:/home/steven/ws_moveit2/install/srdfdom/lib:/opt/ros/humble/opt/rviz_ogre_vendor/lib:/opt/ros/humble/lib/x86_64-linux-gnu:/opt/ros/humble/lib:/usr/local/cuda-12.3/lib64 PATH=/home/steven/ws_moveit2/install/moveit_core/bin:${PATH} PYTHONPATH=/home/steven/ws_moveit2/install/srdfdom/local/lib/python3.10/dist-packages:${PYTHONPATH} /usr/bin/cmake --install /home/steven/ws_moveit2/build/moveit_ros_perception
[25.446s] -- Install configuration: "Release"
[25.446s] -- Installing: /home/steven/ws_moveit2/install/moveit_ros_perception/include
[25.446s] -- Installing: /home/steven/ws_moveit2/install/moveit_ros_perception/include/moveit
[25.446s] -- Installing: /home/steven/ws_moveit2/install/moveit_ros_perception/include/moveit/lazy_free_space_updater
[25.446s] -- Installing: /home/steven/ws_moveit2/install/moveit_ros_perception/include/moveit/lazy_free_space_updater/lazy_free_space_updater.h
[25.447s] -- Up-to-date: /home/steven/ws_moveit2/install/moveit_ros_perception/include
[25.447s] -- Up-to-date: /home/steven/ws_moveit2/install/moveit_ros_perception/include/moveit
[25.447s] -- Installing: /home/steven/ws_moveit2/install/moveit_ros_perception/include/moveit/point_containment_filter
[25.447s] -- Installing: /home/steven/ws_moveit2/install/moveit_ros_perception/include/moveit/point_containment_filter/shape_mask.h
[25.447s] -- Up-to-date: /home/steven/ws_moveit2/install/moveit_ros_perception/include
[25.447s] -- Up-to-date: /home/steven/ws_moveit2/install/moveit_ros_perception/include/moveit
[25.447s] -- Installing: /home/steven/ws_moveit2/install/moveit_ros_perception/include/moveit/pointcloud_octomap_updater
[25.447s] -- Installing: /home/steven/ws_moveit2/install/moveit_ros_perception/include/moveit/pointcloud_octomap_updater/pointcloud_octomap_updater.h
[25.448s] -- Up-to-date: /home/steven/ws_moveit2/install/moveit_ros_perception/include
[25.448s] -- Up-to-date: /home/steven/ws_moveit2/install/moveit_ros_perception/include/moveit
[25.448s] -- Installing: /home/steven/ws_moveit2/install/moveit_ros_perception/include/moveit/mesh_filter
[25.448s] -- Installing: /home/steven/ws_moveit2/install/moveit_ros_perception/include/moveit/mesh_filter/sensor_model.h
[25.448s] -- Installing: /home/steven/ws_moveit2/install/moveit_ros_perception/include/moveit/mesh_filter/gl_renderer.h
[25.448s] -- Installing: /home/steven/ws_moveit2/install/moveit_ros_perception/include/moveit/mesh_filter/transform_provider.h
[25.448s] -- Installing: /home/steven/ws_moveit2/install/moveit_ros_perception/include/moveit/mesh_filter/stereo_camera_model.h
[25.448s] -- Installing: /home/steven/ws_moveit2/install/moveit_ros_perception/include/moveit/mesh_filter/mesh_filter.h
[25.448s] -- Installing: /home/steven/ws_moveit2/install/moveit_ros_perception/include/moveit/mesh_filter/mesh_filter_base.h
[25.448s] -- Installing: /home/steven/ws_moveit2/install/moveit_ros_perception/include/moveit/mesh_filter/filter_job.h
[25.448s] -- Installing: /home/steven/ws_moveit2/install/moveit_ros_perception/include/moveit/mesh_filter/depth_self_filter_nodelet.h
[25.448s] -- Installing: /home/steven/ws_moveit2/install/moveit_ros_perception/include/moveit/mesh_filter/gl_mesh.h
[25.448s] -- Installing: /home/steven/ws_moveit2/install/moveit_ros_perception/include/moveit_mesh_filter_export.h
[25.448s] -- Up-to-date: /home/steven/ws_moveit2/install/moveit_ros_perception/include
[25.448s] -- Up-to-date: /home/steven/ws_moveit2/install/moveit_ros_perception/include/moveit
[25.448s] -- Installing: /home/steven/ws_moveit2/install/moveit_ros_perception/include/moveit/depth_image_octomap_updater
[25.448s] -- Installing: /home/steven/ws_moveit2/install/moveit_ros_perception/include/moveit/depth_image_octomap_updater/depth_image_octomap_updater.h
[25.448s] -- Up-to-date: /home/steven/ws_moveit2/install/moveit_ros_perception/include
[25.448s] -- Up-to-date: /home/steven/ws_moveit2/install/moveit_ros_perception/include/moveit
[25.449s] -- Installing: /home/steven/ws_moveit2/install/moveit_ros_perception/include/moveit/semantic_world
[25.449s] -- Installing: /home/steven/ws_moveit2/install/moveit_ros_perception/include/moveit/semantic_world/semantic_world.h
[25.449s] -- Installing: /home/steven/ws_moveit2/install/moveit_ros_perception/lib/libmoveit_depth_image_octomap_updater.so.2.5.5
[25.449s] -- Set runtime path of "/home/steven/ws_moveit2/install/moveit_ros_perception/lib/libmoveit_depth_image_octomap_updater.so.2.5.5" to ""
[25.449s] -- Installing: /home/steven/ws_moveit2/install/moveit_ros_perception/lib/libmoveit_depth_image_octomap_updater.so
[25.449s] -- Installing: /home/steven/ws_moveit2/install/moveit_ros_perception/lib/libmoveit_depth_image_octomap_updater_core.so.2.5.5
[25.449s] -- Set runtime path of "/home/steven/ws_moveit2/install/moveit_ros_perception/lib/libmoveit_depth_image_octomap_updater_core.so.2.5.5" to ""
[25.449s] -- Installing: /home/steven/ws_moveit2/install/moveit_ros_perception/lib/libmoveit_depth_image_octomap_updater_core.so
[25.449s] -- Installing: /home/steven/ws_moveit2/install/moveit_ros_perception/lib/libmoveit_lazy_free_space_updater.so.2.5.5
[25.449s] -- Set runtime path of "/home/steven/ws_moveit2/install/moveit_ros_perception/lib/libmoveit_lazy_free_space_updater.so.2.5.5" to ""
[25.449s] -- Installing: /home/steven/ws_moveit2/install/moveit_ros_perception/lib/libmoveit_lazy_free_space_updater.so
[25.449s] -- Installing: /home/steven/ws_moveit2/install/moveit_ros_perception/lib/libmoveit_mesh_filter.so.2.5.5
[25.449s] -- Set runtime path of "/home/steven/ws_moveit2/install/moveit_ros_perception/lib/libmoveit_mesh_filter.so.2.5.5" to ""
[25.449s] -- Installing: /home/steven/ws_moveit2/install/moveit_ros_perception/lib/libmoveit_mesh_filter.so
[25.449s] -- Installing: /home/steven/ws_moveit2/install/moveit_ros_perception/lib/libmoveit_point_containment_filter.so.2.5.5
[25.449s] -- Set runtime path of "/home/steven/ws_moveit2/install/moveit_ros_perception/lib/libmoveit_point_containment_filter.so.2.5.5" to ""
[25.449s] -- Installing: /home/steven/ws_moveit2/install/moveit_ros_perception/lib/libmoveit_point_containment_filter.so
[25.449s] -- Installing: /home/steven/ws_moveit2/install/moveit_ros_perception/lib/libmoveit_pointcloud_octomap_updater.so.2.5.5
[25.449s] -- Set runtime path of "/home/steven/ws_moveit2/install/moveit_ros_perception/lib/libmoveit_pointcloud_octomap_updater.so.2.5.5" to ""
[25.450s] -- Installing: /home/steven/ws_moveit2/install/moveit_ros_perception/lib/libmoveit_pointcloud_octomap_updater.so
[25.450s] -- Installing: /home/steven/ws_moveit2/install/moveit_ros_perception/lib/libmoveit_pointcloud_octomap_updater_core.so.2.5.5
[25.450s] -- Set runtime path of "/home/steven/ws_moveit2/install/moveit_ros_perception/lib/libmoveit_pointcloud_octomap_updater_core.so.2.5.5" to ""
[25.450s] -- Installing: /home/steven/ws_moveit2/install/moveit_ros_perception/lib/libmoveit_pointcloud_octomap_updater_core.so
[25.450s] -- Installing: /home/steven/ws_moveit2/install/moveit_ros_perception/lib/libmoveit_semantic_world.so.2.5.5
[25.450s] -- Set runtime path of "/home/steven/ws_moveit2/install/moveit_ros_perception/lib/libmoveit_semantic_world.so.2.5.5" to ""
[25.450s] -- Installing: /home/steven/ws_moveit2/install/moveit_ros_perception/lib/libmoveit_semantic_world.so
[25.450s] -- Installing: /home/steven/ws_moveit2/install/moveit_ros_perception/share/moveit_ros_perception/environment/library_path.sh
[25.450s] -- Installing: /home/steven/ws_moveit2/install/moveit_ros_perception/share/moveit_ros_perception/environment/library_path.dsv
[25.450s] -- Installing: /home/steven/ws_moveit2/install/moveit_ros_perception/share/moveit_ros_perception/pointcloud_octomap_updater_plugin_description.xml
[25.450s] -- Installing: /home/steven/ws_moveit2/install/moveit_ros_perception/share/moveit_ros_perception/depth_image_octomap_updater_plugin_description.xml
[25.450s] -- Installing: /home/steven/ws_moveit2/install/moveit_ros_perception/share/ament_index/resource_index/package_run_dependencies/moveit_ros_perception
[25.450s] -- Installing: /home/steven/ws_moveit2/install/moveit_ros_perception/share/ament_index/resource_index/parent_prefix_path/moveit_ros_perception
[25.450s] -- Installing: /home/steven/ws_moveit2/install/moveit_ros_perception/share/moveit_ros_perception/environment/ament_prefix_path.sh
[25.450s] -- Installing: /home/steven/ws_moveit2/install/moveit_ros_perception/share/moveit_ros_perception/environment/ament_prefix_path.dsv
[25.450s] -- Installing: /home/steven/ws_moveit2/install/moveit_ros_perception/share/moveit_ros_perception/environment/path.sh
[25.450s] -- Installing: /home/steven/ws_moveit2/install/moveit_ros_perception/share/moveit_ros_perception/environment/path.dsv
[25.450s] -- Installing: /home/steven/ws_moveit2/install/moveit_ros_perception/share/moveit_ros_perception/local_setup.bash
[25.451s] -- Installing: /home/steven/ws_moveit2/install/moveit_ros_perception/share/moveit_ros_perception/local_setup.sh
[25.451s] -- Installing: /home/steven/ws_moveit2/install/moveit_ros_perception/share/moveit_ros_perception/local_setup.zsh
[25.451s] -- Installing: /home/steven/ws_moveit2/install/moveit_ros_perception/share/moveit_ros_perception/local_setup.dsv
[25.451s] -- Installing: /home/steven/ws_moveit2/install/moveit_ros_perception/share/moveit_ros_perception/package.dsv
[25.451s] -- Installing: /home/steven/ws_moveit2/install/moveit_ros_perception/share/ament_index/resource_index/packages/moveit_ros_perception
[25.451s] -- Installing: /home/steven/ws_moveit2/install/moveit_ros_perception/share/ament_index/resource_index/moveit_ros_occupancy_map_monitor__pluginlib__plugin/moveit_ros_perception
[25.451s] -- Installing: /home/steven/ws_moveit2/install/moveit_ros_perception/share/moveit_ros_perception/cmake/export_moveit_ros_perceptionExport.cmake
[25.451s] -- Installing: /home/steven/ws_moveit2/install/moveit_ros_perception/share/moveit_ros_perception/cmake/export_moveit_ros_perceptionExport-release.cmake
[25.451s] -- Installing: /home/steven/ws_moveit2/install/moveit_ros_perception/share/moveit_ros_perception/cmake/ConfigExtras.cmake
[25.451s] -- Installing: /home/steven/ws_moveit2/install/moveit_ros_perception/share/moveit_ros_perception/cmake/ament_cmake_export_targets-extras.cmake
[25.451s] -- Installing: /home/steven/ws_moveit2/install/moveit_ros_perception/share/moveit_ros_perception/cmake/ament_cmake_export_dependencies-extras.cmake
[25.451s] -- Installing: /home/steven/ws_moveit2/install/moveit_ros_perception/share/moveit_ros_perception/cmake/moveit_ros_perceptionConfig.cmake
[25.452s] -- Installing: /home/steven/ws_moveit2/install/moveit_ros_perception/share/moveit_ros_perception/cmake/moveit_ros_perceptionConfig-version.cmake
[25.452s] -- Installing: /home/steven/ws_moveit2/install/moveit_ros_perception/share/moveit_ros_perception/package.xml
[25.453s] Invoked command in '/home/steven/ws_moveit2/build/moveit_ros_perception' returned '0': AMENT_PREFIX_PATH=/home/steven/ws_moveit2/install/moveit_ros_planning:/home/steven/ws_moveit2/install/moveit_ros_occupancy_map_monitor:/home/steven/ws_moveit2/install/moveit_core:/home/steven/ws_moveit2/install/srdfdom:/home/steven/ws_moveit2/install/moveit_common:${AMENT_PREFIX_PATH} CMAKE_PREFIX_PATH=/home/steven/ws_moveit2/install/moveit_ros_planning:/home/steven/ws_moveit2/install/moveit_ros_occupancy_map_monitor:/home/steven/ws_moveit2/install/moveit_core:/home/steven/ws_moveit2/install/srdfdom:/home/steven/ws_moveit2/install/moveit_common:/opt/ros/humble LD_LIBRARY_PATH=/home/steven/ws_moveit2/install/moveit_ros_planning/lib:/home/steven/ws_moveit2/install/moveit_ros_occupancy_map_monitor/lib:/home/steven/ws_moveit2/install/moveit_core/lib:/home/steven/ws_moveit2/install/srdfdom/lib:/opt/ros/humble/opt/rviz_ogre_vendor/lib:/opt/ros/humble/lib/x86_64-linux-gnu:/opt/ros/humble/lib:/usr/local/cuda-12.3/lib64 PATH=/home/steven/ws_moveit2/install/moveit_core/bin:${PATH} PYTHONPATH=/home/steven/ws_moveit2/install/srdfdom/local/lib/python3.10/dist-packages:${PYTHONPATH} /usr/bin/cmake --install /home/steven/ws_moveit2/build/moveit_ros_perception
