[0.090s] Invoking command in '/home/user/ros2_ws/build/moveit_core': CMAKE_PREFIX_PATH=/home/user/ros2_ws/install/moveit_common:/home/user/ros2_ws/install/moveit2_scripts:/home/simulations/ros2_sims_ws/install/common_interfaces:/home/simulations/ros2_sims_ws/install/visualization_msgs:/home/simulations/ros2_sims_ws/install/test_msgs:/home/simulations/ros2_sims_ws/install/example_interfaces:/home/simulations/ros2_sims_ws/install/action_msgs:/home/simulations/ros2_sims_ws/install/unique_identifier_msgs:/home/simulations/ros2_sims_ws/install/trajectory_msgs:/home/simulations/ros2_sims_ws/install/test_interface_files:/home/simulations/ros2_sims_ws/install/stereo_msgs:/home/simulations/ros2_sims_ws/install/std_srvs:/home/simulations/ros2_sims_ws/install/shape_msgs:/home/simulations/ros2_sims_ws/install/sensor_msgs:/home/simulations/ros2_sims_ws/install/nav_msgs:/home/simulations/ros2_sims_ws/install/diagnostic_msgs:/home/simulations/ros2_sims_ws/install/geometry_msgs:/home/simulations/ros2_sims_ws/install/actionlib_msgs:/home/simulations/ros2_sims_ws/install/std_msgs:/home/simulations/ros2_sims_ws/install/statistics_msgs:/home/simulations/ros2_sims_ws/install/rosgraph_msgs:/home/simulations/ros2_sims_ws/install/rclrs_example_msgs:/home/simulations/ros2_sims_ws/install/composition_interfaces:/home/simulations/ros2_sims_ws/install/rcl_interfaces:/home/simulations/ros2_sims_ws/install/lifecycle_msgs:/home/simulations/ros2_sims_ws/install/builtin_interfaces:/home/simulations/ros2_sims_ws/install/rosidl_default_runtime:/home/simulations/ros2_sims_ws/install/rosidl_default_generators:/home/simulations/ros2_sims_ws/install/rosidl_generator_rs:/home/user/ros2_ws/install/ur_simulation_gazebo:/home/user/ros2_ws/install/ur3e_moveit_config:/home/user/ros2_ws/install/test_moveit_config:/home/user/ros2_ws/install/test2_moveit_config:/home/user/ros2_ws/install/my_moveit_config:/home/user/ros2_ws/install/my_moveit2_config:/home/user/ros2_ws/install/ur_description:/home/user/ros2_ws/install/the_construct_office_gazebo:/home/user/ros2_ws/install/simple_grasping:/home/user/ros2_ws/install/ros_testing:/home/user/ros2_ws/install/robotnik_sensors_gazebo:/home/user/ros2_ws/install/robotnik_sensors:/home/user/ros2_ws/install/robotiq_85_gripper:/home/user/ros2_ws/install/robotiq_85_msgs:/home/user/ros2_ws/install/robotiq_85_description:/home/user/ros2_ws/install/rg2_gripper_description:/home/user/ros2_ws/install/pilz_industrial_motion_planner_testutils:/home/user/ros2_ws/install/moveit_runtime:/home/user/ros2_ws/install/moveit:/home/user/ros2_ws/install/moveit_planners:/home/user/ros2_ws/install/pilz_industrial_motion_planner:/home/user/ros2_ws/install/moveit_ros_control_interface:/home/user/ros2_ws/install/moveit_plugins:/home/user/ros2_ws/install/moveit_simple_controller_manager:/home/user/ros2_ws/install/moveit_setup_assistant:/home/user/ros2_ws/install/moveit_setup_srdf_plugins:/home/user/ros2_ws/install/moveit_setup_core_plugins:/home/user/ros2_ws/install/moveit_setup_controllers:/home/user/ros2_ws/install/moveit_setup_app_plugins:/home/user/ros2_ws/install/moveit_setup_framework:/home/user/ros2_ws/install/moveit_servo:/home/user/ros2_ws/install/moveit_ros:/home/user/ros2_ws/install/moveit_ros_visualization:/home/user/ros2_ws/install/moveit_hybrid_planning:/home/user/ros2_ws/install/moveit_ros_planning_interface:/home/user/ros2_ws/install/moveit_ros_benchmarks:/home/user/ros2_ws/install/moveit_ros_warehouse:/home/user/ros2_ws/install/moveit_ros_robot_interaction:/home/user/ros2_ws/install/moveit_ros_perception:/home/user/ros2_ws/install/moveit_resources_prbt_pg70_support:/home/user/ros2_ws/install/moveit_resources_prbt_moveit_config:/home/user/ros2_ws/install/moveit_ros_move_group:/home/user/ros2_ws/install/moveit_planners_ompl:/home/user/ros2_ws/install/moveit_ros_planning:/home/user/ros2_ws/install/moveit_ros_occupancy_map_monitor:/home/user/ros2_ws/install/moveit_resources_prbt_support:/home/user/ros2_ws/install/moveit_resources_prbt_ikfast_manipulator_plugin:/home/user/ros2_ws/install/moveit_planners_chomp:/home/user/ros2_ws/install/moveit_kinematics:/home/user/ros2_ws/install/moveit_chomp_optimizer_adapter:/home/user/ros2_ws/install/chomp_motion_planner:/home/user/ros2_ws/install/moveit_core:/home/user/ros2_ws/install/gazebo_ros2_control_demos:/home/user/ros2_ws/install/gazebo_ros2_control:/home/simulations/ros2_sims_ws/install/rclrs_tests:/home/simulations/ros2_sims_ws/install/examples_rclrs_minimal_client_service:/home/simulations/ros2_sims_ws/install/sensor_msgs_py:/home/simulations/ros2_sims_ws/install/examples_rclrs_minimal_pub_sub:/home/simulations/ros2_sims_ws/install/examples_rclrs_message_demo:/home/simulations/ros2_sims_ws/install/rclrs:/home/simulations/ros2_sims_ws/install/rosidl_runtime_rs:/home/user/ros2_ws/install/ros2test:/home/user/ros2_ws/install/robotiq_85_driver:/home/user/ros2_ws/install/moveit_configs_utils:/opt/ros/humble _=/usr/bin/env /usr/bin/cmake --build /home/user/ros2_ws/build/moveit_core -- -j8 -l8
[0.466s] [  1%] Built target moveit_transforms
[0.658s] [  3%] Built target gmock
[0.821s] [  4%] Built target gmock_main
[0.975s] [  5%] Built target moveit_smoothing_base
[1.169s] [  6%] Built target moveit_butterworth_parameters
[1.385s] [  8%] Built target moveit_version
[1.501s] [  9%] Built target gtest_main
[1.621s] [ 10%] Built target gtest
[1.825s] [ 12%] Built target moveit_utils
[1.971s] [ 13%] Built target test_transforms
[2.218s] [ 15%] Built target moveit_distance_field
[2.403s] [ 16%] Built target moveit_kinematics_base
[2.549s] [ 17%] Built target test_distance_field
[2.698s] [ 18%] Built target test_voxel_grid
[2.840s] [ 19%] Built target moveit_exceptions
[3.044s] [ 26%] Built target moveit_robot_model
[3.192s] [ 29%] Built target moveit_robot_state
[3.346s] [ 30%] Built target moveit_butterworth_filter
[3.501s] [ 31%] Built target moveit_kinematics_metrics
[3.642s] [ 32%] Built target test_butterworth_filter
[3.780s] [ 34%] Built target moveit_dynamics_solver
[3.921s] [ 35%] Built target moveit_robot_trajectory
[4.051s] [ 41%] Built target moveit_collision_detection
[4.174s] [ 43%] Built target moveit_planning_interface
[4.299s] [ 48%] Built target moveit_collision_detection_bullet
[4.390s] [ 49%] Built target test_all_valid
[4.536s] [ 51%] Built target test_world_diff
[4.665s] [ 52%] Built target test_world
[4.792s] [ 54%] Built target moveit_collision_detection_fcl
[4.910s] [ 58%] Built target moveit_trajectory_processing
[5.053s] [ 60%] Built target moveit_kinematic_constraints
[5.198s] [ 61%] Built target moveit_test_utils
[5.365s] [ 62%] Built target moveit_planning_scene
[5.463s] [ 63%] Built target test_aabb
[5.581s] [ 64%] Built target test_cartesian_interpolator
[5.703s] [ 65%] Built target test_robot_trajectory
[5.826s] [ 66%] Built target test_time_parameterization
[5.925s] [ 68%] Built target test_time_optimal_trajectory_generation
[6.059s] [ 69%] Built target test_ruckig_traj_smoothing
[6.158s] [ 70%] Built target collision_detector_bullet_plugin
[6.283s] [ 71%] Built target test_bullet_collision_detection
[6.385s] [ 72%] Built target test_bullet_collision_detection_panda
[6.524s] [ 74%] Built target test_bullet_continuous_collision_checking
[6.623s] [ 75%] Built target collision_detector_fcl_plugin
[6.725s] [ 77%] Built target test_fcl_collision_env
[6.854s] [ 78%] Built target test_fcl_collision_detection
[6.970s] [ 79%] Built target test_fcl_collision_detection_panda
[7.076s] [ 82%] Built target moveit_collision_distance_field
[7.185s] [ 85%] Built target moveit_constraint_samplers
[7.302s] [ 86%] Built target moveit_planning_request_adapter
[7.434s] [ 87%] Built target test_planning_scene
[7.516s] [ 88%] Built target test_collision_objects
[7.620s] [ 89%] Built target test_multi_threaded
[7.708s] [ 90%] Built target test_collision_distance_field
[7.831s] [ 93%] Built target test_constraint_samplers
[7.922s] [ 94%] Built target test_robot_state_complex
[8.049s] [ 95%] Built target test_robot_state_benchmark
[8.177s] [ 97%] Built target test_robot_state
[8.267s] [ 98%] Built target test_robot_model
[8.379s] [ 99%] Built target test_orientation_constraints
[8.469s] [100%] Built target test_constraints
[8.503s] Invoked command in '/home/user/ros2_ws/build/moveit_core' returned '0': CMAKE_PREFIX_PATH=/home/user/ros2_ws/install/moveit_common:/home/user/ros2_ws/install/moveit2_scripts:/home/simulations/ros2_sims_ws/install/common_interfaces:/home/simulations/ros2_sims_ws/install/visualization_msgs:/home/simulations/ros2_sims_ws/install/test_msgs:/home/simulations/ros2_sims_ws/install/example_interfaces:/home/simulations/ros2_sims_ws/install/action_msgs:/home/simulations/ros2_sims_ws/install/unique_identifier_msgs:/home/simulations/ros2_sims_ws/install/trajectory_msgs:/home/simulations/ros2_sims_ws/install/test_interface_files:/home/simulations/ros2_sims_ws/install/stereo_msgs:/home/simulations/ros2_sims_ws/install/std_srvs:/home/simulations/ros2_sims_ws/install/shape_msgs:/home/simulations/ros2_sims_ws/install/sensor_msgs:/home/simulations/ros2_sims_ws/install/nav_msgs:/home/simulations/ros2_sims_ws/install/diagnostic_msgs:/home/simulations/ros2_sims_ws/install/geometry_msgs:/home/simulations/ros2_sims_ws/install/actionlib_msgs:/home/simulations/ros2_sims_ws/install/std_msgs:/home/simulations/ros2_sims_ws/install/statistics_msgs:/home/simulations/ros2_sims_ws/install/rosgraph_msgs:/home/simulations/ros2_sims_ws/install/rclrs_example_msgs:/home/simulations/ros2_sims_ws/install/composition_interfaces:/home/simulations/ros2_sims_ws/install/rcl_interfaces:/home/simulations/ros2_sims_ws/install/lifecycle_msgs:/home/simulations/ros2_sims_ws/install/builtin_interfaces:/home/simulations/ros2_sims_ws/install/rosidl_default_runtime:/home/simulations/ros2_sims_ws/install/rosidl_default_generators:/home/simulations/ros2_sims_ws/install/rosidl_generator_rs:/home/user/ros2_ws/install/ur_simulation_gazebo:/home/user/ros2_ws/install/ur3e_moveit_config:/home/user/ros2_ws/install/test_moveit_config:/home/user/ros2_ws/install/test2_moveit_config:/home/user/ros2_ws/install/my_moveit_config:/home/user/ros2_ws/install/my_moveit2_config:/home/user/ros2_ws/install/ur_description:/home/user/ros2_ws/install/the_construct_office_gazebo:/home/user/ros2_ws/install/simple_grasping:/home/user/ros2_ws/install/ros_testing:/home/user/ros2_ws/install/robotnik_sensors_gazebo:/home/user/ros2_ws/install/robotnik_sensors:/home/user/ros2_ws/install/robotiq_85_gripper:/home/user/ros2_ws/install/robotiq_85_msgs:/home/user/ros2_ws/install/robotiq_85_description:/home/user/ros2_ws/install/rg2_gripper_description:/home/user/ros2_ws/install/pilz_industrial_motion_planner_testutils:/home/user/ros2_ws/install/moveit_runtime:/home/user/ros2_ws/install/moveit:/home/user/ros2_ws/install/moveit_planners:/home/user/ros2_ws/install/pilz_industrial_motion_planner:/home/user/ros2_ws/install/moveit_ros_control_interface:/home/user/ros2_ws/install/moveit_plugins:/home/user/ros2_ws/install/moveit_simple_controller_manager:/home/user/ros2_ws/install/moveit_setup_assistant:/home/user/ros2_ws/install/moveit_setup_srdf_plugins:/home/user/ros2_ws/install/moveit_setup_core_plugins:/home/user/ros2_ws/install/moveit_setup_controllers:/home/user/ros2_ws/install/moveit_setup_app_plugins:/home/user/ros2_ws/install/moveit_setup_framework:/home/user/ros2_ws/install/moveit_servo:/home/user/ros2_ws/install/moveit_ros:/home/user/ros2_ws/install/moveit_ros_visualization:/home/user/ros2_ws/install/moveit_hybrid_planning:/home/user/ros2_ws/install/moveit_ros_planning_interface:/home/user/ros2_ws/install/moveit_ros_benchmarks:/home/user/ros2_ws/install/moveit_ros_warehouse:/home/user/ros2_ws/install/moveit_ros_robot_interaction:/home/user/ros2_ws/install/moveit_ros_perception:/home/user/ros2_ws/install/moveit_resources_prbt_pg70_support:/home/user/ros2_ws/install/moveit_resources_prbt_moveit_config:/home/user/ros2_ws/install/moveit_ros_move_group:/home/user/ros2_ws/install/moveit_planners_ompl:/home/user/ros2_ws/install/moveit_ros_planning:/home/user/ros2_ws/install/moveit_ros_occupancy_map_monitor:/home/user/ros2_ws/install/moveit_resources_prbt_support:/home/user/ros2_ws/install/moveit_resources_prbt_ikfast_manipulator_plugin:/home/user/ros2_ws/install/moveit_planners_chomp:/home/user/ros2_ws/install/moveit_kinematics:/home/user/ros2_ws/install/moveit_chomp_optimizer_adapter:/home/user/ros2_ws/install/chomp_motion_planner:/home/user/ros2_ws/install/moveit_core:/home/user/ros2_ws/install/gazebo_ros2_control_demos:/home/user/ros2_ws/install/gazebo_ros2_control:/home/simulations/ros2_sims_ws/install/rclrs_tests:/home/simulations/ros2_sims_ws/install/examples_rclrs_minimal_client_service:/home/simulations/ros2_sims_ws/install/sensor_msgs_py:/home/simulations/ros2_sims_ws/install/examples_rclrs_minimal_pub_sub:/home/simulations/ros2_sims_ws/install/examples_rclrs_message_demo:/home/simulations/ros2_sims_ws/install/rclrs:/home/simulations/ros2_sims_ws/install/rosidl_runtime_rs:/home/user/ros2_ws/install/ros2test:/home/user/ros2_ws/install/robotiq_85_driver:/home/user/ros2_ws/install/moveit_configs_utils:/opt/ros/humble _=/usr/bin/env /usr/bin/cmake --build /home/user/ros2_ws/build/moveit_core -- -j8 -l8
[9.089s] Invoking command in '/home/user/ros2_ws/build/moveit_core': CMAKE_PREFIX_PATH=/home/user/ros2_ws/install/moveit_common:/home/user/ros2_ws/install/moveit2_scripts:/home/simulations/ros2_sims_ws/install/common_interfaces:/home/simulations/ros2_sims_ws/install/visualization_msgs:/home/simulations/ros2_sims_ws/install/test_msgs:/home/simulations/ros2_sims_ws/install/example_interfaces:/home/simulations/ros2_sims_ws/install/action_msgs:/home/simulations/ros2_sims_ws/install/unique_identifier_msgs:/home/simulations/ros2_sims_ws/install/trajectory_msgs:/home/simulations/ros2_sims_ws/install/test_interface_files:/home/simulations/ros2_sims_ws/install/stereo_msgs:/home/simulations/ros2_sims_ws/install/std_srvs:/home/simulations/ros2_sims_ws/install/shape_msgs:/home/simulations/ros2_sims_ws/install/sensor_msgs:/home/simulations/ros2_sims_ws/install/nav_msgs:/home/simulations/ros2_sims_ws/install/diagnostic_msgs:/home/simulations/ros2_sims_ws/install/geometry_msgs:/home/simulations/ros2_sims_ws/install/actionlib_msgs:/home/simulations/ros2_sims_ws/install/std_msgs:/home/simulations/ros2_sims_ws/install/statistics_msgs:/home/simulations/ros2_sims_ws/install/rosgraph_msgs:/home/simulations/ros2_sims_ws/install/rclrs_example_msgs:/home/simulations/ros2_sims_ws/install/composition_interfaces:/home/simulations/ros2_sims_ws/install/rcl_interfaces:/home/simulations/ros2_sims_ws/install/lifecycle_msgs:/home/simulations/ros2_sims_ws/install/builtin_interfaces:/home/simulations/ros2_sims_ws/install/rosidl_default_runtime:/home/simulations/ros2_sims_ws/install/rosidl_default_generators:/home/simulations/ros2_sims_ws/install/rosidl_generator_rs:/home/user/ros2_ws/install/ur_simulation_gazebo:/home/user/ros2_ws/install/ur3e_moveit_config:/home/user/ros2_ws/install/test_moveit_config:/home/user/ros2_ws/install/test2_moveit_config:/home/user/ros2_ws/install/my_moveit_config:/home/user/ros2_ws/install/my_moveit2_config:/home/user/ros2_ws/install/ur_description:/home/user/ros2_ws/install/the_construct_office_gazebo:/home/user/ros2_ws/install/simple_grasping:/home/user/ros2_ws/install/ros_testing:/home/user/ros2_ws/install/robotnik_sensors_gazebo:/home/user/ros2_ws/install/robotnik_sensors:/home/user/ros2_ws/install/robotiq_85_gripper:/home/user/ros2_ws/install/robotiq_85_msgs:/home/user/ros2_ws/install/robotiq_85_description:/home/user/ros2_ws/install/rg2_gripper_description:/home/user/ros2_ws/install/pilz_industrial_motion_planner_testutils:/home/user/ros2_ws/install/moveit_runtime:/home/user/ros2_ws/install/moveit:/home/user/ros2_ws/install/moveit_planners:/home/user/ros2_ws/install/pilz_industrial_motion_planner:/home/user/ros2_ws/install/moveit_ros_control_interface:/home/user/ros2_ws/install/moveit_plugins:/home/user/ros2_ws/install/moveit_simple_controller_manager:/home/user/ros2_ws/install/moveit_setup_assistant:/home/user/ros2_ws/install/moveit_setup_srdf_plugins:/home/user/ros2_ws/install/moveit_setup_core_plugins:/home/user/ros2_ws/install/moveit_setup_controllers:/home/user/ros2_ws/install/moveit_setup_app_plugins:/home/user/ros2_ws/install/moveit_setup_framework:/home/user/ros2_ws/install/moveit_servo:/home/user/ros2_ws/install/moveit_ros:/home/user/ros2_ws/install/moveit_ros_visualization:/home/user/ros2_ws/install/moveit_hybrid_planning:/home/user/ros2_ws/install/moveit_ros_planning_interface:/home/user/ros2_ws/install/moveit_ros_benchmarks:/home/user/ros2_ws/install/moveit_ros_warehouse:/home/user/ros2_ws/install/moveit_ros_robot_interaction:/home/user/ros2_ws/install/moveit_ros_perception:/home/user/ros2_ws/install/moveit_resources_prbt_pg70_support:/home/user/ros2_ws/install/moveit_resources_prbt_moveit_config:/home/user/ros2_ws/install/moveit_ros_move_group:/home/user/ros2_ws/install/moveit_planners_ompl:/home/user/ros2_ws/install/moveit_ros_planning:/home/user/ros2_ws/install/moveit_ros_occupancy_map_monitor:/home/user/ros2_ws/install/moveit_resources_prbt_support:/home/user/ros2_ws/install/moveit_resources_prbt_ikfast_manipulator_plugin:/home/user/ros2_ws/install/moveit_planners_chomp:/home/user/ros2_ws/install/moveit_kinematics:/home/user/ros2_ws/install/moveit_chomp_optimizer_adapter:/home/user/ros2_ws/install/chomp_motion_planner:/home/user/ros2_ws/install/moveit_core:/home/user/ros2_ws/install/gazebo_ros2_control_demos:/home/user/ros2_ws/install/gazebo_ros2_control:/home/simulations/ros2_sims_ws/install/rclrs_tests:/home/simulations/ros2_sims_ws/install/examples_rclrs_minimal_client_service:/home/simulations/ros2_sims_ws/install/sensor_msgs_py:/home/simulations/ros2_sims_ws/install/examples_rclrs_minimal_pub_sub:/home/simulations/ros2_sims_ws/install/examples_rclrs_message_demo:/home/simulations/ros2_sims_ws/install/rclrs:/home/simulations/ros2_sims_ws/install/rosidl_runtime_rs:/home/user/ros2_ws/install/ros2test:/home/user/ros2_ws/install/robotiq_85_driver:/home/user/ros2_ws/install/moveit_configs_utils:/opt/ros/humble _=/usr/bin/env /usr/bin/cmake --install /home/user/ros2_ws/build/moveit_core
[9.113s] -- Install configuration: "Release"
[9.114s] -- Up-to-date: /home/user/ros2_ws/install/moveit_core/include/moveit/version.h
[9.114s] -- Up-to-date: /home/user/ros2_ws/install/moveit_core/include
[9.114s] -- Up-to-date: /home/user/ros2_ws/install/moveit_core/include/moveit
[9.115s] -- Up-to-date: /home/user/ros2_ws/install/moveit_core/include/moveit/collision_distance_field
[9.115s] -- Up-to-date: /home/user/ros2_ws/install/moveit_core/include/moveit/collision_distance_field/collision_detector_allocator_hybrid.h
[9.115s] -- Up-to-date: /home/user/ros2_ws/install/moveit_core/include/moveit/collision_distance_field/collision_common_distance_field.h
[9.116s] -- Up-to-date: /home/user/ros2_ws/install/moveit_core/include/moveit/collision_distance_field/collision_env_distance_field.h
[9.116s] -- Up-to-date: /home/user/ros2_ws/install/moveit_core/include/moveit/collision_distance_field/collision_detector_allocator_distance_field.h
[9.116s] -- Up-to-date: /home/user/ros2_ws/install/moveit_core/include/moveit/collision_distance_field/collision_distance_field_types.h
[9.116s] -- Up-to-date: /home/user/ros2_ws/install/moveit_core/include/moveit/collision_distance_field/collision_env_hybrid.h
[9.117s] -- Up-to-date: /home/user/ros2_ws/install/moveit_core/include/moveit_collision_distance_field_export.h
[9.117s] -- Up-to-date: /home/user/ros2_ws/install/moveit_core/include
[9.117s] -- Up-to-date: /home/user/ros2_ws/install/moveit_core/include/moveit
[9.117s] -- Up-to-date: /home/user/ros2_ws/install/moveit_core/include/moveit/constraint_samplers
[9.118s] -- Up-to-date: /home/user/ros2_ws/install/moveit_core/include/moveit/constraint_samplers/constraint_sampler_allocator.h
[9.118s] -- Up-to-date: /home/user/ros2_ws/install/moveit_core/include/moveit/constraint_samplers/default_constraint_samplers.h
[9.118s] -- Up-to-date: /home/user/ros2_ws/install/moveit_core/include/moveit/constraint_samplers/constraint_sampler.h
[9.118s] -- Up-to-date: /home/user/ros2_ws/install/moveit_core/include/moveit/constraint_samplers/constraint_sampler_tools.h
[9.119s] -- Up-to-date: /home/user/ros2_ws/install/moveit_core/include/moveit/constraint_samplers/union_constraint_sampler.h
[9.119s] -- Up-to-date: /home/user/ros2_ws/install/moveit_core/include/moveit/constraint_samplers/constraint_sampler_manager.h
[9.119s] -- Up-to-date: /home/user/ros2_ws/install/moveit_core/include
[9.119s] -- Up-to-date: /home/user/ros2_ws/install/moveit_core/include/moveit
[9.120s] -- Up-to-date: /home/user/ros2_ws/install/moveit_core/include/moveit/controller_manager
[9.120s] -- Up-to-date: /home/user/ros2_ws/install/moveit_core/include/moveit/controller_manager/controller_manager.h
[9.120s] -- Up-to-date: /home/user/ros2_ws/install/moveit_core/include
[9.120s] -- Up-to-date: /home/user/ros2_ws/install/moveit_core/include/moveit
[9.121s] -- Up-to-date: /home/user/ros2_ws/install/moveit_core/include/moveit/distance_field
[9.121s] -- Up-to-date: /home/user/ros2_ws/install/moveit_core/include/moveit/distance_field/voxel_grid.h
[9.121s] -- Up-to-date: /home/user/ros2_ws/install/moveit_core/include/moveit/distance_field/distance_field.h
[9.122s] -- Up-to-date: /home/user/ros2_ws/install/moveit_core/include/moveit/distance_field/propagation_distance_field.h
[9.122s] -- Up-to-date: /home/user/ros2_ws/install/moveit_core/include/moveit/distance_field/find_internal_points.h
[9.122s] -- Up-to-date: /home/user/ros2_ws/install/moveit_core/include
[9.123s] -- Up-to-date: /home/user/ros2_ws/install/moveit_core/include/moveit
[9.123s] -- Up-to-date: /home/user/ros2_ws/install/moveit_core/include/moveit/dynamics_solver
[9.123s] -- Up-to-date: /home/user/ros2_ws/install/moveit_core/include/moveit/dynamics_solver/dynamics_solver.h
[9.123s] -- Up-to-date: /home/user/ros2_ws/install/moveit_core/include
[9.124s] -- Up-to-date: /home/user/ros2_ws/install/moveit_core/include/moveit
[9.124s] -- Up-to-date: /home/user/ros2_ws/install/moveit_core/include/moveit/exceptions
[9.124s] -- Up-to-date: /home/user/ros2_ws/install/moveit_core/include/moveit/exceptions/exceptions.h
[9.125s] -- Up-to-date: /home/user/ros2_ws/install/moveit_core/include
[9.125s] -- Up-to-date: /home/user/ros2_ws/install/moveit_core/include/moveit
[9.125s] -- Up-to-date: /home/user/ros2_ws/install/moveit_core/include/moveit/kinematics_base
[9.126s] -- Up-to-date: /home/user/ros2_ws/install/moveit_core/include/moveit/kinematics_base/kinematics_base.h
[9.126s] -- Up-to-date: /home/user/ros2_ws/install/moveit_core/include/moveit_kinematics_base_export.h
[9.126s] -- Up-to-date: /home/user/ros2_ws/install/moveit_core/include
[9.126s] -- Up-to-date: /home/user/ros2_ws/install/moveit_core/include/moveit
[9.127s] -- Up-to-date: /home/user/ros2_ws/install/moveit_core/include/moveit/kinematic_constraints
[9.127s] -- Up-to-date: /home/user/ros2_ws/install/moveit_core/include/moveit/kinematic_constraints/utils.h
[9.127s] -- Up-to-date: /home/user/ros2_ws/install/moveit_core/include/moveit/kinematic_constraints/kinematic_constraint.h
[9.127s] -- Up-to-date: /home/user/ros2_ws/install/moveit_core/include
[9.128s] -- Up-to-date: /home/user/ros2_ws/install/moveit_core/include/moveit
[9.128s] -- Up-to-date: /home/user/ros2_ws/install/moveit_core/include/moveit/kinematics_metrics
[9.128s] -- Up-to-date: /home/user/ros2_ws/install/moveit_core/include/moveit/kinematics_metrics/kinematics_metrics.h
[9.128s] -- Up-to-date: /home/user/ros2_ws/install/moveit_core/include
[9.129s] -- Up-to-date: /home/user/ros2_ws/install/moveit_core/include/moveit
[9.129s] -- Up-to-date: /home/user/ros2_ws/install/moveit_core/include/moveit/macros
[9.129s] -- Up-to-date: /home/user/ros2_ws/install/moveit_core/include/moveit/macros/class_forward.h
[9.130s] -- Up-to-date: /home/user/ros2_ws/install/moveit_core/include/moveit/macros/console_colors.h
[9.130s] -- Up-to-date: /home/user/ros2_ws/install/moveit_core/include/moveit/macros/declare_ptr.h
[9.130s] -- Up-to-date: /home/user/ros2_ws/install/moveit_core/include/moveit/macros/deprecation.h
[9.131s] -- Up-to-date: /home/user/ros2_ws/install/moveit_core/include/moveit_butterworth_parameters
[9.131s] -- Up-to-date: /home/user/ros2_ws/install/moveit_core/include/moveit_butterworth_parameters/moveit_butterworth_parameters.hpp
[9.131s] -- Up-to-date: /home/user/ros2_ws/install/moveit_core/include
[9.132s] -- Up-to-date: /home/user/ros2_ws/install/moveit_core/include/moveit
[9.132s] -- Up-to-date: /home/user/ros2_ws/install/moveit_core/include/moveit/online_signal_smoothing
[9.132s] -- Up-to-date: /home/user/ros2_ws/install/moveit_core/include/moveit/online_signal_smoothing/butterworth_filter.h
[9.132s] -- Up-to-date: /home/user/ros2_ws/install/moveit_core/include/moveit/online_signal_smoothing/smoothing_base_class.h
[9.132s] -- Up-to-date: /home/user/ros2_ws/install/moveit_core/include/moveit_smoothing_base_export.h
[9.133s] -- Up-to-date: /home/user/ros2_ws/install/moveit_core/include/moveit_butterworth_filter_export.h
[9.133s] -- Up-to-date: /home/user/ros2_ws/install/moveit_core/include
[9.133s] -- Up-to-date: /home/user/ros2_ws/install/moveit_core/include/moveit
[9.133s] -- Up-to-date: /home/user/ros2_ws/install/moveit_core/include/moveit/planning_interface
[9.133s] -- Up-to-date: /home/user/ros2_ws/install/moveit_core/include/moveit/planning_interface/planning_request.h
[9.133s] -- Up-to-date: /home/user/ros2_ws/install/moveit_core/include/moveit/planning_interface/planning_interface.h
[9.134s] -- Up-to-date: /home/user/ros2_ws/install/moveit_core/include/moveit/planning_interface/planning_response.h
[9.134s] -- Up-to-date: /home/user/ros2_ws/install/moveit_core/include
[9.134s] -- Up-to-date: /home/user/ros2_ws/install/moveit_core/include/moveit
[9.134s] -- Up-to-date: /home/user/ros2_ws/install/moveit_core/include/moveit/planning_request_adapter
[9.134s] -- Up-to-date: /home/user/ros2_ws/install/moveit_core/include/moveit/planning_request_adapter/planning_request_adapter.h
[9.134s] -- Up-to-date: /home/user/ros2_ws/install/moveit_core/include
[9.135s] -- Up-to-date: /home/user/ros2_ws/install/moveit_core/include/moveit
[9.135s] -- Up-to-date: /home/user/ros2_ws/install/moveit_core/include/moveit/planning_scene
[9.135s] -- Up-to-date: /home/user/ros2_ws/install/moveit_core/include/moveit/planning_scene/planning_scene.h
[9.135s] -- Up-to-date: /home/user/ros2_ws/install/moveit_core/include/moveit_planning_scene_export.h
[9.135s] -- Up-to-date: /home/user/ros2_ws/install/moveit_core/include
[9.136s] -- Up-to-date: /home/user/ros2_ws/install/moveit_core/include/moveit
[9.136s] -- Up-to-date: /home/user/ros2_ws/install/moveit_core/include/moveit/robot_model
[9.136s] -- Up-to-date: /home/user/ros2_ws/install/moveit_core/include/moveit/robot_model/fixed_joint_model.h
[9.136s] -- Up-to-date: /home/user/ros2_ws/install/moveit_core/include/moveit/robot_model/link_model.h
[9.136s] -- Up-to-date: /home/user/ros2_ws/install/moveit_core/include/moveit/robot_model/joint_model.h
[9.136s] -- Up-to-date: /home/user/ros2_ws/install/moveit_core/include/moveit/robot_model/floating_joint_model.h
[9.137s] -- Up-to-date: /home/user/ros2_ws/install/moveit_core/include/moveit/robot_model/planar_joint_model.h
[9.137s] -- Up-to-date: /home/user/ros2_ws/install/moveit_core/include/moveit/robot_model/prismatic_joint_model.h
[9.137s] -- Up-to-date: /home/user/ros2_ws/install/moveit_core/include/moveit/robot_model/robot_model.h
[9.137s] -- Up-to-date: /home/user/ros2_ws/install/moveit_core/include/moveit/robot_model/joint_model_group.h
[9.138s] -- Up-to-date: /home/user/ros2_ws/install/moveit_core/include/moveit/robot_model/revolute_joint_model.h
[9.138s] -- Up-to-date: /home/user/ros2_ws/install/moveit_core/include/moveit/robot_model/aabb.h
[9.138s] -- Up-to-date: /home/user/ros2_ws/install/moveit_core/include
[9.138s] -- Up-to-date: /home/user/ros2_ws/install/moveit_core/include/moveit
[9.138s] -- Up-to-date: /home/user/ros2_ws/install/moveit_core/include/moveit/robot_state
[9.138s] -- Up-to-date: /home/user/ros2_ws/install/moveit_core/include/moveit/robot_state/attached_body.h
[9.139s] -- Up-to-date: /home/user/ros2_ws/install/moveit_core/include/moveit/robot_state/conversions.h
[9.139s] -- Up-to-date: /home/user/ros2_ws/install/moveit_core/include/moveit/robot_state/robot_state.h
[9.139s] -- Up-to-date: /home/user/ros2_ws/install/moveit_core/include/moveit/robot_state/cartesian_interpolator.h
[9.139s] -- Up-to-date: /home/user/ros2_ws/install/moveit_core/include
[9.140s] -- Up-to-date: /home/user/ros2_ws/install/moveit_core/include/moveit
[9.140s] -- Up-to-date: /home/user/ros2_ws/install/moveit_core/include/moveit/robot_trajectory
[9.140s] -- Up-to-date: /home/user/ros2_ws/install/moveit_core/include/moveit/robot_trajectory/robot_trajectory.h
[9.141s] -- Up-to-date: /home/user/ros2_ws/install/moveit_core/include
[9.141s] -- Up-to-date: /home/user/ros2_ws/install/moveit_core/include/moveit
[9.141s] -- Up-to-date: /home/user/ros2_ws/install/moveit_core/include/moveit/sensor_manager
[9.141s] -- Up-to-date: /home/user/ros2_ws/install/moveit_core/include/moveit/sensor_manager/sensor_manager.h
[9.142s] -- Up-to-date: /home/user/ros2_ws/install/moveit_core/include
[9.142s] -- Up-to-date: /home/user/ros2_ws/install/moveit_core/include/moveit
[9.142s] -- Up-to-date: /home/user/ros2_ws/install/moveit_core/include/moveit/trajectory_processing
[9.142s] -- Up-to-date: /home/user/ros2_ws/install/moveit_core/include/moveit/trajectory_processing/ruckig_traj_smoothing.h
[9.143s] -- Up-to-date: /home/user/ros2_ws/install/moveit_core/include/moveit/trajectory_processing/iterative_spline_parameterization.h
[9.143s] -- Up-to-date: /home/user/ros2_ws/install/moveit_core/include/moveit/trajectory_processing/iterative_time_parameterization.h
[9.143s] -- Up-to-date: /home/user/ros2_ws/install/moveit_core/include/moveit/trajectory_processing/time_optimal_trajectory_generation.h
[9.143s] -- Up-to-date: /home/user/ros2_ws/install/moveit_core/include/moveit/trajectory_processing/time_parameterization.h
[9.144s] -- Up-to-date: /home/user/ros2_ws/install/moveit_core/include/moveit/trajectory_processing/trajectory_tools.h
[9.144s] -- Up-to-date: /home/user/ros2_ws/install/moveit_core/include
[9.144s] -- Up-to-date: /home/user/ros2_ws/install/moveit_core/include/moveit
[9.144s] -- Up-to-date: /home/user/ros2_ws/install/moveit_core/include/moveit/transforms
[9.145s] -- Up-to-date: /home/user/ros2_ws/install/moveit_core/include/moveit/transforms/transforms.h
[9.145s] -- Up-to-date: /home/user/ros2_ws/install/moveit_core/include
[9.146s] -- Up-to-date: /home/user/ros2_ws/install/moveit_core/include/moveit
[9.146s] -- Up-to-date: /home/user/ros2_ws/install/moveit_core/include/moveit/utils
[9.146s] -- Up-to-date: /home/user/ros2_ws/install/moveit_core/include/moveit/utils/robot_model_test_utils.h
[9.146s] -- Up-to-date: /home/user/ros2_ws/install/moveit_core/include/moveit/utils/lexical_casts.h
[9.147s] -- Up-to-date: /home/user/ros2_ws/install/moveit_core/include/moveit/utils/rclcpp_utils.h
[9.147s] -- Up-to-date: /home/user/ros2_ws/install/moveit_core/include/moveit/utils/message_checks.h
[9.147s] -- Up-to-date: /home/user/ros2_ws/install/moveit_core/include/moveit/utils/moveit_error_code.h
[9.147s] -- Up-to-date: /home/user/ros2_ws/install/moveit_core/bin/moveit_version
[9.147s] -- Up-to-date: /home/user/ros2_ws/install/moveit_core/include
[9.148s] -- Up-to-date: /home/user/ros2_ws/install/moveit_core/include/moveit
[9.148s] -- Up-to-date: /home/user/ros2_ws/install/moveit_core/include/moveit/collision_detection
[9.148s] -- Up-to-date: /home/user/ros2_ws/install/moveit_core/include/moveit/collision_detection/collision_common.h
[9.149s] -- Up-to-date: /home/user/ros2_ws/install/moveit_core/include/moveit/collision_detection/collision_env.h
[9.149s] -- Up-to-date: /home/user/ros2_ws/install/moveit_core/include/moveit/collision_detection/allvalid
[9.149s] -- Up-to-date: /home/user/ros2_ws/install/moveit_core/include/moveit/collision_detection/allvalid/collision_env_allvalid.h
[9.150s] -- Up-to-date: /home/user/ros2_ws/install/moveit_core/include/moveit/collision_detection/allvalid/collision_detector_allocator_allvalid.h
[9.150s] -- Up-to-date: /home/user/ros2_ws/install/moveit_core/include/moveit/collision_detection/collision_matrix.h
[9.150s] -- Up-to-date: /home/user/ros2_ws/install/moveit_core/include/moveit/collision_detection/collision_plugin_cache.h
[9.150s] -- Up-to-date: /home/user/ros2_ws/install/moveit_core/include/moveit/collision_detection/collision_detector_allocator.h
[9.151s] -- Up-to-date: /home/user/ros2_ws/install/moveit_core/include/moveit/collision_detection/collision_tools.h
[9.151s] -- Up-to-date: /home/user/ros2_ws/install/moveit_core/include/moveit/collision_detection/world.h
[9.151s] -- Up-to-date: /home/user/ros2_ws/install/moveit_core/include/moveit/collision_detection/collision_plugin.h
[9.169s] -- Up-to-date: /home/user/ros2_ws/install/moveit_core/include/moveit/collision_detection/collision_octomap_filter.h
[9.170s] -- Up-to-date: /home/user/ros2_ws/install/moveit_core/include/moveit/collision_detection/test_collision_common_pr2.h
[9.170s] -- Up-to-date: /home/user/ros2_ws/install/moveit_core/include/moveit/collision_detection/world_diff.h
[9.170s] -- Up-to-date: /home/user/ros2_ws/install/moveit_core/include/moveit/collision_detection/test_collision_common_panda.h
[9.171s] -- Up-to-date: /home/user/ros2_ws/install/moveit_core/include/moveit/collision_detection/occupancy_map.h
[9.174s] -- Up-to-date: /home/user/ros2_ws/install/moveit_core/include/moveit_collision_detection_export.h
[9.175s] -- Up-to-date: /home/user/ros2_ws/install/moveit_core/include/moveit_core
[9.175s] -- Up-to-date: /home/user/ros2_ws/install/moveit_core/include/moveit_core/moveit
[9.176s] -- Up-to-date: /home/user/ros2_ws/install/moveit_core/include/moveit_core/moveit/collision_detection_bullet
[9.177s] -- Up-to-date: /home/user/ros2_ws/install/moveit_core/include/moveit_core/moveit/collision_detection_bullet/collision_env_bullet.h
[9.177s] -- Up-to-date: /home/user/ros2_ws/install/moveit_core/include/moveit_core/moveit/collision_detection_bullet/bullet_integration
[9.177s] -- Up-to-date: /home/user/ros2_ws/install/moveit_core/include/moveit_core/moveit/collision_detection_bullet/bullet_integration/bullet_discrete_bvh_manager.h
[9.178s] -- Up-to-date: /home/user/ros2_ws/install/moveit_core/include/moveit_core/moveit/collision_detection_bullet/bullet_integration/bullet_utils.h
[9.180s] -- Up-to-date: /home/user/ros2_ws/install/moveit_core/include/moveit_core/moveit/collision_detection_bullet/bullet_integration/contact_checker_common.h
[9.180s] -- Up-to-date: /home/user/ros2_ws/install/moveit_core/include/moveit_core/moveit/collision_detection_bullet/bullet_integration/basic_types.h
[9.181s] -- Up-to-date: /home/user/ros2_ws/install/moveit_core/include/moveit_core/moveit/collision_detection_bullet/bullet_integration/bullet_cast_bvh_manager.h
[9.181s] -- Up-to-date: /home/user/ros2_ws/install/moveit_core/include/moveit_core/moveit/collision_detection_bullet/bullet_integration/bullet_bvh_manager.h
[9.188s] -- Up-to-date: /home/user/ros2_ws/install/moveit_core/include/moveit_core/moveit/collision_detection_bullet/bullet_integration/ros_bullet_utils.h
[9.189s] -- Up-to-date: /home/user/ros2_ws/install/moveit_core/include/moveit_core/moveit/collision_detection_bullet/collision_detector_allocator_bullet.h
[9.189s] -- Up-to-date: /home/user/ros2_ws/install/moveit_core/include/moveit_core/moveit/collision_detection_bullet/collision_detector_bullet_plugin_loader.h
[9.189s] -- Up-to-date: /home/user/ros2_ws/install/moveit_core/include/moveit_core/moveit_collision_detection_bullet_export.h
[9.189s] -- Up-to-date: /home/user/ros2_ws/install/moveit_core/include
[9.189s] -- Up-to-date: /home/user/ros2_ws/install/moveit_core/include/moveit
[9.190s] -- Up-to-date: /home/user/ros2_ws/install/moveit_core/include/moveit/collision_detection_fcl
[9.190s] -- Up-to-date: /home/user/ros2_ws/install/moveit_core/include/moveit/collision_detection_fcl/collision_common.h
[9.190s] -- Up-to-date: /home/user/ros2_ws/install/moveit_core/include/moveit/collision_detection_fcl/collision_detector_fcl_plugin_loader.h
[9.190s] -- Up-to-date: /home/user/ros2_ws/install/moveit_core/include/moveit/collision_detection_fcl/collision_detector_allocator_fcl.h
[9.190s] -- Up-to-date: /home/user/ros2_ws/install/moveit_core/include/moveit/collision_detection_fcl/fcl_compat.h
[9.190s] -- Up-to-date: /home/user/ros2_ws/install/moveit_core/include/moveit/collision_detection_fcl/collision_env_fcl.h
[9.190s] -- Up-to-date: /home/user/ros2_ws/install/moveit_core/include/moveit_collision_detection_fcl_export.h
[9.190s] -- Up-to-date: /home/user/ros2_ws/install/moveit_core/lib/libcollision_detector_bullet_plugin.so.2.5.4
[9.191s] -- Up-to-date: /home/user/ros2_ws/install/moveit_core/lib/libcollision_detector_bullet_plugin.so
[9.191s] -- Up-to-date: /home/user/ros2_ws/install/moveit_core/lib/libmoveit_butterworth_filter.so.2.5.4
[9.191s] -- Up-to-date: /home/user/ros2_ws/install/moveit_core/lib/libmoveit_butterworth_filter.so
[9.191s] -- Up-to-date: /home/user/ros2_ws/install/moveit_core/lib/libmoveit_collision_distance_field.so.2.5.4
[9.191s] -- Up-to-date: /home/user/ros2_ws/install/moveit_core/lib/libmoveit_collision_distance_field.so
[9.191s] -- Up-to-date: /home/user/ros2_ws/install/moveit_core/lib/libmoveit_collision_detection.so.2.5.4
[9.191s] -- Up-to-date: /home/user/ros2_ws/install/moveit_core/lib/libmoveit_collision_detection.so
[9.192s] -- Up-to-date: /home/user/ros2_ws/install/moveit_core/lib/libmoveit_collision_detection_fcl.so.2.5.4
[9.192s] -- Up-to-date: /home/user/ros2_ws/install/moveit_core/lib/libmoveit_collision_detection_fcl.so
[9.192s] -- Up-to-date: /home/user/ros2_ws/install/moveit_core/lib/libmoveit_collision_detection_bullet.so.2.5.4
[9.192s] -- Up-to-date: /home/user/ros2_ws/install/moveit_core/lib/libmoveit_collision_detection_bullet.so
[9.192s] -- Up-to-date: /home/user/ros2_ws/install/moveit_core/lib/libmoveit_dynamics_solver.so.2.5.4
[9.192s] -- Up-to-date: /home/user/ros2_ws/install/moveit_core/lib/libmoveit_dynamics_solver.so
[9.193s] -- Up-to-date: /home/user/ros2_ws/install/moveit_core/lib/libmoveit_constraint_samplers.so.2.5.4
[9.193s] -- Up-to-date: /home/user/ros2_ws/install/moveit_core/lib/libmoveit_constraint_samplers.so
[9.193s] -- Up-to-date: /home/user/ros2_ws/install/moveit_core/lib/libmoveit_distance_field.so.2.5.4
[9.193s] -- Up-to-date: /home/user/ros2_ws/install/moveit_core/lib/libmoveit_distance_field.so
[9.193s] -- Up-to-date: /home/user/ros2_ws/install/moveit_core/lib/libmoveit_exceptions.so.2.5.4
[9.194s] -- Up-to-date: /home/user/ros2_ws/install/moveit_core/lib/libmoveit_exceptions.so
[9.194s] -- Up-to-date: /home/user/ros2_ws/install/moveit_core/lib/libmoveit_kinematics_base.so
[9.194s] -- Up-to-date: /home/user/ros2_ws/install/moveit_core/lib/libmoveit_kinematic_constraints.so.2.5.4
[9.194s] -- Up-to-date: /home/user/ros2_ws/install/moveit_core/lib/libmoveit_kinematic_constraints.so
[9.194s] -- Up-to-date: /home/user/ros2_ws/install/moveit_core/lib/libmoveit_kinematics_metrics.so.2.5.4
[9.194s] -- Up-to-date: /home/user/ros2_ws/install/moveit_core/lib/libmoveit_kinematics_metrics.so
[9.194s] -- Up-to-date: /home/user/ros2_ws/install/moveit_core/lib/libmoveit_planning_interface.so.2.5.4
[9.195s] -- Up-to-date: /home/user/ros2_ws/install/moveit_core/lib/libmoveit_planning_interface.so
[9.195s] -- Up-to-date: /home/user/ros2_ws/install/moveit_core/lib/libmoveit_planning_scene.so.2.5.4
[9.195s] -- Up-to-date: /home/user/ros2_ws/install/moveit_core/lib/libmoveit_planning_scene.so
[9.195s] -- Up-to-date: /home/user/ros2_ws/install/moveit_core/lib/libmoveit_planning_request_adapter.so.2.5.4
[9.195s] -- Up-to-date: /home/user/ros2_ws/install/moveit_core/lib/libmoveit_planning_request_adapter.so
[9.195s] -- Up-to-date: /home/user/ros2_ws/install/moveit_core/lib/libmoveit_robot_model.so.2.5.4
[9.196s] -- Up-to-date: /home/user/ros2_ws/install/moveit_core/lib/libmoveit_robot_model.so
[9.196s] -- Up-to-date: /home/user/ros2_ws/install/moveit_core/lib/libmoveit_robot_state.so.2.5.4
[9.196s] -- Up-to-date: /home/user/ros2_ws/install/moveit_core/lib/libmoveit_robot_state.so
[9.196s] -- Up-to-date: /home/user/ros2_ws/install/moveit_core/lib/libmoveit_robot_trajectory.so.2.5.4
[9.196s] -- Up-to-date: /home/user/ros2_ws/install/moveit_core/lib/libmoveit_robot_trajectory.so
[9.196s] -- Up-to-date: /home/user/ros2_ws/install/moveit_core/lib/libmoveit_smoothing_base.so.2.5.4
[9.197s] -- Up-to-date: /home/user/ros2_ws/install/moveit_core/lib/libmoveit_smoothing_base.so
[9.197s] -- Up-to-date: /home/user/ros2_ws/install/moveit_core/lib/libmoveit_test_utils.so.2.5.4
[9.202s] -- Up-to-date: /home/user/ros2_ws/install/moveit_core/lib/libmoveit_test_utils.so
[9.202s] -- Up-to-date: /home/user/ros2_ws/install/moveit_core/lib/libmoveit_trajectory_processing.so.2.5.4
[9.202s] -- Up-to-date: /home/user/ros2_ws/install/moveit_core/lib/libmoveit_trajectory_processing.so
[9.203s] -- Up-to-date: /home/user/ros2_ws/install/moveit_core/lib/libmoveit_transforms.so.2.5.4
[9.203s] -- Up-to-date: /home/user/ros2_ws/install/moveit_core/lib/libmoveit_transforms.so
[9.203s] -- Up-to-date: /home/user/ros2_ws/install/moveit_core/lib/libmoveit_utils.so.2.5.4
[9.203s] -- Up-to-date: /home/user/ros2_ws/install/moveit_core/lib/libmoveit_utils.so
[9.203s] -- Up-to-date: /home/user/ros2_ws/install/moveit_core/share/moveit_core/environment/library_path.sh
[9.204s] -- Up-to-date: /home/user/ros2_ws/install/moveit_core/share/moveit_core/environment/library_path.dsv
[9.205s] -- Up-to-date: /home/user/ros2_ws/install/moveit_core/share/moveit_core/collision_detector_fcl_description.xml
[9.205s] -- Up-to-date: /home/user/ros2_ws/install/moveit_core/share/moveit_core/collision_detector_bullet_description.xml
[9.205s] -- Up-to-date: /home/user/ros2_ws/install/moveit_core/share/moveit_core/filter_plugin_butterworth.xml
[9.205s] -- Up-to-date: /home/user/ros2_ws/install/moveit_core/share/ament_index/resource_index/package_run_dependencies/moveit_core
[9.205s] -- Up-to-date: /home/user/ros2_ws/install/moveit_core/share/ament_index/resource_index/parent_prefix_path/moveit_core
[9.206s] -- Up-to-date: /home/user/ros2_ws/install/moveit_core/share/moveit_core/environment/ament_prefix_path.sh
[9.206s] -- Up-to-date: /home/user/ros2_ws/install/moveit_core/share/moveit_core/environment/ament_prefix_path.dsv
[9.207s] -- Up-to-date: /home/user/ros2_ws/install/moveit_core/share/moveit_core/environment/path.sh
[9.207s] -- Up-to-date: /home/user/ros2_ws/install/moveit_core/share/moveit_core/environment/path.dsv
[9.207s] -- Up-to-date: /home/user/ros2_ws/install/moveit_core/share/moveit_core/local_setup.bash
[9.207s] -- Up-to-date: /home/user/ros2_ws/install/moveit_core/share/moveit_core/local_setup.sh
[9.208s] -- Up-to-date: /home/user/ros2_ws/install/moveit_core/share/moveit_core/local_setup.zsh
[9.208s] -- Up-to-date: /home/user/ros2_ws/install/moveit_core/share/moveit_core/local_setup.dsv
[9.208s] -- Installing: /home/user/ros2_ws/install/moveit_core/share/moveit_core/package.dsv
[9.209s] -- Up-to-date: /home/user/ros2_ws/install/moveit_core/share/ament_index/resource_index/packages/moveit_core
[9.210s] -- Up-to-date: /home/user/ros2_ws/install/moveit_core/share/ament_index/resource_index/moveit_core__pluginlib__plugin/moveit_core
[9.210s] -- Up-to-date: /home/user/ros2_ws/install/moveit_core/share/moveit_core/cmake/export_moveit_coreExport.cmake
[9.210s] -- Up-to-date: /home/user/ros2_ws/install/moveit_core/share/moveit_core/cmake/export_moveit_coreExport-release.cmake
[9.211s] -- Up-to-date: /home/user/ros2_ws/install/moveit_core/share/moveit_core/cmake/ConfigExtras.cmake
[9.211s] -- Up-to-date: /home/user/ros2_ws/install/moveit_core/share/moveit_core/cmake/ament_cmake_export_targets-extras.cmake
[9.211s] -- Up-to-date: /home/user/ros2_ws/install/moveit_core/share/moveit_core/cmake/ament_cmake_export_dependencies-extras.cmake
[9.211s] -- Up-to-date: /home/user/ros2_ws/install/moveit_core/share/moveit_core/cmake/moveit_coreConfig.cmake
[9.225s] -- Up-to-date: /home/user/ros2_ws/install/moveit_core/share/moveit_core/cmake/moveit_coreConfig-version.cmake
[9.225s] -- Up-to-date: /home/user/ros2_ws/install/moveit_core/share/moveit_core/package.xml
[9.225s] Invoked command in '/home/user/ros2_ws/build/moveit_core' returned '0': CMAKE_PREFIX_PATH=/home/user/ros2_ws/install/moveit_common:/home/user/ros2_ws/install/moveit2_scripts:/home/simulations/ros2_sims_ws/install/common_interfaces:/home/simulations/ros2_sims_ws/install/visualization_msgs:/home/simulations/ros2_sims_ws/install/test_msgs:/home/simulations/ros2_sims_ws/install/example_interfaces:/home/simulations/ros2_sims_ws/install/action_msgs:/home/simulations/ros2_sims_ws/install/unique_identifier_msgs:/home/simulations/ros2_sims_ws/install/trajectory_msgs:/home/simulations/ros2_sims_ws/install/test_interface_files:/home/simulations/ros2_sims_ws/install/stereo_msgs:/home/simulations/ros2_sims_ws/install/std_srvs:/home/simulations/ros2_sims_ws/install/shape_msgs:/home/simulations/ros2_sims_ws/install/sensor_msgs:/home/simulations/ros2_sims_ws/install/nav_msgs:/home/simulations/ros2_sims_ws/install/diagnostic_msgs:/home/simulations/ros2_sims_ws/install/geometry_msgs:/home/simulations/ros2_sims_ws/install/actionlib_msgs:/home/simulations/ros2_sims_ws/install/std_msgs:/home/simulations/ros2_sims_ws/install/statistics_msgs:/home/simulations/ros2_sims_ws/install/rosgraph_msgs:/home/simulations/ros2_sims_ws/install/rclrs_example_msgs:/home/simulations/ros2_sims_ws/install/composition_interfaces:/home/simulations/ros2_sims_ws/install/rcl_interfaces:/home/simulations/ros2_sims_ws/install/lifecycle_msgs:/home/simulations/ros2_sims_ws/install/builtin_interfaces:/home/simulations/ros2_sims_ws/install/rosidl_default_runtime:/home/simulations/ros2_sims_ws/install/rosidl_default_generators:/home/simulations/ros2_sims_ws/install/rosidl_generator_rs:/home/user/ros2_ws/install/ur_simulation_gazebo:/home/user/ros2_ws/install/ur3e_moveit_config:/home/user/ros2_ws/install/test_moveit_config:/home/user/ros2_ws/install/test2_moveit_config:/home/user/ros2_ws/install/my_moveit_config:/home/user/ros2_ws/install/my_moveit2_config:/home/user/ros2_ws/install/ur_description:/home/user/ros2_ws/install/the_construct_office_gazebo:/home/user/ros2_ws/install/simple_grasping:/home/user/ros2_ws/install/ros_testing:/home/user/ros2_ws/install/robotnik_sensors_gazebo:/home/user/ros2_ws/install/robotnik_sensors:/home/user/ros2_ws/install/robotiq_85_gripper:/home/user/ros2_ws/install/robotiq_85_msgs:/home/user/ros2_ws/install/robotiq_85_description:/home/user/ros2_ws/install/rg2_gripper_description:/home/user/ros2_ws/install/pilz_industrial_motion_planner_testutils:/home/user/ros2_ws/install/moveit_runtime:/home/user/ros2_ws/install/moveit:/home/user/ros2_ws/install/moveit_planners:/home/user/ros2_ws/install/pilz_industrial_motion_planner:/home/user/ros2_ws/install/moveit_ros_control_interface:/home/user/ros2_ws/install/moveit_plugins:/home/user/ros2_ws/install/moveit_simple_controller_manager:/home/user/ros2_ws/install/moveit_setup_assistant:/home/user/ros2_ws/install/moveit_setup_srdf_plugins:/home/user/ros2_ws/install/moveit_setup_core_plugins:/home/user/ros2_ws/install/moveit_setup_controllers:/home/user/ros2_ws/install/moveit_setup_app_plugins:/home/user/ros2_ws/install/moveit_setup_framework:/home/user/ros2_ws/install/moveit_servo:/home/user/ros2_ws/install/moveit_ros:/home/user/ros2_ws/install/moveit_ros_visualization:/home/user/ros2_ws/install/moveit_hybrid_planning:/home/user/ros2_ws/install/moveit_ros_planning_interface:/home/user/ros2_ws/install/moveit_ros_benchmarks:/home/user/ros2_ws/install/moveit_ros_warehouse:/home/user/ros2_ws/install/moveit_ros_robot_interaction:/home/user/ros2_ws/install/moveit_ros_perception:/home/user/ros2_ws/install/moveit_resources_prbt_pg70_support:/home/user/ros2_ws/install/moveit_resources_prbt_moveit_config:/home/user/ros2_ws/install/moveit_ros_move_group:/home/user/ros2_ws/install/moveit_planners_ompl:/home/user/ros2_ws/install/moveit_ros_planning:/home/user/ros2_ws/install/moveit_ros_occupancy_map_monitor:/home/user/ros2_ws/install/moveit_resources_prbt_support:/home/user/ros2_ws/install/moveit_resources_prbt_ikfast_manipulator_plugin:/home/user/ros2_ws/install/moveit_planners_chomp:/home/user/ros2_ws/install/moveit_kinematics:/home/user/ros2_ws/install/moveit_chomp_optimizer_adapter:/home/user/ros2_ws/install/chomp_motion_planner:/home/user/ros2_ws/install/moveit_core:/home/user/ros2_ws/install/gazebo_ros2_control_demos:/home/user/ros2_ws/install/gazebo_ros2_control:/home/simulations/ros2_sims_ws/install/rclrs_tests:/home/simulations/ros2_sims_ws/install/examples_rclrs_minimal_client_service:/home/simulations/ros2_sims_ws/install/sensor_msgs_py:/home/simulations/ros2_sims_ws/install/examples_rclrs_minimal_pub_sub:/home/simulations/ros2_sims_ws/install/examples_rclrs_message_demo:/home/simulations/ros2_sims_ws/install/rclrs:/home/simulations/ros2_sims_ws/install/rosidl_runtime_rs:/home/user/ros2_ws/install/ros2test:/home/user/ros2_ws/install/robotiq_85_driver:/home/user/ros2_ws/install/moveit_configs_utils:/opt/ros/humble _=/usr/bin/env /usr/bin/cmake --install /home/user/ros2_ws/build/moveit_core
