[0.310s] Invoking command in '/home/steven/ros2_ws/src/first_stage/src/first_stage_rg2': PYTHONPATH=/home/steven/ros2_ws/src/first_stage/src/first_stage_rg2/build/first_stage_rg2/prefix_override:/usr/lib/python3/dist-packages/colcon_core/task/python/colcon_distutils_commands:/home/steven/ros2_ws/src/first_stage/src/first_stage_rg2/install/first_stage_rg2/lib/python3.10/site-packages:${PYTHONPATH} /usr/bin/python3 -W ignore:setup.py install is deprecated -W ignore:easy_install command is deprecated setup.py egg_info --egg-base build/first_stage_rg2 build --build-base /home/steven/ros2_ws/src/first_stage/src/first_stage_rg2/build/first_stage_rg2/build install --record /home/steven/ros2_ws/src/first_stage/src/first_stage_rg2/build/first_stage_rg2/install.log --single-version-externally-managed install_data
[0.418s] running egg_info
[0.418s] writing build/first_stage_rg2/first_stage_rg2.egg-info/PKG-INFO
[0.418s] writing dependency_links to build/first_stage_rg2/first_stage_rg2.egg-info/dependency_links.txt
[0.418s] writing entry points to build/first_stage_rg2/first_stage_rg2.egg-info/entry_points.txt
[0.418s] writing requirements to build/first_stage_rg2/first_stage_rg2.egg-info/requires.txt
[0.418s] writing top-level names to build/first_stage_rg2/first_stage_rg2.egg-info/top_level.txt
[0.419s] reading manifest file 'build/first_stage_rg2/first_stage_rg2.egg-info/SOURCES.txt'
[0.419s] adding license file 'LICENSE'
[0.419s] writing manifest file 'build/first_stage_rg2/first_stage_rg2.egg-info/SOURCES.txt'
[0.419s] running build
[0.419s] running build_py
[0.420s] running install
[0.420s] running install_lib
[0.420s] running install_data
[0.420s] running install_egg_info
[0.421s] removing '/home/steven/ros2_ws/src/first_stage/src/first_stage_rg2/install/first_stage_rg2/lib/python3.10/site-packages/first_stage_rg2-0.0.0-py3.10.egg-info' (and everything under it)
[0.421s] Copying build/first_stage_rg2/first_stage_rg2.egg-info to /home/steven/ros2_ws/src/first_stage/src/first_stage_rg2/install/first_stage_rg2/lib/python3.10/site-packages/first_stage_rg2-0.0.0-py3.10.egg-info
[0.421s] running install_scripts
[0.434s] Installing rg2_node script to /home/steven/ros2_ws/src/first_stage/src/first_stage_rg2/install/first_stage_rg2/lib/first_stage_rg2
[0.434s] writing list of installed files to '/home/steven/ros2_ws/src/first_stage/src/first_stage_rg2/build/first_stage_rg2/install.log'
[0.444s] Invoked command in '/home/steven/ros2_ws/src/first_stage/src/first_stage_rg2' returned '0': PYTHONPATH=/home/steven/ros2_ws/src/first_stage/src/first_stage_rg2/build/first_stage_rg2/prefix_override:/usr/lib/python3/dist-packages/colcon_core/task/python/colcon_distutils_commands:/home/steven/ros2_ws/src/first_stage/src/first_stage_rg2/install/first_stage_rg2/lib/python3.10/site-packages:${PYTHONPATH} /usr/bin/python3 -W ignore:setup.py install is deprecated -W ignore:easy_install command is deprecated setup.py egg_info --egg-base build/first_stage_rg2 build --build-base /home/steven/ros2_ws/src/first_stage/src/first_stage_rg2/build/first_stage_rg2/build install --record /home/steven/ros2_ws/src/first_stage/src/first_stage_rg2/build/first_stage_rg2/install.log --single-version-externally-managed install_data
