[1.452s] Invoking command in '/home/user/ros2_ws/build/robotiq_85_msgs': CMAKE_PREFIX_PATH=${CMAKE_PREFIX_PATH}:/home/simulations/ros2_sims_ws/install/rclrs_tests:/home/simulations/ros2_sims_ws/install/examples_rclrs_minimal_client_service:/home/simulations/ros2_sims_ws/install/sensor_msgs_py:/home/simulations/ros2_sims_ws/install/examples_rclrs_minimal_pub_sub:/home/simulations/ros2_sims_ws/install/examples_rclrs_message_demo:/home/simulations/ros2_sims_ws/install/rclrs:/home/simulations/ros2_sims_ws/install/rosidl_runtime_rs:/home/user/ros2_ws/install/ros2test:/home/user/ros2_ws/install/robotiq_85_driver:/home/user/ros2_ws/install/moveit_configs_utils:/opt/ros/humble _=/usr/bin/env /usr/bin/cmake --build /home/user/ros2_ws/build/robotiq_85_msgs -- -j8 -l8
[1.719s] [  2%] [34m[1mGenerating Rust code for ROS interfaces[0m
[2.689s] [  2%] Built target robotiq_85_msgs__rs
[2.794s] [  2%] Built target ament_cmake_python_copy_robotiq_85_msgs
[2.885s] [  5%] Built target robotiq_85_msgs__cpp
[3.864s] running egg_info
[3.865s] writing robotiq_85_msgs.egg-info/PKG-INFO
[3.865s] writing dependency_links to robotiq_85_msgs.egg-info/dependency_links.txt
[3.866s] writing top-level names to robotiq_85_msgs.egg-info/top_level.txt
[3.866s] reading manifest file 'robotiq_85_msgs.egg-info/SOURCES.txt'
[3.866s] writing manifest file 'robotiq_85_msgs.egg-info/SOURCES.txt'
[3.891s] [  5%] Built target ament_cmake_python_build_robotiq_85_msgs_egg
[4.064s] [ 15%] Built target robotiq_85_msgs__rosidl_typesupport_cpp
[4.161s] [ 25%] Built target robotiq_85_msgs__rosidl_typesupport_introspection_cpp
[4.302s] [ 35%] Built target robotiq_85_msgs__rosidl_typesupport_fastrtps_cpp
[4.417s] [ 45%] Built target robotiq_85_msgs__rosidl_generator_c
[4.721s] [ 55%] Built target robotiq_85_msgs__rosidl_typesupport_fastrtps_c
[4.883s] [ 65%] Built target robotiq_85_msgs__rosidl_typesupport_c
[5.137s] [ 75%] Built target robotiq_85_msgs__rosidl_typesupport_introspection_c
[5.248s] [ 75%] Built target robotiq_85_msgs
[5.421s] [ 77%] Built target robotiq_85_msgs__py
[5.582s] [ 85%] Built target robotiq_85_msgs__rosidl_generator_py
[5.697s] [ 90%] Built target robotiq_85_msgs__rosidl_typesupport_fastrtps_c__pyext
[5.841s] [ 95%] Built target robotiq_85_msgs__rosidl_typesupport_c__pyext
[6.060s] [100%] Built target robotiq_85_msgs__rosidl_typesupport_introspection_c__pyext
[6.132s] Invoked command in '/home/user/ros2_ws/build/robotiq_85_msgs' returned '0': CMAKE_PREFIX_PATH=${CMAKE_PREFIX_PATH}:/home/simulations/ros2_sims_ws/install/rclrs_tests:/home/simulations/ros2_sims_ws/install/examples_rclrs_minimal_client_service:/home/simulations/ros2_sims_ws/install/sensor_msgs_py:/home/simulations/ros2_sims_ws/install/examples_rclrs_minimal_pub_sub:/home/simulations/ros2_sims_ws/install/examples_rclrs_message_demo:/home/simulations/ros2_sims_ws/install/rclrs:/home/simulations/ros2_sims_ws/install/rosidl_runtime_rs:/home/user/ros2_ws/install/ros2test:/home/user/ros2_ws/install/robotiq_85_driver:/home/user/ros2_ws/install/moveit_configs_utils:/opt/ros/humble _=/usr/bin/env /usr/bin/cmake --build /home/user/ros2_ws/build/robotiq_85_msgs -- -j8 -l8
[7.347s] Invoking command in '/home/user/ros2_ws/build/robotiq_85_msgs': CMAKE_PREFIX_PATH=${CMAKE_PREFIX_PATH}:/home/simulations/ros2_sims_ws/install/rclrs_tests:/home/simulations/ros2_sims_ws/install/examples_rclrs_minimal_client_service:/home/simulations/ros2_sims_ws/install/sensor_msgs_py:/home/simulations/ros2_sims_ws/install/examples_rclrs_minimal_pub_sub:/home/simulations/ros2_sims_ws/install/examples_rclrs_message_demo:/home/simulations/ros2_sims_ws/install/rclrs:/home/simulations/ros2_sims_ws/install/rosidl_runtime_rs:/home/user/ros2_ws/install/ros2test:/home/user/ros2_ws/install/robotiq_85_driver:/home/user/ros2_ws/install/moveit_configs_utils:/opt/ros/humble _=/usr/bin/env /usr/bin/cmake --install /home/user/ros2_ws/build/robotiq_85_msgs
[7.373s] -- Install configuration: ""
[7.373s] -- Up-to-date: /home/user/ros2_ws/install/robotiq_85_msgs/share/ament_index/resource_index/rosidl_interfaces/robotiq_85_msgs
[7.374s] -- Up-to-date: /home/user/ros2_ws/install/robotiq_85_msgs/include/robotiq_85_msgs/robotiq_85_msgs
[7.374s] -- Up-to-date: /home/user/ros2_ws/install/robotiq_85_msgs/include/robotiq_85_msgs/robotiq_85_msgs/msg
[7.374s] -- Up-to-date: /home/user/ros2_ws/install/robotiq_85_msgs/include/robotiq_85_msgs/robotiq_85_msgs/msg/detail
[7.374s] -- Up-to-date: /home/user/ros2_ws/install/robotiq_85_msgs/include/robotiq_85_msgs/robotiq_85_msgs/msg/detail/gripper_stat__functions.c
[7.375s] -- Up-to-date: /home/user/ros2_ws/install/robotiq_85_msgs/include/robotiq_85_msgs/robotiq_85_msgs/msg/detail/gripper_cmd__functions.h
[7.375s] -- Up-to-date: /home/user/ros2_ws/install/robotiq_85_msgs/include/robotiq_85_msgs/robotiq_85_msgs/msg/detail/gripper_stat__struct.h
[7.375s] -- Up-to-date: /home/user/ros2_ws/install/robotiq_85_msgs/include/robotiq_85_msgs/robotiq_85_msgs/msg/detail/gripper_cmd__functions.c
[7.376s] -- Up-to-date: /home/user/ros2_ws/install/robotiq_85_msgs/include/robotiq_85_msgs/robotiq_85_msgs/msg/detail/gripper_stat__type_support.h
[7.376s] -- Up-to-date: /home/user/ros2_ws/install/robotiq_85_msgs/include/robotiq_85_msgs/robotiq_85_msgs/msg/detail/gripper_stat__functions.h
[7.376s] -- Up-to-date: /home/user/ros2_ws/install/robotiq_85_msgs/include/robotiq_85_msgs/robotiq_85_msgs/msg/detail/gripper_cmd__type_support.h
[7.377s] -- Up-to-date: /home/user/ros2_ws/install/robotiq_85_msgs/include/robotiq_85_msgs/robotiq_85_msgs/msg/detail/gripper_cmd__struct.h
[7.377s] -- Up-to-date: /home/user/ros2_ws/install/robotiq_85_msgs/include/robotiq_85_msgs/robotiq_85_msgs/msg/rosidl_generator_c__visibility_control.h
[7.377s] -- Up-to-date: /home/user/ros2_ws/install/robotiq_85_msgs/include/robotiq_85_msgs/robotiq_85_msgs/msg/gripper_cmd.h
[7.378s] -- Up-to-date: /home/user/ros2_ws/install/robotiq_85_msgs/include/robotiq_85_msgs/robotiq_85_msgs/msg/gripper_stat.h
[7.378s] -- Up-to-date: /home/user/ros2_ws/install/robotiq_85_msgs/share/robotiq_85_msgs/environment/library_path.sh
[7.378s] -- Up-to-date: /home/user/ros2_ws/install/robotiq_85_msgs/share/robotiq_85_msgs/environment/library_path.dsv
[7.379s] -- Up-to-date: /home/user/ros2_ws/install/robotiq_85_msgs/lib/librobotiq_85_msgs__rosidl_generator_c.so
[7.382s] -- Up-to-date: /home/user/ros2_ws/install/robotiq_85_msgs/include/robotiq_85_msgs/robotiq_85_msgs
[7.382s] -- Up-to-date: /home/user/ros2_ws/install/robotiq_85_msgs/include/robotiq_85_msgs/robotiq_85_msgs/msg
[7.382s] -- Up-to-date: /home/user/ros2_ws/install/robotiq_85_msgs/include/robotiq_85_msgs/robotiq_85_msgs/msg/detail
[7.383s] -- Up-to-date: /home/user/ros2_ws/install/robotiq_85_msgs/include/robotiq_85_msgs/robotiq_85_msgs/msg/detail/gripper_stat__rosidl_typesupport_fastrtps_c.h
[7.384s] -- Up-to-date: /home/user/ros2_ws/install/robotiq_85_msgs/include/robotiq_85_msgs/robotiq_85_msgs/msg/detail/gripper_cmd__rosidl_typesupport_fastrtps_c.h
[7.384s] -- Up-to-date: /home/user/ros2_ws/install/robotiq_85_msgs/include/robotiq_85_msgs/robotiq_85_msgs/msg/rosidl_typesupport_fastrtps_c__visibility_control.h
[7.384s] -- Up-to-date: /home/user/ros2_ws/install/robotiq_85_msgs/lib/librobotiq_85_msgs__rosidl_typesupport_fastrtps_c.so
[7.385s] -- Up-to-date: /home/user/ros2_ws/install/robotiq_85_msgs/include/robotiq_85_msgs/robotiq_85_msgs
[7.385s] -- Up-to-date: /home/user/ros2_ws/install/robotiq_85_msgs/include/robotiq_85_msgs/robotiq_85_msgs/msg
[7.385s] -- Up-to-date: /home/user/ros2_ws/install/robotiq_85_msgs/include/robotiq_85_msgs/robotiq_85_msgs/msg/detail
[7.386s] -- Up-to-date: /home/user/ros2_ws/install/robotiq_85_msgs/include/robotiq_85_msgs/robotiq_85_msgs/msg/detail/gripper_cmd__struct.hpp
[7.386s] -- Up-to-date: /home/user/ros2_ws/install/robotiq_85_msgs/include/robotiq_85_msgs/robotiq_85_msgs/msg/detail/gripper_stat__struct.hpp
[7.386s] -- Up-to-date: /home/user/ros2_ws/install/robotiq_85_msgs/include/robotiq_85_msgs/robotiq_85_msgs/msg/detail/gripper_stat__traits.hpp
[7.387s] -- Up-to-date: /home/user/ros2_ws/install/robotiq_85_msgs/include/robotiq_85_msgs/robotiq_85_msgs/msg/detail/gripper_cmd__builder.hpp
[7.387s] -- Up-to-date: /home/user/ros2_ws/install/robotiq_85_msgs/include/robotiq_85_msgs/robotiq_85_msgs/msg/detail/gripper_stat__builder.hpp
[7.387s] -- Up-to-date: /home/user/ros2_ws/install/robotiq_85_msgs/include/robotiq_85_msgs/robotiq_85_msgs/msg/detail/gripper_cmd__traits.hpp
[7.387s] -- Up-to-date: /home/user/ros2_ws/install/robotiq_85_msgs/include/robotiq_85_msgs/robotiq_85_msgs/msg/gripper_cmd.hpp
[7.387s] -- Up-to-date: /home/user/ros2_ws/install/robotiq_85_msgs/include/robotiq_85_msgs/robotiq_85_msgs/msg/gripper_stat.hpp
[7.388s] -- Up-to-date: /home/user/ros2_ws/install/robotiq_85_msgs/include/robotiq_85_msgs/robotiq_85_msgs
[7.388s] -- Up-to-date: /home/user/ros2_ws/install/robotiq_85_msgs/include/robotiq_85_msgs/robotiq_85_msgs/msg
[7.388s] -- Up-to-date: /home/user/ros2_ws/install/robotiq_85_msgs/include/robotiq_85_msgs/robotiq_85_msgs/msg/detail
[7.388s] -- Up-to-date: /home/user/ros2_ws/install/robotiq_85_msgs/include/robotiq_85_msgs/robotiq_85_msgs/msg/detail/gripper_stat__rosidl_typesupport_fastrtps_cpp.hpp
[7.396s] -- Up-to-date: /home/user/ros2_ws/install/robotiq_85_msgs/include/robotiq_85_msgs/robotiq_85_msgs/msg/detail/dds_fastrtps
[7.396s] -- Up-to-date: /home/user/ros2_ws/install/robotiq_85_msgs/include/robotiq_85_msgs/robotiq_85_msgs/msg/detail/gripper_cmd__rosidl_typesupport_fastrtps_cpp.hpp
[7.397s] -- Up-to-date: /home/user/ros2_ws/install/robotiq_85_msgs/include/robotiq_85_msgs/robotiq_85_msgs/msg/rosidl_typesupport_fastrtps_cpp__visibility_control.h
[7.397s] -- Up-to-date: /home/user/ros2_ws/install/robotiq_85_msgs/lib/librobotiq_85_msgs__rosidl_typesupport_fastrtps_cpp.so
[7.397s] -- Up-to-date: /home/user/ros2_ws/install/robotiq_85_msgs/include/robotiq_85_msgs/robotiq_85_msgs
[7.397s] -- Up-to-date: /home/user/ros2_ws/install/robotiq_85_msgs/include/robotiq_85_msgs/robotiq_85_msgs/msg
[7.397s] -- Up-to-date: /home/user/ros2_ws/install/robotiq_85_msgs/include/robotiq_85_msgs/robotiq_85_msgs/msg/detail
[7.398s] -- Up-to-date: /home/user/ros2_ws/install/robotiq_85_msgs/include/robotiq_85_msgs/robotiq_85_msgs/msg/detail/gripper_cmd__type_support.c
[7.398s] -- Up-to-date: /home/user/ros2_ws/install/robotiq_85_msgs/include/robotiq_85_msgs/robotiq_85_msgs/msg/detail/gripper_stat__rosidl_typesupport_introspection_c.h
[7.398s] -- Up-to-date: /home/user/ros2_ws/install/robotiq_85_msgs/include/robotiq_85_msgs/robotiq_85_msgs/msg/detail/gripper_cmd__rosidl_typesupport_introspection_c.h
[7.398s] -- Up-to-date: /home/user/ros2_ws/install/robotiq_85_msgs/include/robotiq_85_msgs/robotiq_85_msgs/msg/detail/gripper_stat__type_support.c
[7.398s] -- Up-to-date: /home/user/ros2_ws/install/robotiq_85_msgs/include/robotiq_85_msgs/robotiq_85_msgs/msg/rosidl_typesupport_introspection_c__visibility_control.h
[7.399s] -- Up-to-date: /home/user/ros2_ws/install/robotiq_85_msgs/lib/librobotiq_85_msgs__rosidl_typesupport_introspection_c.so
[7.399s] -- Up-to-date: /home/user/ros2_ws/install/robotiq_85_msgs/lib/librobotiq_85_msgs__rosidl_typesupport_c.so
[7.399s] -- Up-to-date: /home/user/ros2_ws/install/robotiq_85_msgs/include/robotiq_85_msgs/robotiq_85_msgs
[7.399s] -- Up-to-date: /home/user/ros2_ws/install/robotiq_85_msgs/include/robotiq_85_msgs/robotiq_85_msgs/msg
[7.399s] -- Up-to-date: /home/user/ros2_ws/install/robotiq_85_msgs/include/robotiq_85_msgs/robotiq_85_msgs/msg/detail
[7.399s] -- Up-to-date: /home/user/ros2_ws/install/robotiq_85_msgs/include/robotiq_85_msgs/robotiq_85_msgs/msg/detail/gripper_cmd__rosidl_typesupport_introspection_cpp.hpp
[7.400s] -- Up-to-date: /home/user/ros2_ws/install/robotiq_85_msgs/include/robotiq_85_msgs/robotiq_85_msgs/msg/detail/gripper_stat__rosidl_typesupport_introspection_cpp.hpp
[7.400s] -- Up-to-date: /home/user/ros2_ws/install/robotiq_85_msgs/include/robotiq_85_msgs/robotiq_85_msgs/msg/detail/gripper_stat__type_support.cpp
[7.400s] -- Up-to-date: /home/user/ros2_ws/install/robotiq_85_msgs/include/robotiq_85_msgs/robotiq_85_msgs/msg/detail/gripper_cmd__type_support.cpp
[7.400s] -- Up-to-date: /home/user/ros2_ws/install/robotiq_85_msgs/lib/librobotiq_85_msgs__rosidl_typesupport_introspection_cpp.so
[7.400s] -- Up-to-date: /home/user/ros2_ws/install/robotiq_85_msgs/lib/librobotiq_85_msgs__rosidl_typesupport_cpp.so
[7.400s] -- Up-to-date: /home/user/ros2_ws/install/robotiq_85_msgs/share/ament_index/resource_index/rust_packages/robotiq_85_msgs
[7.401s] -- Up-to-date: /home/user/ros2_ws/install/robotiq_85_msgs/share/robotiq_85_msgs/rust
[7.401s] -- Installing: /home/user/ros2_ws/install/robotiq_85_msgs/share/robotiq_85_msgs/rust/Cargo.toml
[7.401s] -- Up-to-date: /home/user/ros2_ws/install/robotiq_85_msgs/share/robotiq_85_msgs/rust/src
[7.401s] -- Installing: /home/user/ros2_ws/install/robotiq_85_msgs/share/robotiq_85_msgs/rust/src/msg.rs
[7.401s] -- Installing: /home/user/ros2_ws/install/robotiq_85_msgs/share/robotiq_85_msgs/rust/src/lib.rs
[7.402s] -- Installing: /home/user/ros2_ws/install/robotiq_85_msgs/share/robotiq_85_msgs/rust/build.rs
[7.402s] -- Up-to-date: /home/user/ros2_ws/install/robotiq_85_msgs/share/robotiq_85_msgs/rust
[7.402s] -- Up-to-date: /home/user/ros2_ws/install/robotiq_85_msgs/share/robotiq_85_msgs/rust/Cargo.toml
[7.402s] -- Up-to-date: /home/user/ros2_ws/install/robotiq_85_msgs/share/robotiq_85_msgs/rust/src
[7.403s] -- Up-to-date: /home/user/ros2_ws/install/robotiq_85_msgs/share/robotiq_85_msgs/rust/src/msg.rs
[7.403s] -- Up-to-date: /home/user/ros2_ws/install/robotiq_85_msgs/share/robotiq_85_msgs/rust/src/lib.rs
[7.403s] -- Up-to-date: /home/user/ros2_ws/install/robotiq_85_msgs/share/robotiq_85_msgs/rust/build.rs
[7.403s] -- Up-to-date: /home/user/ros2_ws/install/robotiq_85_msgs/share/robotiq_85_msgs/rust
[7.405s] -- Up-to-date: /home/user/ros2_ws/install/robotiq_85_msgs/share/robotiq_85_msgs/rust/Cargo.toml
[7.405s] -- Up-to-date: /home/user/ros2_ws/install/robotiq_85_msgs/share/robotiq_85_msgs/rust/src
[7.405s] -- Up-to-date: /home/user/ros2_ws/install/robotiq_85_msgs/share/robotiq_85_msgs/rust/src/msg.rs
[7.405s] -- Up-to-date: /home/user/ros2_ws/install/robotiq_85_msgs/share/robotiq_85_msgs/rust/src/lib.rs
[7.406s] -- Up-to-date: /home/user/ros2_ws/install/robotiq_85_msgs/share/robotiq_85_msgs/rust/build.rs
[7.406s] -- Up-to-date: /home/user/ros2_ws/install/robotiq_85_msgs/share/robotiq_85_msgs/environment/pythonpath.sh
[7.406s] -- Up-to-date: /home/user/ros2_ws/install/robotiq_85_msgs/share/robotiq_85_msgs/environment/pythonpath.dsv
[7.406s] -- Up-to-date: /home/user/ros2_ws/install/robotiq_85_msgs/local/lib/python3.10/dist-packages/robotiq_85_msgs-1.0.1-py3.10.egg-info
[7.406s] -- Installing: /home/user/ros2_ws/install/robotiq_85_msgs/local/lib/python3.10/dist-packages/robotiq_85_msgs-1.0.1-py3.10.egg-info/PKG-INFO
[7.407s] -- Installing: /home/user/ros2_ws/install/robotiq_85_msgs/local/lib/python3.10/dist-packages/robotiq_85_msgs-1.0.1-py3.10.egg-info/top_level.txt
[7.407s] -- Installing: /home/user/ros2_ws/install/robotiq_85_msgs/local/lib/python3.10/dist-packages/robotiq_85_msgs-1.0.1-py3.10.egg-info/SOURCES.txt
[7.407s] -- Installing: /home/user/ros2_ws/install/robotiq_85_msgs/local/lib/python3.10/dist-packages/robotiq_85_msgs-1.0.1-py3.10.egg-info/dependency_links.txt
[7.407s] -- Up-to-date: /home/user/ros2_ws/install/robotiq_85_msgs/local/lib/python3.10/dist-packages/robotiq_85_msgs
[7.408s] -- Up-to-date: /home/user/ros2_ws/install/robotiq_85_msgs/local/lib/python3.10/dist-packages/robotiq_85_msgs/_robotiq_85_msgs_s.ep.rosidl_typesupport_introspection_c.c
[7.408s] -- Up-to-date: /home/user/ros2_ws/install/robotiq_85_msgs/local/lib/python3.10/dist-packages/robotiq_85_msgs/msg
[7.408s] -- Up-to-date: /home/user/ros2_ws/install/robotiq_85_msgs/local/lib/python3.10/dist-packages/robotiq_85_msgs/msg/_gripper_stat_s.c
[7.408s] -- Up-to-date: /home/user/ros2_ws/install/robotiq_85_msgs/local/lib/python3.10/dist-packages/robotiq_85_msgs/msg/_gripper_cmd.py
[7.408s] -- Up-to-date: /home/user/ros2_ws/install/robotiq_85_msgs/local/lib/python3.10/dist-packages/robotiq_85_msgs/msg/__init__.py
[7.409s] -- Up-to-date: /home/user/ros2_ws/install/robotiq_85_msgs/local/lib/python3.10/dist-packages/robotiq_85_msgs/msg/_gripper_cmd_s.c
[7.409s] -- Up-to-date: /home/user/ros2_ws/install/robotiq_85_msgs/local/lib/python3.10/dist-packages/robotiq_85_msgs/msg/_gripper_stat.py
[7.409s] -- Up-to-date: /home/user/ros2_ws/install/robotiq_85_msgs/local/lib/python3.10/dist-packages/robotiq_85_msgs/__init__.py
[7.409s] -- Up-to-date: /home/user/ros2_ws/install/robotiq_85_msgs/local/lib/python3.10/dist-packages/robotiq_85_msgs/robotiq_85_msgs_s__rosidl_typesupport_c.cpython-310-x86_64-linux-gnu.so
[7.410s] -- Up-to-date: /home/user/ros2_ws/install/robotiq_85_msgs/local/lib/python3.10/dist-packages/robotiq_85_msgs/librobotiq_85_msgs__rosidl_generator_py.so
[7.410s] -- Up-to-date: /home/user/ros2_ws/install/robotiq_85_msgs/local/lib/python3.10/dist-packages/robotiq_85_msgs/_robotiq_85_msgs_s.ep.rosidl_typesupport_fastrtps_c.c
[7.410s] -- Up-to-date: /home/user/ros2_ws/install/robotiq_85_msgs/local/lib/python3.10/dist-packages/robotiq_85_msgs/_robotiq_85_msgs_s.ep.rosidl_typesupport_c.c
[7.410s] -- Up-to-date: /home/user/ros2_ws/install/robotiq_85_msgs/local/lib/python3.10/dist-packages/robotiq_85_msgs/robotiq_85_msgs_s__rosidl_typesupport_fastrtps_c.cpython-310-x86_64-linux-gnu.so
[7.410s] -- Up-to-date: /home/user/ros2_ws/install/robotiq_85_msgs/local/lib/python3.10/dist-packages/robotiq_85_msgs/robotiq_85_msgs_s__rosidl_typesupport_introspection_c.cpython-310-x86_64-linux-gnu.so
[7.493s] Listing '/home/user/ros2_ws/install/robotiq_85_msgs/local/lib/python3.10/dist-packages/robotiq_85_msgs'...
[7.493s] Listing '/home/user/ros2_ws/install/robotiq_85_msgs/local/lib/python3.10/dist-packages/robotiq_85_msgs/msg'...
[7.500s] -- Up-to-date: /home/user/ros2_ws/install/robotiq_85_msgs/local/lib/python3.10/dist-packages/robotiq_85_msgs/robotiq_85_msgs_s__rosidl_typesupport_fastrtps_c.cpython-310-x86_64-linux-gnu.so
[7.500s] -- Up-to-date: /home/user/ros2_ws/install/robotiq_85_msgs/local/lib/python3.10/dist-packages/robotiq_85_msgs/robotiq_85_msgs_s__rosidl_typesupport_introspection_c.cpython-310-x86_64-linux-gnu.so
[7.501s] -- Up-to-date: /home/user/ros2_ws/install/robotiq_85_msgs/local/lib/python3.10/dist-packages/robotiq_85_msgs/robotiq_85_msgs_s__rosidl_typesupport_c.cpython-310-x86_64-linux-gnu.so
[7.501s] -- Up-to-date: /home/user/ros2_ws/install/robotiq_85_msgs/lib/librobotiq_85_msgs__rosidl_generator_py.so
[7.502s] -- Up-to-date: /home/user/ros2_ws/install/robotiq_85_msgs/share/robotiq_85_msgs/msg/GripperCmd.idl
[7.502s] -- Up-to-date: /home/user/ros2_ws/install/robotiq_85_msgs/share/robotiq_85_msgs/msg/GripperStat.idl
[7.503s] -- Up-to-date: /home/user/ros2_ws/install/robotiq_85_msgs/share/robotiq_85_msgs/msg/GripperCmd.msg
[7.503s] -- Up-to-date: /home/user/ros2_ws/install/robotiq_85_msgs/share/robotiq_85_msgs/msg/GripperStat.msg
[7.503s] -- Up-to-date: /home/user/ros2_ws/install/robotiq_85_msgs/share/ament_index/resource_index/package_run_dependencies/robotiq_85_msgs
[7.503s] -- Up-to-date: /home/user/ros2_ws/install/robotiq_85_msgs/share/ament_index/resource_index/parent_prefix_path/robotiq_85_msgs
[7.504s] -- Up-to-date: /home/user/ros2_ws/install/robotiq_85_msgs/share/robotiq_85_msgs/environment/ament_prefix_path.sh
[7.504s] -- Up-to-date: /home/user/ros2_ws/install/robotiq_85_msgs/share/robotiq_85_msgs/environment/ament_prefix_path.dsv
[7.505s] -- Up-to-date: /home/user/ros2_ws/install/robotiq_85_msgs/share/robotiq_85_msgs/environment/path.sh
[7.505s] -- Up-to-date: /home/user/ros2_ws/install/robotiq_85_msgs/share/robotiq_85_msgs/environment/path.dsv
[7.505s] -- Up-to-date: /home/user/ros2_ws/install/robotiq_85_msgs/share/robotiq_85_msgs/local_setup.bash
[7.506s] -- Up-to-date: /home/user/ros2_ws/install/robotiq_85_msgs/share/robotiq_85_msgs/local_setup.sh
[7.506s] -- Up-to-date: /home/user/ros2_ws/install/robotiq_85_msgs/share/robotiq_85_msgs/local_setup.zsh
[7.506s] -- Up-to-date: /home/user/ros2_ws/install/robotiq_85_msgs/share/robotiq_85_msgs/local_setup.dsv
[7.506s] -- Installing: /home/user/ros2_ws/install/robotiq_85_msgs/share/robotiq_85_msgs/package.dsv
[7.507s] -- Up-to-date: /home/user/ros2_ws/install/robotiq_85_msgs/share/ament_index/resource_index/packages/robotiq_85_msgs
[7.507s] -- Up-to-date: /home/user/ros2_ws/install/robotiq_85_msgs/share/robotiq_85_msgs/cmake/export_robotiq_85_msgs__rosidl_generator_cExport.cmake
[7.507s] -- Up-to-date: /home/user/ros2_ws/install/robotiq_85_msgs/share/robotiq_85_msgs/cmake/export_robotiq_85_msgs__rosidl_generator_cExport-noconfig.cmake
[7.508s] -- Up-to-date: /home/user/ros2_ws/install/robotiq_85_msgs/share/robotiq_85_msgs/cmake/export_robotiq_85_msgs__rosidl_typesupport_fastrtps_cExport.cmake
[7.508s] -- Up-to-date: /home/user/ros2_ws/install/robotiq_85_msgs/share/robotiq_85_msgs/cmake/export_robotiq_85_msgs__rosidl_typesupport_fastrtps_cExport-noconfig.cmake
[7.509s] -- Up-to-date: /home/user/ros2_ws/install/robotiq_85_msgs/share/robotiq_85_msgs/cmake/export_robotiq_85_msgs__rosidl_generator_cppExport.cmake
[7.509s] -- Up-to-date: /home/user/ros2_ws/install/robotiq_85_msgs/share/robotiq_85_msgs/cmake/export_robotiq_85_msgs__rosidl_typesupport_fastrtps_cppExport.cmake
[7.509s] -- Up-to-date: /home/user/ros2_ws/install/robotiq_85_msgs/share/robotiq_85_msgs/cmake/export_robotiq_85_msgs__rosidl_typesupport_fastrtps_cppExport-noconfig.cmake
[7.509s] -- Up-to-date: /home/user/ros2_ws/install/robotiq_85_msgs/share/robotiq_85_msgs/cmake/robotiq_85_msgs__rosidl_typesupport_introspection_cExport.cmake
[7.509s] -- Up-to-date: /home/user/ros2_ws/install/robotiq_85_msgs/share/robotiq_85_msgs/cmake/robotiq_85_msgs__rosidl_typesupport_introspection_cExport-noconfig.cmake
[7.510s] -- Up-to-date: /home/user/ros2_ws/install/robotiq_85_msgs/share/robotiq_85_msgs/cmake/robotiq_85_msgs__rosidl_typesupport_cExport.cmake
[7.510s] -- Up-to-date: /home/user/ros2_ws/install/robotiq_85_msgs/share/robotiq_85_msgs/cmake/robotiq_85_msgs__rosidl_typesupport_cExport-noconfig.cmake
[7.510s] -- Up-to-date: /home/user/ros2_ws/install/robotiq_85_msgs/share/robotiq_85_msgs/cmake/robotiq_85_msgs__rosidl_typesupport_introspection_cppExport.cmake
[7.510s] -- Up-to-date: /home/user/ros2_ws/install/robotiq_85_msgs/share/robotiq_85_msgs/cmake/robotiq_85_msgs__rosidl_typesupport_introspection_cppExport-noconfig.cmake
[7.527s] -- Up-to-date: /home/user/ros2_ws/install/robotiq_85_msgs/share/robotiq_85_msgs/cmake/robotiq_85_msgs__rosidl_typesupport_cppExport.cmake
[7.527s] -- Up-to-date: /home/user/ros2_ws/install/robotiq_85_msgs/share/robotiq_85_msgs/cmake/robotiq_85_msgs__rosidl_typesupport_cppExport-noconfig.cmake
[7.527s] -- Up-to-date: /home/user/ros2_ws/install/robotiq_85_msgs/share/robotiq_85_msgs/cmake/export_robotiq_85_msgs__rosidl_generator_pyExport.cmake
[7.528s] -- Up-to-date: /home/user/ros2_ws/install/robotiq_85_msgs/share/robotiq_85_msgs/cmake/export_robotiq_85_msgs__rosidl_generator_pyExport-noconfig.cmake
[7.528s] -- Up-to-date: /home/user/ros2_ws/install/robotiq_85_msgs/share/robotiq_85_msgs/cmake/rosidl_cmake-extras.cmake
[7.528s] -- Up-to-date: /home/user/ros2_ws/install/robotiq_85_msgs/share/robotiq_85_msgs/cmake/ament_cmake_export_dependencies-extras.cmake
[7.528s] -- Up-to-date: /home/user/ros2_ws/install/robotiq_85_msgs/share/robotiq_85_msgs/cmake/ament_cmake_export_include_directories-extras.cmake
[7.528s] -- Up-to-date: /home/user/ros2_ws/install/robotiq_85_msgs/share/robotiq_85_msgs/cmake/ament_cmake_export_libraries-extras.cmake
[7.528s] -- Up-to-date: /home/user/ros2_ws/install/robotiq_85_msgs/share/robotiq_85_msgs/cmake/ament_cmake_export_targets-extras.cmake
[7.529s] -- Up-to-date: /home/user/ros2_ws/install/robotiq_85_msgs/share/robotiq_85_msgs/cmake/rosidl_cmake_export_typesupport_targets-extras.cmake
[7.529s] -- Up-to-date: /home/user/ros2_ws/install/robotiq_85_msgs/share/robotiq_85_msgs/cmake/rosidl_cmake_export_typesupport_libraries-extras.cmake
[7.529s] -- Up-to-date: /home/user/ros2_ws/install/robotiq_85_msgs/share/robotiq_85_msgs/cmake/robotiq_85_msgsConfig.cmake
[7.529s] -- Up-to-date: /home/user/ros2_ws/install/robotiq_85_msgs/share/robotiq_85_msgs/cmake/robotiq_85_msgsConfig-version.cmake
[7.530s] -- Up-to-date: /home/user/ros2_ws/install/robotiq_85_msgs/share/robotiq_85_msgs/package.xml
[7.530s] Invoked command in '/home/user/ros2_ws/build/robotiq_85_msgs' returned '0': CMAKE_PREFIX_PATH=${CMAKE_PREFIX_PATH}:/home/simulations/ros2_sims_ws/install/rclrs_tests:/home/simulations/ros2_sims_ws/install/examples_rclrs_minimal_client_service:/home/simulations/ros2_sims_ws/install/sensor_msgs_py:/home/simulations/ros2_sims_ws/install/examples_rclrs_minimal_pub_sub:/home/simulations/ros2_sims_ws/install/examples_rclrs_message_demo:/home/simulations/ros2_sims_ws/install/rclrs:/home/simulations/ros2_sims_ws/install/rosidl_runtime_rs:/home/user/ros2_ws/install/ros2test:/home/user/ros2_ws/install/robotiq_85_driver:/home/user/ros2_ws/install/moveit_configs_utils:/opt/ros/humble _=/usr/bin/env /usr/bin/cmake --install /home/user/ros2_ws/build/robotiq_85_msgs
