[01m[K/home/steven/ros2_ws/src/first_stage/src/first_stage_endeffector/src/first_stage_endeffector.cpp:91:53:[m[K [01;31m[Kerror: [m[K‘[01m[KInt8[m[K’ in namespace ‘[01m[Kstd_msgs::msg[m[K’ does not name a type
   91 |   void orientationTypeCallback(const std_msgs::msg::[01;31m[KInt8[m[K::SharedPtr msg)
      |                                                     [01;31m[K^~~~[m[K
[01m[K/home/steven/ros2_ws/src/first_stage/src/first_stage_endeffector/src/first_stage_endeffector.cpp:91:69:[m[K [01;31m[Kerror: [m[Kexpected unqualified-id before ‘[01m[Kmsg[m[K’
   91 |   void orientationTypeCallback(const std_msgs::msg::Int8::SharedPtr [01;31m[Kmsg[m[K)
      |                                                                     [01;31m[K^~~[m[K
[01m[K/home/steven/ros2_ws/src/first_stage/src/first_stage_endeffector/src/first_stage_endeffector.cpp:91:68:[m[K [01;31m[Kerror: [m[Kexpected ‘[01m[K)[m[K’ before ‘[01m[Kmsg[m[K’
   91 |   void orientationTypeCallback[34m[K([m[Kconst std_msgs::msg::Int8::SharedPtr[01;31m[K [m[K[32m[Kmsg[m[K)
      |                               [34m[K~[m[K                                    [01;31m[K^[m[K[32m[K~~~[m[K
      |                                                                    [32m[K)[m[K
[01m[K/home/steven/ros2_ws/src/first_stage/src/first_stage_endeffector/src/first_stage_endeffector.cpp:91:59:[m[K [01;31m[Kerror: [m[Kexpected ‘[01m[K;[m[K’ at end of member declaration
   91 |   void orientationTypeCallback(const std_msgs::msg::Int8::[01;31m[KSharedPtr[m[K msg)
      |                                                           [01;31m[K^~~~~~~~~[m[K
      |                                                                    [32m[K;[m[K
[01m[K/home/steven/ros2_ws/src/first_stage/src/first_stage_endeffector/src/first_stage_endeffector.cpp:91:69:[m[K [01;31m[Kerror: [m[K‘[01m[Kmsg[m[K’ does not name a type
   91 |   void orientationTypeCallback(const std_msgs::msg::Int8::SharedPtr [01;31m[Kmsg[m[K)
      |                                                                     [01;31m[K^~~[m[K
[01m[K/home/steven/ros2_ws/src/first_stage/src/first_stage_endeffector/src/first_stage_endeffector.cpp:252:39:[m[K [01;31m[Kerror: [m[K‘[01m[KInt8[m[K’ is not a member of ‘[01m[Kstd_msgs::msg[m[K’
  252 |   rclcpp::Subscription<std_msgs::msg::[01;31m[KInt8[m[K>::SharedPtr orientation_type_subscription;
      |                                       [01;31m[K^~~~[m[K
[01m[K/home/steven/ros2_ws/src/first_stage/src/first_stage_endeffector/src/first_stage_endeffector.cpp:252:43:[m[K [01;31m[Kerror: [m[Ktemplate argument 1 is invalid
  252 |   rclcpp::Subscription<std_msgs::msg::Int8[01;31m[K>[m[K::SharedPtr orientation_type_subscription;
      |                                           [01;31m[K^[m[K
[01m[K/home/steven/ros2_ws/src/first_stage/src/first_stage_endeffector/src/first_stage_endeffector.cpp:252:43:[m[K [01;31m[Kerror: [m[Ktemplate argument 3 is invalid
[01m[K/home/steven/ros2_ws/src/first_stage/src/first_stage_endeffector/src/first_stage_endeffector.cpp:252:43:[m[K [01;31m[Kerror: [m[Ktemplate argument 4 is invalid
[01m[K/home/steven/ros2_ws/src/first_stage/src/first_stage_endeffector/src/first_stage_endeffector.cpp:252:43:[m[K [01;31m[Kerror: [m[Ktemplate argument 5 is invalid
[01m[K/home/steven/ros2_ws/src/first_stage/src/first_stage_endeffector/src/first_stage_endeffector.cpp:252:46:[m[K [01;31m[Kerror: [m[Kexpected ‘[01m[K;[m[K’ at end of member declaration
  252 |   rclcpp::Subscription<std_msgs::msg::Int8>::[01;31m[KSharedPtr[m[K orientation_type_subscription;
      |                                              [01;31m[K^~~~~~~~~[m[K
      |                                                       [32m[K;[m[K
[01m[K/home/steven/ros2_ws/src/first_stage/src/first_stage_endeffector/src/first_stage_endeffector.cpp:252:56:[m[K [01;31m[Kerror: [m[K‘[01m[Korientation_type_subscription[m[K’ does not name a type
  252 |   rclcpp::Subscription<std_msgs::msg::Int8>::SharedPtr [01;31m[Korientation_type_subscription[m[K;
      |                                                        [01;31m[K^~~~~~~~~~~~~~~~~~~~~~~~~~~~~[m[K
[01m[K/home/steven/ros2_ws/src/first_stage/src/first_stage_endeffector/src/first_stage_endeffector.cpp:[m[K In constructor ‘[01m[KRobotController::RobotController()[m[K’:
[01m[K/home/steven/ros2_ws/src/first_stage/src/first_stage_endeffector/src/first_stage_endeffector.cpp:28:5:[m[K [01;31m[Kerror: [m[K‘[01m[Korientation_type_subscription[m[K’ was not declared in this scope; did you mean ‘[01m[Korientation_subscription[m[K’?
   28 |     [01;31m[Korientation_type_subscription[m[K = this->create_subscription<std_msgs::msg::Int8>(
      |     [01;31m[K^~~~~~~~~~~~~~~~~~~~~~~~~~~~~[m[K
      |     [32m[Korientation_subscription[m[K
[01m[K/home/steven/ros2_ws/src/first_stage/src/first_stage_endeffector/src/first_stage_endeffector.cpp:28:78:[m[K [01;31m[Kerror: [m[K‘[01m[KInt8[m[K’ is not a member of ‘[01m[Kstd_msgs::msg[m[K’
   28 |     orientation_type_subscription = this->create_subscription<std_msgs::msg::[01;31m[KInt8[m[K>(
      |                                                                              [01;31m[K^~~~[m[K
[01m[K/home/steven/ros2_ws/src/first_stage/src/first_stage_endeffector/src/first_stage_endeffector.cpp:28:83:[m[K [01;31m[Kerror: [m[Kno matching function for call to ‘[01m[KRobotController::create_subscription<<expression error> >(const char [23], int, std::_Bind_helper<false, void (RobotController::*)(...), RobotController*, const std::_Placeholder<1>&>::type)[m[K’
   28 |     orientation_type_subscription = [01;31m[Kthis->create_subscription<std_msgs::msg::Int8>([m[K
      |                                     [01;31m[K~~~~~~~~~~~~~~~~~~~~~~~~~~~~~~~~~~~~~~~~~~~~~~^[m[K
   29 | [01;31m[K      "/lego_orientation_type", 10,[m[K
      |       [01;31m[K~~~~~~~~~~~~~~~~~~~~~~~~~~~~~[m[K                                                
   30 | [01;31m[K      std::bind(&RobotController::orientationTypeCallback, this, std::placeholders::_1))[m[K;
      |       [01;31m[K~~~~~~~~~~~~~~~~~~~~~~~~~~~~~~~~~~~~~~~~~~~~~~~~~~~~~~~~~~~~~~~~~~~~~~~~~~~~~~~~~~[m[K
In file included from [01m[K/opt/ros/humble/include/rclcpp/rclcpp/node.hpp:1321[m[K,
                 from [01m[K/opt/ros/humble/include/rclcpp/rclcpp/executors/single_threaded_executor.hpp:28[m[K,
                 from [01m[K/opt/ros/humble/include/rclcpp/rclcpp/executors.hpp:22[m[K,
                 from [01m[K/opt/ros/humble/include/rclcpp/rclcpp/rclcpp.hpp:155[m[K,
                 from [01m[K/home/steven/ros2_ws/src/first_stage/src/first_stage_endeffector/src/first_stage_endeffector.cpp:1[m[K:
[01m[K/opt/ros/humble/include/rclcpp/rclcpp/node_impl.hpp:92:1:[m[K [01;36m[Knote: [m[Kcandidate: ‘[01m[Ktemplate<class MessageT, class CallbackT, class AllocatorT, class SubscriptionT, class MessageMemoryStrategyT> std::shared_ptr<ROSMessageT> rclcpp::Node::create_subscription(const string&, const rclcpp::QoS&, CallbackT&&, const rclcpp::SubscriptionOptionsWithAllocator<AllocatorT>&, typename MessageMemoryStrategyT::SharedPtr)[m[K’
   92 | [01;36m[KNode[m[K::create_subscription(
      | [01;36m[K^~~~[m[K
[01m[K/opt/ros/humble/include/rclcpp/rclcpp/node_impl.hpp:92:1:[m[K [01;36m[Knote: [m[K  template argument deduction/substitution failed:
[01m[K/home/steven/ros2_ws/src/first_stage/src/first_stage_endeffector/src/first_stage_endeffector.cpp:28:83:[m[K [01;31m[Kerror: [m[Ktemplate argument 1 is invalid
   28 |     orientation_type_subscription = [01;31m[Kthis->create_subscription<std_msgs::msg::Int8>([m[K
      |                                     [01;31m[K~~~~~~~~~~~~~~~~~~~~~~~~~~~~~~~~~~~~~~~~~~~~~~^[m[K
   29 | [01;31m[K      "/lego_orientation_type", 10,[m[K
      |       [01;31m[K~~~~~~~~~~~~~~~~~~~~~~~~~~~~~[m[K                                                
   30 | [01;31m[K      std::bind(&RobotController::orientationTypeCallback, this, std::placeholders::_1))[m[K;
      |       [01;31m[K~~~~~~~~~~~~~~~~~~~~~~~~~~~~~~~~~~~~~~~~~~~~~~~~~~~~~~~~~~~~~~~~~~~~~~~~~~~~~~~~~~[m[K
gmake[2]: *** [CMakeFiles/first_stage_endeffector.dir/build.make:76：CMakeFiles/first_stage_endeffector.dir/src/first_stage_endeffector.cpp.o] 錯誤 1
gmake[1]: *** [CMakeFiles/Makefile2:137：CMakeFiles/first_stage_endeffector.dir/all] 錯誤 2
gmake: *** [Makefile:146：all] 錯誤 2
