running egg_info
writing build/yolov8_realsense/yolov8_realsense.egg-info/PKG-INFO
writing dependency_links to build/yolov8_realsense/yolov8_realsense.egg-info/dependency_links.txt
writing entry points to build/yolov8_realsense/yolov8_realsense.egg-info/entry_points.txt
writing requirements to build/yolov8_realsense/yolov8_realsense.egg-info/requires.txt
writing top-level names to build/yolov8_realsense/yolov8_realsense.egg-info/top_level.txt
reading manifest file 'build/yolov8_realsense/yolov8_realsense.egg-info/SOURCES.txt'
writing manifest file 'build/yolov8_realsense/yolov8_realsense.egg-info/SOURCES.txt'
running build
running build_py
copying yolov8_realsense/realsense_yolo.py -> /home/steven/ros2_ws/src/yolov8_realsense/build/yolov8_realsense/build/lib/yolov8_realsense
running install
running install_lib
copying /home/steven/ros2_ws/src/yolov8_realsense/build/yolov8_realsense/build/lib/yolov8_realsense/realsense_yolo.py -> /home/steven/ros2_ws/src/yolov8_realsense/install/yolov8_realsense/lib/python3.10/site-packages/yolov8_realsense
byte-compiling /home/steven/ros2_ws/src/yolov8_realsense/install/yolov8_realsense/lib/python3.10/site-packages/yolov8_realsense/realsense_yolo.py to realsense_yolo.cpython-310.pyc
running install_data
running install_egg_info
removing '/home/steven/ros2_ws/src/yolov8_realsense/install/yolov8_realsense/lib/python3.10/site-packages/yolov8_realsense-0.0.0-py3.10.egg-info' (and everything under it)
Copying build/yolov8_realsense/yolov8_realsense.egg-info to /home/steven/ros2_ws/src/yolov8_realsense/install/yolov8_realsense/lib/python3.10/site-packages/yolov8_realsense-0.0.0-py3.10.egg-info
running install_scripts
Installing realsense_yolo script to /home/steven/ros2_ws/src/yolov8_realsense/install/yolov8_realsense/lib/yolov8_realsense
writing list of installed files to '/home/steven/ros2_ws/src/yolov8_realsense/build/yolov8_realsense/install.log'
