[0.051s] DEBUG:colcon:Command line arguments: ['/usr/bin/colcon', 'build']
[0.051s] DEBUG:colcon:Parsed command line arguments: Namespace(log_base=None, log_level=None, verb_name='build', build_base='build', install_base='install', merge_install=False, symlink_install=False, test_result_base=None, continue_on_error=False, executor='parallel', parallel_workers=32, event_handlers=None, ignore_user_meta=False, metas=['./colcon.meta'], base_paths=['.'], packages_ignore=None, packages_ignore_regex=None, paths=None, packages_up_to=None, packages_up_to_regex=None, packages_above=None, packages_above_and_dependencies=None, packages_above_depth=None, packages_select_by_dep=None, packages_skip_by_dep=None, packages_skip_up_to=None, packages_select_build_failed=False, packages_skip_build_finished=False, packages_select_test_failures=False, packages_skip_test_passed=False, packages_select=None, packages_skip=None, packages_select_regex=None, packages_skip_regex=None, packages_start=None, packages_end=None, allow_overriding=[], cmake_args=None, cmake_target=None, cmake_target_skip_unavailable=False, cmake_clean_cache=False, cmake_clean_first=False, cmake_force_configure=False, ament_cmake_args=None, catkin_cmake_args=None, catkin_skip_building_tests=False, mixin_files=None, mixin=None, verb_parser=<colcon_mixin.mixin.mixin_argument.MixinArgumentDecorator object at 0x7f229af8cf70>, verb_extension=<colcon_core.verb.build.BuildVerb object at 0x7f229af8ca90>, main=<bound method BuildVerb.main of <colcon_core.verb.build.BuildVerb object at 0x7f229af8ca90>>, mixin_verb=('build',))
[0.128s] Level 1:colcon.colcon_core.package_discovery:discover_packages(colcon_meta) check parameters
[0.128s] Level 1:colcon.colcon_core.package_discovery:discover_packages(recursive) check parameters
[0.128s] Level 1:colcon.colcon_core.package_discovery:discover_packages(ignore) check parameters
[0.128s] Level 1:colcon.colcon_core.package_discovery:discover_packages(path) check parameters
[0.128s] Level 1:colcon.colcon_core.package_discovery:discover_packages(colcon_meta) discover
[0.128s] Level 1:colcon.colcon_core.package_discovery:discover_packages(recursive) discover
[0.128s] INFO:colcon.colcon_core.package_discovery:Crawling recursively for packages in '/home/steven/ros2_ws/src/first_stage'
[0.128s] Level 1:colcon.colcon_core.package_identification:_identify(.) by extensions ['ignore', 'ignore_ament_install']
[0.129s] Level 1:colcon.colcon_core.package_identification:_identify(.) by extension 'ignore'
[0.129s] Level 1:colcon.colcon_core.package_identification:_identify(.) by extension 'ignore_ament_install'
[0.129s] Level 1:colcon.colcon_core.package_identification:_identify(.) by extensions ['colcon_pkg']
[0.129s] Level 1:colcon.colcon_core.package_identification:_identify(.) by extension 'colcon_pkg'
[0.129s] Level 1:colcon.colcon_core.package_identification:_identify(.) by extensions ['colcon_meta']
[0.129s] Level 1:colcon.colcon_core.package_identification:_identify(.) by extension 'colcon_meta'
[0.129s] Level 1:colcon.colcon_core.package_identification:_identify(.) by extensions ['ros']
[0.129s] Level 1:colcon.colcon_core.package_identification:_identify(.) by extension 'ros'
[0.138s] Level 1:colcon.colcon_core.package_identification:_identify(.) by extensions ['cmake', 'python']
[0.138s] Level 1:colcon.colcon_core.package_identification:_identify(.) by extension 'cmake'
[0.138s] Level 1:colcon.colcon_core.package_identification:_identify(.) by extension 'python'
[0.138s] Level 1:colcon.colcon_core.package_identification:_identify(.) by extensions ['python_setup_py']
[0.138s] Level 1:colcon.colcon_core.package_identification:_identify(.) by extension 'python_setup_py'
[0.138s] Level 1:colcon.colcon_core.package_identification:_identify(build) by extensions ['ignore', 'ignore_ament_install']
[0.138s] Level 1:colcon.colcon_core.package_identification:_identify(build) by extension 'ignore'
[0.138s] Level 1:colcon.colcon_core.package_identification:_identify(build) ignored
[0.138s] Level 1:colcon.colcon_core.package_identification:_identify(install) by extensions ['ignore', 'ignore_ament_install']
[0.138s] Level 1:colcon.colcon_core.package_identification:_identify(install) by extension 'ignore'
[0.138s] Level 1:colcon.colcon_core.package_identification:_identify(install) ignored
[0.138s] Level 1:colcon.colcon_core.package_identification:_identify(log) by extensions ['ignore', 'ignore_ament_install']
[0.138s] Level 1:colcon.colcon_core.package_identification:_identify(log) by extension 'ignore'
[0.138s] Level 1:colcon.colcon_core.package_identification:_identify(log) ignored
[0.138s] Level 1:colcon.colcon_core.package_identification:_identify(src) by extensions ['ignore', 'ignore_ament_install']
[0.138s] Level 1:colcon.colcon_core.package_identification:_identify(src) by extension 'ignore'
[0.138s] Level 1:colcon.colcon_core.package_identification:_identify(src) by extension 'ignore_ament_install'
[0.139s] Level 1:colcon.colcon_core.package_identification:_identify(src) by extensions ['colcon_pkg']
[0.139s] Level 1:colcon.colcon_core.package_identification:_identify(src) by extension 'colcon_pkg'
[0.139s] Level 1:colcon.colcon_core.package_identification:_identify(src) by extensions ['colcon_meta']
[0.139s] Level 1:colcon.colcon_core.package_identification:_identify(src) by extension 'colcon_meta'
[0.139s] Level 1:colcon.colcon_core.package_identification:_identify(src) by extensions ['ros']
[0.139s] Level 1:colcon.colcon_core.package_identification:_identify(src) by extension 'ros'
[0.139s] Level 1:colcon.colcon_core.package_identification:_identify(src) by extensions ['cmake', 'python']
[0.139s] Level 1:colcon.colcon_core.package_identification:_identify(src) by extension 'cmake'
[0.139s] Level 1:colcon.colcon_core.package_identification:_identify(src) by extension 'python'
[0.139s] Level 1:colcon.colcon_core.package_identification:_identify(src) by extensions ['python_setup_py']
[0.139s] Level 1:colcon.colcon_core.package_identification:_identify(src) by extension 'python_setup_py'
[0.139s] Level 1:colcon.colcon_core.package_identification:_identify(src/first_stage_endeffector) by extensions ['ignore', 'ignore_ament_install']
[0.139s] Level 1:colcon.colcon_core.package_identification:_identify(src/first_stage_endeffector) by extension 'ignore'
[0.139s] Level 1:colcon.colcon_core.package_identification:_identify(src/first_stage_endeffector) by extension 'ignore_ament_install'
[0.139s] Level 1:colcon.colcon_core.package_identification:_identify(src/first_stage_endeffector) by extensions ['colcon_pkg']
[0.139s] Level 1:colcon.colcon_core.package_identification:_identify(src/first_stage_endeffector) by extension 'colcon_pkg'
[0.139s] Level 1:colcon.colcon_core.package_identification:_identify(src/first_stage_endeffector) by extensions ['colcon_meta']
[0.139s] Level 1:colcon.colcon_core.package_identification:_identify(src/first_stage_endeffector) by extension 'colcon_meta'
[0.139s] Level 1:colcon.colcon_core.package_identification:_identify(src/first_stage_endeffector) by extensions ['ros']
[0.139s] Level 1:colcon.colcon_core.package_identification:_identify(src/first_stage_endeffector) by extension 'ros'
[0.140s] DEBUG:colcon.colcon_core.package_identification:Package 'src/first_stage_endeffector' with type 'ros.ament_cmake' and name 'first_stage_endeffector'
[0.140s] Level 1:colcon.colcon_core.package_identification:_identify(src/first_stage_rg2) by extensions ['ignore', 'ignore_ament_install']
[0.140s] Level 1:colcon.colcon_core.package_identification:_identify(src/first_stage_rg2) by extension 'ignore'
[0.140s] Level 1:colcon.colcon_core.package_identification:_identify(src/first_stage_rg2) by extension 'ignore_ament_install'
[0.140s] Level 1:colcon.colcon_core.package_identification:_identify(src/first_stage_rg2) by extensions ['colcon_pkg']
[0.140s] Level 1:colcon.colcon_core.package_identification:_identify(src/first_stage_rg2) by extension 'colcon_pkg'
[0.140s] Level 1:colcon.colcon_core.package_identification:_identify(src/first_stage_rg2) by extensions ['colcon_meta']
[0.140s] Level 1:colcon.colcon_core.package_identification:_identify(src/first_stage_rg2) by extension 'colcon_meta'
[0.140s] Level 1:colcon.colcon_core.package_identification:_identify(src/first_stage_rg2) by extensions ['ros']
[0.140s] Level 1:colcon.colcon_core.package_identification:_identify(src/first_stage_rg2) by extension 'ros'
[0.140s] DEBUG:colcon.colcon_core.package_identification:Package 'src/first_stage_rg2' with type 'ros.ament_python' and name 'first_stage_rg2'
[0.140s] Level 1:colcon.colcon_core.package_discovery:discover_packages(recursive) using defaults
[0.140s] Level 1:colcon.colcon_core.package_discovery:discover_packages(ignore) discover
[0.140s] Level 1:colcon.colcon_core.package_discovery:discover_packages(ignore) using defaults
[0.140s] Level 1:colcon.colcon_core.package_discovery:discover_packages(path) discover
[0.140s] Level 1:colcon.colcon_core.package_discovery:discover_packages(path) using defaults
[0.149s] Level 1:colcon.colcon_core.package_discovery:discover_packages(prefix_path) check parameters
[0.149s] Level 1:colcon.colcon_core.package_discovery:discover_packages(prefix_path) discover
[0.150s] DEBUG:colcon.colcon_installed_package_information.package_discovery:Found 2 installed packages in /home/steven/ros2_ws/src/first_stage/install
[0.151s] DEBUG:colcon.colcon_installed_package_information.package_discovery:Found 55 installed packages in /home/steven/ws_moveit2/install
[0.151s] DEBUG:colcon.colcon_installed_package_information.package_discovery:Found 374 installed packages in /opt/ros/humble
[0.153s] Level 1:colcon.colcon_core.package_discovery:discover_packages(prefix_path) using defaults
[0.173s] Level 5:colcon.colcon_core.verb:set package 'first_stage_endeffector' build argument 'cmake_args' from command line to 'None'
[0.173s] Level 5:colcon.colcon_core.verb:set package 'first_stage_endeffector' build argument 'cmake_target' from command line to 'None'
[0.173s] Level 5:colcon.colcon_core.verb:set package 'first_stage_endeffector' build argument 'cmake_target_skip_unavailable' from command line to 'False'
[0.173s] Level 5:colcon.colcon_core.verb:set package 'first_stage_endeffector' build argument 'cmake_clean_cache' from command line to 'False'
[0.173s] Level 5:colcon.colcon_core.verb:set package 'first_stage_endeffector' build argument 'cmake_clean_first' from command line to 'False'
[0.173s] Level 5:colcon.colcon_core.verb:set package 'first_stage_endeffector' build argument 'cmake_force_configure' from command line to 'False'
[0.173s] Level 5:colcon.colcon_core.verb:set package 'first_stage_endeffector' build argument 'ament_cmake_args' from command line to 'None'
[0.173s] Level 5:colcon.colcon_core.verb:set package 'first_stage_endeffector' build argument 'catkin_cmake_args' from command line to 'None'
[0.173s] Level 5:colcon.colcon_core.verb:set package 'first_stage_endeffector' build argument 'catkin_skip_building_tests' from command line to 'False'
[0.173s] DEBUG:colcon.colcon_core.verb:Building package 'first_stage_endeffector' with the following arguments: {'ament_cmake_args': None, 'build_base': '/home/steven/ros2_ws/src/first_stage/build/first_stage_endeffector', 'catkin_cmake_args': None, 'catkin_skip_building_tests': False, 'cmake_args': None, 'cmake_clean_cache': False, 'cmake_clean_first': False, 'cmake_force_configure': False, 'cmake_target': None, 'cmake_target_skip_unavailable': False, 'install_base': '/home/steven/ros2_ws/src/first_stage/install/first_stage_endeffector', 'merge_install': False, 'path': '/home/steven/ros2_ws/src/first_stage/src/first_stage_endeffector', 'symlink_install': False, 'test_result_base': None}
[0.173s] Level 5:colcon.colcon_core.verb:set package 'first_stage_rg2' build argument 'cmake_args' from command line to 'None'
[0.173s] Level 5:colcon.colcon_core.verb:set package 'first_stage_rg2' build argument 'cmake_target' from command line to 'None'
[0.173s] Level 5:colcon.colcon_core.verb:set package 'first_stage_rg2' build argument 'cmake_target_skip_unavailable' from command line to 'False'
[0.173s] Level 5:colcon.colcon_core.verb:set package 'first_stage_rg2' build argument 'cmake_clean_cache' from command line to 'False'
[0.173s] Level 5:colcon.colcon_core.verb:set package 'first_stage_rg2' build argument 'cmake_clean_first' from command line to 'False'
[0.173s] Level 5:colcon.colcon_core.verb:set package 'first_stage_rg2' build argument 'cmake_force_configure' from command line to 'False'
[0.173s] Level 5:colcon.colcon_core.verb:set package 'first_stage_rg2' build argument 'ament_cmake_args' from command line to 'None'
[0.173s] Level 5:colcon.colcon_core.verb:set package 'first_stage_rg2' build argument 'catkin_cmake_args' from command line to 'None'
[0.173s] Level 5:colcon.colcon_core.verb:set package 'first_stage_rg2' build argument 'catkin_skip_building_tests' from command line to 'False'
[0.173s] DEBUG:colcon.colcon_core.verb:Building package 'first_stage_rg2' with the following arguments: {'ament_cmake_args': None, 'build_base': '/home/steven/ros2_ws/src/first_stage/build/first_stage_rg2', 'catkin_cmake_args': None, 'catkin_skip_building_tests': False, 'cmake_args': None, 'cmake_clean_cache': False, 'cmake_clean_first': False, 'cmake_force_configure': False, 'cmake_target': None, 'cmake_target_skip_unavailable': False, 'install_base': '/home/steven/ros2_ws/src/first_stage/install/first_stage_rg2', 'merge_install': False, 'path': '/home/steven/ros2_ws/src/first_stage/src/first_stage_rg2', 'symlink_install': False, 'test_result_base': None}
[0.173s] INFO:colcon.colcon_core.executor:Executing jobs using 'parallel' executor
[0.174s] DEBUG:colcon.colcon_parallel_executor.executor.parallel:run_until_complete
[0.174s] INFO:colcon.colcon_ros.task.ament_cmake.build:Building ROS package in '/home/steven/ros2_ws/src/first_stage/src/first_stage_endeffector' with build type 'ament_cmake'
[0.174s] INFO:colcon.colcon_cmake.task.cmake.build:Building CMake package in '/home/steven/ros2_ws/src/first_stage/src/first_stage_endeffector'
[0.175s] INFO:colcon.colcon_core.plugin_system:Skipping extension 'colcon_core.shell.bat': Not used on non-Windows systems
[0.175s] INFO:colcon.colcon_core.shell:Skip shell extension 'powershell' for command environment: Not usable outside of PowerShell
[0.175s] DEBUG:colcon.colcon_core.shell:Skip shell extension 'dsv' for command environment
[0.177s] INFO:colcon.colcon_ros.task.ament_python.build:Building ROS package in '/home/steven/ros2_ws/src/first_stage/src/first_stage_rg2' with build type 'ament_python'
[0.178s] Level 1:colcon.colcon_core.shell:create_environment_hook('first_stage_rg2', 'ament_prefix_path')
[0.178s] INFO:colcon.colcon_core.shell:Creating environment hook '/home/steven/ros2_ws/src/first_stage/install/first_stage_rg2/share/first_stage_rg2/hook/ament_prefix_path.ps1'
[0.178s] INFO:colcon.colcon_core.shell:Creating environment descriptor '/home/steven/ros2_ws/src/first_stage/install/first_stage_rg2/share/first_stage_rg2/hook/ament_prefix_path.dsv'
[0.178s] INFO:colcon.colcon_core.shell:Creating environment hook '/home/steven/ros2_ws/src/first_stage/install/first_stage_rg2/share/first_stage_rg2/hook/ament_prefix_path.sh'
[0.178s] INFO:colcon.colcon_core.shell:Skip shell extension 'powershell' for command environment: Not usable outside of PowerShell
[0.178s] DEBUG:colcon.colcon_core.shell:Skip shell extension 'dsv' for command environment
[0.183s] DEBUG:colcon.colcon_core.event_handler.log_command:Invoking command in '/home/steven/ros2_ws/src/first_stage/build/first_stage_endeffector': CMAKE_PREFIX_PATH=${CMAKE_PREFIX_PATH}:/home/steven/ros2_ws/src/first_stage/install/first_stage_rg2:/home/steven/ws_moveit2/install/moveit_configs_utils:/home/steven/ws_moveit2/install/launch_param_builder:/opt/ros/humble /usr/bin/cmake --build /home/steven/ros2_ws/src/first_stage/build/first_stage_endeffector -- -j32 -l32
[0.306s] INFO:colcon.colcon_core.task.python.build:Building Python package in '/home/steven/ros2_ws/src/first_stage/src/first_stage_rg2'
[0.306s] INFO:colcon.colcon_core.shell:Skip shell extension 'powershell' for command environment: Not usable outside of PowerShell
[0.306s] DEBUG:colcon.colcon_core.shell:Skip shell extension 'dsv' for command environment
[0.310s] DEBUG:colcon.colcon_core.event_handler.log_command:Invoked command in '/home/steven/ros2_ws/src/first_stage/build/first_stage_endeffector' returned '0': CMAKE_PREFIX_PATH=${CMAKE_PREFIX_PATH}:/home/steven/ros2_ws/src/first_stage/install/first_stage_rg2:/home/steven/ws_moveit2/install/moveit_configs_utils:/home/steven/ws_moveit2/install/launch_param_builder:/opt/ros/humble /usr/bin/cmake --build /home/steven/ros2_ws/src/first_stage/build/first_stage_endeffector -- -j32 -l32
[0.340s] DEBUG:colcon.colcon_core.event_handler.log_command:Invoking command in '/home/steven/ros2_ws/src/first_stage/build/first_stage_endeffector': CMAKE_PREFIX_PATH=${CMAKE_PREFIX_PATH}:/home/steven/ros2_ws/src/first_stage/install/first_stage_rg2:/home/steven/ws_moveit2/install/moveit_configs_utils:/home/steven/ws_moveit2/install/launch_param_builder:/opt/ros/humble /usr/bin/cmake --install /home/steven/ros2_ws/src/first_stage/build/first_stage_endeffector
[0.346s] Level 1:colcon.colcon_core.environment:create_environment_scripts_only(first_stage_endeffector)
[0.346s] DEBUG:colcon.colcon_core.event_handler.log_command:Invoked command in '/home/steven/ros2_ws/src/first_stage/build/first_stage_endeffector' returned '0': CMAKE_PREFIX_PATH=${CMAKE_PREFIX_PATH}:/home/steven/ros2_ws/src/first_stage/install/first_stage_rg2:/home/steven/ws_moveit2/install/moveit_configs_utils:/home/steven/ws_moveit2/install/launch_param_builder:/opt/ros/humble /usr/bin/cmake --install /home/steven/ros2_ws/src/first_stage/build/first_stage_endeffector
[0.347s] Level 1:colcon.colcon_core.environment:checking '/home/steven/ros2_ws/src/first_stage/install/first_stage_endeffector' for CMake module files
[0.347s] Level 1:colcon.colcon_core.environment:checking '/home/steven/ros2_ws/src/first_stage/install/first_stage_endeffector' for CMake config files
[0.347s] Level 1:colcon.colcon_core.shell:create_environment_hook('first_stage_endeffector', 'cmake_prefix_path')
[0.347s] INFO:colcon.colcon_core.shell:Creating environment hook '/home/steven/ros2_ws/src/first_stage/install/first_stage_endeffector/share/first_stage_endeffector/hook/cmake_prefix_path.ps1'
[0.348s] INFO:colcon.colcon_core.shell:Creating environment descriptor '/home/steven/ros2_ws/src/first_stage/install/first_stage_endeffector/share/first_stage_endeffector/hook/cmake_prefix_path.dsv'
[0.348s] INFO:colcon.colcon_core.shell:Creating environment hook '/home/steven/ros2_ws/src/first_stage/install/first_stage_endeffector/share/first_stage_endeffector/hook/cmake_prefix_path.sh'
[0.348s] Level 1:colcon.colcon_core.environment:checking '/home/steven/ros2_ws/src/first_stage/install/first_stage_endeffector/lib'
[0.348s] Level 1:colcon.colcon_core.environment:checking '/home/steven/ros2_ws/src/first_stage/install/first_stage_endeffector/bin'
[0.348s] Level 1:colcon.colcon_core.environment:checking '/home/steven/ros2_ws/src/first_stage/install/first_stage_endeffector/lib/pkgconfig/first_stage_endeffector.pc'
[0.348s] Level 1:colcon.colcon_core.environment:checking '/home/steven/ros2_ws/src/first_stage/install/first_stage_endeffector/lib/python3.10/site-packages'
[0.348s] Level 1:colcon.colcon_core.environment:checking '/home/steven/ros2_ws/src/first_stage/install/first_stage_endeffector/bin'
[0.348s] INFO:colcon.colcon_core.shell:Creating package script '/home/steven/ros2_ws/src/first_stage/install/first_stage_endeffector/share/first_stage_endeffector/package.ps1'
[0.349s] INFO:colcon.colcon_core.shell:Creating package descriptor '/home/steven/ros2_ws/src/first_stage/install/first_stage_endeffector/share/first_stage_endeffector/package.dsv'
[0.349s] INFO:colcon.colcon_core.shell:Creating package script '/home/steven/ros2_ws/src/first_stage/install/first_stage_endeffector/share/first_stage_endeffector/package.sh'
[0.349s] INFO:colcon.colcon_core.shell:Creating package script '/home/steven/ros2_ws/src/first_stage/install/first_stage_endeffector/share/first_stage_endeffector/package.bash'
[0.349s] INFO:colcon.colcon_core.shell:Creating package script '/home/steven/ros2_ws/src/first_stage/install/first_stage_endeffector/share/first_stage_endeffector/package.zsh'
[0.350s] Level 1:colcon.colcon_core.environment:create_file_with_runtime_dependencies(/home/steven/ros2_ws/src/first_stage/install/first_stage_endeffector/share/colcon-core/packages/first_stage_endeffector)
[0.372s] Level 1:colcon.colcon_core.environment:create_environment_scripts_only(first_stage_endeffector)
[0.372s] Level 1:colcon.colcon_core.environment:checking '/home/steven/ros2_ws/src/first_stage/install/first_stage_endeffector' for CMake module files
[0.372s] Level 1:colcon.colcon_core.environment:checking '/home/steven/ros2_ws/src/first_stage/install/first_stage_endeffector' for CMake config files
[0.372s] Level 1:colcon.colcon_core.shell:create_environment_hook('first_stage_endeffector', 'cmake_prefix_path')
[0.372s] INFO:colcon.colcon_core.shell:Creating environment hook '/home/steven/ros2_ws/src/first_stage/install/first_stage_endeffector/share/first_stage_endeffector/hook/cmake_prefix_path.ps1'
[0.373s] INFO:colcon.colcon_core.shell:Creating environment descriptor '/home/steven/ros2_ws/src/first_stage/install/first_stage_endeffector/share/first_stage_endeffector/hook/cmake_prefix_path.dsv'
[0.373s] INFO:colcon.colcon_core.shell:Creating environment hook '/home/steven/ros2_ws/src/first_stage/install/first_stage_endeffector/share/first_stage_endeffector/hook/cmake_prefix_path.sh'
[0.373s] Level 1:colcon.colcon_core.environment:checking '/home/steven/ros2_ws/src/first_stage/install/first_stage_endeffector/lib'
[0.373s] Level 1:colcon.colcon_core.environment:checking '/home/steven/ros2_ws/src/first_stage/install/first_stage_endeffector/bin'
[0.373s] Level 1:colcon.colcon_core.environment:checking '/home/steven/ros2_ws/src/first_stage/install/first_stage_endeffector/lib/pkgconfig/first_stage_endeffector.pc'
[0.373s] Level 1:colcon.colcon_core.environment:checking '/home/steven/ros2_ws/src/first_stage/install/first_stage_endeffector/lib/python3.10/site-packages'
[0.373s] Level 1:colcon.colcon_core.environment:checking '/home/steven/ros2_ws/src/first_stage/install/first_stage_endeffector/bin'
[0.373s] INFO:colcon.colcon_core.shell:Creating package script '/home/steven/ros2_ws/src/first_stage/install/first_stage_endeffector/share/first_stage_endeffector/package.ps1'
[0.373s] INFO:colcon.colcon_core.shell:Creating package descriptor '/home/steven/ros2_ws/src/first_stage/install/first_stage_endeffector/share/first_stage_endeffector/package.dsv'
[0.374s] INFO:colcon.colcon_core.shell:Creating package script '/home/steven/ros2_ws/src/first_stage/install/first_stage_endeffector/share/first_stage_endeffector/package.sh'
[0.374s] INFO:colcon.colcon_core.shell:Creating package script '/home/steven/ros2_ws/src/first_stage/install/first_stage_endeffector/share/first_stage_endeffector/package.bash'
[0.374s] INFO:colcon.colcon_core.shell:Creating package script '/home/steven/ros2_ws/src/first_stage/install/first_stage_endeffector/share/first_stage_endeffector/package.zsh'
[0.374s] Level 1:colcon.colcon_core.environment:create_file_with_runtime_dependencies(/home/steven/ros2_ws/src/first_stage/install/first_stage_endeffector/share/colcon-core/packages/first_stage_endeffector)
[0.492s] DEBUG:colcon.colcon_core.event_handler.log_command:Invoking command in '/home/steven/ros2_ws/src/first_stage/src/first_stage_rg2': PYTHONPATH=/home/steven/ros2_ws/src/first_stage/build/first_stage_rg2/prefix_override:/usr/lib/python3/dist-packages/colcon_core/task/python/colcon_distutils_commands:/home/steven/ros2_ws/src/first_stage/install/first_stage_rg2/lib/python3.10/site-packages:${PYTHONPATH} /usr/bin/python3 -W ignore:setup.py install is deprecated setup.py egg_info --egg-base ../../build/first_stage_rg2 build --build-base /home/steven/ros2_ws/src/first_stage/build/first_stage_rg2/build install --record /home/steven/ros2_ws/src/first_stage/build/first_stage_rg2/install.log --single-version-externally-managed install_data
[0.624s] Level 1:colcon.colcon_core.environment:checking '/home/steven/ros2_ws/src/first_stage/install/first_stage_rg2' for CMake module files
[0.624s] DEBUG:colcon.colcon_core.event_handler.log_command:Invoked command in '/home/steven/ros2_ws/src/first_stage/src/first_stage_rg2' returned '0': PYTHONPATH=/home/steven/ros2_ws/src/first_stage/build/first_stage_rg2/prefix_override:/usr/lib/python3/dist-packages/colcon_core/task/python/colcon_distutils_commands:/home/steven/ros2_ws/src/first_stage/install/first_stage_rg2/lib/python3.10/site-packages:${PYTHONPATH} /usr/bin/python3 -W ignore:setup.py install is deprecated setup.py egg_info --egg-base ../../build/first_stage_rg2 build --build-base /home/steven/ros2_ws/src/first_stage/build/first_stage_rg2/build install --record /home/steven/ros2_ws/src/first_stage/build/first_stage_rg2/install.log --single-version-externally-managed install_data
[0.624s] Level 1:colcon.colcon_core.environment:checking '/home/steven/ros2_ws/src/first_stage/install/first_stage_rg2' for CMake config files
[0.624s] Level 1:colcon.colcon_core.environment:checking '/home/steven/ros2_ws/src/first_stage/install/first_stage_rg2/lib'
[0.624s] Level 1:colcon.colcon_core.environment:checking '/home/steven/ros2_ws/src/first_stage/install/first_stage_rg2/bin'
[0.624s] Level 1:colcon.colcon_core.environment:checking '/home/steven/ros2_ws/src/first_stage/install/first_stage_rg2/lib/pkgconfig/first_stage_rg2.pc'
[0.624s] Level 1:colcon.colcon_core.environment:checking '/home/steven/ros2_ws/src/first_stage/install/first_stage_rg2/lib/python3.10/site-packages'
[0.624s] Level 1:colcon.colcon_core.shell:create_environment_hook('first_stage_rg2', 'pythonpath')
[0.625s] INFO:colcon.colcon_core.shell:Creating environment hook '/home/steven/ros2_ws/src/first_stage/install/first_stage_rg2/share/first_stage_rg2/hook/pythonpath.ps1'
[0.625s] INFO:colcon.colcon_core.shell:Creating environment descriptor '/home/steven/ros2_ws/src/first_stage/install/first_stage_rg2/share/first_stage_rg2/hook/pythonpath.dsv'
[0.625s] INFO:colcon.colcon_core.shell:Creating environment hook '/home/steven/ros2_ws/src/first_stage/install/first_stage_rg2/share/first_stage_rg2/hook/pythonpath.sh'
[0.625s] Level 1:colcon.colcon_core.environment:checking '/home/steven/ros2_ws/src/first_stage/install/first_stage_rg2/bin'
[0.625s] Level 1:colcon.colcon_core.environment:create_environment_scripts_only(first_stage_rg2)
[0.625s] INFO:colcon.colcon_core.shell:Creating package script '/home/steven/ros2_ws/src/first_stage/install/first_stage_rg2/share/first_stage_rg2/package.ps1'
[0.625s] INFO:colcon.colcon_core.shell:Creating package descriptor '/home/steven/ros2_ws/src/first_stage/install/first_stage_rg2/share/first_stage_rg2/package.dsv'
[0.626s] INFO:colcon.colcon_core.shell:Creating package script '/home/steven/ros2_ws/src/first_stage/install/first_stage_rg2/share/first_stage_rg2/package.sh'
[0.626s] INFO:colcon.colcon_core.shell:Creating package script '/home/steven/ros2_ws/src/first_stage/install/first_stage_rg2/share/first_stage_rg2/package.bash'
[0.626s] INFO:colcon.colcon_core.shell:Creating package script '/home/steven/ros2_ws/src/first_stage/install/first_stage_rg2/share/first_stage_rg2/package.zsh'
[0.626s] Level 1:colcon.colcon_core.environment:create_file_with_runtime_dependencies(/home/steven/ros2_ws/src/first_stage/install/first_stage_rg2/share/colcon-core/packages/first_stage_rg2)
[0.626s] DEBUG:colcon.colcon_parallel_executor.executor.parallel:closing loop
[0.626s] DEBUG:colcon.colcon_parallel_executor.executor.parallel:loop closed
[0.626s] DEBUG:colcon.colcon_parallel_executor.executor.parallel:run_until_complete finished with '0'
[0.626s] DEBUG:colcon.colcon_core.event_reactor:joining thread
[0.629s] INFO:colcon.colcon_core.plugin_system:Skipping extension 'colcon_notification.desktop_notification.terminal_notifier': Not used on non-Darwin systems
[0.629s] INFO:colcon.colcon_core.plugin_system:Skipping extension 'colcon_notification.desktop_notification.win32': Not used on non-Windows systems
[0.629s] INFO:colcon.colcon_notification.desktop_notification:Sending desktop notification using 'notify2'
[0.636s] DEBUG:colcon.colcon_core.event_reactor:joined thread
[0.636s] INFO:colcon.colcon_core.shell:Creating prefix script '/home/steven/ros2_ws/src/first_stage/install/local_setup.ps1'
[0.636s] INFO:colcon.colcon_core.shell:Creating prefix util module '/home/steven/ros2_ws/src/first_stage/install/_local_setup_util_ps1.py'
[0.637s] INFO:colcon.colcon_core.shell:Creating prefix chain script '/home/steven/ros2_ws/src/first_stage/install/setup.ps1'
[0.638s] INFO:colcon.colcon_core.shell:Creating prefix script '/home/steven/ros2_ws/src/first_stage/install/local_setup.sh'
[0.638s] INFO:colcon.colcon_core.shell:Creating prefix util module '/home/steven/ros2_ws/src/first_stage/install/_local_setup_util_sh.py'
[0.638s] INFO:colcon.colcon_core.shell:Creating prefix chain script '/home/steven/ros2_ws/src/first_stage/install/setup.sh'
[0.639s] INFO:colcon.colcon_core.shell:Creating prefix script '/home/steven/ros2_ws/src/first_stage/install/local_setup.bash'
[0.639s] INFO:colcon.colcon_core.shell:Creating prefix chain script '/home/steven/ros2_ws/src/first_stage/install/setup.bash'
[0.640s] INFO:colcon.colcon_core.shell:Creating prefix script '/home/steven/ros2_ws/src/first_stage/install/local_setup.zsh'
[0.640s] INFO:colcon.colcon_core.shell:Creating prefix chain script '/home/steven/ros2_ws/src/first_stage/install/setup.zsh'
