[3.538s] Invoking command in '/home/user/ros2_ws/src/universal_robot_ros2/moveit2/moveit_configs_utils': PYTHONPATH=/home/user/ros2_ws/build/moveit_configs_utils/prefix_override:/home/user/ros2_ws/install/moveit_configs_utils/lib/python3.10/site-packages:${PYTHONPATH} _=/usr/bin/env /usr/bin/python3 setup.py egg_info --egg-base ../../../../build/moveit_configs_utils build --build-base /home/user/ros2_ws/build/moveit_configs_utils/build install --record /home/user/ros2_ws/build/moveit_configs_utils/install.log --single-version-externally-managed
[4.357s] running egg_info
[4.359s] writing ../../../../build/moveit_configs_utils/moveit_configs_utils.egg-info/PKG-INFO
[4.359s] writing dependency_links to ../../../../build/moveit_configs_utils/moveit_configs_utils.egg-info/dependency_links.txt
[4.360s] writing entry points to ../../../../build/moveit_configs_utils/moveit_configs_utils.egg-info/entry_points.txt
[4.362s] writing requirements to ../../../../build/moveit_configs_utils/moveit_configs_utils.egg-info/requires.txt
[4.362s] writing top-level names to ../../../../build/moveit_configs_utils/moveit_configs_utils.egg-info/top_level.txt
[4.365s] reading manifest file '../../../../build/moveit_configs_utils/moveit_configs_utils.egg-info/SOURCES.txt'
[4.366s] writing manifest file '../../../../build/moveit_configs_utils/moveit_configs_utils.egg-info/SOURCES.txt'
[4.366s] running build
[4.366s] running build_py
[4.367s] running install
[4.367s] /usr/lib/python3/dist-packages/setuptools/command/install.py:34: SetuptoolsDeprecationWarning: setup.py install is deprecated. Use build and pip and other standards-based tools.
[4.368s]   warnings.warn(
[4.368s] running install_lib
[4.371s] running install_data
[4.372s] running install_egg_info
[4.376s] removing '/home/user/ros2_ws/install/moveit_configs_utils/lib/python3.10/site-packages/moveit_configs_utils-2.5.3-py3.10.egg-info' (and everything under it)
[4.376s] Copying ../../../../build/moveit_configs_utils/moveit_configs_utils.egg-info to /home/user/ros2_ws/install/moveit_configs_utils/lib/python3.10/site-packages/moveit_configs_utils-2.5.3-py3.10.egg-info
[4.379s] running install_scripts
[4.431s] writing list of installed files to '/home/user/ros2_ws/build/moveit_configs_utils/install.log'
[4.644s] Invoked command in '/home/user/ros2_ws/src/universal_robot_ros2/moveit2/moveit_configs_utils' returned '0': PYTHONPATH=/home/user/ros2_ws/build/moveit_configs_utils/prefix_override:/home/user/ros2_ws/install/moveit_configs_utils/lib/python3.10/site-packages:${PYTHONPATH} _=/usr/bin/env /usr/bin/python3 setup.py egg_info --egg-base ../../../../build/moveit_configs_utils build --build-base /home/user/ros2_ws/build/moveit_configs_utils/build install --record /home/user/ros2_ws/build/moveit_configs_utils/install.log --single-version-externally-managed
