running egg_info
creating ../../build/blob_detector/blob_detector.egg-info
writing ../../build/blob_detector/blob_detector.egg-info/PKG-INFO
writing dependency_links to ../../build/blob_detector/blob_detector.egg-info/dependency_links.txt
writing entry points to ../../build/blob_detector/blob_detector.egg-info/entry_points.txt
writing requirements to ../../build/blob_detector/blob_detector.egg-info/requires.txt
writing top-level names to ../../build/blob_detector/blob_detector.egg-info/top_level.txt
writing manifest file '../../build/blob_detector/blob_detector.egg-info/SOURCES.txt'
reading manifest file '../../build/blob_detector/blob_detector.egg-info/SOURCES.txt'
writing manifest file '../../build/blob_detector/blob_detector.egg-info/SOURCES.txt'
running build
running build_py
creating /home/yujian/blob_ws/build/blob_detector/build
creating /home/yujian/blob_ws/build/blob_detector/build/lib
creating /home/yujian/blob_ws/build/blob_detector/build/lib/blob_detector
copying blob_detector/__init__.py -> /home/yujian/blob_ws/build/blob_detector/build/lib/blob_detector
copying blob_detector/blob_detector_node.py -> /home/yujian/blob_ws/build/blob_detector/build/lib/blob_detector
running install
running install_lib
creating /home/yujian/blob_ws/install/blob_detector/lib/python3.10/site-packages/blob_detector
copying /home/yujian/blob_ws/build/blob_detector/build/lib/blob_detector/__init__.py -> /home/yujian/blob_ws/install/blob_detector/lib/python3.10/site-packages/blob_detector
copying /home/yujian/blob_ws/build/blob_detector/build/lib/blob_detector/blob_detector_node.py -> /home/yujian/blob_ws/install/blob_detector/lib/python3.10/site-packages/blob_detector
byte-compiling /home/yujian/blob_ws/install/blob_detector/lib/python3.10/site-packages/blob_detector/__init__.py to __init__.cpython-310.pyc
byte-compiling /home/yujian/blob_ws/install/blob_detector/lib/python3.10/site-packages/blob_detector/blob_detector_node.py to blob_detector_node.cpython-310.pyc
running install_data
creating /home/yujian/blob_ws/install/blob_detector/share/ament_index
creating /home/yujian/blob_ws/install/blob_detector/share/ament_index/resource_index
creating /home/yujian/blob_ws/install/blob_detector/share/ament_index/resource_index/packages
copying resource/blob_detector -> /home/yujian/blob_ws/install/blob_detector/share/ament_index/resource_index/packages
copying package.xml -> /home/yujian/blob_ws/install/blob_detector/share/blob_detector
running install_egg_info
Copying ../../build/blob_detector/blob_detector.egg-info to /home/yujian/blob_ws/install/blob_detector/lib/python3.10/site-packages/blob_detector-0.0.1-py3.10.egg-info
running install_scripts
Installing blob_detector_node script to /home/yujian/blob_ws/install/blob_detector/lib/blob_detector
writing list of installed files to '/home/yujian/blob_ws/build/blob_detector/install.log'
