[0.007s] Invoking command in '/home/steven/ros2_ws/src/first_stage/src/first_stage_endeffector/build/first_stage_endeffector': CMAKE_PREFIX_PATH=${CMAKE_PREFIX_PATH}:/home/steven/ws_moveit2/install/moveit_configs_utils:/home/steven/ws_moveit2/install/launch_param_builder:/opt/ros/humble /usr/bin/cmake --build /home/steven/ros2_ws/src/first_stage/src/first_stage_endeffector/build/first_stage_endeffector -- -j32 -l32
[0.028s] -- Found ament_cmake: 1.3.9 (/opt/ros/humble/share/ament_cmake/cmake)
[0.099s] -- Found rclcpp: 16.0.9 (/opt/ros/humble/share/rclcpp/cmake)
[0.114s] -- Found rosidl_generator_c: 3.1.5 (/opt/ros/humble/share/rosidl_generator_c/cmake)
[0.115s] -- Found rosidl_adapter: 3.1.5 (/opt/ros/humble/share/rosidl_adapter/cmake)
[0.118s] -- Found rosidl_generator_cpp: 3.1.5 (/opt/ros/humble/share/rosidl_generator_cpp/cmake)
[0.125s] -- Using all available rosidl_typesupport_c: rosidl_typesupport_fastrtps_c;rosidl_typesupport_introspection_c
[0.133s] -- Using all available rosidl_typesupport_cpp: rosidl_typesupport_fastrtps_cpp;rosidl_typesupport_introspection_cpp
[0.164s] -- Found rmw_implementation_cmake: 6.1.2 (/opt/ros/humble/share/rmw_implementation_cmake/cmake)
[0.166s] -- Found rmw_fastrtps_cpp: 6.2.6 (/opt/ros/humble/share/rmw_fastrtps_cpp/cmake)
[0.240s] -- Using RMW implementation 'rmw_fastrtps_cpp' as default
[0.319s] -- Found Boost: /usr/lib/x86_64-linux-gnu/cmake/Boost-1.74.0/BoostConfig.cmake (found version "1.74.0") found components: system filesystem date_time thread 
[0.320s] -- Found control_msgs: 4.6.0 (/opt/ros/humble/share/control_msgs/cmake)
[0.552s] -- Found moveit_common: 2.5.5 (/home/steven/ws_moveit2/install/moveit_common/share/moveit_common/cmake)
[0.553s] -- Found moveit_core: 2.5.5 (/home/steven/ws_moveit2/install/moveit_core/share/moveit_core/cmake)
[0.557s] -- Found Boost: /usr/lib/x86_64-linux-gnu/cmake/Boost-1.74.0/BoostConfig.cmake (found version "1.74.0") found components: chrono date_time filesystem iostreams program_options regex serialization system thread 
[0.570s] -- Found parameter_traits: 0.3.8 (/opt/ros/humble/share/parameter_traits/cmake)
[0.578s] -- Found rclcpp_lifecycle: 16.0.9 (/opt/ros/humble/share/rclcpp_lifecycle/cmake)
[0.602s] -- Found Boost: /usr/lib/x86_64-linux-gnu/cmake/Boost-1.74.0/BoostConfig.cmake (found version "1.74.0") found components: filesystem 
[0.626s] -- library: /usr/lib/x86_64-linux-gnu/libcurl.so
[0.729s] -- Ensuring Eigen3 include directory is part of orocos-kdl CMake target
[1.184s] -- Found moveit_ros_planning: 2.5.5 (/home/steven/ws_moveit2/install/moveit_ros_planning/share/moveit_ros_planning/cmake)
[1.186s] -- Found Boost: /usr/lib/x86_64-linux-gnu/cmake/Boost-1.74.0/BoostConfig.cmake (found version "1.74.0") found components: system filesystem date_time program_options thread chrono 
[1.404s] -- Found moveit_ros_planning_interface: 2.5.5 (/home/steven/ws_moveit2/install/moveit_ros_planning_interface/share/moveit_ros_planning_interface/cmake)
[1.406s] -- Found Boost: /usr/lib/x86_64-linux-gnu/cmake/Boost-1.74.0/BoostConfig.cmake (found version "1.74.0") found components: date_time filesystem program_options system thread 
[1.502s] -- Found Boost: /usr/lib/x86_64-linux-gnu/cmake/Boost-1.74.0/BoostConfig.cmake (found version "1.74.0") found components: thread system filesystem regex date_time program_options 
[1.628s] -- Found Boost: /usr/lib/x86_64-linux-gnu/cmake/Boost-1.74.0/BoostConfig.cmake (found version "1.74.0") found components: system filesystem date_time program_options thread 
[1.848s] -- Found moveit_servo: 2.5.5 (/home/steven/ws_moveit2/install/moveit_servo/share/moveit_servo/cmake)
[2.172s] -- Found interactive_markers: 2.3.2 (/opt/ros/humble/share/interactive_markers/cmake)
[2.177s] -- Found rviz_visual_tools: 4.1.4 (/opt/ros/humble/share/rviz_visual_tools/cmake)
[2.229s] -- Setting OGRE_DIR to: '/opt/ros/humble/share/rviz_ogre_vendor/cmake/../../../opt/rviz_ogre_vendor/lib/OGRE/cmake'
[2.229s] -- Found OGRE
[2.229s] --   static     : OFF
[2.229s] --   components : HLMS;MeshLodGenerator;Overlay;Paging;Property;RTShaderSystem;Terrain;Volume
[2.229s] --   plugins    : Plugin_BSPSceneManager;Plugin_OctreeSceneManager;Plugin_PCZSceneManager;Plugin_ParticleFX;RenderSystem_GL;RenderSystem_GL3Plus;Codec_STBI
[2.229s] --   media      : /opt/ros/humble/opt/rviz_ogre_vendor/share/OGRE/Media
[2.229s] -- OGRE_LIBRARIES: OgreHLMS;OgreMeshLodGenerator;OgreOverlay;OgrePaging;OgreProperty;OgreRTShaderSystem;OgreTerrain;OgreVolume;OgreMain
[2.229s] -- OGRE_LIBRARY_DIRS: /opt/ros/humble/opt/rviz_ogre_vendor/lib
[2.229s] -- OGRE_PLUGINS: Plugin_BSPSceneManager;Plugin_OctreeSceneManager;Plugin_PCZSceneManager;Plugin_ParticleFX;RenderSystem_GL;RenderSystem_GL3Plus;Codec_STBI
[2.229s] -- OGRE_PLUGIN_DIR: /opt/ros/humble/opt/rviz_ogre_vendor/lib/OGRE
[2.230s] -- rviz_ogre_vendor::OgreOverlay for IMPORTED_LOCATION_RELEASE: /opt/ros/humble/opt/rviz_ogre_vendor/lib/libOgreOverlay.so
[2.230s] -- rviz_ogre_vendor::OgreOverlay for IMPORTED_LOCATION_DEBUG: /opt/ros/humble/opt/rviz_ogre_vendor/lib/libOgreOverlay.so
[2.230s] -- rviz_ogre_vendor::OgreMain for IMPORTED_LOCATION_RELEASE: /opt/ros/humble/opt/rviz_ogre_vendor/lib/libOgreMain.so
[2.230s] -- rviz_ogre_vendor::OgreMain for IMPORTED_LOCATION_DEBUG: /opt/ros/humble/opt/rviz_ogre_vendor/lib/libOgreMain.so
[2.231s] -- Could not find freeimage library
[2.256s] -- rviz_ogre_vendor::RenderSystem_GL for IMPORTED_LOCATION_RELEASE: _render_system_gl_static_library_abs-NOTFOUND
[2.256s] -- rviz_ogre_vendor::RenderSystem_GL for IMPORTED_LOCATION_DEBUG: _render_system_gl_static_library_abs-NOTFOUND
[2.554s] -- Found moveit_visual_tools: 4.1.0 (/home/steven/ws_moveit2/install/moveit_visual_tools/share/moveit_visual_tools/cmake)
[2.820s] -- Found ament_lint_auto: 0.12.11 (/opt/ros/humble/share/ament_lint_auto/cmake)
[2.896s] -- Added test 'cppcheck' to perform static code analysis on C / C++ code
[2.896s] -- Configured cppcheck include dirs: 
[2.896s] -- Configured cppcheck exclude dirs and/or files: 
[2.899s] -- Added test 'flake8' to check Python code syntax and style conventions
[2.904s] -- Added test 'lint_cmake' to check CMake code style
[2.906s] -- Added test 'pep257' to check Python code against some of the docstring style conventions in PEP 257
[2.925s] -- Added test 'uncrustify' to check C / C++ code style
[2.925s] -- Configured uncrustify additional arguments: 
[2.928s] -- Added test 'xmllint' to check XML markup files
[2.929s] -- Configuring done
[2.949s] -- Generating done
[2.951s] -- Build files have been written to: /home/steven/ros2_ws/src/first_stage/src/first_stage_endeffector/build/first_stage_endeffector
[2.977s] [35m[1mConsolidate compiler generated dependencies of target first_stage_endeffector[0m
[2.997s] [ 50%] [32mBuilding CXX object CMakeFiles/first_stage_endeffector.dir/src/first_stage_endeffector.cpp.o[0m
[15.454s] [100%] [32m[1mLinking CXX executable first_stage_endeffector[0m
[16.214s] [100%] Built target first_stage_endeffector
[16.222s] Invoked command in '/home/steven/ros2_ws/src/first_stage/src/first_stage_endeffector/build/first_stage_endeffector' returned '0': CMAKE_PREFIX_PATH=${CMAKE_PREFIX_PATH}:/home/steven/ws_moveit2/install/moveit_configs_utils:/home/steven/ws_moveit2/install/launch_param_builder:/opt/ros/humble /usr/bin/cmake --build /home/steven/ros2_ws/src/first_stage/src/first_stage_endeffector/build/first_stage_endeffector -- -j32 -l32
[16.250s] Invoking command in '/home/steven/ros2_ws/src/first_stage/src/first_stage_endeffector/build/first_stage_endeffector': CMAKE_PREFIX_PATH=${CMAKE_PREFIX_PATH}:/home/steven/ws_moveit2/install/moveit_configs_utils:/home/steven/ws_moveit2/install/launch_param_builder:/opt/ros/humble /usr/bin/cmake --install /home/steven/ros2_ws/src/first_stage/src/first_stage_endeffector/build/first_stage_endeffector
[16.256s] -- Install configuration: ""
[16.256s] -- Installing: /home/steven/ros2_ws/src/first_stage/src/first_stage_endeffector/install/first_stage_endeffector/lib/first_stage_endeffector/first_stage_endeffector
[16.262s] -- Set runtime path of "/home/steven/ros2_ws/src/first_stage/src/first_stage_endeffector/install/first_stage_endeffector/lib/first_stage_endeffector/first_stage_endeffector" to ""
[16.262s] -- Up-to-date: /home/steven/ros2_ws/src/first_stage/src/first_stage_endeffector/install/first_stage_endeffector/share/first_stage_endeffector/launch
[16.262s] -- Up-to-date: /home/steven/ros2_ws/src/first_stage/src/first_stage_endeffector/install/first_stage_endeffector/share/first_stage_endeffector/launch/first_stage_endeffector.launch.py
[16.262s] -- Installing: /home/steven/ros2_ws/src/first_stage/src/first_stage_endeffector/install/first_stage_endeffector/share/ament_index/resource_index/package_run_dependencies/first_stage_endeffector
[16.262s] -- Up-to-date: /home/steven/ros2_ws/src/first_stage/src/first_stage_endeffector/install/first_stage_endeffector/share/ament_index/resource_index/parent_prefix_path/first_stage_endeffector
[16.262s] -- Up-to-date: /home/steven/ros2_ws/src/first_stage/src/first_stage_endeffector/install/first_stage_endeffector/share/first_stage_endeffector/environment/ament_prefix_path.sh
[16.262s] -- Installing: /home/steven/ros2_ws/src/first_stage/src/first_stage_endeffector/install/first_stage_endeffector/share/first_stage_endeffector/environment/ament_prefix_path.dsv
[16.262s] -- Up-to-date: /home/steven/ros2_ws/src/first_stage/src/first_stage_endeffector/install/first_stage_endeffector/share/first_stage_endeffector/environment/path.sh
[16.262s] -- Installing: /home/steven/ros2_ws/src/first_stage/src/first_stage_endeffector/install/first_stage_endeffector/share/first_stage_endeffector/environment/path.dsv
[16.262s] -- Up-to-date: /home/steven/ros2_ws/src/first_stage/src/first_stage_endeffector/install/first_stage_endeffector/share/first_stage_endeffector/local_setup.bash
[16.262s] -- Up-to-date: /home/steven/ros2_ws/src/first_stage/src/first_stage_endeffector/install/first_stage_endeffector/share/first_stage_endeffector/local_setup.sh
[16.262s] -- Up-to-date: /home/steven/ros2_ws/src/first_stage/src/first_stage_endeffector/install/first_stage_endeffector/share/first_stage_endeffector/local_setup.zsh
[16.262s] -- Installing: /home/steven/ros2_ws/src/first_stage/src/first_stage_endeffector/install/first_stage_endeffector/share/first_stage_endeffector/local_setup.dsv
[16.262s] -- Installing: /home/steven/ros2_ws/src/first_stage/src/first_stage_endeffector/install/first_stage_endeffector/share/first_stage_endeffector/package.dsv
[16.263s] -- Up-to-date: /home/steven/ros2_ws/src/first_stage/src/first_stage_endeffector/install/first_stage_endeffector/share/ament_index/resource_index/packages/first_stage_endeffector
[16.263s] -- Up-to-date: /home/steven/ros2_ws/src/first_stage/src/first_stage_endeffector/install/first_stage_endeffector/share/first_stage_endeffector/cmake/first_stage_endeffectorConfig.cmake
[16.263s] -- Up-to-date: /home/steven/ros2_ws/src/first_stage/src/first_stage_endeffector/install/first_stage_endeffector/share/first_stage_endeffector/cmake/first_stage_endeffectorConfig-version.cmake
[16.263s] -- Installing: /home/steven/ros2_ws/src/first_stage/src/first_stage_endeffector/install/first_stage_endeffector/share/first_stage_endeffector/package.xml
[16.264s] Invoked command in '/home/steven/ros2_ws/src/first_stage/src/first_stage_endeffector/build/first_stage_endeffector' returned '0': CMAKE_PREFIX_PATH=${CMAKE_PREFIX_PATH}:/home/steven/ws_moveit2/install/moveit_configs_utils:/home/steven/ws_moveit2/install/launch_param_builder:/opt/ros/humble /usr/bin/cmake --install /home/steven/ros2_ws/src/first_stage/src/first_stage_endeffector/build/first_stage_endeffector
