[0.013s] Invoking command in '/home/steven/ws_moveit2/build/moveit_planners_ompl': AMENT_PREFIX_PATH=/home/steven/ws_moveit2/install/moveit_ros_planning:/home/steven/ws_moveit2/install/moveit_ros_occupancy_map_monitor:/home/steven/ws_moveit2/install/moveit_core:/home/steven/ws_moveit2/install/moveit_resources_panda_moveit_config:/home/steven/ws_moveit2/install/moveit_resources_fanuc_moveit_config:/home/steven/ws_moveit2/install/srdfdom:/home/steven/ws_moveit2/install/moveit_resources_pr2_description:/home/steven/ws_moveit2/install/moveit_resources_panda_description:/home/steven/ws_moveit2/install/moveit_resources_fanuc_description:/home/steven/ws_moveit2/install/moveit_common:${AMENT_PREFIX_PATH} CMAKE_PREFIX_PATH=/home/steven/ws_moveit2/install/moveit_ros_planning:/home/steven/ws_moveit2/install/moveit_ros_occupancy_map_monitor:/home/steven/ws_moveit2/install/moveit_core:/home/steven/ws_moveit2/install/moveit_resources_panda_moveit_config:/home/steven/ws_moveit2/install/moveit_resources_fanuc_moveit_config:/home/steven/ws_moveit2/install/srdfdom:/home/steven/ws_moveit2/install/moveit_resources_pr2_description:/home/steven/ws_moveit2/install/moveit_resources_panda_description:/home/steven/ws_moveit2/install/moveit_resources_fanuc_description:/home/steven/ws_moveit2/install/moveit_common:/opt/ros/humble LD_LIBRARY_PATH=/home/steven/ws_moveit2/install/moveit_ros_planning/lib:/home/steven/ws_moveit2/install/moveit_ros_occupancy_map_monitor/lib:/home/steven/ws_moveit2/install/moveit_core/lib:/home/steven/ws_moveit2/install/srdfdom/lib:/opt/ros/humble/opt/rviz_ogre_vendor/lib:/opt/ros/humble/lib/x86_64-linux-gnu:/opt/ros/humble/lib:/usr/local/cuda-12.3/lib64 PATH=/home/steven/ws_moveit2/install/moveit_core/bin:${PATH} PYTHONPATH=/home/steven/ws_moveit2/install/srdfdom/local/lib/python3.10/dist-packages:${PYTHONPATH} /usr/bin/cmake /home/steven/ws_moveit2/src/moveit2/moveit_planners/ompl -DCMAKE_BUILD_TYPE=Release -DCMAKE_INSTALL_PREFIX=/home/steven/ws_moveit2/install/moveit_planners_ompl
[0.032s] -- The C compiler identification is GNU 11.4.0
[0.058s] -- The CXX compiler identification is GNU 11.4.0
[0.061s] -- Detecting C compiler ABI info
[0.090s] -- Detecting C compiler ABI info - done
[0.094s] -- Check for working C compiler: /usr/bin/cc - skipped
[0.094s] -- Detecting C compile features
[0.094s] -- Detecting C compile features - done
[0.095s] -- Detecting CXX compiler ABI info
[0.128s] -- Detecting CXX compiler ABI info - done
[0.132s] -- Check for working CXX compiler: /usr/bin/c++ - skipped
[0.132s] -- Detecting CXX compile features
[0.132s] -- Detecting CXX compile features - done
[0.132s] -- Found moveit_common: 2.5.5 (/home/steven/ws_moveit2/install/moveit_common/share/moveit_common/cmake)
[0.133s] -- Found ament_cmake: 1.3.9 (/opt/ros/humble/share/ament_cmake/cmake)
[0.199s] -- Found Python3: /usr/bin/python3 (found version "3.10.12") found components: Interpreter 
[0.276s] -- Found libdw: /usr/lib/x86_64-linux-gnu/libdw.so  
[0.278s] -- Could NOT find libbfd (missing: LIBBFD_LIBRARY LIBBFD_INCLUDE_DIR) 
[0.278s] -- BACKWARD_HAS_UNWIND=1
[0.279s] -- BACKWARD_HAS_BACKTRACE=0
[0.279s] -- BACKWARD_HAS_BACKTRACE_SYMBOL=0
[0.279s] -- BACKWARD_HAS_DW=1
[0.279s] -- BACKWARD_HAS_BFD=0
[0.279s] -- Found Backward: /opt/ros/humble/share/backward_ros/cmake  
[0.379s] -- Found Boost: /usr/lib/x86_64-linux-gnu/cmake/Boost-1.74.0/BoostConfig.cmake (found version "1.74.0") found components: system filesystem date_time thread serialization 
[0.380s] -- Found moveit_core: 2.5.5 (/home/steven/ws_moveit2/install/moveit_core/share/moveit_core/cmake)
[0.388s] -- Found Boost: /usr/lib/x86_64-linux-gnu/cmake/Boost-1.74.0/BoostConfig.cmake (found version "1.74.0") found components: chrono date_time filesystem iostreams program_options regex serialization system thread 
[0.408s] -- Found parameter_traits: 0.3.8 (/opt/ros/humble/share/parameter_traits/cmake)
[0.427s] -- Found rosidl_generator_c: 3.1.5 (/opt/ros/humble/share/rosidl_generator_c/cmake)
[0.429s] -- Found rosidl_adapter: 3.1.5 (/opt/ros/humble/share/rosidl_adapter/cmake)
[0.433s] -- Found rosidl_generator_cpp: 3.1.5 (/opt/ros/humble/share/rosidl_generator_cpp/cmake)
[0.440s] -- Using all available rosidl_typesupport_c: rosidl_typesupport_fastrtps_c;rosidl_typesupport_introspection_c
[0.449s] -- Using all available rosidl_typesupport_cpp: rosidl_typesupport_fastrtps_cpp;rosidl_typesupport_introspection_cpp
[0.482s] -- Found rmw_implementation_cmake: 6.1.2 (/opt/ros/humble/share/rmw_implementation_cmake/cmake)
[0.483s] -- Found rmw_fastrtps_cpp: 6.2.6 (/opt/ros/humble/share/rmw_fastrtps_cpp/cmake)
[0.531s] -- Found OpenSSL: /usr/lib/x86_64-linux-gnu/libcrypto.so (found version "3.0.2")  
[0.545s] -- Found FastRTPS: /opt/ros/humble/include  
[0.566s] -- Using RMW implementation 'rmw_fastrtps_cpp' as default
[0.571s] -- Found Threads: TRUE  
[0.651s] -- Found Eigen3: TRUE (found version "3.4.0") 
[0.652s] -- Found rclcpp_lifecycle: 16.0.9 (/opt/ros/humble/share/rclcpp_lifecycle/cmake)
[0.673s] -- Found Boost: /usr/lib/x86_64-linux-gnu/cmake/Boost-1.74.0/BoostConfig.cmake (found version "1.74.0") found components: filesystem 
[0.738s] -- library: /usr/lib/x86_64-linux-gnu/libcurl.so
[0.877s] -- Ensuring Eigen3 include directory is part of orocos-kdl CMake target
[1.363s] -- Found moveit_ros_planning: 2.5.5 (/home/steven/ws_moveit2/install/moveit_ros_planning/share/moveit_ros_planning/cmake)
[1.366s] -- Found Boost: /usr/lib/x86_64-linux-gnu/cmake/Boost-1.74.0/BoostConfig.cmake (found version "1.74.0") found components: system filesystem date_time program_options thread chrono 
[1.560s] -- Found ompl: /opt/ros/humble/include/ompl-1.6;/usr/include;/usr/include/eigen3  
[1.711s] -- Found OpenMP_C: -fopenmp (found version "4.5") 
[1.767s] -- Found OpenMP_CXX: -fopenmp (found version "4.5") 
[1.767s] -- Found OpenMP: TRUE (found version "4.5")  
[1.779s] -- Found ament_cmake_gtest: 1.3.9 (/opt/ros/humble/share/ament_cmake_gtest/cmake)
[1.782s] -- Found gtest sources under '/opt/ros/humble/src/gtest_vendor': C++ tests using 'Google Test' will be built
[1.812s] -- Found ament_lint_auto: 0.12.11 (/opt/ros/humble/share/ament_lint_auto/cmake)
[1.840s] -- Added test 'cppcheck' to perform static code analysis on C / C++ code
[1.840s] -- Configured cppcheck include dirs: /home/steven/ws_moveit2/src/moveit2/moveit_planners/ompl/ompl_interface/include
[1.840s] -- Configured cppcheck exclude dirs and/or files: 
[1.841s] -- Added test 'lint_cmake' to check CMake code style
[1.842s] -- Added test 'xmllint' to check XML markup files
[1.843s] -- Configuring done
[1.968s] -- Generating done
[1.971s] -- Build files have been written to: /home/steven/ws_moveit2/build/moveit_planners_ompl
[1.995s] Invoked command in '/home/steven/ws_moveit2/build/moveit_planners_ompl' returned '0': AMENT_PREFIX_PATH=/home/steven/ws_moveit2/install/moveit_ros_planning:/home/steven/ws_moveit2/install/moveit_ros_occupancy_map_monitor:/home/steven/ws_moveit2/install/moveit_core:/home/steven/ws_moveit2/install/moveit_resources_panda_moveit_config:/home/steven/ws_moveit2/install/moveit_resources_fanuc_moveit_config:/home/steven/ws_moveit2/install/srdfdom:/home/steven/ws_moveit2/install/moveit_resources_pr2_description:/home/steven/ws_moveit2/install/moveit_resources_panda_description:/home/steven/ws_moveit2/install/moveit_resources_fanuc_description:/home/steven/ws_moveit2/install/moveit_common:${AMENT_PREFIX_PATH} CMAKE_PREFIX_PATH=/home/steven/ws_moveit2/install/moveit_ros_planning:/home/steven/ws_moveit2/install/moveit_ros_occupancy_map_monitor:/home/steven/ws_moveit2/install/moveit_core:/home/steven/ws_moveit2/install/moveit_resources_panda_moveit_config:/home/steven/ws_moveit2/install/moveit_resources_fanuc_moveit_config:/home/steven/ws_moveit2/install/srdfdom:/home/steven/ws_moveit2/install/moveit_resources_pr2_description:/home/steven/ws_moveit2/install/moveit_resources_panda_description:/home/steven/ws_moveit2/install/moveit_resources_fanuc_description:/home/steven/ws_moveit2/install/moveit_common:/opt/ros/humble LD_LIBRARY_PATH=/home/steven/ws_moveit2/install/moveit_ros_planning/lib:/home/steven/ws_moveit2/install/moveit_ros_occupancy_map_monitor/lib:/home/steven/ws_moveit2/install/moveit_core/lib:/home/steven/ws_moveit2/install/srdfdom/lib:/opt/ros/humble/opt/rviz_ogre_vendor/lib:/opt/ros/humble/lib/x86_64-linux-gnu:/opt/ros/humble/lib:/usr/local/cuda-12.3/lib64 PATH=/home/steven/ws_moveit2/install/moveit_core/bin:${PATH} PYTHONPATH=/home/steven/ws_moveit2/install/srdfdom/local/lib/python3.10/dist-packages:${PYTHONPATH} /usr/bin/cmake /home/steven/ws_moveit2/src/moveit2/moveit_planners/ompl -DCMAKE_BUILD_TYPE=Release -DCMAKE_INSTALL_PREFIX=/home/steven/ws_moveit2/install/moveit_planners_ompl
[1.997s] Invoking command in '/home/steven/ws_moveit2/build/moveit_planners_ompl': AMENT_PREFIX_PATH=/home/steven/ws_moveit2/install/moveit_ros_planning:/home/steven/ws_moveit2/install/moveit_ros_occupancy_map_monitor:/home/steven/ws_moveit2/install/moveit_core:/home/steven/ws_moveit2/install/moveit_resources_panda_moveit_config:/home/steven/ws_moveit2/install/moveit_resources_fanuc_moveit_config:/home/steven/ws_moveit2/install/srdfdom:/home/steven/ws_moveit2/install/moveit_resources_pr2_description:/home/steven/ws_moveit2/install/moveit_resources_panda_description:/home/steven/ws_moveit2/install/moveit_resources_fanuc_description:/home/steven/ws_moveit2/install/moveit_common:${AMENT_PREFIX_PATH} CMAKE_PREFIX_PATH=/home/steven/ws_moveit2/install/moveit_ros_planning:/home/steven/ws_moveit2/install/moveit_ros_occupancy_map_monitor:/home/steven/ws_moveit2/install/moveit_core:/home/steven/ws_moveit2/install/moveit_resources_panda_moveit_config:/home/steven/ws_moveit2/install/moveit_resources_fanuc_moveit_config:/home/steven/ws_moveit2/install/srdfdom:/home/steven/ws_moveit2/install/moveit_resources_pr2_description:/home/steven/ws_moveit2/install/moveit_resources_panda_description:/home/steven/ws_moveit2/install/moveit_resources_fanuc_description:/home/steven/ws_moveit2/install/moveit_common:/opt/ros/humble LD_LIBRARY_PATH=/home/steven/ws_moveit2/install/moveit_ros_planning/lib:/home/steven/ws_moveit2/install/moveit_ros_occupancy_map_monitor/lib:/home/steven/ws_moveit2/install/moveit_core/lib:/home/steven/ws_moveit2/install/srdfdom/lib:/opt/ros/humble/opt/rviz_ogre_vendor/lib:/opt/ros/humble/lib/x86_64-linux-gnu:/opt/ros/humble/lib:/usr/local/cuda-12.3/lib64 PATH=/home/steven/ws_moveit2/install/moveit_core/bin:${PATH} PYTHONPATH=/home/steven/ws_moveit2/install/srdfdom/local/lib/python3.10/dist-packages:${PYTHONPATH} /usr/bin/cmake --build /home/steven/ws_moveit2/build/moveit_planners_ompl -- -j32 -l32
[2.040s] [  4%] [32mBuilding CXX object gtest/CMakeFiles/gtest.dir/src/gtest-all.cc.o[0m
[2.041s] [  4%] [32mBuilding CXX object gtest/CMakeFiles/gtest_main.dir/src/gtest_main.cc.o[0m
[2.041s] [  7%] [32mBuilding CXX object ompl_interface/CMakeFiles/moveit_ompl_interface.dir/src/planning_context_manager.cpp.o[0m
[2.041s] [  9%] [32mBuilding CXX object ompl_interface/CMakeFiles/moveit_ompl_interface.dir/src/ompl_interface.cpp.o[0m
[2.042s] [ 14%] [32mBuilding CXX object ompl_interface/CMakeFiles/moveit_ompl_interface.dir/src/parameterization/joint_space/constrained_planning_state_space_factory.cpp.o[0m
[2.043s] [ 14%] [32mBuilding CXX object ompl_interface/CMakeFiles/moveit_ompl_interface.dir/src/model_based_planning_context.cpp.o[0m
[2.045s] [ 17%] [32mBuilding CXX object ompl_interface/CMakeFiles/moveit_ompl_interface.dir/src/parameterization/model_based_state_space_factory.cpp.o[0m
[2.049s] [ 19%] [32mBuilding CXX object ompl_interface/CMakeFiles/moveit_ompl_interface.dir/src/parameterization/joint_space/joint_model_state_space.cpp.o[0m
[2.057s] [ 21%] [32mBuilding CXX object ompl_interface/CMakeFiles/moveit_ompl_interface.dir/src/parameterization/model_based_state_space.cpp.o[0m
[2.063s] [ 24%] [32mBuilding CXX object ompl_interface/CMakeFiles/moveit_ompl_interface.dir/src/parameterization/joint_space/joint_model_state_space_factory.cpp.o[0m
[2.067s] [ 26%] [32mBuilding CXX object ompl_interface/CMakeFiles/moveit_ompl_interface.dir/src/parameterization/joint_space/constrained_planning_state_space.cpp.o[0m
[2.070s] [ 29%] [32mBuilding CXX object ompl_interface/CMakeFiles/moveit_ompl_interface.dir/src/parameterization/work_space/pose_model_state_space.cpp.o[0m
[2.089s] [ 31%] [32mBuilding CXX object ompl_interface/CMakeFiles/moveit_ompl_interface.dir/src/parameterization/work_space/pose_model_state_space_factory.cpp.o[0m
[2.102s] [ 34%] [32mBuilding CXX object ompl_interface/CMakeFiles/moveit_ompl_interface.dir/src/detail/ompl_constraints.cpp.o[0m
[2.163s] [ 36%] [32mBuilding CXX object ompl_interface/CMakeFiles/moveit_ompl_interface.dir/src/detail/threadsafe_state_storage.cpp.o[0m
[2.175s] [ 39%] [32mBuilding CXX object ompl_interface/CMakeFiles/moveit_ompl_interface.dir/src/detail/state_validity_checker.cpp.o[0m
[2.190s] [ 41%] [32mBuilding CXX object ompl_interface/CMakeFiles/moveit_ompl_interface.dir/src/detail/projection_evaluators.cpp.o[0m
[2.211s] [ 43%] [32mBuilding CXX object ompl_interface/CMakeFiles/moveit_ompl_interface.dir/src/detail/goal_union.cpp.o[0m
[2.279s] [ 46%] [32mBuilding CXX object ompl_interface/CMakeFiles/moveit_ompl_interface.dir/src/detail/constraints_library.cpp.o[0m
[2.279s] [ 48%] [32mBuilding CXX object ompl_interface/CMakeFiles/moveit_ompl_interface.dir/src/detail/constrained_sampler.cpp.o[0m
[2.303s] [ 53%] [32mBuilding CXX object ompl_interface/CMakeFiles/moveit_ompl_interface.dir/src/detail/constrained_goal_sampler.cpp.o[0m
[2.303s] [ 53%] [32mBuilding CXX object ompl_interface/CMakeFiles/moveit_ompl_interface.dir/src/detail/constrained_valid_state_sampler.cpp.o[0m
[3.343s] [ 56%] [32m[1mLinking CXX static library libgtest_main.a[0m
[3.491s] [ 56%] Built target gtest_main
[10.025s] [ 58%] [32m[1mLinking CXX static library libgtest.a[0m
[10.119s] [ 58%] Built target gtest
[17.670s] [ 60%] [32m[1mLinking CXX shared library libmoveit_ompl_interface.so[0m
[18.046s] [ 60%] Built target moveit_ompl_interface
[18.066s] [ 78%] [32mBuilding CXX object ompl_interface/CMakeFiles/test_threadsafe_state_storage.dir/test/test_threadsafe_state_storage.cpp.o[0m
[18.066s] [ 78%] [32mBuilding CXX object ompl_interface/CMakeFiles/moveit_ompl_planner_plugin.dir/src/ompl_planner_manager.cpp.o[0m
[18.066s] [ 78%] [32mBuilding CXX object ompl_interface/CMakeFiles/test_state_validity_checker.dir/test/test_state_validity_checker.cpp.o[0m
[18.066s] [ 78%] [32mBuilding CXX object ompl_interface/CMakeFiles/test_planning_context_manager.dir/test/test_planning_context_manager.cpp.o[0m
[18.066s] [ 78%] [32mBuilding CXX object ompl_interface/CMakeFiles/test_state_space.dir/test/test_state_space.cpp.o[0m
[18.066s] [ 80%] [32mBuilding CXX object ompl_interface/CMakeFiles/moveit_generate_state_database.dir/scripts/generate_state_database.cpp.o[0m
[18.066s] [ 80%] [32mBuilding CXX object ompl_interface/CMakeFiles/test_constrained_state_validity_checker.dir/test/test_constrained_state_validity_checker.cpp.o[0m
[18.066s] [ 80%] [32mBuilding CXX object ompl_interface/CMakeFiles/test_constrained_planning_state_space.dir/test/test_constrained_planning_state_space.cpp.o[0m
[23.175s] [ 82%] [32m[1mLinking CXX executable test_threadsafe_state_storage[0m
[23.402s] [ 82%] Built target test_threadsafe_state_storage
[23.730s] [ 85%] [32m[1mLinking CXX executable test_constrained_planning_state_space[0m
[24.006s] [ 85%] Built target test_constrained_planning_state_space
[24.571s] [ 87%] [32m[1mLinking CXX shared library libmoveit_ompl_planner_plugin.so[0m
[24.754s] [ 87%] Built target moveit_ompl_planner_plugin
[25.565s] [ 90%] [32m[1mLinking CXX executable test_constrained_state_validity_checker[0m
[25.773s] [ 92%] [32m[1mLinking CXX executable test_state_validity_checker[0m
[25.778s] [ 95%] [32m[1mLinking CXX executable test_state_space[0m
[25.840s] [ 95%] Built target test_constrained_state_validity_checker
[26.033s] [ 95%] Built target test_state_space
[26.043s] [ 95%] Built target test_state_validity_checker
[27.152s] [ 97%] [32m[1mLinking CXX executable generate_state_database[0m
[27.177s] [100%] [32m[1mLinking CXX executable test_planning_context_manager[0m
[27.375s] [100%] Built target moveit_generate_state_database
[27.398s] [100%] Built target test_planning_context_manager
[27.405s] Invoked command in '/home/steven/ws_moveit2/build/moveit_planners_ompl' returned '0': AMENT_PREFIX_PATH=/home/steven/ws_moveit2/install/moveit_ros_planning:/home/steven/ws_moveit2/install/moveit_ros_occupancy_map_monitor:/home/steven/ws_moveit2/install/moveit_core:/home/steven/ws_moveit2/install/moveit_resources_panda_moveit_config:/home/steven/ws_moveit2/install/moveit_resources_fanuc_moveit_config:/home/steven/ws_moveit2/install/srdfdom:/home/steven/ws_moveit2/install/moveit_resources_pr2_description:/home/steven/ws_moveit2/install/moveit_resources_panda_description:/home/steven/ws_moveit2/install/moveit_resources_fanuc_description:/home/steven/ws_moveit2/install/moveit_common:${AMENT_PREFIX_PATH} CMAKE_PREFIX_PATH=/home/steven/ws_moveit2/install/moveit_ros_planning:/home/steven/ws_moveit2/install/moveit_ros_occupancy_map_monitor:/home/steven/ws_moveit2/install/moveit_core:/home/steven/ws_moveit2/install/moveit_resources_panda_moveit_config:/home/steven/ws_moveit2/install/moveit_resources_fanuc_moveit_config:/home/steven/ws_moveit2/install/srdfdom:/home/steven/ws_moveit2/install/moveit_resources_pr2_description:/home/steven/ws_moveit2/install/moveit_resources_panda_description:/home/steven/ws_moveit2/install/moveit_resources_fanuc_description:/home/steven/ws_moveit2/install/moveit_common:/opt/ros/humble LD_LIBRARY_PATH=/home/steven/ws_moveit2/install/moveit_ros_planning/lib:/home/steven/ws_moveit2/install/moveit_ros_occupancy_map_monitor/lib:/home/steven/ws_moveit2/install/moveit_core/lib:/home/steven/ws_moveit2/install/srdfdom/lib:/opt/ros/humble/opt/rviz_ogre_vendor/lib:/opt/ros/humble/lib/x86_64-linux-gnu:/opt/ros/humble/lib:/usr/local/cuda-12.3/lib64 PATH=/home/steven/ws_moveit2/install/moveit_core/bin:${PATH} PYTHONPATH=/home/steven/ws_moveit2/install/srdfdom/local/lib/python3.10/dist-packages:${PYTHONPATH} /usr/bin/cmake --build /home/steven/ws_moveit2/build/moveit_planners_ompl -- -j32 -l32
[27.417s] Invoking command in '/home/steven/ws_moveit2/build/moveit_planners_ompl': AMENT_PREFIX_PATH=/home/steven/ws_moveit2/install/moveit_ros_planning:/home/steven/ws_moveit2/install/moveit_ros_occupancy_map_monitor:/home/steven/ws_moveit2/install/moveit_core:/home/steven/ws_moveit2/install/moveit_resources_panda_moveit_config:/home/steven/ws_moveit2/install/moveit_resources_fanuc_moveit_config:/home/steven/ws_moveit2/install/srdfdom:/home/steven/ws_moveit2/install/moveit_resources_pr2_description:/home/steven/ws_moveit2/install/moveit_resources_panda_description:/home/steven/ws_moveit2/install/moveit_resources_fanuc_description:/home/steven/ws_moveit2/install/moveit_common:${AMENT_PREFIX_PATH} CMAKE_PREFIX_PATH=/home/steven/ws_moveit2/install/moveit_ros_planning:/home/steven/ws_moveit2/install/moveit_ros_occupancy_map_monitor:/home/steven/ws_moveit2/install/moveit_core:/home/steven/ws_moveit2/install/moveit_resources_panda_moveit_config:/home/steven/ws_moveit2/install/moveit_resources_fanuc_moveit_config:/home/steven/ws_moveit2/install/srdfdom:/home/steven/ws_moveit2/install/moveit_resources_pr2_description:/home/steven/ws_moveit2/install/moveit_resources_panda_description:/home/steven/ws_moveit2/install/moveit_resources_fanuc_description:/home/steven/ws_moveit2/install/moveit_common:/opt/ros/humble LD_LIBRARY_PATH=/home/steven/ws_moveit2/install/moveit_ros_planning/lib:/home/steven/ws_moveit2/install/moveit_ros_occupancy_map_monitor/lib:/home/steven/ws_moveit2/install/moveit_core/lib:/home/steven/ws_moveit2/install/srdfdom/lib:/opt/ros/humble/opt/rviz_ogre_vendor/lib:/opt/ros/humble/lib/x86_64-linux-gnu:/opt/ros/humble/lib:/usr/local/cuda-12.3/lib64 PATH=/home/steven/ws_moveit2/install/moveit_core/bin:${PATH} PYTHONPATH=/home/steven/ws_moveit2/install/srdfdom/local/lib/python3.10/dist-packages:${PYTHONPATH} /usr/bin/cmake --install /home/steven/ws_moveit2/build/moveit_planners_ompl
[27.420s] -- Install configuration: "Release"
[27.421s] -- Installing: /home/steven/ws_moveit2/install/moveit_planners_ompl/lib/moveit_planners_ompl/generate_state_database
[27.421s] -- Set runtime path of "/home/steven/ws_moveit2/install/moveit_planners_ompl/lib/moveit_planners_ompl/generate_state_database" to ""
[27.421s] -- Installing: /home/steven/ws_moveit2/install/moveit_planners_ompl/include
[27.421s] -- Installing: /home/steven/ws_moveit2/install/moveit_planners_ompl/include/moveit
[27.421s] -- Installing: /home/steven/ws_moveit2/install/moveit_planners_ompl/include/moveit/ompl_interface
[27.421s] -- Installing: /home/steven/ws_moveit2/install/moveit_planners_ompl/include/moveit/ompl_interface/model_based_planning_context.h
[27.421s] -- Installing: /home/steven/ws_moveit2/install/moveit_planners_ompl/include/moveit/ompl_interface/planning_context_manager.h
[27.421s] -- Installing: /home/steven/ws_moveit2/install/moveit_planners_ompl/include/moveit/ompl_interface/detail
[27.421s] -- Installing: /home/steven/ws_moveit2/install/moveit_planners_ompl/include/moveit/ompl_interface/detail/projection_evaluators.h
[27.421s] -- Installing: /home/steven/ws_moveit2/install/moveit_planners_ompl/include/moveit/ompl_interface/detail/constrained_valid_state_sampler.h
[27.421s] -- Installing: /home/steven/ws_moveit2/install/moveit_planners_ompl/include/moveit/ompl_interface/detail/constrained_goal_sampler.h
[27.421s] -- Installing: /home/steven/ws_moveit2/install/moveit_planners_ompl/include/moveit/ompl_interface/detail/state_validity_checker.h
[27.421s] -- Installing: /home/steven/ws_moveit2/install/moveit_planners_ompl/include/moveit/ompl_interface/detail/goal_union.h
[27.421s] -- Installing: /home/steven/ws_moveit2/install/moveit_planners_ompl/include/moveit/ompl_interface/detail/constrained_sampler.h
[27.421s] -- Installing: /home/steven/ws_moveit2/install/moveit_planners_ompl/include/moveit/ompl_interface/detail/constraints_library.h
[27.421s] -- Installing: /home/steven/ws_moveit2/install/moveit_planners_ompl/include/moveit/ompl_interface/detail/threadsafe_state_storage.h
[27.421s] -- Installing: /home/steven/ws_moveit2/install/moveit_planners_ompl/include/moveit/ompl_interface/detail/ompl_constraints.h
[27.421s] -- Installing: /home/steven/ws_moveit2/install/moveit_planners_ompl/include/moveit/ompl_interface/detail/constraint_approximations.h
[27.421s] -- Installing: /home/steven/ws_moveit2/install/moveit_planners_ompl/include/moveit/ompl_interface/ompl_interface.h
[27.421s] -- Installing: /home/steven/ws_moveit2/install/moveit_planners_ompl/include/moveit/ompl_interface/parameterization
[27.422s] -- Installing: /home/steven/ws_moveit2/install/moveit_planners_ompl/include/moveit/ompl_interface/parameterization/model_based_state_space_factory.h
[27.422s] -- Installing: /home/steven/ws_moveit2/install/moveit_planners_ompl/include/moveit/ompl_interface/parameterization/model_based_state_space.h
[27.422s] -- Installing: /home/steven/ws_moveit2/install/moveit_planners_ompl/include/moveit/ompl_interface/parameterization/work_space
[27.422s] -- Installing: /home/steven/ws_moveit2/install/moveit_planners_ompl/include/moveit/ompl_interface/parameterization/work_space/pose_model_state_space.h
[27.422s] -- Installing: /home/steven/ws_moveit2/install/moveit_planners_ompl/include/moveit/ompl_interface/parameterization/work_space/pose_model_state_space_factory.h
[27.422s] -- Installing: /home/steven/ws_moveit2/install/moveit_planners_ompl/include/moveit/ompl_interface/parameterization/joint_space
[27.422s] -- Installing: /home/steven/ws_moveit2/install/moveit_planners_ompl/include/moveit/ompl_interface/parameterization/joint_space/joint_model_state_space_factory.h
[27.422s] -- Installing: /home/steven/ws_moveit2/install/moveit_planners_ompl/include/moveit/ompl_interface/parameterization/joint_space/joint_model_state_space.h
[27.422s] -- Installing: /home/steven/ws_moveit2/install/moveit_planners_ompl/include/moveit/ompl_interface/parameterization/joint_space/constrained_planning_state_space_factory.h
[27.422s] -- Installing: /home/steven/ws_moveit2/install/moveit_planners_ompl/include/moveit/ompl_interface/parameterization/joint_space/constrained_planning_state_space.h
[27.422s] -- Installing: /home/steven/ws_moveit2/install/moveit_planners_ompl/lib/libmoveit_ompl_interface.so.2.5.5
[27.423s] -- Set runtime path of "/home/steven/ws_moveit2/install/moveit_planners_ompl/lib/libmoveit_ompl_interface.so.2.5.5" to ""
[27.423s] -- Installing: /home/steven/ws_moveit2/install/moveit_planners_ompl/lib/libmoveit_ompl_interface.so
[27.423s] -- Installing: /home/steven/ws_moveit2/install/moveit_planners_ompl/lib/libmoveit_ompl_planner_plugin.so.2.5.5
[27.423s] -- Set runtime path of "/home/steven/ws_moveit2/install/moveit_planners_ompl/lib/libmoveit_ompl_planner_plugin.so.2.5.5" to ""
[27.423s] -- Installing: /home/steven/ws_moveit2/install/moveit_planners_ompl/lib/libmoveit_ompl_planner_plugin.so
[27.423s] -- Installing: /home/steven/ws_moveit2/install/moveit_planners_ompl/share/moveit_planners_ompl/environment/library_path.sh
[27.423s] -- Installing: /home/steven/ws_moveit2/install/moveit_planners_ompl/share/moveit_planners_ompl/environment/library_path.dsv
[27.423s] -- Installing: /home/steven/ws_moveit2/install/moveit_planners_ompl/share/moveit_planners_ompl/ompl_interface_plugin_description.xml
[27.423s] -- Installing: /home/steven/ws_moveit2/install/moveit_planners_ompl/share/ament_index/resource_index/package_run_dependencies/moveit_planners_ompl
[27.423s] -- Installing: /home/steven/ws_moveit2/install/moveit_planners_ompl/share/ament_index/resource_index/parent_prefix_path/moveit_planners_ompl
[27.423s] -- Installing: /home/steven/ws_moveit2/install/moveit_planners_ompl/share/moveit_planners_ompl/environment/ament_prefix_path.sh
[27.423s] -- Installing: /home/steven/ws_moveit2/install/moveit_planners_ompl/share/moveit_planners_ompl/environment/ament_prefix_path.dsv
[27.423s] -- Installing: /home/steven/ws_moveit2/install/moveit_planners_ompl/share/moveit_planners_ompl/environment/path.sh
[27.423s] -- Installing: /home/steven/ws_moveit2/install/moveit_planners_ompl/share/moveit_planners_ompl/environment/path.dsv
[27.423s] -- Installing: /home/steven/ws_moveit2/install/moveit_planners_ompl/share/moveit_planners_ompl/local_setup.bash
[27.424s] -- Installing: /home/steven/ws_moveit2/install/moveit_planners_ompl/share/moveit_planners_ompl/local_setup.sh
[27.424s] -- Installing: /home/steven/ws_moveit2/install/moveit_planners_ompl/share/moveit_planners_ompl/local_setup.zsh
[27.424s] -- Installing: /home/steven/ws_moveit2/install/moveit_planners_ompl/share/moveit_planners_ompl/local_setup.dsv
[27.424s] -- Installing: /home/steven/ws_moveit2/install/moveit_planners_ompl/share/moveit_planners_ompl/package.dsv
[27.424s] -- Installing: /home/steven/ws_moveit2/install/moveit_planners_ompl/share/ament_index/resource_index/packages/moveit_planners_ompl
[27.424s] -- Installing: /home/steven/ws_moveit2/install/moveit_planners_ompl/share/ament_index/resource_index/moveit_core__pluginlib__plugin/moveit_planners_ompl
[27.424s] -- Installing: /home/steven/ws_moveit2/install/moveit_planners_ompl/share/moveit_planners_ompl/cmake/export_moveit_planners_omplExport.cmake
[27.424s] -- Installing: /home/steven/ws_moveit2/install/moveit_planners_ompl/share/moveit_planners_ompl/cmake/export_moveit_planners_omplExport-release.cmake
[27.424s] -- Installing: /home/steven/ws_moveit2/install/moveit_planners_ompl/share/moveit_planners_ompl/cmake/ament_cmake_export_targets-extras.cmake
[27.424s] -- Installing: /home/steven/ws_moveit2/install/moveit_planners_ompl/share/moveit_planners_ompl/cmake/ament_cmake_export_dependencies-extras.cmake
[27.424s] -- Installing: /home/steven/ws_moveit2/install/moveit_planners_ompl/share/moveit_planners_ompl/cmake/moveit_planners_omplConfig.cmake
[27.424s] -- Installing: /home/steven/ws_moveit2/install/moveit_planners_ompl/share/moveit_planners_ompl/cmake/moveit_planners_omplConfig-version.cmake
[27.424s] -- Installing: /home/steven/ws_moveit2/install/moveit_planners_ompl/share/moveit_planners_ompl/package.xml
[27.425s] Invoked command in '/home/steven/ws_moveit2/build/moveit_planners_ompl' returned '0': AMENT_PREFIX_PATH=/home/steven/ws_moveit2/install/moveit_ros_planning:/home/steven/ws_moveit2/install/moveit_ros_occupancy_map_monitor:/home/steven/ws_moveit2/install/moveit_core:/home/steven/ws_moveit2/install/moveit_resources_panda_moveit_config:/home/steven/ws_moveit2/install/moveit_resources_fanuc_moveit_config:/home/steven/ws_moveit2/install/srdfdom:/home/steven/ws_moveit2/install/moveit_resources_pr2_description:/home/steven/ws_moveit2/install/moveit_resources_panda_description:/home/steven/ws_moveit2/install/moveit_resources_fanuc_description:/home/steven/ws_moveit2/install/moveit_common:${AMENT_PREFIX_PATH} CMAKE_PREFIX_PATH=/home/steven/ws_moveit2/install/moveit_ros_planning:/home/steven/ws_moveit2/install/moveit_ros_occupancy_map_monitor:/home/steven/ws_moveit2/install/moveit_core:/home/steven/ws_moveit2/install/moveit_resources_panda_moveit_config:/home/steven/ws_moveit2/install/moveit_resources_fanuc_moveit_config:/home/steven/ws_moveit2/install/srdfdom:/home/steven/ws_moveit2/install/moveit_resources_pr2_description:/home/steven/ws_moveit2/install/moveit_resources_panda_description:/home/steven/ws_moveit2/install/moveit_resources_fanuc_description:/home/steven/ws_moveit2/install/moveit_common:/opt/ros/humble LD_LIBRARY_PATH=/home/steven/ws_moveit2/install/moveit_ros_planning/lib:/home/steven/ws_moveit2/install/moveit_ros_occupancy_map_monitor/lib:/home/steven/ws_moveit2/install/moveit_core/lib:/home/steven/ws_moveit2/install/srdfdom/lib:/opt/ros/humble/opt/rviz_ogre_vendor/lib:/opt/ros/humble/lib/x86_64-linux-gnu:/opt/ros/humble/lib:/usr/local/cuda-12.3/lib64 PATH=/home/steven/ws_moveit2/install/moveit_core/bin:${PATH} PYTHONPATH=/home/steven/ws_moveit2/install/srdfdom/local/lib/python3.10/dist-packages:${PYTHONPATH} /usr/bin/cmake --install /home/steven/ws_moveit2/build/moveit_planners_ompl
