[1.483s] Invoking command in '/home/user/ros2_ws/build/ur_description': CMAKE_PREFIX_PATH=${CMAKE_PREFIX_PATH}:/home/simulations/ros2_sims_ws/install/rclrs_tests:/home/simulations/ros2_sims_ws/install/examples_rclrs_minimal_client_service:/home/simulations/ros2_sims_ws/install/sensor_msgs_py:/home/simulations/ros2_sims_ws/install/examples_rclrs_minimal_pub_sub:/home/simulations/ros2_sims_ws/install/examples_rclrs_message_demo:/home/simulations/ros2_sims_ws/install/rclrs:/home/simulations/ros2_sims_ws/install/rosidl_runtime_rs:/home/user/ros2_ws/install/ros2test:/home/user/ros2_ws/install/robotiq_85_driver:/home/user/ros2_ws/install/moveit_configs_utils:/opt/ros/humble _=/usr/bin/env /usr/bin/cmake --build /home/user/ros2_ws/build/ur_description -- -j8 -l8
[1.700s] Invoked command in '/home/user/ros2_ws/build/ur_description' returned '0': CMAKE_PREFIX_PATH=${CMAKE_PREFIX_PATH}:/home/simulations/ros2_sims_ws/install/rclrs_tests:/home/simulations/ros2_sims_ws/install/examples_rclrs_minimal_client_service:/home/simulations/ros2_sims_ws/install/sensor_msgs_py:/home/simulations/ros2_sims_ws/install/examples_rclrs_minimal_pub_sub:/home/simulations/ros2_sims_ws/install/examples_rclrs_message_demo:/home/simulations/ros2_sims_ws/install/rclrs:/home/simulations/ros2_sims_ws/install/rosidl_runtime_rs:/home/user/ros2_ws/install/ros2test:/home/user/ros2_ws/install/robotiq_85_driver:/home/user/ros2_ws/install/moveit_configs_utils:/opt/ros/humble _=/usr/bin/env /usr/bin/cmake --build /home/user/ros2_ws/build/ur_description -- -j8 -l8
[2.206s] Invoking command in '/home/user/ros2_ws/build/ur_description': CMAKE_PREFIX_PATH=${CMAKE_PREFIX_PATH}:/home/simulations/ros2_sims_ws/install/rclrs_tests:/home/simulations/ros2_sims_ws/install/examples_rclrs_minimal_client_service:/home/simulations/ros2_sims_ws/install/sensor_msgs_py:/home/simulations/ros2_sims_ws/install/examples_rclrs_minimal_pub_sub:/home/simulations/ros2_sims_ws/install/examples_rclrs_message_demo:/home/simulations/ros2_sims_ws/install/rclrs:/home/simulations/ros2_sims_ws/install/rosidl_runtime_rs:/home/user/ros2_ws/install/ros2test:/home/user/ros2_ws/install/robotiq_85_driver:/home/user/ros2_ws/install/moveit_configs_utils:/opt/ros/humble _=/usr/bin/env /usr/bin/cmake --install /home/user/ros2_ws/build/ur_description
[2.255s] -- Install configuration: ""
[2.255s] -- Up-to-date: /home/user/ros2_ws/install/ur_description/share/ur_description/config
[2.256s] -- Up-to-date: /home/user/ros2_ws/install/ur_description/share/ur_description/config/ur16e
[2.256s] -- Up-to-date: /home/user/ros2_ws/install/ur_description/share/ur_description/config/ur16e/visual_parameters.yaml
[2.257s] -- Up-to-date: /home/user/ros2_ws/install/ur_description/share/ur_description/config/ur16e/default_kinematics.yaml
[2.257s] -- Up-to-date: /home/user/ros2_ws/install/ur_description/share/ur_description/config/ur16e/joint_limits.yaml
[2.257s] -- Up-to-date: /home/user/ros2_ws/install/ur_description/share/ur_description/config/ur16e/physical_parameters.yaml
[2.257s] -- Up-to-date: /home/user/ros2_ws/install/ur_description/share/ur_description/config/ur10e
[2.257s] -- Up-to-date: /home/user/ros2_ws/install/ur_description/share/ur_description/config/ur10e/visual_parameters.yaml
[2.258s] -- Up-to-date: /home/user/ros2_ws/install/ur_description/share/ur_description/config/ur10e/default_kinematics.yaml
[2.258s] -- Up-to-date: /home/user/ros2_ws/install/ur_description/share/ur_description/config/ur10e/joint_limits.yaml
[2.259s] -- Up-to-date: /home/user/ros2_ws/install/ur_description/share/ur_description/config/ur10e/physical_parameters.yaml
[2.284s] -- Up-to-date: /home/user/ros2_ws/install/ur_description/share/ur_description/config/ur3
[2.284s] -- Up-to-date: /home/user/ros2_ws/install/ur_description/share/ur_description/config/ur3/visual_parameters.yaml
[2.284s] -- Up-to-date: /home/user/ros2_ws/install/ur_description/share/ur_description/config/ur3/default_kinematics.yaml
[2.284s] -- Up-to-date: /home/user/ros2_ws/install/ur_description/share/ur_description/config/ur3/joint_limits.yaml
[2.285s] -- Up-to-date: /home/user/ros2_ws/install/ur_description/share/ur_description/config/ur3/physical_parameters.yaml
[2.285s] -- Up-to-date: /home/user/ros2_ws/install/ur_description/share/ur_description/config/ur5
[2.285s] -- Up-to-date: /home/user/ros2_ws/install/ur_description/share/ur_description/config/ur5/visual_parameters.yaml
[2.285s] -- Up-to-date: /home/user/ros2_ws/install/ur_description/share/ur_description/config/ur5/default_kinematics.yaml
[2.285s] -- Up-to-date: /home/user/ros2_ws/install/ur_description/share/ur_description/config/ur5/joint_limits.yaml
[2.286s] -- Up-to-date: /home/user/ros2_ws/install/ur_description/share/ur_description/config/ur5/physical_parameters.yaml
[2.286s] -- Up-to-date: /home/user/ros2_ws/install/ur_description/share/ur_description/config/ur10
[2.286s] -- Up-to-date: /home/user/ros2_ws/install/ur_description/share/ur_description/config/ur10/visual_parameters.yaml
[2.286s] -- Up-to-date: /home/user/ros2_ws/install/ur_description/share/ur_description/config/ur10/default_kinematics.yaml
[2.286s] -- Up-to-date: /home/user/ros2_ws/install/ur_description/share/ur_description/config/ur10/joint_limits.yaml
[2.287s] -- Up-to-date: /home/user/ros2_ws/install/ur_description/share/ur_description/config/ur10/physical_parameters.yaml
[2.287s] -- Up-to-date: /home/user/ros2_ws/install/ur_description/share/ur_description/config/ur5e
[2.287s] -- Up-to-date: /home/user/ros2_ws/install/ur_description/share/ur_description/config/ur5e/visual_parameters.yaml
[2.287s] -- Up-to-date: /home/user/ros2_ws/install/ur_description/share/ur_description/config/ur5e/default_kinematics.yaml
[2.287s] -- Up-to-date: /home/user/ros2_ws/install/ur_description/share/ur_description/config/ur5e/joint_limits.yaml
[2.288s] -- Up-to-date: /home/user/ros2_ws/install/ur_description/share/ur_description/config/ur5e/physical_parameters.yaml
[2.288s] -- Up-to-date: /home/user/ros2_ws/install/ur_description/share/ur_description/config/initial_positions.yaml
[2.288s] -- Up-to-date: /home/user/ros2_ws/install/ur_description/share/ur_description/config/ur3e
[2.288s] -- Up-to-date: /home/user/ros2_ws/install/ur_description/share/ur_description/config/ur3e/visual_parameters.yaml
[2.289s] -- Up-to-date: /home/user/ros2_ws/install/ur_description/share/ur_description/config/ur3e/default_kinematics.yaml
[2.289s] -- Up-to-date: /home/user/ros2_ws/install/ur_description/share/ur_description/config/ur3e/joint_limits.yaml
[2.289s] -- Up-to-date: /home/user/ros2_ws/install/ur_description/share/ur_description/config/ur3e/physical_parameters.yaml
[2.289s] -- Up-to-date: /home/user/ros2_ws/install/ur_description/share/ur_description/launch
[2.289s] -- Up-to-date: /home/user/ros2_ws/install/ur_description/share/ur_description/launch/view_ur.launch.py
[2.289s] -- Up-to-date: /home/user/ros2_ws/install/ur_description/share/ur_description/meshes
[2.290s] -- Up-to-date: /home/user/ros2_ws/install/ur_description/share/ur_description/meshes/ur16e
[2.290s] -- Up-to-date: /home/user/ros2_ws/install/ur_description/share/ur_description/meshes/ur16e/collision
[2.290s] -- Up-to-date: /home/user/ros2_ws/install/ur_description/share/ur_description/meshes/ur16e/collision/upperarm.stl
[2.290s] -- Up-to-date: /home/user/ros2_ws/install/ur_description/share/ur_description/meshes/ur16e/collision/forearm.stl
[2.290s] -- Up-to-date: /home/user/ros2_ws/install/ur_description/share/ur_description/meshes/ur16e/visual
[2.291s] -- Up-to-date: /home/user/ros2_ws/install/ur_description/share/ur_description/meshes/ur16e/visual/upperarm.dae
[2.291s] -- Up-to-date: /home/user/ros2_ws/install/ur_description/share/ur_description/meshes/ur16e/visual/forearm.dae
[2.291s] -- Up-to-date: /home/user/ros2_ws/install/ur_description/share/ur_description/meshes/ur10e
[2.291s] -- Up-to-date: /home/user/ros2_ws/install/ur_description/share/ur_description/meshes/ur10e/collision
[2.291s] -- Up-to-date: /home/user/ros2_ws/install/ur_description/share/ur_description/meshes/ur10e/collision/upperarm.stl
[2.291s] -- Up-to-date: /home/user/ros2_ws/install/ur_description/share/ur_description/meshes/ur10e/collision/wrist1.stl
[2.292s] -- Up-to-date: /home/user/ros2_ws/install/ur_description/share/ur_description/meshes/ur10e/collision/wrist3.stl
[2.292s] -- Up-to-date: /home/user/ros2_ws/install/ur_description/share/ur_description/meshes/ur10e/collision/base.stl
[2.292s] -- Up-to-date: /home/user/ros2_ws/install/ur_description/share/ur_description/meshes/ur10e/collision/shoulder.stl
[2.292s] -- Up-to-date: /home/user/ros2_ws/install/ur_description/share/ur_description/meshes/ur10e/collision/forearm.stl
[2.292s] -- Up-to-date: /home/user/ros2_ws/install/ur_description/share/ur_description/meshes/ur10e/collision/wrist2.stl
[2.293s] -- Up-to-date: /home/user/ros2_ws/install/ur_description/share/ur_description/meshes/ur10e/visual
[2.293s] -- Up-to-date: /home/user/ros2_ws/install/ur_description/share/ur_description/meshes/ur10e/visual/base.dae
[2.293s] -- Up-to-date: /home/user/ros2_ws/install/ur_description/share/ur_description/meshes/ur10e/visual/wrist3.dae
[2.293s] -- Up-to-date: /home/user/ros2_ws/install/ur_description/share/ur_description/meshes/ur10e/visual/upperarm.dae
[2.293s] -- Up-to-date: /home/user/ros2_ws/install/ur_description/share/ur_description/meshes/ur10e/visual/wrist2.dae
[2.293s] -- Up-to-date: /home/user/ros2_ws/install/ur_description/share/ur_description/meshes/ur10e/visual/forearm.dae
[2.294s] -- Up-to-date: /home/user/ros2_ws/install/ur_description/share/ur_description/meshes/ur10e/visual/wrist1.dae
[2.294s] -- Up-to-date: /home/user/ros2_ws/install/ur_description/share/ur_description/meshes/ur10e/visual/shoulder.dae
[2.294s] -- Up-to-date: /home/user/ros2_ws/install/ur_description/share/ur_description/meshes/ur3
[2.294s] -- Up-to-date: /home/user/ros2_ws/install/ur_description/share/ur_description/meshes/ur3/collision
[2.294s] -- Up-to-date: /home/user/ros2_ws/install/ur_description/share/ur_description/meshes/ur3/collision/upperarm.stl
[2.294s] -- Up-to-date: /home/user/ros2_ws/install/ur_description/share/ur_description/meshes/ur3/collision/wrist1.stl
[2.295s] -- Up-to-date: /home/user/ros2_ws/install/ur_description/share/ur_description/meshes/ur3/collision/wrist3.stl
[2.295s] -- Up-to-date: /home/user/ros2_ws/install/ur_description/share/ur_description/meshes/ur3/collision/base.stl
[2.295s] -- Up-to-date: /home/user/ros2_ws/install/ur_description/share/ur_description/meshes/ur3/collision/shoulder.stl
[2.295s] -- Up-to-date: /home/user/ros2_ws/install/ur_description/share/ur_description/meshes/ur3/collision/forearm.stl
[2.295s] -- Up-to-date: /home/user/ros2_ws/install/ur_description/share/ur_description/meshes/ur3/collision/wrist2.stl
[2.295s] -- Up-to-date: /home/user/ros2_ws/install/ur_description/share/ur_description/meshes/ur3/visual
[2.300s] -- Up-to-date: /home/user/ros2_ws/install/ur_description/share/ur_description/meshes/ur3/visual/base.dae
[2.300s] -- Up-to-date: /home/user/ros2_ws/install/ur_description/share/ur_description/meshes/ur3/visual/wrist3.dae
[2.300s] -- Up-to-date: /home/user/ros2_ws/install/ur_description/share/ur_description/meshes/ur3/visual/upperarm.dae
[2.301s] -- Up-to-date: /home/user/ros2_ws/install/ur_description/share/ur_description/meshes/ur3/visual/wrist2.dae
[2.301s] -- Up-to-date: /home/user/ros2_ws/install/ur_description/share/ur_description/meshes/ur3/visual/forearm.dae
[2.301s] -- Up-to-date: /home/user/ros2_ws/install/ur_description/share/ur_description/meshes/ur3/visual/wrist1.dae
[2.301s] -- Up-to-date: /home/user/ros2_ws/install/ur_description/share/ur_description/meshes/ur3/visual/shoulder.dae
[2.301s] -- Up-to-date: /home/user/ros2_ws/install/ur_description/share/ur_description/meshes/ur5
[2.301s] -- Up-to-date: /home/user/ros2_ws/install/ur_description/share/ur_description/meshes/ur5/collision
[2.302s] -- Up-to-date: /home/user/ros2_ws/install/ur_description/share/ur_description/meshes/ur5/collision/upperarm.stl
[2.302s] -- Up-to-date: /home/user/ros2_ws/install/ur_description/share/ur_description/meshes/ur5/collision/wrist1.stl
[2.302s] -- Up-to-date: /home/user/ros2_ws/install/ur_description/share/ur_description/meshes/ur5/collision/wrist3.stl
[2.302s] -- Up-to-date: /home/user/ros2_ws/install/ur_description/share/ur_description/meshes/ur5/collision/base.stl
[2.302s] -- Up-to-date: /home/user/ros2_ws/install/ur_description/share/ur_description/meshes/ur5/collision/shoulder.stl
[2.302s] -- Up-to-date: /home/user/ros2_ws/install/ur_description/share/ur_description/meshes/ur5/collision/forearm.stl
[2.303s] -- Up-to-date: /home/user/ros2_ws/install/ur_description/share/ur_description/meshes/ur5/collision/wrist2.stl
[2.303s] -- Up-to-date: /home/user/ros2_ws/install/ur_description/share/ur_description/meshes/ur5/visual
[2.303s] -- Up-to-date: /home/user/ros2_ws/install/ur_description/share/ur_description/meshes/ur5/visual/base.dae
[2.303s] -- Up-to-date: /home/user/ros2_ws/install/ur_description/share/ur_description/meshes/ur5/visual/wrist3.dae
[2.303s] -- Up-to-date: /home/user/ros2_ws/install/ur_description/share/ur_description/meshes/ur5/visual/upperarm.dae
[2.303s] -- Up-to-date: /home/user/ros2_ws/install/ur_description/share/ur_description/meshes/ur5/visual/wrist2.dae
[2.328s] -- Up-to-date: /home/user/ros2_ws/install/ur_description/share/ur_description/meshes/ur5/visual/forearm.dae
[2.328s] -- Up-to-date: /home/user/ros2_ws/install/ur_description/share/ur_description/meshes/ur5/visual/wrist1.dae
[2.329s] -- Up-to-date: /home/user/ros2_ws/install/ur_description/share/ur_description/meshes/ur5/visual/shoulder.dae
[2.329s] -- Up-to-date: /home/user/ros2_ws/install/ur_description/share/ur_description/meshes/ur10
[2.329s] -- Up-to-date: /home/user/ros2_ws/install/ur_description/share/ur_description/meshes/ur10/collision
[2.329s] -- Up-to-date: /home/user/ros2_ws/install/ur_description/share/ur_description/meshes/ur10/collision/upperarm.stl
[2.329s] -- Up-to-date: /home/user/ros2_ws/install/ur_description/share/ur_description/meshes/ur10/collision/wrist1.stl
[2.329s] -- Up-to-date: /home/user/ros2_ws/install/ur_description/share/ur_description/meshes/ur10/collision/wrist3.stl
[2.330s] -- Up-to-date: /home/user/ros2_ws/install/ur_description/share/ur_description/meshes/ur10/collision/base.stl
[2.330s] -- Up-to-date: /home/user/ros2_ws/install/ur_description/share/ur_description/meshes/ur10/collision/shoulder.stl
[2.330s] -- Up-to-date: /home/user/ros2_ws/install/ur_description/share/ur_description/meshes/ur10/collision/forearm.stl
[2.330s] -- Up-to-date: /home/user/ros2_ws/install/ur_description/share/ur_description/meshes/ur10/collision/wrist2.stl
[2.330s] -- Up-to-date: /home/user/ros2_ws/install/ur_description/share/ur_description/meshes/ur10/visual
[2.330s] -- Up-to-date: /home/user/ros2_ws/install/ur_description/share/ur_description/meshes/ur10/visual/base.dae
[2.331s] -- Up-to-date: /home/user/ros2_ws/install/ur_description/share/ur_description/meshes/ur10/visual/wrist3.dae
[2.331s] -- Up-to-date: /home/user/ros2_ws/install/ur_description/share/ur_description/meshes/ur10/visual/upperarm.dae
[2.331s] -- Up-to-date: /home/user/ros2_ws/install/ur_description/share/ur_description/meshes/ur10/visual/wrist2.dae
[2.331s] -- Up-to-date: /home/user/ros2_ws/install/ur_description/share/ur_description/meshes/ur10/visual/forearm.dae
[2.331s] -- Up-to-date: /home/user/ros2_ws/install/ur_description/share/ur_description/meshes/ur10/visual/wrist1.dae
[2.331s] -- Up-to-date: /home/user/ros2_ws/install/ur_description/share/ur_description/meshes/ur10/visual/shoulder.dae
[2.332s] -- Up-to-date: /home/user/ros2_ws/install/ur_description/share/ur_description/meshes/ur5e
[2.332s] -- Up-to-date: /home/user/ros2_ws/install/ur_description/share/ur_description/meshes/ur5e/collision
[2.332s] -- Up-to-date: /home/user/ros2_ws/install/ur_description/share/ur_description/meshes/ur5e/collision/upperarm.stl
[2.332s] -- Up-to-date: /home/user/ros2_ws/install/ur_description/share/ur_description/meshes/ur5e/collision/wrist1.stl
[2.333s] -- Up-to-date: /home/user/ros2_ws/install/ur_description/share/ur_description/meshes/ur5e/collision/wrist3.stl
[2.333s] -- Up-to-date: /home/user/ros2_ws/install/ur_description/share/ur_description/meshes/ur5e/collision/base.stl
[2.333s] -- Up-to-date: /home/user/ros2_ws/install/ur_description/share/ur_description/meshes/ur5e/collision/shoulder.stl
[2.333s] -- Up-to-date: /home/user/ros2_ws/install/ur_description/share/ur_description/meshes/ur5e/collision/forearm.stl
[2.333s] -- Up-to-date: /home/user/ros2_ws/install/ur_description/share/ur_description/meshes/ur5e/collision/wrist2.stl
[2.333s] -- Up-to-date: /home/user/ros2_ws/install/ur_description/share/ur_description/meshes/ur5e/visual
[2.333s] -- Up-to-date: /home/user/ros2_ws/install/ur_description/share/ur_description/meshes/ur5e/visual/base.dae
[2.334s] -- Up-to-date: /home/user/ros2_ws/install/ur_description/share/ur_description/meshes/ur5e/visual/wrist3.dae
[2.334s] -- Up-to-date: /home/user/ros2_ws/install/ur_description/share/ur_description/meshes/ur5e/visual/upperarm.dae
[2.334s] -- Up-to-date: /home/user/ros2_ws/install/ur_description/share/ur_description/meshes/ur5e/visual/wrist2.dae
[2.334s] -- Up-to-date: /home/user/ros2_ws/install/ur_description/share/ur_description/meshes/ur5e/visual/forearm.dae
[2.334s] -- Up-to-date: /home/user/ros2_ws/install/ur_description/share/ur_description/meshes/ur5e/visual/wrist1.dae
[2.334s] -- Up-to-date: /home/user/ros2_ws/install/ur_description/share/ur_description/meshes/ur5e/visual/shoulder.dae
[2.335s] -- Up-to-date: /home/user/ros2_ws/install/ur_description/share/ur_description/meshes/ur3e
[2.335s] -- Up-to-date: /home/user/ros2_ws/install/ur_description/share/ur_description/meshes/ur3e/collision
[2.335s] -- Up-to-date: /home/user/ros2_ws/install/ur_description/share/ur_description/meshes/ur3e/collision/upperarm.stl
[2.335s] -- Up-to-date: /home/user/ros2_ws/install/ur_description/share/ur_description/meshes/ur3e/collision/wrist1.stl
[2.335s] -- Up-to-date: /home/user/ros2_ws/install/ur_description/share/ur_description/meshes/ur3e/collision/wrist3.stl
[2.336s] -- Up-to-date: /home/user/ros2_ws/install/ur_description/share/ur_description/meshes/ur3e/collision/base.stl
[2.336s] -- Up-to-date: /home/user/ros2_ws/install/ur_description/share/ur_description/meshes/ur3e/collision/shoulder.stl
[2.336s] -- Up-to-date: /home/user/ros2_ws/install/ur_description/share/ur_description/meshes/ur3e/collision/forearm.stl
[2.336s] -- Up-to-date: /home/user/ros2_ws/install/ur_description/share/ur_description/meshes/ur3e/collision/wrist2.stl
[2.336s] -- Up-to-date: /home/user/ros2_ws/install/ur_description/share/ur_description/meshes/ur3e/visual
[2.337s] -- Up-to-date: /home/user/ros2_ws/install/ur_description/share/ur_description/meshes/ur3e/visual/base.dae
[2.337s] -- Up-to-date: /home/user/ros2_ws/install/ur_description/share/ur_description/meshes/ur3e/visual/wrist3.dae
[2.337s] -- Up-to-date: /home/user/ros2_ws/install/ur_description/share/ur_description/meshes/ur3e/visual/upperarm.dae
[2.337s] -- Up-to-date: /home/user/ros2_ws/install/ur_description/share/ur_description/meshes/ur3e/visual/wrist2.dae
[2.337s] -- Up-to-date: /home/user/ros2_ws/install/ur_description/share/ur_description/meshes/ur3e/visual/forearm.dae
[2.338s] -- Up-to-date: /home/user/ros2_ws/install/ur_description/share/ur_description/meshes/ur3e/visual/wrist1.dae
[2.338s] -- Up-to-date: /home/user/ros2_ws/install/ur_description/share/ur_description/meshes/ur3e/visual/shoulder.dae
[2.338s] -- Up-to-date: /home/user/ros2_ws/install/ur_description/share/ur_description/rviz
[2.338s] -- Up-to-date: /home/user/ros2_ws/install/ur_description/share/ur_description/rviz/view_robot.rviz
[2.338s] -- Up-to-date: /home/user/ros2_ws/install/ur_description/share/ur_description/urdf
[2.339s] -- Up-to-date: /home/user/ros2_ws/install/ur_description/share/ur_description/urdf/inc
[2.339s] -- Up-to-date: /home/user/ros2_ws/install/ur_description/share/ur_description/urdf/inc/ur_transmissions.xacro
[2.339s] -- Up-to-date: /home/user/ros2_ws/install/ur_description/share/ur_description/urdf/inc/ur_common.xacro
[2.339s] -- Up-to-date: /home/user/ros2_ws/install/ur_description/share/ur_description/urdf/ur_macro.xacro
[2.339s] -- Up-to-date: /home/user/ros2_ws/install/ur_description/share/ur_description/urdf/ur_moveit.urdf.xacro
[2.340s] -- Up-to-date: /home/user/ros2_ws/install/ur_description/share/ur_description/urdf/ur.ros2_control.xacro
[2.340s] -- Up-to-date: /home/user/ros2_ws/install/ur_description/share/ur_description/urdf/ur.urdf.xacro
[2.340s] -- Up-to-date: /home/user/ros2_ws/install/ur_description/share/ur_description/test
[2.340s] -- Up-to-date: /home/user/ros2_ws/install/ur_description/share/ur_description/test/test_ur_urdf_xacro.py
[2.340s] -- Up-to-date: /home/user/ros2_ws/install/ur_description/share/ur_description/test/test_view_ur_launch.py
[2.340s] -- Up-to-date: /home/user/ros2_ws/install/ur_description/share/ament_index/resource_index/package_run_dependencies/ur_description
[2.341s] -- Up-to-date: /home/user/ros2_ws/install/ur_description/share/ament_index/resource_index/parent_prefix_path/ur_description
[2.341s] -- Up-to-date: /home/user/ros2_ws/install/ur_description/share/ur_description/environment/ament_prefix_path.sh
[2.341s] -- Up-to-date: /home/user/ros2_ws/install/ur_description/share/ur_description/environment/ament_prefix_path.dsv
[2.341s] -- Up-to-date: /home/user/ros2_ws/install/ur_description/share/ur_description/environment/path.sh
[2.341s] -- Up-to-date: /home/user/ros2_ws/install/ur_description/share/ur_description/environment/path.dsv
[2.341s] -- Up-to-date: /home/user/ros2_ws/install/ur_description/share/ur_description/local_setup.bash
[2.341s] -- Up-to-date: /home/user/ros2_ws/install/ur_description/share/ur_description/local_setup.sh
[2.342s] -- Up-to-date: /home/user/ros2_ws/install/ur_description/share/ur_description/local_setup.zsh
[2.342s] -- Up-to-date: /home/user/ros2_ws/install/ur_description/share/ur_description/local_setup.dsv
[2.342s] -- Installing: /home/user/ros2_ws/install/ur_description/share/ur_description/package.dsv
[2.342s] -- Up-to-date: /home/user/ros2_ws/install/ur_description/share/ament_index/resource_index/packages/ur_description
[2.342s] -- Up-to-date: /home/user/ros2_ws/install/ur_description/share/ur_description/cmake/ur_descriptionConfig.cmake
[2.342s] -- Up-to-date: /home/user/ros2_ws/install/ur_description/share/ur_description/cmake/ur_descriptionConfig-version.cmake
[2.343s] -- Up-to-date: /home/user/ros2_ws/install/ur_description/share/ur_description/package.xml
[2.464s] Invoked command in '/home/user/ros2_ws/build/ur_description' returned '0': CMAKE_PREFIX_PATH=${CMAKE_PREFIX_PATH}:/home/simulations/ros2_sims_ws/install/rclrs_tests:/home/simulations/ros2_sims_ws/install/examples_rclrs_minimal_client_service:/home/simulations/ros2_sims_ws/install/sensor_msgs_py:/home/simulations/ros2_sims_ws/install/examples_rclrs_minimal_pub_sub:/home/simulations/ros2_sims_ws/install/examples_rclrs_message_demo:/home/simulations/ros2_sims_ws/install/rclrs:/home/simulations/ros2_sims_ws/install/rosidl_runtime_rs:/home/user/ros2_ws/install/ros2test:/home/user/ros2_ws/install/robotiq_85_driver:/home/user/ros2_ws/install/moveit_configs_utils:/opt/ros/humble _=/usr/bin/env /usr/bin/cmake --install /home/user/ros2_ws/build/ur_description
