[1.691s] Invoking command in '/home/user/ros2_ws/build/robotiq_85_msgs': CMAKE_PREFIX_PATH=${CMAKE_PREFIX_PATH}:/home/simulations/ros2_sims_ws/install/rclrs_tests:/home/simulations/ros2_sims_ws/install/examples_rclrs_minimal_client_service:/home/simulations/ros2_sims_ws/install/sensor_msgs_py:/home/simulations/ros2_sims_ws/install/examples_rclrs_minimal_pub_sub:/home/simulations/ros2_sims_ws/install/examples_rclrs_message_demo:/home/simulations/ros2_sims_ws/install/rclrs:/home/simulations/ros2_sims_ws/install/rosidl_runtime_rs:/home/user/ros2_ws/install/ros2test:/home/user/ros2_ws/install/robotiq_85_driver:/home/user/ros2_ws/install/moveit_configs_utils:/opt/ros/humble _=/usr/bin/env /usr/bin/cmake --build /home/user/ros2_ws/build/robotiq_85_msgs -- -j8 -l8
[2.015s] [  2%] [34m[1mGenerating Rust code for ROS interfaces[0m
[3.050s] [  2%] Built target robotiq_85_msgs__rs
[3.334s] [  2%] Built target ament_cmake_python_copy_robotiq_85_msgs
[3.620s] [  5%] Built target robotiq_85_msgs__cpp
[4.808s] running egg_info
[4.811s] writing robotiq_85_msgs.egg-info/PKG-INFO
[4.812s] writing dependency_links to robotiq_85_msgs.egg-info/dependency_links.txt
[4.814s] writing top-level names to robotiq_85_msgs.egg-info/top_level.txt
[4.818s] reading manifest file 'robotiq_85_msgs.egg-info/SOURCES.txt'
[4.819s] writing manifest file 'robotiq_85_msgs.egg-info/SOURCES.txt'
[4.936s] [  5%] Built target ament_cmake_python_build_robotiq_85_msgs_egg
[5.106s] [ 15%] Built target robotiq_85_msgs__rosidl_typesupport_cpp
[5.313s] [ 25%] Built target robotiq_85_msgs__rosidl_typesupport_introspection_cpp
[5.453s] [ 35%] Built target robotiq_85_msgs__rosidl_typesupport_fastrtps_cpp
[5.628s] [ 45%] Built target robotiq_85_msgs__rosidl_generator_c
[5.764s] [ 55%] Built target robotiq_85_msgs__rosidl_typesupport_fastrtps_c
[5.861s] [ 65%] Built target robotiq_85_msgs__rosidl_typesupport_c
[5.983s] [ 75%] Built target robotiq_85_msgs__rosidl_typesupport_introspection_c
[6.107s] [ 75%] Built target robotiq_85_msgs
[6.221s] [ 77%] Built target robotiq_85_msgs__py
[6.346s] [ 85%] Built target robotiq_85_msgs__rosidl_generator_py
[6.469s] [ 90%] Built target robotiq_85_msgs__rosidl_typesupport_fastrtps_c__pyext
[6.556s] [ 95%] Built target robotiq_85_msgs__rosidl_typesupport_c__pyext
[6.759s] [100%] Built target robotiq_85_msgs__rosidl_typesupport_introspection_c__pyext
[6.817s] Invoked command in '/home/user/ros2_ws/build/robotiq_85_msgs' returned '0': CMAKE_PREFIX_PATH=${CMAKE_PREFIX_PATH}:/home/simulations/ros2_sims_ws/install/rclrs_tests:/home/simulations/ros2_sims_ws/install/examples_rclrs_minimal_client_service:/home/simulations/ros2_sims_ws/install/sensor_msgs_py:/home/simulations/ros2_sims_ws/install/examples_rclrs_minimal_pub_sub:/home/simulations/ros2_sims_ws/install/examples_rclrs_message_demo:/home/simulations/ros2_sims_ws/install/rclrs:/home/simulations/ros2_sims_ws/install/rosidl_runtime_rs:/home/user/ros2_ws/install/ros2test:/home/user/ros2_ws/install/robotiq_85_driver:/home/user/ros2_ws/install/moveit_configs_utils:/opt/ros/humble _=/usr/bin/env /usr/bin/cmake --build /home/user/ros2_ws/build/robotiq_85_msgs -- -j8 -l8
[7.766s] Invoking command in '/home/user/ros2_ws/build/robotiq_85_msgs': CMAKE_PREFIX_PATH=${CMAKE_PREFIX_PATH}:/home/simulations/ros2_sims_ws/install/rclrs_tests:/home/simulations/ros2_sims_ws/install/examples_rclrs_minimal_client_service:/home/simulations/ros2_sims_ws/install/sensor_msgs_py:/home/simulations/ros2_sims_ws/install/examples_rclrs_minimal_pub_sub:/home/simulations/ros2_sims_ws/install/examples_rclrs_message_demo:/home/simulations/ros2_sims_ws/install/rclrs:/home/simulations/ros2_sims_ws/install/rosidl_runtime_rs:/home/user/ros2_ws/install/ros2test:/home/user/ros2_ws/install/robotiq_85_driver:/home/user/ros2_ws/install/moveit_configs_utils:/opt/ros/humble _=/usr/bin/env /usr/bin/cmake --install /home/user/ros2_ws/build/robotiq_85_msgs
[7.792s] -- Install configuration: ""
[7.793s] -- Up-to-date: /home/user/ros2_ws/install/robotiq_85_msgs/share/ament_index/resource_index/rosidl_interfaces/robotiq_85_msgs
[7.793s] -- Up-to-date: /home/user/ros2_ws/install/robotiq_85_msgs/include/robotiq_85_msgs/robotiq_85_msgs
[7.794s] -- Up-to-date: /home/user/ros2_ws/install/robotiq_85_msgs/include/robotiq_85_msgs/robotiq_85_msgs/msg
[7.794s] -- Up-to-date: /home/user/ros2_ws/install/robotiq_85_msgs/include/robotiq_85_msgs/robotiq_85_msgs/msg/detail
[7.794s] -- Up-to-date: /home/user/ros2_ws/install/robotiq_85_msgs/include/robotiq_85_msgs/robotiq_85_msgs/msg/detail/gripper_stat__functions.c
[7.794s] -- Up-to-date: /home/user/ros2_ws/install/robotiq_85_msgs/include/robotiq_85_msgs/robotiq_85_msgs/msg/detail/gripper_cmd__functions.h
[7.795s] -- Up-to-date: /home/user/ros2_ws/install/robotiq_85_msgs/include/robotiq_85_msgs/robotiq_85_msgs/msg/detail/gripper_stat__struct.h
[7.795s] -- Up-to-date: /home/user/ros2_ws/install/robotiq_85_msgs/include/robotiq_85_msgs/robotiq_85_msgs/msg/detail/gripper_cmd__functions.c
[7.795s] -- Up-to-date: /home/user/ros2_ws/install/robotiq_85_msgs/include/robotiq_85_msgs/robotiq_85_msgs/msg/detail/gripper_stat__type_support.h
[7.796s] -- Up-to-date: /home/user/ros2_ws/install/robotiq_85_msgs/include/robotiq_85_msgs/robotiq_85_msgs/msg/detail/gripper_stat__functions.h
[7.796s] -- Up-to-date: /home/user/ros2_ws/install/robotiq_85_msgs/include/robotiq_85_msgs/robotiq_85_msgs/msg/detail/gripper_cmd__type_support.h
[7.796s] -- Up-to-date: /home/user/ros2_ws/install/robotiq_85_msgs/include/robotiq_85_msgs/robotiq_85_msgs/msg/detail/gripper_cmd__struct.h
[7.796s] -- Up-to-date: /home/user/ros2_ws/install/robotiq_85_msgs/include/robotiq_85_msgs/robotiq_85_msgs/msg/rosidl_generator_c__visibility_control.h
[7.797s] -- Up-to-date: /home/user/ros2_ws/install/robotiq_85_msgs/include/robotiq_85_msgs/robotiq_85_msgs/msg/gripper_cmd.h
[7.797s] -- Up-to-date: /home/user/ros2_ws/install/robotiq_85_msgs/include/robotiq_85_msgs/robotiq_85_msgs/msg/gripper_stat.h
[7.797s] -- Up-to-date: /home/user/ros2_ws/install/robotiq_85_msgs/share/robotiq_85_msgs/environment/library_path.sh
[7.797s] -- Up-to-date: /home/user/ros2_ws/install/robotiq_85_msgs/share/robotiq_85_msgs/environment/library_path.dsv
[7.798s] -- Up-to-date: /home/user/ros2_ws/install/robotiq_85_msgs/lib/librobotiq_85_msgs__rosidl_generator_c.so
[7.798s] -- Up-to-date: /home/user/ros2_ws/install/robotiq_85_msgs/include/robotiq_85_msgs/robotiq_85_msgs
[7.798s] -- Up-to-date: /home/user/ros2_ws/install/robotiq_85_msgs/include/robotiq_85_msgs/robotiq_85_msgs/msg
[7.798s] -- Up-to-date: /home/user/ros2_ws/install/robotiq_85_msgs/include/robotiq_85_msgs/robotiq_85_msgs/msg/detail
[7.798s] -- Up-to-date: /home/user/ros2_ws/install/robotiq_85_msgs/include/robotiq_85_msgs/robotiq_85_msgs/msg/detail/gripper_stat__rosidl_typesupport_fastrtps_c.h
[7.799s] -- Up-to-date: /home/user/ros2_ws/install/robotiq_85_msgs/include/robotiq_85_msgs/robotiq_85_msgs/msg/detail/gripper_cmd__rosidl_typesupport_fastrtps_c.h
[7.799s] -- Up-to-date: /home/user/ros2_ws/install/robotiq_85_msgs/include/robotiq_85_msgs/robotiq_85_msgs/msg/rosidl_typesupport_fastrtps_c__visibility_control.h
[7.799s] -- Up-to-date: /home/user/ros2_ws/install/robotiq_85_msgs/lib/librobotiq_85_msgs__rosidl_typesupport_fastrtps_c.so
[7.799s] -- Up-to-date: /home/user/ros2_ws/install/robotiq_85_msgs/include/robotiq_85_msgs/robotiq_85_msgs
[7.799s] -- Up-to-date: /home/user/ros2_ws/install/robotiq_85_msgs/include/robotiq_85_msgs/robotiq_85_msgs/msg
[7.800s] -- Up-to-date: /home/user/ros2_ws/install/robotiq_85_msgs/include/robotiq_85_msgs/robotiq_85_msgs/msg/detail
[7.800s] -- Up-to-date: /home/user/ros2_ws/install/robotiq_85_msgs/include/robotiq_85_msgs/robotiq_85_msgs/msg/detail/gripper_cmd__struct.hpp
[7.800s] -- Up-to-date: /home/user/ros2_ws/install/robotiq_85_msgs/include/robotiq_85_msgs/robotiq_85_msgs/msg/detail/gripper_stat__struct.hpp
[7.800s] -- Up-to-date: /home/user/ros2_ws/install/robotiq_85_msgs/include/robotiq_85_msgs/robotiq_85_msgs/msg/detail/gripper_stat__traits.hpp
[7.800s] -- Up-to-date: /home/user/ros2_ws/install/robotiq_85_msgs/include/robotiq_85_msgs/robotiq_85_msgs/msg/detail/gripper_cmd__builder.hpp
[7.801s] -- Up-to-date: /home/user/ros2_ws/install/robotiq_85_msgs/include/robotiq_85_msgs/robotiq_85_msgs/msg/detail/gripper_stat__builder.hpp
[7.801s] -- Up-to-date: /home/user/ros2_ws/install/robotiq_85_msgs/include/robotiq_85_msgs/robotiq_85_msgs/msg/detail/gripper_cmd__traits.hpp
[7.801s] -- Up-to-date: /home/user/ros2_ws/install/robotiq_85_msgs/include/robotiq_85_msgs/robotiq_85_msgs/msg/gripper_cmd.hpp
[7.801s] -- Up-to-date: /home/user/ros2_ws/install/robotiq_85_msgs/include/robotiq_85_msgs/robotiq_85_msgs/msg/gripper_stat.hpp
[7.801s] -- Up-to-date: /home/user/ros2_ws/install/robotiq_85_msgs/include/robotiq_85_msgs/robotiq_85_msgs
[7.801s] -- Up-to-date: /home/user/ros2_ws/install/robotiq_85_msgs/include/robotiq_85_msgs/robotiq_85_msgs/msg
[7.802s] -- Up-to-date: /home/user/ros2_ws/install/robotiq_85_msgs/include/robotiq_85_msgs/robotiq_85_msgs/msg/detail
[7.802s] -- Up-to-date: /home/user/ros2_ws/install/robotiq_85_msgs/include/robotiq_85_msgs/robotiq_85_msgs/msg/detail/gripper_stat__rosidl_typesupport_fastrtps_cpp.hpp
[7.802s] -- Up-to-date: /home/user/ros2_ws/install/robotiq_85_msgs/include/robotiq_85_msgs/robotiq_85_msgs/msg/detail/dds_fastrtps
[7.802s] -- Up-to-date: /home/user/ros2_ws/install/robotiq_85_msgs/include/robotiq_85_msgs/robotiq_85_msgs/msg/detail/gripper_cmd__rosidl_typesupport_fastrtps_cpp.hpp
[7.802s] -- Up-to-date: /home/user/ros2_ws/install/robotiq_85_msgs/include/robotiq_85_msgs/robotiq_85_msgs/msg/rosidl_typesupport_fastrtps_cpp__visibility_control.h
[7.803s] -- Up-to-date: /home/user/ros2_ws/install/robotiq_85_msgs/lib/librobotiq_85_msgs__rosidl_typesupport_fastrtps_cpp.so
[7.803s] -- Up-to-date: /home/user/ros2_ws/install/robotiq_85_msgs/include/robotiq_85_msgs/robotiq_85_msgs
[7.803s] -- Up-to-date: /home/user/ros2_ws/install/robotiq_85_msgs/include/robotiq_85_msgs/robotiq_85_msgs/msg
[7.803s] -- Up-to-date: /home/user/ros2_ws/install/robotiq_85_msgs/include/robotiq_85_msgs/robotiq_85_msgs/msg/detail
[7.803s] -- Up-to-date: /home/user/ros2_ws/install/robotiq_85_msgs/include/robotiq_85_msgs/robotiq_85_msgs/msg/detail/gripper_cmd__type_support.c
[7.803s] -- Up-to-date: /home/user/ros2_ws/install/robotiq_85_msgs/include/robotiq_85_msgs/robotiq_85_msgs/msg/detail/gripper_stat__rosidl_typesupport_introspection_c.h
[7.804s] -- Up-to-date: /home/user/ros2_ws/install/robotiq_85_msgs/include/robotiq_85_msgs/robotiq_85_msgs/msg/detail/gripper_cmd__rosidl_typesupport_introspection_c.h
[7.804s] -- Up-to-date: /home/user/ros2_ws/install/robotiq_85_msgs/include/robotiq_85_msgs/robotiq_85_msgs/msg/detail/gripper_stat__type_support.c
[7.804s] -- Up-to-date: /home/user/ros2_ws/install/robotiq_85_msgs/include/robotiq_85_msgs/robotiq_85_msgs/msg/rosidl_typesupport_introspection_c__visibility_control.h
[7.804s] -- Up-to-date: /home/user/ros2_ws/install/robotiq_85_msgs/lib/librobotiq_85_msgs__rosidl_typesupport_introspection_c.so
[7.804s] -- Up-to-date: /home/user/ros2_ws/install/robotiq_85_msgs/lib/librobotiq_85_msgs__rosidl_typesupport_c.so
[7.805s] -- Up-to-date: /home/user/ros2_ws/install/robotiq_85_msgs/include/robotiq_85_msgs/robotiq_85_msgs
[7.805s] -- Up-to-date: /home/user/ros2_ws/install/robotiq_85_msgs/include/robotiq_85_msgs/robotiq_85_msgs/msg
[7.805s] -- Up-to-date: /home/user/ros2_ws/install/robotiq_85_msgs/include/robotiq_85_msgs/robotiq_85_msgs/msg/detail
[7.805s] -- Up-to-date: /home/user/ros2_ws/install/robotiq_85_msgs/include/robotiq_85_msgs/robotiq_85_msgs/msg/detail/gripper_cmd__rosidl_typesupport_introspection_cpp.hpp
[7.805s] -- Up-to-date: /home/user/ros2_ws/install/robotiq_85_msgs/include/robotiq_85_msgs/robotiq_85_msgs/msg/detail/gripper_stat__rosidl_typesupport_introspection_cpp.hpp
[7.805s] -- Up-to-date: /home/user/ros2_ws/install/robotiq_85_msgs/include/robotiq_85_msgs/robotiq_85_msgs/msg/detail/gripper_stat__type_support.cpp
[7.806s] -- Up-to-date: /home/user/ros2_ws/install/robotiq_85_msgs/include/robotiq_85_msgs/robotiq_85_msgs/msg/detail/gripper_cmd__type_support.cpp
[7.806s] -- Up-to-date: /home/user/ros2_ws/install/robotiq_85_msgs/lib/librobotiq_85_msgs__rosidl_typesupport_introspection_cpp.so
[7.806s] -- Up-to-date: /home/user/ros2_ws/install/robotiq_85_msgs/lib/librobotiq_85_msgs__rosidl_typesupport_cpp.so
[7.806s] -- Up-to-date: /home/user/ros2_ws/install/robotiq_85_msgs/share/ament_index/resource_index/rust_packages/robotiq_85_msgs
[7.806s] -- Up-to-date: /home/user/ros2_ws/install/robotiq_85_msgs/share/robotiq_85_msgs/rust
[7.806s] -- Installing: /home/user/ros2_ws/install/robotiq_85_msgs/share/robotiq_85_msgs/rust/Cargo.toml
[7.807s] -- Up-to-date: /home/user/ros2_ws/install/robotiq_85_msgs/share/robotiq_85_msgs/rust/src
[7.807s] -- Installing: /home/user/ros2_ws/install/robotiq_85_msgs/share/robotiq_85_msgs/rust/src/msg.rs
[7.807s] -- Installing: /home/user/ros2_ws/install/robotiq_85_msgs/share/robotiq_85_msgs/rust/src/lib.rs
[7.807s] -- Installing: /home/user/ros2_ws/install/robotiq_85_msgs/share/robotiq_85_msgs/rust/build.rs
[7.807s] -- Up-to-date: /home/user/ros2_ws/install/robotiq_85_msgs/share/robotiq_85_msgs/rust
[7.808s] -- Up-to-date: /home/user/ros2_ws/install/robotiq_85_msgs/share/robotiq_85_msgs/rust/Cargo.toml
[7.808s] -- Up-to-date: /home/user/ros2_ws/install/robotiq_85_msgs/share/robotiq_85_msgs/rust/src
[7.808s] -- Up-to-date: /home/user/ros2_ws/install/robotiq_85_msgs/share/robotiq_85_msgs/rust/src/msg.rs
[7.808s] -- Up-to-date: /home/user/ros2_ws/install/robotiq_85_msgs/share/robotiq_85_msgs/rust/src/lib.rs
[7.808s] -- Up-to-date: /home/user/ros2_ws/install/robotiq_85_msgs/share/robotiq_85_msgs/rust/build.rs
[7.809s] -- Up-to-date: /home/user/ros2_ws/install/robotiq_85_msgs/share/robotiq_85_msgs/rust
[7.809s] -- Up-to-date: /home/user/ros2_ws/install/robotiq_85_msgs/share/robotiq_85_msgs/rust/Cargo.toml
[7.809s] -- Up-to-date: /home/user/ros2_ws/install/robotiq_85_msgs/share/robotiq_85_msgs/rust/src
[7.809s] -- Up-to-date: /home/user/ros2_ws/install/robotiq_85_msgs/share/robotiq_85_msgs/rust/src/msg.rs
[7.809s] -- Up-to-date: /home/user/ros2_ws/install/robotiq_85_msgs/share/robotiq_85_msgs/rust/src/lib.rs
[7.809s] -- Up-to-date: /home/user/ros2_ws/install/robotiq_85_msgs/share/robotiq_85_msgs/rust/build.rs
[7.810s] -- Up-to-date: /home/user/ros2_ws/install/robotiq_85_msgs/share/robotiq_85_msgs/environment/pythonpath.sh
[7.810s] -- Up-to-date: /home/user/ros2_ws/install/robotiq_85_msgs/share/robotiq_85_msgs/environment/pythonpath.dsv
[7.810s] -- Up-to-date: /home/user/ros2_ws/install/robotiq_85_msgs/local/lib/python3.10/dist-packages/robotiq_85_msgs-1.0.1-py3.10.egg-info
[7.810s] -- Installing: /home/user/ros2_ws/install/robotiq_85_msgs/local/lib/python3.10/dist-packages/robotiq_85_msgs-1.0.1-py3.10.egg-info/PKG-INFO
[7.810s] -- Installing: /home/user/ros2_ws/install/robotiq_85_msgs/local/lib/python3.10/dist-packages/robotiq_85_msgs-1.0.1-py3.10.egg-info/top_level.txt
[7.810s] -- Installing: /home/user/ros2_ws/install/robotiq_85_msgs/local/lib/python3.10/dist-packages/robotiq_85_msgs-1.0.1-py3.10.egg-info/SOURCES.txt
[7.811s] -- Installing: /home/user/ros2_ws/install/robotiq_85_msgs/local/lib/python3.10/dist-packages/robotiq_85_msgs-1.0.1-py3.10.egg-info/dependency_links.txt
[7.811s] -- Up-to-date: /home/user/ros2_ws/install/robotiq_85_msgs/local/lib/python3.10/dist-packages/robotiq_85_msgs
[7.811s] -- Up-to-date: /home/user/ros2_ws/install/robotiq_85_msgs/local/lib/python3.10/dist-packages/robotiq_85_msgs/_robotiq_85_msgs_s.ep.rosidl_typesupport_introspection_c.c
[7.811s] -- Up-to-date: /home/user/ros2_ws/install/robotiq_85_msgs/local/lib/python3.10/dist-packages/robotiq_85_msgs/msg
[7.811s] -- Up-to-date: /home/user/ros2_ws/install/robotiq_85_msgs/local/lib/python3.10/dist-packages/robotiq_85_msgs/msg/_gripper_stat_s.c
[7.812s] -- Up-to-date: /home/user/ros2_ws/install/robotiq_85_msgs/local/lib/python3.10/dist-packages/robotiq_85_msgs/msg/_gripper_cmd.py
[7.812s] -- Up-to-date: /home/user/ros2_ws/install/robotiq_85_msgs/local/lib/python3.10/dist-packages/robotiq_85_msgs/msg/__init__.py
[7.812s] -- Up-to-date: /home/user/ros2_ws/install/robotiq_85_msgs/local/lib/python3.10/dist-packages/robotiq_85_msgs/msg/_gripper_cmd_s.c
[7.812s] -- Up-to-date: /home/user/ros2_ws/install/robotiq_85_msgs/local/lib/python3.10/dist-packages/robotiq_85_msgs/msg/_gripper_stat.py
[7.812s] -- Up-to-date: /home/user/ros2_ws/install/robotiq_85_msgs/local/lib/python3.10/dist-packages/robotiq_85_msgs/__init__.py
[7.812s] -- Up-to-date: /home/user/ros2_ws/install/robotiq_85_msgs/local/lib/python3.10/dist-packages/robotiq_85_msgs/robotiq_85_msgs_s__rosidl_typesupport_c.cpython-310-x86_64-linux-gnu.so
[7.813s] -- Up-to-date: /home/user/ros2_ws/install/robotiq_85_msgs/local/lib/python3.10/dist-packages/robotiq_85_msgs/librobotiq_85_msgs__rosidl_generator_py.so
[7.813s] -- Up-to-date: /home/user/ros2_ws/install/robotiq_85_msgs/local/lib/python3.10/dist-packages/robotiq_85_msgs/_robotiq_85_msgs_s.ep.rosidl_typesupport_fastrtps_c.c
[7.813s] -- Up-to-date: /home/user/ros2_ws/install/robotiq_85_msgs/local/lib/python3.10/dist-packages/robotiq_85_msgs/_robotiq_85_msgs_s.ep.rosidl_typesupport_c.c
[7.813s] -- Up-to-date: /home/user/ros2_ws/install/robotiq_85_msgs/local/lib/python3.10/dist-packages/robotiq_85_msgs/robotiq_85_msgs_s__rosidl_typesupport_fastrtps_c.cpython-310-x86_64-linux-gnu.so
[7.813s] -- Up-to-date: /home/user/ros2_ws/install/robotiq_85_msgs/local/lib/python3.10/dist-packages/robotiq_85_msgs/robotiq_85_msgs_s__rosidl_typesupport_introspection_c.cpython-310-x86_64-linux-gnu.so
[7.903s] Listing '/home/user/ros2_ws/install/robotiq_85_msgs/local/lib/python3.10/dist-packages/robotiq_85_msgs'...
[7.903s] Listing '/home/user/ros2_ws/install/robotiq_85_msgs/local/lib/python3.10/dist-packages/robotiq_85_msgs/msg'...
[7.928s] -- Up-to-date: /home/user/ros2_ws/install/robotiq_85_msgs/local/lib/python3.10/dist-packages/robotiq_85_msgs/robotiq_85_msgs_s__rosidl_typesupport_fastrtps_c.cpython-310-x86_64-linux-gnu.so
[7.928s] -- Up-to-date: /home/user/ros2_ws/install/robotiq_85_msgs/local/lib/python3.10/dist-packages/robotiq_85_msgs/robotiq_85_msgs_s__rosidl_typesupport_introspection_c.cpython-310-x86_64-linux-gnu.so
[7.929s] -- Up-to-date: /home/user/ros2_ws/install/robotiq_85_msgs/local/lib/python3.10/dist-packages/robotiq_85_msgs/robotiq_85_msgs_s__rosidl_typesupport_c.cpython-310-x86_64-linux-gnu.so
[7.929s] -- Up-to-date: /home/user/ros2_ws/install/robotiq_85_msgs/lib/librobotiq_85_msgs__rosidl_generator_py.so
[7.929s] -- Up-to-date: /home/user/ros2_ws/install/robotiq_85_msgs/share/robotiq_85_msgs/msg/GripperCmd.idl
[7.929s] -- Up-to-date: /home/user/ros2_ws/install/robotiq_85_msgs/share/robotiq_85_msgs/msg/GripperStat.idl
[7.929s] -- Up-to-date: /home/user/ros2_ws/install/robotiq_85_msgs/share/robotiq_85_msgs/msg/GripperCmd.msg
[7.929s] -- Up-to-date: /home/user/ros2_ws/install/robotiq_85_msgs/share/robotiq_85_msgs/msg/GripperStat.msg
[7.929s] -- Up-to-date: /home/user/ros2_ws/install/robotiq_85_msgs/share/ament_index/resource_index/package_run_dependencies/robotiq_85_msgs
[7.930s] -- Up-to-date: /home/user/ros2_ws/install/robotiq_85_msgs/share/ament_index/resource_index/parent_prefix_path/robotiq_85_msgs
[7.930s] -- Up-to-date: /home/user/ros2_ws/install/robotiq_85_msgs/share/robotiq_85_msgs/environment/ament_prefix_path.sh
[7.930s] -- Up-to-date: /home/user/ros2_ws/install/robotiq_85_msgs/share/robotiq_85_msgs/environment/ament_prefix_path.dsv
[7.930s] -- Up-to-date: /home/user/ros2_ws/install/robotiq_85_msgs/share/robotiq_85_msgs/environment/path.sh
[7.930s] -- Up-to-date: /home/user/ros2_ws/install/robotiq_85_msgs/share/robotiq_85_msgs/environment/path.dsv
[7.930s] -- Up-to-date: /home/user/ros2_ws/install/robotiq_85_msgs/share/robotiq_85_msgs/local_setup.bash
[7.931s] -- Up-to-date: /home/user/ros2_ws/install/robotiq_85_msgs/share/robotiq_85_msgs/local_setup.sh
[7.931s] -- Up-to-date: /home/user/ros2_ws/install/robotiq_85_msgs/share/robotiq_85_msgs/local_setup.zsh
[7.934s] -- Up-to-date: /home/user/ros2_ws/install/robotiq_85_msgs/share/robotiq_85_msgs/local_setup.dsv
[7.934s] -- Installing: /home/user/ros2_ws/install/robotiq_85_msgs/share/robotiq_85_msgs/package.dsv
[7.934s] -- Up-to-date: /home/user/ros2_ws/install/robotiq_85_msgs/share/ament_index/resource_index/packages/robotiq_85_msgs
[7.934s] -- Up-to-date: /home/user/ros2_ws/install/robotiq_85_msgs/share/robotiq_85_msgs/cmake/export_robotiq_85_msgs__rosidl_generator_cExport.cmake
[7.935s] -- Up-to-date: /home/user/ros2_ws/install/robotiq_85_msgs/share/robotiq_85_msgs/cmake/export_robotiq_85_msgs__rosidl_generator_cExport-noconfig.cmake
[7.935s] -- Up-to-date: /home/user/ros2_ws/install/robotiq_85_msgs/share/robotiq_85_msgs/cmake/export_robotiq_85_msgs__rosidl_typesupport_fastrtps_cExport.cmake
[7.935s] -- Up-to-date: /home/user/ros2_ws/install/robotiq_85_msgs/share/robotiq_85_msgs/cmake/export_robotiq_85_msgs__rosidl_typesupport_fastrtps_cExport-noconfig.cmake
[7.935s] -- Up-to-date: /home/user/ros2_ws/install/robotiq_85_msgs/share/robotiq_85_msgs/cmake/export_robotiq_85_msgs__rosidl_generator_cppExport.cmake
[7.935s] -- Up-to-date: /home/user/ros2_ws/install/robotiq_85_msgs/share/robotiq_85_msgs/cmake/export_robotiq_85_msgs__rosidl_typesupport_fastrtps_cppExport.cmake
[7.935s] -- Up-to-date: /home/user/ros2_ws/install/robotiq_85_msgs/share/robotiq_85_msgs/cmake/export_robotiq_85_msgs__rosidl_typesupport_fastrtps_cppExport-noconfig.cmake
[7.936s] -- Up-to-date: /home/user/ros2_ws/install/robotiq_85_msgs/share/robotiq_85_msgs/cmake/robotiq_85_msgs__rosidl_typesupport_introspection_cExport.cmake
[7.936s] -- Up-to-date: /home/user/ros2_ws/install/robotiq_85_msgs/share/robotiq_85_msgs/cmake/robotiq_85_msgs__rosidl_typesupport_introspection_cExport-noconfig.cmake
[7.936s] -- Up-to-date: /home/user/ros2_ws/install/robotiq_85_msgs/share/robotiq_85_msgs/cmake/robotiq_85_msgs__rosidl_typesupport_cExport.cmake
[7.936s] -- Up-to-date: /home/user/ros2_ws/install/robotiq_85_msgs/share/robotiq_85_msgs/cmake/robotiq_85_msgs__rosidl_typesupport_cExport-noconfig.cmake
[7.937s] -- Up-to-date: /home/user/ros2_ws/install/robotiq_85_msgs/share/robotiq_85_msgs/cmake/robotiq_85_msgs__rosidl_typesupport_introspection_cppExport.cmake
[7.937s] -- Up-to-date: /home/user/ros2_ws/install/robotiq_85_msgs/share/robotiq_85_msgs/cmake/robotiq_85_msgs__rosidl_typesupport_introspection_cppExport-noconfig.cmake
[7.937s] -- Up-to-date: /home/user/ros2_ws/install/robotiq_85_msgs/share/robotiq_85_msgs/cmake/robotiq_85_msgs__rosidl_typesupport_cppExport.cmake
[7.937s] -- Up-to-date: /home/user/ros2_ws/install/robotiq_85_msgs/share/robotiq_85_msgs/cmake/robotiq_85_msgs__rosidl_typesupport_cppExport-noconfig.cmake
[7.937s] -- Up-to-date: /home/user/ros2_ws/install/robotiq_85_msgs/share/robotiq_85_msgs/cmake/export_robotiq_85_msgs__rosidl_generator_pyExport.cmake
[7.937s] -- Up-to-date: /home/user/ros2_ws/install/robotiq_85_msgs/share/robotiq_85_msgs/cmake/export_robotiq_85_msgs__rosidl_generator_pyExport-noconfig.cmake
[7.937s] -- Up-to-date: /home/user/ros2_ws/install/robotiq_85_msgs/share/robotiq_85_msgs/cmake/rosidl_cmake-extras.cmake
[7.937s] -- Up-to-date: /home/user/ros2_ws/install/robotiq_85_msgs/share/robotiq_85_msgs/cmake/ament_cmake_export_dependencies-extras.cmake
[7.938s] -- Up-to-date: /home/user/ros2_ws/install/robotiq_85_msgs/share/robotiq_85_msgs/cmake/ament_cmake_export_include_directories-extras.cmake
[7.938s] -- Up-to-date: /home/user/ros2_ws/install/robotiq_85_msgs/share/robotiq_85_msgs/cmake/ament_cmake_export_libraries-extras.cmake
[7.938s] -- Up-to-date: /home/user/ros2_ws/install/robotiq_85_msgs/share/robotiq_85_msgs/cmake/ament_cmake_export_targets-extras.cmake
[7.938s] -- Up-to-date: /home/user/ros2_ws/install/robotiq_85_msgs/share/robotiq_85_msgs/cmake/rosidl_cmake_export_typesupport_targets-extras.cmake
[7.938s] -- Up-to-date: /home/user/ros2_ws/install/robotiq_85_msgs/share/robotiq_85_msgs/cmake/rosidl_cmake_export_typesupport_libraries-extras.cmake
[7.938s] -- Up-to-date: /home/user/ros2_ws/install/robotiq_85_msgs/share/robotiq_85_msgs/cmake/robotiq_85_msgsConfig.cmake
[7.938s] -- Up-to-date: /home/user/ros2_ws/install/robotiq_85_msgs/share/robotiq_85_msgs/cmake/robotiq_85_msgsConfig-version.cmake
[7.938s] -- Up-to-date: /home/user/ros2_ws/install/robotiq_85_msgs/share/robotiq_85_msgs/package.xml
[7.939s] Invoked command in '/home/user/ros2_ws/build/robotiq_85_msgs' returned '0': CMAKE_PREFIX_PATH=${CMAKE_PREFIX_PATH}:/home/simulations/ros2_sims_ws/install/rclrs_tests:/home/simulations/ros2_sims_ws/install/examples_rclrs_minimal_client_service:/home/simulations/ros2_sims_ws/install/sensor_msgs_py:/home/simulations/ros2_sims_ws/install/examples_rclrs_minimal_pub_sub:/home/simulations/ros2_sims_ws/install/examples_rclrs_message_demo:/home/simulations/ros2_sims_ws/install/rclrs:/home/simulations/ros2_sims_ws/install/rosidl_runtime_rs:/home/user/ros2_ws/install/ros2test:/home/user/ros2_ws/install/robotiq_85_driver:/home/user/ros2_ws/install/moveit_configs_utils:/opt/ros/humble _=/usr/bin/env /usr/bin/cmake --install /home/user/ros2_ws/build/robotiq_85_msgs
