[6.277s] Invoking command in '/home/user/ros2_ws/src/universal_robot_ros2/moveit2/moveit_configs_utils': PYTHONPATH=/home/user/ros2_ws/build/moveit_configs_utils/prefix_override:/home/user/ros2_ws/install/moveit_configs_utils/lib/python3.10/site-packages:${PYTHONPATH} _=/usr/bin/env /usr/bin/python3 setup.py egg_info --egg-base ../../../../build/moveit_configs_utils build --build-base /home/user/ros2_ws/build/moveit_configs_utils/build install --record /home/user/ros2_ws/build/moveit_configs_utils/install.log --single-version-externally-managed
[7.857s] running egg_info
[7.884s] writing ../../../../build/moveit_configs_utils/moveit_configs_utils.egg-info/PKG-INFO
[7.885s] writing dependency_links to ../../../../build/moveit_configs_utils/moveit_configs_utils.egg-info/dependency_links.txt
[7.885s] writing entry points to ../../../../build/moveit_configs_utils/moveit_configs_utils.egg-info/entry_points.txt
[7.885s] writing requirements to ../../../../build/moveit_configs_utils/moveit_configs_utils.egg-info/requires.txt
[7.885s] writing top-level names to ../../../../build/moveit_configs_utils/moveit_configs_utils.egg-info/top_level.txt
[7.901s] reading manifest file '../../../../build/moveit_configs_utils/moveit_configs_utils.egg-info/SOURCES.txt'
[7.932s] writing manifest file '../../../../build/moveit_configs_utils/moveit_configs_utils.egg-info/SOURCES.txt'
[7.932s] running build
[7.932s] running build_py
[7.935s] running install
[7.935s] /usr/lib/python3/dist-packages/setuptools/command/install.py:34: SetuptoolsDeprecationWarning: setup.py install is deprecated. Use build and pip and other standards-based tools.
[7.935s]   warnings.warn(
[7.936s] running install_lib
[7.941s] running install_data
[7.943s] running install_egg_info
[7.950s] removing '/home/user/ros2_ws/install/moveit_configs_utils/lib/python3.10/site-packages/moveit_configs_utils-2.5.3-py3.10.egg-info' (and everything under it)
[7.951s] Copying ../../../../build/moveit_configs_utils/moveit_configs_utils.egg-info to /home/user/ros2_ws/install/moveit_configs_utils/lib/python3.10/site-packages/moveit_configs_utils-2.5.3-py3.10.egg-info
[7.954s] running install_scripts
[8.151s] writing list of installed files to '/home/user/ros2_ws/build/moveit_configs_utils/install.log'
[8.550s] Invoked command in '/home/user/ros2_ws/src/universal_robot_ros2/moveit2/moveit_configs_utils' returned '0': PYTHONPATH=/home/user/ros2_ws/build/moveit_configs_utils/prefix_override:/home/user/ros2_ws/install/moveit_configs_utils/lib/python3.10/site-packages:${PYTHONPATH} _=/usr/bin/env /usr/bin/python3 setup.py egg_info --egg-base ../../../../build/moveit_configs_utils build --build-base /home/user/ros2_ws/build/moveit_configs_utils/build install --record /home/user/ros2_ws/build/moveit_configs_utils/install.log --single-version-externally-managed
