[0.008s] Invoking command in '/home/steven/ros2_ws/src/first_stage/src/first_stage_endeffector/build/first_stage_endeffector': CMAKE_PREFIX_PATH=${CMAKE_PREFIX_PATH}:/home/steven/ws_moveit2/install/moveit_configs_utils:/home/steven/ws_moveit2/install/launch_param_builder:/opt/ros/humble /usr/bin/cmake --build /home/steven/ros2_ws/src/first_stage/src/first_stage_endeffector/build/first_stage_endeffector -- -j32 -l32
[0.064s] [ 50%] [32mBuilding CXX object CMakeFiles/first_stage_endeffector.dir/src/first_stage_endeffector.cpp.o[0m
[2.820s] [100%] [32m[1mLinking CXX executable first_stage_endeffector[0m
[3.277s] [100%] Built target first_stage_endeffector
[3.284s] Invoked command in '/home/steven/ros2_ws/src/first_stage/src/first_stage_endeffector/build/first_stage_endeffector' returned '0': CMAKE_PREFIX_PATH=${CMAKE_PREFIX_PATH}:/home/steven/ws_moveit2/install/moveit_configs_utils:/home/steven/ws_moveit2/install/launch_param_builder:/opt/ros/humble /usr/bin/cmake --build /home/steven/ros2_ws/src/first_stage/src/first_stage_endeffector/build/first_stage_endeffector -- -j32 -l32
[3.319s] Invoking command in '/home/steven/ros2_ws/src/first_stage/src/first_stage_endeffector/build/first_stage_endeffector': CMAKE_PREFIX_PATH=${CMAKE_PREFIX_PATH}:/home/steven/ws_moveit2/install/moveit_configs_utils:/home/steven/ws_moveit2/install/launch_param_builder:/opt/ros/humble /usr/bin/cmake --install /home/steven/ros2_ws/src/first_stage/src/first_stage_endeffector/build/first_stage_endeffector
[3.327s] -- Install configuration: ""
[3.327s] -- Installing: /home/steven/ros2_ws/src/first_stage/src/first_stage_endeffector/install/first_stage_endeffector/lib/first_stage_endeffector/first_stage_endeffector
[3.328s] -- Set runtime path of "/home/steven/ros2_ws/src/first_stage/src/first_stage_endeffector/install/first_stage_endeffector/lib/first_stage_endeffector/first_stage_endeffector" to ""
[3.328s] -- Up-to-date: /home/steven/ros2_ws/src/first_stage/src/first_stage_endeffector/install/first_stage_endeffector/share/first_stage_endeffector/launch
[3.328s] -- Up-to-date: /home/steven/ros2_ws/src/first_stage/src/first_stage_endeffector/install/first_stage_endeffector/share/first_stage_endeffector/launch/first_stage_endeffector.launch.py
[3.328s] -- Up-to-date: /home/steven/ros2_ws/src/first_stage/src/first_stage_endeffector/install/first_stage_endeffector/share/ament_index/resource_index/package_run_dependencies/first_stage_endeffector
[3.328s] -- Up-to-date: /home/steven/ros2_ws/src/first_stage/src/first_stage_endeffector/install/first_stage_endeffector/share/ament_index/resource_index/parent_prefix_path/first_stage_endeffector
[3.328s] -- Up-to-date: /home/steven/ros2_ws/src/first_stage/src/first_stage_endeffector/install/first_stage_endeffector/share/first_stage_endeffector/environment/ament_prefix_path.sh
[3.328s] -- Up-to-date: /home/steven/ros2_ws/src/first_stage/src/first_stage_endeffector/install/first_stage_endeffector/share/first_stage_endeffector/environment/ament_prefix_path.dsv
[3.328s] -- Up-to-date: /home/steven/ros2_ws/src/first_stage/src/first_stage_endeffector/install/first_stage_endeffector/share/first_stage_endeffector/environment/path.sh
[3.328s] -- Up-to-date: /home/steven/ros2_ws/src/first_stage/src/first_stage_endeffector/install/first_stage_endeffector/share/first_stage_endeffector/environment/path.dsv
[3.328s] -- Up-to-date: /home/steven/ros2_ws/src/first_stage/src/first_stage_endeffector/install/first_stage_endeffector/share/first_stage_endeffector/local_setup.bash
[3.328s] -- Up-to-date: /home/steven/ros2_ws/src/first_stage/src/first_stage_endeffector/install/first_stage_endeffector/share/first_stage_endeffector/local_setup.sh
[3.329s] -- Up-to-date: /home/steven/ros2_ws/src/first_stage/src/first_stage_endeffector/install/first_stage_endeffector/share/first_stage_endeffector/local_setup.zsh
[3.329s] -- Up-to-date: /home/steven/ros2_ws/src/first_stage/src/first_stage_endeffector/install/first_stage_endeffector/share/first_stage_endeffector/local_setup.dsv
[3.329s] -- Installing: /home/steven/ros2_ws/src/first_stage/src/first_stage_endeffector/install/first_stage_endeffector/share/first_stage_endeffector/package.dsv
[3.329s] -- Up-to-date: /home/steven/ros2_ws/src/first_stage/src/first_stage_endeffector/install/first_stage_endeffector/share/ament_index/resource_index/packages/first_stage_endeffector
[3.329s] -- Up-to-date: /home/steven/ros2_ws/src/first_stage/src/first_stage_endeffector/install/first_stage_endeffector/share/first_stage_endeffector/cmake/first_stage_endeffectorConfig.cmake
[3.329s] -- Up-to-date: /home/steven/ros2_ws/src/first_stage/src/first_stage_endeffector/install/first_stage_endeffector/share/first_stage_endeffector/cmake/first_stage_endeffectorConfig-version.cmake
[3.329s] -- Up-to-date: /home/steven/ros2_ws/src/first_stage/src/first_stage_endeffector/install/first_stage_endeffector/share/first_stage_endeffector/package.xml
[3.330s] Invoked command in '/home/steven/ros2_ws/src/first_stage/src/first_stage_endeffector/build/first_stage_endeffector' returned '0': CMAKE_PREFIX_PATH=${CMAKE_PREFIX_PATH}:/home/steven/ws_moveit2/install/moveit_configs_utils:/home/steven/ws_moveit2/install/launch_param_builder:/opt/ros/humble /usr/bin/cmake --install /home/steven/ros2_ws/src/first_stage/src/first_stage_endeffector/build/first_stage_endeffector
