[1.681s] Invoking command in '/home/user/ros2_ws/build/robotiq_85_msgs': CMAKE_PREFIX_PATH=/home/simulations/ros2_sims_ws/install/common_interfaces:/home/simulations/ros2_sims_ws/install/visualization_msgs:/home/simulations/ros2_sims_ws/install/test_msgs:/home/simulations/ros2_sims_ws/install/example_interfaces:/home/simulations/ros2_sims_ws/install/action_msgs:/home/simulations/ros2_sims_ws/install/unique_identifier_msgs:/home/simulations/ros2_sims_ws/install/trajectory_msgs:/home/simulations/ros2_sims_ws/install/test_interface_files:/home/simulations/ros2_sims_ws/install/stereo_msgs:/home/simulations/ros2_sims_ws/install/std_srvs:/home/simulations/ros2_sims_ws/install/shape_msgs:/home/simulations/ros2_sims_ws/install/sensor_msgs:/home/simulations/ros2_sims_ws/install/nav_msgs:/home/simulations/ros2_sims_ws/install/diagnostic_msgs:/home/simulations/ros2_sims_ws/install/geometry_msgs:/home/simulations/ros2_sims_ws/install/actionlib_msgs:/home/simulations/ros2_sims_ws/install/std_msgs:/home/simulations/ros2_sims_ws/install/statistics_msgs:/home/simulations/ros2_sims_ws/install/rosgraph_msgs:/home/simulations/ros2_sims_ws/install/rclrs_example_msgs:/home/simulations/ros2_sims_ws/install/composition_interfaces:/home/simulations/ros2_sims_ws/install/rcl_interfaces:/home/simulations/ros2_sims_ws/install/lifecycle_msgs:/home/simulations/ros2_sims_ws/install/builtin_interfaces:/home/simulations/ros2_sims_ws/install/rosidl_default_runtime:/home/simulations/ros2_sims_ws/install/rosidl_default_generators:/home/simulations/ros2_sims_ws/install/rosidl_generator_rs:/home/user/ros2_ws/install/ur_simulation_gazebo:/home/user/ros2_ws/install/ur3e_moveit_config:/home/user/ros2_ws/install/test_moveit_config:/home/user/ros2_ws/install/test2_moveit_config:/home/user/ros2_ws/install/my_moveit_config:/home/user/ros2_ws/install/my_moveit2_config:/home/user/ros2_ws/install/ur_description:/home/user/ros2_ws/install/the_construct_office_gazebo:/home/user/ros2_ws/install/simple_grasping:/home/user/ros2_ws/install/ros_testing:/home/user/ros2_ws/install/robotnik_sensors_gazebo:/home/user/ros2_ws/install/robotnik_sensors:/home/user/ros2_ws/install/robotiq_85_gripper:/home/user/ros2_ws/install/robotiq_85_msgs:/home/user/ros2_ws/install/robotiq_85_description:/home/user/ros2_ws/install/rg2_gripper_description:/home/user/ros2_ws/install/pilz_industrial_motion_planner_testutils:/home/user/ros2_ws/install/moveit_runtime:/home/user/ros2_ws/install/moveit:/home/user/ros2_ws/install/moveit_planners:/home/user/ros2_ws/install/pilz_industrial_motion_planner:/home/user/ros2_ws/install/moveit_ros_control_interface:/home/user/ros2_ws/install/moveit_plugins:/home/user/ros2_ws/install/moveit_simple_controller_manager:/home/user/ros2_ws/install/moveit_setup_assistant:/home/user/ros2_ws/install/moveit_setup_srdf_plugins:/home/user/ros2_ws/install/moveit_setup_core_plugins:/home/user/ros2_ws/install/moveit_setup_controllers:/home/user/ros2_ws/install/moveit_setup_app_plugins:/home/user/ros2_ws/install/moveit_setup_framework:/home/user/ros2_ws/install/moveit_servo:/home/user/ros2_ws/install/moveit_ros:/home/user/ros2_ws/install/moveit_ros_visualization:/home/user/ros2_ws/install/moveit_hybrid_planning:/home/user/ros2_ws/install/moveit2_scripts:/home/user/ros2_ws/install/moveit_ros_planning_interface:/home/user/ros2_ws/install/moveit_ros_benchmarks:/home/user/ros2_ws/install/moveit_ros_warehouse:/home/user/ros2_ws/install/moveit_ros_robot_interaction:/home/user/ros2_ws/install/moveit_ros_perception:/home/user/ros2_ws/install/moveit_resources_prbt_pg70_support:/home/user/ros2_ws/install/moveit_resources_prbt_moveit_config:/home/user/ros2_ws/install/moveit_ros_move_group:/home/user/ros2_ws/install/moveit_planners_ompl:/home/user/ros2_ws/install/moveit_ros_planning:/home/user/ros2_ws/install/moveit_ros_occupancy_map_monitor:/home/user/ros2_ws/install/moveit_resources_prbt_support:/home/user/ros2_ws/install/moveit_resources_prbt_ikfast_manipulator_plugin:/home/user/ros2_ws/install/moveit_planners_chomp:/home/user/ros2_ws/install/moveit_kinematics:/home/user/ros2_ws/install/moveit_chomp_optimizer_adapter:/home/user/ros2_ws/install/chomp_motion_planner:/home/user/ros2_ws/install/moveit_core:/home/user/ros2_ws/install/moveit_common:/home/user/ros2_ws/install/gazebo_grasp_plugin_ros:/home/simulations/ros2_sims_ws/install/rclrs_tests:/home/simulations/ros2_sims_ws/install/examples_rclrs_minimal_client_service:/home/simulations/ros2_sims_ws/install/sensor_msgs_py:/home/simulations/ros2_sims_ws/install/examples_rclrs_minimal_pub_sub:/home/simulations/ros2_sims_ws/install/examples_rclrs_message_demo:/home/simulations/ros2_sims_ws/install/rclrs:/home/simulations/ros2_sims_ws/install/rosidl_runtime_rs:/home/user/ros2_ws/install/ros2test:/home/user/ros2_ws/install/robotiq_85_driver:/home/user/ros2_ws/install/moveit_configs_utils:/opt/ros/humble:/home/user/ros2_ws/install/gazebo_grasp_plugin:/home/user/ros2_ws/install/gazebo_version_helpers:/home/user/ros2_ws/install/gazebo_ros2_control_demos:/home/user/ros2_ws/install/gazebo_ros2_control _=/usr/bin/env /usr/bin/cmake --build /home/user/ros2_ws/build/robotiq_85_msgs -- -j8 -l8
[2.083s] [  2%] [34m[1mGenerating Rust code for ROS interfaces[0m
[3.379s] [  2%] Built target robotiq_85_msgs__rs
[3.618s] [  2%] Built target ament_cmake_python_copy_robotiq_85_msgs
[3.797s] [  5%] Built target robotiq_85_msgs__cpp
[4.632s] running egg_info
[4.633s] writing robotiq_85_msgs.egg-info/PKG-INFO
[4.633s] writing dependency_links to robotiq_85_msgs.egg-info/dependency_links.txt
[4.633s] writing top-level names to robotiq_85_msgs.egg-info/top_level.txt
[4.633s] reading manifest file 'robotiq_85_msgs.egg-info/SOURCES.txt'
[4.633s] writing manifest file 'robotiq_85_msgs.egg-info/SOURCES.txt'
[4.784s] [  5%] Built target ament_cmake_python_build_robotiq_85_msgs_egg
[4.975s] [ 15%] Built target robotiq_85_msgs__rosidl_typesupport_cpp
[5.097s] [ 25%] Built target robotiq_85_msgs__rosidl_typesupport_introspection_cpp
[5.237s] [ 35%] Built target robotiq_85_msgs__rosidl_typesupport_fastrtps_cpp
[5.418s] [ 45%] Built target robotiq_85_msgs__rosidl_generator_c
[5.628s] [ 55%] Built target robotiq_85_msgs__rosidl_typesupport_fastrtps_c
[5.785s] [ 65%] Built target robotiq_85_msgs__rosidl_typesupport_c
[5.966s] [ 75%] Built target robotiq_85_msgs__rosidl_typesupport_introspection_c
[6.120s] [ 75%] Built target robotiq_85_msgs
[6.274s] [ 77%] Built target robotiq_85_msgs__py
[6.422s] [ 85%] Built target robotiq_85_msgs__rosidl_generator_py
[6.540s] [ 90%] Built target robotiq_85_msgs__rosidl_typesupport_fastrtps_c__pyext
[6.699s] [ 95%] Built target robotiq_85_msgs__rosidl_typesupport_c__pyext
[6.813s] [100%] Built target robotiq_85_msgs__rosidl_typesupport_introspection_c__pyext
[6.897s] Invoked command in '/home/user/ros2_ws/build/robotiq_85_msgs' returned '0': CMAKE_PREFIX_PATH=/home/simulations/ros2_sims_ws/install/common_interfaces:/home/simulations/ros2_sims_ws/install/visualization_msgs:/home/simulations/ros2_sims_ws/install/test_msgs:/home/simulations/ros2_sims_ws/install/example_interfaces:/home/simulations/ros2_sims_ws/install/action_msgs:/home/simulations/ros2_sims_ws/install/unique_identifier_msgs:/home/simulations/ros2_sims_ws/install/trajectory_msgs:/home/simulations/ros2_sims_ws/install/test_interface_files:/home/simulations/ros2_sims_ws/install/stereo_msgs:/home/simulations/ros2_sims_ws/install/std_srvs:/home/simulations/ros2_sims_ws/install/shape_msgs:/home/simulations/ros2_sims_ws/install/sensor_msgs:/home/simulations/ros2_sims_ws/install/nav_msgs:/home/simulations/ros2_sims_ws/install/diagnostic_msgs:/home/simulations/ros2_sims_ws/install/geometry_msgs:/home/simulations/ros2_sims_ws/install/actionlib_msgs:/home/simulations/ros2_sims_ws/install/std_msgs:/home/simulations/ros2_sims_ws/install/statistics_msgs:/home/simulations/ros2_sims_ws/install/rosgraph_msgs:/home/simulations/ros2_sims_ws/install/rclrs_example_msgs:/home/simulations/ros2_sims_ws/install/composition_interfaces:/home/simulations/ros2_sims_ws/install/rcl_interfaces:/home/simulations/ros2_sims_ws/install/lifecycle_msgs:/home/simulations/ros2_sims_ws/install/builtin_interfaces:/home/simulations/ros2_sims_ws/install/rosidl_default_runtime:/home/simulations/ros2_sims_ws/install/rosidl_default_generators:/home/simulations/ros2_sims_ws/install/rosidl_generator_rs:/home/user/ros2_ws/install/ur_simulation_gazebo:/home/user/ros2_ws/install/ur3e_moveit_config:/home/user/ros2_ws/install/test_moveit_config:/home/user/ros2_ws/install/test2_moveit_config:/home/user/ros2_ws/install/my_moveit_config:/home/user/ros2_ws/install/my_moveit2_config:/home/user/ros2_ws/install/ur_description:/home/user/ros2_ws/install/the_construct_office_gazebo:/home/user/ros2_ws/install/simple_grasping:/home/user/ros2_ws/install/ros_testing:/home/user/ros2_ws/install/robotnik_sensors_gazebo:/home/user/ros2_ws/install/robotnik_sensors:/home/user/ros2_ws/install/robotiq_85_gripper:/home/user/ros2_ws/install/robotiq_85_msgs:/home/user/ros2_ws/install/robotiq_85_description:/home/user/ros2_ws/install/rg2_gripper_description:/home/user/ros2_ws/install/pilz_industrial_motion_planner_testutils:/home/user/ros2_ws/install/moveit_runtime:/home/user/ros2_ws/install/moveit:/home/user/ros2_ws/install/moveit_planners:/home/user/ros2_ws/install/pilz_industrial_motion_planner:/home/user/ros2_ws/install/moveit_ros_control_interface:/home/user/ros2_ws/install/moveit_plugins:/home/user/ros2_ws/install/moveit_simple_controller_manager:/home/user/ros2_ws/install/moveit_setup_assistant:/home/user/ros2_ws/install/moveit_setup_srdf_plugins:/home/user/ros2_ws/install/moveit_setup_core_plugins:/home/user/ros2_ws/install/moveit_setup_controllers:/home/user/ros2_ws/install/moveit_setup_app_plugins:/home/user/ros2_ws/install/moveit_setup_framework:/home/user/ros2_ws/install/moveit_servo:/home/user/ros2_ws/install/moveit_ros:/home/user/ros2_ws/install/moveit_ros_visualization:/home/user/ros2_ws/install/moveit_hybrid_planning:/home/user/ros2_ws/install/moveit2_scripts:/home/user/ros2_ws/install/moveit_ros_planning_interface:/home/user/ros2_ws/install/moveit_ros_benchmarks:/home/user/ros2_ws/install/moveit_ros_warehouse:/home/user/ros2_ws/install/moveit_ros_robot_interaction:/home/user/ros2_ws/install/moveit_ros_perception:/home/user/ros2_ws/install/moveit_resources_prbt_pg70_support:/home/user/ros2_ws/install/moveit_resources_prbt_moveit_config:/home/user/ros2_ws/install/moveit_ros_move_group:/home/user/ros2_ws/install/moveit_planners_ompl:/home/user/ros2_ws/install/moveit_ros_planning:/home/user/ros2_ws/install/moveit_ros_occupancy_map_monitor:/home/user/ros2_ws/install/moveit_resources_prbt_support:/home/user/ros2_ws/install/moveit_resources_prbt_ikfast_manipulator_plugin:/home/user/ros2_ws/install/moveit_planners_chomp:/home/user/ros2_ws/install/moveit_kinematics:/home/user/ros2_ws/install/moveit_chomp_optimizer_adapter:/home/user/ros2_ws/install/chomp_motion_planner:/home/user/ros2_ws/install/moveit_core:/home/user/ros2_ws/install/moveit_common:/home/user/ros2_ws/install/gazebo_grasp_plugin_ros:/home/simulations/ros2_sims_ws/install/rclrs_tests:/home/simulations/ros2_sims_ws/install/examples_rclrs_minimal_client_service:/home/simulations/ros2_sims_ws/install/sensor_msgs_py:/home/simulations/ros2_sims_ws/install/examples_rclrs_minimal_pub_sub:/home/simulations/ros2_sims_ws/install/examples_rclrs_message_demo:/home/simulations/ros2_sims_ws/install/rclrs:/home/simulations/ros2_sims_ws/install/rosidl_runtime_rs:/home/user/ros2_ws/install/ros2test:/home/user/ros2_ws/install/robotiq_85_driver:/home/user/ros2_ws/install/moveit_configs_utils:/opt/ros/humble:/home/user/ros2_ws/install/gazebo_grasp_plugin:/home/user/ros2_ws/install/gazebo_version_helpers:/home/user/ros2_ws/install/gazebo_ros2_control_demos:/home/user/ros2_ws/install/gazebo_ros2_control _=/usr/bin/env /usr/bin/cmake --build /home/user/ros2_ws/build/robotiq_85_msgs -- -j8 -l8
[8.052s] Invoking command in '/home/user/ros2_ws/build/robotiq_85_msgs': CMAKE_PREFIX_PATH=/home/simulations/ros2_sims_ws/install/common_interfaces:/home/simulations/ros2_sims_ws/install/visualization_msgs:/home/simulations/ros2_sims_ws/install/test_msgs:/home/simulations/ros2_sims_ws/install/example_interfaces:/home/simulations/ros2_sims_ws/install/action_msgs:/home/simulations/ros2_sims_ws/install/unique_identifier_msgs:/home/simulations/ros2_sims_ws/install/trajectory_msgs:/home/simulations/ros2_sims_ws/install/test_interface_files:/home/simulations/ros2_sims_ws/install/stereo_msgs:/home/simulations/ros2_sims_ws/install/std_srvs:/home/simulations/ros2_sims_ws/install/shape_msgs:/home/simulations/ros2_sims_ws/install/sensor_msgs:/home/simulations/ros2_sims_ws/install/nav_msgs:/home/simulations/ros2_sims_ws/install/diagnostic_msgs:/home/simulations/ros2_sims_ws/install/geometry_msgs:/home/simulations/ros2_sims_ws/install/actionlib_msgs:/home/simulations/ros2_sims_ws/install/std_msgs:/home/simulations/ros2_sims_ws/install/statistics_msgs:/home/simulations/ros2_sims_ws/install/rosgraph_msgs:/home/simulations/ros2_sims_ws/install/rclrs_example_msgs:/home/simulations/ros2_sims_ws/install/composition_interfaces:/home/simulations/ros2_sims_ws/install/rcl_interfaces:/home/simulations/ros2_sims_ws/install/lifecycle_msgs:/home/simulations/ros2_sims_ws/install/builtin_interfaces:/home/simulations/ros2_sims_ws/install/rosidl_default_runtime:/home/simulations/ros2_sims_ws/install/rosidl_default_generators:/home/simulations/ros2_sims_ws/install/rosidl_generator_rs:/home/user/ros2_ws/install/ur_simulation_gazebo:/home/user/ros2_ws/install/ur3e_moveit_config:/home/user/ros2_ws/install/test_moveit_config:/home/user/ros2_ws/install/test2_moveit_config:/home/user/ros2_ws/install/my_moveit_config:/home/user/ros2_ws/install/my_moveit2_config:/home/user/ros2_ws/install/ur_description:/home/user/ros2_ws/install/the_construct_office_gazebo:/home/user/ros2_ws/install/simple_grasping:/home/user/ros2_ws/install/ros_testing:/home/user/ros2_ws/install/robotnik_sensors_gazebo:/home/user/ros2_ws/install/robotnik_sensors:/home/user/ros2_ws/install/robotiq_85_gripper:/home/user/ros2_ws/install/robotiq_85_msgs:/home/user/ros2_ws/install/robotiq_85_description:/home/user/ros2_ws/install/rg2_gripper_description:/home/user/ros2_ws/install/pilz_industrial_motion_planner_testutils:/home/user/ros2_ws/install/moveit_runtime:/home/user/ros2_ws/install/moveit:/home/user/ros2_ws/install/moveit_planners:/home/user/ros2_ws/install/pilz_industrial_motion_planner:/home/user/ros2_ws/install/moveit_ros_control_interface:/home/user/ros2_ws/install/moveit_plugins:/home/user/ros2_ws/install/moveit_simple_controller_manager:/home/user/ros2_ws/install/moveit_setup_assistant:/home/user/ros2_ws/install/moveit_setup_srdf_plugins:/home/user/ros2_ws/install/moveit_setup_core_plugins:/home/user/ros2_ws/install/moveit_setup_controllers:/home/user/ros2_ws/install/moveit_setup_app_plugins:/home/user/ros2_ws/install/moveit_setup_framework:/home/user/ros2_ws/install/moveit_servo:/home/user/ros2_ws/install/moveit_ros:/home/user/ros2_ws/install/moveit_ros_visualization:/home/user/ros2_ws/install/moveit_hybrid_planning:/home/user/ros2_ws/install/moveit2_scripts:/home/user/ros2_ws/install/moveit_ros_planning_interface:/home/user/ros2_ws/install/moveit_ros_benchmarks:/home/user/ros2_ws/install/moveit_ros_warehouse:/home/user/ros2_ws/install/moveit_ros_robot_interaction:/home/user/ros2_ws/install/moveit_ros_perception:/home/user/ros2_ws/install/moveit_resources_prbt_pg70_support:/home/user/ros2_ws/install/moveit_resources_prbt_moveit_config:/home/user/ros2_ws/install/moveit_ros_move_group:/home/user/ros2_ws/install/moveit_planners_ompl:/home/user/ros2_ws/install/moveit_ros_planning:/home/user/ros2_ws/install/moveit_ros_occupancy_map_monitor:/home/user/ros2_ws/install/moveit_resources_prbt_support:/home/user/ros2_ws/install/moveit_resources_prbt_ikfast_manipulator_plugin:/home/user/ros2_ws/install/moveit_planners_chomp:/home/user/ros2_ws/install/moveit_kinematics:/home/user/ros2_ws/install/moveit_chomp_optimizer_adapter:/home/user/ros2_ws/install/chomp_motion_planner:/home/user/ros2_ws/install/moveit_core:/home/user/ros2_ws/install/moveit_common:/home/user/ros2_ws/install/gazebo_grasp_plugin_ros:/home/simulations/ros2_sims_ws/install/rclrs_tests:/home/simulations/ros2_sims_ws/install/examples_rclrs_minimal_client_service:/home/simulations/ros2_sims_ws/install/sensor_msgs_py:/home/simulations/ros2_sims_ws/install/examples_rclrs_minimal_pub_sub:/home/simulations/ros2_sims_ws/install/examples_rclrs_message_demo:/home/simulations/ros2_sims_ws/install/rclrs:/home/simulations/ros2_sims_ws/install/rosidl_runtime_rs:/home/user/ros2_ws/install/ros2test:/home/user/ros2_ws/install/robotiq_85_driver:/home/user/ros2_ws/install/moveit_configs_utils:/opt/ros/humble:/home/user/ros2_ws/install/gazebo_grasp_plugin:/home/user/ros2_ws/install/gazebo_version_helpers:/home/user/ros2_ws/install/gazebo_ros2_control_demos:/home/user/ros2_ws/install/gazebo_ros2_control _=/usr/bin/env /usr/bin/cmake --install /home/user/ros2_ws/build/robotiq_85_msgs
[8.081s] -- Install configuration: ""
[8.082s] -- Up-to-date: /home/user/ros2_ws/install/robotiq_85_msgs/share/ament_index/resource_index/rosidl_interfaces/robotiq_85_msgs
[8.082s] -- Up-to-date: /home/user/ros2_ws/install/robotiq_85_msgs/include/robotiq_85_msgs/robotiq_85_msgs
[8.083s] -- Up-to-date: /home/user/ros2_ws/install/robotiq_85_msgs/include/robotiq_85_msgs/robotiq_85_msgs/msg
[8.083s] -- Up-to-date: /home/user/ros2_ws/install/robotiq_85_msgs/include/robotiq_85_msgs/robotiq_85_msgs/msg/detail
[8.083s] -- Up-to-date: /home/user/ros2_ws/install/robotiq_85_msgs/include/robotiq_85_msgs/robotiq_85_msgs/msg/detail/gripper_stat__functions.c
[8.084s] -- Up-to-date: /home/user/ros2_ws/install/robotiq_85_msgs/include/robotiq_85_msgs/robotiq_85_msgs/msg/detail/gripper_cmd__functions.h
[8.084s] -- Up-to-date: /home/user/ros2_ws/install/robotiq_85_msgs/include/robotiq_85_msgs/robotiq_85_msgs/msg/detail/gripper_stat__struct.h
[8.084s] -- Up-to-date: /home/user/ros2_ws/install/robotiq_85_msgs/include/robotiq_85_msgs/robotiq_85_msgs/msg/detail/gripper_cmd__functions.c
[8.084s] -- Up-to-date: /home/user/ros2_ws/install/robotiq_85_msgs/include/robotiq_85_msgs/robotiq_85_msgs/msg/detail/gripper_stat__type_support.h
[8.084s] -- Up-to-date: /home/user/ros2_ws/install/robotiq_85_msgs/include/robotiq_85_msgs/robotiq_85_msgs/msg/detail/gripper_stat__functions.h
[8.085s] -- Up-to-date: /home/user/ros2_ws/install/robotiq_85_msgs/include/robotiq_85_msgs/robotiq_85_msgs/msg/detail/gripper_cmd__type_support.h
[8.085s] -- Up-to-date: /home/user/ros2_ws/install/robotiq_85_msgs/include/robotiq_85_msgs/robotiq_85_msgs/msg/detail/gripper_cmd__struct.h
[8.085s] -- Up-to-date: /home/user/ros2_ws/install/robotiq_85_msgs/include/robotiq_85_msgs/robotiq_85_msgs/msg/rosidl_generator_c__visibility_control.h
[8.085s] -- Up-to-date: /home/user/ros2_ws/install/robotiq_85_msgs/include/robotiq_85_msgs/robotiq_85_msgs/msg/gripper_cmd.h
[8.085s] -- Up-to-date: /home/user/ros2_ws/install/robotiq_85_msgs/include/robotiq_85_msgs/robotiq_85_msgs/msg/gripper_stat.h
[8.085s] -- Up-to-date: /home/user/ros2_ws/install/robotiq_85_msgs/share/robotiq_85_msgs/environment/library_path.sh
[8.085s] -- Up-to-date: /home/user/ros2_ws/install/robotiq_85_msgs/share/robotiq_85_msgs/environment/library_path.dsv
[8.086s] -- Up-to-date: /home/user/ros2_ws/install/robotiq_85_msgs/lib/librobotiq_85_msgs__rosidl_generator_c.so
[8.086s] -- Up-to-date: /home/user/ros2_ws/install/robotiq_85_msgs/include/robotiq_85_msgs/robotiq_85_msgs
[8.086s] -- Up-to-date: /home/user/ros2_ws/install/robotiq_85_msgs/include/robotiq_85_msgs/robotiq_85_msgs/msg
[8.087s] -- Up-to-date: /home/user/ros2_ws/install/robotiq_85_msgs/include/robotiq_85_msgs/robotiq_85_msgs/msg/detail
[8.087s] -- Up-to-date: /home/user/ros2_ws/install/robotiq_85_msgs/include/robotiq_85_msgs/robotiq_85_msgs/msg/detail/gripper_stat__rosidl_typesupport_fastrtps_c.h
[8.087s] -- Up-to-date: /home/user/ros2_ws/install/robotiq_85_msgs/include/robotiq_85_msgs/robotiq_85_msgs/msg/detail/gripper_cmd__rosidl_typesupport_fastrtps_c.h
[8.087s] -- Up-to-date: /home/user/ros2_ws/install/robotiq_85_msgs/include/robotiq_85_msgs/robotiq_85_msgs/msg/rosidl_typesupport_fastrtps_c__visibility_control.h
[8.087s] -- Up-to-date: /home/user/ros2_ws/install/robotiq_85_msgs/lib/librobotiq_85_msgs__rosidl_typesupport_fastrtps_c.so
[8.087s] -- Up-to-date: /home/user/ros2_ws/install/robotiq_85_msgs/include/robotiq_85_msgs/robotiq_85_msgs
[8.088s] -- Up-to-date: /home/user/ros2_ws/install/robotiq_85_msgs/include/robotiq_85_msgs/robotiq_85_msgs/msg
[8.088s] -- Up-to-date: /home/user/ros2_ws/install/robotiq_85_msgs/include/robotiq_85_msgs/robotiq_85_msgs/msg/detail
[8.088s] -- Up-to-date: /home/user/ros2_ws/install/robotiq_85_msgs/include/robotiq_85_msgs/robotiq_85_msgs/msg/detail/gripper_cmd__struct.hpp
[8.089s] -- Up-to-date: /home/user/ros2_ws/install/robotiq_85_msgs/include/robotiq_85_msgs/robotiq_85_msgs/msg/detail/gripper_stat__struct.hpp
[8.089s] -- Up-to-date: /home/user/ros2_ws/install/robotiq_85_msgs/include/robotiq_85_msgs/robotiq_85_msgs/msg/detail/gripper_stat__traits.hpp
[8.089s] -- Up-to-date: /home/user/ros2_ws/install/robotiq_85_msgs/include/robotiq_85_msgs/robotiq_85_msgs/msg/detail/gripper_cmd__builder.hpp
[8.089s] -- Up-to-date: /home/user/ros2_ws/install/robotiq_85_msgs/include/robotiq_85_msgs/robotiq_85_msgs/msg/detail/gripper_stat__builder.hpp
[8.089s] -- Up-to-date: /home/user/ros2_ws/install/robotiq_85_msgs/include/robotiq_85_msgs/robotiq_85_msgs/msg/detail/gripper_cmd__traits.hpp
[8.090s] -- Up-to-date: /home/user/ros2_ws/install/robotiq_85_msgs/include/robotiq_85_msgs/robotiq_85_msgs/msg/gripper_cmd.hpp
[8.090s] -- Up-to-date: /home/user/ros2_ws/install/robotiq_85_msgs/include/robotiq_85_msgs/robotiq_85_msgs/msg/gripper_stat.hpp
[8.090s] -- Up-to-date: /home/user/ros2_ws/install/robotiq_85_msgs/include/robotiq_85_msgs/robotiq_85_msgs
[8.090s] -- Up-to-date: /home/user/ros2_ws/install/robotiq_85_msgs/include/robotiq_85_msgs/robotiq_85_msgs/msg
[8.090s] -- Up-to-date: /home/user/ros2_ws/install/robotiq_85_msgs/include/robotiq_85_msgs/robotiq_85_msgs/msg/detail
[8.090s] -- Up-to-date: /home/user/ros2_ws/install/robotiq_85_msgs/include/robotiq_85_msgs/robotiq_85_msgs/msg/detail/gripper_stat__rosidl_typesupport_fastrtps_cpp.hpp
[8.091s] -- Up-to-date: /home/user/ros2_ws/install/robotiq_85_msgs/include/robotiq_85_msgs/robotiq_85_msgs/msg/detail/dds_fastrtps
[8.091s] -- Up-to-date: /home/user/ros2_ws/install/robotiq_85_msgs/include/robotiq_85_msgs/robotiq_85_msgs/msg/detail/gripper_cmd__rosidl_typesupport_fastrtps_cpp.hpp
[8.091s] -- Up-to-date: /home/user/ros2_ws/install/robotiq_85_msgs/include/robotiq_85_msgs/robotiq_85_msgs/msg/rosidl_typesupport_fastrtps_cpp__visibility_control.h
[8.091s] -- Up-to-date: /home/user/ros2_ws/install/robotiq_85_msgs/lib/librobotiq_85_msgs__rosidl_typesupport_fastrtps_cpp.so
[8.092s] -- Up-to-date: /home/user/ros2_ws/install/robotiq_85_msgs/include/robotiq_85_msgs/robotiq_85_msgs
[8.092s] -- Up-to-date: /home/user/ros2_ws/install/robotiq_85_msgs/include/robotiq_85_msgs/robotiq_85_msgs/msg
[8.092s] -- Up-to-date: /home/user/ros2_ws/install/robotiq_85_msgs/include/robotiq_85_msgs/robotiq_85_msgs/msg/detail
[8.092s] -- Up-to-date: /home/user/ros2_ws/install/robotiq_85_msgs/include/robotiq_85_msgs/robotiq_85_msgs/msg/detail/gripper_cmd__type_support.c
[8.093s] -- Up-to-date: /home/user/ros2_ws/install/robotiq_85_msgs/include/robotiq_85_msgs/robotiq_85_msgs/msg/detail/gripper_stat__rosidl_typesupport_introspection_c.h
[8.093s] -- Up-to-date: /home/user/ros2_ws/install/robotiq_85_msgs/include/robotiq_85_msgs/robotiq_85_msgs/msg/detail/gripper_cmd__rosidl_typesupport_introspection_c.h
[8.093s] -- Up-to-date: /home/user/ros2_ws/install/robotiq_85_msgs/include/robotiq_85_msgs/robotiq_85_msgs/msg/detail/gripper_stat__type_support.c
[8.093s] -- Up-to-date: /home/user/ros2_ws/install/robotiq_85_msgs/include/robotiq_85_msgs/robotiq_85_msgs/msg/rosidl_typesupport_introspection_c__visibility_control.h
[8.094s] -- Up-to-date: /home/user/ros2_ws/install/robotiq_85_msgs/lib/librobotiq_85_msgs__rosidl_typesupport_introspection_c.so
[8.094s] -- Up-to-date: /home/user/ros2_ws/install/robotiq_85_msgs/lib/librobotiq_85_msgs__rosidl_typesupport_c.so
[8.094s] -- Up-to-date: /home/user/ros2_ws/install/robotiq_85_msgs/include/robotiq_85_msgs/robotiq_85_msgs
[8.094s] -- Up-to-date: /home/user/ros2_ws/install/robotiq_85_msgs/include/robotiq_85_msgs/robotiq_85_msgs/msg
[8.094s] -- Up-to-date: /home/user/ros2_ws/install/robotiq_85_msgs/include/robotiq_85_msgs/robotiq_85_msgs/msg/detail
[8.094s] -- Up-to-date: /home/user/ros2_ws/install/robotiq_85_msgs/include/robotiq_85_msgs/robotiq_85_msgs/msg/detail/gripper_cmd__rosidl_typesupport_introspection_cpp.hpp
[8.095s] -- Up-to-date: /home/user/ros2_ws/install/robotiq_85_msgs/include/robotiq_85_msgs/robotiq_85_msgs/msg/detail/gripper_stat__rosidl_typesupport_introspection_cpp.hpp
[8.095s] -- Up-to-date: /home/user/ros2_ws/install/robotiq_85_msgs/include/robotiq_85_msgs/robotiq_85_msgs/msg/detail/gripper_stat__type_support.cpp
[8.095s] -- Up-to-date: /home/user/ros2_ws/install/robotiq_85_msgs/include/robotiq_85_msgs/robotiq_85_msgs/msg/detail/gripper_cmd__type_support.cpp
[8.095s] -- Up-to-date: /home/user/ros2_ws/install/robotiq_85_msgs/lib/librobotiq_85_msgs__rosidl_typesupport_introspection_cpp.so
[8.095s] -- Up-to-date: /home/user/ros2_ws/install/robotiq_85_msgs/lib/librobotiq_85_msgs__rosidl_typesupport_cpp.so
[8.096s] -- Up-to-date: /home/user/ros2_ws/install/robotiq_85_msgs/share/ament_index/resource_index/rust_packages/robotiq_85_msgs
[8.096s] -- Up-to-date: /home/user/ros2_ws/install/robotiq_85_msgs/share/robotiq_85_msgs/rust
[8.096s] -- Installing: /home/user/ros2_ws/install/robotiq_85_msgs/share/robotiq_85_msgs/rust/Cargo.toml
[8.096s] -- Up-to-date: /home/user/ros2_ws/install/robotiq_85_msgs/share/robotiq_85_msgs/rust/src
[8.097s] -- Installing: /home/user/ros2_ws/install/robotiq_85_msgs/share/robotiq_85_msgs/rust/src/msg.rs
[8.097s] -- Installing: /home/user/ros2_ws/install/robotiq_85_msgs/share/robotiq_85_msgs/rust/src/lib.rs
[8.097s] -- Installing: /home/user/ros2_ws/install/robotiq_85_msgs/share/robotiq_85_msgs/rust/build.rs
[8.097s] -- Up-to-date: /home/user/ros2_ws/install/robotiq_85_msgs/share/robotiq_85_msgs/rust
[8.097s] -- Up-to-date: /home/user/ros2_ws/install/robotiq_85_msgs/share/robotiq_85_msgs/rust/Cargo.toml
[8.097s] -- Up-to-date: /home/user/ros2_ws/install/robotiq_85_msgs/share/robotiq_85_msgs/rust/src
[8.097s] -- Up-to-date: /home/user/ros2_ws/install/robotiq_85_msgs/share/robotiq_85_msgs/rust/src/msg.rs
[8.097s] -- Up-to-date: /home/user/ros2_ws/install/robotiq_85_msgs/share/robotiq_85_msgs/rust/src/lib.rs
[8.098s] -- Up-to-date: /home/user/ros2_ws/install/robotiq_85_msgs/share/robotiq_85_msgs/rust/build.rs
[8.098s] -- Up-to-date: /home/user/ros2_ws/install/robotiq_85_msgs/share/robotiq_85_msgs/rust
[8.098s] -- Up-to-date: /home/user/ros2_ws/install/robotiq_85_msgs/share/robotiq_85_msgs/rust/Cargo.toml
[8.098s] -- Up-to-date: /home/user/ros2_ws/install/robotiq_85_msgs/share/robotiq_85_msgs/rust/src
[8.098s] -- Up-to-date: /home/user/ros2_ws/install/robotiq_85_msgs/share/robotiq_85_msgs/rust/src/msg.rs
[8.098s] -- Up-to-date: /home/user/ros2_ws/install/robotiq_85_msgs/share/robotiq_85_msgs/rust/src/lib.rs
[8.099s] -- Up-to-date: /home/user/ros2_ws/install/robotiq_85_msgs/share/robotiq_85_msgs/rust/build.rs
[8.099s] -- Up-to-date: /home/user/ros2_ws/install/robotiq_85_msgs/share/robotiq_85_msgs/environment/pythonpath.sh
[8.099s] -- Up-to-date: /home/user/ros2_ws/install/robotiq_85_msgs/share/robotiq_85_msgs/environment/pythonpath.dsv
[8.099s] -- Up-to-date: /home/user/ros2_ws/install/robotiq_85_msgs/local/lib/python3.10/dist-packages/robotiq_85_msgs-1.0.1-py3.10.egg-info
[8.099s] -- Installing: /home/user/ros2_ws/install/robotiq_85_msgs/local/lib/python3.10/dist-packages/robotiq_85_msgs-1.0.1-py3.10.egg-info/PKG-INFO
[8.101s] -- Installing: /home/user/ros2_ws/install/robotiq_85_msgs/local/lib/python3.10/dist-packages/robotiq_85_msgs-1.0.1-py3.10.egg-info/top_level.txt
[8.101s] -- Installing: /home/user/ros2_ws/install/robotiq_85_msgs/local/lib/python3.10/dist-packages/robotiq_85_msgs-1.0.1-py3.10.egg-info/SOURCES.txt
[8.101s] -- Installing: /home/user/ros2_ws/install/robotiq_85_msgs/local/lib/python3.10/dist-packages/robotiq_85_msgs-1.0.1-py3.10.egg-info/dependency_links.txt
[8.101s] -- Up-to-date: /home/user/ros2_ws/install/robotiq_85_msgs/local/lib/python3.10/dist-packages/robotiq_85_msgs
[8.101s] -- Up-to-date: /home/user/ros2_ws/install/robotiq_85_msgs/local/lib/python3.10/dist-packages/robotiq_85_msgs/_robotiq_85_msgs_s.ep.rosidl_typesupport_introspection_c.c
[8.101s] -- Up-to-date: /home/user/ros2_ws/install/robotiq_85_msgs/local/lib/python3.10/dist-packages/robotiq_85_msgs/msg
[8.101s] -- Up-to-date: /home/user/ros2_ws/install/robotiq_85_msgs/local/lib/python3.10/dist-packages/robotiq_85_msgs/msg/_gripper_stat_s.c
[8.102s] -- Up-to-date: /home/user/ros2_ws/install/robotiq_85_msgs/local/lib/python3.10/dist-packages/robotiq_85_msgs/msg/_gripper_cmd.py
[8.102s] -- Up-to-date: /home/user/ros2_ws/install/robotiq_85_msgs/local/lib/python3.10/dist-packages/robotiq_85_msgs/msg/__init__.py
[8.102s] -- Up-to-date: /home/user/ros2_ws/install/robotiq_85_msgs/local/lib/python3.10/dist-packages/robotiq_85_msgs/msg/_gripper_cmd_s.c
[8.102s] -- Up-to-date: /home/user/ros2_ws/install/robotiq_85_msgs/local/lib/python3.10/dist-packages/robotiq_85_msgs/msg/_gripper_stat.py
[8.102s] -- Up-to-date: /home/user/ros2_ws/install/robotiq_85_msgs/local/lib/python3.10/dist-packages/robotiq_85_msgs/__init__.py
[8.102s] -- Up-to-date: /home/user/ros2_ws/install/robotiq_85_msgs/local/lib/python3.10/dist-packages/robotiq_85_msgs/robotiq_85_msgs_s__rosidl_typesupport_c.cpython-310-x86_64-linux-gnu.so
[8.102s] -- Up-to-date: /home/user/ros2_ws/install/robotiq_85_msgs/local/lib/python3.10/dist-packages/robotiq_85_msgs/librobotiq_85_msgs__rosidl_generator_py.so
[8.102s] -- Up-to-date: /home/user/ros2_ws/install/robotiq_85_msgs/local/lib/python3.10/dist-packages/robotiq_85_msgs/_robotiq_85_msgs_s.ep.rosidl_typesupport_fastrtps_c.c
[8.102s] -- Up-to-date: /home/user/ros2_ws/install/robotiq_85_msgs/local/lib/python3.10/dist-packages/robotiq_85_msgs/_robotiq_85_msgs_s.ep.rosidl_typesupport_c.c
[8.103s] -- Up-to-date: /home/user/ros2_ws/install/robotiq_85_msgs/local/lib/python3.10/dist-packages/robotiq_85_msgs/robotiq_85_msgs_s__rosidl_typesupport_fastrtps_c.cpython-310-x86_64-linux-gnu.so
[8.103s] -- Up-to-date: /home/user/ros2_ws/install/robotiq_85_msgs/local/lib/python3.10/dist-packages/robotiq_85_msgs/robotiq_85_msgs_s__rosidl_typesupport_introspection_c.cpython-310-x86_64-linux-gnu.so
[8.207s] Listing '/home/user/ros2_ws/install/robotiq_85_msgs/local/lib/python3.10/dist-packages/robotiq_85_msgs'...
[8.207s] Listing '/home/user/ros2_ws/install/robotiq_85_msgs/local/lib/python3.10/dist-packages/robotiq_85_msgs/msg'...
[8.215s] -- Up-to-date: /home/user/ros2_ws/install/robotiq_85_msgs/local/lib/python3.10/dist-packages/robotiq_85_msgs/robotiq_85_msgs_s__rosidl_typesupport_fastrtps_c.cpython-310-x86_64-linux-gnu.so
[8.216s] -- Up-to-date: /home/user/ros2_ws/install/robotiq_85_msgs/local/lib/python3.10/dist-packages/robotiq_85_msgs/robotiq_85_msgs_s__rosidl_typesupport_introspection_c.cpython-310-x86_64-linux-gnu.so
[8.216s] -- Up-to-date: /home/user/ros2_ws/install/robotiq_85_msgs/local/lib/python3.10/dist-packages/robotiq_85_msgs/robotiq_85_msgs_s__rosidl_typesupport_c.cpython-310-x86_64-linux-gnu.so
[8.217s] -- Up-to-date: /home/user/ros2_ws/install/robotiq_85_msgs/lib/librobotiq_85_msgs__rosidl_generator_py.so
[8.217s] -- Up-to-date: /home/user/ros2_ws/install/robotiq_85_msgs/share/robotiq_85_msgs/msg/GripperCmd.idl
[8.217s] -- Up-to-date: /home/user/ros2_ws/install/robotiq_85_msgs/share/robotiq_85_msgs/msg/GripperStat.idl
[8.217s] -- Up-to-date: /home/user/ros2_ws/install/robotiq_85_msgs/share/robotiq_85_msgs/msg/GripperCmd.msg
[8.218s] -- Up-to-date: /home/user/ros2_ws/install/robotiq_85_msgs/share/robotiq_85_msgs/msg/GripperStat.msg
[8.218s] -- Up-to-date: /home/user/ros2_ws/install/robotiq_85_msgs/share/ament_index/resource_index/package_run_dependencies/robotiq_85_msgs
[8.218s] -- Up-to-date: /home/user/ros2_ws/install/robotiq_85_msgs/share/ament_index/resource_index/parent_prefix_path/robotiq_85_msgs
[8.218s] -- Up-to-date: /home/user/ros2_ws/install/robotiq_85_msgs/share/robotiq_85_msgs/environment/ament_prefix_path.sh
[8.218s] -- Up-to-date: /home/user/ros2_ws/install/robotiq_85_msgs/share/robotiq_85_msgs/environment/ament_prefix_path.dsv
[8.219s] -- Up-to-date: /home/user/ros2_ws/install/robotiq_85_msgs/share/robotiq_85_msgs/environment/path.sh
[8.219s] -- Up-to-date: /home/user/ros2_ws/install/robotiq_85_msgs/share/robotiq_85_msgs/environment/path.dsv
[8.219s] -- Up-to-date: /home/user/ros2_ws/install/robotiq_85_msgs/share/robotiq_85_msgs/local_setup.bash
[8.219s] -- Up-to-date: /home/user/ros2_ws/install/robotiq_85_msgs/share/robotiq_85_msgs/local_setup.sh
[8.219s] -- Up-to-date: /home/user/ros2_ws/install/robotiq_85_msgs/share/robotiq_85_msgs/local_setup.zsh
[8.220s] -- Up-to-date: /home/user/ros2_ws/install/robotiq_85_msgs/share/robotiq_85_msgs/local_setup.dsv
[8.220s] -- Installing: /home/user/ros2_ws/install/robotiq_85_msgs/share/robotiq_85_msgs/package.dsv
[8.221s] -- Up-to-date: /home/user/ros2_ws/install/robotiq_85_msgs/share/ament_index/resource_index/packages/robotiq_85_msgs
[8.222s] -- Up-to-date: /home/user/ros2_ws/install/robotiq_85_msgs/share/robotiq_85_msgs/cmake/export_robotiq_85_msgs__rosidl_generator_cExport.cmake
[8.222s] -- Up-to-date: /home/user/ros2_ws/install/robotiq_85_msgs/share/robotiq_85_msgs/cmake/export_robotiq_85_msgs__rosidl_generator_cExport-noconfig.cmake
[8.222s] -- Up-to-date: /home/user/ros2_ws/install/robotiq_85_msgs/share/robotiq_85_msgs/cmake/export_robotiq_85_msgs__rosidl_typesupport_fastrtps_cExport.cmake
[8.222s] -- Up-to-date: /home/user/ros2_ws/install/robotiq_85_msgs/share/robotiq_85_msgs/cmake/export_robotiq_85_msgs__rosidl_typesupport_fastrtps_cExport-noconfig.cmake
[8.223s] -- Up-to-date: /home/user/ros2_ws/install/robotiq_85_msgs/share/robotiq_85_msgs/cmake/export_robotiq_85_msgs__rosidl_generator_cppExport.cmake
[8.223s] -- Up-to-date: /home/user/ros2_ws/install/robotiq_85_msgs/share/robotiq_85_msgs/cmake/export_robotiq_85_msgs__rosidl_typesupport_fastrtps_cppExport.cmake
[8.223s] -- Up-to-date: /home/user/ros2_ws/install/robotiq_85_msgs/share/robotiq_85_msgs/cmake/export_robotiq_85_msgs__rosidl_typesupport_fastrtps_cppExport-noconfig.cmake
[8.223s] -- Up-to-date: /home/user/ros2_ws/install/robotiq_85_msgs/share/robotiq_85_msgs/cmake/robotiq_85_msgs__rosidl_typesupport_introspection_cExport.cmake
[8.223s] -- Up-to-date: /home/user/ros2_ws/install/robotiq_85_msgs/share/robotiq_85_msgs/cmake/robotiq_85_msgs__rosidl_typesupport_introspection_cExport-noconfig.cmake
[8.223s] -- Up-to-date: /home/user/ros2_ws/install/robotiq_85_msgs/share/robotiq_85_msgs/cmake/robotiq_85_msgs__rosidl_typesupport_cExport.cmake
[8.224s] -- Up-to-date: /home/user/ros2_ws/install/robotiq_85_msgs/share/robotiq_85_msgs/cmake/robotiq_85_msgs__rosidl_typesupport_cExport-noconfig.cmake
[8.224s] -- Up-to-date: /home/user/ros2_ws/install/robotiq_85_msgs/share/robotiq_85_msgs/cmake/robotiq_85_msgs__rosidl_typesupport_introspection_cppExport.cmake
[8.224s] -- Up-to-date: /home/user/ros2_ws/install/robotiq_85_msgs/share/robotiq_85_msgs/cmake/robotiq_85_msgs__rosidl_typesupport_introspection_cppExport-noconfig.cmake
[8.224s] -- Up-to-date: /home/user/ros2_ws/install/robotiq_85_msgs/share/robotiq_85_msgs/cmake/robotiq_85_msgs__rosidl_typesupport_cppExport.cmake
[8.224s] -- Up-to-date: /home/user/ros2_ws/install/robotiq_85_msgs/share/robotiq_85_msgs/cmake/robotiq_85_msgs__rosidl_typesupport_cppExport-noconfig.cmake
[8.225s] -- Up-to-date: /home/user/ros2_ws/install/robotiq_85_msgs/share/robotiq_85_msgs/cmake/export_robotiq_85_msgs__rosidl_generator_pyExport.cmake
[8.225s] -- Up-to-date: /home/user/ros2_ws/install/robotiq_85_msgs/share/robotiq_85_msgs/cmake/export_robotiq_85_msgs__rosidl_generator_pyExport-noconfig.cmake
[8.225s] -- Up-to-date: /home/user/ros2_ws/install/robotiq_85_msgs/share/robotiq_85_msgs/cmake/rosidl_cmake-extras.cmake
[8.225s] -- Up-to-date: /home/user/ros2_ws/install/robotiq_85_msgs/share/robotiq_85_msgs/cmake/ament_cmake_export_dependencies-extras.cmake
[8.225s] -- Up-to-date: /home/user/ros2_ws/install/robotiq_85_msgs/share/robotiq_85_msgs/cmake/ament_cmake_export_include_directories-extras.cmake
[8.225s] -- Up-to-date: /home/user/ros2_ws/install/robotiq_85_msgs/share/robotiq_85_msgs/cmake/ament_cmake_export_libraries-extras.cmake
[8.225s] -- Up-to-date: /home/user/ros2_ws/install/robotiq_85_msgs/share/robotiq_85_msgs/cmake/ament_cmake_export_targets-extras.cmake
[8.226s] -- Up-to-date: /home/user/ros2_ws/install/robotiq_85_msgs/share/robotiq_85_msgs/cmake/rosidl_cmake_export_typesupport_targets-extras.cmake
[8.238s] -- Up-to-date: /home/user/ros2_ws/install/robotiq_85_msgs/share/robotiq_85_msgs/cmake/rosidl_cmake_export_typesupport_libraries-extras.cmake
[8.238s] -- Up-to-date: /home/user/ros2_ws/install/robotiq_85_msgs/share/robotiq_85_msgs/cmake/robotiq_85_msgsConfig.cmake
[8.238s] -- Up-to-date: /home/user/ros2_ws/install/robotiq_85_msgs/share/robotiq_85_msgs/cmake/robotiq_85_msgsConfig-version.cmake
[8.239s] -- Up-to-date: /home/user/ros2_ws/install/robotiq_85_msgs/share/robotiq_85_msgs/package.xml
[8.239s] Invoked command in '/home/user/ros2_ws/build/robotiq_85_msgs' returned '0': CMAKE_PREFIX_PATH=/home/simulations/ros2_sims_ws/install/common_interfaces:/home/simulations/ros2_sims_ws/install/visualization_msgs:/home/simulations/ros2_sims_ws/install/test_msgs:/home/simulations/ros2_sims_ws/install/example_interfaces:/home/simulations/ros2_sims_ws/install/action_msgs:/home/simulations/ros2_sims_ws/install/unique_identifier_msgs:/home/simulations/ros2_sims_ws/install/trajectory_msgs:/home/simulations/ros2_sims_ws/install/test_interface_files:/home/simulations/ros2_sims_ws/install/stereo_msgs:/home/simulations/ros2_sims_ws/install/std_srvs:/home/simulations/ros2_sims_ws/install/shape_msgs:/home/simulations/ros2_sims_ws/install/sensor_msgs:/home/simulations/ros2_sims_ws/install/nav_msgs:/home/simulations/ros2_sims_ws/install/diagnostic_msgs:/home/simulations/ros2_sims_ws/install/geometry_msgs:/home/simulations/ros2_sims_ws/install/actionlib_msgs:/home/simulations/ros2_sims_ws/install/std_msgs:/home/simulations/ros2_sims_ws/install/statistics_msgs:/home/simulations/ros2_sims_ws/install/rosgraph_msgs:/home/simulations/ros2_sims_ws/install/rclrs_example_msgs:/home/simulations/ros2_sims_ws/install/composition_interfaces:/home/simulations/ros2_sims_ws/install/rcl_interfaces:/home/simulations/ros2_sims_ws/install/lifecycle_msgs:/home/simulations/ros2_sims_ws/install/builtin_interfaces:/home/simulations/ros2_sims_ws/install/rosidl_default_runtime:/home/simulations/ros2_sims_ws/install/rosidl_default_generators:/home/simulations/ros2_sims_ws/install/rosidl_generator_rs:/home/user/ros2_ws/install/ur_simulation_gazebo:/home/user/ros2_ws/install/ur3e_moveit_config:/home/user/ros2_ws/install/test_moveit_config:/home/user/ros2_ws/install/test2_moveit_config:/home/user/ros2_ws/install/my_moveit_config:/home/user/ros2_ws/install/my_moveit2_config:/home/user/ros2_ws/install/ur_description:/home/user/ros2_ws/install/the_construct_office_gazebo:/home/user/ros2_ws/install/simple_grasping:/home/user/ros2_ws/install/ros_testing:/home/user/ros2_ws/install/robotnik_sensors_gazebo:/home/user/ros2_ws/install/robotnik_sensors:/home/user/ros2_ws/install/robotiq_85_gripper:/home/user/ros2_ws/install/robotiq_85_msgs:/home/user/ros2_ws/install/robotiq_85_description:/home/user/ros2_ws/install/rg2_gripper_description:/home/user/ros2_ws/install/pilz_industrial_motion_planner_testutils:/home/user/ros2_ws/install/moveit_runtime:/home/user/ros2_ws/install/moveit:/home/user/ros2_ws/install/moveit_planners:/home/user/ros2_ws/install/pilz_industrial_motion_planner:/home/user/ros2_ws/install/moveit_ros_control_interface:/home/user/ros2_ws/install/moveit_plugins:/home/user/ros2_ws/install/moveit_simple_controller_manager:/home/user/ros2_ws/install/moveit_setup_assistant:/home/user/ros2_ws/install/moveit_setup_srdf_plugins:/home/user/ros2_ws/install/moveit_setup_core_plugins:/home/user/ros2_ws/install/moveit_setup_controllers:/home/user/ros2_ws/install/moveit_setup_app_plugins:/home/user/ros2_ws/install/moveit_setup_framework:/home/user/ros2_ws/install/moveit_servo:/home/user/ros2_ws/install/moveit_ros:/home/user/ros2_ws/install/moveit_ros_visualization:/home/user/ros2_ws/install/moveit_hybrid_planning:/home/user/ros2_ws/install/moveit2_scripts:/home/user/ros2_ws/install/moveit_ros_planning_interface:/home/user/ros2_ws/install/moveit_ros_benchmarks:/home/user/ros2_ws/install/moveit_ros_warehouse:/home/user/ros2_ws/install/moveit_ros_robot_interaction:/home/user/ros2_ws/install/moveit_ros_perception:/home/user/ros2_ws/install/moveit_resources_prbt_pg70_support:/home/user/ros2_ws/install/moveit_resources_prbt_moveit_config:/home/user/ros2_ws/install/moveit_ros_move_group:/home/user/ros2_ws/install/moveit_planners_ompl:/home/user/ros2_ws/install/moveit_ros_planning:/home/user/ros2_ws/install/moveit_ros_occupancy_map_monitor:/home/user/ros2_ws/install/moveit_resources_prbt_support:/home/user/ros2_ws/install/moveit_resources_prbt_ikfast_manipulator_plugin:/home/user/ros2_ws/install/moveit_planners_chomp:/home/user/ros2_ws/install/moveit_kinematics:/home/user/ros2_ws/install/moveit_chomp_optimizer_adapter:/home/user/ros2_ws/install/chomp_motion_planner:/home/user/ros2_ws/install/moveit_core:/home/user/ros2_ws/install/moveit_common:/home/user/ros2_ws/install/gazebo_grasp_plugin_ros:/home/simulations/ros2_sims_ws/install/rclrs_tests:/home/simulations/ros2_sims_ws/install/examples_rclrs_minimal_client_service:/home/simulations/ros2_sims_ws/install/sensor_msgs_py:/home/simulations/ros2_sims_ws/install/examples_rclrs_minimal_pub_sub:/home/simulations/ros2_sims_ws/install/examples_rclrs_message_demo:/home/simulations/ros2_sims_ws/install/rclrs:/home/simulations/ros2_sims_ws/install/rosidl_runtime_rs:/home/user/ros2_ws/install/ros2test:/home/user/ros2_ws/install/robotiq_85_driver:/home/user/ros2_ws/install/moveit_configs_utils:/opt/ros/humble:/home/user/ros2_ws/install/gazebo_grasp_plugin:/home/user/ros2_ws/install/gazebo_version_helpers:/home/user/ros2_ws/install/gazebo_ros2_control_demos:/home/user/ros2_ws/install/gazebo_ros2_control _=/usr/bin/env /usr/bin/cmake --install /home/user/ros2_ws/build/robotiq_85_msgs
