[0.117s] Invoking command in '/home/steven/ws_moveit2/build/rosparam_shortcuts': CMAKE_PREFIX_PATH=/opt/ros/humble /usr/bin/cmake /home/steven/ws_moveit2/src/rosparam_shortcuts -DCMAKE_BUILD_TYPE=Release -DCMAKE_INSTALL_PREFIX=/home/steven/ws_moveit2/install/rosparam_shortcuts
[0.158s] -- The C compiler identification is GNU 11.4.0
[0.183s] -- The CXX compiler identification is GNU 11.4.0
[0.187s] -- Detecting C compiler ABI info
[0.220s] -- Detecting C compiler ABI info - done
[0.225s] -- Check for working C compiler: /usr/bin/cc - skipped
[0.226s] -- Detecting C compile features
[0.226s] -- Detecting C compile features - done
[0.227s] -- Detecting CXX compiler ABI info
[0.263s] -- Detecting CXX compiler ABI info - done
[0.269s] -- Check for working CXX compiler: /usr/bin/c++ - skipped
[0.269s] -- Detecting CXX compile features
[0.269s] -- Detecting CXX compile features - done
[0.271s] -- Found ament_cmake: 1.3.9 (/opt/ros/humble/share/ament_cmake/cmake)
[0.340s] -- Found Python3: /usr/bin/python3 (found version "3.10.12") found components: Interpreter 
[0.383s] -- Found eigen3_cmake_module: 0.1.1 (/opt/ros/humble/share/eigen3_cmake_module/cmake)
[0.388s] -- Found Eigen3: TRUE (found version "3.4.0") 
[0.389s] -- Found geometry_msgs: 4.2.3 (/opt/ros/humble/share/geometry_msgs/cmake)
[0.409s] -- Found rosidl_generator_c: 3.1.5 (/opt/ros/humble/share/rosidl_generator_c/cmake)
[0.412s] -- Found rosidl_adapter: 3.1.5 (/opt/ros/humble/share/rosidl_adapter/cmake)
[0.416s] -- Found rosidl_generator_cpp: 3.1.5 (/opt/ros/humble/share/rosidl_generator_cpp/cmake)
[0.427s] -- Using all available rosidl_typesupport_c: rosidl_typesupport_fastrtps_c;rosidl_typesupport_introspection_c
[0.442s] -- Using all available rosidl_typesupport_cpp: rosidl_typesupport_fastrtps_cpp;rosidl_typesupport_introspection_cpp
[0.506s] -- Found rclcpp: 16.0.9 (/opt/ros/humble/share/rclcpp/cmake)
[0.537s] -- Found rmw_implementation_cmake: 6.1.2 (/opt/ros/humble/share/rmw_implementation_cmake/cmake)
[0.540s] -- Found rmw_fastrtps_cpp: 6.2.6 (/opt/ros/humble/share/rmw_fastrtps_cpp/cmake)
[0.590s] -- Found OpenSSL: /usr/lib/x86_64-linux-gnu/libcrypto.so (found version "3.0.2")  
[0.603s] -- Found FastRTPS: /opt/ros/humble/include  
[0.625s] -- Using RMW implementation 'rmw_fastrtps_cpp' as default
[0.630s] -- Looking for pthread.h
[0.661s] -- Looking for pthread.h - found
[0.661s] -- Performing Test CMAKE_HAVE_LIBC_PTHREAD
[0.699s] -- Performing Test CMAKE_HAVE_LIBC_PTHREAD - Success
[0.700s] -- Found Threads: TRUE  
[0.801s] -- Found tf2_eigen: 0.25.6 (/opt/ros/humble/share/tf2_eigen/cmake)
[0.984s] -- Found ament_lint_auto: 0.12.11 (/opt/ros/humble/share/ament_lint_auto/cmake)
[0.985s] -- Found ament_cmake_gtest: 1.3.9 (/opt/ros/humble/share/ament_cmake_gtest/cmake)
[0.986s] -- Found ros_testing: 0.4.0 (/opt/ros/humble/share/ros_testing/cmake)
[0.986s] -- Found launch_testing_ament_cmake: 1.0.6 (/opt/ros/humble/share/launch_testing_ament_cmake/cmake)
[0.987s] -- Found python_cmake_module: 0.10.0 (/opt/ros/humble/share/python_cmake_module/cmake)
[0.998s] -- Found PythonInterp: /usr/bin/python3 (found suitable version "3.10.12", minimum required is "3.6") 
[1.000s] -- Found PythonLibs: /usr/lib/x86_64-linux-gnu/libpython3.10.so (found suitable version "3.10.12", minimum required is "3.5") 
[1.000s] -- Using PYTHON_EXECUTABLE: /usr/bin/python3
[1.000s] -- Using PYTHON_INCLUDE_DIRS: /usr/include/python3.10
[1.000s] -- Using PYTHON_LIBRARIES: /usr/lib/x86_64-linux-gnu/libpython3.10.so
[1.010s] -- Found PythonExtra: .so  
[1.043s] -- Found gtest sources under '/opt/ros/humble/src/gtest_vendor': C++ tests using 'Google Test' will be built
[1.046s] -- Added test 'copyright' to check source files copyright and LICENSE
[1.047s] -- Added test 'lint_cmake' to check CMake code style
[1.048s] -- Added test 'pep257' to check Python code against some of the docstring style conventions in PEP 257
[1.048s] -- Added test 'xmllint' to check XML markup files
[1.049s] -- Configuring done
[1.062s] -- Generating done
[1.063s] -- Build files have been written to: /home/steven/ws_moveit2/build/rosparam_shortcuts
[1.070s] Invoked command in '/home/steven/ws_moveit2/build/rosparam_shortcuts' returned '0': CMAKE_PREFIX_PATH=/opt/ros/humble /usr/bin/cmake /home/steven/ws_moveit2/src/rosparam_shortcuts -DCMAKE_BUILD_TYPE=Release -DCMAKE_INSTALL_PREFIX=/home/steven/ws_moveit2/install/rosparam_shortcuts
[1.071s] Invoking command in '/home/steven/ws_moveit2/build/rosparam_shortcuts': CMAKE_PREFIX_PATH=/opt/ros/humble /usr/bin/cmake --build /home/steven/ws_moveit2/build/rosparam_shortcuts -- -j32 -l32
[1.094s] [ 15%] [32mBuilding CXX object CMakeFiles/rosparam_shortcuts.dir/src/node_parameters.cpp.o[0m
[1.094s] [ 15%] [32mBuilding CXX object gtest/CMakeFiles/gtest_main.dir/src/gtest_main.cc.o[0m
[1.095s] [ 23%] [32mBuilding CXX object CMakeFiles/rosparam_shortcuts.dir/src/rosparam_shortcuts.cpp.o[0m
[1.098s] [ 30%] [32mBuilding CXX object gtest/CMakeFiles/gtest.dir/src/gtest-all.cc.o[0m
[1.455s] [ 38%] [32m[1mLinking CXX static library libgtest_main.a[0m
[1.471s] [ 38%] Built target gtest_main
[4.706s] [ 46%] [32m[1mLinking CXX shared library librosparam_shortcuts.so[0m
[4.748s] [ 53%] [32m[1mLinking CXX static library libgtest.a[0m
[4.759s] [ 53%] Built target rosparam_shortcuts
[4.765s] [ 53%] Built target gtest
[4.769s] [ 69%] [32mBuilding CXX object CMakeFiles/rosparam_shortcuts_example.dir/src/example.cpp.o[0m
[4.769s] [ 69%] [32mBuilding CXX object CMakeFiles/rosparam_shortcuts_node_parameters_example.dir/src/node_parameters_example.cpp.o[0m
[4.774s] [ 76%] [32mBuilding CXX object CMakeFiles/test_node_parameters.dir/test/test_node_parameters.cpp.o[0m
[6.464s] [ 84%] [32m[1mLinking CXX executable example[0m
[6.511s] [ 92%] [32m[1mLinking CXX executable node_parameters_example[0m
[6.517s] [ 92%] Built target rosparam_shortcuts_example
[6.563s] [ 92%] Built target rosparam_shortcuts_node_parameters_example
[7.092s] [100%] [32m[1mLinking CXX executable test_node_parameters[0m
[7.159s] [100%] Built target test_node_parameters
[7.167s] Invoked command in '/home/steven/ws_moveit2/build/rosparam_shortcuts' returned '0': CMAKE_PREFIX_PATH=/opt/ros/humble /usr/bin/cmake --build /home/steven/ws_moveit2/build/rosparam_shortcuts -- -j32 -l32
[7.183s] Invoking command in '/home/steven/ws_moveit2/build/rosparam_shortcuts': CMAKE_PREFIX_PATH=/opt/ros/humble /usr/bin/cmake --install /home/steven/ws_moveit2/build/rosparam_shortcuts
[7.186s] -- Install configuration: "Release"
[7.186s] -- Installing: /home/steven/ws_moveit2/install/rosparam_shortcuts/lib/librosparam_shortcuts.so
[7.187s] -- Set runtime path of "/home/steven/ws_moveit2/install/rosparam_shortcuts/lib/librosparam_shortcuts.so" to ""
[7.187s] -- Installing: /home/steven/ws_moveit2/install/rosparam_shortcuts/lib/rosparam_shortcuts/example
[7.187s] -- Set runtime path of "/home/steven/ws_moveit2/install/rosparam_shortcuts/lib/rosparam_shortcuts/example" to ""
[7.187s] -- Installing: /home/steven/ws_moveit2/install/rosparam_shortcuts/lib/rosparam_shortcuts/node_parameters_example
[7.187s] -- Set runtime path of "/home/steven/ws_moveit2/install/rosparam_shortcuts/lib/rosparam_shortcuts/node_parameters_example" to ""
[7.187s] -- Installing: /home/steven/ws_moveit2/install/rosparam_shortcuts/include
[7.187s] -- Installing: /home/steven/ws_moveit2/install/rosparam_shortcuts/include/rosparam_shortcuts
[7.187s] -- Installing: /home/steven/ws_moveit2/install/rosparam_shortcuts/include/rosparam_shortcuts/rosparam_shortcuts.h
[7.187s] -- Installing: /home/steven/ws_moveit2/install/rosparam_shortcuts/include/rosparam_shortcuts/node_parameters.h
[7.187s] -- Installing: /home/steven/ws_moveit2/install/rosparam_shortcuts/share/rosparam_shortcuts/launch
[7.187s] -- Installing: /home/steven/ws_moveit2/install/rosparam_shortcuts/share/rosparam_shortcuts/launch/example.launch.py
[7.187s] -- Installing: /home/steven/ws_moveit2/install/rosparam_shortcuts/share/rosparam_shortcuts/config
[7.187s] -- Installing: /home/steven/ws_moveit2/install/rosparam_shortcuts/share/rosparam_shortcuts/config/example.yaml
[7.187s] -- Installing: /home/steven/ws_moveit2/install/rosparam_shortcuts/share/rosparam_shortcuts/environment/library_path.sh
[7.188s] -- Installing: /home/steven/ws_moveit2/install/rosparam_shortcuts/share/rosparam_shortcuts/environment/library_path.dsv
[7.188s] -- Installing: /home/steven/ws_moveit2/install/rosparam_shortcuts/share/ament_index/resource_index/package_run_dependencies/rosparam_shortcuts
[7.188s] -- Installing: /home/steven/ws_moveit2/install/rosparam_shortcuts/share/ament_index/resource_index/parent_prefix_path/rosparam_shortcuts
[7.188s] -- Installing: /home/steven/ws_moveit2/install/rosparam_shortcuts/share/rosparam_shortcuts/environment/ament_prefix_path.sh
[7.188s] -- Installing: /home/steven/ws_moveit2/install/rosparam_shortcuts/share/rosparam_shortcuts/environment/ament_prefix_path.dsv
[7.188s] -- Installing: /home/steven/ws_moveit2/install/rosparam_shortcuts/share/rosparam_shortcuts/environment/path.sh
[7.188s] -- Installing: /home/steven/ws_moveit2/install/rosparam_shortcuts/share/rosparam_shortcuts/environment/path.dsv
[7.188s] -- Installing: /home/steven/ws_moveit2/install/rosparam_shortcuts/share/rosparam_shortcuts/local_setup.bash
[7.188s] -- Installing: /home/steven/ws_moveit2/install/rosparam_shortcuts/share/rosparam_shortcuts/local_setup.sh
[7.188s] -- Installing: /home/steven/ws_moveit2/install/rosparam_shortcuts/share/rosparam_shortcuts/local_setup.zsh
[7.188s] -- Installing: /home/steven/ws_moveit2/install/rosparam_shortcuts/share/rosparam_shortcuts/local_setup.dsv
[7.188s] -- Installing: /home/steven/ws_moveit2/install/rosparam_shortcuts/share/rosparam_shortcuts/package.dsv
[7.188s] -- Installing: /home/steven/ws_moveit2/install/rosparam_shortcuts/share/ament_index/resource_index/packages/rosparam_shortcuts
[7.188s] -- Installing: /home/steven/ws_moveit2/install/rosparam_shortcuts/share/rosparam_shortcuts/cmake/export_rosparam_shortcutsExport.cmake
[7.188s] -- Installing: /home/steven/ws_moveit2/install/rosparam_shortcuts/share/rosparam_shortcuts/cmake/export_rosparam_shortcutsExport-release.cmake
[7.188s] -- Installing: /home/steven/ws_moveit2/install/rosparam_shortcuts/share/rosparam_shortcuts/cmake/ament_cmake_export_targets-extras.cmake
[7.188s] -- Installing: /home/steven/ws_moveit2/install/rosparam_shortcuts/share/rosparam_shortcuts/cmake/ament_cmake_export_dependencies-extras.cmake
[7.188s] -- Installing: /home/steven/ws_moveit2/install/rosparam_shortcuts/share/rosparam_shortcuts/cmake/rosparam_shortcutsConfig.cmake
[7.188s] -- Installing: /home/steven/ws_moveit2/install/rosparam_shortcuts/share/rosparam_shortcuts/cmake/rosparam_shortcutsConfig-version.cmake
[7.189s] -- Installing: /home/steven/ws_moveit2/install/rosparam_shortcuts/share/rosparam_shortcuts/package.xml
[7.192s] Invoked command in '/home/steven/ws_moveit2/build/rosparam_shortcuts' returned '0': CMAKE_PREFIX_PATH=/opt/ros/humble /usr/bin/cmake --install /home/steven/ws_moveit2/build/rosparam_shortcuts
